In RUN script:  -agr ising_predetermined -agr heisenberg_xyz_predetermined -agr hopping_predetermined1:48:51 [GLOBAL VARIABLES] use_experimental_data : False
1:48:51 [GLOBAL VARIABLES] growth_generation_rule : NV_alternative_model
1:48:51 [GLOBAL VARIABLES] log_file : /panfs/panasas01/phys/bf16951/QMD/ParallelDevelopment/Results/Oct_01/12_46/logs/NV-exp-method-sim__random--probe__QMLA_82.qmd.8794795.log
1:48:51 [GLOBAL VARIABLES] growth_class : <NVCentreAlternativeTrueModel.nv_centre_spin_experimental_method_alternative_true_model object at 0x2aaae0572e48>
1:48:51 [GLOBAL VARIABLES] measurement_type : n_qubit_hahn_evolution
1:48:51 [GLOBAL VARIABLES] dataset : NVB_rescale_dataset.p
1:48:51 [GLOBAL VARIABLES] alternative_growth_rules : []
1:48:51 [GLOBAL VARIABLES] multiQHL : False
1:48:51 [GLOBAL VARIABLES] models_for_qhl : []
1:48:51 [GLOBAL VARIABLES] prior_pickle_file : /panfs/panasas01/phys/bf16951/QMD/ParallelDevelopment/Results/Oct_01/12_46/prior.p
1:48:51 [GLOBAL VARIABLES] true_params_pickle_file : /panfs/panasas01/phys/bf16951/QMD/ParallelDevelopment/Results/Oct_01/12_46/true_params.p
1:48:51 [GLOBAL VARIABLES] true_operator : xTiPPyTiPPzTiPPzTz
1:48:51 [GLOBAL VARIABLES] true_op_name : xTiPPyTiPPzTiPPzTz
1:48:51 [GLOBAL VARIABLES] true_operator_class : <DataBase.operator object at 0x2aaae0572ac8>
1:48:51 [GLOBAL VARIABLES] true_op_list : [array([[ 0.+0.j,  0.+0.j,  1.+0.j,  0.+0.j],
       [ 0.+0.j,  0.+0.j,  0.+0.j,  1.+0.j],
       [ 1.+0.j,  0.+0.j,  0.+0.j,  0.+0.j],
       [ 0.+0.j,  1.+0.j,  0.+0.j,  0.+0.j]]), array([[ 0.+0.j,  0.+0.j,  0.-1.j,  0.+0.j],
       [ 0.+0.j,  0.+0.j,  0.+0.j,  0.-1.j],
       [ 0.+1.j,  0.+0.j,  0.+0.j,  0.+0.j],
       [ 0.+0.j,  0.+1.j,  0.+0.j,  0.+0.j]]), array([[ 1.+0.j,  0.+0.j,  0.+0.j,  0.+0.j],
       [ 0.+0.j,  1.+0.j,  0.+0.j,  0.+0.j],
       [ 0.+0.j,  0.+0.j, -1.+0.j, -0.+0.j],
       [ 0.+0.j,  0.+0.j, -0.+0.j, -1.+0.j]]), array([[ 1.+0.j,  0.+0.j,  0.+0.j,  0.+0.j],
       [ 0.+0.j, -1.+0.j,  0.+0.j, -0.+0.j],
       [ 0.+0.j,  0.+0.j, -1.+0.j, -0.+0.j],
       [ 0.+0.j, -0.+0.j, -0.+0.j,  1.-0.j]])]
1:48:51 [GLOBAL VARIABLES] true_params : [0.92450565, 6.00664336, 1.65998543, 0.76546868]
1:48:51 [GLOBAL VARIABLES] true_params_dict : {'xTi': 0.92450565, 'yTi': 6.00664336, 'zTi': 1.65998543, 'zTz': 0.76546868}
1:48:51 [GLOBAL VARIABLES] true_params_list : [0.92450565, 6.00664336, 1.65998543, 0.76546868]
1:48:51 [GLOBAL VARIABLES] true_hamiltonian : [[ 2.42545411+0.j          0.00000000+0.j          0.92450565-6.00664336j
   0.00000000+0.j        ]
 [ 0.00000000+0.j          0.89451675+0.j          0.00000000+0.j
   0.92450565-6.00664336j]
 [ 0.92450565+6.00664336j  0.00000000+0.j         -2.42545411+0.j
   0.00000000+0.j        ]
 [ 0.00000000+0.j          0.92450565+6.00664336j  0.00000000+0.j
  -0.89451675+0.j        ]]
1:48:51 [GLOBAL VARIABLES] qhl_test : False
1:48:51 [GLOBAL VARIABLES] further_qhl : False
1:48:51 [GLOBAL VARIABLES] do_iqle : False
1:48:51 [GLOBAL VARIABLES] do_qle : True
1:48:51 [GLOBAL VARIABLES] use_rq : True
1:48:51 [GLOBAL VARIABLES] num_runs : 1
1:48:51 [GLOBAL VARIABLES] num_tests : 1
1:48:51 [GLOBAL VARIABLES] num_qubits : 2
1:48:51 [GLOBAL VARIABLES] num_parameters : 2
1:48:51 [GLOBAL VARIABLES] num_experiments : 750
1:48:51 [GLOBAL VARIABLES] num_particles : 2500
1:48:51 [GLOBAL VARIABLES] num_times_bayes : 750
1:48:51 [GLOBAL VARIABLES] bayes_lower : 1
1:48:51 [GLOBAL VARIABLES] bayes_upper : 100
1:48:51 [GLOBAL VARIABLES] save_plots : False
1:48:51 [GLOBAL VARIABLES] store_particles_weights : False
1:48:51 [GLOBAL VARIABLES] gaussian : True
1:48:51 [GLOBAL VARIABLES] custom_prior : True
1:48:51 [GLOBAL VARIABLES] resample_threshold : 0.5
1:48:51 [GLOBAL VARIABLES] resample_a : 0.98
1:48:51 [GLOBAL VARIABLES] pgh_factor : 1.0
1:48:51 [GLOBAL VARIABLES] pgh_exponent : 1.0
1:48:51 [GLOBAL VARIABLES] increase_pgh_time : False
1:48:51 [GLOBAL VARIABLES] pickle_qmd_class : False
1:48:51 [GLOBAL VARIABLES] qmd_id : 82
1:48:51 [GLOBAL VARIABLES] host_name : node35-009
1:48:51 [GLOBAL VARIABLES] port_number : 6382
1:48:51 [GLOBAL VARIABLES] results_directory : /panfs/panasas01/phys/bf16951/QMD/ParallelDevelopment/Results/Oct_01/12_46/
1:48:51 [GLOBAL VARIABLES] rq_timeout : 200000
1:48:51 [GLOBAL VARIABLES] cumulative_csv : /panfs/panasas01/phys/bf16951/QMD/ParallelDevelopment/Results/Oct_01/12_46/cumulative.csv
1:48:51 [GLOBAL VARIABLES] data_time_offset : 180
1:48:51 [GLOBAL VARIABLES] data_max_time : 5
1:48:51 [GLOBAL VARIABLES] true_expec_path : /panfs/panasas01/phys/bf16951/QMD/ParallelDevelopment/Results/Oct_01/12_46/true_expec_vals.p
1:48:51 [GLOBAL VARIABLES] plot_probe_file : /panfs/panasas01/phys/bf16951/QMD/ParallelDevelopment/Results/Oct_01/12_46/plot_probes.p
1:48:51 [GLOBAL VARIABLES] special_probe : random
1:48:51 [GLOBAL VARIABLES] latex_mapping_file : /panfs/panasas01/phys/bf16951/QMD/ParallelDevelopment/Results/Oct_01/12_46/LatexMapping.txt
1:48:51 [GLOBAL VARIABLES] reallocate_resources : False
1:48:51 [GLOBAL VARIABLES] param_min : 0.0
1:48:51 [GLOBAL VARIABLES] param_max : 10.0
1:48:51 [GLOBAL VARIABLES] param_mean : 0.5
1:48:51 [GLOBAL VARIABLES] param_sigma : 2.0
1:48:51 [GLOBAL VARIABLES] bayes_time_binning : True
1:48:51 [GLOBAL VARIABLES] bayes_factors_use_all_exp_times : False
1:48:51 [GLOBAL VARIABLES] num_probes : 40
1:48:51 [GLOBAL VARIABLES] probe_noise_level : 0.001
1:48:51 [GLOBAL VARIABLES] updater_from_prior : False
1:48:51 [GLOBAL VARIABLES] plots_directory : /panfs/panasas01/phys/bf16951/QMD/ParallelDevelopment/Results/Oct_01/12_46/plots/
1:48:51 [GLOBAL VARIABLES] long_id : 082
1:48:51 [GLOBAL VARIABLES] results_file : /panfs/panasas01/phys/bf16951/QMD/ParallelDevelopment/Results/Oct_01/12_46/results_082.p
1:48:51 [GLOBAL VARIABLES] class_pickle_file : /panfs/panasas01/phys/bf16951/QMD/ParallelDevelopment/Results/Oct_01/12_46/qmd_class_082.p
1:48:51 [EXP] 
 QMD id 82  on host  node35-009 and port 6382 has seed 1 
 2500  particles for 750 experiments and  750 bayes updates
 Gaussian= True 
 RQ= True RQ log: /panfs/panasas01/phys/bf16951/QMD/ParallelDevelopment/Results/Oct_01/12_46/logs/NV-exp-method-sim__random--probe__QMLA_82.qmd.8794795.log 
 Bayes CSV: /panfs/panasas01/phys/bf16951/QMD/ParallelDevelopment/Results/Oct_01/12_46/cumulative.csv
1:48:51 [EXP] Generators: ['NV_alternative_model']
1:48:51 [QMD 82] Probe dict provided to QMD.
1:48:51 [QMD 82] Getting expectation values for simulated model (len 301) 
 Times computed:
 [0.0, 0.02, 0.029999999999999999, 0.050000000000000003, 0.070000000000000007, 0.080000000000000002, 0.10000000000000001, 0.12, 0.13, 0.14999999999999999, 0.17000000000000001, 0.17999999999999999, 0.20000000000000001, 0.22, 0.23000000000000001, 0.25, 0.27000000000000002, 0.28000000000000003, 0.29999999999999999, 0.32000000000000001, 0.33000000000000002, 0.34999999999999998, 0.37, 0.38, 0.40000000000000002, 0.41999999999999998, 0.42999999999999999, 0.45000000000000001, 0.46999999999999997, 0.47999999999999998, 0.5, 0.52000000000000002, 0.53000000000000003, 0.55000000000000004, 0.56999999999999995, 0.57999999999999996, 0.59999999999999998, 0.62, 0.63, 0.65000000000000002, 0.67000000000000004, 0.68000000000000005, 0.69999999999999996, 0.71999999999999997, 0.72999999999999998, 0.75, 0.77000000000000002, 0.78000000000000003, 0.80000000000000004, 0.81999999999999995, 0.82999999999999996, 0.84999999999999998, 0.87, 0.88, 0.90000000000000002, 0.92000000000000004, 0.93000000000000005, 0.94999999999999996, 0.96999999999999997, 0.97999999999999998, 1.0, 1.02, 1.03, 1.05, 1.0700000000000001, 1.0800000000000001, 1.1000000000000001, 1.1200000000000001, 1.1299999999999999, 1.1499999999999999, 1.1699999999999999, 1.1799999999999999, 1.2, 1.22, 1.23, 1.25, 1.27, 1.28, 1.3, 1.3200000000000001, 1.3300000000000001, 1.3500000000000001, 1.3700000000000001, 1.3799999999999999, 1.3999999999999999, 1.4199999999999999, 1.4299999999999999, 1.45, 1.47, 1.48, 1.5, 1.52, 1.53, 1.55, 1.5700000000000001, 1.5800000000000001, 1.6000000000000001, 1.6200000000000001, 1.6299999999999999, 1.6499999999999999, 1.6699999999999999, 1.6799999999999999, 1.7, 1.72, 1.73, 1.75, 1.77, 1.78, 1.8, 1.8200000000000001, 1.8300000000000001, 1.8500000000000001, 1.8700000000000001, 1.8799999999999999, 1.8999999999999999, 1.9199999999999999, 1.9299999999999999, 1.95, 1.97, 1.98, 2.0, 2.02, 2.0299999999999998, 2.0499999999999998, 2.0699999999999998, 2.0800000000000001, 2.1000000000000001, 2.1200000000000001, 2.1299999999999999, 2.1499999999999999, 2.1699999999999999, 2.1800000000000002, 2.2000000000000002, 2.2200000000000002, 2.23, 2.25, 2.27, 2.2799999999999998, 2.2999999999999998, 2.3199999999999998, 2.3300000000000001, 2.3500000000000001, 2.3700000000000001, 2.3799999999999999, 2.3999999999999999, 2.4199999999999999, 2.4300000000000002, 2.4500000000000002, 2.4700000000000002, 2.48, 2.5, 2.52, 2.5299999999999998, 2.5499999999999998, 2.5699999999999998, 2.5800000000000001, 2.6000000000000001, 2.6200000000000001, 2.6299999999999999, 2.6499999999999999, 2.6699999999999999, 2.6800000000000002, 2.7000000000000002, 2.7200000000000002, 2.73, 2.75, 2.77, 2.7799999999999998, 2.7999999999999998, 2.8199999999999998, 2.8300000000000001, 2.8500000000000001, 2.8700000000000001, 2.8799999999999999, 2.8999999999999999, 2.9199999999999999, 2.9300000000000002, 2.9500000000000002, 2.9700000000000002, 2.98, 3.0, 3.02, 3.0299999999999998, 3.0499999999999998, 3.0699999999999998, 3.0800000000000001, 3.1000000000000001, 3.1200000000000001, 3.1299999999999999, 3.1499999999999999, 3.1699999999999999, 3.1800000000000002, 3.2000000000000002, 3.2200000000000002, 3.23, 3.25, 3.27, 3.2799999999999998, 3.2999999999999998, 3.3199999999999998, 3.3300000000000001, 3.3500000000000001, 3.3700000000000001, 3.3799999999999999, 3.3999999999999999, 3.4199999999999999, 3.4300000000000002, 3.4500000000000002, 3.4700000000000002, 3.48, 3.5, 3.52, 3.5299999999999998, 3.5499999999999998, 3.5699999999999998, 3.5800000000000001, 3.6000000000000001, 3.6200000000000001, 3.6299999999999999, 3.6499999999999999, 3.6699999999999999, 3.6800000000000002, 3.7000000000000002, 3.7200000000000002, 3.73, 3.75, 3.77, 3.7799999999999998, 3.7999999999999998, 3.8199999999999998, 3.8300000000000001, 3.8500000000000001, 3.8700000000000001, 3.8799999999999999, 3.8999999999999999, 3.9199999999999999, 3.9300000000000002, 3.9500000000000002, 3.9700000000000002, 3.98, 4.0, 4.0199999999999996, 4.0300000000000002, 4.0499999999999998, 4.0700000000000003, 4.0800000000000001, 4.0999999999999996, 4.1200000000000001, 4.1299999999999999, 4.1500000000000004, 4.1699999999999999, 4.1799999999999997, 4.2000000000000002, 4.2199999999999998, 4.2300000000000004, 4.25, 4.2699999999999996, 4.2800000000000002, 4.2999999999999998, 4.3200000000000003, 4.3300000000000001, 4.3499999999999996, 4.3700000000000001, 4.3799999999999999, 4.4000000000000004, 4.4199999999999999, 4.4299999999999997, 4.4500000000000002, 4.4699999999999998, 4.4800000000000004, 4.5, 4.5199999999999996, 4.5300000000000002, 4.5499999999999998, 4.5700000000000003, 4.5800000000000001, 4.5999999999999996, 4.6200000000000001, 4.6299999999999999, 4.6500000000000004, 4.6699999999999999, 4.6799999999999997, 4.7000000000000002, 4.7199999999999998, 4.7300000000000004, 4.75, 4.7699999999999996, 4.7800000000000002, 4.7999999999999998, 4.8200000000000003, 4.8300000000000001, 4.8499999999999996, 4.8700000000000001, 4.8799999999999999, 4.9000000000000004, 4.9199999999999999, 4.9299999999999997, 4.9500000000000002, 4.9699999999999998, 4.9800000000000004, 5.0]
1:48:51 [QMD 82] Expectation values computed
1:48:51 [QMD 82] generator list after ensuring true generator is first: ['NV_alternative_model']
1:48:51 [QMD 82] initialising generator NV_alternative_model with models: ['xTi', 'yTi', 'zTi']
1:48:51 [QMD 82] xTi not added yet. List: []
1:48:51 [QMD 82] yTi not added yet. List: ['xTi']
1:48:51 [QMD 82] zTi not added yet. List: ['xTi', 'yTi']
1:48:51 [QMD 82] After initial branches. InitialModelIDs: {'xTi': 0, 'yTi': 1, 'zTi': 2}
1:48:51 [QMD 82] After setting up initial branches, highest branch id: 0 highest model id: 3 initial models: {}
1:48:51 [QMD 82] Retrieving databases from redis
1:48:51 [QMD 82] any job failed db: [b'Status'] Status: b'0'
1:48:51 [QMD 82] Initial op list: ['xTi', 'yTi', 'zTi']
1:48:51 [QMD 82] Specific terms for prior {}
1:48:51 [QMD 82] RunParallel= True
1:48:52 [QMD 82] Saving qmd info db to  StrictRedis<ConnectionPool<Connection<host=node35-009,port=6382,db=1>>>
1:48:52 [QMD 82] Running  QLE  for true operator  xTiPPyTiPPzTiPPzTz  with parameters :  [0.92450565, 6.00664336, 1.65998543, 0.76546868]
1:48:52 [DB] Model  xTi  not previously considered -- adding. ID: 0
1:48:52 [DB] Model  yTi  not previously considered -- adding. ID: 1
1:48:52 [DB] Model  zTi  not previously considered -- adding. ID: 2
1:48:52 [QMD 82] After initiating DB, models: {0: 'xTi', 1: 'yTi', 2: 'zTi'}
1:48:52 [QMD 82] learnModelFromBranchID branch 0 : ['xTi', 'yTi', 'zTi']
1:48:52 [QMD 82] learnModelFromBranchID. Setting active branches on redis for branch 0 to 0
1:48:52 [QMD 82] branch 0 precomputed: []
1:48:52 [QMD 82] Branch  0 has unlearned models: ['yTi', 'zTi', 'xTi']
1:48:52 [QMD 82] Model  yTi being passed to learnModel function
1:48:52 [QMD 82] Model yTi added to queue.
1:48:52 [QMD 82] Model  zTi being passed to learnModel function
1:48:52 [QMD 82] Model zTi added to queue.
1:48:52 [QMD 82] Model  xTi being passed to learnModel function
1:48:52 [QMD 82] Model xTi added to queue.
1:48:52 [QMD 82] learnModelFromBranchID finished, branch 0
1:48:52 [QMD 82] Entering while loop of spawning/comparing.
1:48:56 [QML 2] QML for  zTi
1:48:56 [QML 0] QML for  xTi
1:48:56 [QML 1] QML for  yTi
1:48:56 [QML 2] Getting prior for model: zTi Specific terms: {}
1:48:56 [QML 0] Getting prior for model: xTi Specific terms: {}
1:48:56 [QML 1] Getting prior for model: yTi Specific terms: {}
1:48:56 [QML 0] Initialization Ready
1:48:56 [RQ Learn 0.0] Time to unpickle and initialise QML class: 0.44013309478759766
1:48:56 [RQ Learn 0.0] Updating model.
1:48:56 [QML 2] Initialization Ready
1:48:56 [QML 0] Experiment 0
1:48:56 [RQ Learn 2.0] Time to unpickle and initialise QML class: 0.4410560131072998
1:48:56 [RQ Learn 2.0] Updating model.
1:48:56 [QML 1] Initialization Ready
1:48:56 [QML 0] Initial time selected >  1.77448111099
1:48:56 [RQ Learn 1.0] Time to unpickle and initialise QML class: 0.43732428550720215
1:48:56 [QML 2] Experiment 0
1:48:56 [RQ Learn 1.0] Updating model.
1:48:56 [QML 2] Initial time selected >  0.183106918726
1:48:56 [QML 1] Experiment 0
1:48:56 [QML 1] Initial time selected >  0.227864092071
1:51:22 [QML 0] Experiment 75
1:51:28 [QML 1] Experiment 75
1:52:14 [QML 2] Experiment 75
1:54:2 [QML 0] Experiment 150
1:54:14 [QML 1] Experiment 150
1:56:0 [QML 2] Experiment 150
1:56:45 [QML 0] Experiment 225
1:56:57 [QML 1] Experiment 225
1:59:27 [QML 0] Experiment 300
1:59:39 [QML 1] Experiment 300
1:59:46 [QML 2] Experiment 225
2:2:9 [QML 0] Experiment 375
2:2:23 [QML 1] Experiment 375
2:3:32 [QML 2] Experiment 300
2:4:33 [QML 0] Experiment 450
2:5:2 [QML 1] Experiment 450
2:7:18 [QML 0] Experiment 525
2:7:36 [QML 2] Experiment 375
2:7:47 [QML 1] Experiment 525
2:9:59 [QML 0] Experiment 600
2:10:27 [QML 1] Experiment 600
2:11:21 [QML 2] Experiment 450
2:12:21 [QML 0] Experiment 675
2:13:1 [QML 1] Experiment 675
2:14:50 [QML 0] Results for QHL on  xTi
2:14:50 [QML 0] Final time selected > 2.45
2:14:50 [QML 0] Cumulative time.	 Datum: 0.8343255519866943 	 Update: 1551.3033719062805
2:14:50 [QML 0] Final Parameters mean and stdev (term  xTi ): [ 0.97620637  0.00760047]
2:14:50 [RQ Learn 0.0] Time for update alone: 1553.170604467392
2:14:50 [RQ Learn 0.0] Redis learned_models_info added to db for model: 0.0
2:14:50 [RQ Learn 0.0] Redis SET learned_models_ids: 0.0 ; set True
2:14:50 [RQ Learn 0.0] Learned. rq time: 1553.7836637496948
2:15:15 [QML 2] Experiment 525
2:15:42 [QML 1] Results for QHL on  yTi
2:15:42 [QML 1] Final time selected > 2.45
2:15:42 [QML 1] Cumulative time.	 Datum: 0.8306612968444824 	 Update: 1603.626055240631
2:15:42 [QML 1] Final Parameters mean and stdev (term  yTi ): [  6.53986574e+00   7.99685965e-04]
2:15:42 [RQ Learn 1.0] Time for update alone: 1605.444794178009
2:15:42 [RQ Learn 1.0] Redis learned_models_info added to db for model: 1.0
2:15:42 [RQ Learn 1.0] Redis SET learned_models_ids: 1.0 ; set True
2:15:42 [RQ Learn 1.0] Learned. rq time: 1606.057992219925
2:19:9 [QML 2] Experiment 600
2:22:30 [QML 2] Experiment 675
2:26:16 [QML 2] Results for QHL on  zTi
2:26:16 [QML 2] Final time selected > 2.45
2:26:16 [QML 2] Cumulative time.	 Datum: 0.8393898010253906 	 Update: 2237.563811302185
2:26:16 [QML 2] Final Parameters mean and stdev (term  zTi ): [ 7.10728527  0.06423745]
2:26:16 [RQ Learn 2.0] Time for update alone: 2239.3936326503754
2:26:16 [RQ Learn 2.0] Redis learned_models_info added to db for model: 2.0
2:26:16 [RQ Learn 2.0] Redis SET learned_models_ids: 2.0 ; set True
2:26:16 [QMD 82] All models on branch 0 have finished learning.
2:26:16 [RQ Learn 2.0] Learned. rq time: 2240.0091433525085
2:26:16[QML:Reduced 0; QMD 82] Updating learned info for model 0
2:26:16[QML:Reduced 0; QMD 82] Updated learned info for model 0
2:26:16[QML:Reduced 1; QMD 82] Updating learned info for model 1
2:26:16[QML:Reduced 1; QMD 82] Updated learned info for model 1
2:26:16[QML:Reduced 2; QMD 82] Updating learned info for model 2
2:26:16[QML:Reduced 2; QMD 82] Updated learned info for model 2
2:26:16 [QMD 82] remoteBayesFromBranchID 0 model id list: [0, 1, 2]
2:26:16 [QMD 82] Computing BF for pair 0,1
2:26:16 [QMD 82] Bayes factor calculation queued. Model IDs 0 1
2:26:16 [QMD 82] Computing BF for pair 0,2
2:26:16 [QMD 82] Bayes factor calculation queued. Model IDs 0 2
2:26:16 [QMD 82] Computing BF for pair 1,2
2:26:16 [QMD 82] Bayes factor calculation queued. Model IDs 1 2
2:26:24[QML:Bayes 0; QMD 82] Name: xTi
2:26:24[QML:Bayes 0; QMD 82] Name: xTi
2:26:24[QML:Bayes 0; QMD 82] Time to reconstruct updater: 0.0009174346923828125
2:26:24[QML:Bayes 0; QMD 82] Prior mean: [ 0.97629115]
2:26:24[QML:Bayes 0; QMD 82] Time to reconstruct updater: 0.0008873939514160156
2:26:24[QML:Bayes 0; QMD 82] Prior mean: [ 0.97627743]
2:26:24[QML:Bayes 1; QMD 82] Name: yTi
2:26:24[QML:Bayes 1; QMD 82] Time to reconstruct updater: 0.0010368824005126953
2:26:24[QML:Bayes 1; QMD 82] Prior mean: [ 6.53985726]
2:26:24[QML:Bayes 1; QMD 82] Name: yTi
2:26:24[QML:Bayes 1; QMD 82] Time to reconstruct updater: 0.0006937980651855469
2:26:24[QML:Bayes 1; QMD 82] Prior mean: [ 6.53985723]
2:26:24 [RQ Bayes 0/1] Start. Branch 0
2:26:24[QML:Bayes 2; QMD 82] Name: zTi
2:26:24[QML:Bayes 2; QMD 82] Time to reconstruct updater: 0.0007357597351074219
2:26:24[QML:Bayes 2; QMD 82] Prior mean: [ 7.10591151]
2:26:24 [RQ Bayes 0/2] Start. Branch 0
2:26:24[QML:Bayes 2; QMD 82] Name: zTi
2:26:24[QML:Bayes 2; QMD 82] Time to reconstruct updater: 0.0007550716400146484
2:26:24[QML:Bayes 2; QMD 82] Prior mean: [ 7.10591076]
2:26:24 [RQ Bayes 1/2] Start. Branch 0
3:19:4 [RQ Bayes 0/1] BF computed: A:0; B:1; BF:0.0 	Reset remormalisation record: False
3:19:4 [RQ Bayes 0/1] Finished. rq time:  3160.639799594879
3:31:5 [RQ Bayes 0/2] BF computed: A:0; B:2; BF:0.0 	Reset remormalisation record: False
3:31:5 [RQ Bayes 0/2] Finished. rq time:  3881.028566122055
3:34:46 [RQ Bayes 1/2] BF computed: A:1; B:2; BF:1.1191924850260586e+263 	Reset remormalisation record: False
3:34:46 [RQ Bayes 1/2] Finished. rq time:  4102.237893104553
3:34:46 [QMD 82] compareModelsWithinBranch 0 active_models_in_branch_old: [0.0, 1.0, 2.0] active_models_in_branch_new: [0, 1, 2]
3:34:46 [QMD 82] [compareModelsWithinBranch 0] Point to 1 (comparison 0/1)
3:34:46 [QMD 82] [compareModelsWithinBranch 0] Point to 2 (comparison 0/2)
3:34:46 [QMD 82] [compareModelsWithinBranch 0] Point to 1 (comparison 1/2)
3:34:46 [QMD 82] Model points for branch 0 {0: 0, 1: 2, 2: 1}
3:34:46 [QMD 82] Champion of branch  0  is  yTi (1)
3:34:46 [QMD 82] Spawning. Growth rule: NV_alternative_model. Depth: 1
3:34:46 [QMD 82] After model generation for growth rule NV_alternative_model SPAWN STAGE: [None] 
new models: ['yTiPPzTi', 'xTiPPyTi']
3:34:46 [QMD 82] Branch 1 growth rule NV_alternative_model has 2 new models ['yTiPPzTi', 'xTiPPyTi']
3:34:46 [DB] Model  yTiPPzTi  not previously considered -- adding. ID: 3
3:34:46 [QMD 82] Model  yTiPPzTi 
	computed already:  False 
	ID: 3
3:34:46 [DB] Model  xTiPPyTi  not previously considered -- adding. ID: 4
3:34:46 [QMD 82] Model  xTiPPyTi 
	computed already:  False 
	ID: 4
3:34:46 [QMD 82] Num models already computed on branch  1 = 0
3:34:46 [QMD 82] Models to add to new branch ( 1 ):  ['yTiPPzTi', 'xTiPPyTi']
3:34:46 [QMD 82] learnModelFromBranchID branch 1 : ['yTiPPzTi', 'xTiPPyTi']
3:34:46 [QMD 82] learnModelFromBranchID. Setting active branches on redis for branch 1 to 0
3:34:46 [QMD 82] branch 1 precomputed: []
3:34:46 [QMD 82] Branch  1 has unlearned models: ['yTiPPzTi', 'xTiPPyTi']
3:34:46 [QMD 82] Model  yTiPPzTi being passed to learnModel function
3:34:46 [QMD 82] Model yTiPPzTi added to queue.
3:34:46 [QMD 82] Model  xTiPPyTi being passed to learnModel function
3:34:46 [QMD 82] Model xTiPPyTi added to queue.
3:34:46 [QMD 82] learnModelFromBranchID finished, branch 1
3:34:52 [QML 4] QML for  xTiPPyTi
3:34:52 [QML 3] QML for  yTiPPzTi
3:34:52 [QML 3] Getting prior for model: yTiPPzTi Specific terms: {}
3:34:52 [QML 4] Getting prior for model: xTiPPyTi Specific terms: {}
3:34:53 [QML 3] Initialization Ready
3:34:53 [RQ Learn 3.0] Time to unpickle and initialise QML class: 0.593472957611084
3:34:53 [RQ Learn 3.0] Updating model.
3:34:53 [QML 3] Experiment 0
3:34:53 [QML 3] Initial time selected >  0.0975587361881
3:34:53 [QML 4] Initialization Ready
3:34:53 [RQ Learn 4.0] Time to unpickle and initialise QML class: 0.6008875370025635
3:34:53 [RQ Learn 4.0] Updating model.
3:34:53 [QML 4] Experiment 0
3:34:53 [QML 4] Initial time selected >  0.157508123816
3:37:28 [QML 4] Experiment 75
3:37:29 [QML 3] Experiment 75
3:40:9 [QML 4] Experiment 150
3:40:10 [QML 3] Experiment 150
3:42:52 [QML 3] Experiment 225
3:43:3 [QML 4] Experiment 225
3:45:37 [QML 3] Experiment 300
3:45:43 [QML 4] Experiment 300
3:48:22 [QML 3] Experiment 375
3:48:23 [QML 4] Experiment 375
3:51:3 [QML 4] Experiment 450
3:51:7 [QML 3] Experiment 450
3:53:48 [QML 3] Experiment 525
3:53:59 [QML 4] Experiment 525
3:56:29 [QML 3] Experiment 600
3:56:40 [QML 4] Experiment 600
3:59:3 [QML 3] Experiment 675
3:59:14 [QML 4] Experiment 675
4:1:46 [QML 3] Results for QHL on  yTiPPzTi
4:1:46 [QML 3] Final time selected > 2.45
4:1:46 [QML 3] Cumulative time.	 Datum: 0.8612041473388672 	 Update: 1611.053793668747
4:1:46 [QML 3] Final Parameters mean and stdev (term  yTi ): [ 5.85542595  0.05409974]
4:1:46 [QML 3] Final Parameters mean and stdev (term  zTi ): [ 1.94394463  0.13961041]
4:1:46 [RQ Learn 3.0] Time for update alone: 1613.650906085968
4:1:46 [RQ Learn 3.0] Redis learned_models_info added to db for model: 3.0
4:1:46 [RQ Learn 3.0] Redis SET learned_models_ids: 3.0 ; set True
4:1:46 [RQ Learn 3.0] Learned. rq time: 1614.4267976284027
4:1:53 [QML 4] Results for QHL on  xTiPPyTi
4:1:53 [QML 4] Final time selected > 2.45
4:1:53 [QML 4] Cumulative time.	 Datum: 0.8564984798431396 	 Update: 1618.0803740024567
4:1:53 [QML 4] Final Parameters mean and stdev (term  xTi ): [-0.22889822  0.24752935]
4:1:53 [QML 4] Final Parameters mean and stdev (term  yTi ): [ 6.17562434  0.0142679 ]
4:1:53 [RQ Learn 4.0] Time for update alone: 1620.6675457954407
4:1:53 [RQ Learn 4.0] Redis learned_models_info added to db for model: 4.0
4:1:53 [RQ Learn 4.0] Redis SET learned_models_ids: 4.0 ; set True
4:1:53 [QMD 82] All models on branch 1 have finished learning.
4:1:53 [RQ Learn 4.0] Learned. rq time: 1621.4535782337189
4:1:53[QML:Reduced 3; QMD 82] Updating learned info for model 3
4:1:53[QML:Reduced 3; QMD 82] Updated learned info for model 3
4:1:53[QML:Reduced 4; QMD 82] Updating learned info for model 4
4:1:54[QML:Reduced 4; QMD 82] Updated learned info for model 4
4:1:54 [QMD 82] remoteBayesFromBranchID 1 model id list: [3, 4]
4:1:54 [QMD 82] Computing BF for pair 3,4
4:1:54 [QMD 82] Bayes factor calculation queued. Model IDs 3 4
4:2:0[QML:Bayes 3; QMD 82] Name: yTiPPzTi
4:2:0[QML:Bayes 3; QMD 82] Time to reconstruct updater: 0.0012497901916503906
4:2:0[QML:Bayes 3; QMD 82] Prior mean: [ 5.85445905  1.94632059]
4:2:1[QML:Bayes 4; QMD 82] Name: xTiPPyTi
4:2:1[QML:Bayes 4; QMD 82] Time to reconstruct updater: 0.0009729862213134766
4:2:1[QML:Bayes 4; QMD 82] Prior mean: [-0.23419756  6.17551173]
4:2:1 [RQ Bayes 3/4] Start. Branch 1
4:55:39 [RQ Bayes 3/4] BF computed: A:3; B:4; BF:253551255.11 	Reset remormalisation record: False
4:55:39 [RQ Bayes 3/4] Finished. rq time:  3218.3516974449158
4:55:39 [QMD 82] compareModelsWithinBranch 1 active_models_in_branch_old: [3.0, 4.0] active_models_in_branch_new: [3, 4]
4:55:39 [QMD 82] [compareModelsWithinBranch 1] Point to 3 (comparison 3/4)
4:55:39 [QMD 82] Model points for branch 1 {3: 1, 4: 0}
4:55:39 [QMD 82] Champion of branch  1  is  yTiPPzTi (3)
4:55:39 [QMD 82] Spawning. Growth rule: NV_alternative_model. Depth: 2
4:55:39 [QMD 82] After model generation for growth rule NV_alternative_model SPAWN STAGE: [None] 
new models: ['xTiPPyTiPPzTi']
4:55:39 [QMD 82] Branch 2 growth rule NV_alternative_model has 1 new models ['xTiPPyTiPPzTi']
4:55:39 [DB] Model  xTiPPyTiPPzTi  not previously considered -- adding. ID: 5
4:55:39 [QMD 82] Model  xTiPPyTiPPzTi 
	computed already:  False 
	ID: 5
4:55:39 [QMD 82] Num models already computed on branch  2 = 0
4:55:39 [QMD 82] Models to add to new branch ( 2 ):  ['xTiPPyTiPPzTi']
4:55:39 [QMD 82] learnModelFromBranchID branch 2 : ['xTiPPyTiPPzTi']
4:55:39 [QMD 82] learnModelFromBranchID. Setting active branches on redis for branch 2 to 0
4:55:39 [QMD 82] branch 2 precomputed: []
4:55:39 [QMD 82] Branch  2 has unlearned models: ['xTiPPyTiPPzTi']
4:55:39 [QMD 82] Model  xTiPPyTiPPzTi being passed to learnModel function
4:55:39 [QMD 82] Model xTiPPyTiPPzTi added to queue.
4:55:39 [QMD 82] learnModelFromBranchID finished, branch 2
4:55:45 [QML 5] QML for  xTiPPyTiPPzTi
4:55:45 [QML 5] Getting prior for model: xTiPPyTiPPzTi Specific terms: {}
4:55:46 [QML 5] Initialization Ready
4:55:46 [RQ Learn 5.0] Time to unpickle and initialise QML class: 0.7879416942596436
4:55:46 [RQ Learn 5.0] Updating model.
4:55:46 [QML 5] Experiment 0
4:55:46 [QML 5] Initial time selected >  0.0712276882653
4:58:16 [QML 5] Experiment 75
5:0:56 [QML 5] Experiment 150
5:3:36 [QML 5] Experiment 225
5:6:16 [QML 5] Experiment 300
5:8:56 [QML 5] Experiment 375
5:11:37 [QML 5] Experiment 450
5:14:17 [QML 5] Experiment 525
5:16:58 [QML 5] Experiment 600
5:19:33 [QML 5] Experiment 675
5:22:15 [QML 5] Results for QHL on  xTiPPyTiPPzTi
5:22:15 [QML 5] Final time selected > 2.45
5:22:15 [QML 5] Cumulative time.	 Datum: 0.8290591239929199 	 Update: 1585.8315739631653
5:22:15 [QML 5] Final Parameters mean and stdev (term  xTi ): [ 1.53544568  0.26502561]
5:22:15 [QML 5] Final Parameters mean and stdev (term  yTi ): [ 6.02434362  0.05798847]
5:22:15 [QML 5] Final Parameters mean and stdev (term  zTi ): [ 1.95943432  0.17021252]
5:22:15 [RQ Learn 5.0] Time for update alone: 1588.730788230896
5:22:15 [RQ Learn 5.0] Redis learned_models_info added to db for model: 5.0
5:22:15 [RQ Learn 5.0] Redis SET learned_models_ids: 5.0 ; set True
5:22:15 [QMD 82] All models on branch 2 have finished learning.
5:22:15 [RQ Learn 5.0] Learned. rq time: 1589.7147278785706
5:22:15[QML:Reduced 5; QMD 82] Updating learned info for model 5
5:22:15[QML:Reduced 5; QMD 82] Updated learned info for model 5
5:22:15 [QMD 82] remoteBayesFromBranchID 2 model id list: [5]
5:22:15 [QMD 82] compareModelsWithinBranch 2 active_models_in_branch_old: [5.0] active_models_in_branch_new: [5]
5:22:15 [QMD 82] Model points for branch 2 {5: 0}
5:22:15 [QMD 82] Champion of branch  2  is  xTiPPyTiPPzTi (5)
5:22:15 [QMD 82] Spawning. Growth rule: NV_alternative_model. Depth: 3
5:22:15 [QMD 82] After model generation for growth rule NV_alternative_model SPAWN STAGE: [None] 
new models: ['xTiPPxTxPPyTiPPzTi', 'xTiPPyTiPPzTiPPzTz', 'xTiPPyTiPPyTyPPzTi']
5:22:15 [QMD 82] Branch 3 growth rule NV_alternative_model has 3 new models ['xTiPPyTiPPyTyPPzTi', 'xTiPPxTxPPyTiPPzTi', 'xTiPPyTiPPzTiPPzTz']
5:22:15 [DB] Model  xTiPPyTiPPyTyPPzTi  not previously considered -- adding. ID: 6
5:22:15 [QMD 82] Model  xTiPPyTiPPyTyPPzTi 
	computed already:  False 
	ID: 6
5:22:15 [DB] Model  xTiPPxTxPPyTiPPzTi  not previously considered -- adding. ID: 7
5:22:15 [QMD 82] Model  xTiPPxTxPPyTiPPzTi 
	computed already:  False 
	ID: 7
5:22:15 [DB] Model  xTiPPyTiPPzTiPPzTz  not previously considered -- adding. ID: 8
5:22:15 [QMD 82] Model  xTiPPyTiPPzTiPPzTz 
	computed already:  False 
	ID: 8
5:22:15 [QMD 82] Num models already computed on branch  3 = 0
5:22:15 [QMD 82] Models to add to new branch ( 3 ):  ['xTiPPxTxPPyTiPPzTi', 'xTiPPyTiPPzTiPPzTz', 'xTiPPyTiPPyTyPPzTi']
5:22:15 [QMD 82] learnModelFromBranchID branch 3 : ['xTiPPyTiPPyTyPPzTi', 'xTiPPxTxPPyTiPPzTi', 'xTiPPyTiPPzTiPPzTz']
5:22:15 [QMD 82] learnModelFromBranchID. Setting active branches on redis for branch 3 to 0
5:22:15 [QMD 82] branch 3 precomputed: []
5:22:15 [QMD 82] Branch  3 has unlearned models: ['xTiPPyTiPPyTyPPzTi', 'xTiPPxTxPPyTiPPzTi', 'xTiPPyTiPPzTiPPzTz']
5:22:15 [QMD 82] Model  xTiPPyTiPPyTyPPzTi being passed to learnModel function
5:22:15 [QMD 82] Model xTiPPyTiPPyTyPPzTi added to queue.
5:22:15 [QMD 82] Model  xTiPPxTxPPyTiPPzTi being passed to learnModel function
5:22:15 [QMD 82] Model xTiPPxTxPPyTiPPzTi added to queue.
5:22:15 [QMD 82] Model  xTiPPyTiPPzTiPPzTz being passed to learnModel function
5:22:15 [QMD 82] Model xTiPPyTiPPzTiPPzTz added to queue.
5:22:15 [QMD 82] learnModelFromBranchID finished, branch 3
5:22:21 [QML 8] QML for  xTiPPyTiPPzTiPPzTz
5:22:21 [QML 7] QML for  xTiPPxTxPPyTiPPzTi
5:22:21 [QML 6] QML for  xTiPPyTiPPyTyPPzTi
5:22:21 [QML 8] Getting prior for model: xTiPPyTiPPzTiPPzTz Specific terms: {}
5:22:21 [QML 6] Getting prior for model: xTiPPyTiPPyTyPPzTi Specific terms: {}
5:22:21 [QML 7] Getting prior for model: xTiPPxTxPPyTiPPzTi Specific terms: {}
5:22:22 [QML 8] Initialization Ready
5:22:22 [RQ Learn 8.0] Time to unpickle and initialise QML class: 0.8453614711761475
5:22:22 [QML 7] Initialization Ready
5:22:22 [RQ Learn 8.0] Updating model.
5:22:22 [RQ Learn 7.0] Time to unpickle and initialise QML class: 0.8565828800201416
5:22:22 [QML 8] Experiment 0
5:22:22 [RQ Learn 7.0] Updating model.
5:22:22 [QML 8] Initial time selected >  0.109632111871
5:22:22 [QML 7] Experiment 0
5:22:22 [QML 7] Initial time selected >  0.080369686032
5:22:22 [QML 6] Initialization Ready
5:22:22 [RQ Learn 6.0] Time to unpickle and initialise QML class: 0.9329836368560791
5:22:22 [RQ Learn 6.0] Updating model.
5:22:22 [QML 6] Experiment 0
5:22:22 [QML 6] Initial time selected >  0.0774599240055
5:24:48 [QML 7] Experiment 75
5:24:51 [QML 6] Experiment 75
5:24:52 [QML 8] Experiment 75
5:27:18 [QML 7] Experiment 150
5:27:24 [QML 6] Experiment 150
5:27:27 [QML 8] Experiment 150
5:29:54 [QML 7] Experiment 225
5:29:58 [QML 6] Experiment 225
5:30:9 [QML 8] Experiment 225
5:32:35 [QML 7] Experiment 300
5:32:39 [QML 6] Experiment 300
5:32:53 [QML 8] Experiment 300
5:35:17 [QML 7] Experiment 375
5:35:22 [QML 6] Experiment 375
5:35:34 [QML 8] Experiment 375
5:37:59 [QML 7] Experiment 450
5:38:4 [QML 6] Experiment 450
5:38:21 [QML 8] Experiment 450
5:40:47 [QML 7] Experiment 525
5:40:49 [QML 6] Experiment 525
5:41:6 [QML 8] Experiment 525
5:43:30 [QML 7] Experiment 600
5:43:34 [QML 6] Experiment 600
5:43:49 [QML 8] Experiment 600
5:46:6 [QML 7] Experiment 675
5:46:11 [QML 6] Experiment 675
5:46:27 [QML 8] Experiment 675
5:48:49 [QML 7] Results for QHL on  xTiPPxTxPPyTiPPzTi
5:48:49 [QML 7] Final time selected > 2.45
5:48:49 [QML 7] Cumulative time.	 Datum: 0.8571817874908447 	 Update: 1583.5249199867249
5:48:49 [QML 7] Final Parameters mean and stdev (term  xTi ): [ 0.76779335  0.34139351]
5:48:49 [QML 7] Final Parameters mean and stdev (term  xTx ): [ 1.20247794  0.33085564]
5:48:49 [QML 7] Final Parameters mean and stdev (term  yTi ): [ 5.91156919  0.0747105 ]
5:48:49 [QML 7] Final Parameters mean and stdev (term  zTi ): [ 2.05141283  0.15991958]
5:48:49 [RQ Learn 7.0] Time for update alone: 1586.729651927948
5:48:49 [RQ Learn 7.0] Redis learned_models_info added to db for model: 7.0
5:48:49 [RQ Learn 7.0] Redis SET learned_models_ids: 7.0 ; set True
5:48:49 [RQ Learn 7.0] Learned. rq time: 1587.874211549759
5:48:54 [QML 6] Results for QHL on  xTiPPyTiPPyTyPPzTi
5:48:54 [QML 6] Final time selected > 2.45
5:48:54 [QML 6] Cumulative time.	 Datum: 0.8269305229187012 	 Update: 1588.6107437610626
5:48:54 [QML 6] Final Parameters mean and stdev (term  xTi ): [ 1.0937252   0.25335331]
5:48:54 [QML 6] Final Parameters mean and stdev (term  yTi ): [ 5.85721832  0.09630571]
5:48:54 [QML 6] Final Parameters mean and stdev (term  yTy ): [ 0.07377621  0.20357463]
5:48:54 [QML 6] Final Parameters mean and stdev (term  zTi ): [ 2.09021948  0.1521304 ]
5:48:54 [RQ Learn 6.0] Time for update alone: 1591.740629196167
5:48:54 [RQ Learn 6.0] Redis learned_models_info added to db for model: 6.0
5:48:54 [RQ Learn 6.0] Redis SET learned_models_ids: 6.0 ; set True
5:48:54 [RQ Learn 6.0] Learned. rq time: 1592.9478707313538
5:49:10 [QML 8] Results for QHL on  xTiPPyTiPPzTiPPzTz
5:49:10 [QML 8] Final time selected > 2.45
5:49:10 [QML 8] Cumulative time.	 Datum: 0.8661117553710938 	 Update: 1604.722142457962
5:49:10 [QML 8] Final Parameters mean and stdev (term  xTi ): [ 1.10854408  0.30107175]
5:49:10 [QML 8] Final Parameters mean and stdev (term  yTi ): [ 5.94654089  0.06562508]
5:49:10 [QML 8] Final Parameters mean and stdev (term  zTi ): [ 1.68289254  0.14107224]
5:49:10 [QML 8] Final Parameters mean and stdev (term  zTz ): [ 0.79854249  0.08032616]
5:49:10 [RQ Learn 8.0] Time for update alone: 1607.9078776836395
5:49:10 [RQ Learn 8.0] Redis learned_models_info added to db for model: 8.0
5:49:10 [RQ Learn 8.0] Redis SET learned_models_ids: 8.0 ; set True
5:49:10 [QMD 82] All models on branch 3 have finished learning.
5:49:10 [RQ Learn 8.0] Learned. rq time: 1609.0293991565704
5:49:10[QML:Reduced 6; QMD 82] Updating learned info for model 6
5:49:10[QML:Reduced 6; QMD 82] Updated learned info for model 6
5:49:10[QML:Reduced 7; QMD 82] Updating learned info for model 7
5:49:11[QML:Reduced 7; QMD 82] Updated learned info for model 7
5:49:11[QML:Reduced 8; QMD 82] Updating learned info for model 8
5:49:11[QML:Reduced 8; QMD 82] Updated learned info for model 8
5:49:11 [QMD 82] remoteBayesFromBranchID 3 model id list: [6, 7, 8]
5:49:11 [QMD 82] Computing BF for pair 6,7
5:49:11 [QMD 82] Bayes factor calculation queued. Model IDs 6 7
5:49:11 [QMD 82] Computing BF for pair 6,8
5:49:11 [QMD 82] Bayes factor calculation queued. Model IDs 6 8
5:49:11 [QMD 82] Computing BF for pair 7,8
5:49:11 [QMD 82] Bayes factor calculation queued. Model IDs 7 8
5:49:17[QML:Bayes 6; QMD 82] Name: xTiPPyTiPPyTyPPzTi
5:49:17[QML:Bayes 6; QMD 82] Name: xTiPPyTiPPyTyPPzTi
5:49:17[QML:Bayes 7; QMD 82] Name: xTiPPxTxPPyTiPPzTi
5:49:17[QML:Bayes 6; QMD 82] Time to reconstruct updater: 0.0016949176788330078
5:49:17[QML:Bayes 6; QMD 82] Prior mean: [ 1.08194525  5.85998252  0.06647086  2.08534505]
5:49:17[QML:Bayes 6; QMD 82] Time to reconstruct updater: 0.0015730857849121094
5:49:17[QML:Bayes 6; QMD 82] Prior mean: [ 1.08013515  5.86175849  0.06539655  2.08491636]
5:49:17[QML:Bayes 7; QMD 82] Time to reconstruct updater: 0.0017511844635009766
5:49:17[QML:Bayes 7; QMD 82] Prior mean: [ 0.76367835  1.20985593  5.91004912  2.0565155 ]
5:49:17[QML:Bayes 7; QMD 82] Name: xTiPPxTxPPyTiPPzTi
5:49:17[QML:Bayes 7; QMD 82] Time to reconstruct updater: 0.0012891292572021484
5:49:17[QML:Bayes 7; QMD 82] Prior mean: [ 0.76730586  1.20561087  5.91142593  2.05336528]
5:49:17 [RQ Bayes 6/7] Start. Branch 3
5:49:17[QML:Bayes 8; QMD 82] Name: xTiPPyTiPPzTiPPzTz
5:49:17[QML:Bayes 8; QMD 82] Time to reconstruct updater: 0.0012722015380859375
5:49:17[QML:Bayes 8; QMD 82] Prior mean: [ 1.10600532  5.94648476  1.68568987  0.79774585]
5:49:17 [RQ Bayes 6/8] Start. Branch 3
5:49:17[QML:Bayes 8; QMD 82] Name: xTiPPyTiPPzTiPPzTz
5:49:17[QML:Bayes 8; QMD 82] Time to reconstruct updater: 0.0013229846954345703
5:49:17[QML:Bayes 8; QMD 82] Prior mean: [ 1.11345043  5.94465178  1.68644067  0.79743658]
5:49:17 [RQ Bayes 7/8] Start. Branch 3
6:41:17 [RQ Bayes 6/7] BF computed: A:6; B:7; BF:8282929.7 	Reset remormalisation record: False
6:41:17 [RQ Bayes 6/7] Finished. rq time:  3120.7775168418884
6:42:42 [RQ Bayes 7/8] BF computed: A:7; B:8; BF:0.0 	Reset remormalisation record: False
6:42:42 [RQ Bayes 7/8] Finished. rq time:  3205.480280637741
6:42:49 [RQ Bayes 6/8] BF computed: A:6; B:8; BF:0.0 	Reset remormalisation record: False
6:42:49 [RQ Bayes 6/8] Finished. rq time:  3212.739762067795
6:42:49 [QMD 82] compareModelsWithinBranch 3 active_models_in_branch_old: [6.0, 7.0, 8.0] active_models_in_branch_new: [6, 7, 8]
6:42:49 [QMD 82] [compareModelsWithinBranch 3] Point to 6 (comparison 6/7)
6:42:49 [QMD 82] [compareModelsWithinBranch 3] Point to 8 (comparison 6/8)
6:42:49 [QMD 82] [compareModelsWithinBranch 3] Point to 8 (comparison 7/8)
6:42:49 [QMD 82] Model points for branch 3 {6: 1, 7: 0, 8: 2}
6:42:49 [QMD 82] Champion of branch  3  is  xTiPPyTiPPzTiPPzTz (8)
6:42:49 [QMD 82] Spawning. Growth rule: NV_alternative_model. Depth: 4
6:42:49 [QMD 82] After model generation for growth rule NV_alternative_model SPAWN STAGE: [None] 
new models: ['xTiPPyTiPPyTyPPzTiPPzTz', 'xTiPPxTxPPyTiPPzTiPPzTz']
6:42:49 [QMD 82] Branch 4 growth rule NV_alternative_model has 2 new models ['xTiPPxTxPPyTiPPzTiPPzTz', 'xTiPPyTiPPyTyPPzTiPPzTz']
6:42:49 [DB] Model  xTiPPxTxPPyTiPPzTiPPzTz  not previously considered -- adding. ID: 9
6:42:49 [QMD 82] Model  xTiPPxTxPPyTiPPzTiPPzTz 
	computed already:  False 
	ID: 9
6:42:49 [DB] Model  xTiPPyTiPPyTyPPzTiPPzTz  not previously considered -- adding. ID: 10
6:42:49 [QMD 82] Model  xTiPPyTiPPyTyPPzTiPPzTz 
	computed already:  False 
	ID: 10
6:42:49 [QMD 82] Num models already computed on branch  4 = 0
6:42:49 [QMD 82] Models to add to new branch ( 4 ):  ['xTiPPyTiPPyTyPPzTiPPzTz', 'xTiPPxTxPPyTiPPzTiPPzTz']
6:42:49 [QMD 82] learnModelFromBranchID branch 4 : ['xTiPPxTxPPyTiPPzTiPPzTz', 'xTiPPyTiPPyTyPPzTiPPzTz']
6:42:49 [QMD 82] learnModelFromBranchID. Setting active branches on redis for branch 4 to 0
6:42:49 [QMD 82] branch 4 precomputed: []
6:42:49 [QMD 82] Branch  4 has unlearned models: ['xTiPPxTxPPyTiPPzTiPPzTz', 'xTiPPyTiPPyTyPPzTiPPzTz']
6:42:49 [QMD 82] Model  xTiPPxTxPPyTiPPzTiPPzTz being passed to learnModel function
6:42:49 [QMD 82] Model xTiPPxTxPPyTiPPzTiPPzTz added to queue.
6:42:49 [QMD 82] Model  xTiPPyTiPPyTyPPzTiPPzTz being passed to learnModel function
6:42:49 [QMD 82] Model xTiPPyTiPPyTyPPzTiPPzTz added to queue.
6:42:49 [QMD 82] learnModelFromBranchID finished, branch 4
6:42:55 [QML 10] QML for  xTiPPyTiPPyTyPPzTiPPzTz
6:42:55 [QML 9] QML for  xTiPPxTxPPyTiPPzTiPPzTz
6:42:55 [QML 10] Getting prior for model: xTiPPyTiPPyTyPPzTiPPzTz Specific terms: {}
6:42:55 [QML 9] Getting prior for model: xTiPPxTxPPyTiPPzTiPPzTz Specific terms: {}
6:42:56 [QML 10] Initialization Ready
6:42:56 [RQ Learn 10.0] Time to unpickle and initialise QML class: 1.0161633491516113
6:42:56 [RQ Learn 10.0] Updating model.
6:42:56 [QML 10] Experiment 0
6:42:56 [QML 10] Initial time selected >  0.0919124860542
6:42:56 [QML 9] Initialization Ready
6:42:56 [RQ Learn 9.0] Time to unpickle and initialise QML class: 1.0390403270721436
6:42:56 [RQ Learn 9.0] Updating model.
6:42:56 [QML 9] Experiment 0
6:42:56 [QML 9] Initial time selected >  0.102573805242
6:45:23 [QML 9] Experiment 75
6:45:25 [QML 10] Experiment 75
6:47:55 [QML 9] Experiment 150
6:47:57 [QML 10] Experiment 150
6:50:31 [QML 9] Experiment 225
6:50:35 [QML 10] Experiment 225
6:53:7 [QML 9] Experiment 300
6:53:16 [QML 10] Experiment 300
6:55:45 [QML 9] Experiment 375
6:55:58 [QML 10] Experiment 375
6:58:25 [QML 9] Experiment 450
6:58:40 [QML 10] Experiment 450
7:1:6 [QML 9] Experiment 525
7:1:22 [QML 10] Experiment 525
7:3:46 [QML 9] Experiment 600
7:4:5 [QML 10] Experiment 600
7:6:21 [QML 9] Experiment 675
7:6:46 [QML 10] Experiment 675
7:9:1 [QML 9] Results for QHL on  xTiPPxTxPPyTiPPzTiPPzTz
7:9:2 [QML 9] Final time selected > 2.45
7:9:2 [QML 9] Cumulative time.	 Datum: 0.8911564350128174 	 Update: 1561.6719417572021
7:9:2 [QML 9] Final Parameters mean and stdev (term  xTi ): [ 0.78155341  0.23132966]
7:9:2 [QML 9] Final Parameters mean and stdev (term  xTx ): [ 0.06835449  0.09032074]
7:9:2 [QML 9] Final Parameters mean and stdev (term  yTi ): [ 6.00945256  0.04799394]
7:9:2 [QML 9] Final Parameters mean and stdev (term  zTi ): [ 1.53649706  0.17537475]
7:9:2 [QML 9] Final Parameters mean and stdev (term  zTz ): [ 0.96016807  0.11531353]
7:9:2 [RQ Learn 9.0] Time for update alone: 1565.2448770999908
7:9:2 [RQ Learn 9.0] Redis learned_models_info added to db for model: 9.0
7:9:2 [RQ Learn 9.0] Redis SET learned_models_ids: 9.0 ; set True
7:9:2 [RQ Learn 9.0] Learned. rq time: 1566.5687777996063
7:9:28 [QML 10] Results for QHL on  xTiPPyTiPPyTyPPzTiPPzTz
7:9:28 [QML 10] Final time selected > 2.45
7:9:28 [QML 10] Cumulative time.	 Datum: 0.8281023502349854 	 Update: 1588.0144431591034
7:9:28 [QML 10] Final Parameters mean and stdev (term  xTi ): [ 2.08497208  0.24049988]
7:9:28 [QML 10] Final Parameters mean and stdev (term  yTi ): [ 6.35302942  0.1060832 ]
7:9:28 [QML 10] Final Parameters mean and stdev (term  yTy ): [ 0.56444028  0.02245509]
7:9:28 [QML 10] Final Parameters mean and stdev (term  zTi ): [ 1.7799224   0.10830275]
7:9:28 [QML 10] Final Parameters mean and stdev (term  zTz ): [-0.23108108  0.20075382]
7:9:28 [RQ Learn 10.0] Time for update alone: 1591.4958119392395
7:9:28 [RQ Learn 10.0] Redis learned_models_info added to db for model: 10.0
7:9:28 [RQ Learn 10.0] Redis SET learned_models_ids: 10.0 ; set True
7:9:28 [QMD 82] All models on branch 4 have finished learning.
7:9:28 [RQ Learn 10.0] Learned. rq time: 1592.7933344841003
7:9:28[QML:Reduced 9; QMD 82] Updating learned info for model 9
7:9:28[QML:Reduced 9; QMD 82] Updated learned info for model 9
7:9:28[QML:Reduced 10; QMD 82] Updating learned info for model 10
7:9:28[QML:Reduced 10; QMD 82] Updated learned info for model 10
7:9:28 [QMD 82] remoteBayesFromBranchID 4 model id list: [9, 10]
7:9:28 [QMD 82] Computing BF for pair 9,10
7:9:28 [QMD 82] Bayes factor calculation queued. Model IDs 9 10
7:9:35[QML:Bayes 9; QMD 82] Name: xTiPPxTxPPyTiPPzTiPPzTz
7:9:35[QML:Bayes 9; QMD 82] Time to reconstruct updater: 0.0019474029541015625
7:9:35[QML:Bayes 9; QMD 82] Prior mean: [ 0.78829496  0.06862912  6.00867459  1.54048862  0.95634903]
7:9:35[QML:Bayes 10; QMD 82] Name: xTiPPyTiPPyTyPPzTiPPzTz
7:9:35[QML:Bayes 10; QMD 82] Time to reconstruct updater: 0.001458883285522461
7:9:35[QML:Bayes 10; QMD 82] Prior mean: [ 2.08824976  6.35143779  0.56476213  1.7800338  -0.22689711]
7:9:35 [RQ Bayes 9/10] Start. Branch 4
8:1:34 [RQ Bayes 9/10] BF computed: A:9; B:10; BF:2.748890523304148e+43 	Reset remormalisation record: False
8:1:34 [RQ Bayes 9/10] Finished. rq time:  3118.8645362854004
8:1:34 [QMD 82] compareModelsWithinBranch 4 active_models_in_branch_old: [9.0, 10.0] active_models_in_branch_new: [9, 10]
8:1:34 [QMD 82] [compareModelsWithinBranch 4] Point to 9 (comparison 9/10)
8:1:34 [QMD 82] Model points for branch 4 {9: 1, 10: 0}
8:1:34 [QMD 82] Champion of branch  4  is  xTiPPxTxPPyTiPPzTiPPzTz (9)
8:1:34 [QMD 82] Spawning. Growth rule: NV_alternative_model. Depth: 5
8:1:34 [QMD 82] After model generation for growth rule NV_alternative_model SPAWN STAGE: [None] 
new models: ['xTiPPxTxPPyTiPPyTyPPzTiPPzTz']
8:1:34 [QMD 82] Branch 5 growth rule NV_alternative_model has 1 new models ['xTiPPxTxPPyTiPPyTyPPzTiPPzTz']
8:1:34 [DB] Model  xTiPPxTxPPyTiPPyTyPPzTiPPzTz  not previously considered -- adding. ID: 11
8:1:34 [QMD 82] Model  xTiPPxTxPPyTiPPyTyPPzTiPPzTz 
	computed already:  False 
	ID: 11
8:1:34 [QMD 82] Num models already computed on branch  5 = 0
8:1:34 [QMD 82] Models to add to new branch ( 5 ):  ['xTiPPxTxPPyTiPPyTyPPzTiPPzTz']
8:1:34 [QMD 82] learnModelFromBranchID branch 5 : ['xTiPPxTxPPyTiPPyTyPPzTiPPzTz']
8:1:34 [QMD 82] learnModelFromBranchID. Setting active branches on redis for branch 5 to 0
8:1:34 [QMD 82] branch 5 precomputed: []
8:1:34 [QMD 82] Branch  5 has unlearned models: ['xTiPPxTxPPyTiPPyTyPPzTiPPzTz']
8:1:34 [QMD 82] Model  xTiPPxTxPPyTiPPyTyPPzTiPPzTz being passed to learnModel function
8:1:34 [QMD 82] Model xTiPPxTxPPyTiPPyTyPPzTiPPzTz added to queue.
8:1:34 [QMD 82] learnModelFromBranchID finished, branch 5
8:1:41 [QML 11] QML for  xTiPPxTxPPyTiPPyTyPPzTiPPzTz
8:1:41 [QML 11] Getting prior for model: xTiPPxTxPPyTiPPyTyPPzTiPPzTz Specific terms: {}
8:1:42 [QML 11] Initialization Ready
8:1:42 [RQ Learn 11.0] Time to unpickle and initialise QML class: 1.0716822147369385
8:1:42 [RQ Learn 11.0] Updating model.
8:1:42 [QML 11] Experiment 0
8:1:42 [QML 11] Initial time selected >  0.0478522315169
8:4:5 [QML 11] Experiment 75
8:6:38 [QML 11] Experiment 150
8:9:14 [QML 11] Experiment 225
8:11:59 [QML 11] Experiment 300
8:14:39 [QML 11] Experiment 375
8:17:19 [QML 11] Experiment 450
8:20:5 [QML 11] Experiment 525
8:22:46 [QML 11] Experiment 600
8:25:22 [QML 11] Experiment 675
8:28:2 [QML 11] Results for QHL on  xTiPPxTxPPyTiPPyTyPPzTiPPzTz
8:28:2 [QML 11] Final time selected > 2.45
8:28:2 [QML 11] Cumulative time.	 Datum: 0.8960013389587402 	 Update: 1576.1794974803925
8:28:2 [QML 11] Final Parameters mean and stdev (term  xTi ): [ 2.93372966  0.15961533]
8:28:2 [QML 11] Final Parameters mean and stdev (term  xTx ): [ 1.63273047  0.21164182]
8:28:2 [QML 11] Final Parameters mean and stdev (term  yTi ): [ 6.80509876  0.09691951]
8:28:2 [QML 11] Final Parameters mean and stdev (term  yTy ): [ 1.24958714  0.02988043]
8:28:2 [QML 11] Final Parameters mean and stdev (term  zTi ): [ 1.39809535  0.34110695]
8:28:2 [QML 11] Final Parameters mean and stdev (term  zTz ): [ 1.27524857  0.09330883]
8:28:2 [RQ Learn 11.0] Time for update alone: 1580.1251108646393
8:28:2 [RQ Learn 11.0] Redis learned_models_info added to db for model: 11.0
8:28:2 [RQ Learn 11.0] Redis SET learned_models_ids: 11.0 ; set True
8:28:2 [QMD 82] All models on branch 5 have finished learning.
8:28:2 [RQ Learn 11.0] Learned. rq time: 1581.493986606598
8:28:2[QML:Reduced 11; QMD 82] Updating learned info for model 11
8:28:2[QML:Reduced 11; QMD 82] Updated learned info for model 11
8:28:2 [QMD 82] remoteBayesFromBranchID 5 model id list: [11]
8:28:2 [QMD 82] compareModelsWithinBranch 5 active_models_in_branch_old: [11.0] active_models_in_branch_new: [11]
8:28:2 [QMD 82] Model points for branch 5 {11: 0}
8:28:2 [QMD 82] Champion of branch  5  is  xTiPPxTxPPyTiPPyTyPPzTiPPzTz (11)
8:28:2 [QMD 82] Spawning. Growth rule: NV_alternative_model. Depth: 6
8:28:2 [QMD 82] After model generation for growth rule NV_alternative_model SPAWN STAGE: [None] 
new models: ['xTiPPxTxPPyTiPPyTyPPyTzPPzTiPPzTz', 'xTiPPxTxPPxTzPPyTiPPyTyPPzTiPPzTz', 'xTiPPxTxPPxTyPPyTiPPyTyPPzTiPPzTz']
8:28:2 [QMD 82] Branch 6 growth rule NV_alternative_model has 3 new models ['xTiPPxTxPPyTiPPyTyPPyTzPPzTiPPzTz', 'xTiPPxTxPPxTzPPyTiPPyTyPPzTiPPzTz', 'xTiPPxTxPPxTyPPyTiPPyTyPPzTiPPzTz']
8:28:2 [DB] Model  xTiPPxTxPPyTiPPyTyPPyTzPPzTiPPzTz  not previously considered -- adding. ID: 12
8:28:2 [QMD 82] Model  xTiPPxTxPPyTiPPyTyPPyTzPPzTiPPzTz 
	computed already:  False 
	ID: 12
8:28:2 [DB] Model  xTiPPxTxPPxTzPPyTiPPyTyPPzTiPPzTz  not previously considered -- adding. ID: 13
8:28:2 [QMD 82] Model  xTiPPxTxPPxTzPPyTiPPyTyPPzTiPPzTz 
	computed already:  False 
	ID: 13
8:28:2 [DB] Model  xTiPPxTxPPxTyPPyTiPPyTyPPzTiPPzTz  not previously considered -- adding. ID: 14
8:28:2 [QMD 82] Model  xTiPPxTxPPxTyPPyTiPPyTyPPzTiPPzTz 
	computed already:  False 
	ID: 14
8:28:2 [QMD 82] Num models already computed on branch  6 = 0
8:28:2 [QMD 82] Models to add to new branch ( 6 ):  ['xTiPPxTxPPyTiPPyTyPPyTzPPzTiPPzTz', 'xTiPPxTxPPxTzPPyTiPPyTyPPzTiPPzTz', 'xTiPPxTxPPxTyPPyTiPPyTyPPzTiPPzTz']
8:28:2 [QMD 82] learnModelFromBranchID branch 6 : ['xTiPPxTxPPyTiPPyTyPPyTzPPzTiPPzTz', 'xTiPPxTxPPxTzPPyTiPPyTyPPzTiPPzTz', 'xTiPPxTxPPxTyPPyTiPPyTyPPzTiPPzTz']
8:28:2 [QMD 82] learnModelFromBranchID. Setting active branches on redis for branch 6 to 0
8:28:2 [QMD 82] branch 6 precomputed: []
8:28:2 [QMD 82] Branch  6 has unlearned models: ['xTiPPxTxPPyTiPPyTyPPyTzPPzTiPPzTz', 'xTiPPxTxPPxTzPPyTiPPyTyPPzTiPPzTz', 'xTiPPxTxPPxTyPPyTiPPyTyPPzTiPPzTz']
8:28:2 [QMD 82] Model  xTiPPxTxPPyTiPPyTyPPyTzPPzTiPPzTz being passed to learnModel function
8:28:2 [QMD 82] Model xTiPPxTxPPyTiPPyTyPPyTzPPzTiPPzTz added to queue.
8:28:2 [QMD 82] Model  xTiPPxTxPPxTzPPyTiPPyTyPPzTiPPzTz being passed to learnModel function
8:28:2 [QMD 82] Model xTiPPxTxPPxTzPPyTiPPyTyPPzTiPPzTz added to queue.
8:28:2 [QMD 82] Model  xTiPPxTxPPxTyPPyTiPPyTyPPzTiPPzTz being passed to learnModel function
8:28:2 [QMD 82] Model xTiPPxTxPPxTyPPyTiPPyTyPPzTiPPzTz added to queue.
8:28:2 [QMD 82] learnModelFromBranchID finished, branch 6
8:28:9 [QML 14] QML for  xTiPPxTxPPxTyPPyTiPPyTyPPzTiPPzTz
8:28:9 [QML 12] QML for  xTiPPxTxPPyTiPPyTyPPyTzPPzTiPPzTz
8:28:9 [QML 13] QML for  xTiPPxTxPPxTzPPyTiPPyTyPPzTiPPzTz
8:28:9 [QML 14] Getting prior for model: xTiPPxTxPPxTyPPyTiPPyTyPPzTiPPzTz Specific terms: {}
8:28:9 [QML 12] Getting prior for model: xTiPPxTxPPyTiPPyTyPPyTzPPzTiPPzTz Specific terms: {}
8:28:9 [QML 13] Getting prior for model: xTiPPxTxPPxTzPPyTiPPyTyPPzTiPPzTz Specific terms: {}
8:28:10 [QML 14] Initialization Ready
8:28:10 [RQ Learn 14.0] Time to unpickle and initialise QML class: 1.3946385383605957
8:28:10 [RQ Learn 14.0] Updating model.
8:28:10 [QML 14] Experiment 0
8:28:10 [QML 14] Initial time selected >  0.0387977387856
8:28:10 [QML 12] Initialization Ready
8:28:10 [RQ Learn 12.0] Time to unpickle and initialise QML class: 1.397888422012329
8:28:10 [RQ Learn 12.0] Updating model.
8:28:10 [QML 12] Experiment 0
8:28:10 [QML 12] Initial time selected >  0.05570324535
8:28:10 [QML 13] Initialization Ready
8:28:10 [RQ Learn 13.0] Time to unpickle and initialise QML class: 1.4060683250427246
8:28:10 [RQ Learn 13.0] Updating model.
8:28:10 [QML 13] Experiment 0
8:28:10 [QML 13] Initial time selected >  0.0901180313823
8:30:32 [QML 14] Experiment 75
8:30:36 [QML 13] Experiment 75
8:30:39 [QML 12] Experiment 75
8:32:57 [QML 14] Experiment 150
8:32:58 [QML 13] Experiment 150
8:33:4 [QML 12] Experiment 150
8:35:25 [QML 13] Experiment 225
8:35:27 [QML 14] Experiment 225
8:35:39 [QML 12] Experiment 225
8:37:56 [QML 13] Experiment 300
8:38:0 [QML 14] Experiment 300
8:38:16 [QML 12] Experiment 300
8:40:31 [QML 13] Experiment 375
8:40:33 [QML 14] Experiment 375
8:40:54 [QML 12] Experiment 375
8:43:12 [QML 13] Experiment 450
8:43:13 [QML 14] Experiment 450
8:43:37 [QML 12] Experiment 450
8:45:54 [QML 14] Experiment 525
8:45:55 [QML 13] Experiment 525
8:46:23 [QML 12] Experiment 525
8:48:34 [QML 14] Experiment 600
8:48:36 [QML 13] Experiment 600
8:49:6 [QML 12] Experiment 600
8:51:8 [QML 14] Experiment 675
8:51:12 [QML 13] Experiment 675
8:51:42 [QML 12] Experiment 675
8:53:48 [QML 14] Results for QHL on  xTiPPxTxPPxTyPPyTiPPyTyPPzTiPPzTz
8:53:48 [QML 14] Final time selected > 2.45
8:53:48 [QML 14] Cumulative time.	 Datum: 0.8251097202301025 	 Update: 1533.140029668808
8:53:48 [QML 14] Final Parameters mean and stdev (term  xTi ): [ 3.31930441  0.27404589]
8:53:48 [QML 14] Final Parameters mean and stdev (term  xTx ): [ 2.10947351  0.20850351]
8:53:48 [QML 14] Final Parameters mean and stdev (term  xTy ): [ 1.21163265  0.69045099]
8:53:48 [QML 14] Final Parameters mean and stdev (term  yTi ): [ 6.28160256  0.10795661]
8:53:48 [QML 14] Final Parameters mean and stdev (term  yTy ): [ 0.31941001  0.24371687]
8:53:48 [QML 14] Final Parameters mean and stdev (term  zTi ): [ 1.64602246  0.23165845]
8:53:48 [QML 14] Final Parameters mean and stdev (term  zTz ): [ 0.55248457  0.42795406]
8:53:48 [RQ Learn 14.0] Time for update alone: 1537.4344239234924
8:53:48 [RQ Learn 14.0] Redis learned_models_info added to db for model: 14.0
8:53:48 [RQ Learn 14.0] Redis SET learned_models_ids: 14.0 ; set True
8:53:48 [RQ Learn 14.0] Learned. rq time: 1539.0758850574493
8:53:54 [QML 13] Results for QHL on  xTiPPxTxPPxTzPPyTiPPyTyPPzTiPPzTz
8:53:54 [QML 13] Final time selected > 2.45
8:53:54 [QML 13] Cumulative time.	 Datum: 0.8285322189331055 	 Update: 1539.940777540207
8:53:54 [QML 13] Final Parameters mean and stdev (term  xTi ): [ 1.34318193  0.16716273]
8:53:54 [QML 13] Final Parameters mean and stdev (term  xTx ): [ 1.50224445  0.15190815]
8:53:54 [QML 13] Final Parameters mean and stdev (term  xTz ): [ 0.51679457  0.29963821]
8:53:54 [QML 13] Final Parameters mean and stdev (term  yTi ): [ 5.69373917  0.17803993]
8:53:54 [QML 13] Final Parameters mean and stdev (term  yTy ): [ 0.22196187  0.17107083]
8:53:54 [QML 13] Final Parameters mean and stdev (term  zTi ): [ 1.29762859  0.08902222]
8:53:54 [QML 13] Final Parameters mean and stdev (term  zTz ): [-0.07853369  0.06871453]
8:53:54 [RQ Learn 13.0] Time for update alone: 1544.2732741832733
8:53:55 [RQ Learn 13.0] Redis learned_models_info added to db for model: 13.0
8:53:55 [RQ Learn 13.0] Redis SET learned_models_ids: 13.0 ; set True
8:53:55 [RQ Learn 13.0] Learned. rq time: 1545.9263155460358
8:54:25 [QML 12] Results for QHL on  xTiPPxTxPPyTiPPyTyPPyTzPPzTiPPzTz
8:54:25 [QML 12] Final time selected > 2.45
8:54:25 [QML 12] Cumulative time.	 Datum: 0.8708996772766113 	 Update: 1570.4227743148804
8:54:25 [QML 12] Final Parameters mean and stdev (term  xTi ): [ 1.84021358  0.07916309]
8:54:25 [QML 12] Final Parameters mean and stdev (term  xTx ): [ 0.14561558  0.08469509]
8:54:25 [QML 12] Final Parameters mean and stdev (term  yTi ): [ 5.95799408  0.03466593]
8:54:25 [QML 12] Final Parameters mean and stdev (term  yTy ): [ 0.0007711   0.06095909]
8:54:25 [QML 12] Final Parameters mean and stdev (term  yTz ): [ 0.06803096  0.02830144]
8:54:25 [QML 12] Final Parameters mean and stdev (term  zTi ): [ 1.27738252  0.09646764]
8:54:25 [QML 12] Final Parameters mean and stdev (term  zTz ): [ 0.55036934  0.07929172]
8:54:25 [RQ Learn 12.0] Time for update alone: 1574.8383927345276
8:54:25 [RQ Learn 12.0] Redis learned_models_info added to db for model: 12.0
8:54:25 [RQ Learn 12.0] Redis SET learned_models_ids: 12.0 ; set True
8:54:25 [QMD 82] All models on branch 6 have finished learning.
8:54:25 [RQ Learn 12.0] Learned. rq time: 1576.505334854126
8:54:25[QML:Reduced 12; QMD 82] Updating learned info for model 12
8:54:25[QML:Reduced 12; QMD 82] Updated learned info for model 12
8:54:25[QML:Reduced 13; QMD 82] Updating learned info for model 13
8:54:25[QML:Reduced 13; QMD 82] Updated learned info for model 13
8:54:25[QML:Reduced 14; QMD 82] Updating learned info for model 14
8:54:26[QML:Reduced 14; QMD 82] Updated learned info for model 14
8:54:26 [QMD 82] remoteBayesFromBranchID 6 model id list: [12, 13, 14]
8:54:26 [QMD 82] Computing BF for pair 12,13
8:54:26 [QMD 82] Bayes factor calculation queued. Model IDs 12 13
8:54:26 [QMD 82] Computing BF for pair 12,14
8:54:26 [QMD 82] Bayes factor calculation queued. Model IDs 12 14
8:54:26 [QMD 82] Computing BF for pair 13,14
8:54:26 [QMD 82] Bayes factor calculation queued. Model IDs 13 14
8:54:33[QML:Bayes 12; QMD 82] Name: xTiPPxTxPPyTiPPyTyPPyTzPPzTiPPzTz
8:54:33[QML:Bayes 13; QMD 82] Name: xTiPPxTxPPxTzPPyTiPPyTyPPzTiPPzTz
8:54:33[QML:Bayes 12; QMD 82] Name: xTiPPxTxPPyTiPPyTyPPyTzPPzTiPPzTz
8:54:33[QML:Bayes 12; QMD 82] Time to reconstruct updater: 0.002435922622680664
8:54:33[QML:Bayes 12; QMD 82] Prior mean: [  1.83896520e+00   1.47329167e-01   5.95628496e+00   1.12369556e-03
   6.65629011e-02   1.27993690e+00   5.54821192e-01]
8:54:33[QML:Bayes 13; QMD 82] Time to reconstruct updater: 0.0024895668029785156
8:54:33[QML:Bayes 13; QMD 82] Prior mean: [ 1.34306731  1.50273114  0.51514789  5.69176068  0.22182789  1.29762713
 -0.07771894]
8:54:33[QML:Bayes 12; QMD 82] Time to reconstruct updater: 0.0028023719787597656
8:54:33[QML:Bayes 12; QMD 82] Prior mean: [  1.83714922e+00   1.48653619e-01   5.95773650e+00   1.34505134e-03
   6.71912872e-02   1.28105375e+00   5.52124222e-01]
8:54:34[QML:Bayes 13; QMD 82] Name: xTiPPxTxPPxTzPPyTiPPyTyPPzTiPPzTz
8:54:34[QML:Bayes 14; QMD 82] Name: xTiPPxTxPPxTyPPyTiPPyTyPPzTiPPzTz
8:54:34[QML:Bayes 13; QMD 82] Time to reconstruct updater: 0.002071857452392578
8:54:34[QML:Bayes 13; QMD 82] Prior mean: [ 1.34850555  1.50584799  0.52206545  5.68633231  0.21645009  1.296977
 -0.07876406]
8:54:34[QML:Bayes 14; QMD 82] Time to reconstruct updater: 0.002035856246948242
8:54:34 [RQ Bayes 12/13] Start. Branch 6
8:54:34[QML:Bayes 14; QMD 82] Prior mean: [ 3.32843611  2.11142074  1.18746621  6.27928521  0.32654267  1.63519893
  0.56777532]
8:54:34[QML:Bayes 14; QMD 82] Name: xTiPPxTxPPxTyPPyTiPPyTyPPzTiPPzTz
8:54:34 [RQ Bayes 13/14] Start. Branch 6
8:54:34[QML:Bayes 14; QMD 82] Time to reconstruct updater: 0.0020875930786132812
8:54:34[QML:Bayes 14; QMD 82] Prior mean: [ 3.31611     2.11281135  1.21428677  6.28193538  0.31671751  1.65058998
  0.54552102]
8:54:34 [RQ Bayes 12/14] Start. Branch 6
9:46:8 [RQ Bayes 12/13] BF computed: A:12; B:13; BF:2.4610247983120426e+60 	Reset remormalisation record: False
9:46:8 [RQ Bayes 12/13] Finished. rq time:  3094.5346150398254
9:46:30 [RQ Bayes 13/14] BF computed: A:13; B:14; BF:62.59 	Reset remormalisation record: False
9:46:30 [RQ Bayes 13/14] Neither model much better.
9:46:30 [RQ Bayes 13/14] Finished. rq time:  3116.5373520851135
9:47:37 [RQ Bayes 12/14] BF computed: A:12; B:14; BF:6.624810596528152e+50 	Reset remormalisation record: False
9:47:37 [RQ Bayes 12/14] Finished. rq time:  3183.611616373062
9:47:37 [QMD 82] compareModelsWithinBranch 6 active_models_in_branch_old: [12.0, 13.0, 14.0] active_models_in_branch_new: [12, 13, 14]
9:47:37 [QMD 82] [compareModelsWithinBranch 6] Point to 12 (comparison 12/13)
9:47:37 [QMD 82] [compareModelsWithinBranch 6] Point to 12 (comparison 12/14)
9:47:37 [QMD 82] [compareModelsWithinBranch 6] Point to 13 (comparison 13/14)
9:47:37 [QMD 82] Model points for branch 6 {12: 2, 13: 1, 14: 0}
9:47:37 [QMD 82] Champion of branch  6  is  xTiPPxTxPPyTiPPyTyPPyTzPPzTiPPzTz (12)
9:47:37 [QMD 82] Spawning. Growth rule: NV_alternative_model. Depth: 7
9:47:37 [QMD 82] After model generation for growth rule NV_alternative_model SPAWN STAGE: [None] 
new models: ['xTiPPxTxPPxTyPPyTiPPyTyPPyTzPPzTiPPzTz', 'xTiPPxTxPPxTzPPyTiPPyTyPPyTzPPzTiPPzTz']
9:47:37 [QMD 82] Branch 7 growth rule NV_alternative_model has 2 new models ['xTiPPxTxPPxTyPPyTiPPyTyPPyTzPPzTiPPzTz', 'xTiPPxTxPPxTzPPyTiPPyTyPPyTzPPzTiPPzTz']
9:47:37 [DB] Model  xTiPPxTxPPxTyPPyTiPPyTyPPyTzPPzTiPPzTz  not previously considered -- adding. ID: 15
9:47:37 [QMD 82] Model  xTiPPxTxPPxTyPPyTiPPyTyPPyTzPPzTiPPzTz 
	computed already:  False 
	ID: 15
9:47:37 [DB] Model  xTiPPxTxPPxTzPPyTiPPyTyPPyTzPPzTiPPzTz  not previously considered -- adding. ID: 16
9:47:37 [QMD 82] Model  xTiPPxTxPPxTzPPyTiPPyTyPPyTzPPzTiPPzTz 
	computed already:  False 
	ID: 16
9:47:37 [QMD 82] Num models already computed on branch  7 = 0
9:47:37 [QMD 82] Models to add to new branch ( 7 ):  ['xTiPPxTxPPxTyPPyTiPPyTyPPyTzPPzTiPPzTz', 'xTiPPxTxPPxTzPPyTiPPyTyPPyTzPPzTiPPzTz']
9:47:37 [QMD 82] learnModelFromBranchID branch 7 : ['xTiPPxTxPPxTyPPyTiPPyTyPPyTzPPzTiPPzTz', 'xTiPPxTxPPxTzPPyTiPPyTyPPyTzPPzTiPPzTz']
9:47:37 [QMD 82] learnModelFromBranchID. Setting active branches on redis for branch 7 to 0
9:47:37 [QMD 82] branch 7 precomputed: []
9:47:37 [QMD 82] Branch  7 has unlearned models: ['xTiPPxTxPPxTyPPyTiPPyTyPPyTzPPzTiPPzTz', 'xTiPPxTxPPxTzPPyTiPPyTyPPyTzPPzTiPPzTz']
9:47:37 [QMD 82] Model  xTiPPxTxPPxTyPPyTiPPyTyPPyTzPPzTiPPzTz being passed to learnModel function
9:47:37 [QMD 82] Model xTiPPxTxPPxTyPPyTiPPyTyPPyTzPPzTiPPzTz added to queue.
9:47:37 [QMD 82] Model  xTiPPxTxPPxTzPPyTiPPyTyPPyTzPPzTiPPzTz being passed to learnModel function
9:47:37 [QMD 82] Model xTiPPxTxPPxTzPPyTiPPyTyPPyTzPPzTiPPzTz added to queue.
9:47:37 [QMD 82] learnModelFromBranchID finished, branch 7
9:47:43 [QML 15] QML for  xTiPPxTxPPxTyPPyTiPPyTyPPyTzPPzTiPPzTz
9:47:43 [QML 16] QML for  xTiPPxTxPPxTzPPyTiPPyTyPPyTzPPzTiPPzTz
9:47:43 [QML 15] Getting prior for model: xTiPPxTxPPxTyPPyTiPPyTyPPyTzPPzTiPPzTz Specific terms: {}
9:47:43 [QML 16] Getting prior for model: xTiPPxTxPPxTzPPyTiPPyTyPPyTzPPzTiPPzTz Specific terms: {}
9:47:44 [QML 15] Initialization Ready
9:47:44 [RQ Learn 15.0] Time to unpickle and initialise QML class: 1.4322435855865479
9:47:44 [RQ Learn 15.0] Updating model.
9:47:44 [QML 15] Experiment 0
9:47:44 [QML 15] Initial time selected >  0.0325850518886
9:47:44 [QML 16] Initialization Ready
9:47:44 [RQ Learn 16.0] Time to unpickle and initialise QML class: 1.4473671913146973
9:47:44 [RQ Learn 16.0] Updating model.
9:47:44 [QML 16] Experiment 0
9:47:44 [QML 16] Initial time selected >  0.0516361705378
9:50:3 [QML 15] Experiment 75
9:50:5 [QML 16] Experiment 75
9:52:25 [QML 15] Experiment 150
9:52:30 [QML 16] Experiment 150
9:54:49 [QML 15] Experiment 225
9:54:57 [QML 16] Experiment 225
9:57:20 [QML 15] Experiment 300
9:57:32 [QML 16] Experiment 300
9:59:48 [QML 15] Experiment 375
10:0:3 [QML 16] Experiment 375
10:2:27 [QML 15] Experiment 450
10:2:43 [QML 16] Experiment 450
10:5:7 [QML 15] Experiment 525
10:5:24 [QML 16] Experiment 525
10:7:47 [QML 15] Experiment 600
10:8:4 [QML 16] Experiment 600
10:10:22 [QML 15] Experiment 675
10:10:41 [QML 16] Experiment 675
10:13:1 [QML 15] Results for QHL on  xTiPPxTxPPxTyPPyTiPPyTyPPyTzPPzTiPPzTz
10:13:1 [QML 15] Final time selected > 2.45
10:13:1 [QML 15] Cumulative time.	 Datum: 0.79132080078125 	 Update: 1512.1059455871582
10:13:1 [QML 15] Final Parameters mean and stdev (term  xTi ): [ 1.68486479  0.5508715 ]
10:13:1 [QML 15] Final Parameters mean and stdev (term  xTx ): [ 1.51250838  0.36544317]
10:13:1 [QML 15] Final Parameters mean and stdev (term  xTy ): [ 2.26334023  0.78111424]
10:13:1 [QML 15] Final Parameters mean and stdev (term  yTi ): [ 6.34422656  0.16309147]
10:13:1 [QML 15] Final Parameters mean and stdev (term  yTy ): [-0.33527242  0.31815646]
10:13:1 [QML 15] Final Parameters mean and stdev (term  yTz ): [ 0.61730466  0.28726799]
10:13:1 [QML 15] Final Parameters mean and stdev (term  zTi ): [ 1.50739413  0.22447038]
10:13:1 [QML 15] Final Parameters mean and stdev (term  zTz ): [ 1.91891479  0.09890937]
10:13:1 [RQ Learn 15.0] Time for update alone: 1516.8626811504364
10:13:1 [RQ Learn 15.0] Redis learned_models_info added to db for model: 15.0
10:13:1 [RQ Learn 15.0] Redis SET learned_models_ids: 15.0 ; set True
10:13:1 [RQ Learn 15.0] Learned. rq time: 1518.557424068451
10:13:20 [QML 16] Results for QHL on  xTiPPxTxPPxTzPPyTiPPyTyPPyTzPPzTiPPzTz
10:13:20 [QML 16] Final time selected > 2.45
10:13:20 [QML 16] Cumulative time.	 Datum: 0.7923567295074463 	 Update: 1531.415986776352
10:13:20 [QML 16] Final Parameters mean and stdev (term  xTi ): [ 4.40934096  0.30264486]
10:13:20 [QML 16] Final Parameters mean and stdev (term  xTx ): [ 0.08608173  0.27299607]
10:13:20 [QML 16] Final Parameters mean and stdev (term  xTz ): [ 4.59966962  0.44080257]
10:13:20 [QML 16] Final Parameters mean and stdev (term  yTi ): [ 7.64372969  0.28903628]
10:13:20 [QML 16] Final Parameters mean and stdev (term  yTy ): [ 2.88905581  0.13468744]
10:13:20 [QML 16] Final Parameters mean and stdev (term  yTz ): [ 0.4869577   0.17459458]
10:13:20 [QML 16] Final Parameters mean and stdev (term  zTi ): [ 1.89129209  0.22346549]
10:13:20 [QML 16] Final Parameters mean and stdev (term  zTz ): [ 1.12582432  0.12262968]
10:13:20 [RQ Learn 16.0] Time for update alone: 1536.2072553634644
10:13:21 [RQ Learn 16.0] Redis learned_models_info added to db for model: 16.0
10:13:21 [RQ Learn 16.0] Redis SET learned_models_ids: 16.0 ; set True
10:13:21 [QMD 82] All models on branch 7 have finished learning.
10:13:21 [RQ Learn 16.0] Learned. rq time: 1537.9183282852173
10:13:21[QML:Reduced 15; QMD 82] Updating learned info for model 15
10:13:21[QML:Reduced 15; QMD 82] Updated learned info for model 15
10:13:21[QML:Reduced 16; QMD 82] Updating learned info for model 16
10:13:21[QML:Reduced 16; QMD 82] Updated learned info for model 16
10:13:21 [QMD 82] remoteBayesFromBranchID 7 model id list: [15, 16]
10:13:21 [QMD 82] Computing BF for pair 15,16
10:13:21 [QMD 82] Bayes factor calculation queued. Model IDs 15 16
10:13:27[QML:Bayes 15; QMD 82] Name: xTiPPxTxPPxTyPPyTiPPyTyPPyTzPPzTiPPzTz
10:13:27[QML:Bayes 15; QMD 82] Time to reconstruct updater: 0.0025246143341064453
10:13:27[QML:Bayes 15; QMD 82] Prior mean: [ 1.68367668  1.50866143  2.25754115  6.34408329 -0.33558789  0.61688635
  1.50676012  1.9178805 ]
10:13:28[QML:Bayes 16; QMD 82] Name: xTiPPxTxPPxTzPPyTiPPyTyPPyTzPPzTiPPzTz
10:13:28[QML:Bayes 16; QMD 82] Time to reconstruct updater: 0.0020554065704345703
10:13:28[QML:Bayes 16; QMD 82] Prior mean: [ 4.40951655  0.08761517  4.59204423  7.64757592  2.89307846  0.48772457
  1.88699433  1.1237559 ]
10:13:28 [RQ Bayes 15/16] Start. Branch 7
11:4:32 [RQ Bayes 15/16] BF computed: A:15; B:16; BF:9570852621349470.0 	Reset remormalisation record: False
11:4:32 [RQ Bayes 15/16] Finished. rq time:  3065.0346660614014
11:4:32 [QMD 82] compareModelsWithinBranch 7 active_models_in_branch_old: [15.0, 16.0] active_models_in_branch_new: [15, 16]
11:4:32 [QMD 82] [compareModelsWithinBranch 7] Point to 15 (comparison 15/16)
11:4:32 [QMD 82] Model points for branch 7 {15: 1, 16: 0}
11:4:32 [QMD 82] Champion of branch  7  is  xTiPPxTxPPxTyPPyTiPPyTyPPyTzPPzTiPPzTz (15)
11:4:32 [QMD 82] Spawning. Growth rule: NV_alternative_model. Depth: 8
11:4:32 [QMD 82] After model generation for growth rule NV_alternative_model SPAWN STAGE: [None] 
new models: ['xTiPPxTxPPxTyPPxTzPPyTiPPyTyPPyTzPPzTiPPzTz']
11:4:32 [QMD 82] Branch 8 growth rule NV_alternative_model has 1 new models ['xTiPPxTxPPxTyPPxTzPPyTiPPyTyPPyTzPPzTiPPzTz']
11:4:32 [DB] Model  xTiPPxTxPPxTyPPxTzPPyTiPPyTyPPyTzPPzTiPPzTz  not previously considered -- adding. ID: 17
11:4:32 [QMD 82] Model  xTiPPxTxPPxTyPPxTzPPyTiPPyTyPPyTzPPzTiPPzTz 
	computed already:  False 
	ID: 17
11:4:32 [QMD 82] Num models already computed on branch  8 = 0
11:4:32 [QMD 82] Models to add to new branch ( 8 ):  ['xTiPPxTxPPxTyPPxTzPPyTiPPyTyPPyTzPPzTiPPzTz']
11:4:32 [QMD 82] learnModelFromBranchID branch 8 : ['xTiPPxTxPPxTyPPxTzPPyTiPPyTyPPyTzPPzTiPPzTz']
11:4:32 [QMD 82] learnModelFromBranchID. Setting active branches on redis for branch 8 to 0
11:4:32 [QMD 82] branch 8 precomputed: []
11:4:32 [QMD 82] Branch  8 has unlearned models: ['xTiPPxTxPPxTyPPxTzPPyTiPPyTyPPyTzPPzTiPPzTz']
11:4:32 [QMD 82] Model  xTiPPxTxPPxTyPPxTzPPyTiPPyTyPPyTzPPzTiPPzTz being passed to learnModel function
11:4:32 [QMD 82] Model xTiPPxTxPPxTyPPxTzPPyTiPPyTyPPyTzPPzTiPPzTz added to queue.
11:4:32 [QMD 82] learnModelFromBranchID finished, branch 8
11:4:32 [QMD 82] All trees have completed. Num complete: 1
11:4:39 [QML 17] QML for  xTiPPxTxPPxTyPPxTzPPyTiPPyTyPPyTzPPzTiPPzTz
11:4:39 [QML 17] Getting prior for model: xTiPPxTxPPxTyPPxTzPPyTiPPyTyPPyTzPPzTiPPzTz Specific terms: {}
11:4:40 [QML 17] Initialization Ready
11:4:40 [RQ Learn 17.0] Time to unpickle and initialise QML class: 1.4810714721679688
11:4:40 [RQ Learn 17.0] Updating model.
11:4:40 [QML 17] Experiment 0
11:4:40 [QML 17] Initial time selected >  0.037109346089
11:7:3 [QML 17] Experiment 75
11:9:28 [QML 17] Experiment 150
11:11:56 [QML 17] Experiment 225
11:14:29 [QML 17] Experiment 300
11:16:57 [QML 17] Experiment 375
11:19:32 [QML 17] Experiment 450
11:22:8 [QML 17] Experiment 525
11:24:43 [QML 17] Experiment 600
11:27:14 [QML 17] Experiment 675
11:30:9 [QML 17] Results for QHL on  xTiPPxTxPPxTyPPxTzPPyTiPPyTyPPyTzPPzTiPPzTz
11:30:9 [QML 17] Final time selected > 2.45
11:30:9 [QML 17] Cumulative time.	 Datum: 0.8282434940338135 	 Update: 1523.7806949615479
11:30:9 [QML 17] Final Parameters mean and stdev (term  xTi ): [ 5.14967113  0.05226616]
11:30:9 [QML 17] Final Parameters mean and stdev (term  xTx ): [ 1.10571615  0.10816003]
11:30:9 [QML 17] Final Parameters mean and stdev (term  xTy ): [ 1.9562515   0.15067248]
11:30:9 [QML 17] Final Parameters mean and stdev (term  xTz ): [-2.3550178   0.11659763]
11:30:9 [QML 17] Final Parameters mean and stdev (term  yTi ): [ 6.95529332  0.12448866]
11:30:9 [QML 17] Final Parameters mean and stdev (term  yTy ): [ 2.66998659  0.17926725]
11:30:9 [QML 17] Final Parameters mean and stdev (term  yTz ): [-0.13982009  0.14379051]
11:30:9 [QML 17] Final Parameters mean and stdev (term  zTi ): [ 2.65734242  0.16047806]
11:30:9 [QML 17] Final Parameters mean and stdev (term  zTz ): [ 1.42391018  0.17451346]
11:30:10 [RQ Learn 17.0] Time for update alone: 1529.152718782425
11:30:10 [RQ Learn 17.0] Redis learned_models_info added to db for model: 17.0
11:30:10 [RQ Learn 17.0] Redis SET learned_models_ids: 17.0 ; set True
11:30:10 [QMD 82] remoteBayesFromBranchID 8 model id list: [17]
11:30:10 [RQ Learn 17.0] Learned. rq time: 1530.9155814647675
11:30:10 [QMD 82] compareModelsWithinBranch 8 active_models_in_branch_old: [17.0] active_models_in_branch_new: [17]
11:30:10 [QMD 82] Model points for branch 8 {17: 0}
11:30:10 [QMD 82] Champion of branch  8  is  xTiPPxTxPPxTyPPxTzPPyTiPPyTyPPyTzPPzTiPPzTz (17)
11:30:10 [QMD 82] Active branch champs at start of final Bayes comp: [1, 3, 5, 8, 9, 11, 12, 15, 17]
11:30:10 [QMD 82] Model 1 doesn't have a parent to compare with.
11:30:10 [QMD 82] Bayes factor calculation queued. Model IDs 1 3
11:30:10 [QMD 82] Comparing child  3 with parent 1
11:30:10 [QMD 82] Bayes factor calculation queued. Model IDs 3 5
11:30:10 [QMD 82] Comparing child  5 with parent 3
11:30:10 [QMD 82] Bayes factor calculation queued. Model IDs 5 8
11:30:10 [QMD 82] Comparing child  8 with parent 5
11:30:10 [QMD 82] Bayes factor calculation queued. Model IDs 8 9
11:30:10 [QMD 82] Comparing child  9 with parent 8
11:30:10 [QMD 82] Bayes factor calculation queued. Model IDs 9 11
11:30:10 [QMD 82] Comparing child  11 with parent 9
11:30:10 [QMD 82] Bayes factor calculation queued. Model IDs 11 12
11:30:10 [QMD 82] Comparing child  12 with parent 11
11:30:10 [QMD 82] Bayes factor calculation queued. Model IDs 12 15
11:30:10 [QMD 82] Comparing child  15 with parent 12
11:30:10 [QMD 82] Bayes factor calculation queued. Model IDs 15 17
11:30:10 [QMD 82] Comparing child  17 with parent 15
11:30:10 [QMD 82] Final Bayes Comparisons. 
Entering while loop in final bayes fnc. 
active branch champs:  [1, 3, 5, 8, 9, 11, 12, 15, 17]
11:30:10 [QMD 82] Waiting on parent/child Bayes factors.
11:30:10 [QMD 82] Waiting on parent/child Bayes factors.
11:30:16[QML:Bayes 3; QMD 82] Name: yTiPPzTi
11:30:16[QML:Bayes 8; QMD 82] Name: xTiPPyTiPPzTiPPzTz
11:30:16[QML:Bayes 9; QMD 82] Name: xTiPPxTxPPyTiPPzTiPPzTz
11:30:16[QML:Bayes 3; QMD 82] Time to reconstruct updater: 0.001287221908569336
11:30:16[QML:Bayes 3; QMD 82] Prior mean: [ 5.85792447  1.93685081]
11:30:16[QML:Bayes 5; QMD 82] Name: xTiPPyTiPPzTi
11:30:16[QML:Bayes 8; QMD 82] Time to reconstruct updater: 0.0017189979553222656
11:30:16[QML:Bayes 8; QMD 82] Prior mean: [ 1.1137323   5.94601989  1.6802286   0.79954472]
11:30:16[QML:Bayes 9; QMD 82] Time to reconstruct updater: 0.0019099712371826172
11:30:16[QML:Bayes 9; QMD 82] Prior mean: [ 0.77979591  0.06627542  6.00993797  1.53535212  0.96066318]
11:30:16[QML:Bayes 5; QMD 82] Time to reconstruct updater: 0.0015730857849121094
11:30:16[QML:Bayes 5; QMD 82] Prior mean: [ 1.53621918  6.02442638  1.95716317]
11:30:16[QML:Bayes 11; QMD 82] Name: xTiPPxTxPPyTiPPyTyPPzTiPPzTz
11:30:16[QML:Bayes 11; QMD 82] Time to reconstruct updater: 0.002128124237060547
11:30:16[QML:Bayes 11; QMD 82] Prior mean: [ 2.93627915  1.63108785  6.80168887  1.24886532  1.41451826  1.27452377]
11:30:16[QML:Bayes 1; QMD 82] Name: yTi
11:30:16[QML:Bayes 1; QMD 82] Time to reconstruct updater: 0.0009715557098388672
11:30:16[QML:Bayes 1; QMD 82] Prior mean: [ 6.53989508]
11:30:17[QML:Bayes 5; QMD 82] Name: xTiPPyTiPPzTi
11:30:17[QML:Bayes 5; QMD 82] Time to reconstruct updater: 0.0013043880462646484
11:30:17[QML:Bayes 5; QMD 82] Prior mean: [ 1.53744985  6.02407737  1.95609837]
11:30:17 [RQ Bayes 3/5] Start. Branch None
11:30:17[QML:Bayes 8; QMD 82] Name: xTiPPyTiPPzTiPPzTz
11:30:17[QML:Bayes 8; QMD 82] Time to reconstruct updater: 0.0013620853424072266
11:30:17[QML:Bayes 8; QMD 82] Prior mean: [ 1.11464548  5.94637373  1.67994042  0.80012814]
11:30:17[QML:Bayes 11; QMD 82] Name: xTiPPxTxPPyTiPPyTyPPzTiPPzTz
11:30:17[QML:Bayes 9; QMD 82] Name: xTiPPxTxPPyTiPPzTiPPzTz
11:30:17 [RQ Bayes 5/8] Start. Branch None
11:30:17[QML:Bayes 9; QMD 82] Time to reconstruct updater: 0.0014913082122802734
11:30:17[QML:Bayes 11; QMD 82] Time to reconstruct updater: 0.0017316341400146484
11:30:17[QML:Bayes 9; QMD 82] Prior mean: [ 0.78509756  0.06887766  6.00847698  1.5412412   0.95615101]
11:30:17[QML:Bayes 11; QMD 82] Prior mean: [ 2.92634887  1.62388655  6.81082111  1.25071045  1.39725375  1.27319709]
11:30:17 [RQ Bayes 8/9] Start. Branch None
11:30:17 [RQ Bayes 9/11] Start. Branch None
11:30:17[QML:Bayes 3; QMD 82] Name: yTiPPzTi
11:30:17[QML:Bayes 3; QMD 82] Time to reconstruct updater: 0.0012111663818359375
11:30:17[QML:Bayes 12; QMD 82] Name: xTiPPxTxPPyTiPPyTyPPyTzPPzTiPPzTz
11:30:17[QML:Bayes 3; QMD 82] Prior mean: [ 5.85515126  1.9452665 ]
11:30:17 [RQ Bayes 1/3] Start. Branch None
11:30:17[QML:Bayes 12; QMD 82] Time to reconstruct updater: 0.0019910335540771484
11:30:17[QML:Bayes 12; QMD 82] Prior mean: [  1.84080889e+00   1.43916248e-01   5.95763741e+00   1.24006898e-04
   6.76857071e-02   1.27818004e+00   5.50981011e-01]
11:30:17 [RQ Bayes 11/12] Start. Branch None
12:32:33 [RQ Bayes 9/11] BF computed: A:9; B:11; BF:5.629622240544187e+68 	Reset remormalisation record: False
12:32:33 [RQ Bayes 9/11] Finished. rq time:  3736.839246034622
12:33:23[QML:Bayes 12; QMD 82] Name: xTiPPxTxPPyTiPPyTyPPyTzPPzTiPPzTz
12:33:23[QML:Bayes 12; QMD 82] Time to reconstruct updater: 0.012998104095458984
12:33:24[QML:Bayes 12; QMD 82] Prior mean: [  1.84128206e+00   1.44393052e-01   5.95758801e+00   2.80160381e-04
   6.84095577e-02   1.27667375e+00   5.48702272e-01]
12:33:24[QML:Bayes 15; QMD 82] Name: xTiPPxTxPPxTyPPyTiPPyTyPPyTzPPzTiPPzTz
12:33:24[QML:Bayes 15; QMD 82] Time to reconstruct updater: 0.0021152496337890625
12:33:24[QML:Bayes 15; QMD 82] Prior mean: [ 1.69586106  1.50811022  2.25188641  6.33903129 -0.33086542  0.61502119
  1.49980321  1.9201809 ]
12:33:24 [RQ Bayes 12/15] Start. Branch None
12:33:39 [RQ Bayes 8/9] BF computed: A:8; B:9; BF:1.787406860675273e+32 	Reset remormalisation record: False
12:33:39 [RQ Bayes 8/9] Finished. rq time:  3803.2389631271362
12:33:59 [RQ Bayes 3/5] BF computed: A:3; B:5; BF:0.0 	Reset remormalisation record: False
12:33:59 [RQ Bayes 3/5] Finished. rq time:  3823.212641477585
12:34:3[QML:Bayes 15; QMD 82] Name: xTiPPxTxPPxTyPPyTiPPyTyPPyTzPPzTiPPzTz
12:34:3[QML:Bayes 15; QMD 82] Time to reconstruct updater: 0.002466440200805664
12:34:3[QML:Bayes 15; QMD 82] Prior mean: [ 1.68715806  1.50822221  2.25634356  6.34118318 -0.33661554  0.61459789
  1.50273003  1.91905386]
12:34:4[QML:Bayes 17; QMD 82] Name: xTiPPxTxPPxTyPPxTzPPyTiPPyTyPPyTzPPzTiPPzTz
12:34:4[QML:Bayes 17; QMD 82] Time to reconstruct updater: 0.006839275360107422
12:34:4[QML:Bayes 17; QMD 82] Prior mean: [ 5.15084847  1.10750969  1.95988326 -2.357659    6.95377016  2.66544619
 -0.14017073  2.66073202  1.4279323 ]
12:34:4 [RQ Bayes 15/17] Start. Branch None
12:34:8 [RQ Bayes 11/12] BF computed: A:11; B:12; BF:0.0 	Reset remormalisation record: False
12:34:8 [RQ Bayes 11/12] Finished. rq time:  3831.766440153122
12:34:25 [RQ Bayes 5/8] BF computed: A:5; B:8; BF:0.0 	Reset remormalisation record: False
12:34:25 [RQ Bayes 5/8] Finished. rq time:  3848.819045305252
12:35:26 [RQ Bayes 1/3] BF computed: A:1; B:3; BF:0.0 	Reset remormalisation record: False
12:35:26 [RQ Bayes 1/3] Finished. rq time:  3909.9382524490356
12:35:26 [QMD 82] Waiting on parent/child Bayes factors.
12:35:26 [QMD 82] Waiting on parent/child Bayes factors.
12:35:26 [QMD 82] Waiting on parent/child Bayes factors.
12:35:26 [QMD 82] Waiting on parent/child Bayes factors.
12:35:26 [QMD 82] Waiting on parent/child Bayes factors.
12:35:26 [QMD 82] Waiting on parent/child Bayes factors.
13:31:22 [RQ Bayes 12/15] BF computed: A:12; B:15; BF:3.098162506817556e+74 	Reset remormalisation record: False
13:31:22 [RQ Bayes 12/15] Finished. rq time:  3479.235394001007
13:31:22 [QMD 82] Waiting on parent/child Bayes factors.
13:31:48 [RQ Bayes 15/17] BF computed: A:15; B:17; BF:1.9902440174779515e+57 	Reset remormalisation record: False
13:31:48 [RQ Bayes 15/17] Finished. rq time:  3464.9917879104614
13:31:48 [QMD 82] Parent/child Bayes factors jobs all launched.
13:31:48 [QMD 82] child doesn't have active parent
13:31:48 [QMD 82] Error: 0
13:31:48 [QMD 82] parent/child 1/3 has bf 1.6373326495204046e-64
13:31:48 [QMD 82] Spawned model 3 stronger than parent; deactivating model 1
13:31:48 [QMD 82] parent/child 3/5 has bf 1.6671018459672424e-17
13:31:48 [QMD 82] Spawned model 5 stronger than parent; deactivating model 3
13:31:48 [QMD 82] parent/child 5/8 has bf 1.065705790628097e-39
13:31:48 [QMD 82] Spawned model 8 stronger than parent; deactivating model 5
13:31:48 [QMD 82] parent/child 8/9 has bf 1.787406860675273e+32
13:31:48 [QMD 82] Parent model, 8 stronger than spawned; deactivating model 9
13:31:48 [QMD 82] parent/child 9/11 has bf 5.629622240544187e+68
13:31:48 [QMD 82] Parent model, 9 stronger than spawned; deactivating model 11
13:31:48 [QMD 82] parent/child 11/12 has bf 7.257446101865513e-79
13:31:48 [QMD 82] Spawned model 12 stronger than parent; deactivating model 11
13:31:48 [QMD 82] parent/child 12/15 has bf 3.098162506817556e+74
13:31:48 [QMD 82] Parent model, 12 stronger than spawned; deactivating model 15
13:31:48 [QMD 82] parent/child 15/17 has bf 1.9902440174779515e+57
13:31:48 [QMD 82] Parent model, 15 stronger than spawned; deactivating model 17
13:31:48 [QMD 82] Parent/child comparisons and deactivations complete.
13:31:48 [QMD 82] Active branch champs after  parental collapse (final Bayes comp): [8, 12]
13:31:48 [QMD 82] ActiveTreeBranchChamps: {'NV_alternative_model': [8, 12]}
13:31:48 [QMD 82] Branch 9 growth rule NV_alternative_model has 2 new models ['xTiPPyTiPPzTiPPzTz', 'xTiPPxTxPPyTiPPyTyPPyTzPPzTiPPzTz']
13:31:48 [DB] Model xTiPPyTiPPzTiPPzTz  previously considered.
13:31:48 [QMD 82] Model  xTiPPyTiPPzTiPPzTz 
	computed already:  True 
	ID: 8.0
13:31:48 [DB] Model xTiPPxTxPPyTiPPyTyPPyTzPPzTiPPzTz  previously considered.
13:31:48 [QMD 82] Model  xTiPPxTxPPyTiPPyTyPPyTzPPzTiPPzTz 
	computed already:  True 
	ID: 12.0
13:31:48 [QMD 82] Num models already computed on branch  9 = 2
13:31:48 [QMD 82] learnModelFromBranchID branch 9 : ['xTiPPyTiPPzTiPPzTz', 'xTiPPxTxPPyTiPPyTyPPyTzPPzTiPPzTz']
13:31:48 [QMD 82] learnModelFromBranchID. Setting active branches on redis for branch 9 to 2
13:31:48 [QMD 82] branch 9 precomputed: ['xTiPPyTiPPzTiPPzTz', 'xTiPPxTxPPyTiPPyTyPPyTzPPzTiPPzTz']
13:31:48 [QMD 82] Branch  9 has unlearned models: []
13:31:48 [QMD 82] learnModelFromBranchID finished, branch 9
13:31:48 [QMD 82] remoteBayesFromBranchID 9 model id list: [8.0, 12.0]
13:31:48 [QMD 82] Computing BF for pair 8,12
13:31:48 [QMD 82] Bayes factor calculation queued. Model IDs 8.0 12.0
13:31:56[QML:Bayes 8.0; QMD 82] Name: xTiPPyTiPPzTiPPzTz
13:31:56[QML:Bayes 8.0; QMD 82] Time to reconstruct updater: 0.0016734600067138672
13:31:56[QML:Bayes 8.0; QMD 82] Prior mean: [ 1.12039922  5.94418541  1.68314938  0.79852267]
13:31:56[QML:Bayes 12.0; QMD 82] Name: xTiPPxTxPPyTiPPyTyPPyTzPPzTiPPzTz
13:31:56[QML:Bayes 12.0; QMD 82] Time to reconstruct updater: 0.002113819122314453
13:31:56[QML:Bayes 12.0; QMD 82] Prior mean: [  1.83913987e+00   1.45850000e-01   5.95877242e+00   5.91155671e-04
   6.75879658e-02   1.27760714e+00   5.49946295e-01]
13:31:56 [RQ Bayes 8.0/12.0] Start. Branch 9
