00:33:38 RQ worker 'rq:worker:node34-020.27785' started, version 0.8.1
00:33:38 RQ worker 'rq:worker:node34-020.27780' started, version 0.8.1
00:33:38 RQ worker 'rq:worker:node34-020.27781' started, version 0.8.1
00:33:38 RQ worker 'rq:worker:node34-020.27782' started, version 0.8.1
00:33:38 RQ worker 'rq:worker:node34-020.27783' started, version 0.8.1
00:33:38 Cleaning registries for queue: 41
00:33:38 RQ worker 'rq:worker:node34-020.27784' started, version 0.8.1
00:33:38 Cleaning registries for queue: 41
00:33:38 Cleaning registries for queue: 41
00:33:38 Cleaning registries for queue: 41
00:33:38 Cleaning registries for queue: 41
00:33:38 Cleaning registries for queue: 41
00:33:38 
00:33:38 
00:33:38 
00:33:38 
00:33:38 *** Listening on 41...
00:33:38 *** Listening on 41...
00:33:38 *** Listening on 41...
00:33:38 *** Listening on 41...
00:33:38 
00:33:38 
00:33:38 *** Listening on 41...
00:33:38 *** Listening on 41...
00:33:50 41: RemoteModelLearning.learnModelRemote('yTi', 1.0, branchID=0, growth_generator='NV_alternative_model', host_name='node34-020', log_file='/panfs/panasas01/phys/bf16951/QMD/ParallelDevelopment/Results/Oct_01/12_46/logs/NV-exp-method-sim__random--probe__QMLA_41.qmd.8794754.log', port_number=6341, qid=41, remote=True) (ef5beb5f-25fe-4fb8-aca1-0e503757e066)
00:33:50 41: RemoteModelLearning.learnModelRemote('xTi', 0.0, branchID=0, growth_generator='NV_alternative_model', host_name='node34-020', log_file='/panfs/panasas01/phys/bf16951/QMD/ParallelDevelopment/Results/Oct_01/12_46/logs/NV-exp-method-sim__random--probe__QMLA_41.qmd.8794754.log', port_number=6341, qid=41, remote=True) (e7af4c65-5074-4cf3-8a46-95410ff638d7)
00:33:50 41: RemoteModelLearning.learnModelRemote('zTi', 2.0, branchID=0, growth_generator='NV_alternative_model', host_name='node34-020', log_file='/panfs/panasas01/phys/bf16951/QMD/ParallelDevelopment/Results/Oct_01/12_46/logs/NV-exp-method-sim__random--probe__QMLA_41.qmd.8794754.log', port_number=6341, qid=41, remote=True) (a95d4bf5-30de-4407-aebc-52f25ccb0375)
01:01:47 41: Job OK (a95d4bf5-30de-4407-aebc-52f25ccb0375)
01:01:47 Result will never expire, clean up result key manually
01:01:47 
01:01:47 *** Listening on 41...
01:02:02 41: Job OK (e7af4c65-5074-4cf3-8a46-95410ff638d7)
01:02:02 Result will never expire, clean up result key manually
01:02:02 
01:02:02 *** Listening on 41...
01:02:11 41: Job OK (ef5beb5f-25fe-4fb8-aca1-0e503757e066)
01:02:11 Result will never expire, clean up result key manually
01:02:11 
01:02:11 *** Listening on 41...
01:02:11 41: RemoteBayesFactor.BayesFactorRemote(bayes_threshold=100, bf_data_folder='/panfs/panasas01/phys/bf16951/QMD/ParallelDevelopment/Results/Oct_01/12_46/BayesFactorsTimeRecords/', branchID=0, host_name='node34-020', interbranch=False, log_file='/panfs/panasas01/phys/bf16951/QMD/ParallelDevelopment/Results/Oct_01/12_46/logs/NV-exp-method-sim__random--probe__QMLA_41.qmd.8794754.log', model_a_id=1, model_b_id=2, num_times_to_use=750, port_number=6341, qid=41, times_record='/panfs/panasas01/phys/bf16951/QMD/ParallelDevelopment/Results/Oct_01/12_46/BayesFactorsTimeRecords/BayesFactorsPairsTimes_041.txt', trueModel='xTiPPyTiPPzTiPPzTz') (dabd2b8c-4c96-4eba-bf5c-a1d63c6d705d)
01:02:11 41: RemoteBayesFactor.BayesFactorRemote(bayes_threshold=100, bf_data_folder='/panfs/panasas01/phys/bf16951/QMD/ParallelDevelopment/Results/Oct_01/12_46/BayesFactorsTimeRecords/', branchID=0, host_name='node34-020', interbranch=False, log_file='/panfs/panasas01/phys/bf16951/QMD/ParallelDevelopment/Results/Oct_01/12_46/logs/NV-exp-method-sim__random--probe__QMLA_41.qmd.8794754.log', model_a_id=0, model_b_id=2, num_times_to_use=750, port_number=6341, qid=41, times_record='/panfs/panasas01/phys/bf16951/QMD/ParallelDevelopment/Results/Oct_01/12_46/BayesFactorsTimeRecords/BayesFactorsPairsTimes_041.txt', trueModel='xTiPPyTiPPzTiPPzTz') (e2674ceb-ecf9-4beb-b45f-c69ed0f83871)
01:02:11 41: RemoteBayesFactor.BayesFactorRemote(bayes_threshold=100, bf_data_folder='/panfs/panasas01/phys/bf16951/QMD/ParallelDevelopment/Results/Oct_01/12_46/BayesFactorsTimeRecords/', branchID=0, host_name='node34-020', interbranch=False, log_file='/panfs/panasas01/phys/bf16951/QMD/ParallelDevelopment/Results/Oct_01/12_46/logs/NV-exp-method-sim__random--probe__QMLA_41.qmd.8794754.log', model_a_id=0, model_b_id=1, num_times_to_use=750, port_number=6341, qid=41, times_record='/panfs/panasas01/phys/bf16951/QMD/ParallelDevelopment/Results/Oct_01/12_46/BayesFactorsTimeRecords/BayesFactorsPairsTimes_041.txt', trueModel='xTiPPyTiPPzTiPPzTz') (915db33a-261d-41a4-8de7-04937b0f19e2)
01:58:00 41: Job OK (e2674ceb-ecf9-4beb-b45f-c69ed0f83871)
01:58:00 Result will never expire, clean up result key manually
01:58:00 Cleaning registries for queue: 41
01:58:00 
01:58:00 *** Listening on 41...
01:59:50 41: Job OK (915db33a-261d-41a4-8de7-04937b0f19e2)
01:59:50 Result will never expire, clean up result key manually
01:59:50 Cleaning registries for queue: 41
01:59:50 
01:59:50 *** Listening on 41...
02:00:58 41: Job OK (dabd2b8c-4c96-4eba-bf5c-a1d63c6d705d)
02:00:58 Result will never expire, clean up result key manually
02:00:58 Cleaning registries for queue: 41
02:00:58 
02:00:58 *** Listening on 41...
02:00:58 41: RemoteModelLearning.learnModelRemote('yTiPPzTi', 3.0, branchID=1, growth_generator='NV_alternative_model', host_name='node34-020', log_file='/panfs/panasas01/phys/bf16951/QMD/ParallelDevelopment/Results/Oct_01/12_46/logs/NV-exp-method-sim__random--probe__QMLA_41.qmd.8794754.log', port_number=6341, qid=41, remote=True) (7bfe224a-de77-4702-a4a1-627aec904d59)
02:00:58 41: RemoteModelLearning.learnModelRemote('xTiPPyTi', 4.0, branchID=1, growth_generator='NV_alternative_model', host_name='node34-020', log_file='/panfs/panasas01/phys/bf16951/QMD/ParallelDevelopment/Results/Oct_01/12_46/logs/NV-exp-method-sim__random--probe__QMLA_41.qmd.8794754.log', port_number=6341, qid=41, remote=True) (defc71e4-e6fa-487a-8f0d-ebfd57df17b6)
02:27:37 41: Job OK (7bfe224a-de77-4702-a4a1-627aec904d59)
02:27:37 Result will never expire, clean up result key manually
02:27:37 Cleaning registries for queue: 41
02:27:37 
02:27:37 *** Listening on 41...
02:27:40 41: Job OK (defc71e4-e6fa-487a-8f0d-ebfd57df17b6)
02:27:40 Result will never expire, clean up result key manually
02:27:40 Cleaning registries for queue: 41
02:27:40 
02:27:40 *** Listening on 41...
02:27:40 41: RemoteBayesFactor.BayesFactorRemote(bayes_threshold=100, bf_data_folder='/panfs/panasas01/phys/bf16951/QMD/ParallelDevelopment/Results/Oct_01/12_46/BayesFactorsTimeRecords/', branchID=1, host_name='node34-020', interbranch=False, log_file='/panfs/panasas01/phys/bf16951/QMD/ParallelDevelopment/Results/Oct_01/12_46/logs/NV-exp-method-sim__random--probe__QMLA_41.qmd.8794754.log', model_a_id=3, model_b_id=4, num_times_to_use=750, port_number=6341, qid=41, times_record='/panfs/panasas01/phys/bf16951/QMD/ParallelDevelopment/Results/Oct_01/12_46/BayesFactorsTimeRecords/BayesFactorsPairsTimes_041.txt', trueModel='xTiPPyTiPPzTiPPzTz') (9dd7be9c-0703-4335-85fd-71cba7ba62dd)
03:20:25 41: Job OK (9dd7be9c-0703-4335-85fd-71cba7ba62dd)
03:20:25 Result will never expire, clean up result key manually
03:20:25 Cleaning registries for queue: 41
03:20:25 
03:20:25 *** Listening on 41...
03:20:25 41: RemoteModelLearning.learnModelRemote('xTiPPyTiPPzTi', 5.0, branchID=2, growth_generator='NV_alternative_model', host_name='node34-020', log_file='/panfs/panasas01/phys/bf16951/QMD/ParallelDevelopment/Results/Oct_01/12_46/logs/NV-exp-method-sim__random--probe__QMLA_41.qmd.8794754.log', port_number=6341, qid=41, remote=True) (67dc7438-bcde-47b0-a03e-8315d6c346fa)
03:47:00 41: Job OK (67dc7438-bcde-47b0-a03e-8315d6c346fa)
03:47:00 Result will never expire, clean up result key manually
03:47:00 Cleaning registries for queue: 41
03:47:00 
03:47:00 *** Listening on 41...
03:47:00 41: RemoteModelLearning.learnModelRemote('xTiPPyTiPPyTyPPzTi', 6.0, branchID=3, growth_generator='NV_alternative_model', host_name='node34-020', log_file='/panfs/panasas01/phys/bf16951/QMD/ParallelDevelopment/Results/Oct_01/12_46/logs/NV-exp-method-sim__random--probe__QMLA_41.qmd.8794754.log', port_number=6341, qid=41, remote=True) (6639390f-7009-48d9-9ae3-a72a47432e84)
03:47:00 41: RemoteModelLearning.learnModelRemote('xTiPPxTxPPyTiPPzTi', 7.0, branchID=3, growth_generator='NV_alternative_model', host_name='node34-020', log_file='/panfs/panasas01/phys/bf16951/QMD/ParallelDevelopment/Results/Oct_01/12_46/logs/NV-exp-method-sim__random--probe__QMLA_41.qmd.8794754.log', port_number=6341, qid=41, remote=True) (b874f53d-1752-4770-b8f5-59787c0060ed)
03:47:00 41: RemoteModelLearning.learnModelRemote('xTiPPyTiPPzTiPPzTz', 8.0, branchID=3, growth_generator='NV_alternative_model', host_name='node34-020', log_file='/panfs/panasas01/phys/bf16951/QMD/ParallelDevelopment/Results/Oct_01/12_46/logs/NV-exp-method-sim__random--probe__QMLA_41.qmd.8794754.log', port_number=6341, qid=41, remote=True) (5430a90c-7a63-4817-b152-8e38ab66d6b5)
04:13:32 41: Job OK (b874f53d-1752-4770-b8f5-59787c0060ed)
04:13:32 Result will never expire, clean up result key manually
04:13:32 Cleaning registries for queue: 41
04:13:32 
04:13:32 *** Listening on 41...
04:13:41 41: Job OK (6639390f-7009-48d9-9ae3-a72a47432e84)
04:13:41 Result will never expire, clean up result key manually
04:13:41 Cleaning registries for queue: 41
04:13:41 
04:13:41 *** Listening on 41...
04:13:48 41: Job OK (5430a90c-7a63-4817-b152-8e38ab66d6b5)
04:13:48 Result will never expire, clean up result key manually
04:13:48 Cleaning registries for queue: 41
04:13:48 
04:13:48 *** Listening on 41...
04:13:49 41: RemoteBayesFactor.BayesFactorRemote(bayes_threshold=100, bf_data_folder='/panfs/panasas01/phys/bf16951/QMD/ParallelDevelopment/Results/Oct_01/12_46/BayesFactorsTimeRecords/', branchID=3, host_name='node34-020', interbranch=False, log_file='/panfs/panasas01/phys/bf16951/QMD/ParallelDevelopment/Results/Oct_01/12_46/logs/NV-exp-method-sim__random--probe__QMLA_41.qmd.8794754.log', model_a_id=6, model_b_id=7, num_times_to_use=750, port_number=6341, qid=41, times_record='/panfs/panasas01/phys/bf16951/QMD/ParallelDevelopment/Results/Oct_01/12_46/BayesFactorsTimeRecords/BayesFactorsPairsTimes_041.txt', trueModel='xTiPPyTiPPzTiPPzTz') (c4504ff0-56c0-4981-baf8-431551a0611a)
04:13:49 41: RemoteBayesFactor.BayesFactorRemote(bayes_threshold=100, bf_data_folder='/panfs/panasas01/phys/bf16951/QMD/ParallelDevelopment/Results/Oct_01/12_46/BayesFactorsTimeRecords/', branchID=3, host_name='node34-020', interbranch=False, log_file='/panfs/panasas01/phys/bf16951/QMD/ParallelDevelopment/Results/Oct_01/12_46/logs/NV-exp-method-sim__random--probe__QMLA_41.qmd.8794754.log', model_a_id=6, model_b_id=8, num_times_to_use=750, port_number=6341, qid=41, times_record='/panfs/panasas01/phys/bf16951/QMD/ParallelDevelopment/Results/Oct_01/12_46/BayesFactorsTimeRecords/BayesFactorsPairsTimes_041.txt', trueModel='xTiPPyTiPPzTiPPzTz') (a6d3f08f-1763-484c-a2af-e34fd49f583e)
04:13:49 41: RemoteBayesFactor.BayesFactorRemote(bayes_threshold=100, bf_data_folder='/panfs/panasas01/phys/bf16951/QMD/ParallelDevelopment/Results/Oct_01/12_46/BayesFactorsTimeRecords/', branchID=3, host_name='node34-020', interbranch=False, log_file='/panfs/panasas01/phys/bf16951/QMD/ParallelDevelopment/Results/Oct_01/12_46/logs/NV-exp-method-sim__random--probe__QMLA_41.qmd.8794754.log', model_a_id=7, model_b_id=8, num_times_to_use=750, port_number=6341, qid=41, times_record='/panfs/panasas01/phys/bf16951/QMD/ParallelDevelopment/Results/Oct_01/12_46/BayesFactorsTimeRecords/BayesFactorsPairsTimes_041.txt', trueModel='xTiPPyTiPPzTiPPzTz') (8fd3ee49-f95e-4082-bc82-df2aa8c1808c)
05:07:06 41: Job OK (c4504ff0-56c0-4981-baf8-431551a0611a)
05:07:06 Result will never expire, clean up result key manually
05:07:06 Cleaning registries for queue: 41
05:07:06 
05:07:06 *** Listening on 41...
05:07:42 41: Job OK (8fd3ee49-f95e-4082-bc82-df2aa8c1808c)
05:07:42 Result will never expire, clean up result key manually
05:07:42 Cleaning registries for queue: 41
05:07:42 
05:07:42 *** Listening on 41...
05:08:05 41: Job OK (a6d3f08f-1763-484c-a2af-e34fd49f583e)
05:08:05 Result will never expire, clean up result key manually
05:08:05 Cleaning registries for queue: 41
05:08:06 
05:08:06 *** Listening on 41...
05:08:06 41: RemoteModelLearning.learnModelRemote('xTiPPyTiPPyTyPPzTiPPzTz', 9.0, branchID=4, growth_generator='NV_alternative_model', host_name='node34-020', log_file='/panfs/panasas01/phys/bf16951/QMD/ParallelDevelopment/Results/Oct_01/12_46/logs/NV-exp-method-sim__random--probe__QMLA_41.qmd.8794754.log', port_number=6341, qid=41, remote=True) (df2ea478-4dc2-4c04-9947-470b3bfe67c1)
05:08:06 41: RemoteModelLearning.learnModelRemote('xTiPPxTxPPyTiPPzTiPPzTz', 10.0, branchID=4, growth_generator='NV_alternative_model', host_name='node34-020', log_file='/panfs/panasas01/phys/bf16951/QMD/ParallelDevelopment/Results/Oct_01/12_46/logs/NV-exp-method-sim__random--probe__QMLA_41.qmd.8794754.log', port_number=6341, qid=41, remote=True) (0689794e-8b5d-4283-8156-1a6636d50d88)
05:34:05 41: Job OK (0689794e-8b5d-4283-8156-1a6636d50d88)
05:34:05 Result will never expire, clean up result key manually
05:34:05 Cleaning registries for queue: 41
05:34:05 
05:34:05 *** Listening on 41...
05:34:19 41: Job OK (df2ea478-4dc2-4c04-9947-470b3bfe67c1)
05:34:19 Result will never expire, clean up result key manually
05:34:19 
05:34:19 *** Listening on 41...
05:34:19 41: RemoteBayesFactor.BayesFactorRemote(bayes_threshold=100, bf_data_folder='/panfs/panasas01/phys/bf16951/QMD/ParallelDevelopment/Results/Oct_01/12_46/BayesFactorsTimeRecords/', branchID=4, host_name='node34-020', interbranch=False, log_file='/panfs/panasas01/phys/bf16951/QMD/ParallelDevelopment/Results/Oct_01/12_46/logs/NV-exp-method-sim__random--probe__QMLA_41.qmd.8794754.log', model_a_id=9, model_b_id=10, num_times_to_use=750, port_number=6341, qid=41, times_record='/panfs/panasas01/phys/bf16951/QMD/ParallelDevelopment/Results/Oct_01/12_46/BayesFactorsTimeRecords/BayesFactorsPairsTimes_041.txt', trueModel='xTiPPyTiPPzTiPPzTz') (18ea5aa6-5e18-40d7-970b-3b4fda016ad1)
06:26:06 41: Job OK (18ea5aa6-5e18-40d7-970b-3b4fda016ad1)
06:26:06 Result will never expire, clean up result key manually
06:26:06 Cleaning registries for queue: 41
06:26:06 
06:26:06 *** Listening on 41...
06:26:06 41: RemoteModelLearning.learnModelRemote('xTiPPxTxPPyTiPPyTyPPzTiPPzTz', 11.0, branchID=5, growth_generator='NV_alternative_model', host_name='node34-020', log_file='/panfs/panasas01/phys/bf16951/QMD/ParallelDevelopment/Results/Oct_01/12_46/logs/NV-exp-method-sim__random--probe__QMLA_41.qmd.8794754.log', port_number=6341, qid=41, remote=True) (7932ec40-59f9-49b3-9a7a-5890afdaea77)
06:51:52 41: Job OK (7932ec40-59f9-49b3-9a7a-5890afdaea77)
06:51:52 Result will never expire, clean up result key manually
06:51:52 Cleaning registries for queue: 41
06:51:52 
06:51:52 *** Listening on 41...
06:51:53 41: RemoteModelLearning.learnModelRemote('xTiPPxTxPPyTiPPyTyPPyTzPPzTiPPzTz', 12.0, branchID=6, growth_generator='NV_alternative_model', host_name='node34-020', log_file='/panfs/panasas01/phys/bf16951/QMD/ParallelDevelopment/Results/Oct_01/12_46/logs/NV-exp-method-sim__random--probe__QMLA_41.qmd.8794754.log', port_number=6341, qid=41, remote=True) (f5a4590f-94d4-4746-b4db-75f1a6a6cc8b)
06:51:53 41: RemoteModelLearning.learnModelRemote('xTiPPxTxPPxTyPPyTiPPyTyPPzTiPPzTz', 13.0, branchID=6, growth_generator='NV_alternative_model', host_name='node34-020', log_file='/panfs/panasas01/phys/bf16951/QMD/ParallelDevelopment/Results/Oct_01/12_46/logs/NV-exp-method-sim__random--probe__QMLA_41.qmd.8794754.log', port_number=6341, qid=41, remote=True) (eed68ffd-356f-4f39-83a2-423d95d2255e)
06:51:53 41: RemoteModelLearning.learnModelRemote('xTiPPxTxPPxTzPPyTiPPyTyPPzTiPPzTz', 14.0, branchID=6, growth_generator='NV_alternative_model', host_name='node34-020', log_file='/panfs/panasas01/phys/bf16951/QMD/ParallelDevelopment/Results/Oct_01/12_46/logs/NV-exp-method-sim__random--probe__QMLA_41.qmd.8794754.log', port_number=6341, qid=41, remote=True) (4820847a-9708-445e-bd72-0ac029bde372)
07:18:01 41: Job OK (4820847a-9708-445e-bd72-0ac029bde372)
07:18:01 Result will never expire, clean up result key manually
07:18:01 Cleaning registries for queue: 41
07:18:01 
07:18:01 *** Listening on 41...
07:18:09 41: Job OK (eed68ffd-356f-4f39-83a2-423d95d2255e)
07:18:09 Result will never expire, clean up result key manually
07:18:09 Cleaning registries for queue: 41
07:18:09 
07:18:09 *** Listening on 41...
07:18:11 41: Job OK (f5a4590f-94d4-4746-b4db-75f1a6a6cc8b)
07:18:11 Result will never expire, clean up result key manually
07:18:11 Cleaning registries for queue: 41
07:18:11 
07:18:11 *** Listening on 41...
07:18:11 41: RemoteBayesFactor.BayesFactorRemote(bayes_threshold=100, bf_data_folder='/panfs/panasas01/phys/bf16951/QMD/ParallelDevelopment/Results/Oct_01/12_46/BayesFactorsTimeRecords/', branchID=6, host_name='node34-020', interbranch=False, log_file='/panfs/panasas01/phys/bf16951/QMD/ParallelDevelopment/Results/Oct_01/12_46/logs/NV-exp-method-sim__random--probe__QMLA_41.qmd.8794754.log', model_a_id=12, model_b_id=13, num_times_to_use=750, port_number=6341, qid=41, times_record='/panfs/panasas01/phys/bf16951/QMD/ParallelDevelopment/Results/Oct_01/12_46/BayesFactorsTimeRecords/BayesFactorsPairsTimes_041.txt', trueModel='xTiPPyTiPPzTiPPzTz') (b20b319c-4981-4ce1-9ca3-f6495fa9feab)
07:18:11 41: RemoteBayesFactor.BayesFactorRemote(bayes_threshold=100, bf_data_folder='/panfs/panasas01/phys/bf16951/QMD/ParallelDevelopment/Results/Oct_01/12_46/BayesFactorsTimeRecords/', branchID=6, host_name='node34-020', interbranch=False, log_file='/panfs/panasas01/phys/bf16951/QMD/ParallelDevelopment/Results/Oct_01/12_46/logs/NV-exp-method-sim__random--probe__QMLA_41.qmd.8794754.log', model_a_id=13, model_b_id=14, num_times_to_use=750, port_number=6341, qid=41, times_record='/panfs/panasas01/phys/bf16951/QMD/ParallelDevelopment/Results/Oct_01/12_46/BayesFactorsTimeRecords/BayesFactorsPairsTimes_041.txt', trueModel='xTiPPyTiPPzTiPPzTz') (565a0262-3e9d-42bb-96ec-067c5d59bd4a)
07:18:11 41: RemoteBayesFactor.BayesFactorRemote(bayes_threshold=100, bf_data_folder='/panfs/panasas01/phys/bf16951/QMD/ParallelDevelopment/Results/Oct_01/12_46/BayesFactorsTimeRecords/', branchID=6, host_name='node34-020', interbranch=False, log_file='/panfs/panasas01/phys/bf16951/QMD/ParallelDevelopment/Results/Oct_01/12_46/logs/NV-exp-method-sim__random--probe__QMLA_41.qmd.8794754.log', model_a_id=12, model_b_id=14, num_times_to_use=750, port_number=6341, qid=41, times_record='/panfs/panasas01/phys/bf16951/QMD/ParallelDevelopment/Results/Oct_01/12_46/BayesFactorsTimeRecords/BayesFactorsPairsTimes_041.txt', trueModel='xTiPPyTiPPzTiPPzTz') (a58ab5a8-555b-47c9-afe3-ab0370bb1bc0)
08:09:58 41: Job OK (b20b319c-4981-4ce1-9ca3-f6495fa9feab)
08:09:58 Result will never expire, clean up result key manually
08:09:58 Cleaning registries for queue: 41
08:09:58 
08:09:58 *** Listening on 41...
08:10:04 41: Job OK (a58ab5a8-555b-47c9-afe3-ab0370bb1bc0)
08:10:04 Result will never expire, clean up result key manually
08:10:04 Cleaning registries for queue: 41
08:10:04 
08:10:04 *** Listening on 41...
08:10:15 41: Job OK (565a0262-3e9d-42bb-96ec-067c5d59bd4a)
08:10:15 Result will never expire, clean up result key manually
08:10:15 Cleaning registries for queue: 41
08:10:15 
08:10:15 *** Listening on 41...
08:10:15 41: RemoteModelLearning.learnModelRemote('xTiPPxTxPPxTzPPyTiPPyTyPPyTzPPzTiPPzTz', 16.0, branchID=7, growth_generator='NV_alternative_model', host_name='node34-020', log_file='/panfs/panasas01/phys/bf16951/QMD/ParallelDevelopment/Results/Oct_01/12_46/logs/NV-exp-method-sim__random--probe__QMLA_41.qmd.8794754.log', port_number=6341, qid=41, remote=True) (73da3d93-8786-4cf0-8c3d-0642bf1694db)
08:10:15 41: RemoteModelLearning.learnModelRemote('xTiPPxTxPPxTyPPyTiPPyTyPPyTzPPzTiPPzTz', 15.0, branchID=7, growth_generator='NV_alternative_model', host_name='node34-020', log_file='/panfs/panasas01/phys/bf16951/QMD/ParallelDevelopment/Results/Oct_01/12_46/logs/NV-exp-method-sim__random--probe__QMLA_41.qmd.8794754.log', port_number=6341, qid=41, remote=True) (1fa679e6-9d4f-46d1-a579-6665f1ce5a81)
08:35:27 41: Job OK (73da3d93-8786-4cf0-8c3d-0642bf1694db)
08:35:27 Result will never expire, clean up result key manually
08:35:27 Cleaning registries for queue: 41
08:35:27 
08:35:27 *** Listening on 41...
08:36:04 41: Job OK (1fa679e6-9d4f-46d1-a579-6665f1ce5a81)
08:36:04 Result will never expire, clean up result key manually
08:36:04 Cleaning registries for queue: 41
08:36:04 
08:36:04 *** Listening on 41...
08:36:04 41: RemoteBayesFactor.BayesFactorRemote(bayes_threshold=100, bf_data_folder='/panfs/panasas01/phys/bf16951/QMD/ParallelDevelopment/Results/Oct_01/12_46/BayesFactorsTimeRecords/', branchID=7, host_name='node34-020', interbranch=False, log_file='/panfs/panasas01/phys/bf16951/QMD/ParallelDevelopment/Results/Oct_01/12_46/logs/NV-exp-method-sim__random--probe__QMLA_41.qmd.8794754.log', model_a_id=15, model_b_id=16, num_times_to_use=750, port_number=6341, qid=41, times_record='/panfs/panasas01/phys/bf16951/QMD/ParallelDevelopment/Results/Oct_01/12_46/BayesFactorsTimeRecords/BayesFactorsPairsTimes_041.txt', trueModel='xTiPPyTiPPzTiPPzTz') (34960d5d-2c0a-4645-8951-a27bb8e9f1ef)
09:26:26 41: Job OK (34960d5d-2c0a-4645-8951-a27bb8e9f1ef)
09:26:26 Result will never expire, clean up result key manually
09:26:26 Cleaning registries for queue: 41
09:26:26 
09:26:26 *** Listening on 41...
09:26:26 41: RemoteModelLearning.learnModelRemote('xTiPPxTxPPxTyPPxTzPPyTiPPyTyPPyTzPPzTiPPzTz', 17.0, branchID=8, growth_generator='NV_alternative_model', host_name='node34-020', log_file='/panfs/panasas01/phys/bf16951/QMD/ParallelDevelopment/Results/Oct_01/12_46/logs/NV-exp-method-sim__random--probe__QMLA_41.qmd.8794754.log', port_number=6341, qid=41, remote=True) (088dadbd-6773-48e9-8c46-fc94f19e6727)
09:51:51 41: Job OK (088dadbd-6773-48e9-8c46-fc94f19e6727)
09:51:51 Result will never expire, clean up result key manually
09:51:51 41: RemoteBayesFactor.BayesFactorRemote(bayes_threshold=100, bf_data_folder='/panfs/panasas01/phys/bf16951/QMD/ParallelDevelopment/Results/Oct_01/12_46/BayesFactorsTimeRecords/', branchID=None, host_name='node34-020', interbranch=True, log_file='/panfs/panasas01/phys/bf16951/QMD/ParallelDevelopment/Results/Oct_01/12_46/logs/NV-exp-method-sim__random--probe__QMLA_41.qmd.8794754.log', model_a_id=1, model_b_id=4, num_times_to_use=750, port_number=6341, qid=41, times_record='/panfs/panasas01/phys/bf16951/QMD/ParallelDevelopment/Results/Oct_01/12_46/BayesFactorsTimeRecords/BayesFactorsPairsTimes_041.txt', trueModel='xTiPPyTiPPzTiPPzTz') (0676d6a6-73a0-4d01-b5f3-230c9539431c)
09:51:51 41: RemoteBayesFactor.BayesFactorRemote(bayes_threshold=100, bf_data_folder='/panfs/panasas01/phys/bf16951/QMD/ParallelDevelopment/Results/Oct_01/12_46/BayesFactorsTimeRecords/', branchID=None, host_name='node34-020', interbranch=True, log_file='/panfs/panasas01/phys/bf16951/QMD/ParallelDevelopment/Results/Oct_01/12_46/logs/NV-exp-method-sim__random--probe__QMLA_41.qmd.8794754.log', model_a_id=4, model_b_id=5, num_times_to_use=750, port_number=6341, qid=41, times_record='/panfs/panasas01/phys/bf16951/QMD/ParallelDevelopment/Results/Oct_01/12_46/BayesFactorsTimeRecords/BayesFactorsPairsTimes_041.txt', trueModel='xTiPPyTiPPzTiPPzTz') (8fd21120-c4a4-4c85-87be-3ac43db66f33)
09:51:51 Cleaning registries for queue: 41
09:51:51 
09:51:51 *** Listening on 41...
09:51:51 41: RemoteBayesFactor.BayesFactorRemote(bayes_threshold=100, bf_data_folder='/panfs/panasas01/phys/bf16951/QMD/ParallelDevelopment/Results/Oct_01/12_46/BayesFactorsTimeRecords/', branchID=None, host_name='node34-020', interbranch=True, log_file='/panfs/panasas01/phys/bf16951/QMD/ParallelDevelopment/Results/Oct_01/12_46/logs/NV-exp-method-sim__random--probe__QMLA_41.qmd.8794754.log', model_a_id=10, model_b_id=11, num_times_to_use=750, port_number=6341, qid=41, times_record='/panfs/panasas01/phys/bf16951/QMD/ParallelDevelopment/Results/Oct_01/12_46/BayesFactorsTimeRecords/BayesFactorsPairsTimes_041.txt', trueModel='xTiPPyTiPPzTiPPzTz') (120488d0-a45b-441b-8bc9-ff88c64b29b9)
09:51:51 41: RemoteBayesFactor.BayesFactorRemote(bayes_threshold=100, bf_data_folder='/panfs/panasas01/phys/bf16951/QMD/ParallelDevelopment/Results/Oct_01/12_46/BayesFactorsTimeRecords/', branchID=None, host_name='node34-020', interbranch=True, log_file='/panfs/panasas01/phys/bf16951/QMD/ParallelDevelopment/Results/Oct_01/12_46/logs/NV-exp-method-sim__random--probe__QMLA_41.qmd.8794754.log', model_a_id=5, model_b_id=8, num_times_to_use=750, port_number=6341, qid=41, times_record='/panfs/panasas01/phys/bf16951/QMD/ParallelDevelopment/Results/Oct_01/12_46/BayesFactorsTimeRecords/BayesFactorsPairsTimes_041.txt', trueModel='xTiPPyTiPPzTiPPzTz') (a21c27ff-e0b7-4f33-ab34-bc17b2ea4af3)
09:51:51 41: RemoteBayesFactor.BayesFactorRemote(bayes_threshold=100, bf_data_folder='/panfs/panasas01/phys/bf16951/QMD/ParallelDevelopment/Results/Oct_01/12_46/BayesFactorsTimeRecords/', branchID=None, host_name='node34-020', interbranch=True, log_file='/panfs/panasas01/phys/bf16951/QMD/ParallelDevelopment/Results/Oct_01/12_46/logs/NV-exp-method-sim__random--probe__QMLA_41.qmd.8794754.log', model_a_id=11, model_b_id=12, num_times_to_use=750, port_number=6341, qid=41, times_record='/panfs/panasas01/phys/bf16951/QMD/ParallelDevelopment/Results/Oct_01/12_46/BayesFactorsTimeRecords/BayesFactorsPairsTimes_041.txt', trueModel='xTiPPyTiPPzTiPPzTz') (adafcbb5-1ac0-43c3-a252-9d8b43a28a51)
09:51:51 41: RemoteBayesFactor.BayesFactorRemote(bayes_threshold=100, bf_data_folder='/panfs/panasas01/phys/bf16951/QMD/ParallelDevelopment/Results/Oct_01/12_46/BayesFactorsTimeRecords/', branchID=None, host_name='node34-020', interbranch=True, log_file='/panfs/panasas01/phys/bf16951/QMD/ParallelDevelopment/Results/Oct_01/12_46/logs/NV-exp-method-sim__random--probe__QMLA_41.qmd.8794754.log', model_a_id=8, model_b_id=10, num_times_to_use=750, port_number=6341, qid=41, times_record='/panfs/panasas01/phys/bf16951/QMD/ParallelDevelopment/Results/Oct_01/12_46/BayesFactorsTimeRecords/BayesFactorsPairsTimes_041.txt', trueModel='xTiPPyTiPPzTiPPzTz') (8b6ebf4c-d80d-4a75-916a-c849ca30119c)
10:44:43 41: Job OK (adafcbb5-1ac0-43c3-a252-9d8b43a28a51)
10:44:43 Result will never expire, clean up result key manually
10:44:43 
10:44:43 *** Listening on 41...
10:44:43 41: RemoteBayesFactor.BayesFactorRemote(bayes_threshold=100, bf_data_folder='/panfs/panasas01/phys/bf16951/QMD/ParallelDevelopment/Results/Oct_01/12_46/BayesFactorsTimeRecords/', branchID=None, host_name='node34-020', interbranch=True, log_file='/panfs/panasas01/phys/bf16951/QMD/ParallelDevelopment/Results/Oct_01/12_46/logs/NV-exp-method-sim__random--probe__QMLA_41.qmd.8794754.log', model_a_id=12, model_b_id=16, num_times_to_use=750, port_number=6341, qid=41, times_record='/panfs/panasas01/phys/bf16951/QMD/ParallelDevelopment/Results/Oct_01/12_46/BayesFactorsTimeRecords/BayesFactorsPairsTimes_041.txt', trueModel='xTiPPyTiPPzTiPPzTz') (32be8534-7b3f-4dc8-ac1d-d41dab146928)
10:45:19 41: Job OK (120488d0-a45b-441b-8bc9-ff88c64b29b9)
10:45:19 Result will never expire, clean up result key manually
10:45:19 Cleaning registries for queue: 41
10:45:19 
10:45:19 *** Listening on 41...
10:45:19 41: RemoteBayesFactor.BayesFactorRemote(bayes_threshold=100, bf_data_folder='/panfs/panasas01/phys/bf16951/QMD/ParallelDevelopment/Results/Oct_01/12_46/BayesFactorsTimeRecords/', branchID=None, host_name='node34-020', interbranch=True, log_file='/panfs/panasas01/phys/bf16951/QMD/ParallelDevelopment/Results/Oct_01/12_46/logs/NV-exp-method-sim__random--probe__QMLA_41.qmd.8794754.log', model_a_id=16, model_b_id=17, num_times_to_use=750, port_number=6341, qid=41, times_record='/panfs/panasas01/phys/bf16951/QMD/ParallelDevelopment/Results/Oct_01/12_46/BayesFactorsTimeRecords/BayesFactorsPairsTimes_041.txt', trueModel='xTiPPyTiPPzTiPPzTz') (8d9bb1b0-2c3a-47bc-9a14-00fb6595d31e)
10:45:20 41: Job OK (8b6ebf4c-d80d-4a75-916a-c849ca30119c)
10:45:20 Result will never expire, clean up result key manually
10:45:20 Cleaning registries for queue: 41
10:45:20 
10:45:20 *** Listening on 41...
10:46:17 41: Job OK (8fd21120-c4a4-4c85-87be-3ac43db66f33)
10:46:17 Result will never expire, clean up result key manually
10:46:17 Cleaning registries for queue: 41
10:46:17 
10:46:17 *** Listening on 41...
10:46:29 41: Job OK (0676d6a6-73a0-4d01-b5f3-230c9539431c)
10:46:29 Result will never expire, clean up result key manually
10:46:29 Cleaning registries for queue: 41
10:46:29 
10:46:29 *** Listening on 41...
10:46:29 41: Job OK (a21c27ff-e0b7-4f33-ab34-bc17b2ea4af3)
10:46:29 Result will never expire, clean up result key manually
10:46:29 Cleaning registries for queue: 41
10:46:29 
10:46:29 *** Listening on 41...
11:34:03 41: Job OK (32be8534-7b3f-4dc8-ac1d-d41dab146928)
11:34:03 Result will never expire, clean up result key manually
11:34:03 Cleaning registries for queue: 41
11:34:03 
11:34:03 *** Listening on 41...
11:35:24 41: Job OK (8d9bb1b0-2c3a-47bc-9a14-00fb6595d31e)
11:35:24 Result will never expire, clean up result key manually
11:35:24 
11:35:24 *** Listening on 41...
Error 111 connecting to node34-020:6341. Connection refused.
Error 111 connecting to node34-020:6341. Connection refused.
Error 111 connecting to node34-020:6341. Connection refused.
Error 111 connecting to node34-020:6341. Connection refused.
Error 111 connecting to node34-020:6341. Connection refused.
Error 111 connecting to node34-020:6341. Connection refused.
