12:58:21 RQ worker 'rq:worker:node33-038.117260' started, version 0.8.1
12:58:21 Cleaning registries for queue: 96
12:58:21 
12:58:21 *** Listening on 96...
12:58:21 RQ worker 'rq:worker:node33-038.117257' started, version 0.8.1
12:58:21 Cleaning registries for queue: 96
12:58:21 
12:58:21 *** Listening on 96...
12:58:21 RQ worker 'rq:worker:node33-038.117258' started, version 0.8.1
12:58:21 Cleaning registries for queue: 96
12:58:21 
12:58:21 *** Listening on 96...
12:58:21 RQ worker 'rq:worker:node33-038.117259' started, version 0.8.1
12:58:21 Cleaning registries for queue: 96
12:58:21 
12:58:21 *** Listening on 96...
12:58:21 RQ worker 'rq:worker:node33-038.117256' started, version 0.8.1
12:58:21 Cleaning registries for queue: 96
12:58:21 
12:58:21 *** Listening on 96...
12:58:21 RQ worker 'rq:worker:node33-038.117255' started, version 0.8.1
12:58:21 Cleaning registries for queue: 96
12:58:21 
12:58:21 *** Listening on 96...
12:58:31 96: RemoteModelLearning.learnModelRemote('xTi', 0.0, branchID=0, growth_generator='NV_alternative_model', host_name='node33-038', log_file='/panfs/panasas01/phys/bf16951/QMD/ParallelDevelopment/Results/Oct_01/12_46/logs/NV-exp-method-sim__random--probe__QMLA_96.qmd.8794809.log', port_number=6396, qid=96, remote=True) (e41916ed-57f1-4466-8546-8acc769ca692)
12:58:31 96: RemoteModelLearning.learnModelRemote('yTi', 1.0, branchID=0, growth_generator='NV_alternative_model', host_name='node33-038', log_file='/panfs/panasas01/phys/bf16951/QMD/ParallelDevelopment/Results/Oct_01/12_46/logs/NV-exp-method-sim__random--probe__QMLA_96.qmd.8794809.log', port_number=6396, qid=96, remote=True) (314493d4-d3ec-4ac9-8866-d189f2869ade)
12:58:31 96: RemoteModelLearning.learnModelRemote('zTi', 2.0, branchID=0, growth_generator='NV_alternative_model', host_name='node33-038', log_file='/panfs/panasas01/phys/bf16951/QMD/ParallelDevelopment/Results/Oct_01/12_46/logs/NV-exp-method-sim__random--probe__QMLA_96.qmd.8794809.log', port_number=6396, qid=96, remote=True) (05f42b87-4b64-487b-b861-0d563b9c848c)
13:27:43 96: Job OK (e41916ed-57f1-4466-8546-8acc769ca692)
13:27:43 Result will never expire, clean up result key manually
13:27:43 
13:27:43 *** Listening on 96...
13:29:32 96: Job OK (314493d4-d3ec-4ac9-8866-d189f2869ade)
13:29:32 Result will never expire, clean up result key manually
13:29:32 
13:29:32 *** Listening on 96...
13:41:14 96: Job OK (05f42b87-4b64-487b-b861-0d563b9c848c)
13:41:14 Result will never expire, clean up result key manually
13:41:14 
13:41:14 *** Listening on 96...
13:41:14 96: RemoteBayesFactor.BayesFactorRemote(bayes_threshold=100, bf_data_folder='/panfs/panasas01/phys/bf16951/QMD/ParallelDevelopment/Results/Oct_01/12_46/BayesFactorsTimeRecords/', branchID=0, host_name='node33-038', interbranch=False, log_file='/panfs/panasas01/phys/bf16951/QMD/ParallelDevelopment/Results/Oct_01/12_46/logs/NV-exp-method-sim__random--probe__QMLA_96.qmd.8794809.log', model_a_id=0, model_b_id=2, num_times_to_use=750, port_number=6396, qid=96, times_record='/panfs/panasas01/phys/bf16951/QMD/ParallelDevelopment/Results/Oct_01/12_46/BayesFactorsTimeRecords/BayesFactorsPairsTimes_096.txt', trueModel='xTiPPyTiPPzTiPPzTz') (699bfd72-2921-4623-be1f-651574862cf9)
13:41:14 96: RemoteBayesFactor.BayesFactorRemote(bayes_threshold=100, bf_data_folder='/panfs/panasas01/phys/bf16951/QMD/ParallelDevelopment/Results/Oct_01/12_46/BayesFactorsTimeRecords/', branchID=0, host_name='node33-038', interbranch=False, log_file='/panfs/panasas01/phys/bf16951/QMD/ParallelDevelopment/Results/Oct_01/12_46/logs/NV-exp-method-sim__random--probe__QMLA_96.qmd.8794809.log', model_a_id=0, model_b_id=1, num_times_to_use=750, port_number=6396, qid=96, times_record='/panfs/panasas01/phys/bf16951/QMD/ParallelDevelopment/Results/Oct_01/12_46/BayesFactorsTimeRecords/BayesFactorsPairsTimes_096.txt', trueModel='xTiPPyTiPPzTiPPzTz') (85d8882a-cdd6-487f-8002-16036719c614)
13:41:14 96: RemoteBayesFactor.BayesFactorRemote(bayes_threshold=100, bf_data_folder='/panfs/panasas01/phys/bf16951/QMD/ParallelDevelopment/Results/Oct_01/12_46/BayesFactorsTimeRecords/', branchID=0, host_name='node33-038', interbranch=False, log_file='/panfs/panasas01/phys/bf16951/QMD/ParallelDevelopment/Results/Oct_01/12_46/logs/NV-exp-method-sim__random--probe__QMLA_96.qmd.8794809.log', model_a_id=1, model_b_id=2, num_times_to_use=750, port_number=6396, qid=96, times_record='/panfs/panasas01/phys/bf16951/QMD/ParallelDevelopment/Results/Oct_01/12_46/BayesFactorsTimeRecords/BayesFactorsPairsTimes_096.txt', trueModel='xTiPPyTiPPzTiPPzTz') (110f880d-64bc-413d-8bd9-9985a65fea14)
14:43:15 96: Job OK (85d8882a-cdd6-487f-8002-16036719c614)
14:43:15 Result will never expire, clean up result key manually
14:43:15 Cleaning registries for queue: 96
14:43:15 
14:43:15 *** Listening on 96...
14:56:02 96: Job OK (110f880d-64bc-413d-8bd9-9985a65fea14)
14:56:02 Result will never expire, clean up result key manually
14:56:02 Cleaning registries for queue: 96
14:56:02 
14:56:02 *** Listening on 96...
15:00:45 96: Job OK (699bfd72-2921-4623-be1f-651574862cf9)
15:00:45 Result will never expire, clean up result key manually
15:00:45 Cleaning registries for queue: 96
15:00:45 
15:00:45 *** Listening on 96...
15:00:45 96: RemoteModelLearning.learnModelRemote('xTiPPzTi', 3.0, branchID=1, growth_generator='NV_alternative_model', host_name='node33-038', log_file='/panfs/panasas01/phys/bf16951/QMD/ParallelDevelopment/Results/Oct_01/12_46/logs/NV-exp-method-sim__random--probe__QMLA_96.qmd.8794809.log', port_number=6396, qid=96, remote=True) (8a7ea115-2e5c-451c-9882-36a6bb98ebca)
15:00:45 96: RemoteModelLearning.learnModelRemote('yTiPPzTi', 4.0, branchID=1, growth_generator='NV_alternative_model', host_name='node33-038', log_file='/panfs/panasas01/phys/bf16951/QMD/ParallelDevelopment/Results/Oct_01/12_46/logs/NV-exp-method-sim__random--probe__QMLA_96.qmd.8794809.log', port_number=6396, qid=96, remote=True) (e914b2d0-66b2-42f2-8e4f-e3d99bee949c)
15:26:55 96: Job OK (8a7ea115-2e5c-451c-9882-36a6bb98ebca)
15:26:55 Result will never expire, clean up result key manually
15:26:55 
15:26:55 *** Listening on 96...
15:30:05 96: Job OK (e914b2d0-66b2-42f2-8e4f-e3d99bee949c)
15:30:05 Result will never expire, clean up result key manually
15:30:05 
15:30:05 *** Listening on 96...
15:30:05 96: RemoteBayesFactor.BayesFactorRemote(bayes_threshold=100, bf_data_folder='/panfs/panasas01/phys/bf16951/QMD/ParallelDevelopment/Results/Oct_01/12_46/BayesFactorsTimeRecords/', branchID=1, host_name='node33-038', interbranch=False, log_file='/panfs/panasas01/phys/bf16951/QMD/ParallelDevelopment/Results/Oct_01/12_46/logs/NV-exp-method-sim__random--probe__QMLA_96.qmd.8794809.log', model_a_id=3, model_b_id=4, num_times_to_use=750, port_number=6396, qid=96, times_record='/panfs/panasas01/phys/bf16951/QMD/ParallelDevelopment/Results/Oct_01/12_46/BayesFactorsTimeRecords/BayesFactorsPairsTimes_096.txt', trueModel='xTiPPyTiPPzTiPPzTz') (5c273771-825c-4075-a063-d7dbea829754)
16:28:10 96: Job OK (5c273771-825c-4075-a063-d7dbea829754)
16:28:10 Result will never expire, clean up result key manually
16:28:10 Cleaning registries for queue: 96
16:28:10 96: RemoteModelLearning.learnModelRemote('xTiPPyTiPPzTi', 5.0, branchID=2, growth_generator='NV_alternative_model', host_name='node33-038', log_file='/panfs/panasas01/phys/bf16951/QMD/ParallelDevelopment/Results/Oct_01/12_46/logs/NV-exp-method-sim__random--probe__QMLA_96.qmd.8794809.log', port_number=6396, qid=96, remote=True) (6e236cf1-cd43-432c-b2ae-03d197082b9a)
16:28:10 
16:28:10 *** Listening on 96...
16:57:41 96: Job OK (6e236cf1-cd43-432c-b2ae-03d197082b9a)
16:57:41 Result will never expire, clean up result key manually
16:57:41 Cleaning registries for queue: 96
16:57:41 
16:57:41 *** Listening on 96...
16:57:41 96: RemoteModelLearning.learnModelRemote('xTiPPyTiPPzTiPPzTz', 6.0, branchID=3, growth_generator='NV_alternative_model', host_name='node33-038', log_file='/panfs/panasas01/phys/bf16951/QMD/ParallelDevelopment/Results/Oct_01/12_46/logs/NV-exp-method-sim__random--probe__QMLA_96.qmd.8794809.log', port_number=6396, qid=96, remote=True) (3ebf56d4-63ef-4412-abdb-b5b3ac5e3391)
16:57:41 96: RemoteModelLearning.learnModelRemote('xTiPPyTiPPyTyPPzTi', 7.0, branchID=3, growth_generator='NV_alternative_model', host_name='node33-038', log_file='/panfs/panasas01/phys/bf16951/QMD/ParallelDevelopment/Results/Oct_01/12_46/logs/NV-exp-method-sim__random--probe__QMLA_96.qmd.8794809.log', port_number=6396, qid=96, remote=True) (c19ccc5a-1e88-41ea-9544-2b21c387535c)
16:57:41 96: RemoteModelLearning.learnModelRemote('xTiPPxTxPPyTiPPzTi', 8.0, branchID=3, growth_generator='NV_alternative_model', host_name='node33-038', log_file='/panfs/panasas01/phys/bf16951/QMD/ParallelDevelopment/Results/Oct_01/12_46/logs/NV-exp-method-sim__random--probe__QMLA_96.qmd.8794809.log', port_number=6396, qid=96, remote=True) (486aec54-b716-4b28-bc06-c8fe06f95f4b)
17:27:55 96: Job OK (486aec54-b716-4b28-bc06-c8fe06f95f4b)
17:27:55 Result will never expire, clean up result key manually
17:27:55 Cleaning registries for queue: 96
17:27:55 
17:27:55 *** Listening on 96...
17:28:34 96: Job OK (3ebf56d4-63ef-4412-abdb-b5b3ac5e3391)
17:28:34 Result will never expire, clean up result key manually
17:28:34 Cleaning registries for queue: 96
17:28:34 
17:28:34 *** Listening on 96...
17:29:31 96: Job OK (c19ccc5a-1e88-41ea-9544-2b21c387535c)
17:29:31 Result will never expire, clean up result key manually
17:29:31 Cleaning registries for queue: 96
17:29:31 
17:29:31 *** Listening on 96...
17:29:31 96: RemoteBayesFactor.BayesFactorRemote(bayes_threshold=100, bf_data_folder='/panfs/panasas01/phys/bf16951/QMD/ParallelDevelopment/Results/Oct_01/12_46/BayesFactorsTimeRecords/', branchID=3, host_name='node33-038', interbranch=False, log_file='/panfs/panasas01/phys/bf16951/QMD/ParallelDevelopment/Results/Oct_01/12_46/logs/NV-exp-method-sim__random--probe__QMLA_96.qmd.8794809.log', model_a_id=6, model_b_id=7, num_times_to_use=750, port_number=6396, qid=96, times_record='/panfs/panasas01/phys/bf16951/QMD/ParallelDevelopment/Results/Oct_01/12_46/BayesFactorsTimeRecords/BayesFactorsPairsTimes_096.txt', trueModel='xTiPPyTiPPzTiPPzTz') (06866469-6487-4b6a-8320-4787e2a6012d)
17:29:31 96: RemoteBayesFactor.BayesFactorRemote(bayes_threshold=100, bf_data_folder='/panfs/panasas01/phys/bf16951/QMD/ParallelDevelopment/Results/Oct_01/12_46/BayesFactorsTimeRecords/', branchID=3, host_name='node33-038', interbranch=False, log_file='/panfs/panasas01/phys/bf16951/QMD/ParallelDevelopment/Results/Oct_01/12_46/logs/NV-exp-method-sim__random--probe__QMLA_96.qmd.8794809.log', model_a_id=6, model_b_id=8, num_times_to_use=750, port_number=6396, qid=96, times_record='/panfs/panasas01/phys/bf16951/QMD/ParallelDevelopment/Results/Oct_01/12_46/BayesFactorsTimeRecords/BayesFactorsPairsTimes_096.txt', trueModel='xTiPPyTiPPzTiPPzTz') (b78a1927-7a23-48c0-87f1-9696a7af3e6f)
17:29:31 96: RemoteBayesFactor.BayesFactorRemote(bayes_threshold=100, bf_data_folder='/panfs/panasas01/phys/bf16951/QMD/ParallelDevelopment/Results/Oct_01/12_46/BayesFactorsTimeRecords/', branchID=3, host_name='node33-038', interbranch=False, log_file='/panfs/panasas01/phys/bf16951/QMD/ParallelDevelopment/Results/Oct_01/12_46/logs/NV-exp-method-sim__random--probe__QMLA_96.qmd.8794809.log', model_a_id=7, model_b_id=8, num_times_to_use=750, port_number=6396, qid=96, times_record='/panfs/panasas01/phys/bf16951/QMD/ParallelDevelopment/Results/Oct_01/12_46/BayesFactorsTimeRecords/BayesFactorsPairsTimes_096.txt', trueModel='xTiPPyTiPPzTiPPzTz') (d7a4fb03-277e-467e-b213-ce90905bbfc3)
18:31:49 96: Job OK (b78a1927-7a23-48c0-87f1-9696a7af3e6f)
18:31:49 Result will never expire, clean up result key manually
18:31:49 Cleaning registries for queue: 96
18:31:49 
18:31:49 *** Listening on 96...
18:32:42 96: Job OK (d7a4fb03-277e-467e-b213-ce90905bbfc3)
18:32:42 Result will never expire, clean up result key manually
18:32:42 Cleaning registries for queue: 96
18:32:42 
18:32:42 *** Listening on 96...
18:33:34 96: Job OK (06866469-6487-4b6a-8320-4787e2a6012d)
18:33:34 Result will never expire, clean up result key manually
18:33:34 Cleaning registries for queue: 96
18:33:34 
18:33:34 *** Listening on 96...
18:33:34 96: RemoteModelLearning.learnModelRemote('xTiPPyTiPPyTyPPzTiPPzTz', 9.0, branchID=4, growth_generator='NV_alternative_model', host_name='node33-038', log_file='/panfs/panasas01/phys/bf16951/QMD/ParallelDevelopment/Results/Oct_01/12_46/logs/NV-exp-method-sim__random--probe__QMLA_96.qmd.8794809.log', port_number=6396, qid=96, remote=True) (059a1516-051b-4f20-9ca0-c497243536c6)
18:33:34 96: RemoteModelLearning.learnModelRemote('xTiPPxTxPPyTiPPzTiPPzTz', 10.0, branchID=4, growth_generator='NV_alternative_model', host_name='node33-038', log_file='/panfs/panasas01/phys/bf16951/QMD/ParallelDevelopment/Results/Oct_01/12_46/logs/NV-exp-method-sim__random--probe__QMLA_96.qmd.8794809.log', port_number=6396, qid=96, remote=True) (46791543-1f28-431b-ad43-50db51b35317)
19:01:41 96: Job OK (059a1516-051b-4f20-9ca0-c497243536c6)
19:01:41 Result will never expire, clean up result key manually
19:01:41 Cleaning registries for queue: 96
19:01:41 
19:01:41 *** Listening on 96...
19:02:21 96: Job OK (46791543-1f28-431b-ad43-50db51b35317)
19:02:21 Result will never expire, clean up result key manually
19:02:21 Cleaning registries for queue: 96
19:02:21 
19:02:21 *** Listening on 96...
19:02:21 96: RemoteBayesFactor.BayesFactorRemote(bayes_threshold=100, bf_data_folder='/panfs/panasas01/phys/bf16951/QMD/ParallelDevelopment/Results/Oct_01/12_46/BayesFactorsTimeRecords/', branchID=4, host_name='node33-038', interbranch=False, log_file='/panfs/panasas01/phys/bf16951/QMD/ParallelDevelopment/Results/Oct_01/12_46/logs/NV-exp-method-sim__random--probe__QMLA_96.qmd.8794809.log', model_a_id=9, model_b_id=10, num_times_to_use=750, port_number=6396, qid=96, times_record='/panfs/panasas01/phys/bf16951/QMD/ParallelDevelopment/Results/Oct_01/12_46/BayesFactorsTimeRecords/BayesFactorsPairsTimes_096.txt', trueModel='xTiPPyTiPPzTiPPzTz') (8125d33e-f9cf-4a61-b00c-3000f4076afe)
19:58:22 96: Job OK (8125d33e-f9cf-4a61-b00c-3000f4076afe)
19:58:22 Result will never expire, clean up result key manually
19:58:22 Cleaning registries for queue: 96
19:58:22 
19:58:22 *** Listening on 96...
19:58:22 96: RemoteModelLearning.learnModelRemote('xTiPPxTxPPyTiPPyTyPPzTiPPzTz', 11.0, branchID=5, growth_generator='NV_alternative_model', host_name='node33-038', log_file='/panfs/panasas01/phys/bf16951/QMD/ParallelDevelopment/Results/Oct_01/12_46/logs/NV-exp-method-sim__random--probe__QMLA_96.qmd.8794809.log', port_number=6396, qid=96, remote=True) (6fc69f33-eca8-414f-b2d9-441d07d204a7)
20:26:27 96: Job OK (6fc69f33-eca8-414f-b2d9-441d07d204a7)
20:26:27 Result will never expire, clean up result key manually
20:26:27 Cleaning registries for queue: 96
20:26:27 
20:26:27 *** Listening on 96...
20:26:27 96: RemoteModelLearning.learnModelRemote('xTiPPxTxPPxTyPPyTiPPyTyPPzTiPPzTz', 12.0, branchID=6, growth_generator='NV_alternative_model', host_name='node33-038', log_file='/panfs/panasas01/phys/bf16951/QMD/ParallelDevelopment/Results/Oct_01/12_46/logs/NV-exp-method-sim__random--probe__QMLA_96.qmd.8794809.log', port_number=6396, qid=96, remote=True) (ed65a72e-1b03-4f1a-bf9d-6a7a1a593202)
20:26:27 96: RemoteModelLearning.learnModelRemote('xTiPPxTxPPyTiPPyTyPPyTzPPzTiPPzTz', 13.0, branchID=6, growth_generator='NV_alternative_model', host_name='node33-038', log_file='/panfs/panasas01/phys/bf16951/QMD/ParallelDevelopment/Results/Oct_01/12_46/logs/NV-exp-method-sim__random--probe__QMLA_96.qmd.8794809.log', port_number=6396, qid=96, remote=True) (0e1624ac-8db7-4a66-aded-0adb99c6669a)
20:26:27 96: RemoteModelLearning.learnModelRemote('xTiPPxTxPPxTzPPyTiPPyTyPPzTiPPzTz', 14.0, branchID=6, growth_generator='NV_alternative_model', host_name='node33-038', log_file='/panfs/panasas01/phys/bf16951/QMD/ParallelDevelopment/Results/Oct_01/12_46/logs/NV-exp-method-sim__random--probe__QMLA_96.qmd.8794809.log', port_number=6396, qid=96, remote=True) (2ee13b13-a4bb-4e58-b973-b1fd57a38274)
20:55:28 96: Job OK (ed65a72e-1b03-4f1a-bf9d-6a7a1a593202)
20:55:28 Result will never expire, clean up result key manually
20:55:28 Cleaning registries for queue: 96
20:55:28 
20:55:28 *** Listening on 96...
20:57:03 96: Job OK (2ee13b13-a4bb-4e58-b973-b1fd57a38274)
20:57:03 Result will never expire, clean up result key manually
20:57:03 Cleaning registries for queue: 96
20:57:03 
20:57:03 *** Listening on 96...
20:57:04 96: Job OK (0e1624ac-8db7-4a66-aded-0adb99c6669a)
20:57:04 Result will never expire, clean up result key manually
20:57:04 
20:57:04 *** Listening on 96...
20:57:05 96: RemoteBayesFactor.BayesFactorRemote(bayes_threshold=100, bf_data_folder='/panfs/panasas01/phys/bf16951/QMD/ParallelDevelopment/Results/Oct_01/12_46/BayesFactorsTimeRecords/', branchID=6, host_name='node33-038', interbranch=False, log_file='/panfs/panasas01/phys/bf16951/QMD/ParallelDevelopment/Results/Oct_01/12_46/logs/NV-exp-method-sim__random--probe__QMLA_96.qmd.8794809.log', model_a_id=12, model_b_id=13, num_times_to_use=750, port_number=6396, qid=96, times_record='/panfs/panasas01/phys/bf16951/QMD/ParallelDevelopment/Results/Oct_01/12_46/BayesFactorsTimeRecords/BayesFactorsPairsTimes_096.txt', trueModel='xTiPPyTiPPzTiPPzTz') (5897c748-f7fd-43f8-a4a5-ed2aff6f254a)
20:57:05 96: RemoteBayesFactor.BayesFactorRemote(bayes_threshold=100, bf_data_folder='/panfs/panasas01/phys/bf16951/QMD/ParallelDevelopment/Results/Oct_01/12_46/BayesFactorsTimeRecords/', branchID=6, host_name='node33-038', interbranch=False, log_file='/panfs/panasas01/phys/bf16951/QMD/ParallelDevelopment/Results/Oct_01/12_46/logs/NV-exp-method-sim__random--probe__QMLA_96.qmd.8794809.log', model_a_id=12, model_b_id=14, num_times_to_use=750, port_number=6396, qid=96, times_record='/panfs/panasas01/phys/bf16951/QMD/ParallelDevelopment/Results/Oct_01/12_46/BayesFactorsTimeRecords/BayesFactorsPairsTimes_096.txt', trueModel='xTiPPyTiPPzTiPPzTz') (7bab7cc1-869f-40ca-b7d6-634a1d2e4a4f)
20:57:05 96: RemoteBayesFactor.BayesFactorRemote(bayes_threshold=100, bf_data_folder='/panfs/panasas01/phys/bf16951/QMD/ParallelDevelopment/Results/Oct_01/12_46/BayesFactorsTimeRecords/', branchID=6, host_name='node33-038', interbranch=False, log_file='/panfs/panasas01/phys/bf16951/QMD/ParallelDevelopment/Results/Oct_01/12_46/logs/NV-exp-method-sim__random--probe__QMLA_96.qmd.8794809.log', model_a_id=13, model_b_id=14, num_times_to_use=750, port_number=6396, qid=96, times_record='/panfs/panasas01/phys/bf16951/QMD/ParallelDevelopment/Results/Oct_01/12_46/BayesFactorsTimeRecords/BayesFactorsPairsTimes_096.txt', trueModel='xTiPPyTiPPzTiPPzTz') (59092f56-fcb3-43cc-baef-cf8090c14e06)
21:54:06 96: Job OK (7bab7cc1-869f-40ca-b7d6-634a1d2e4a4f)
21:54:06 Result will never expire, clean up result key manually
21:54:06 Cleaning registries for queue: 96
21:54:06 
21:54:06 *** Listening on 96...
21:58:59 96: Job OK (5897c748-f7fd-43f8-a4a5-ed2aff6f254a)
21:58:59 Result will never expire, clean up result key manually
21:58:59 Cleaning registries for queue: 96
21:58:59 
21:58:59 *** Listening on 96...
21:59:59 96: Job OK (59092f56-fcb3-43cc-baef-cf8090c14e06)
21:59:59 Result will never expire, clean up result key manually
21:59:59 Cleaning registries for queue: 96
21:59:59 
21:59:59 *** Listening on 96...
22:00:00 96: RemoteModelLearning.learnModelRemote('xTiPPxTxPPxTyPPyTiPPyTyPPyTzPPzTiPPzTz', 15.0, branchID=7, growth_generator='NV_alternative_model', host_name='node33-038', log_file='/panfs/panasas01/phys/bf16951/QMD/ParallelDevelopment/Results/Oct_01/12_46/logs/NV-exp-method-sim__random--probe__QMLA_96.qmd.8794809.log', port_number=6396, qid=96, remote=True) (05582f6f-6442-4b30-871b-0c27a4adaf46)
22:00:00 96: RemoteModelLearning.learnModelRemote('xTiPPxTxPPxTyPPxTzPPyTiPPyTyPPzTiPPzTz', 16.0, branchID=7, growth_generator='NV_alternative_model', host_name='node33-038', log_file='/panfs/panasas01/phys/bf16951/QMD/ParallelDevelopment/Results/Oct_01/12_46/logs/NV-exp-method-sim__random--probe__QMLA_96.qmd.8794809.log', port_number=6396, qid=96, remote=True) (e3f685be-4ca0-4f05-93d6-c453b2e068f2)
22:28:19 96: Job OK (e3f685be-4ca0-4f05-93d6-c453b2e068f2)
22:28:19 Result will never expire, clean up result key manually
22:28:19 Cleaning registries for queue: 96
22:28:19 
22:28:19 *** Listening on 96...
22:29:54 96: Job OK (05582f6f-6442-4b30-871b-0c27a4adaf46)
22:29:54 Result will never expire, clean up result key manually
22:29:54 
22:29:54 *** Listening on 96...
22:29:54 96: RemoteBayesFactor.BayesFactorRemote(bayes_threshold=100, bf_data_folder='/panfs/panasas01/phys/bf16951/QMD/ParallelDevelopment/Results/Oct_01/12_46/BayesFactorsTimeRecords/', branchID=7, host_name='node33-038', interbranch=False, log_file='/panfs/panasas01/phys/bf16951/QMD/ParallelDevelopment/Results/Oct_01/12_46/logs/NV-exp-method-sim__random--probe__QMLA_96.qmd.8794809.log', model_a_id=15, model_b_id=16, num_times_to_use=750, port_number=6396, qid=96, times_record='/panfs/panasas01/phys/bf16951/QMD/ParallelDevelopment/Results/Oct_01/12_46/BayesFactorsTimeRecords/BayesFactorsPairsTimes_096.txt', trueModel='xTiPPyTiPPzTiPPzTz') (0feb3a5e-dbe7-42ce-961f-396726c887e5)
23:25:28 96: Job OK (0feb3a5e-dbe7-42ce-961f-396726c887e5)
23:25:28 Result will never expire, clean up result key manually
23:25:28 Cleaning registries for queue: 96
23:25:28 
23:25:28 *** Listening on 96...
23:25:28 96: RemoteModelLearning.learnModelRemote('xTiPPxTxPPxTyPPxTzPPyTiPPyTyPPyTzPPzTiPPzTz', 17.0, branchID=8, growth_generator='NV_alternative_model', host_name='node33-038', log_file='/panfs/panasas01/phys/bf16951/QMD/ParallelDevelopment/Results/Oct_01/12_46/logs/NV-exp-method-sim__random--probe__QMLA_96.qmd.8794809.log', port_number=6396, qid=96, remote=True) (931239f0-30e2-4b6d-ac2b-b0dc21752de9)
23:54:03 96: Job OK (931239f0-30e2-4b6d-ac2b-b0dc21752de9)
23:54:03 Result will never expire, clean up result key manually
23:54:03 96: RemoteBayesFactor.BayesFactorRemote(bayes_threshold=100, bf_data_folder='/panfs/panasas01/phys/bf16951/QMD/ParallelDevelopment/Results/Oct_01/12_46/BayesFactorsTimeRecords/', branchID=None, host_name='node33-038', interbranch=True, log_file='/panfs/panasas01/phys/bf16951/QMD/ParallelDevelopment/Results/Oct_01/12_46/logs/NV-exp-method-sim__random--probe__QMLA_96.qmd.8794809.log', model_a_id=2, model_b_id=4, num_times_to_use=750, port_number=6396, qid=96, times_record='/panfs/panasas01/phys/bf16951/QMD/ParallelDevelopment/Results/Oct_01/12_46/BayesFactorsTimeRecords/BayesFactorsPairsTimes_096.txt', trueModel='xTiPPyTiPPzTiPPzTz') (7e038bf4-da33-4d75-ac7d-485272539525)
23:54:03 96: RemoteBayesFactor.BayesFactorRemote(bayes_threshold=100, bf_data_folder='/panfs/panasas01/phys/bf16951/QMD/ParallelDevelopment/Results/Oct_01/12_46/BayesFactorsTimeRecords/', branchID=None, host_name='node33-038', interbranch=True, log_file='/panfs/panasas01/phys/bf16951/QMD/ParallelDevelopment/Results/Oct_01/12_46/logs/NV-exp-method-sim__random--probe__QMLA_96.qmd.8794809.log', model_a_id=4, model_b_id=5, num_times_to_use=750, port_number=6396, qid=96, times_record='/panfs/panasas01/phys/bf16951/QMD/ParallelDevelopment/Results/Oct_01/12_46/BayesFactorsTimeRecords/BayesFactorsPairsTimes_096.txt', trueModel='xTiPPyTiPPzTiPPzTz') (eef381ef-3d3d-48dd-8eab-badd84459075)
23:54:03 Cleaning registries for queue: 96
23:54:03 
23:54:03 *** Listening on 96...
23:54:03 96: RemoteBayesFactor.BayesFactorRemote(bayes_threshold=100, bf_data_folder='/panfs/panasas01/phys/bf16951/QMD/ParallelDevelopment/Results/Oct_01/12_46/BayesFactorsTimeRecords/', branchID=None, host_name='node33-038', interbranch=True, log_file='/panfs/panasas01/phys/bf16951/QMD/ParallelDevelopment/Results/Oct_01/12_46/logs/NV-exp-method-sim__random--probe__QMLA_96.qmd.8794809.log', model_a_id=5, model_b_id=6, num_times_to_use=750, port_number=6396, qid=96, times_record='/panfs/panasas01/phys/bf16951/QMD/ParallelDevelopment/Results/Oct_01/12_46/BayesFactorsTimeRecords/BayesFactorsPairsTimes_096.txt', trueModel='xTiPPyTiPPzTiPPzTz') (e5dbd8d5-1d92-4ac9-b27c-51fe049fab61)
23:54:03 96: RemoteBayesFactor.BayesFactorRemote(bayes_threshold=100, bf_data_folder='/panfs/panasas01/phys/bf16951/QMD/ParallelDevelopment/Results/Oct_01/12_46/BayesFactorsTimeRecords/', branchID=None, host_name='node33-038', interbranch=True, log_file='/panfs/panasas01/phys/bf16951/QMD/ParallelDevelopment/Results/Oct_01/12_46/logs/NV-exp-method-sim__random--probe__QMLA_96.qmd.8794809.log', model_a_id=10, model_b_id=11, num_times_to_use=750, port_number=6396, qid=96, times_record='/panfs/panasas01/phys/bf16951/QMD/ParallelDevelopment/Results/Oct_01/12_46/BayesFactorsTimeRecords/BayesFactorsPairsTimes_096.txt', trueModel='xTiPPyTiPPzTiPPzTz') (382839d1-7828-456f-8aae-f9e82b62cd79)
23:54:03 96: RemoteBayesFactor.BayesFactorRemote(bayes_threshold=100, bf_data_folder='/panfs/panasas01/phys/bf16951/QMD/ParallelDevelopment/Results/Oct_01/12_46/BayesFactorsTimeRecords/', branchID=None, host_name='node33-038', interbranch=True, log_file='/panfs/panasas01/phys/bf16951/QMD/ParallelDevelopment/Results/Oct_01/12_46/logs/NV-exp-method-sim__random--probe__QMLA_96.qmd.8794809.log', model_a_id=6, model_b_id=10, num_times_to_use=750, port_number=6396, qid=96, times_record='/panfs/panasas01/phys/bf16951/QMD/ParallelDevelopment/Results/Oct_01/12_46/BayesFactorsTimeRecords/BayesFactorsPairsTimes_096.txt', trueModel='xTiPPyTiPPzTiPPzTz') (9081226f-9667-4d80-94b5-63166e1fa814)
23:54:03 96: RemoteBayesFactor.BayesFactorRemote(bayes_threshold=100, bf_data_folder='/panfs/panasas01/phys/bf16951/QMD/ParallelDevelopment/Results/Oct_01/12_46/BayesFactorsTimeRecords/', branchID=None, host_name='node33-038', interbranch=True, log_file='/panfs/panasas01/phys/bf16951/QMD/ParallelDevelopment/Results/Oct_01/12_46/logs/NV-exp-method-sim__random--probe__QMLA_96.qmd.8794809.log', model_a_id=11, model_b_id=12, num_times_to_use=750, port_number=6396, qid=96, times_record='/panfs/panasas01/phys/bf16951/QMD/ParallelDevelopment/Results/Oct_01/12_46/BayesFactorsTimeRecords/BayesFactorsPairsTimes_096.txt', trueModel='xTiPPyTiPPzTiPPzTz') (8314e353-8e8d-4c0b-9861-d6d6937a3f83)
01:14:26 96: Job OK (9081226f-9667-4d80-94b5-63166e1fa814)
01:14:26 Result will never expire, clean up result key manually
01:14:26 Cleaning registries for queue: 96
01:14:26 
01:14:26 *** Listening on 96...
01:14:26 96: RemoteBayesFactor.BayesFactorRemote(bayes_threshold=100, bf_data_folder='/panfs/panasas01/phys/bf16951/QMD/ParallelDevelopment/Results/Oct_01/12_46/BayesFactorsTimeRecords/', branchID=None, host_name='node33-038', interbranch=True, log_file='/panfs/panasas01/phys/bf16951/QMD/ParallelDevelopment/Results/Oct_01/12_46/logs/NV-exp-method-sim__random--probe__QMLA_96.qmd.8794809.log', model_a_id=12, model_b_id=16, num_times_to_use=750, port_number=6396, qid=96, times_record='/panfs/panasas01/phys/bf16951/QMD/ParallelDevelopment/Results/Oct_01/12_46/BayesFactorsTimeRecords/BayesFactorsPairsTimes_096.txt', trueModel='xTiPPyTiPPzTiPPzTz') (4d4dced9-8548-4752-891c-79e882f1c1ff)
01:27:58 96: Job OK (8314e353-8e8d-4c0b-9861-d6d6937a3f83)
01:27:58 Result will never expire, clean up result key manually
01:27:58 Cleaning registries for queue: 96
01:27:58 
01:27:58 *** Listening on 96...
01:27:58 96: RemoteBayesFactor.BayesFactorRemote(bayes_threshold=100, bf_data_folder='/panfs/panasas01/phys/bf16951/QMD/ParallelDevelopment/Results/Oct_01/12_46/BayesFactorsTimeRecords/', branchID=None, host_name='node33-038', interbranch=True, log_file='/panfs/panasas01/phys/bf16951/QMD/ParallelDevelopment/Results/Oct_01/12_46/logs/NV-exp-method-sim__random--probe__QMLA_96.qmd.8794809.log', model_a_id=16, model_b_id=17, num_times_to_use=750, port_number=6396, qid=96, times_record='/panfs/panasas01/phys/bf16951/QMD/ParallelDevelopment/Results/Oct_01/12_46/BayesFactorsTimeRecords/BayesFactorsPairsTimes_096.txt', trueModel='xTiPPyTiPPzTiPPzTz') (349af0e7-bdf6-46ef-b91d-c4acc0617674)
01:28:47 96: Job OK (7e038bf4-da33-4d75-ac7d-485272539525)
01:28:47 Result will never expire, clean up result key manually
01:28:47 Cleaning registries for queue: 96
01:28:47 
01:28:47 *** Listening on 96...
01:29:00 96: Job OK (382839d1-7828-456f-8aae-f9e82b62cd79)
01:29:00 Result will never expire, clean up result key manually
01:29:00 Cleaning registries for queue: 96
01:29:00 
01:29:00 *** Listening on 96...
01:29:27 96: Job OK (eef381ef-3d3d-48dd-8eab-badd84459075)
01:29:27 Result will never expire, clean up result key manually
01:29:27 Cleaning registries for queue: 96
01:29:27 
01:29:27 *** Listening on 96...
01:29:39 96: Job OK (e5dbd8d5-1d92-4ac9-b27c-51fe049fab61)
01:29:39 Result will never expire, clean up result key manually
01:29:40 Cleaning registries for queue: 96
01:29:40 
01:29:40 *** Listening on 96...
02:15:09 96: Job OK (4d4dced9-8548-4752-891c-79e882f1c1ff)
02:15:09 Result will never expire, clean up result key manually
02:15:09 Cleaning registries for queue: 96
02:15:09 
02:15:09 *** Listening on 96...
02:23:32 96: Job OK (349af0e7-bdf6-46ef-b91d-c4acc0617674)
02:23:32 Result will never expire, clean up result key manually
02:23:32 
02:23:32 *** Listening on 96...
02:23:32 96: RemoteBayesFactor.BayesFactorRemote(bayes_threshold=100, bf_data_folder='/panfs/panasas01/phys/bf16951/QMD/ParallelDevelopment/Results/Oct_01/12_46/BayesFactorsTimeRecords/', branchID=9, host_name='node33-038', interbranch=False, log_file='/panfs/panasas01/phys/bf16951/QMD/ParallelDevelopment/Results/Oct_01/12_46/logs/NV-exp-method-sim__random--probe__QMLA_96.qmd.8794809.log', model_a_id=6.0, model_b_id=16.0, num_times_to_use=750, port_number=6396, qid=96, times_record='/panfs/panasas01/phys/bf16951/QMD/ParallelDevelopment/Results/Oct_01/12_46/BayesFactorsTimeRecords/BayesFactorsPairsTimes_096.txt', trueModel='xTiPPyTiPPzTiPPzTz') (adc66b61-78a1-46ac-bab7-0854a99cc956)
02:23:32 96: RemoteBayesFactor.BayesFactorRemote(bayes_threshold=100, bf_data_folder='/panfs/panasas01/phys/bf16951/QMD/ParallelDevelopment/Results/Oct_01/12_46/BayesFactorsTimeRecords/', branchID=9, host_name='node33-038', interbranch=False, log_file='/panfs/panasas01/phys/bf16951/QMD/ParallelDevelopment/Results/Oct_01/12_46/logs/NV-exp-method-sim__random--probe__QMLA_96.qmd.8794809.log', model_a_id=11.0, model_b_id=6.0, num_times_to_use=750, port_number=6396, qid=96, times_record='/panfs/panasas01/phys/bf16951/QMD/ParallelDevelopment/Results/Oct_01/12_46/BayesFactorsTimeRecords/BayesFactorsPairsTimes_096.txt', trueModel='xTiPPyTiPPzTiPPzTz') (d147f7dd-7786-4559-94a3-ae6697a4f951)
02:23:32 96: RemoteBayesFactor.BayesFactorRemote(bayes_threshold=100, bf_data_folder='/panfs/panasas01/phys/bf16951/QMD/ParallelDevelopment/Results/Oct_01/12_46/BayesFactorsTimeRecords/', branchID=9, host_name='node33-038', interbranch=False, log_file='/panfs/panasas01/phys/bf16951/QMD/ParallelDevelopment/Results/Oct_01/12_46/logs/NV-exp-method-sim__random--probe__QMLA_96.qmd.8794809.log', model_a_id=11.0, model_b_id=16.0, num_times_to_use=750, port_number=6396, qid=96, times_record='/panfs/panasas01/phys/bf16951/QMD/ParallelDevelopment/Results/Oct_01/12_46/BayesFactorsTimeRecords/BayesFactorsPairsTimes_096.txt', trueModel='xTiPPyTiPPzTiPPzTz') (05775bed-c675-49d0-b6b1-6ebdeafec455)
03:21:17 96: Job OK (05775bed-c675-49d0-b6b1-6ebdeafec455)
03:21:17 Result will never expire, clean up result key manually
03:21:17 Cleaning registries for queue: 96
03:21:17 
03:21:17 *** Listening on 96...
03:22:31 96: Job OK (adc66b61-78a1-46ac-bab7-0854a99cc956)
03:22:31 Result will never expire, clean up result key manually
03:22:31 Cleaning registries for queue: 96
03:22:31 
03:22:31 *** Listening on 96...
03:25:32 96: Job OK (d147f7dd-7786-4559-94a3-ae6697a4f951)
03:25:32 Result will never expire, clean up result key manually
03:25:32 Cleaning registries for queue: 96
03:25:32 
03:25:32 *** Listening on 96...
Error 111 connecting to node33-038:6396. Connection refused.
Error 111 connecting to node33-038:6396. Connection refused.
Error 111 connecting to node33-038:6396. Connection refused.
Error 111 connecting to node33-038:6396. Connection refused.
Error 111 connecting to node33-038:6396. Connection refused.
Error 111 connecting to node33-038:6396. Connection refused.
