13:32:16 RQ worker 'rq:worker:node36-025.31267' started, version 0.8.1
13:32:16 RQ worker 'rq:worker:node36-025.31268' started, version 0.8.1
13:32:16 RQ worker 'rq:worker:node36-025.31269' started, version 0.8.1
13:32:16 RQ worker 'rq:worker:node36-025.31270' started, version 0.8.1
13:32:16 RQ worker 'rq:worker:node36-025.31271' started, version 0.8.1
13:32:16 Cleaning registries for queue: 98
13:32:16 Cleaning registries for queue: 98
13:32:16 Cleaning registries for queue: 98
13:32:16 Cleaning registries for queue: 98
13:32:16 Cleaning registries for queue: 98
13:32:16 
13:32:16 
13:32:16 
13:32:16 *** Listening on 98...
13:32:16 *** Listening on 98...
13:32:16 *** Listening on 98...
13:32:16 
13:32:16 
13:32:16 *** Listening on 98...
13:32:16 *** Listening on 98...
13:32:16 RQ worker 'rq:worker:node36-025.31266' started, version 0.8.1
13:32:16 Cleaning registries for queue: 98
13:32:16 
13:32:16 *** Listening on 98...
13:32:28 98: RemoteModelLearning.learnModelRemote('zTi', 2.0, branchID=0, growth_generator='NV_alternative_model', host_name='node36-025', log_file='/panfs/panasas01/phys/bf16951/QMD/ParallelDevelopment/Results/Oct_01/12_46/logs/NV-exp-method-sim__random--probe__QMLA_98.qmd.8794811.log', port_number=6398, qid=98, remote=True) (7acad1b8-ad45-4a5a-b2df-46fa64a20265)
13:32:28 98: RemoteModelLearning.learnModelRemote('xTi', 0.0, branchID=0, growth_generator='NV_alternative_model', host_name='node36-025', log_file='/panfs/panasas01/phys/bf16951/QMD/ParallelDevelopment/Results/Oct_01/12_46/logs/NV-exp-method-sim__random--probe__QMLA_98.qmd.8794811.log', port_number=6398, qid=98, remote=True) (635c0202-f76e-4d45-84c5-1a476263af92)
13:32:28 98: RemoteModelLearning.learnModelRemote('yTi', 1.0, branchID=0, growth_generator='NV_alternative_model', host_name='node36-025', log_file='/panfs/panasas01/phys/bf16951/QMD/ParallelDevelopment/Results/Oct_01/12_46/logs/NV-exp-method-sim__random--probe__QMLA_98.qmd.8794811.log', port_number=6398, qid=98, remote=True) (15a11994-427d-4ea8-93e9-2d054d8ff6c6)
13:59:21 98: Job OK (15a11994-427d-4ea8-93e9-2d054d8ff6c6)
13:59:21 Result will never expire, clean up result key manually
13:59:21 
13:59:21 *** Listening on 98...
13:59:31 98: Job OK (635c0202-f76e-4d45-84c5-1a476263af92)
13:59:31 Result will never expire, clean up result key manually
13:59:31 
13:59:31 *** Listening on 98...
13:59:38 98: Job OK (7acad1b8-ad45-4a5a-b2df-46fa64a20265)
13:59:38 Result will never expire, clean up result key manually
13:59:38 
13:59:38 *** Listening on 98...
13:59:38 98: RemoteBayesFactor.BayesFactorRemote(bayes_threshold=100, bf_data_folder='/panfs/panasas01/phys/bf16951/QMD/ParallelDevelopment/Results/Oct_01/12_46/BayesFactorsTimeRecords/', branchID=0, host_name='node36-025', interbranch=False, log_file='/panfs/panasas01/phys/bf16951/QMD/ParallelDevelopment/Results/Oct_01/12_46/logs/NV-exp-method-sim__random--probe__QMLA_98.qmd.8794811.log', model_a_id=0, model_b_id=1, num_times_to_use=750, port_number=6398, qid=98, times_record='/panfs/panasas01/phys/bf16951/QMD/ParallelDevelopment/Results/Oct_01/12_46/BayesFactorsTimeRecords/BayesFactorsPairsTimes_098.txt', trueModel='xTiPPyTiPPzTiPPzTz') (d0cebcf8-d26c-4ff9-838a-ec7e92a772e5)
13:59:38 98: RemoteBayesFactor.BayesFactorRemote(bayes_threshold=100, bf_data_folder='/panfs/panasas01/phys/bf16951/QMD/ParallelDevelopment/Results/Oct_01/12_46/BayesFactorsTimeRecords/', branchID=0, host_name='node36-025', interbranch=False, log_file='/panfs/panasas01/phys/bf16951/QMD/ParallelDevelopment/Results/Oct_01/12_46/logs/NV-exp-method-sim__random--probe__QMLA_98.qmd.8794811.log', model_a_id=0, model_b_id=2, num_times_to_use=750, port_number=6398, qid=98, times_record='/panfs/panasas01/phys/bf16951/QMD/ParallelDevelopment/Results/Oct_01/12_46/BayesFactorsTimeRecords/BayesFactorsPairsTimes_098.txt', trueModel='xTiPPyTiPPzTiPPzTz') (a4df5fa9-b918-4292-bef3-e4ec1f236f3b)
13:59:38 98: RemoteBayesFactor.BayesFactorRemote(bayes_threshold=100, bf_data_folder='/panfs/panasas01/phys/bf16951/QMD/ParallelDevelopment/Results/Oct_01/12_46/BayesFactorsTimeRecords/', branchID=0, host_name='node36-025', interbranch=False, log_file='/panfs/panasas01/phys/bf16951/QMD/ParallelDevelopment/Results/Oct_01/12_46/logs/NV-exp-method-sim__random--probe__QMLA_98.qmd.8794811.log', model_a_id=1, model_b_id=2, num_times_to_use=750, port_number=6398, qid=98, times_record='/panfs/panasas01/phys/bf16951/QMD/ParallelDevelopment/Results/Oct_01/12_46/BayesFactorsTimeRecords/BayesFactorsPairsTimes_098.txt', trueModel='xTiPPyTiPPzTiPPzTz') (3e60aed1-f82b-49b6-9630-467f55467343)
14:51:29 98: Job OK (a4df5fa9-b918-4292-bef3-e4ec1f236f3b)
14:51:29 Result will never expire, clean up result key manually
14:51:29 Cleaning registries for queue: 98
14:51:29 
14:51:29 *** Listening on 98...
14:52:23 98: Job OK (d0cebcf8-d26c-4ff9-838a-ec7e92a772e5)
14:52:23 Result will never expire, clean up result key manually
14:52:23 Cleaning registries for queue: 98
14:52:23 
14:52:23 *** Listening on 98...
14:52:27 98: Job OK (3e60aed1-f82b-49b6-9630-467f55467343)
14:52:27 Result will never expire, clean up result key manually
14:52:27 Cleaning registries for queue: 98
14:52:27 
14:52:27 *** Listening on 98...
14:52:28 98: RemoteModelLearning.learnModelRemote('yTiPPzTi', 4.0, branchID=1, growth_generator='NV_alternative_model', host_name='node36-025', log_file='/panfs/panasas01/phys/bf16951/QMD/ParallelDevelopment/Results/Oct_01/12_46/logs/NV-exp-method-sim__random--probe__QMLA_98.qmd.8794811.log', port_number=6398, qid=98, remote=True) (2bb4ea99-ae03-43ac-a57e-76246dc31a64)
14:52:28 98: RemoteModelLearning.learnModelRemote('xTiPPyTi', 3.0, branchID=1, growth_generator='NV_alternative_model', host_name='node36-025', log_file='/panfs/panasas01/phys/bf16951/QMD/ParallelDevelopment/Results/Oct_01/12_46/logs/NV-exp-method-sim__random--probe__QMLA_98.qmd.8794811.log', port_number=6398, qid=98, remote=True) (cdfed5bc-7d72-4d6b-9337-4f7a7b9727df)
15:19:04 98: Job OK (2bb4ea99-ae03-43ac-a57e-76246dc31a64)
15:19:04 Result will never expire, clean up result key manually
15:19:04 Cleaning registries for queue: 98
15:19:04 
15:19:04 *** Listening on 98...
15:19:20 98: Job OK (cdfed5bc-7d72-4d6b-9337-4f7a7b9727df)
15:19:20 Result will never expire, clean up result key manually
15:19:20 Cleaning registries for queue: 98
15:19:20 
15:19:20 *** Listening on 98...
15:19:20 98: RemoteBayesFactor.BayesFactorRemote(bayes_threshold=100, bf_data_folder='/panfs/panasas01/phys/bf16951/QMD/ParallelDevelopment/Results/Oct_01/12_46/BayesFactorsTimeRecords/', branchID=1, host_name='node36-025', interbranch=False, log_file='/panfs/panasas01/phys/bf16951/QMD/ParallelDevelopment/Results/Oct_01/12_46/logs/NV-exp-method-sim__random--probe__QMLA_98.qmd.8794811.log', model_a_id=3, model_b_id=4, num_times_to_use=750, port_number=6398, qid=98, times_record='/panfs/panasas01/phys/bf16951/QMD/ParallelDevelopment/Results/Oct_01/12_46/BayesFactorsTimeRecords/BayesFactorsPairsTimes_098.txt', trueModel='xTiPPyTiPPzTiPPzTz') (066ee976-85fc-42ab-be03-124b66a202ef)
16:11:54 98: Job OK (066ee976-85fc-42ab-be03-124b66a202ef)
16:11:54 Result will never expire, clean up result key manually
16:11:54 Cleaning registries for queue: 98
16:11:54 
16:11:54 *** Listening on 98...
16:11:54 98: RemoteModelLearning.learnModelRemote('xTiPPyTiPPzTi', 5.0, branchID=2, growth_generator='NV_alternative_model', host_name='node36-025', log_file='/panfs/panasas01/phys/bf16951/QMD/ParallelDevelopment/Results/Oct_01/12_46/logs/NV-exp-method-sim__random--probe__QMLA_98.qmd.8794811.log', port_number=6398, qid=98, remote=True) (9896cdab-ca2a-4f87-b3e8-996329df6536)
16:37:55 98: Job OK (9896cdab-ca2a-4f87-b3e8-996329df6536)
16:37:55 Result will never expire, clean up result key manually
16:37:55 Cleaning registries for queue: 98
16:37:55 
16:37:55 *** Listening on 98...
16:37:55 98: RemoteModelLearning.learnModelRemote('xTiPPyTiPPzTiPPzTz', 6.0, branchID=3, growth_generator='NV_alternative_model', host_name='node36-025', log_file='/panfs/panasas01/phys/bf16951/QMD/ParallelDevelopment/Results/Oct_01/12_46/logs/NV-exp-method-sim__random--probe__QMLA_98.qmd.8794811.log', port_number=6398, qid=98, remote=True) (ef538826-d66f-48ad-8de9-378deaa77412)
16:37:55 98: RemoteModelLearning.learnModelRemote('xTiPPxTxPPyTiPPzTi', 8.0, branchID=3, growth_generator='NV_alternative_model', host_name='node36-025', log_file='/panfs/panasas01/phys/bf16951/QMD/ParallelDevelopment/Results/Oct_01/12_46/logs/NV-exp-method-sim__random--probe__QMLA_98.qmd.8794811.log', port_number=6398, qid=98, remote=True) (c53e2b38-33e8-47d6-862c-40626ce22c50)
16:37:55 98: RemoteModelLearning.learnModelRemote('xTiPPyTiPPyTyPPzTi', 7.0, branchID=3, growth_generator='NV_alternative_model', host_name='node36-025', log_file='/panfs/panasas01/phys/bf16951/QMD/ParallelDevelopment/Results/Oct_01/12_46/logs/NV-exp-method-sim__random--probe__QMLA_98.qmd.8794811.log', port_number=6398, qid=98, remote=True) (52093644-3c69-4502-b0c2-963f19fd35d3)
17:04:21 98: Job OK (c53e2b38-33e8-47d6-862c-40626ce22c50)
17:04:21 Result will never expire, clean up result key manually
17:04:21 Cleaning registries for queue: 98
17:04:21 
17:04:21 *** Listening on 98...
17:04:41 98: Job OK (ef538826-d66f-48ad-8de9-378deaa77412)
17:04:41 Result will never expire, clean up result key manually
17:04:41 Cleaning registries for queue: 98
17:04:41 
17:04:41 *** Listening on 98...
17:05:05 98: Job OK (52093644-3c69-4502-b0c2-963f19fd35d3)
17:05:05 Result will never expire, clean up result key manually
17:05:05 Cleaning registries for queue: 98
17:05:05 
17:05:05 *** Listening on 98...
17:05:05 98: RemoteBayesFactor.BayesFactorRemote(bayes_threshold=100, bf_data_folder='/panfs/panasas01/phys/bf16951/QMD/ParallelDevelopment/Results/Oct_01/12_46/BayesFactorsTimeRecords/', branchID=3, host_name='node36-025', interbranch=False, log_file='/panfs/panasas01/phys/bf16951/QMD/ParallelDevelopment/Results/Oct_01/12_46/logs/NV-exp-method-sim__random--probe__QMLA_98.qmd.8794811.log', model_a_id=6, model_b_id=7, num_times_to_use=750, port_number=6398, qid=98, times_record='/panfs/panasas01/phys/bf16951/QMD/ParallelDevelopment/Results/Oct_01/12_46/BayesFactorsTimeRecords/BayesFactorsPairsTimes_098.txt', trueModel='xTiPPyTiPPzTiPPzTz') (c71f1776-76b6-4ffd-a354-d0aed505531f)
17:05:05 98: RemoteBayesFactor.BayesFactorRemote(bayes_threshold=100, bf_data_folder='/panfs/panasas01/phys/bf16951/QMD/ParallelDevelopment/Results/Oct_01/12_46/BayesFactorsTimeRecords/', branchID=3, host_name='node36-025', interbranch=False, log_file='/panfs/panasas01/phys/bf16951/QMD/ParallelDevelopment/Results/Oct_01/12_46/logs/NV-exp-method-sim__random--probe__QMLA_98.qmd.8794811.log', model_a_id=6, model_b_id=8, num_times_to_use=750, port_number=6398, qid=98, times_record='/panfs/panasas01/phys/bf16951/QMD/ParallelDevelopment/Results/Oct_01/12_46/BayesFactorsTimeRecords/BayesFactorsPairsTimes_098.txt', trueModel='xTiPPyTiPPzTiPPzTz') (618045f8-7af6-41d0-a1ad-137d30a32ef3)
17:05:05 98: RemoteBayesFactor.BayesFactorRemote(bayes_threshold=100, bf_data_folder='/panfs/panasas01/phys/bf16951/QMD/ParallelDevelopment/Results/Oct_01/12_46/BayesFactorsTimeRecords/', branchID=3, host_name='node36-025', interbranch=False, log_file='/panfs/panasas01/phys/bf16951/QMD/ParallelDevelopment/Results/Oct_01/12_46/logs/NV-exp-method-sim__random--probe__QMLA_98.qmd.8794811.log', model_a_id=7, model_b_id=8, num_times_to_use=750, port_number=6398, qid=98, times_record='/panfs/panasas01/phys/bf16951/QMD/ParallelDevelopment/Results/Oct_01/12_46/BayesFactorsTimeRecords/BayesFactorsPairsTimes_098.txt', trueModel='xTiPPyTiPPzTiPPzTz') (84afc072-6016-42d0-87ca-ce358a4dbde3)
17:57:37 98: Job OK (84afc072-6016-42d0-87ca-ce358a4dbde3)
17:57:37 Result will never expire, clean up result key manually
17:57:37 Cleaning registries for queue: 98
17:57:37 
17:57:37 *** Listening on 98...
17:57:40 98: Job OK (618045f8-7af6-41d0-a1ad-137d30a32ef3)
17:57:40 Result will never expire, clean up result key manually
17:57:40 Cleaning registries for queue: 98
17:57:40 
17:57:40 *** Listening on 98...
17:57:49 98: Job OK (c71f1776-76b6-4ffd-a354-d0aed505531f)
17:57:49 Result will never expire, clean up result key manually
17:57:49 Cleaning registries for queue: 98
17:57:49 
17:57:49 *** Listening on 98...
17:57:49 98: RemoteModelLearning.learnModelRemote('xTiPPxTxPPyTiPPzTiPPzTz', 10.0, branchID=4, growth_generator='NV_alternative_model', host_name='node36-025', log_file='/panfs/panasas01/phys/bf16951/QMD/ParallelDevelopment/Results/Oct_01/12_46/logs/NV-exp-method-sim__random--probe__QMLA_98.qmd.8794811.log', port_number=6398, qid=98, remote=True) (0ca1a0d7-0dee-475b-8a54-ba74d0b4b113)
17:57:49 98: RemoteModelLearning.learnModelRemote('xTiPPyTiPPyTyPPzTiPPzTz', 9.0, branchID=4, growth_generator='NV_alternative_model', host_name='node36-025', log_file='/panfs/panasas01/phys/bf16951/QMD/ParallelDevelopment/Results/Oct_01/12_46/logs/NV-exp-method-sim__random--probe__QMLA_98.qmd.8794811.log', port_number=6398, qid=98, remote=True) (f647e356-2ee8-43b3-ad94-00b7dc82a289)
18:23:30 98: Job OK (0ca1a0d7-0dee-475b-8a54-ba74d0b4b113)
18:23:30 Result will never expire, clean up result key manually
18:23:30 Cleaning registries for queue: 98
18:23:30 
18:23:30 *** Listening on 98...
18:23:54 98: Job OK (f647e356-2ee8-43b3-ad94-00b7dc82a289)
18:23:54 Result will never expire, clean up result key manually
18:23:54 Cleaning registries for queue: 98
18:23:54 
18:23:54 *** Listening on 98...
18:23:54 98: RemoteBayesFactor.BayesFactorRemote(bayes_threshold=100, bf_data_folder='/panfs/panasas01/phys/bf16951/QMD/ParallelDevelopment/Results/Oct_01/12_46/BayesFactorsTimeRecords/', branchID=4, host_name='node36-025', interbranch=False, log_file='/panfs/panasas01/phys/bf16951/QMD/ParallelDevelopment/Results/Oct_01/12_46/logs/NV-exp-method-sim__random--probe__QMLA_98.qmd.8794811.log', model_a_id=9, model_b_id=10, num_times_to_use=750, port_number=6398, qid=98, times_record='/panfs/panasas01/phys/bf16951/QMD/ParallelDevelopment/Results/Oct_01/12_46/BayesFactorsTimeRecords/BayesFactorsPairsTimes_098.txt', trueModel='xTiPPyTiPPzTiPPzTz') (971043e5-1667-4efd-a628-054baf4109b3)
19:15:07 98: Job OK (971043e5-1667-4efd-a628-054baf4109b3)
19:15:07 Result will never expire, clean up result key manually
19:15:07 Cleaning registries for queue: 98
19:15:07 
19:15:07 *** Listening on 98...
19:15:07 98: RemoteModelLearning.learnModelRemote('xTiPPxTxPPyTiPPyTyPPzTiPPzTz', 11.0, branchID=5, growth_generator='NV_alternative_model', host_name='node36-025', log_file='/panfs/panasas01/phys/bf16951/QMD/ParallelDevelopment/Results/Oct_01/12_46/logs/NV-exp-method-sim__random--probe__QMLA_98.qmd.8794811.log', port_number=6398, qid=98, remote=True) (334f1d04-196d-4893-8331-8ed901d2c0bd)
19:40:32 98: Job OK (334f1d04-196d-4893-8331-8ed901d2c0bd)
19:40:32 Result will never expire, clean up result key manually
19:40:32 Cleaning registries for queue: 98
19:40:32 
19:40:32 *** Listening on 98...
19:40:32 98: RemoteModelLearning.learnModelRemote('xTiPPxTxPPxTzPPyTiPPyTyPPzTiPPzTz', 12.0, branchID=6, growth_generator='NV_alternative_model', host_name='node36-025', log_file='/panfs/panasas01/phys/bf16951/QMD/ParallelDevelopment/Results/Oct_01/12_46/logs/NV-exp-method-sim__random--probe__QMLA_98.qmd.8794811.log', port_number=6398, qid=98, remote=True) (1cd7c65b-bbe7-436a-ac88-aedd1b2f2c85)
19:40:32 98: RemoteModelLearning.learnModelRemote('xTiPPxTxPPyTiPPyTyPPyTzPPzTiPPzTz', 13.0, branchID=6, growth_generator='NV_alternative_model', host_name='node36-025', log_file='/panfs/panasas01/phys/bf16951/QMD/ParallelDevelopment/Results/Oct_01/12_46/logs/NV-exp-method-sim__random--probe__QMLA_98.qmd.8794811.log', port_number=6398, qid=98, remote=True) (13060a78-6bd5-4db1-b513-9d9c5498b7ce)
19:40:32 98: RemoteModelLearning.learnModelRemote('xTiPPxTxPPxTyPPyTiPPyTyPPzTiPPzTz', 14.0, branchID=6, growth_generator='NV_alternative_model', host_name='node36-025', log_file='/panfs/panasas01/phys/bf16951/QMD/ParallelDevelopment/Results/Oct_01/12_46/logs/NV-exp-method-sim__random--probe__QMLA_98.qmd.8794811.log', port_number=6398, qid=98, remote=True) (8f162ab4-221d-42af-84c1-3a84f46008a7)
20:06:26 98: Job OK (8f162ab4-221d-42af-84c1-3a84f46008a7)
20:06:26 Result will never expire, clean up result key manually
20:06:26 Cleaning registries for queue: 98
20:06:26 
20:06:26 *** Listening on 98...
20:06:50 98: Job OK (13060a78-6bd5-4db1-b513-9d9c5498b7ce)
20:06:50 Result will never expire, clean up result key manually
20:06:50 Cleaning registries for queue: 98
20:06:50 
20:06:50 *** Listening on 98...
20:06:53 98: Job OK (1cd7c65b-bbe7-436a-ac88-aedd1b2f2c85)
20:06:53 Result will never expire, clean up result key manually
20:06:53 Cleaning registries for queue: 98
20:06:53 
20:06:53 *** Listening on 98...
20:06:53 98: RemoteBayesFactor.BayesFactorRemote(bayes_threshold=100, bf_data_folder='/panfs/panasas01/phys/bf16951/QMD/ParallelDevelopment/Results/Oct_01/12_46/BayesFactorsTimeRecords/', branchID=6, host_name='node36-025', interbranch=False, log_file='/panfs/panasas01/phys/bf16951/QMD/ParallelDevelopment/Results/Oct_01/12_46/logs/NV-exp-method-sim__random--probe__QMLA_98.qmd.8794811.log', model_a_id=12, model_b_id=13, num_times_to_use=750, port_number=6398, qid=98, times_record='/panfs/panasas01/phys/bf16951/QMD/ParallelDevelopment/Results/Oct_01/12_46/BayesFactorsTimeRecords/BayesFactorsPairsTimes_098.txt', trueModel='xTiPPyTiPPzTiPPzTz') (dc4b85e4-95f6-425f-bb58-6d1ea348b6f9)
20:06:53 98: RemoteBayesFactor.BayesFactorRemote(bayes_threshold=100, bf_data_folder='/panfs/panasas01/phys/bf16951/QMD/ParallelDevelopment/Results/Oct_01/12_46/BayesFactorsTimeRecords/', branchID=6, host_name='node36-025', interbranch=False, log_file='/panfs/panasas01/phys/bf16951/QMD/ParallelDevelopment/Results/Oct_01/12_46/logs/NV-exp-method-sim__random--probe__QMLA_98.qmd.8794811.log', model_a_id=12, model_b_id=14, num_times_to_use=750, port_number=6398, qid=98, times_record='/panfs/panasas01/phys/bf16951/QMD/ParallelDevelopment/Results/Oct_01/12_46/BayesFactorsTimeRecords/BayesFactorsPairsTimes_098.txt', trueModel='xTiPPyTiPPzTiPPzTz') (e8cbb898-5d4a-44a5-ae0c-985621d80d5a)
20:06:53 98: RemoteBayesFactor.BayesFactorRemote(bayes_threshold=100, bf_data_folder='/panfs/panasas01/phys/bf16951/QMD/ParallelDevelopment/Results/Oct_01/12_46/BayesFactorsTimeRecords/', branchID=6, host_name='node36-025', interbranch=False, log_file='/panfs/panasas01/phys/bf16951/QMD/ParallelDevelopment/Results/Oct_01/12_46/logs/NV-exp-method-sim__random--probe__QMLA_98.qmd.8794811.log', model_a_id=13, model_b_id=14, num_times_to_use=750, port_number=6398, qid=98, times_record='/panfs/panasas01/phys/bf16951/QMD/ParallelDevelopment/Results/Oct_01/12_46/BayesFactorsTimeRecords/BayesFactorsPairsTimes_098.txt', trueModel='xTiPPyTiPPzTiPPzTz') (50acd7ea-be5f-4bd9-8784-3c7044590b5d)
20:58:22 98: Job OK (e8cbb898-5d4a-44a5-ae0c-985621d80d5a)
20:58:22 Result will never expire, clean up result key manually
20:58:22 Cleaning registries for queue: 98
20:58:22 
20:58:22 *** Listening on 98...
20:58:53 98: Job OK (dc4b85e4-95f6-425f-bb58-6d1ea348b6f9)
20:58:53 Result will never expire, clean up result key manually
20:58:53 Cleaning registries for queue: 98
20:58:53 
20:58:53 *** Listening on 98...
20:59:11 98: Job OK (50acd7ea-be5f-4bd9-8784-3c7044590b5d)
20:59:11 Result will never expire, clean up result key manually
20:59:11 Cleaning registries for queue: 98
20:59:11 
20:59:11 *** Listening on 98...
20:59:11 98: RemoteModelLearning.learnModelRemote('xTiPPxTxPPxTyPPxTzPPyTiPPyTyPPzTiPPzTz', 16.0, branchID=7, growth_generator='NV_alternative_model', host_name='node36-025', log_file='/panfs/panasas01/phys/bf16951/QMD/ParallelDevelopment/Results/Oct_01/12_46/logs/NV-exp-method-sim__random--probe__QMLA_98.qmd.8794811.log', port_number=6398, qid=98, remote=True) (692dd9ee-e82c-49a1-a4dc-8b2023290e9e)
20:59:11 98: RemoteModelLearning.learnModelRemote('xTiPPxTxPPxTzPPyTiPPyTyPPyTzPPzTiPPzTz', 15.0, branchID=7, growth_generator='NV_alternative_model', host_name='node36-025', log_file='/panfs/panasas01/phys/bf16951/QMD/ParallelDevelopment/Results/Oct_01/12_46/logs/NV-exp-method-sim__random--probe__QMLA_98.qmd.8794811.log', port_number=6398, qid=98, remote=True) (30516930-da3a-45c2-aa66-6b319728cfba)
21:24:41 98: Job OK (692dd9ee-e82c-49a1-a4dc-8b2023290e9e)
21:24:41 Result will never expire, clean up result key manually
21:24:41 Cleaning registries for queue: 98
21:24:41 
21:24:41 *** Listening on 98...
21:24:46 98: Job OK (30516930-da3a-45c2-aa66-6b319728cfba)
21:24:46 Result will never expire, clean up result key manually
21:24:46 Cleaning registries for queue: 98
21:24:46 
21:24:46 *** Listening on 98...
21:24:46 98: RemoteBayesFactor.BayesFactorRemote(bayes_threshold=100, bf_data_folder='/panfs/panasas01/phys/bf16951/QMD/ParallelDevelopment/Results/Oct_01/12_46/BayesFactorsTimeRecords/', branchID=7, host_name='node36-025', interbranch=False, log_file='/panfs/panasas01/phys/bf16951/QMD/ParallelDevelopment/Results/Oct_01/12_46/logs/NV-exp-method-sim__random--probe__QMLA_98.qmd.8794811.log', model_a_id=15, model_b_id=16, num_times_to_use=750, port_number=6398, qid=98, times_record='/panfs/panasas01/phys/bf16951/QMD/ParallelDevelopment/Results/Oct_01/12_46/BayesFactorsTimeRecords/BayesFactorsPairsTimes_098.txt', trueModel='xTiPPyTiPPzTiPPzTz') (0556dc86-6117-432e-87bb-48e77cb22e6e)
22:15:03 98: Job OK (0556dc86-6117-432e-87bb-48e77cb22e6e)
22:15:03 Result will never expire, clean up result key manually
22:15:03 Cleaning registries for queue: 98
22:15:03 
22:15:03 *** Listening on 98...
22:15:03 98: RemoteModelLearning.learnModelRemote('xTiPPxTxPPxTyPPxTzPPyTiPPyTyPPyTzPPzTiPPzTz', 17.0, branchID=8, growth_generator='NV_alternative_model', host_name='node36-025', log_file='/panfs/panasas01/phys/bf16951/QMD/ParallelDevelopment/Results/Oct_01/12_46/logs/NV-exp-method-sim__random--probe__QMLA_98.qmd.8794811.log', port_number=6398, qid=98, remote=True) (1874b28c-31a3-4dc3-85c6-c700a0263b22)
22:40:29 98: Job OK (1874b28c-31a3-4dc3-85c6-c700a0263b22)
22:40:29 Result will never expire, clean up result key manually
22:40:29 98: RemoteBayesFactor.BayesFactorRemote(bayes_threshold=100, bf_data_folder='/panfs/panasas01/phys/bf16951/QMD/ParallelDevelopment/Results/Oct_01/12_46/BayesFactorsTimeRecords/', branchID=None, host_name='node36-025', interbranch=True, log_file='/panfs/panasas01/phys/bf16951/QMD/ParallelDevelopment/Results/Oct_01/12_46/logs/NV-exp-method-sim__random--probe__QMLA_98.qmd.8794811.log', model_a_id=1, model_b_id=4, num_times_to_use=750, port_number=6398, qid=98, times_record='/panfs/panasas01/phys/bf16951/QMD/ParallelDevelopment/Results/Oct_01/12_46/BayesFactorsTimeRecords/BayesFactorsPairsTimes_098.txt', trueModel='xTiPPyTiPPzTiPPzTz') (611ff3b2-eb2c-4ef8-ae19-7c540857b0e4)
22:40:29 98: RemoteBayesFactor.BayesFactorRemote(bayes_threshold=100, bf_data_folder='/panfs/panasas01/phys/bf16951/QMD/ParallelDevelopment/Results/Oct_01/12_46/BayesFactorsTimeRecords/', branchID=None, host_name='node36-025', interbranch=True, log_file='/panfs/panasas01/phys/bf16951/QMD/ParallelDevelopment/Results/Oct_01/12_46/logs/NV-exp-method-sim__random--probe__QMLA_98.qmd.8794811.log', model_a_id=4, model_b_id=5, num_times_to_use=750, port_number=6398, qid=98, times_record='/panfs/panasas01/phys/bf16951/QMD/ParallelDevelopment/Results/Oct_01/12_46/BayesFactorsTimeRecords/BayesFactorsPairsTimes_098.txt', trueModel='xTiPPyTiPPzTiPPzTz') (08c4f4f1-f23e-44b1-b63b-0210c8f8f6cb)
22:40:29 98: RemoteBayesFactor.BayesFactorRemote(bayes_threshold=100, bf_data_folder='/panfs/panasas01/phys/bf16951/QMD/ParallelDevelopment/Results/Oct_01/12_46/BayesFactorsTimeRecords/', branchID=None, host_name='node36-025', interbranch=True, log_file='/panfs/panasas01/phys/bf16951/QMD/ParallelDevelopment/Results/Oct_01/12_46/logs/NV-exp-method-sim__random--probe__QMLA_98.qmd.8794811.log', model_a_id=5, model_b_id=6, num_times_to_use=750, port_number=6398, qid=98, times_record='/panfs/panasas01/phys/bf16951/QMD/ParallelDevelopment/Results/Oct_01/12_46/BayesFactorsTimeRecords/BayesFactorsPairsTimes_098.txt', trueModel='xTiPPyTiPPzTiPPzTz') (fface048-402a-4b88-8d12-eff388d3f0cf)
22:40:29 Cleaning registries for queue: 98
22:40:29 
22:40:29 *** Listening on 98...
22:40:29 98: RemoteBayesFactor.BayesFactorRemote(bayes_threshold=100, bf_data_folder='/panfs/panasas01/phys/bf16951/QMD/ParallelDevelopment/Results/Oct_01/12_46/BayesFactorsTimeRecords/', branchID=None, host_name='node36-025', interbranch=True, log_file='/panfs/panasas01/phys/bf16951/QMD/ParallelDevelopment/Results/Oct_01/12_46/logs/NV-exp-method-sim__random--probe__QMLA_98.qmd.8794811.log', model_a_id=11, model_b_id=12, num_times_to_use=750, port_number=6398, qid=98, times_record='/panfs/panasas01/phys/bf16951/QMD/ParallelDevelopment/Results/Oct_01/12_46/BayesFactorsTimeRecords/BayesFactorsPairsTimes_098.txt', trueModel='xTiPPyTiPPzTiPPzTz') (bf9237ee-ffdf-4291-b01b-4a487d1a7bc5)
22:40:29 98: RemoteBayesFactor.BayesFactorRemote(bayes_threshold=100, bf_data_folder='/panfs/panasas01/phys/bf16951/QMD/ParallelDevelopment/Results/Oct_01/12_46/BayesFactorsTimeRecords/', branchID=None, host_name='node36-025', interbranch=True, log_file='/panfs/panasas01/phys/bf16951/QMD/ParallelDevelopment/Results/Oct_01/12_46/logs/NV-exp-method-sim__random--probe__QMLA_98.qmd.8794811.log', model_a_id=10, model_b_id=11, num_times_to_use=750, port_number=6398, qid=98, times_record='/panfs/panasas01/phys/bf16951/QMD/ParallelDevelopment/Results/Oct_01/12_46/BayesFactorsTimeRecords/BayesFactorsPairsTimes_098.txt', trueModel='xTiPPyTiPPzTiPPzTz') (79997f89-74cf-4985-9dff-f69c83000e73)
22:40:29 98: RemoteBayesFactor.BayesFactorRemote(bayes_threshold=100, bf_data_folder='/panfs/panasas01/phys/bf16951/QMD/ParallelDevelopment/Results/Oct_01/12_46/BayesFactorsTimeRecords/', branchID=None, host_name='node36-025', interbranch=True, log_file='/panfs/panasas01/phys/bf16951/QMD/ParallelDevelopment/Results/Oct_01/12_46/logs/NV-exp-method-sim__random--probe__QMLA_98.qmd.8794811.log', model_a_id=6, model_b_id=10, num_times_to_use=750, port_number=6398, qid=98, times_record='/panfs/panasas01/phys/bf16951/QMD/ParallelDevelopment/Results/Oct_01/12_46/BayesFactorsTimeRecords/BayesFactorsPairsTimes_098.txt', trueModel='xTiPPyTiPPzTiPPzTz') (37989c95-21ac-4782-b39b-de638a1e2b9f)
23:31:35 98: Job OK (bf9237ee-ffdf-4291-b01b-4a487d1a7bc5)
23:31:35 Result will never expire, clean up result key manually
23:31:35 
23:31:35 *** Listening on 98...
23:31:35 98: RemoteBayesFactor.BayesFactorRemote(bayes_threshold=100, bf_data_folder='/panfs/panasas01/phys/bf16951/QMD/ParallelDevelopment/Results/Oct_01/12_46/BayesFactorsTimeRecords/', branchID=None, host_name='node36-025', interbranch=True, log_file='/panfs/panasas01/phys/bf16951/QMD/ParallelDevelopment/Results/Oct_01/12_46/logs/NV-exp-method-sim__random--probe__QMLA_98.qmd.8794811.log', model_a_id=12, model_b_id=16, num_times_to_use=750, port_number=6398, qid=98, times_record='/panfs/panasas01/phys/bf16951/QMD/ParallelDevelopment/Results/Oct_01/12_46/BayesFactorsTimeRecords/BayesFactorsPairsTimes_098.txt', trueModel='xTiPPyTiPPzTiPPzTz') (915eff7e-d861-4342-a80a-86e62580bc92)
23:32:27 98: Job OK (79997f89-74cf-4985-9dff-f69c83000e73)
23:32:27 Result will never expire, clean up result key manually
23:32:27 Cleaning registries for queue: 98
23:32:27 
23:32:27 *** Listening on 98...
23:32:27 98: RemoteBayesFactor.BayesFactorRemote(bayes_threshold=100, bf_data_folder='/panfs/panasas01/phys/bf16951/QMD/ParallelDevelopment/Results/Oct_01/12_46/BayesFactorsTimeRecords/', branchID=None, host_name='node36-025', interbranch=True, log_file='/panfs/panasas01/phys/bf16951/QMD/ParallelDevelopment/Results/Oct_01/12_46/logs/NV-exp-method-sim__random--probe__QMLA_98.qmd.8794811.log', model_a_id=16, model_b_id=17, num_times_to_use=750, port_number=6398, qid=98, times_record='/panfs/panasas01/phys/bf16951/QMD/ParallelDevelopment/Results/Oct_01/12_46/BayesFactorsTimeRecords/BayesFactorsPairsTimes_098.txt', trueModel='xTiPPyTiPPzTiPPzTz') (85141027-dd25-41ee-9fbf-d81b704e31a0)
23:32:37 98: Job OK (37989c95-21ac-4782-b39b-de638a1e2b9f)
23:32:37 Result will never expire, clean up result key manually
23:32:37 Cleaning registries for queue: 98
23:32:37 
23:32:37 *** Listening on 98...
23:33:51 98: Job OK (fface048-402a-4b88-8d12-eff388d3f0cf)
23:33:51 Result will never expire, clean up result key manually
23:33:51 Cleaning registries for queue: 98
23:33:51 
23:33:51 *** Listening on 98...
23:34:03 98: Job OK (611ff3b2-eb2c-4ef8-ae19-7c540857b0e4)
23:34:03 Result will never expire, clean up result key manually
23:34:04 Cleaning registries for queue: 98
23:34:04 
23:34:04 *** Listening on 98...
23:34:16 98: Job OK (08c4f4f1-f23e-44b1-b63b-0210c8f8f6cb)
23:34:16 Result will never expire, clean up result key manually
23:34:16 Cleaning registries for queue: 98
23:34:16 
23:34:16 *** Listening on 98...
00:22:18 98: Job OK (915eff7e-d861-4342-a80a-86e62580bc92)
00:22:18 Result will never expire, clean up result key manually
00:22:18 Cleaning registries for queue: 98
00:22:18 
00:22:18 *** Listening on 98...
00:23:42 98: Job OK (85141027-dd25-41ee-9fbf-d81b704e31a0)
00:23:42 Result will never expire, clean up result key manually
00:23:42 
00:23:42 *** Listening on 98...
Error 111 connecting to node36-025:6398. Connection refused.
Error 111 connecting to node36-025:6398. Connection refused.
Error 111 connecting to node36-025:6398. Connection refused.
Error 111 connecting to node36-025:6398. Connection refused.
Error 111 connecting to node36-025:6398. Connection refused.
Error 111 connecting to node36-025:6398. Connection refused.
