In RUN script:  -agr ising_predetermined -agr heisenberg_xyz_predetermined -agr hopping_predetermined1:49:57 [GLOBAL VARIABLES] use_experimental_data : False
1:49:57 [GLOBAL VARIABLES] growth_generation_rule : NV_alternative_model
1:49:57 [GLOBAL VARIABLES] log_file : /panfs/panasas01/phys/bf16951/QMD/ParallelDevelopment/Results/Oct_01/12_46/logs/NV-exp-method-sim__random--probe__QMLA_84.qmd.8794797.log
1:49:57 [GLOBAL VARIABLES] growth_class : <NVCentreAlternativeTrueModel.nv_centre_spin_experimental_method_alternative_true_model object at 0x2aaae0572da0>
1:49:57 [GLOBAL VARIABLES] measurement_type : n_qubit_hahn_evolution
1:49:57 [GLOBAL VARIABLES] dataset : NVB_rescale_dataset.p
1:49:57 [GLOBAL VARIABLES] alternative_growth_rules : []
1:49:57 [GLOBAL VARIABLES] multiQHL : False
1:49:57 [GLOBAL VARIABLES] models_for_qhl : []
1:49:57 [GLOBAL VARIABLES] prior_pickle_file : /panfs/panasas01/phys/bf16951/QMD/ParallelDevelopment/Results/Oct_01/12_46/prior.p
1:49:57 [GLOBAL VARIABLES] true_params_pickle_file : /panfs/panasas01/phys/bf16951/QMD/ParallelDevelopment/Results/Oct_01/12_46/true_params.p
1:49:57 [GLOBAL VARIABLES] true_operator : xTiPPyTiPPzTiPPzTz
1:49:57 [GLOBAL VARIABLES] true_op_name : xTiPPyTiPPzTiPPzTz
1:49:57 [GLOBAL VARIABLES] true_operator_class : <DataBase.operator object at 0x2aaae0572a20>
1:49:57 [GLOBAL VARIABLES] true_op_list : [array([[ 0.+0.j,  0.+0.j,  1.+0.j,  0.+0.j],
       [ 0.+0.j,  0.+0.j,  0.+0.j,  1.+0.j],
       [ 1.+0.j,  0.+0.j,  0.+0.j,  0.+0.j],
       [ 0.+0.j,  1.+0.j,  0.+0.j,  0.+0.j]]), array([[ 0.+0.j,  0.+0.j,  0.-1.j,  0.+0.j],
       [ 0.+0.j,  0.+0.j,  0.+0.j,  0.-1.j],
       [ 0.+1.j,  0.+0.j,  0.+0.j,  0.+0.j],
       [ 0.+0.j,  0.+1.j,  0.+0.j,  0.+0.j]]), array([[ 1.+0.j,  0.+0.j,  0.+0.j,  0.+0.j],
       [ 0.+0.j,  1.+0.j,  0.+0.j,  0.+0.j],
       [ 0.+0.j,  0.+0.j, -1.+0.j, -0.+0.j],
       [ 0.+0.j,  0.+0.j, -0.+0.j, -1.+0.j]]), array([[ 1.+0.j,  0.+0.j,  0.+0.j,  0.+0.j],
       [ 0.+0.j, -1.+0.j,  0.+0.j, -0.+0.j],
       [ 0.+0.j,  0.+0.j, -1.+0.j, -0.+0.j],
       [ 0.+0.j, -0.+0.j, -0.+0.j,  1.-0.j]])]
1:49:57 [GLOBAL VARIABLES] true_params : [0.92450565, 6.00664336, 1.65998543, 0.76546868]
1:49:57 [GLOBAL VARIABLES] true_params_dict : {'xTi': 0.92450565, 'yTi': 6.00664336, 'zTi': 1.65998543, 'zTz': 0.76546868}
1:49:57 [GLOBAL VARIABLES] true_params_list : [0.92450565, 6.00664336, 1.65998543, 0.76546868]
1:49:57 [GLOBAL VARIABLES] true_hamiltonian : [[ 2.42545411+0.j          0.00000000+0.j          0.92450565-6.00664336j
   0.00000000+0.j        ]
 [ 0.00000000+0.j          0.89451675+0.j          0.00000000+0.j
   0.92450565-6.00664336j]
 [ 0.92450565+6.00664336j  0.00000000+0.j         -2.42545411+0.j
   0.00000000+0.j        ]
 [ 0.00000000+0.j          0.92450565+6.00664336j  0.00000000+0.j
  -0.89451675+0.j        ]]
1:49:57 [GLOBAL VARIABLES] qhl_test : False
1:49:57 [GLOBAL VARIABLES] further_qhl : False
1:49:57 [GLOBAL VARIABLES] do_iqle : False
1:49:57 [GLOBAL VARIABLES] do_qle : True
1:49:57 [GLOBAL VARIABLES] use_rq : True
1:49:57 [GLOBAL VARIABLES] num_runs : 1
1:49:57 [GLOBAL VARIABLES] num_tests : 1
1:49:57 [GLOBAL VARIABLES] num_qubits : 2
1:49:57 [GLOBAL VARIABLES] num_parameters : 2
1:49:57 [GLOBAL VARIABLES] num_experiments : 750
1:49:57 [GLOBAL VARIABLES] num_particles : 2500
1:49:57 [GLOBAL VARIABLES] num_times_bayes : 750
1:49:57 [GLOBAL VARIABLES] bayes_lower : 1
1:49:57 [GLOBAL VARIABLES] bayes_upper : 100
1:49:57 [GLOBAL VARIABLES] save_plots : False
1:49:57 [GLOBAL VARIABLES] store_particles_weights : False
1:49:57 [GLOBAL VARIABLES] gaussian : True
1:49:57 [GLOBAL VARIABLES] custom_prior : True
1:49:57 [GLOBAL VARIABLES] resample_threshold : 0.5
1:49:57 [GLOBAL VARIABLES] resample_a : 0.98
1:49:57 [GLOBAL VARIABLES] pgh_factor : 1.0
1:49:57 [GLOBAL VARIABLES] pgh_exponent : 1.0
1:49:57 [GLOBAL VARIABLES] increase_pgh_time : False
1:49:57 [GLOBAL VARIABLES] pickle_qmd_class : False
1:49:57 [GLOBAL VARIABLES] qmd_id : 84
1:49:57 [GLOBAL VARIABLES] host_name : node44-021
1:49:57 [GLOBAL VARIABLES] port_number : 6384
1:49:57 [GLOBAL VARIABLES] results_directory : /panfs/panasas01/phys/bf16951/QMD/ParallelDevelopment/Results/Oct_01/12_46/
1:49:57 [GLOBAL VARIABLES] rq_timeout : 200000
1:49:57 [GLOBAL VARIABLES] cumulative_csv : /panfs/panasas01/phys/bf16951/QMD/ParallelDevelopment/Results/Oct_01/12_46/cumulative.csv
1:49:57 [GLOBAL VARIABLES] data_time_offset : 180
1:49:57 [GLOBAL VARIABLES] data_max_time : 5
1:49:57 [GLOBAL VARIABLES] true_expec_path : /panfs/panasas01/phys/bf16951/QMD/ParallelDevelopment/Results/Oct_01/12_46/true_expec_vals.p
1:49:57 [GLOBAL VARIABLES] plot_probe_file : /panfs/panasas01/phys/bf16951/QMD/ParallelDevelopment/Results/Oct_01/12_46/plot_probes.p
1:49:57 [GLOBAL VARIABLES] special_probe : random
1:49:57 [GLOBAL VARIABLES] latex_mapping_file : /panfs/panasas01/phys/bf16951/QMD/ParallelDevelopment/Results/Oct_01/12_46/LatexMapping.txt
1:49:57 [GLOBAL VARIABLES] reallocate_resources : False
1:49:57 [GLOBAL VARIABLES] param_min : 0.0
1:49:57 [GLOBAL VARIABLES] param_max : 10.0
1:49:57 [GLOBAL VARIABLES] param_mean : 0.5
1:49:57 [GLOBAL VARIABLES] param_sigma : 2.0
1:49:57 [GLOBAL VARIABLES] bayes_time_binning : True
1:49:57 [GLOBAL VARIABLES] bayes_factors_use_all_exp_times : False
1:49:57 [GLOBAL VARIABLES] num_probes : 40
1:49:57 [GLOBAL VARIABLES] probe_noise_level : 0.001
1:49:57 [GLOBAL VARIABLES] updater_from_prior : False
1:49:57 [GLOBAL VARIABLES] plots_directory : /panfs/panasas01/phys/bf16951/QMD/ParallelDevelopment/Results/Oct_01/12_46/plots/
1:49:57 [GLOBAL VARIABLES] long_id : 084
1:49:57 [GLOBAL VARIABLES] results_file : /panfs/panasas01/phys/bf16951/QMD/ParallelDevelopment/Results/Oct_01/12_46/results_084.p
1:49:57 [GLOBAL VARIABLES] class_pickle_file : /panfs/panasas01/phys/bf16951/QMD/ParallelDevelopment/Results/Oct_01/12_46/qmd_class_084.p
1:49:57 [EXP] 
 QMD id 84  on host  node44-021 and port 6384 has seed 1 
 2500  particles for 750 experiments and  750 bayes updates
 Gaussian= True 
 RQ= True RQ log: /panfs/panasas01/phys/bf16951/QMD/ParallelDevelopment/Results/Oct_01/12_46/logs/NV-exp-method-sim__random--probe__QMLA_84.qmd.8794797.log 
 Bayes CSV: /panfs/panasas01/phys/bf16951/QMD/ParallelDevelopment/Results/Oct_01/12_46/cumulative.csv
1:49:57 [EXP] Generators: ['NV_alternative_model']
1:49:57 [QMD 84] Probe dict provided to QMD.
1:49:57 [QMD 84] Getting expectation values for simulated model (len 301) 
 Times computed:
 [0.0, 0.02, 0.029999999999999999, 0.050000000000000003, 0.070000000000000007, 0.080000000000000002, 0.10000000000000001, 0.12, 0.13, 0.14999999999999999, 0.17000000000000001, 0.17999999999999999, 0.20000000000000001, 0.22, 0.23000000000000001, 0.25, 0.27000000000000002, 0.28000000000000003, 0.29999999999999999, 0.32000000000000001, 0.33000000000000002, 0.34999999999999998, 0.37, 0.38, 0.40000000000000002, 0.41999999999999998, 0.42999999999999999, 0.45000000000000001, 0.46999999999999997, 0.47999999999999998, 0.5, 0.52000000000000002, 0.53000000000000003, 0.55000000000000004, 0.56999999999999995, 0.57999999999999996, 0.59999999999999998, 0.62, 0.63, 0.65000000000000002, 0.67000000000000004, 0.68000000000000005, 0.69999999999999996, 0.71999999999999997, 0.72999999999999998, 0.75, 0.77000000000000002, 0.78000000000000003, 0.80000000000000004, 0.81999999999999995, 0.82999999999999996, 0.84999999999999998, 0.87, 0.88, 0.90000000000000002, 0.92000000000000004, 0.93000000000000005, 0.94999999999999996, 0.96999999999999997, 0.97999999999999998, 1.0, 1.02, 1.03, 1.05, 1.0700000000000001, 1.0800000000000001, 1.1000000000000001, 1.1200000000000001, 1.1299999999999999, 1.1499999999999999, 1.1699999999999999, 1.1799999999999999, 1.2, 1.22, 1.23, 1.25, 1.27, 1.28, 1.3, 1.3200000000000001, 1.3300000000000001, 1.3500000000000001, 1.3700000000000001, 1.3799999999999999, 1.3999999999999999, 1.4199999999999999, 1.4299999999999999, 1.45, 1.47, 1.48, 1.5, 1.52, 1.53, 1.55, 1.5700000000000001, 1.5800000000000001, 1.6000000000000001, 1.6200000000000001, 1.6299999999999999, 1.6499999999999999, 1.6699999999999999, 1.6799999999999999, 1.7, 1.72, 1.73, 1.75, 1.77, 1.78, 1.8, 1.8200000000000001, 1.8300000000000001, 1.8500000000000001, 1.8700000000000001, 1.8799999999999999, 1.8999999999999999, 1.9199999999999999, 1.9299999999999999, 1.95, 1.97, 1.98, 2.0, 2.02, 2.0299999999999998, 2.0499999999999998, 2.0699999999999998, 2.0800000000000001, 2.1000000000000001, 2.1200000000000001, 2.1299999999999999, 2.1499999999999999, 2.1699999999999999, 2.1800000000000002, 2.2000000000000002, 2.2200000000000002, 2.23, 2.25, 2.27, 2.2799999999999998, 2.2999999999999998, 2.3199999999999998, 2.3300000000000001, 2.3500000000000001, 2.3700000000000001, 2.3799999999999999, 2.3999999999999999, 2.4199999999999999, 2.4300000000000002, 2.4500000000000002, 2.4700000000000002, 2.48, 2.5, 2.52, 2.5299999999999998, 2.5499999999999998, 2.5699999999999998, 2.5800000000000001, 2.6000000000000001, 2.6200000000000001, 2.6299999999999999, 2.6499999999999999, 2.6699999999999999, 2.6800000000000002, 2.7000000000000002, 2.7200000000000002, 2.73, 2.75, 2.77, 2.7799999999999998, 2.7999999999999998, 2.8199999999999998, 2.8300000000000001, 2.8500000000000001, 2.8700000000000001, 2.8799999999999999, 2.8999999999999999, 2.9199999999999999, 2.9300000000000002, 2.9500000000000002, 2.9700000000000002, 2.98, 3.0, 3.02, 3.0299999999999998, 3.0499999999999998, 3.0699999999999998, 3.0800000000000001, 3.1000000000000001, 3.1200000000000001, 3.1299999999999999, 3.1499999999999999, 3.1699999999999999, 3.1800000000000002, 3.2000000000000002, 3.2200000000000002, 3.23, 3.25, 3.27, 3.2799999999999998, 3.2999999999999998, 3.3199999999999998, 3.3300000000000001, 3.3500000000000001, 3.3700000000000001, 3.3799999999999999, 3.3999999999999999, 3.4199999999999999, 3.4300000000000002, 3.4500000000000002, 3.4700000000000002, 3.48, 3.5, 3.52, 3.5299999999999998, 3.5499999999999998, 3.5699999999999998, 3.5800000000000001, 3.6000000000000001, 3.6200000000000001, 3.6299999999999999, 3.6499999999999999, 3.6699999999999999, 3.6800000000000002, 3.7000000000000002, 3.7200000000000002, 3.73, 3.75, 3.77, 3.7799999999999998, 3.7999999999999998, 3.8199999999999998, 3.8300000000000001, 3.8500000000000001, 3.8700000000000001, 3.8799999999999999, 3.8999999999999999, 3.9199999999999999, 3.9300000000000002, 3.9500000000000002, 3.9700000000000002, 3.98, 4.0, 4.0199999999999996, 4.0300000000000002, 4.0499999999999998, 4.0700000000000003, 4.0800000000000001, 4.0999999999999996, 4.1200000000000001, 4.1299999999999999, 4.1500000000000004, 4.1699999999999999, 4.1799999999999997, 4.2000000000000002, 4.2199999999999998, 4.2300000000000004, 4.25, 4.2699999999999996, 4.2800000000000002, 4.2999999999999998, 4.3200000000000003, 4.3300000000000001, 4.3499999999999996, 4.3700000000000001, 4.3799999999999999, 4.4000000000000004, 4.4199999999999999, 4.4299999999999997, 4.4500000000000002, 4.4699999999999998, 4.4800000000000004, 4.5, 4.5199999999999996, 4.5300000000000002, 4.5499999999999998, 4.5700000000000003, 4.5800000000000001, 4.5999999999999996, 4.6200000000000001, 4.6299999999999999, 4.6500000000000004, 4.6699999999999999, 4.6799999999999997, 4.7000000000000002, 4.7199999999999998, 4.7300000000000004, 4.75, 4.7699999999999996, 4.7800000000000002, 4.7999999999999998, 4.8200000000000003, 4.8300000000000001, 4.8499999999999996, 4.8700000000000001, 4.8799999999999999, 4.9000000000000004, 4.9199999999999999, 4.9299999999999997, 4.9500000000000002, 4.9699999999999998, 4.9800000000000004, 5.0]
1:49:58 [QMD 84] Expectation values computed
1:49:58 [QMD 84] generator list after ensuring true generator is first: ['NV_alternative_model']
1:49:58 [QMD 84] initialising generator NV_alternative_model with models: ['xTi', 'yTi', 'zTi']
1:49:58 [QMD 84] xTi not added yet. List: []
1:49:58 [QMD 84] yTi not added yet. List: ['xTi']
1:49:58 [QMD 84] zTi not added yet. List: ['xTi', 'yTi']
1:49:58 [QMD 84] After initial branches. InitialModelIDs: {'xTi': 0, 'yTi': 1, 'zTi': 2}
1:49:58 [QMD 84] After setting up initial branches, highest branch id: 0 highest model id: 3 initial models: {}
1:49:58 [QMD 84] Retrieving databases from redis
1:49:58 [QMD 84] any job failed db: [b'Status'] Status: b'0'
1:49:58 [QMD 84] Initial op list: ['xTi', 'yTi', 'zTi']
1:49:58 [QMD 84] Specific terms for prior {}
1:49:58 [QMD 84] RunParallel= True
1:49:58 [QMD 84] Saving qmd info db to  StrictRedis<ConnectionPool<Connection<host=node44-021,port=6384,db=1>>>
1:49:58 [QMD 84] Running  QLE  for true operator  xTiPPyTiPPzTiPPzTz  with parameters :  [0.92450565, 6.00664336, 1.65998543, 0.76546868]
1:49:58 [DB] Model  xTi  not previously considered -- adding. ID: 0
1:49:58 [DB] Model  yTi  not previously considered -- adding. ID: 1
1:49:58 [DB] Model  zTi  not previously considered -- adding. ID: 2
1:49:58 [QMD 84] After initiating DB, models: {0: 'xTi', 1: 'yTi', 2: 'zTi'}
1:49:58 [QMD 84] learnModelFromBranchID branch 0 : ['xTi', 'yTi', 'zTi']
1:49:58 [QMD 84] learnModelFromBranchID. Setting active branches on redis for branch 0 to 0
1:49:58 [QMD 84] branch 0 precomputed: []
1:49:58 [QMD 84] Branch  0 has unlearned models: ['xTi', 'yTi', 'zTi']
1:49:58 [QMD 84] Model  xTi being passed to learnModel function
1:49:58 [QMD 84] Model xTi added to queue.
1:49:58 [QMD 84] Model  yTi being passed to learnModel function
1:49:58 [QMD 84] Model yTi added to queue.
1:49:58 [QMD 84] Model  zTi being passed to learnModel function
1:49:58 [QMD 84] Model zTi added to queue.
1:49:58 [QMD 84] learnModelFromBranchID finished, branch 0
1:49:58 [QMD 84] Entering while loop of spawning/comparing.
1:50:3 [QML 2] QML for  zTi
1:50:3 [QML 2] Getting prior for model: zTi Specific terms: {}
1:50:4 [QML 2] Initialization Ready
1:50:4 [RQ Learn 2.0] Time to unpickle and initialise QML class: 0.47196364402770996
1:50:4 [RQ Learn 2.0] Updating model.
1:50:4 [QML 2] Experiment 0
1:50:4 [QML 2] Initial time selected >  0.176644391468
1:50:4 [QML 1] QML for  yTi
1:50:4 [QML 1] Getting prior for model: yTi Specific terms: {}
1:50:4 [QML 0] QML for  xTi
1:50:4 [QML 0] Getting prior for model: xTi Specific terms: {}
1:50:4 [QML 1] Initialization Ready
1:50:4 [RQ Learn 1.0] Time to unpickle and initialise QML class: 0.4891645908355713
1:50:4 [RQ Learn 1.0] Updating model.
1:50:4 [QML 1] Experiment 0
1:50:4 [QML 1] Initial time selected >  1.00914356801
1:50:4 [QML 0] Initialization Ready
1:50:4 [RQ Learn 0.0] Time to unpickle and initialise QML class: 0.4796597957611084
1:50:4 [RQ Learn 0.0] Updating model.
1:50:4 [QML 0] Experiment 0
1:50:4 [QML 0] Initial time selected >  0.304313870814
1:52:33 [QML 0] Experiment 75
1:52:44 [QML 1] Experiment 75
1:53:7 [QML 2] Experiment 75
1:55:2 [QML 0] Experiment 150
1:55:33 [QML 1] Experiment 150
1:56:4 [QML 2] Experiment 150
1:57:45 [QML 0] Experiment 225
1:58:26 [QML 1] Experiment 225
1:59:0 [QML 2] Experiment 225
2:0:13 [QML 0] Experiment 300
2:1:12 [QML 1] Experiment 300
2:1:54 [QML 2] Experiment 300
2:2:48 [QML 0] Experiment 375
2:4:0 [QML 1] Experiment 375
2:4:52 [QML 2] Experiment 375
2:4:59 [QML 0] Experiment 450
2:6:42 [QML 1] Experiment 450
2:7:10 [QML 0] Experiment 525
2:7:22 [QML 2] Experiment 450
2:9:23 [QML 0] Experiment 600
2:9:26 [QML 1] Experiment 525
2:9:51 [QML 2] Experiment 525
2:11:34 [QML 0] Experiment 675
2:12:10 [QML 1] Experiment 600
2:12:22 [QML 2] Experiment 600
2:13:45 [QML 0] Results for QHL on  xTi
2:13:45 [QML 0] Final time selected > 2.45
2:13:45 [QML 0] Cumulative time.	 Datum: 0.8354814052581787 	 Update: 1419.2362694740295
2:13:45 [QML 0] Final Parameters mean and stdev (term  xTi ): [  1.76261542e-04   2.96100968e-05]
2:13:45 [RQ Learn 0.0] Time for update alone: 1421.0499124526978
2:13:46 [RQ Learn 0.0] Redis learned_models_info added to db for model: 0.0
2:13:46 [RQ Learn 0.0] Redis SET learned_models_ids: 0.0 ; set True
2:13:46 [RQ Learn 0.0] Learned. rq time: 1421.6962547302246
2:14:47 [QML 1] Experiment 675
2:14:47 [QML 2] Experiment 675
2:17:14 [QML 2] Results for QHL on  zTi
2:17:14 [QML 2] Final time selected > 2.45
2:17:14 [QML 2] Cumulative time.	 Datum: 0.8052961826324463 	 Update: 1628.33931350708
2:17:14 [QML 2] Final Parameters mean and stdev (term  zTi ): [-0.01887403  0.0405883 ]
2:17:14 [RQ Learn 2.0] Time for update alone: 1630.1076209545135
2:17:14 [RQ Learn 2.0] Redis learned_models_info added to db for model: 2.0
2:17:14 [RQ Learn 2.0] Redis SET learned_models_ids: 2.0 ; set True
2:17:14 [RQ Learn 2.0] Learned. rq time: 1630.7551939487457
2:17:28 [QML 1] Results for QHL on  yTi
2:17:28 [QML 1] Final time selected > 2.45
2:17:28 [QML 1] Cumulative time.	 Datum: 0.8363244533538818 	 Update: 1642.3728442192078
2:17:28 [QML 1] Final Parameters mean and stdev (term  yTi ): [ 6.56481438  0.00908699]
2:17:28 [RQ Learn 1.0] Time for update alone: 1644.1920895576477
2:17:29 [RQ Learn 1.0] Redis learned_models_info added to db for model: 1.0
2:17:29 [RQ Learn 1.0] Redis SET learned_models_ids: 1.0 ; set True
2:17:29 [QMD 84] All models on branch 0 have finished learning.
2:17:29 [RQ Learn 1.0] Learned. rq time: 1644.8496565818787
2:17:29[QML:Reduced 0; QMD 84] Updating learned info for model 0
2:17:29[QML:Reduced 0; QMD 84] Updated learned info for model 0
2:17:29[QML:Reduced 1; QMD 84] Updating learned info for model 1
2:17:29[QML:Reduced 1; QMD 84] Updated learned info for model 1
2:17:29[QML:Reduced 2; QMD 84] Updating learned info for model 2
2:17:29[QML:Reduced 2; QMD 84] Updated learned info for model 2
2:17:29 [QMD 84] remoteBayesFromBranchID 0 model id list: [0, 1, 2]
2:17:29 [QMD 84] Computing BF for pair 0,1
2:17:29 [QMD 84] Bayes factor calculation queued. Model IDs 0 1
2:17:29 [QMD 84] Computing BF for pair 0,2
2:17:29 [QMD 84] Bayes factor calculation queued. Model IDs 0 2
2:17:29 [QMD 84] Computing BF for pair 1,2
2:17:29 [QMD 84] Bayes factor calculation queued. Model IDs 1 2
2:17:35[QML:Bayes 0; QMD 84] Name: xTi
2:17:35[QML:Bayes 0; QMD 84] Time to reconstruct updater: 0.000858306884765625
2:17:35[QML:Bayes 0; QMD 84] Prior mean: [ 0.00017654]
2:17:35[QML:Bayes 1; QMD 84] Name: yTi
2:17:35[QML:Bayes 0; QMD 84] Name: xTi
2:17:35[QML:Bayes 1; QMD 84] Time to reconstruct updater: 0.0008814334869384766
2:17:35[QML:Bayes 1; QMD 84] Prior mean: [ 6.56468319]
2:17:35[QML:Bayes 0; QMD 84] Time to reconstruct updater: 0.0009000301361083984
2:17:35[QML:Bayes 0; QMD 84] Prior mean: [ 0.00017689]
2:17:35[QML:Bayes 1; QMD 84] Name: yTi
2:17:35[QML:Bayes 1; QMD 84] Time to reconstruct updater: 0.0006732940673828125
2:17:35[QML:Bayes 1; QMD 84] Prior mean: [ 6.56467366]
2:17:35 [RQ Bayes 0/1] Start. Branch 0
2:17:35[QML:Bayes 2; QMD 84] Name: zTi
2:17:35[QML:Bayes 2; QMD 84] Time to reconstruct updater: 0.0006895065307617188
2:17:35[QML:Bayes 2; QMD 84] Prior mean: [-0.01787065]
2:17:35 [RQ Bayes 0/2] Start. Branch 0
2:17:35[QML:Bayes 2; QMD 84] Name: zTi
2:17:35[QML:Bayes 2; QMD 84] Time to reconstruct updater: 0.0006620883941650391
2:17:35[QML:Bayes 2; QMD 84] Prior mean: [-0.01996907]
2:17:35 [RQ Bayes 1/2] Start. Branch 0
3:4:50 [RQ Bayes 0/2] BF computed: A:0; B:2; BF:0.0 	Reset remormalisation record: False
3:4:50 [RQ Bayes 0/2] Finished. rq time:  2834.953369617462
3:6:44 [RQ Bayes 0/1] BF computed: A:0; B:1; BF:0.0 	Reset remormalisation record: False
3:6:44 [RQ Bayes 0/1] Finished. rq time:  2949.0834691524506
3:8:24 [RQ Bayes 1/2] BF computed: A:1; B:2; BF:4.071106296111225e+74 	Reset remormalisation record: False
3:8:24 [RQ Bayes 1/2] Finished. rq time:  3049.561851501465
3:8:24 [QMD 84] compareModelsWithinBranch 0 active_models_in_branch_old: [0.0, 1.0, 2.0] active_models_in_branch_new: [0, 1, 2]
3:8:24 [QMD 84] [compareModelsWithinBranch 0] Point to 1 (comparison 0/1)
3:8:24 [QMD 84] [compareModelsWithinBranch 0] Point to 2 (comparison 0/2)
3:8:24 [QMD 84] [compareModelsWithinBranch 0] Point to 1 (comparison 1/2)
3:8:24 [QMD 84] Model points for branch 0 {0: 0, 1: 2, 2: 1}
3:8:24 [QMD 84] Champion of branch  0  is  yTi (1)
3:8:24 [QMD 84] Spawning. Growth rule: NV_alternative_model. Depth: 1
3:8:24 [QMD 84] After model generation for growth rule NV_alternative_model SPAWN STAGE: [None] 
new models: ['yTiPPzTi', 'xTiPPyTi']
3:8:24 [QMD 84] Branch 1 growth rule NV_alternative_model has 2 new models ['xTiPPyTi', 'yTiPPzTi']
3:8:24 [DB] Model  xTiPPyTi  not previously considered -- adding. ID: 3
3:8:24 [QMD 84] Model  xTiPPyTi 
	computed already:  False 
	ID: 3
3:8:24 [DB] Model  yTiPPzTi  not previously considered -- adding. ID: 4
3:8:25 [QMD 84] Model  yTiPPzTi 
	computed already:  False 
	ID: 4
3:8:25 [QMD 84] Num models already computed on branch  1 = 0
3:8:25 [QMD 84] Models to add to new branch ( 1 ):  ['yTiPPzTi', 'xTiPPyTi']
3:8:25 [QMD 84] learnModelFromBranchID branch 1 : ['xTiPPyTi', 'yTiPPzTi']
3:8:25 [QMD 84] learnModelFromBranchID. Setting active branches on redis for branch 1 to 0
3:8:25 [QMD 84] branch 1 precomputed: []
3:8:25 [QMD 84] Branch  1 has unlearned models: ['xTiPPyTi', 'yTiPPzTi']
3:8:25 [QMD 84] Model  xTiPPyTi being passed to learnModel function
3:8:25 [QMD 84] Model xTiPPyTi added to queue.
3:8:25 [QMD 84] Model  yTiPPzTi being passed to learnModel function
3:8:25 [QMD 84] Model yTiPPzTi added to queue.
3:8:25 [QMD 84] learnModelFromBranchID finished, branch 1
3:8:31 [QML 3] QML for  xTiPPyTi
3:8:31 [QML 4] QML for  yTiPPzTi
3:8:31 [QML 3] Getting prior for model: xTiPPyTi Specific terms: {}
3:8:31 [QML 4] Getting prior for model: yTiPPzTi Specific terms: {}
3:8:31 [QML 3] Initialization Ready
3:8:31 [QML 4] Initialization Ready
3:8:31 [RQ Learn 3.0] Time to unpickle and initialise QML class: 0.5714550018310547
3:8:31 [RQ Learn 4.0] Time to unpickle and initialise QML class: 0.571683406829834
3:8:31 [RQ Learn 3.0] Updating model.
3:8:31 [RQ Learn 4.0] Updating model.
3:8:31 [QML 3] Experiment 0
3:8:31 [QML 4] Experiment 0
3:8:31 [QML 3] Initial time selected >  0.145146189516
3:8:31 [QML 4] Initial time selected >  0.0737875057078
3:11:5 [QML 3] Experiment 75
3:11:8 [QML 4] Experiment 75
3:13:42 [QML 3] Experiment 150
3:13:47 [QML 4] Experiment 150
3:16:17 [QML 3] Experiment 225
3:16:24 [QML 4] Experiment 225
3:18:53 [QML 3] Experiment 300
3:19:2 [QML 4] Experiment 300
3:21:30 [QML 3] Experiment 375
3:21:40 [QML 4] Experiment 375
3:24:9 [QML 3] Experiment 450
3:24:17 [QML 4] Experiment 450
3:26:46 [QML 3] Experiment 525
3:26:54 [QML 4] Experiment 525
3:29:25 [QML 3] Experiment 600
3:29:32 [QML 4] Experiment 600
3:31:56 [QML 3] Experiment 675
3:32:3 [QML 4] Experiment 675
3:34:32 [QML 3] Results for QHL on  xTiPPyTi
3:34:32 [QML 3] Final time selected > 2.45
3:34:32 [QML 3] Cumulative time.	 Datum: 0.7896032333374023 	 Update: 1558.6749305725098
3:34:32 [QML 3] Final Parameters mean and stdev (term  xTi ): [ 1.088802    0.16645988]
3:34:32 [QML 3] Final Parameters mean and stdev (term  yTi ): [ 6.09490816  0.03011379]
3:34:32 [RQ Learn 3.0] Time for update alone: 1561.112363576889
3:34:32 [RQ Learn 3.0] Redis learned_models_info added to db for model: 3.0
3:34:32 [RQ Learn 3.0] Redis SET learned_models_ids: 3.0 ; set True
3:34:32 [RQ Learn 3.0] Learned. rq time: 1561.8601245880127
3:34:39 [QML 4] Results for QHL on  yTiPPzTi
3:34:39 [QML 4] Final time selected > 2.45
3:34:39 [QML 4] Cumulative time.	 Datum: 0.7959346771240234 	 Update: 1565.3565452098846
3:34:39 [QML 4] Final Parameters mean and stdev (term  yTi ): [ 5.93237322  0.01559995]
3:34:39 [QML 4] Final Parameters mean and stdev (term  zTi ): [ 1.52792796  0.08296317]
3:34:39 [RQ Learn 4.0] Time for update alone: 1567.796886920929
3:34:39 [RQ Learn 4.0] Redis learned_models_info added to db for model: 4.0
3:34:39 [RQ Learn 4.0] Redis SET learned_models_ids: 4.0 ; set True
3:34:39 [QMD 84] All models on branch 1 have finished learning.
3:34:39 [RQ Learn 4.0] Learned. rq time: 1568.5529580116272
3:34:39[QML:Reduced 3; QMD 84] Updating learned info for model 3
3:34:39[QML:Reduced 3; QMD 84] Updated learned info for model 3
3:34:39[QML:Reduced 4; QMD 84] Updating learned info for model 4
3:34:39[QML:Reduced 4; QMD 84] Updated learned info for model 4
3:34:39 [QMD 84] remoteBayesFromBranchID 1 model id list: [3, 4]
3:34:39 [QMD 84] Computing BF for pair 3,4
3:34:39 [QMD 84] Bayes factor calculation queued. Model IDs 3 4
3:34:47[QML:Bayes 3; QMD 84] Name: xTiPPyTi
3:34:47[QML:Bayes 3; QMD 84] Time to reconstruct updater: 0.0013272762298583984
3:34:47[QML:Bayes 3; QMD 84] Prior mean: [ 1.09576946  6.09364406]
3:34:47[QML:Bayes 4; QMD 84] Name: yTiPPzTi
3:34:47[QML:Bayes 4; QMD 84] Time to reconstruct updater: 0.0009703636169433594
3:34:47[QML:Bayes 4; QMD 84] Prior mean: [ 5.93326748  1.52477326]
3:34:47 [RQ Bayes 3/4] Start. Branch 1
4:27:23 [RQ Bayes 3/4] BF computed: A:3; B:4; BF:0.0 	Reset remormalisation record: False
4:27:23 [RQ Bayes 3/4] Finished. rq time:  3155.4350073337555
4:27:23 [QMD 84] compareModelsWithinBranch 1 active_models_in_branch_old: [3.0, 4.0] active_models_in_branch_new: [3, 4]
4:27:23 [QMD 84] [compareModelsWithinBranch 1] Point to 4 (comparison 3/4)
4:27:23 [QMD 84] Model points for branch 1 {3: 0, 4: 1}
4:27:23 [QMD 84] Champion of branch  1  is  yTiPPzTi (4)
4:27:23 [QMD 84] Spawning. Growth rule: NV_alternative_model. Depth: 2
4:27:23 [QMD 84] After model generation for growth rule NV_alternative_model SPAWN STAGE: [None] 
new models: ['xTiPPyTiPPzTi']
4:27:23 [QMD 84] Branch 2 growth rule NV_alternative_model has 1 new models ['xTiPPyTiPPzTi']
4:27:23 [DB] Model  xTiPPyTiPPzTi  not previously considered -- adding. ID: 5
4:27:23 [QMD 84] Model  xTiPPyTiPPzTi 
	computed already:  False 
	ID: 5
4:27:23 [QMD 84] Num models already computed on branch  2 = 0
4:27:23 [QMD 84] Models to add to new branch ( 2 ):  ['xTiPPyTiPPzTi']
4:27:23 [QMD 84] learnModelFromBranchID branch 2 : ['xTiPPyTiPPzTi']
4:27:23 [QMD 84] learnModelFromBranchID. Setting active branches on redis for branch 2 to 0
4:27:23 [QMD 84] branch 2 precomputed: []
4:27:23 [QMD 84] Branch  2 has unlearned models: ['xTiPPyTiPPzTi']
4:27:23 [QMD 84] Model  xTiPPyTiPPzTi being passed to learnModel function
4:27:23 [QMD 84] Model xTiPPyTiPPzTi added to queue.
4:27:23 [QMD 84] learnModelFromBranchID finished, branch 2
4:27:29 [QML 5] QML for  xTiPPyTiPPzTi
4:27:29 [QML 5] Getting prior for model: xTiPPyTiPPzTi Specific terms: {}
4:27:30 [QML 5] Initialization Ready
4:27:30 [RQ Learn 5.0] Time to unpickle and initialise QML class: 0.7772550582885742
4:27:30 [RQ Learn 5.0] Updating model.
4:27:30 [QML 5] Experiment 0
4:27:30 [QML 5] Initial time selected >  0.0637490246976
4:30:3 [QML 5] Experiment 75
4:32:43 [QML 5] Experiment 150
4:35:21 [QML 5] Experiment 225
4:38:5 [QML 5] Experiment 300
4:40:46 [QML 5] Experiment 375
4:43:28 [QML 5] Experiment 450
4:46:6 [QML 5] Experiment 525
4:48:48 [QML 5] Experiment 600
4:51:21 [QML 5] Experiment 675
4:53:58 [QML 5] Results for QHL on  xTiPPyTiPPzTi
4:53:58 [QML 5] Final time selected > 2.45
4:53:58 [QML 5] Cumulative time.	 Datum: 0.829160213470459 	 Update: 1585.650794506073
4:53:58 [QML 5] Final Parameters mean and stdev (term  xTi ): [ 0.96678471  0.15769184]
4:53:58 [QML 5] Final Parameters mean and stdev (term  yTi ): [ 5.98670482  0.05094806]
4:53:58 [QML 5] Final Parameters mean and stdev (term  zTi ): [ 2.10994121  0.16573578]
4:53:58 [RQ Learn 5.0] Time for update alone: 1588.4580583572388
4:53:58 [RQ Learn 5.0] Redis learned_models_info added to db for model: 5.0
4:53:58 [RQ Learn 5.0] Redis SET learned_models_ids: 5.0 ; set True
4:53:58 [QMD 84] All models on branch 2 have finished learning.
4:53:58 [RQ Learn 5.0] Learned. rq time: 1589.430835723877
4:53:58[QML:Reduced 5; QMD 84] Updating learned info for model 5
4:53:58[QML:Reduced 5; QMD 84] Updated learned info for model 5
4:53:58 [QMD 84] remoteBayesFromBranchID 2 model id list: [5]
4:53:58 [QMD 84] compareModelsWithinBranch 2 active_models_in_branch_old: [5.0] active_models_in_branch_new: [5]
4:53:58 [QMD 84] Model points for branch 2 {5: 0}
4:53:58 [QMD 84] Champion of branch  2  is  xTiPPyTiPPzTi (5)
4:53:58 [QMD 84] Spawning. Growth rule: NV_alternative_model. Depth: 3
4:53:58 [QMD 84] After model generation for growth rule NV_alternative_model SPAWN STAGE: [None] 
new models: ['xTiPPyTiPPyTyPPzTi', 'xTiPPyTiPPzTiPPzTz', 'xTiPPxTxPPyTiPPzTi']
4:53:58 [QMD 84] Branch 3 growth rule NV_alternative_model has 3 new models ['xTiPPyTiPPzTiPPzTz', 'xTiPPyTiPPyTyPPzTi', 'xTiPPxTxPPyTiPPzTi']
4:53:58 [DB] Model  xTiPPyTiPPzTiPPzTz  not previously considered -- adding. ID: 6
4:53:58 [QMD 84] Model  xTiPPyTiPPzTiPPzTz 
	computed already:  False 
	ID: 6
4:53:58 [DB] Model  xTiPPyTiPPyTyPPzTi  not previously considered -- adding. ID: 7
4:53:59 [QMD 84] Model  xTiPPyTiPPyTyPPzTi 
	computed already:  False 
	ID: 7
4:53:59 [DB] Model  xTiPPxTxPPyTiPPzTi  not previously considered -- adding. ID: 8
4:53:59 [QMD 84] Model  xTiPPxTxPPyTiPPzTi 
	computed already:  False 
	ID: 8
4:53:59 [QMD 84] Num models already computed on branch  3 = 0
4:53:59 [QMD 84] Models to add to new branch ( 3 ):  ['xTiPPyTiPPyTyPPzTi', 'xTiPPyTiPPzTiPPzTz', 'xTiPPxTxPPyTiPPzTi']
4:53:59 [QMD 84] learnModelFromBranchID branch 3 : ['xTiPPyTiPPzTiPPzTz', 'xTiPPyTiPPyTyPPzTi', 'xTiPPxTxPPyTiPPzTi']
4:53:59 [QMD 84] learnModelFromBranchID. Setting active branches on redis for branch 3 to 0
4:53:59 [QMD 84] branch 3 precomputed: []
4:53:59 [QMD 84] Branch  3 has unlearned models: ['xTiPPyTiPPzTiPPzTz', 'xTiPPyTiPPyTyPPzTi', 'xTiPPxTxPPyTiPPzTi']
4:53:59 [QMD 84] Model  xTiPPyTiPPzTiPPzTz being passed to learnModel function
4:53:59 [QMD 84] Model xTiPPyTiPPzTiPPzTz added to queue.
4:53:59 [QMD 84] Model  xTiPPyTiPPyTyPPzTi being passed to learnModel function
4:53:59 [QMD 84] Model xTiPPyTiPPyTyPPzTi added to queue.
4:53:59 [QMD 84] Model  xTiPPxTxPPyTiPPzTi being passed to learnModel function
4:53:59 [QMD 84] Model xTiPPxTxPPyTiPPzTi added to queue.
4:53:59 [QMD 84] learnModelFromBranchID finished, branch 3
4:54:5 [QML 6] QML for  xTiPPyTiPPzTiPPzTz
4:54:5 [QML 6] Getting prior for model: xTiPPyTiPPzTiPPzTz Specific terms: {}
4:54:5 [QML 8] QML for  xTiPPxTxPPyTiPPzTi
4:54:5 [QML 7] QML for  xTiPPyTiPPyTyPPzTi
4:54:5 [QML 8] Getting prior for model: xTiPPxTxPPyTiPPzTi Specific terms: {}
4:54:5 [QML 7] Getting prior for model: xTiPPyTiPPyTyPPzTi Specific terms: {}
4:54:6 [QML 6] Initialization Ready
4:54:6 [RQ Learn 6.0] Time to unpickle and initialise QML class: 0.831376314163208
4:54:6 [RQ Learn 6.0] Updating model.
4:54:6 [QML 6] Experiment 0
4:54:6 [QML 6] Initial time selected >  0.158517118705
4:54:6 [QML 8] Initialization Ready
4:54:6 [RQ Learn 8.0] Time to unpickle and initialise QML class: 0.8478636741638184
4:54:6 [RQ Learn 8.0] Updating model.
4:54:6 [QML 8] Experiment 0
4:54:6 [QML 8] Initial time selected >  0.230423184224
4:54:6 [QML 7] Initialization Ready
4:54:6 [RQ Learn 7.0] Time to unpickle and initialise QML class: 0.858203649520874
4:54:6 [RQ Learn 7.0] Updating model.
4:54:6 [QML 7] Experiment 0
4:54:6 [QML 7] Initial time selected >  0.104710931557
4:56:30 [QML 8] Experiment 75
4:56:31 [QML 7] Experiment 75
4:56:39 [QML 6] Experiment 75
4:59:0 [QML 8] Experiment 150
4:59:5 [QML 7] Experiment 150
4:59:16 [QML 6] Experiment 150
5:1:37 [QML 8] Experiment 225
5:1:44 [QML 7] Experiment 225
5:2:2 [QML 6] Experiment 225
5:4:18 [QML 8] Experiment 300
5:4:28 [QML 7] Experiment 300
5:4:43 [QML 6] Experiment 300
5:6:58 [QML 8] Experiment 375
5:7:11 [QML 7] Experiment 375
5:7:29 [QML 6] Experiment 375
5:9:39 [QML 8] Experiment 450
5:9:54 [QML 7] Experiment 450
5:10:12 [QML 6] Experiment 450
5:12:20 [QML 8] Experiment 525
5:12:38 [QML 7] Experiment 525
5:12:54 [QML 6] Experiment 525
5:15:1 [QML 8] Experiment 600
5:15:21 [QML 7] Experiment 600
5:15:42 [QML 6] Experiment 600
5:17:35 [QML 8] Experiment 675
5:17:57 [QML 7] Experiment 675
5:18:18 [QML 6] Experiment 675
5:20:15 [QML 8] Results for QHL on  xTiPPxTxPPyTiPPzTi
5:20:15 [QML 8] Final time selected > 2.45
5:20:15 [QML 8] Cumulative time.	 Datum: 0.8023653030395508 	 Update: 1565.4089169502258
5:20:15 [QML 8] Final Parameters mean and stdev (term  xTi ): [ 1.28780479  0.18805223]
5:20:15 [QML 8] Final Parameters mean and stdev (term  xTx ): [ 0.85370677  0.15488994]
5:20:15 [QML 8] Final Parameters mean and stdev (term  yTi ): [ 5.99802115  0.05883729]
5:20:15 [QML 8] Final Parameters mean and stdev (term  zTi ): [ 1.43766357  0.17334943]
5:20:15 [RQ Learn 8.0] Time for update alone: 1568.4286766052246
5:20:15 [RQ Learn 8.0] Redis learned_models_info added to db for model: 8.0
5:20:15 [RQ Learn 8.0] Redis SET learned_models_ids: 8.0 ; set True
5:20:15 [RQ Learn 8.0] Learned. rq time: 1569.5364482402802
5:20:38 [QML 7] Results for QHL on  xTiPPyTiPPyTyPPzTi
5:20:38 [QML 7] Final time selected > 2.45
5:20:38 [QML 7] Cumulative time.	 Datum: 0.8134491443634033 	 Update: 1589.330658197403
5:20:38 [QML 7] Final Parameters mean and stdev (term  xTi ): [ 0.62248674  0.23137992]
5:20:38 [QML 7] Final Parameters mean and stdev (term  yTi ): [ 6.04092809  0.06233373]
5:20:38 [QML 7] Final Parameters mean and stdev (term  yTy ): [-0.20748128  0.02329128]
5:20:38 [QML 7] Final Parameters mean and stdev (term  zTi ): [ 1.76472096  0.17130116]
5:20:38 [RQ Learn 7.0] Time for update alone: 1592.361206293106
5:20:39 [RQ Learn 7.0] Redis learned_models_info added to db for model: 7.0
5:20:39 [RQ Learn 7.0] Redis SET learned_models_ids: 7.0 ; set True
5:20:39 [RQ Learn 7.0] Learned. rq time: 1593.4675526618958
5:21:4 [QML 6] Results for QHL on  xTiPPyTiPPzTiPPzTz
5:21:4 [QML 6] Final time selected > 2.45
5:21:4 [QML 6] Cumulative time.	 Datum: 0.8205010890960693 	 Update: 1615.5686066150665
5:21:4 [QML 6] Final Parameters mean and stdev (term  xTi ): [ 0.69109607  0.22634205]
5:21:4 [QML 6] Final Parameters mean and stdev (term  yTi ): [ 5.97011649  0.04690932]
5:21:4 [QML 6] Final Parameters mean and stdev (term  zTi ): [ 1.89749086  0.14895405]
5:21:4 [QML 6] Final Parameters mean and stdev (term  zTz ): [ 0.64099886  0.07337672]
5:21:4 [RQ Learn 6.0] Time for update alone: 1618.651888370514
5:21:4 [RQ Learn 6.0] Redis learned_models_info added to db for model: 6.0
5:21:4 [RQ Learn 6.0] Redis SET learned_models_ids: 6.0 ; set True
5:21:4 [QMD 84] All models on branch 3 have finished learning.
5:21:4 [RQ Learn 6.0] Learned. rq time: 1619.7366182804108
5:21:4[QML:Reduced 6; QMD 84] Updating learned info for model 6
5:21:5[QML:Reduced 6; QMD 84] Updated learned info for model 6
5:21:5[QML:Reduced 7; QMD 84] Updating learned info for model 7
5:21:5[QML:Reduced 7; QMD 84] Updated learned info for model 7
5:21:5[QML:Reduced 8; QMD 84] Updating learned info for model 8
5:21:5[QML:Reduced 8; QMD 84] Updated learned info for model 8
5:21:5 [QMD 84] remoteBayesFromBranchID 3 model id list: [6, 7, 8]
5:21:5 [QMD 84] Computing BF for pair 6,7
5:21:5 [QMD 84] Bayes factor calculation queued. Model IDs 6 7
5:21:5 [QMD 84] Computing BF for pair 6,8
5:21:5 [QMD 84] Bayes factor calculation queued. Model IDs 6 8
5:21:5 [QMD 84] Computing BF for pair 7,8
5:21:5 [QMD 84] Bayes factor calculation queued. Model IDs 7 8
5:21:11[QML:Bayes 6; QMD 84] Name: xTiPPyTiPPzTiPPzTz
5:21:11[QML:Bayes 6; QMD 84] Name: xTiPPyTiPPzTiPPzTz
5:21:11[QML:Bayes 7; QMD 84] Name: xTiPPyTiPPyTyPPzTi
5:21:11[QML:Bayes 6; QMD 84] Time to reconstruct updater: 0.0017039775848388672
5:21:11[QML:Bayes 6; QMD 84] Prior mean: [ 0.69190936  5.97244591  1.89007115  0.64425641]
5:21:11[QML:Bayes 6; QMD 84] Time to reconstruct updater: 0.0016222000122070312
5:21:11[QML:Bayes 7; QMD 84] Time to reconstruct updater: 0.0016651153564453125
5:21:11[QML:Bayes 7; QMD 84] Prior mean: [ 0.62327786  6.04031301 -0.20781517  1.76454422]
5:21:11[QML:Bayes 6; QMD 84] Prior mean: [ 0.68765275  5.96992476  1.89811024  0.64078044]
5:21:11[QML:Bayes 7; QMD 84] Name: xTiPPyTiPPyTyPPzTi
5:21:11[QML:Bayes 7; QMD 84] Time to reconstruct updater: 0.0012557506561279297
5:21:11[QML:Bayes 7; QMD 84] Prior mean: [ 0.62898059  6.03927195 -0.20789379  1.76634258]
5:21:11 [RQ Bayes 6/7] Start. Branch 3
5:21:11[QML:Bayes 8; QMD 84] Name: xTiPPxTxPPyTiPPzTi
5:21:11[QML:Bayes 8; QMD 84] Time to reconstruct updater: 0.001287221908569336
5:21:11[QML:Bayes 8; QMD 84] Prior mean: [ 1.28698682  0.85638445  5.99745553  1.44038283]
5:21:11 [RQ Bayes 7/8] Start. Branch 3
5:21:11[QML:Bayes 8; QMD 84] Name: xTiPPxTxPPyTiPPzTi
5:21:11[QML:Bayes 8; QMD 84] Time to reconstruct updater: 0.0012967586517333984
5:21:11[QML:Bayes 8; QMD 84] Prior mean: [ 1.28735898  0.85628165  5.99700323  1.43933135]
5:21:11 [RQ Bayes 6/8] Start. Branch 3
6:13:55 [RQ Bayes 7/8] BF computed: A:7; B:8; BF:0.0 	Reset remormalisation record: False
6:13:55 [RQ Bayes 7/8] Finished. rq time:  3164.595444202423
6:14:10 [RQ Bayes 6/8] BF computed: A:6; B:8; BF:11.28 	Reset remormalisation record: False
6:14:10 [RQ Bayes 6/8] Neither model much better.
6:14:10 [RQ Bayes 6/8] Finished. rq time:  3179.0262036323547
6:14:55 [RQ Bayes 6/7] BF computed: A:6; B:7; BF:0.0 	Reset remormalisation record: False
6:14:55 [RQ Bayes 6/7] Finished. rq time:  3224.0986745357513
6:14:55 [QMD 84] compareModelsWithinBranch 3 active_models_in_branch_old: [6.0, 7.0, 8.0] active_models_in_branch_new: [6, 7, 8]
6:14:55 [QMD 84] [compareModelsWithinBranch 3] Point to 7 (comparison 6/7)
6:14:55 [QMD 84] [compareModelsWithinBranch 3] Point to 6 (comparison 6/8)
6:14:55 [QMD 84] [compareModelsWithinBranch 3] Point to 8 (comparison 7/8)
6:14:55 [QMD 84] Multiple models have same number of points within                     branch.
 {6: 1, 7: 1, 8: 1}
6:14:55 [QMD 84] Bayes factor calculation queued. Model IDs 6 7
6:14:55 [QMD 84] Bayes factor calculation queued. Model IDs 6 8
6:14:55 [QMD 84] Bayes factor calculation queued. Model IDs 7 8
6:14:55 [QMD 84] Waiting on result of  Bayes comparisons from given list: [6, 7, 8]
6:15:1[QML:Bayes 6; QMD 84] Name: xTiPPyTiPPzTiPPzTz
6:15:1[QML:Bayes 7; QMD 84] Name: xTiPPyTiPPyTyPPzTi
6:15:1[QML:Bayes 6; QMD 84] Name: xTiPPyTiPPzTiPPzTz
6:15:1[QML:Bayes 7; QMD 84] Time to reconstruct updater: 0.0016231536865234375
6:15:1[QML:Bayes 6; QMD 84] Time to reconstruct updater: 0.0015723705291748047
6:15:1[QML:Bayes 7; QMD 84] Prior mean: [ 0.62803749  6.04164982 -0.20733359  1.76302393]
6:15:1[QML:Bayes 6; QMD 84] Prior mean: [ 0.69470752  5.96844899  1.9015053   0.63973889]
6:15:1[QML:Bayes 6; QMD 84] Time to reconstruct updater: 0.0016865730285644531
6:15:1[QML:Bayes 6; QMD 84] Prior mean: [ 0.69434876  5.96826077  1.90101596  0.63966807]
6:15:1[QML:Bayes 7; QMD 84] Name: xTiPPyTiPPyTyPPzTi
6:15:1[QML:Bayes 8; QMD 84] Name: xTiPPxTxPPyTiPPzTi
6:15:1[QML:Bayes 8; QMD 84] Name: xTiPPxTxPPyTiPPzTi
6:15:1[QML:Bayes 7; QMD 84] Time to reconstruct updater: 0.0012660026550292969
6:15:1[QML:Bayes 8; QMD 84] Time to reconstruct updater: 0.0013337135314941406
6:15:1[QML:Bayes 7; QMD 84] Prior mean: [ 0.61889594  6.03850375 -0.207403    1.77194178]
6:15:1[QML:Bayes 8; QMD 84] Time to reconstruct updater: 0.0012204647064208984
6:15:1[QML:Bayes 8; QMD 84] Prior mean: [ 1.28877794  0.85382747  5.99861061  1.43374085]
6:15:1[QML:Bayes 8; QMD 84] Prior mean: [ 1.28265644  0.86058854  5.99920561  1.436484  ]
6:15:1 [RQ Bayes 6/7] Start. Branch None
6:15:1 [RQ Bayes 6/8] Start. Branch None
6:15:1 [RQ Bayes 7/8] Start. Branch None
7:6:1 [RQ Bayes 7/8] BF computed: A:7; B:8; BF:0.0 	Reset remormalisation record: False
7:6:1 [RQ Bayes 7/8] Finished. rq time:  3060.185434103012
7:6:19 [RQ Bayes 6/8] BF computed: A:6; B:8; BF:0.0 	Reset remormalisation record: False
7:6:19 [RQ Bayes 6/8] Finished. rq time:  3078.7194318771362
7:6:55 [RQ Bayes 6/7] BF computed: A:6; B:7; BF:17200817568.2 	Reset remormalisation record: False
7:6:55 [RQ Bayes 6/7] Finished. rq time:  3114.3572928905487
7:6:55 [QMD 84] [compareModelList] Point to 6 (comparison 6/7)
7:6:55 [QMD 84] [compareModelList] Point to 8 (comparison 6/8)
7:6:55 [QMD 84] [compareModelList] Point to 8 (comparison 7/8)
7:6:55 [QMD 84] After comparing list: {6: 1, 7: 0, 8: 2}
7:6:55 [QMD 84] Model points for branch 3 {6: 1, 7: 1, 8: 1}
7:6:55 [QMD 84] Champion of branch  3  is  xTiPPxTxPPyTiPPzTi (8)
7:6:55 [QMD 84] Spawning. Growth rule: NV_alternative_model. Depth: 4
7:6:55 [QMD 84] After model generation for growth rule NV_alternative_model SPAWN STAGE: [None] 
new models: ['xTiPPyTiPPyTyPPzTiPPzTz', 'xTiPPxTxPPyTiPPzTiPPzTz']
7:6:55 [QMD 84] Branch 4 growth rule NV_alternative_model has 2 new models ['xTiPPxTxPPyTiPPzTiPPzTz', 'xTiPPyTiPPyTyPPzTiPPzTz']
7:6:55 [DB] Model  xTiPPxTxPPyTiPPzTiPPzTz  not previously considered -- adding. ID: 9
7:6:55 [QMD 84] Model  xTiPPxTxPPyTiPPzTiPPzTz 
	computed already:  False 
	ID: 9
7:6:55 [DB] Model  xTiPPyTiPPyTyPPzTiPPzTz  not previously considered -- adding. ID: 10
7:6:55 [QMD 84] Model  xTiPPyTiPPyTyPPzTiPPzTz 
	computed already:  False 
	ID: 10
7:6:55 [QMD 84] Num models already computed on branch  4 = 0
7:6:55 [QMD 84] Models to add to new branch ( 4 ):  ['xTiPPyTiPPyTyPPzTiPPzTz', 'xTiPPxTxPPyTiPPzTiPPzTz']
7:6:55 [QMD 84] learnModelFromBranchID branch 4 : ['xTiPPxTxPPyTiPPzTiPPzTz', 'xTiPPyTiPPyTyPPzTiPPzTz']
7:6:55 [QMD 84] learnModelFromBranchID. Setting active branches on redis for branch 4 to 0
7:6:55 [QMD 84] branch 4 precomputed: []
7:6:55 [QMD 84] Branch  4 has unlearned models: ['xTiPPxTxPPyTiPPzTiPPzTz', 'xTiPPyTiPPyTyPPzTiPPzTz']
7:6:55 [QMD 84] Model  xTiPPxTxPPyTiPPzTiPPzTz being passed to learnModel function
7:6:55 [QMD 84] Model xTiPPxTxPPyTiPPzTiPPzTz added to queue.
7:6:55 [QMD 84] Model  xTiPPyTiPPyTyPPzTiPPzTz being passed to learnModel function
7:6:55 [QMD 84] Model xTiPPyTiPPyTyPPzTiPPzTz added to queue.
7:6:55 [QMD 84] learnModelFromBranchID finished, branch 4
7:7:1 [QML 10] QML for  xTiPPyTiPPyTyPPzTiPPzTz
7:7:1 [QML 9] QML for  xTiPPxTxPPyTiPPzTiPPzTz
7:7:1 [QML 9] Getting prior for model: xTiPPxTxPPyTiPPzTiPPzTz Specific terms: {}
7:7:1 [QML 10] Getting prior for model: xTiPPyTiPPyTyPPzTiPPzTz Specific terms: {}
7:7:2 [QML 9] Initialization Ready
7:7:2 [RQ Learn 9.0] Time to unpickle and initialise QML class: 0.9929277896881104
7:7:2 [RQ Learn 9.0] Updating model.
7:7:2 [QML 9] Experiment 0
7:7:2 [QML 9] Initial time selected >  0.0827812096167
7:7:2 [QML 10] Initialization Ready
7:7:2 [RQ Learn 10.0] Time to unpickle and initialise QML class: 1.0009996891021729
7:7:2 [RQ Learn 10.0] Updating model.
7:7:2 [QML 10] Experiment 0
7:7:2 [QML 10] Initial time selected >  0.0805187583191
7:9:25 [QML 9] Experiment 75
7:9:26 [QML 10] Experiment 75
7:11:51 [QML 9] Experiment 150
7:11:53 [QML 10] Experiment 150
7:14:17 [QML 9] Experiment 225
7:14:23 [QML 10] Experiment 225
7:16:50 [QML 9] Experiment 300
7:16:59 [QML 10] Experiment 300
7:19:23 [QML 9] Experiment 375
7:19:37 [QML 10] Experiment 375
7:22:1 [QML 9] Experiment 450
7:22:17 [QML 10] Experiment 450
7:24:39 [QML 9] Experiment 525
7:24:56 [QML 10] Experiment 525
7:27:21 [QML 9] Experiment 600
7:27:41 [QML 10] Experiment 600
7:29:58 [QML 9] Experiment 675
7:30:19 [QML 10] Experiment 675
7:32:41 [QML 9] Results for QHL on  xTiPPxTxPPyTiPPzTiPPzTz
7:32:41 [QML 9] Final time selected > 2.45
7:32:41 [QML 9] Cumulative time.	 Datum: 0.779045820236206 	 Update: 1535.4852900505066
7:32:41 [QML 9] Final Parameters mean and stdev (term  xTi ): [ 3.25857674  0.18951682]
7:32:41 [QML 9] Final Parameters mean and stdev (term  xTx ): [ 0.07957565  0.07246313]
7:32:41 [QML 9] Final Parameters mean and stdev (term  yTi ): [ 5.04346285  0.12272397]
7:32:41 [QML 9] Final Parameters mean and stdev (term  zTi ): [ 0.73625622  0.06816819]
7:32:41 [QML 9] Final Parameters mean and stdev (term  zTz ): [ 2.33744172  0.09267419]
7:32:41 [RQ Learn 9.0] Time for update alone: 1538.7854013442993
7:32:41 [RQ Learn 9.0] Redis learned_models_info added to db for model: 9.0
7:32:41 [RQ Learn 9.0] Redis SET learned_models_ids: 9.0 ; set True
7:32:41 [RQ Learn 9.0] Learned. rq time: 1540.0502116680145
7:33:2 [QML 10] Results for QHL on  xTiPPyTiPPyTyPPzTiPPzTz
7:33:2 [QML 10] Final time selected > 2.45
7:33:2 [QML 10] Cumulative time.	 Datum: 0.7885284423828125 	 Update: 1556.7073376178741
7:33:2 [QML 10] Final Parameters mean and stdev (term  xTi ): [ 1.31582122  0.14369854]
7:33:2 [QML 10] Final Parameters mean and stdev (term  yTi ): [ 6.04379124  0.06208836]
7:33:2 [QML 10] Final Parameters mean and stdev (term  yTy ): [ 0.48535143  0.09766208]
7:33:2 [QML 10] Final Parameters mean and stdev (term  zTi ): [ 2.31174611  0.14779882]
7:33:2 [QML 10] Final Parameters mean and stdev (term  zTz ): [ 2.29324308  0.07115599]
7:33:2 [RQ Learn 10.0] Time for update alone: 1560.0206665992737
7:33:3 [RQ Learn 10.0] Redis learned_models_info added to db for model: 10.0
7:33:3 [RQ Learn 10.0] Redis SET learned_models_ids: 10.0 ; set True
7:33:3 [QMD 84] All models on branch 4 have finished learning.
7:33:3 [RQ Learn 10.0] Learned. rq time: 1561.294067144394
7:33:3[QML:Reduced 9; QMD 84] Updating learned info for model 9
7:33:3[QML:Reduced 9; QMD 84] Updated learned info for model 9
7:33:3[QML:Reduced 10; QMD 84] Updating learned info for model 10
7:33:3[QML:Reduced 10; QMD 84] Updated learned info for model 10
7:33:3 [QMD 84] remoteBayesFromBranchID 4 model id list: [9, 10]
7:33:3 [QMD 84] Computing BF for pair 9,10
7:33:3 [QMD 84] Bayes factor calculation queued. Model IDs 9 10
7:33:9[QML:Bayes 9; QMD 84] Name: xTiPPxTxPPyTiPPzTiPPzTz
7:33:9[QML:Bayes 9; QMD 84] Time to reconstruct updater: 0.0019524097442626953
7:33:9[QML:Bayes 9; QMD 84] Prior mean: [ 3.26228815  0.07974023  5.04106395  0.73497218  2.33697358]
7:33:9[QML:Bayes 10; QMD 84] Name: xTiPPyTiPPyTyPPzTiPPzTz
7:33:9[QML:Bayes 10; QMD 84] Time to reconstruct updater: 0.0014390945434570312
7:33:9[QML:Bayes 10; QMD 84] Prior mean: [ 1.3185669   6.0435406   0.48790437  2.30706967  2.29383361]
7:33:9 [RQ Bayes 9/10] Start. Branch 4
8:24:41 [RQ Bayes 9/10] BF computed: A:9; B:10; BF:0.0 	Reset remormalisation record: False
8:24:41 [RQ Bayes 9/10] Finished. rq time:  3092.2342252731323
8:24:41 [QMD 84] compareModelsWithinBranch 4 active_models_in_branch_old: [9.0, 10.0] active_models_in_branch_new: [9, 10]
8:24:41 [QMD 84] [compareModelsWithinBranch 4] Point to 10 (comparison 9/10)
8:24:41 [QMD 84] Model points for branch 4 {9: 0, 10: 1}
8:24:41 [QMD 84] Champion of branch  4  is  xTiPPyTiPPyTyPPzTiPPzTz (10)
8:24:41 [QMD 84] Spawning. Growth rule: NV_alternative_model. Depth: 5
8:24:41 [QMD 84] After model generation for growth rule NV_alternative_model SPAWN STAGE: [None] 
new models: ['xTiPPxTxPPyTiPPyTyPPzTiPPzTz']
8:24:41 [QMD 84] Branch 5 growth rule NV_alternative_model has 1 new models ['xTiPPxTxPPyTiPPyTyPPzTiPPzTz']
8:24:41 [DB] Model  xTiPPxTxPPyTiPPyTyPPzTiPPzTz  not previously considered -- adding. ID: 11
8:24:41 [QMD 84] Model  xTiPPxTxPPyTiPPyTyPPzTiPPzTz 
	computed already:  False 
	ID: 11
8:24:41 [QMD 84] Num models already computed on branch  5 = 0
8:24:41 [QMD 84] Models to add to new branch ( 5 ):  ['xTiPPxTxPPyTiPPyTyPPzTiPPzTz']
8:24:41 [QMD 84] learnModelFromBranchID branch 5 : ['xTiPPxTxPPyTiPPyTyPPzTiPPzTz']
8:24:41 [QMD 84] learnModelFromBranchID. Setting active branches on redis for branch 5 to 0
8:24:41 [QMD 84] branch 5 precomputed: []
8:24:41 [QMD 84] Branch  5 has unlearned models: ['xTiPPxTxPPyTiPPyTyPPzTiPPzTz']
8:24:41 [QMD 84] Model  xTiPPxTxPPyTiPPyTyPPzTiPPzTz being passed to learnModel function
8:24:41 [QMD 84] Model xTiPPxTxPPyTiPPyTyPPzTiPPzTz added to queue.
8:24:41 [QMD 84] learnModelFromBranchID finished, branch 5
8:24:47 [QML 11] QML for  xTiPPxTxPPyTiPPyTyPPzTiPPzTz
8:24:47 [QML 11] Getting prior for model: xTiPPxTxPPyTiPPyTyPPzTiPPzTz Specific terms: {}
8:24:48 [QML 11] Initialization Ready
8:24:48 [RQ Learn 11.0] Time to unpickle and initialise QML class: 1.0637249946594238
8:24:48 [RQ Learn 11.0] Updating model.
8:24:48 [QML 11] Experiment 0
8:24:48 [QML 11] Initial time selected >  0.059125189877
8:27:13 [QML 11] Experiment 75
8:29:38 [QML 11] Experiment 150
8:32:9 [QML 11] Experiment 225
8:34:44 [QML 11] Experiment 300
8:37:21 [QML 11] Experiment 375
8:40:4 [QML 11] Experiment 450
8:42:43 [QML 11] Experiment 525
8:45:23 [QML 11] Experiment 600
8:47:57 [QML 11] Experiment 675
8:50:38 [QML 11] Results for QHL on  xTiPPxTxPPyTiPPyTyPPzTiPPzTz
8:50:38 [QML 11] Final time selected > 2.45
8:50:38 [QML 11] Cumulative time.	 Datum: 0.8202242851257324 	 Update: 1546.2456839084625
8:50:38 [QML 11] Final Parameters mean and stdev (term  xTi ): [ 3.65208297  0.1571471 ]
8:50:38 [QML 11] Final Parameters mean and stdev (term  xTx ): [ 3.43099377  0.10803566]
8:50:38 [QML 11] Final Parameters mean and stdev (term  yTi ): [ 6.44343209  0.11935318]
8:50:38 [QML 11] Final Parameters mean and stdev (term  yTy ): [ 0.95110959  0.18861334]
8:50:38 [QML 11] Final Parameters mean and stdev (term  zTi ): [ 0.82357961  0.16752017]
8:50:38 [QML 11] Final Parameters mean and stdev (term  zTz ): [ 1.15078307  0.0651741 ]
8:50:38 [RQ Learn 11.0] Time for update alone: 1550.0168375968933
8:50:38 [RQ Learn 11.0] Redis learned_models_info added to db for model: 11.0
8:50:38 [RQ Learn 11.0] Redis SET learned_models_ids: 11.0 ; set True
8:50:38 [QMD 84] All models on branch 5 have finished learning.
8:50:38 [RQ Learn 11.0] Learned. rq time: 1551.3946371078491
8:50:38[QML:Reduced 11; QMD 84] Updating learned info for model 11
8:50:38[QML:Reduced 11; QMD 84] Updated learned info for model 11
8:50:38 [QMD 84] remoteBayesFromBranchID 5 model id list: [11]
8:50:38 [QMD 84] compareModelsWithinBranch 5 active_models_in_branch_old: [11.0] active_models_in_branch_new: [11]
8:50:38 [QMD 84] Model points for branch 5 {11: 0}
8:50:38 [QMD 84] Champion of branch  5  is  xTiPPxTxPPyTiPPyTyPPzTiPPzTz (11)
8:50:38 [QMD 84] Spawning. Growth rule: NV_alternative_model. Depth: 6
8:50:38 [QMD 84] After model generation for growth rule NV_alternative_model SPAWN STAGE: [None] 
new models: ['xTiPPxTxPPyTiPPyTyPPyTzPPzTiPPzTz', 'xTiPPxTxPPxTyPPyTiPPyTyPPzTiPPzTz', 'xTiPPxTxPPxTzPPyTiPPyTyPPzTiPPzTz']
8:50:38 [QMD 84] Branch 6 growth rule NV_alternative_model has 3 new models ['xTiPPxTxPPxTyPPyTiPPyTyPPzTiPPzTz', 'xTiPPxTxPPyTiPPyTyPPyTzPPzTiPPzTz', 'xTiPPxTxPPxTzPPyTiPPyTyPPzTiPPzTz']
8:50:38 [DB] Model  xTiPPxTxPPxTyPPyTiPPyTyPPzTiPPzTz  not previously considered -- adding. ID: 12
8:50:38 [QMD 84] Model  xTiPPxTxPPxTyPPyTiPPyTyPPzTiPPzTz 
	computed already:  False 
	ID: 12
8:50:38 [DB] Model  xTiPPxTxPPyTiPPyTyPPyTzPPzTiPPzTz  not previously considered -- adding. ID: 13
8:50:38 [QMD 84] Model  xTiPPxTxPPyTiPPyTyPPyTzPPzTiPPzTz 
	computed already:  False 
	ID: 13
8:50:38 [DB] Model  xTiPPxTxPPxTzPPyTiPPyTyPPzTiPPzTz  not previously considered -- adding. ID: 14
8:50:39 [QMD 84] Model  xTiPPxTxPPxTzPPyTiPPyTyPPzTiPPzTz 
	computed already:  False 
	ID: 14
8:50:39 [QMD 84] Num models already computed on branch  6 = 0
8:50:39 [QMD 84] Models to add to new branch ( 6 ):  ['xTiPPxTxPPyTiPPyTyPPyTzPPzTiPPzTz', 'xTiPPxTxPPxTyPPyTiPPyTyPPzTiPPzTz', 'xTiPPxTxPPxTzPPyTiPPyTyPPzTiPPzTz']
8:50:39 [QMD 84] learnModelFromBranchID branch 6 : ['xTiPPxTxPPxTyPPyTiPPyTyPPzTiPPzTz', 'xTiPPxTxPPyTiPPyTyPPyTzPPzTiPPzTz', 'xTiPPxTxPPxTzPPyTiPPyTyPPzTiPPzTz']
8:50:39 [QMD 84] learnModelFromBranchID. Setting active branches on redis for branch 6 to 0
8:50:39 [QMD 84] branch 6 precomputed: []
8:50:39 [QMD 84] Branch  6 has unlearned models: ['xTiPPxTxPPxTyPPyTiPPyTyPPzTiPPzTz', 'xTiPPxTxPPyTiPPyTyPPyTzPPzTiPPzTz', 'xTiPPxTxPPxTzPPyTiPPyTyPPzTiPPzTz']
8:50:39 [QMD 84] Model  xTiPPxTxPPxTyPPyTiPPyTyPPzTiPPzTz being passed to learnModel function
8:50:39 [QMD 84] Model xTiPPxTxPPxTyPPyTiPPyTyPPzTiPPzTz added to queue.
8:50:39 [QMD 84] Model  xTiPPxTxPPyTiPPyTyPPyTzPPzTiPPzTz being passed to learnModel function
8:50:39 [QMD 84] Model xTiPPxTxPPyTiPPyTyPPyTzPPzTiPPzTz added to queue.
8:50:39 [QMD 84] Model  xTiPPxTxPPxTzPPyTiPPyTyPPzTiPPzTz being passed to learnModel function
8:50:39 [QMD 84] Model xTiPPxTxPPxTzPPyTiPPyTyPPzTiPPzTz added to queue.
8:50:39 [QMD 84] learnModelFromBranchID finished, branch 6
8:50:45 [QML 12] QML for  xTiPPxTxPPxTyPPyTiPPyTyPPzTiPPzTz
8:50:45 [QML 14] QML for  xTiPPxTxPPxTzPPyTiPPyTyPPzTiPPzTz
8:50:45 [QML 12] Getting prior for model: xTiPPxTxPPxTyPPyTiPPyTyPPzTiPPzTz Specific terms: {}
8:50:45 [QML 14] Getting prior for model: xTiPPxTxPPxTzPPyTiPPyTyPPzTiPPzTz Specific terms: {}
8:50:45 [QML 13] QML for  xTiPPxTxPPyTiPPyTyPPyTzPPzTiPPzTz
8:50:45 [QML 13] Getting prior for model: xTiPPxTxPPyTiPPyTyPPyTzPPzTiPPzTz Specific terms: {}
8:50:46 [QML 12] Initialization Ready
8:50:46 [RQ Learn 12.0] Time to unpickle and initialise QML class: 1.414060354232788
8:50:46 [RQ Learn 12.0] Updating model.
8:50:46 [QML 12] Experiment 0
8:50:46 [QML 12] Initial time selected >  0.0402927385073
8:50:46 [QML 14] Initialization Ready
8:50:46 [RQ Learn 14.0] Time to unpickle and initialise QML class: 1.4204490184783936
8:50:46 [RQ Learn 14.0] Updating model.
8:50:46 [QML 14] Experiment 0
8:50:46 [QML 14] Initial time selected >  0.0584549683551
8:50:47 [QML 13] Initialization Ready
8:50:47 [RQ Learn 13.0] Time to unpickle and initialise QML class: 1.4434738159179688
8:50:47 [RQ Learn 13.0] Updating model.
8:50:47 [QML 13] Experiment 0
8:50:47 [QML 13] Initial time selected >  0.0365240833535
8:53:7 [QML 12] Experiment 75
8:53:8 [QML 14] Experiment 75
8:53:13 [QML 13] Experiment 75
8:55:29 [QML 12] Experiment 150
8:55:35 [QML 14] Experiment 150
8:55:43 [QML 13] Experiment 150
8:57:54 [QML 12] Experiment 225
8:58:4 [QML 14] Experiment 225
8:58:18 [QML 13] Experiment 225
9:0:24 [QML 12] Experiment 300
9:0:37 [QML 14] Experiment 300
9:0:54 [QML 13] Experiment 300
9:3:4 [QML 12] Experiment 375
9:3:19 [QML 14] Experiment 375
9:3:34 [QML 13] Experiment 375
9:5:42 [QML 12] Experiment 450
9:5:59 [QML 14] Experiment 450
9:6:18 [QML 13] Experiment 450
9:8:22 [QML 12] Experiment 525
9:8:40 [QML 14] Experiment 525
9:9:1 [QML 13] Experiment 525
9:11:5 [QML 12] Experiment 600
9:11:25 [QML 14] Experiment 600
9:11:44 [QML 13] Experiment 600
9:13:39 [QML 12] Experiment 675
9:14:0 [QML 14] Experiment 675
9:14:25 [QML 13] Experiment 675
9:16:16 [QML 12] Results for QHL on  xTiPPxTxPPxTyPPyTiPPyTyPPzTiPPzTz
9:16:16 [QML 12] Final time selected > 2.45
9:16:16 [QML 12] Cumulative time.	 Datum: 0.770538330078125 	 Update: 1525.9082741737366
9:16:16 [QML 12] Final Parameters mean and stdev (term  xTi ): [ 2.88929992  0.28778226]
9:16:16 [QML 12] Final Parameters mean and stdev (term  xTx ): [ 1.83966136  0.5950202 ]
9:16:16 [QML 12] Final Parameters mean and stdev (term  xTy ): [ 0.48162493  0.35160106]
9:16:16 [QML 12] Final Parameters mean and stdev (term  yTi ): [ 6.95391157  0.45552049]
9:16:16 [QML 12] Final Parameters mean and stdev (term  yTy ): [ 1.73912226  0.60770053]
9:16:16 [QML 12] Final Parameters mean and stdev (term  zTi ): [ 2.0490223   0.28852173]
9:16:16 [QML 12] Final Parameters mean and stdev (term  zTz ): [ 2.09093512  0.34473131]
9:16:16 [RQ Learn 12.0] Time for update alone: 1530.0500628948212
9:16:17 [RQ Learn 12.0] Redis learned_models_info added to db for model: 12.0
9:16:17 [RQ Learn 12.0] Redis SET learned_models_ids: 12.0 ; set True
9:16:17 [RQ Learn 12.0] Learned. rq time: 1531.7058188915253
9:16:39 [QML 14] Results for QHL on  xTiPPxTxPPxTzPPyTiPPyTyPPzTiPPzTz
9:16:39 [QML 14] Final time selected > 2.45
9:16:39 [QML 14] Cumulative time.	 Datum: 0.7799463272094727 	 Update: 1548.7410771846771
9:16:39 [QML 14] Final Parameters mean and stdev (term  xTi ): [ 3.3465526  0.2841864]
9:16:39 [QML 14] Final Parameters mean and stdev (term  xTx ): [ 0.91549983  0.37757021]
9:16:39 [QML 14] Final Parameters mean and stdev (term  xTz ): [ 4.33547577  0.40804227]
9:16:39 [QML 14] Final Parameters mean and stdev (term  yTi ): [ 6.31650874  0.09589795]
9:16:39 [QML 14] Final Parameters mean and stdev (term  yTy ): [ 0.99356368  0.46169737]
9:16:39 [QML 14] Final Parameters mean and stdev (term  zTi ): [ 2.21650924  0.36551607]
9:16:39 [QML 14] Final Parameters mean and stdev (term  zTz ): [ 1.31241137  0.21453006]
9:16:39 [RQ Learn 14.0] Time for update alone: 1552.9024691581726
9:16:39 [RQ Learn 14.0] Redis learned_models_info added to db for model: 14.0
9:16:39 [RQ Learn 14.0] Redis SET learned_models_ids: 14.0 ; set True
9:16:39 [RQ Learn 14.0] Learned. rq time: 1554.5658025741577
9:17:8 [QML 13] Results for QHL on  xTiPPxTxPPyTiPPyTyPPyTzPPzTiPPzTz
9:17:8 [QML 13] Final time selected > 2.45
9:17:8 [QML 13] Cumulative time.	 Datum: 0.7918670177459717 	 Update: 1576.8147921562195
9:17:8 [QML 13] Final Parameters mean and stdev (term  xTi ): [ 0.78307821  0.30429828]
9:17:8 [QML 13] Final Parameters mean and stdev (term  xTx ): [ 1.79028203  0.32540366]
9:17:8 [QML 13] Final Parameters mean and stdev (term  yTi ): [ 9.63411696  0.17574367]
9:17:8 [QML 13] Final Parameters mean and stdev (term  yTy ): [ 1.66644016  0.9311776 ]
9:17:8 [QML 13] Final Parameters mean and stdev (term  yTz ): [ 3.08999875  0.3537252 ]
9:17:8 [QML 13] Final Parameters mean and stdev (term  zTi ): [ 4.50446225  0.26894544]
9:17:8 [QML 13] Final Parameters mean and stdev (term  zTz ): [ 2.96008124  0.34944262]
9:17:8 [RQ Learn 13.0] Time for update alone: 1581.0271396636963
9:17:8 [RQ Learn 13.0] Redis learned_models_info added to db for model: 13.0
9:17:8 [RQ Learn 13.0] Redis SET learned_models_ids: 13.0 ; set True
9:17:8 [QMD 84] All models on branch 6 have finished learning.
9:17:8 [RQ Learn 13.0] Learned. rq time: 1582.7056968212128
9:17:8[QML:Reduced 12; QMD 84] Updating learned info for model 12
9:17:8[QML:Reduced 12; QMD 84] Updated learned info for model 12
9:17:8[QML:Reduced 13; QMD 84] Updating learned info for model 13
9:17:8[QML:Reduced 13; QMD 84] Updated learned info for model 13
9:17:8[QML:Reduced 14; QMD 84] Updating learned info for model 14
9:17:8[QML:Reduced 14; QMD 84] Updated learned info for model 14
9:17:8 [QMD 84] remoteBayesFromBranchID 6 model id list: [12, 13, 14]
9:17:8 [QMD 84] Computing BF for pair 12,13
9:17:8 [QMD 84] Bayes factor calculation queued. Model IDs 12 13
9:17:8 [QMD 84] Computing BF for pair 12,14
9:17:8 [QMD 84] Bayes factor calculation queued. Model IDs 12 14
9:17:8 [QMD 84] Computing BF for pair 13,14
9:17:8 [QMD 84] Bayes factor calculation queued. Model IDs 13 14
9:17:14[QML:Bayes 13; QMD 84] Name: xTiPPxTxPPyTiPPyTyPPyTzPPzTiPPzTz
9:17:14[QML:Bayes 12; QMD 84] Name: xTiPPxTxPPxTyPPyTiPPyTyPPzTiPPzTz
9:17:14[QML:Bayes 12; QMD 84] Name: xTiPPxTxPPxTyPPyTiPPyTyPPzTiPPzTz
9:17:14[QML:Bayes 13; QMD 84] Time to reconstruct updater: 0.002095460891723633
9:17:14[QML:Bayes 13; QMD 84] Prior mean: [ 0.77945488  1.80124727  9.63435627  1.66788039  3.08993378  4.49513962
  2.95665905]
9:17:14[QML:Bayes 12; QMD 84] Time to reconstruct updater: 0.0020935535430908203
9:17:14[QML:Bayes 12; QMD 84] Prior mean: [ 2.89292136  1.84491528  0.48130631  6.96896344  1.75881939  2.044842
  2.07754885]
9:17:14[QML:Bayes 12; QMD 84] Time to reconstruct updater: 0.007668733596801758
9:17:14[QML:Bayes 12; QMD 84] Prior mean: [ 2.8897597   1.81863767  0.49272742  6.93903892  1.71607477  2.05624864
  2.09504198]
9:17:15[QML:Bayes 14; QMD 84] Name: xTiPPxTxPPxTzPPyTiPPyTyPPzTiPPzTz
9:17:15[QML:Bayes 14; QMD 84] Name: xTiPPxTxPPxTzPPyTiPPyTyPPzTiPPzTz
9:17:15[QML:Bayes 13; QMD 84] Name: xTiPPxTxPPyTiPPyTyPPyTzPPzTiPPzTz
9:17:15[QML:Bayes 14; QMD 84] Time to reconstruct updater: 0.00177764892578125
9:17:15[QML:Bayes 14; QMD 84] Time to reconstruct updater: 0.001829385757446289
9:17:15[QML:Bayes 14; QMD 84] Prior mean: [ 3.34634175  0.92380475  4.32816742  6.31407033  0.99106855  2.21366314
  1.31241671]
9:17:15[QML:Bayes 14; QMD 84] Prior mean: [ 3.34669123  0.9227344   4.33503249  6.31540892  0.98787129  2.2136225
  1.311447  ]
9:17:15 [RQ Bayes 13/14] Start. Branch 6
9:17:15 [RQ Bayes 12/14] Start. Branch 6
9:17:15[QML:Bayes 13; QMD 84] Time to reconstruct updater: 0.001875162124633789
9:17:15[QML:Bayes 13; QMD 84] Prior mean: [ 0.79042534  1.78355139  9.63633245  1.65678651  3.09138094  4.51020326
  2.97201627]
9:17:15 [RQ Bayes 12/13] Start. Branch 6
10:8:6 [RQ Bayes 12/14] BF computed: A:12; B:14; BF:0.0 	Reset remormalisation record: False
10:8:6 [RQ Bayes 12/14] Finished. rq time:  3051.9689688682556
10:8:28 [RQ Bayes 12/13] BF computed: A:12; B:13; BF:8300.32 	Reset remormalisation record: False
10:8:28 [RQ Bayes 12/13] Finished. rq time:  3073.350558280945
10:9:18 [RQ Bayes 13/14] BF computed: A:13; B:14; BF:0.0 	Reset remormalisation record: False
10:9:18 [RQ Bayes 13/14] Finished. rq time:  3123.8731877803802
10:9:18 [QMD 84] compareModelsWithinBranch 6 active_models_in_branch_old: [12.0, 13.0, 14.0] active_models_in_branch_new: [12, 13, 14]
10:9:18 [QMD 84] [compareModelsWithinBranch 6] Point to 12 (comparison 12/13)
10:9:18 [QMD 84] [compareModelsWithinBranch 6] Point to 14 (comparison 12/14)
10:9:18 [QMD 84] [compareModelsWithinBranch 6] Point to 14 (comparison 13/14)
10:9:18 [QMD 84] Model points for branch 6 {12: 1, 13: 0, 14: 2}
10:9:18 [QMD 84] Champion of branch  6  is  xTiPPxTxPPxTzPPyTiPPyTyPPzTiPPzTz (14)
10:9:18 [QMD 84] Spawning. Growth rule: NV_alternative_model. Depth: 7
10:9:18 [QMD 84] After model generation for growth rule NV_alternative_model SPAWN STAGE: [None] 
new models: ['xTiPPxTxPPxTzPPyTiPPyTyPPyTzPPzTiPPzTz', 'xTiPPxTxPPxTyPPxTzPPyTiPPyTyPPzTiPPzTz']
10:9:18 [QMD 84] Branch 7 growth rule NV_alternative_model has 2 new models ['xTiPPxTxPPxTzPPyTiPPyTyPPyTzPPzTiPPzTz', 'xTiPPxTxPPxTyPPxTzPPyTiPPyTyPPzTiPPzTz']
10:9:18 [DB] Model  xTiPPxTxPPxTzPPyTiPPyTyPPyTzPPzTiPPzTz  not previously considered -- adding. ID: 15
10:9:18 [QMD 84] Model  xTiPPxTxPPxTzPPyTiPPyTyPPyTzPPzTiPPzTz 
	computed already:  False 
	ID: 15
10:9:18 [DB] Model  xTiPPxTxPPxTyPPxTzPPyTiPPyTyPPzTiPPzTz  not previously considered -- adding. ID: 16
10:9:18 [QMD 84] Model  xTiPPxTxPPxTyPPxTzPPyTiPPyTyPPzTiPPzTz 
	computed already:  False 
	ID: 16
10:9:18 [QMD 84] Num models already computed on branch  7 = 0
10:9:18 [QMD 84] Models to add to new branch ( 7 ):  ['xTiPPxTxPPxTzPPyTiPPyTyPPyTzPPzTiPPzTz', 'xTiPPxTxPPxTyPPxTzPPyTiPPyTyPPzTiPPzTz']
10:9:18 [QMD 84] learnModelFromBranchID branch 7 : ['xTiPPxTxPPxTzPPyTiPPyTyPPyTzPPzTiPPzTz', 'xTiPPxTxPPxTyPPxTzPPyTiPPyTyPPzTiPPzTz']
10:9:18 [QMD 84] learnModelFromBranchID. Setting active branches on redis for branch 7 to 0
10:9:18 [QMD 84] branch 7 precomputed: []
10:9:18 [QMD 84] Branch  7 has unlearned models: ['xTiPPxTxPPxTzPPyTiPPyTyPPyTzPPzTiPPzTz', 'xTiPPxTxPPxTyPPxTzPPyTiPPyTyPPzTiPPzTz']
10:9:18 [QMD 84] Model  xTiPPxTxPPxTzPPyTiPPyTyPPyTzPPzTiPPzTz being passed to learnModel function
10:9:18 [QMD 84] Model xTiPPxTxPPxTzPPyTiPPyTyPPyTzPPzTiPPzTz added to queue.
10:9:18 [QMD 84] Model  xTiPPxTxPPxTyPPxTzPPyTiPPyTyPPzTiPPzTz being passed to learnModel function
10:9:18 [QMD 84] Model xTiPPxTxPPxTyPPxTzPPyTiPPyTyPPzTiPPzTz added to queue.
10:9:18 [QMD 84] learnModelFromBranchID finished, branch 7
10:9:24 [QML 15] QML for  xTiPPxTxPPxTzPPyTiPPyTyPPyTzPPzTiPPzTz
10:9:24 [QML 16] QML for  xTiPPxTxPPxTyPPxTzPPyTiPPyTyPPzTiPPzTz
10:9:24 [QML 15] Getting prior for model: xTiPPxTxPPxTzPPyTiPPyTyPPyTzPPzTiPPzTz Specific terms: {}
10:9:24 [QML 16] Getting prior for model: xTiPPxTxPPxTyPPxTzPPyTiPPyTyPPzTiPPzTz Specific terms: {}
10:9:25 [QML 15] Initialization Ready
10:9:25 [RQ Learn 15.0] Time to unpickle and initialise QML class: 1.3433473110198975
10:9:25 [RQ Learn 15.0] Updating model.
10:9:25 [QML 15] Experiment 0
10:9:25 [QML 15] Initial time selected >  0.0376794845777
10:9:25 [QML 16] Initialization Ready
10:9:25 [RQ Learn 16.0] Time to unpickle and initialise QML class: 1.3479580879211426
10:9:25 [RQ Learn 16.0] Updating model.
10:9:25 [QML 16] Experiment 0
10:9:25 [QML 16] Initial time selected >  0.0885896061522
10:11:44 [QML 15] Experiment 75
10:11:46 [QML 16] Experiment 75
10:14:3 [QML 15] Experiment 150
10:14:6 [QML 16] Experiment 150
10:16:27 [QML 15] Experiment 225
10:16:30 [QML 16] Experiment 225
10:18:51 [QML 15] Experiment 300
10:18:52 [QML 16] Experiment 300
10:21:15 [QML 16] Experiment 375
10:21:23 [QML 15] Experiment 375
10:23:55 [QML 16] Experiment 450
10:24:0 [QML 15] Experiment 450
10:26:36 [QML 16] Experiment 525
10:26:40 [QML 15] Experiment 525
10:29:19 [QML 16] Experiment 600
10:29:23 [QML 15] Experiment 600
10:31:59 [QML 16] Experiment 675
10:32:1 [QML 15] Experiment 675
10:34:41 [QML 16] Results for QHL on  xTiPPxTxPPxTyPPxTzPPyTiPPyTyPPzTiPPzTz
10:34:41 [QML 16] Final time selected > 2.45
10:34:41 [QML 16] Cumulative time.	 Datum: 0.7681167125701904 	 Update: 1511.3151001930237
10:34:41 [QML 16] Final Parameters mean and stdev (term  xTi ): [ 4.33994194  0.7531989 ]
10:34:41 [QML 16] Final Parameters mean and stdev (term  xTx ): [ 3.18784702  0.61653727]
10:34:41 [QML 16] Final Parameters mean and stdev (term  xTy ): [ 1.69680763  0.53222153]
10:34:41 [QML 16] Final Parameters mean and stdev (term  xTz ): [ 3.00157786  0.83485308]
10:34:41 [QML 16] Final Parameters mean and stdev (term  yTi ): [ 5.9920591   0.22035146]
10:34:41 [QML 16] Final Parameters mean and stdev (term  yTy ): [-0.94913268  0.78937106]
10:34:41 [QML 16] Final Parameters mean and stdev (term  zTi ): [ 1.27587455  0.5029694 ]
10:34:41 [QML 16] Final Parameters mean and stdev (term  zTz ): [ 1.56012184  0.57118515]
10:34:41 [RQ Learn 16.0] Time for update alone: 1516.03750705719
10:34:42 [RQ Learn 16.0] Redis learned_models_info added to db for model: 16.0
10:34:42 [RQ Learn 16.0] Redis SET learned_models_ids: 16.0 ; set True
10:34:42 [RQ Learn 16.0] Learned. rq time: 1517.645574092865
10:34:42 [QML 15] Results for QHL on  xTiPPxTxPPxTzPPyTiPPyTyPPyTzPPzTiPPzTz
10:34:42 [QML 15] Final time selected > 2.45
10:34:42 [QML 15] Cumulative time.	 Datum: 0.7653465270996094 	 Update: 1512.4532856941223
10:34:42 [QML 15] Final Parameters mean and stdev (term  xTi ): [ 3.80235202  0.37014597]
10:34:42 [QML 15] Final Parameters mean and stdev (term  xTx ): [ 2.28116544  0.29405558]
10:34:42 [QML 15] Final Parameters mean and stdev (term  xTz ): [ 3.67006918  0.70367858]
10:34:42 [QML 15] Final Parameters mean and stdev (term  yTi ): [ 8.95401315  0.85983052]
10:34:42 [QML 15] Final Parameters mean and stdev (term  yTy ): [ 3.14824032  0.6230749 ]
10:34:42 [QML 15] Final Parameters mean and stdev (term  yTz ): [ 1.96530395  0.42017113]
10:34:42 [QML 15] Final Parameters mean and stdev (term  zTi ): [ 1.13791568  0.38350893]
10:34:42 [QML 15] Final Parameters mean and stdev (term  zTz ): [ 1.54308943  0.22371265]
10:34:42 [RQ Learn 15.0] Time for update alone: 1517.0170986652374
10:34:43 [RQ Learn 15.0] Redis learned_models_info added to db for model: 15.0
10:34:43 [RQ Learn 15.0] Redis SET learned_models_ids: 15.0 ; set True
10:34:43 [QMD 84] All models on branch 7 have finished learning.
10:34:43 [RQ Learn 15.0] Learned. rq time: 1518.611129283905
10:34:43[QML:Reduced 15; QMD 84] Updating learned info for model 15
10:34:43[QML:Reduced 15; QMD 84] Updated learned info for model 15
10:34:43[QML:Reduced 16; QMD 84] Updating learned info for model 16
10:34:43[QML:Reduced 16; QMD 84] Updated learned info for model 16
10:34:43 [QMD 84] remoteBayesFromBranchID 7 model id list: [15, 16]
10:34:43 [QMD 84] Computing BF for pair 15,16
10:34:43 [QMD 84] Bayes factor calculation queued. Model IDs 15 16
10:34:49[QML:Bayes 15; QMD 84] Name: xTiPPxTxPPxTzPPyTiPPyTyPPyTzPPzTiPPzTz
10:34:49[QML:Bayes 15; QMD 84] Time to reconstruct updater: 0.002275705337524414
10:34:49[QML:Bayes 15; QMD 84] Prior mean: [ 3.81147114  2.2881895   3.69701284  8.96128283  3.1433504   1.96532613
  1.14465967  1.54959711]
10:34:50[QML:Bayes 16; QMD 84] Name: xTiPPxTxPPxTyPPxTzPPyTiPPyTyPPzTiPPzTz
10:34:50[QML:Bayes 16; QMD 84] Time to reconstruct updater: 0.0019769668579101562
10:34:50[QML:Bayes 16; QMD 84] Prior mean: [ 4.34797263  3.17418469  1.69711556  3.02122835  5.98735009 -0.95384798
  1.28716046  1.56038632]
10:34:50 [RQ Bayes 15/16] Start. Branch 7
11:26:29 [RQ Bayes 15/16] BF computed: A:15; B:16; BF:0.01 	Reset remormalisation record: False
11:26:29 [RQ Bayes 15/16] Finished. rq time:  3100.3735721111298
11:26:29 [QMD 84] compareModelsWithinBranch 7 active_models_in_branch_old: [15.0, 16.0] active_models_in_branch_new: [15, 16]
11:26:29 [QMD 84] [compareModelsWithinBranch 7] Point to 16 (comparison 15/16)
11:26:29 [QMD 84] Model points for branch 7 {15: 0, 16: 1}
11:26:29 [QMD 84] Champion of branch  7  is  xTiPPxTxPPxTyPPxTzPPyTiPPyTyPPzTiPPzTz (16)
11:26:29 [QMD 84] Spawning. Growth rule: NV_alternative_model. Depth: 8
11:26:29 [QMD 84] After model generation for growth rule NV_alternative_model SPAWN STAGE: [None] 
new models: ['xTiPPxTxPPxTyPPxTzPPyTiPPyTyPPyTzPPzTiPPzTz']
11:26:29 [QMD 84] Branch 8 growth rule NV_alternative_model has 1 new models ['xTiPPxTxPPxTyPPxTzPPyTiPPyTyPPyTzPPzTiPPzTz']
11:26:29 [DB] Model  xTiPPxTxPPxTyPPxTzPPyTiPPyTyPPyTzPPzTiPPzTz  not previously considered -- adding. ID: 17
11:26:29 [QMD 84] Model  xTiPPxTxPPxTyPPxTzPPyTiPPyTyPPyTzPPzTiPPzTz 
	computed already:  False 
	ID: 17
11:26:29 [QMD 84] Num models already computed on branch  8 = 0
11:26:29 [QMD 84] Models to add to new branch ( 8 ):  ['xTiPPxTxPPxTyPPxTzPPyTiPPyTyPPyTzPPzTiPPzTz']
11:26:29 [QMD 84] learnModelFromBranchID branch 8 : ['xTiPPxTxPPxTyPPxTzPPyTiPPyTyPPyTzPPzTiPPzTz']
11:26:29 [QMD 84] learnModelFromBranchID. Setting active branches on redis for branch 8 to 0
11:26:29 [QMD 84] branch 8 precomputed: []
11:26:29 [QMD 84] Branch  8 has unlearned models: ['xTiPPxTxPPxTyPPxTzPPyTiPPyTyPPyTzPPzTiPPzTz']
11:26:29 [QMD 84] Model  xTiPPxTxPPxTyPPxTzPPyTiPPyTyPPyTzPPzTiPPzTz being passed to learnModel function
11:26:29 [QMD 84] Model xTiPPxTxPPxTyPPxTzPPyTiPPyTyPPyTzPPzTiPPzTz added to queue.
11:26:29 [QMD 84] learnModelFromBranchID finished, branch 8
11:26:29 [QMD 84] All trees have completed. Num complete: 1
11:26:36 [QML 17] QML for  xTiPPxTxPPxTyPPxTzPPyTiPPyTyPPyTzPPzTiPPzTz
11:26:36 [QML 17] Getting prior for model: xTiPPxTxPPxTyPPxTzPPyTiPPyTyPPyTzPPzTiPPzTz Specific terms: {}
11:26:37 [QML 17] Initialization Ready
11:26:37 [RQ Learn 17.0] Time to unpickle and initialise QML class: 1.4025394916534424
11:26:37 [RQ Learn 17.0] Updating model.
11:26:37 [QML 17] Experiment 0
11:26:37 [QML 17] Initial time selected >  0.0344589054365
11:28:56 [QML 17] Experiment 75
11:31:17 [QML 17] Experiment 150
11:33:43 [QML 17] Experiment 225
11:36:11 [QML 17] Experiment 300
11:38:35 [QML 17] Experiment 375
11:41:12 [QML 17] Experiment 450
11:43:49 [QML 17] Experiment 525
11:46:26 [QML 17] Experiment 600
11:49:2 [QML 17] Experiment 675
11:51:38 [QML 17] Results for QHL on  xTiPPxTxPPxTyPPxTzPPyTiPPyTyPPyTzPPzTiPPzTz
11:51:38 [QML 17] Final time selected > 2.45
11:51:38 [QML 17] Cumulative time.	 Datum: 0.7577624320983887 	 Update: 1496.4911696910858
11:51:38 [QML 17] Final Parameters mean and stdev (term  xTi ): [ 6.51556053  0.97225498]
11:51:38 [QML 17] Final Parameters mean and stdev (term  xTx ): [ 2.1057069   0.86923499]
11:51:38 [QML 17] Final Parameters mean and stdev (term  xTy ): [ 3.11331618  0.55518787]
11:51:38 [QML 17] Final Parameters mean and stdev (term  xTz ): [ 5.379709    0.75375916]
11:51:38 [QML 17] Final Parameters mean and stdev (term  yTi ): [ 10.0199854    0.81625819]
11:51:38 [QML 17] Final Parameters mean and stdev (term  yTy ): [ 1.00494323  0.71290038]
11:51:38 [QML 17] Final Parameters mean and stdev (term  yTz ): [ 3.94347204  0.65161757]
11:51:38 [QML 17] Final Parameters mean and stdev (term  zTi ): [ 3.11230531  0.80043587]
11:51:38 [QML 17] Final Parameters mean and stdev (term  zTz ): [ 2.61090742  1.03326941]
11:51:38 [RQ Learn 17.0] Time for update alone: 1501.4864950180054
11:51:39 [RQ Learn 17.0] Redis learned_models_info added to db for model: 17.0
11:51:39 [RQ Learn 17.0] Redis SET learned_models_ids: 17.0 ; set True
11:51:39 [QMD 84] remoteBayesFromBranchID 8 model id list: [17]
11:51:39 [RQ Learn 17.0] Learned. rq time: 1503.1481108665466
11:51:39 [QMD 84] compareModelsWithinBranch 8 active_models_in_branch_old: [17.0] active_models_in_branch_new: [17]
11:51:39 [QMD 84] Model points for branch 8 {17: 0}
11:51:39 [QMD 84] Champion of branch  8  is  xTiPPxTxPPxTyPPxTzPPyTiPPyTyPPyTzPPzTiPPzTz (17)
11:51:39 [QMD 84] Active branch champs at start of final Bayes comp: [1, 4, 5, 8, 10, 11, 14, 16, 17]
11:51:39 [QMD 84] Model 1 doesn't have a parent to compare with.
11:51:39 [QMD 84] Bayes factor calculation queued. Model IDs 1 4
11:51:39 [QMD 84] Comparing child  4 with parent 1
11:51:39 [QMD 84] Bayes factor calculation queued. Model IDs 4 5
11:51:39 [QMD 84] Comparing child  5 with parent 4
11:51:39 [QMD 84] Bayes factor calculation queued. Model IDs 5 8
11:51:39 [QMD 84] Comparing child  8 with parent 5
11:51:39 [QMD 84] Bayes factor calculation queued. Model IDs 8 10
11:51:39 [QMD 84] Comparing child  10 with parent 8
11:51:39 [QMD 84] Bayes factor calculation queued. Model IDs 10 11
11:51:39 [QMD 84] Comparing child  11 with parent 10
11:51:39 [QMD 84] Bayes factor calculation queued. Model IDs 11 14
11:51:39 [QMD 84] Comparing child  14 with parent 11
11:51:39 [QMD 84] Bayes factor calculation queued. Model IDs 14 16
11:51:39 [QMD 84] Comparing child  16 with parent 14
11:51:39 [QMD 84] Bayes factor calculation queued. Model IDs 16 17
11:51:39 [QMD 84] Comparing child  17 with parent 16
11:51:39 [QMD 84] Final Bayes Comparisons. 
Entering while loop in final bayes fnc. 
active branch champs:  [1, 4, 5, 8, 10, 11, 14, 16, 17]
11:51:39 [QMD 84] Waiting on parent/child Bayes factors.
11:51:39 [QMD 84] Waiting on parent/child Bayes factors.
11:51:44[QML:Bayes 1; QMD 84] Name: yTi
11:51:44[QML:Bayes 4; QMD 84] Name: yTiPPzTi
11:51:44[QML:Bayes 5; QMD 84] Name: xTiPPyTiPPzTi
11:51:44[QML:Bayes 8; QMD 84] Name: xTiPPxTxPPyTiPPzTi
11:51:44[QML:Bayes 10; QMD 84] Name: xTiPPyTiPPyTyPPzTiPPzTz
11:51:44[QML:Bayes 11; QMD 84] Name: xTiPPxTxPPyTiPPyTyPPzTiPPzTz
11:51:44[QML:Bayes 1; QMD 84] Time to reconstruct updater: 0.0008635520935058594
11:51:44[QML:Bayes 5; QMD 84] Time to reconstruct updater: 0.001384735107421875
11:51:44[QML:Bayes 1; QMD 84] Prior mean: [ 6.56478366]
11:51:44[QML:Bayes 5; QMD 84] Prior mean: [ 0.97020563  5.98694113  2.10980239]
11:51:44[QML:Bayes 4; QMD 84] Time to reconstruct updater: 0.0012054443359375
11:51:44[QML:Bayes 4; QMD 84] Prior mean: [ 5.93236679  1.5296463 ]
11:51:45[QML:Bayes 8; QMD 84] Time to reconstruct updater: 0.0015032291412353516
11:51:45[QML:Bayes 8; QMD 84] Prior mean: [ 1.28881027  0.85334379  5.99933545  1.43535605]
11:51:45[QML:Bayes 10; QMD 84] Time to reconstruct updater: 0.0016813278198242188
11:51:45[QML:Bayes 10; QMD 84] Prior mean: [ 1.31260177  6.04408165  0.48452089  2.31291764  2.2917401 ]
11:51:45[QML:Bayes 11; QMD 84] Time to reconstruct updater: 0.002237081527709961
11:51:45[QML:Bayes 11; QMD 84] Prior mean: [ 3.65459802  3.42667205  6.44252848  0.94991332  0.82066661  1.15137761]
11:51:45[QML:Bayes 4; QMD 84] Name: yTiPPzTi
11:51:45[QML:Bayes 4; QMD 84] Time to reconstruct updater: 0.0010950565338134766
11:51:45[QML:Bayes 4; QMD 84] Prior mean: [ 5.93212644  1.52905977]
11:51:45 [RQ Bayes 1/4] Start. Branch None
11:51:45[QML:Bayes 8; QMD 84] Name: xTiPPxTxPPyTiPPzTi
11:51:45[QML:Bayes 8; QMD 84] Time to reconstruct updater: 0.0013599395751953125
11:51:45[QML:Bayes 8; QMD 84] Prior mean: [ 1.28494881  0.85567458  5.99799293  1.43644489]
11:51:45 [RQ Bayes 5/8] Start. Branch None
11:51:45[QML:Bayes 5; QMD 84] Name: xTiPPyTiPPzTi
11:51:45[QML:Bayes 5; QMD 84] Time to reconstruct updater: 0.0011916160583496094
11:51:45[QML:Bayes 5; QMD 84] Prior mean: [ 0.96090824  5.98758405  2.11048158]
11:51:45 [RQ Bayes 4/5] Start. Branch None
11:51:45[QML:Bayes 10; QMD 84] Name: xTiPPyTiPPyTyPPzTiPPzTz
11:51:45[QML:Bayes 10; QMD 84] Time to reconstruct updater: 0.0015342235565185547
11:51:45[QML:Bayes 10; QMD 84] Prior mean: [ 1.31788867  6.04287863  0.48475452  2.30957407  2.29500496]
11:51:45 [RQ Bayes 8/10] Start. Branch None
11:51:45[QML:Bayes 11; QMD 84] Name: xTiPPxTxPPyTiPPyTyPPzTiPPzTz
11:51:45[QML:Bayes 11; QMD 84] Time to reconstruct updater: 0.001573324203491211
11:51:45[QML:Bayes 11; QMD 84] Prior mean: [ 3.6513825   3.43358027  6.44323239  0.94563764  0.81789186  1.15098976]
11:51:45 [RQ Bayes 10/11] Start. Branch None
11:51:45[QML:Bayes 14; QMD 84] Name: xTiPPxTxPPxTzPPyTiPPyTyPPzTiPPzTz
11:51:45[QML:Bayes 14; QMD 84] Time to reconstruct updater: 0.0018901824951171875
11:51:45[QML:Bayes 14; QMD 84] Prior mean: [ 3.33907851  0.91373736  4.33272764  6.31873284  0.994622    2.21087865
  1.30865568]
11:51:45 [RQ Bayes 11/14] Start. Branch None
12:43:48 [RQ Bayes 11/14] BF computed: A:11; B:14; BF:0.47 	Reset remormalisation record: False
12:43:48 [RQ Bayes 11/14] Neither model much better.
12:43:48 [RQ Bayes 11/14] Finished. rq time:  3123.906389951706
12:43:55[QML:Bayes 14; QMD 84] Name: xTiPPxTxPPxTzPPyTiPPyTyPPzTiPPzTz
12:43:55[QML:Bayes 14; QMD 84] Time to reconstruct updater: 0.0021605491638183594
12:43:55[QML:Bayes 14; QMD 84] Prior mean: [ 3.34456815  0.90297133  4.35066818  6.31791378  1.00572523  2.22164554
  1.31032012]
12:43:55[QML:Bayes 16; QMD 84] Name: xTiPPxTxPPxTyPPxTzPPyTiPPyTyPPzTiPPzTz
12:43:55[QML:Bayes 16; QMD 84] Time to reconstruct updater: 0.0021011829376220703
12:43:55[QML:Bayes 16; QMD 84] Prior mean: [ 4.32949335  3.18223443  1.68714839  3.00088089  5.98703322 -0.99343789
  1.26426395  1.5451076 ]
12:43:55 [RQ Bayes 14/16] Start. Branch None
12:45:1 [RQ Bayes 10/11] BF computed: A:10; B:11; BF:554546778688660.75 	Reset remormalisation record: False
12:45:1 [RQ Bayes 10/11] Finished. rq time:  3196.421778202057
12:45:7[QML:Bayes 16; QMD 84] Name: xTiPPxTxPPxTyPPxTzPPyTiPPyTyPPzTiPPzTz
12:45:7[QML:Bayes 16; QMD 84] Time to reconstruct updater: 0.002332448959350586
12:45:7[QML:Bayes 16; QMD 84] Prior mean: [ 4.32857805  3.19443497  1.69921177  3.00118053  5.99314046 -0.95506823
  1.27304627  1.56092733]
12:45:7[QML:Bayes 17; QMD 84] Name: xTiPPxTxPPxTyPPxTzPPyTiPPyTyPPyTzPPzTiPPzTz
12:45:7[QML:Bayes 17; QMD 84] Time to reconstruct updater: 0.002268552780151367
12:45:7[QML:Bayes 17; QMD 84] Prior mean: [  6.52583697   2.10049849   3.12043274   5.3882315   10.01746768
   1.01063342   3.93934861   3.10874804   2.60734782]
12:45:7 [RQ Bayes 16/17] Start. Branch None
12:45:18 [RQ Bayes 5/8] BF computed: A:5; B:8; BF:0.0 	Reset remormalisation record: False
12:45:18 [RQ Bayes 5/8] Finished. rq time:  3213.59836435318
12:45:21 [RQ Bayes 8/10] BF computed: A:8; B:10; BF:2.8980278049362957e+29 	Reset remormalisation record: False
12:45:21 [RQ Bayes 8/10] Finished. rq time:  3216.9035139083862
12:45:37 [RQ Bayes 1/4] BF computed: A:1; B:4; BF:0.0 	Reset remormalisation record: False
12:45:37 [RQ Bayes 1/4] Finished. rq time:  3232.5757999420166
12:45:37 [QMD 84] Waiting on parent/child Bayes factors.
12:46:2 [RQ Bayes 4/5] BF computed: A:4; B:5; BF:244075514651.12 	Reset remormalisation record: False
12:46:2 [RQ Bayes 4/5] Finished. rq time:  3257.7766060829163
12:46:2 [QMD 84] Waiting on parent/child Bayes factors.
12:46:2 [QMD 84] Waiting on parent/child Bayes factors.
12:46:2 [QMD 84] Waiting on parent/child Bayes factors.
12:46:2 [QMD 84] Waiting on parent/child Bayes factors.
12:46:2 [QMD 84] Waiting on parent/child Bayes factors.
13:35:2 [RQ Bayes 14/16] BF computed: A:14; B:16; BF:0.0 	Reset remormalisation record: False
13:35:2 [RQ Bayes 14/16] Finished. rq time:  3067.092496395111
13:35:2 [QMD 84] Waiting on parent/child Bayes factors.
13:36:55 [RQ Bayes 16/17] BF computed: A:16; B:17; BF:0.0 	Reset remormalisation record: False
13:36:55 [RQ Bayes 16/17] Finished. rq time:  3107.892256975174
13:36:55 [QMD 84] Parent/child Bayes factors jobs all launched.
13:36:55 [QMD 84] child doesn't have active parent
13:36:55 [QMD 84] Error: 0
13:36:55 [QMD 84] parent/child 1/4 has bf 1.2320571762720023e-66
13:36:55 [QMD 84] Spawned model 4 stronger than parent; deactivating model 1
13:36:55 [QMD 84] parent/child 4/5 has bf 244075514651.12485
13:36:55 [QMD 84] Parent model, 4 stronger than spawned; deactivating model 5
13:36:55 [QMD 84] parent/child 5/8 has bf 4.015561001709755e-43
13:36:55 [QMD 84] Spawned model 8 stronger than parent; deactivating model 5
13:36:55 [QMD 84] parent/child 8/10 has bf 2.8980278049362957e+29
13:36:55 [QMD 84] Parent model, 8 stronger than spawned; deactivating model 10
13:36:55 [QMD 84] parent/child 10/11 has bf 554546778688660.7
13:36:55 [QMD 84] Parent model, 10 stronger than spawned; deactivating model 11
13:36:55 [QMD 84] parent/child 11/14 has bf 0.4735567272921957
13:36:55 [QMD 84] parent/child 14/16 has bf 5.264412245141687e-10
13:36:55 [QMD 84] Spawned model 16 stronger than parent; deactivating model 14
13:36:55 [QMD 84] parent/child 16/17 has bf 2.4036528389505198e-14
13:36:55 [QMD 84] Spawned model 17 stronger than parent; deactivating model 16
13:36:55 [QMD 84] Parent/child comparisons and deactivations complete.
13:36:55 [QMD 84] Active branch champs after  parental collapse (final Bayes comp): [8, 17, 4]
13:36:55 [QMD 84] ActiveTreeBranchChamps: {'NV_alternative_model': [8, 17, 4]}
13:36:55 [QMD 84] Branch 9 growth rule NV_alternative_model has 3 new models ['xTiPPxTxPPxTyPPxTzPPyTiPPyTyPPyTzPPzTiPPzTz', 'yTiPPzTi', 'xTiPPxTxPPyTiPPzTi']
13:36:55 [DB] Model xTiPPxTxPPxTyPPxTzPPyTiPPyTyPPyTzPPzTiPPzTz  previously considered.
13:36:55 [QMD 84] Model  xTiPPxTxPPxTyPPxTzPPyTiPPyTyPPyTzPPzTiPPzTz 
	computed already:  True 
	ID: 17.0
13:36:55 [DB] Model yTiPPzTi  previously considered.
13:36:55 [QMD 84] Model  yTiPPzTi 
	computed already:  True 
	ID: 4.0
13:36:55 [DB] Model xTiPPxTxPPyTiPPzTi  previously considered.
13:36:55 [QMD 84] Model  xTiPPxTxPPyTiPPzTi 
	computed already:  True 
	ID: 8.0
13:36:55 [QMD 84] Num models already computed on branch  9 = 3
13:36:55 [QMD 84] learnModelFromBranchID branch 9 : ['xTiPPxTxPPxTyPPxTzPPyTiPPyTyPPyTzPPzTiPPzTz', 'yTiPPzTi', 'xTiPPxTxPPyTiPPzTi']
13:36:55 [QMD 84] learnModelFromBranchID. Setting active branches on redis for branch 9 to 3
13:36:55 [QMD 84] branch 9 precomputed: ['xTiPPxTxPPxTyPPxTzPPyTiPPyTyPPyTzPPzTiPPzTz', 'yTiPPzTi', 'xTiPPxTxPPyTiPPzTi']
13:36:55 [QMD 84] Branch  9 has unlearned models: []
13:36:55 [QMD 84] learnModelFromBranchID finished, branch 9
13:36:55 [QMD 84] remoteBayesFromBranchID 9 model id list: [17.0, 4.0, 8.0]
13:36:55 [QMD 84] Computing BF for pair 4,17
13:36:55 [QMD 84] Bayes factor calculation queued. Model IDs 17.0 4.0
13:36:55 [QMD 84] Computing BF for pair 8,17
13:36:55 [QMD 84] Bayes factor calculation queued. Model IDs 17.0 8.0
13:36:55 [QMD 84] Computing BF for pair 4,8
13:36:55 [QMD 84] Bayes factor calculation queued. Model IDs 4.0 8.0
13:37:1[QML:Bayes 17.0; QMD 84] Name: xTiPPxTxPPxTyPPxTzPPyTiPPyTyPPyTzPPzTiPPzTz
13:37:2[QML:Bayes 17.0; QMD 84] Time to reconstruct updater: 0.0026569366455078125
13:37:2[QML:Bayes 17.0; QMD 84] Prior mean: [  6.52797693   2.11890808   3.10622102   5.39556962  10.01888705
   1.00401406   3.94311443   3.10177989   2.59783088]
13:37:2[QML:Bayes 17.0; QMD 84] Name: xTiPPxTxPPxTyPPxTzPPyTiPPyTyPPyTzPPzTiPPzTz
13:37:2[QML:Bayes 17.0; QMD 84] Time to reconstruct updater: 0.0028808116912841797
13:37:2[QML:Bayes 17.0; QMD 84] Prior mean: [  6.56564549   2.09902728   3.12529025   5.41263316  10.03949905
   1.03058592   3.95297175   3.10622928   2.60820079]
13:37:2[QML:Bayes 8.0; QMD 84] Name: xTiPPxTxPPyTiPPzTi
13:37:2[QML:Bayes 8.0; QMD 84] Time to reconstruct updater: 0.0013763904571533203
13:37:2[QML:Bayes 8.0; QMD 84] Prior mean: [ 1.28483537  0.85546688  5.99792665  1.43955402]
13:37:2 [RQ Bayes 17.0/8.0] Start. Branch 9
13:37:2[QML:Bayes 4.0; QMD 84] Name: yTiPPzTi
13:37:2[QML:Bayes 4.0; QMD 84] Time to reconstruct updater: 0.0014009475708007812
13:37:2[QML:Bayes 4.0; QMD 84] Prior mean: [ 5.932095    1.52971143]
13:37:2[QML:Bayes 4.0; QMD 84] Name: yTiPPzTi
13:37:2[QML:Bayes 4.0; QMD 84] Time to reconstruct updater: 0.0010046958923339844
13:37:2[QML:Bayes 4.0; QMD 84] Prior mean: [ 5.93224394  1.52945325]
13:37:2 [RQ Bayes 17.0/4.0] Start. Branch 9
13:37:2[QML:Bayes 8.0; QMD 84] Name: xTiPPxTxPPyTiPPzTi
13:37:2[QML:Bayes 8.0; QMD 84] Time to reconstruct updater: 0.0015327930450439453
13:37:2[QML:Bayes 8.0; QMD 84] Prior mean: [ 1.28991354  0.8518566   5.99837567  1.43553032]
13:37:2 [RQ Bayes 4.0/8.0] Start. Branch 9
