00:06:44 RQ worker 'rq:worker:node44-009.32673' started, version 0.8.1
00:06:44 RQ worker 'rq:worker:node44-009.32674' started, version 0.8.1
00:06:44 RQ worker 'rq:worker:node44-009.32675' started, version 0.8.1
00:06:44 Cleaning registries for queue: 33
00:06:44 Cleaning registries for queue: 33
00:06:44 Cleaning registries for queue: 33
00:06:44 RQ worker 'rq:worker:node44-009.32676' started, version 0.8.1
00:06:44 RQ worker 'rq:worker:node44-009.32677' started, version 0.8.1
00:06:44 Cleaning registries for queue: 33
00:06:44 Cleaning registries for queue: 33
00:06:44 
00:06:44 
00:06:44 
00:06:44 *** Listening on 33...
00:06:44 *** Listening on 33...
00:06:44 *** Listening on 33...
00:06:44 RQ worker 'rq:worker:node44-009.32672' started, version 0.8.1
00:06:44 
00:06:44 
00:06:44 *** Listening on 33...
00:06:44 *** Listening on 33...
00:06:44 Cleaning registries for queue: 33
00:06:44 
00:06:44 *** Listening on 33...
00:06:56 33: RemoteModelLearning.learnModelRemote('xTi', 0.0, branchID=0, growth_generator='NV_alternative_model', host_name='node44-009', log_file='/panfs/panasas01/phys/bf16951/QMD/ParallelDevelopment/Results/Oct_01/12_46/logs/NV-exp-method-sim__random--probe__QMLA_33.qmd.8794746.log', port_number=6333, qid=33, remote=True) (2c672fc1-4523-460b-a9cb-c1df9536b5e0)
00:06:56 33: RemoteModelLearning.learnModelRemote('zTi', 2.0, branchID=0, growth_generator='NV_alternative_model', host_name='node44-009', log_file='/panfs/panasas01/phys/bf16951/QMD/ParallelDevelopment/Results/Oct_01/12_46/logs/NV-exp-method-sim__random--probe__QMLA_33.qmd.8794746.log', port_number=6333, qid=33, remote=True) (68f62263-fd57-4ab9-9e4c-785938a97a10)
00:06:56 33: RemoteModelLearning.learnModelRemote('yTi', 1.0, branchID=0, growth_generator='NV_alternative_model', host_name='node44-009', log_file='/panfs/panasas01/phys/bf16951/QMD/ParallelDevelopment/Results/Oct_01/12_46/logs/NV-exp-method-sim__random--probe__QMLA_33.qmd.8794746.log', port_number=6333, qid=33, remote=True) (02c8295e-cb6a-4e51-87ad-5c2b09d4af0c)
00:32:37 33: Job OK (2c672fc1-4523-460b-a9cb-c1df9536b5e0)
00:32:37 Result will never expire, clean up result key manually
00:32:37 
00:32:37 *** Listening on 33...
00:34:05 33: Job OK (02c8295e-cb6a-4e51-87ad-5c2b09d4af0c)
00:34:05 Result will never expire, clean up result key manually
00:34:05 
00:34:05 *** Listening on 33...
00:45:02 33: Job OK (68f62263-fd57-4ab9-9e4c-785938a97a10)
00:45:02 Result will never expire, clean up result key manually
00:45:02 
00:45:02 *** Listening on 33...
00:45:02 33: RemoteBayesFactor.BayesFactorRemote(bayes_threshold=100, bf_data_folder='/panfs/panasas01/phys/bf16951/QMD/ParallelDevelopment/Results/Oct_01/12_46/BayesFactorsTimeRecords/', branchID=0, host_name='node44-009', interbranch=False, log_file='/panfs/panasas01/phys/bf16951/QMD/ParallelDevelopment/Results/Oct_01/12_46/logs/NV-exp-method-sim__random--probe__QMLA_33.qmd.8794746.log', model_a_id=0, model_b_id=1, num_times_to_use=750, port_number=6333, qid=33, times_record='/panfs/panasas01/phys/bf16951/QMD/ParallelDevelopment/Results/Oct_01/12_46/BayesFactorsTimeRecords/BayesFactorsPairsTimes_033.txt', trueModel='xTiPPyTiPPzTiPPzTz') (4f45e8e1-c14e-4b9c-89f4-2fd63d6f3176)
00:45:02 33: RemoteBayesFactor.BayesFactorRemote(bayes_threshold=100, bf_data_folder='/panfs/panasas01/phys/bf16951/QMD/ParallelDevelopment/Results/Oct_01/12_46/BayesFactorsTimeRecords/', branchID=0, host_name='node44-009', interbranch=False, log_file='/panfs/panasas01/phys/bf16951/QMD/ParallelDevelopment/Results/Oct_01/12_46/logs/NV-exp-method-sim__random--probe__QMLA_33.qmd.8794746.log', model_a_id=1, model_b_id=2, num_times_to_use=750, port_number=6333, qid=33, times_record='/panfs/panasas01/phys/bf16951/QMD/ParallelDevelopment/Results/Oct_01/12_46/BayesFactorsTimeRecords/BayesFactorsPairsTimes_033.txt', trueModel='xTiPPyTiPPzTiPPzTz') (30d563e2-35fb-41c0-8fb0-6743fdbd1a82)
00:45:02 33: RemoteBayesFactor.BayesFactorRemote(bayes_threshold=100, bf_data_folder='/panfs/panasas01/phys/bf16951/QMD/ParallelDevelopment/Results/Oct_01/12_46/BayesFactorsTimeRecords/', branchID=0, host_name='node44-009', interbranch=False, log_file='/panfs/panasas01/phys/bf16951/QMD/ParallelDevelopment/Results/Oct_01/12_46/logs/NV-exp-method-sim__random--probe__QMLA_33.qmd.8794746.log', model_a_id=0, model_b_id=2, num_times_to_use=750, port_number=6333, qid=33, times_record='/panfs/panasas01/phys/bf16951/QMD/ParallelDevelopment/Results/Oct_01/12_46/BayesFactorsTimeRecords/BayesFactorsPairsTimes_033.txt', trueModel='xTiPPyTiPPzTiPPzTz') (070e86ed-933c-4c93-b46a-264465951202)
01:36:48 33: Job OK (4f45e8e1-c14e-4b9c-89f4-2fd63d6f3176)
01:36:48 Result will never expire, clean up result key manually
01:36:48 Cleaning registries for queue: 33
01:36:48 
01:36:48 *** Listening on 33...
01:49:38 33: Job OK (070e86ed-933c-4c93-b46a-264465951202)
01:49:38 Result will never expire, clean up result key manually
01:49:38 Cleaning registries for queue: 33
01:49:38 
01:49:38 *** Listening on 33...
01:52:25 33: Job OK (30d563e2-35fb-41c0-8fb0-6743fdbd1a82)
01:52:25 Result will never expire, clean up result key manually
01:52:25 Cleaning registries for queue: 33
01:52:25 
01:52:25 *** Listening on 33...
01:52:25 33: RemoteModelLearning.learnModelRemote('xTiPPyTi', 4.0, branchID=1, growth_generator='NV_alternative_model', host_name='node44-009', log_file='/panfs/panasas01/phys/bf16951/QMD/ParallelDevelopment/Results/Oct_01/12_46/logs/NV-exp-method-sim__random--probe__QMLA_33.qmd.8794746.log', port_number=6333, qid=33, remote=True) (659eec16-0b46-49bf-a4af-f684a996f38a)
01:52:25 33: RemoteModelLearning.learnModelRemote('yTiPPzTi', 3.0, branchID=1, growth_generator='NV_alternative_model', host_name='node44-009', log_file='/panfs/panasas01/phys/bf16951/QMD/ParallelDevelopment/Results/Oct_01/12_46/logs/NV-exp-method-sim__random--probe__QMLA_33.qmd.8794746.log', port_number=6333, qid=33, remote=True) (da4662ea-d234-4165-bf17-2fa963d3133a)
02:19:10 33: Job OK (da4662ea-d234-4165-bf17-2fa963d3133a)
02:19:10 Result will never expire, clean up result key manually
02:19:10 Cleaning registries for queue: 33
02:19:10 
02:19:10 *** Listening on 33...
02:19:16 33: Job OK (659eec16-0b46-49bf-a4af-f684a996f38a)
02:19:16 Result will never expire, clean up result key manually
02:19:16 
02:19:16 *** Listening on 33...
02:19:16 33: RemoteBayesFactor.BayesFactorRemote(bayes_threshold=100, bf_data_folder='/panfs/panasas01/phys/bf16951/QMD/ParallelDevelopment/Results/Oct_01/12_46/BayesFactorsTimeRecords/', branchID=1, host_name='node44-009', interbranch=False, log_file='/panfs/panasas01/phys/bf16951/QMD/ParallelDevelopment/Results/Oct_01/12_46/logs/NV-exp-method-sim__random--probe__QMLA_33.qmd.8794746.log', model_a_id=3, model_b_id=4, num_times_to_use=750, port_number=6333, qid=33, times_record='/panfs/panasas01/phys/bf16951/QMD/ParallelDevelopment/Results/Oct_01/12_46/BayesFactorsTimeRecords/BayesFactorsPairsTimes_033.txt', trueModel='xTiPPyTiPPzTiPPzTz') (5c5a2bd9-b80f-4c45-8e9a-bde1c1b30c87)
03:12:00 33: Job OK (5c5a2bd9-b80f-4c45-8e9a-bde1c1b30c87)
03:12:00 Result will never expire, clean up result key manually
03:12:00 Cleaning registries for queue: 33
03:12:00 
03:12:00 *** Listening on 33...
03:12:00 33: RemoteModelLearning.learnModelRemote('xTiPPyTiPPzTi', 5.0, branchID=2, growth_generator='NV_alternative_model', host_name='node44-009', log_file='/panfs/panasas01/phys/bf16951/QMD/ParallelDevelopment/Results/Oct_01/12_46/logs/NV-exp-method-sim__random--probe__QMLA_33.qmd.8794746.log', port_number=6333, qid=33, remote=True) (70e6605b-cc7f-40ae-aeff-ff47bf390938)
03:37:23 33: Job OK (70e6605b-cc7f-40ae-aeff-ff47bf390938)
03:37:23 Result will never expire, clean up result key manually
03:37:23 Cleaning registries for queue: 33
03:37:23 
03:37:23 *** Listening on 33...
03:37:23 33: RemoteModelLearning.learnModelRemote('xTiPPyTiPPzTiPPzTz', 6.0, branchID=3, growth_generator='NV_alternative_model', host_name='node44-009', log_file='/panfs/panasas01/phys/bf16951/QMD/ParallelDevelopment/Results/Oct_01/12_46/logs/NV-exp-method-sim__random--probe__QMLA_33.qmd.8794746.log', port_number=6333, qid=33, remote=True) (396ef5ef-d2f4-43ec-a304-3e70420a189f)
03:37:23 33: RemoteModelLearning.learnModelRemote('xTiPPyTiPPyTyPPzTi', 7.0, branchID=3, growth_generator='NV_alternative_model', host_name='node44-009', log_file='/panfs/panasas01/phys/bf16951/QMD/ParallelDevelopment/Results/Oct_01/12_46/logs/NV-exp-method-sim__random--probe__QMLA_33.qmd.8794746.log', port_number=6333, qid=33, remote=True) (2973f85c-37af-4535-9380-544e56c7ca06)
03:37:23 33: RemoteModelLearning.learnModelRemote('xTiPPxTxPPyTiPPzTi', 8.0, branchID=3, growth_generator='NV_alternative_model', host_name='node44-009', log_file='/panfs/panasas01/phys/bf16951/QMD/ParallelDevelopment/Results/Oct_01/12_46/logs/NV-exp-method-sim__random--probe__QMLA_33.qmd.8794746.log', port_number=6333, qid=33, remote=True) (8998d673-ca00-4fd5-b286-92ada7d1234f)
04:02:36 33: Job OK (2973f85c-37af-4535-9380-544e56c7ca06)
04:02:36 Result will never expire, clean up result key manually
04:02:36 Cleaning registries for queue: 33
04:02:36 
04:02:36 *** Listening on 33...
04:02:47 33: Job OK (396ef5ef-d2f4-43ec-a304-3e70420a189f)
04:02:47 Result will never expire, clean up result key manually
04:02:47 Cleaning registries for queue: 33
04:02:47 
04:02:47 *** Listening on 33...
04:03:07 33: Job OK (8998d673-ca00-4fd5-b286-92ada7d1234f)
04:03:07 Result will never expire, clean up result key manually
04:03:07 Cleaning registries for queue: 33
04:03:07 
04:03:07 *** Listening on 33...
04:03:07 33: RemoteBayesFactor.BayesFactorRemote(bayes_threshold=100, bf_data_folder='/panfs/panasas01/phys/bf16951/QMD/ParallelDevelopment/Results/Oct_01/12_46/BayesFactorsTimeRecords/', branchID=3, host_name='node44-009', interbranch=False, log_file='/panfs/panasas01/phys/bf16951/QMD/ParallelDevelopment/Results/Oct_01/12_46/logs/NV-exp-method-sim__random--probe__QMLA_33.qmd.8794746.log', model_a_id=6, model_b_id=7, num_times_to_use=750, port_number=6333, qid=33, times_record='/panfs/panasas01/phys/bf16951/QMD/ParallelDevelopment/Results/Oct_01/12_46/BayesFactorsTimeRecords/BayesFactorsPairsTimes_033.txt', trueModel='xTiPPyTiPPzTiPPzTz') (5d2d6899-31bd-4b15-8597-ad27abdcb110)
04:03:07 33: RemoteBayesFactor.BayesFactorRemote(bayes_threshold=100, bf_data_folder='/panfs/panasas01/phys/bf16951/QMD/ParallelDevelopment/Results/Oct_01/12_46/BayesFactorsTimeRecords/', branchID=3, host_name='node44-009', interbranch=False, log_file='/panfs/panasas01/phys/bf16951/QMD/ParallelDevelopment/Results/Oct_01/12_46/logs/NV-exp-method-sim__random--probe__QMLA_33.qmd.8794746.log', model_a_id=6, model_b_id=8, num_times_to_use=750, port_number=6333, qid=33, times_record='/panfs/panasas01/phys/bf16951/QMD/ParallelDevelopment/Results/Oct_01/12_46/BayesFactorsTimeRecords/BayesFactorsPairsTimes_033.txt', trueModel='xTiPPyTiPPzTiPPzTz') (68e4a566-bf21-4401-867d-7309c2f66cdb)
04:03:07 33: RemoteBayesFactor.BayesFactorRemote(bayes_threshold=100, bf_data_folder='/panfs/panasas01/phys/bf16951/QMD/ParallelDevelopment/Results/Oct_01/12_46/BayesFactorsTimeRecords/', branchID=3, host_name='node44-009', interbranch=False, log_file='/panfs/panasas01/phys/bf16951/QMD/ParallelDevelopment/Results/Oct_01/12_46/logs/NV-exp-method-sim__random--probe__QMLA_33.qmd.8794746.log', model_a_id=7, model_b_id=8, num_times_to_use=750, port_number=6333, qid=33, times_record='/panfs/panasas01/phys/bf16951/QMD/ParallelDevelopment/Results/Oct_01/12_46/BayesFactorsTimeRecords/BayesFactorsPairsTimes_033.txt', trueModel='xTiPPyTiPPzTiPPzTz') (7df7b7cf-ea1e-4aef-ad0b-0d625030ff85)
04:53:10 33: Job OK (7df7b7cf-ea1e-4aef-ad0b-0d625030ff85)
04:53:10 Result will never expire, clean up result key manually
04:53:10 Cleaning registries for queue: 33
04:53:10 
04:53:10 *** Listening on 33...
04:53:56 33: Job OK (68e4a566-bf21-4401-867d-7309c2f66cdb)
04:53:56 Result will never expire, clean up result key manually
04:53:56 Cleaning registries for queue: 33
04:53:56 
04:53:56 *** Listening on 33...
04:54:06 33: Job OK (5d2d6899-31bd-4b15-8597-ad27abdcb110)
04:54:06 Result will never expire, clean up result key manually
04:54:06 Cleaning registries for queue: 33
04:54:06 
04:54:06 *** Listening on 33...
04:54:06 33: RemoteModelLearning.learnModelRemote('xTiPPxTxPPyTiPPzTiPPzTz', 9.0, branchID=4, growth_generator='NV_alternative_model', host_name='node44-009', log_file='/panfs/panasas01/phys/bf16951/QMD/ParallelDevelopment/Results/Oct_01/12_46/logs/NV-exp-method-sim__random--probe__QMLA_33.qmd.8794746.log', port_number=6333, qid=33, remote=True) (bf695a38-e2b0-4ca2-ae88-f8505a889261)
04:54:06 33: RemoteModelLearning.learnModelRemote('xTiPPyTiPPyTyPPzTiPPzTz', 10.0, branchID=4, growth_generator='NV_alternative_model', host_name='node44-009', log_file='/panfs/panasas01/phys/bf16951/QMD/ParallelDevelopment/Results/Oct_01/12_46/logs/NV-exp-method-sim__random--probe__QMLA_33.qmd.8794746.log', port_number=6333, qid=33, remote=True) (43710719-638c-4068-ba0f-9e357679070e)
05:18:25 33: Job OK (43710719-638c-4068-ba0f-9e357679070e)
05:18:25 Result will never expire, clean up result key manually
05:18:25 Cleaning registries for queue: 33
05:18:25 
05:18:25 *** Listening on 33...
05:18:48 33: Job OK (bf695a38-e2b0-4ca2-ae88-f8505a889261)
05:18:48 Result will never expire, clean up result key manually
05:18:49 Cleaning registries for queue: 33
05:18:49 
05:18:49 *** Listening on 33...
05:18:49 33: RemoteBayesFactor.BayesFactorRemote(bayes_threshold=100, bf_data_folder='/panfs/panasas01/phys/bf16951/QMD/ParallelDevelopment/Results/Oct_01/12_46/BayesFactorsTimeRecords/', branchID=4, host_name='node44-009', interbranch=False, log_file='/panfs/panasas01/phys/bf16951/QMD/ParallelDevelopment/Results/Oct_01/12_46/logs/NV-exp-method-sim__random--probe__QMLA_33.qmd.8794746.log', model_a_id=9, model_b_id=10, num_times_to_use=750, port_number=6333, qid=33, times_record='/panfs/panasas01/phys/bf16951/QMD/ParallelDevelopment/Results/Oct_01/12_46/BayesFactorsTimeRecords/BayesFactorsPairsTimes_033.txt', trueModel='xTiPPyTiPPzTiPPzTz') (b7a0a633-08ed-451b-a939-dcbbbd5190ce)
06:07:06 33: Job OK (b7a0a633-08ed-451b-a939-dcbbbd5190ce)
06:07:06 Result will never expire, clean up result key manually
06:07:06 Cleaning registries for queue: 33
06:07:06 
06:07:06 *** Listening on 33...
06:07:06 33: RemoteModelLearning.learnModelRemote('xTiPPxTxPPyTiPPyTyPPzTiPPzTz', 11.0, branchID=5, growth_generator='NV_alternative_model', host_name='node44-009', log_file='/panfs/panasas01/phys/bf16951/QMD/ParallelDevelopment/Results/Oct_01/12_46/logs/NV-exp-method-sim__random--probe__QMLA_33.qmd.8794746.log', port_number=6333, qid=33, remote=True) (b6e31c16-3c95-44af-8343-23bbc3c75e9d)
06:31:12 33: Job OK (b6e31c16-3c95-44af-8343-23bbc3c75e9d)
06:31:12 Result will never expire, clean up result key manually
06:31:12 Cleaning registries for queue: 33
06:31:12 
06:31:12 *** Listening on 33...
06:31:12 33: RemoteModelLearning.learnModelRemote('xTiPPxTxPPxTzPPyTiPPyTyPPzTiPPzTz', 12.0, branchID=6, growth_generator='NV_alternative_model', host_name='node44-009', log_file='/panfs/panasas01/phys/bf16951/QMD/ParallelDevelopment/Results/Oct_01/12_46/logs/NV-exp-method-sim__random--probe__QMLA_33.qmd.8794746.log', port_number=6333, qid=33, remote=True) (9516259e-16be-4b6a-8fed-6241debba809)
06:31:12 33: RemoteModelLearning.learnModelRemote('xTiPPxTxPPxTyPPyTiPPyTyPPzTiPPzTz', 13.0, branchID=6, growth_generator='NV_alternative_model', host_name='node44-009', log_file='/panfs/panasas01/phys/bf16951/QMD/ParallelDevelopment/Results/Oct_01/12_46/logs/NV-exp-method-sim__random--probe__QMLA_33.qmd.8794746.log', port_number=6333, qid=33, remote=True) (6ac756e9-77d8-47d7-8666-d5ea05237750)
06:31:12 33: RemoteModelLearning.learnModelRemote('xTiPPxTxPPyTiPPyTyPPyTzPPzTiPPzTz', 14.0, branchID=6, growth_generator='NV_alternative_model', host_name='node44-009', log_file='/panfs/panasas01/phys/bf16951/QMD/ParallelDevelopment/Results/Oct_01/12_46/logs/NV-exp-method-sim__random--probe__QMLA_33.qmd.8794746.log', port_number=6333, qid=33, remote=True) (2eb221d2-6492-4260-8ac3-1e57dd204da0)
06:55:43 33: Job OK (2eb221d2-6492-4260-8ac3-1e57dd204da0)
06:55:43 Result will never expire, clean up result key manually
06:55:43 Cleaning registries for queue: 33
06:55:43 
06:55:43 *** Listening on 33...
06:55:47 33: Job OK (6ac756e9-77d8-47d7-8666-d5ea05237750)
06:55:47 Result will never expire, clean up result key manually
06:55:47 Cleaning registries for queue: 33
06:55:47 
06:55:47 *** Listening on 33...
06:56:19 33: Job OK (9516259e-16be-4b6a-8fed-6241debba809)
06:56:19 Result will never expire, clean up result key manually
06:56:19 Cleaning registries for queue: 33
06:56:19 
06:56:19 *** Listening on 33...
06:56:19 33: RemoteBayesFactor.BayesFactorRemote(bayes_threshold=100, bf_data_folder='/panfs/panasas01/phys/bf16951/QMD/ParallelDevelopment/Results/Oct_01/12_46/BayesFactorsTimeRecords/', branchID=6, host_name='node44-009', interbranch=False, log_file='/panfs/panasas01/phys/bf16951/QMD/ParallelDevelopment/Results/Oct_01/12_46/logs/NV-exp-method-sim__random--probe__QMLA_33.qmd.8794746.log', model_a_id=12, model_b_id=13, num_times_to_use=750, port_number=6333, qid=33, times_record='/panfs/panasas01/phys/bf16951/QMD/ParallelDevelopment/Results/Oct_01/12_46/BayesFactorsTimeRecords/BayesFactorsPairsTimes_033.txt', trueModel='xTiPPyTiPPzTiPPzTz') (d933573b-5ee1-40a9-991d-aa27dd2725a5)
06:56:19 33: RemoteBayesFactor.BayesFactorRemote(bayes_threshold=100, bf_data_folder='/panfs/panasas01/phys/bf16951/QMD/ParallelDevelopment/Results/Oct_01/12_46/BayesFactorsTimeRecords/', branchID=6, host_name='node44-009', interbranch=False, log_file='/panfs/panasas01/phys/bf16951/QMD/ParallelDevelopment/Results/Oct_01/12_46/logs/NV-exp-method-sim__random--probe__QMLA_33.qmd.8794746.log', model_a_id=13, model_b_id=14, num_times_to_use=750, port_number=6333, qid=33, times_record='/panfs/panasas01/phys/bf16951/QMD/ParallelDevelopment/Results/Oct_01/12_46/BayesFactorsTimeRecords/BayesFactorsPairsTimes_033.txt', trueModel='xTiPPyTiPPzTiPPzTz') (a133c967-8fc9-437a-a663-379b17685fe2)
06:56:19 33: RemoteBayesFactor.BayesFactorRemote(bayes_threshold=100, bf_data_folder='/panfs/panasas01/phys/bf16951/QMD/ParallelDevelopment/Results/Oct_01/12_46/BayesFactorsTimeRecords/', branchID=6, host_name='node44-009', interbranch=False, log_file='/panfs/panasas01/phys/bf16951/QMD/ParallelDevelopment/Results/Oct_01/12_46/logs/NV-exp-method-sim__random--probe__QMLA_33.qmd.8794746.log', model_a_id=12, model_b_id=14, num_times_to_use=750, port_number=6333, qid=33, times_record='/panfs/panasas01/phys/bf16951/QMD/ParallelDevelopment/Results/Oct_01/12_46/BayesFactorsTimeRecords/BayesFactorsPairsTimes_033.txt', trueModel='xTiPPyTiPPzTiPPzTz') (6e03c849-b340-49e4-bba8-a6d1705b521b)
07:44:54 33: Job OK (a133c967-8fc9-437a-a663-379b17685fe2)
07:44:54 Result will never expire, clean up result key manually
07:44:54 Cleaning registries for queue: 33
07:44:54 
07:44:54 *** Listening on 33...
07:45:54 33: Job OK (6e03c849-b340-49e4-bba8-a6d1705b521b)
07:45:54 Result will never expire, clean up result key manually
07:45:54 Cleaning registries for queue: 33
07:45:54 
07:45:54 *** Listening on 33...
07:46:08 33: Job OK (d933573b-5ee1-40a9-991d-aa27dd2725a5)
07:46:08 Result will never expire, clean up result key manually
07:46:08 Cleaning registries for queue: 33
07:46:08 
07:46:08 *** Listening on 33...
07:46:08 33: RemoteModelLearning.learnModelRemote('xTiPPxTxPPxTzPPyTiPPyTyPPyTzPPzTiPPzTz', 15.0, branchID=7, growth_generator='NV_alternative_model', host_name='node44-009', log_file='/panfs/panasas01/phys/bf16951/QMD/ParallelDevelopment/Results/Oct_01/12_46/logs/NV-exp-method-sim__random--probe__QMLA_33.qmd.8794746.log', port_number=6333, qid=33, remote=True) (4f0fb8a3-a81a-4ccc-b76b-a5f5bc31cfc8)
07:46:08 33: RemoteModelLearning.learnModelRemote('xTiPPxTxPPxTyPPyTiPPyTyPPyTzPPzTiPPzTz', 16.0, branchID=7, growth_generator='NV_alternative_model', host_name='node44-009', log_file='/panfs/panasas01/phys/bf16951/QMD/ParallelDevelopment/Results/Oct_01/12_46/logs/NV-exp-method-sim__random--probe__QMLA_33.qmd.8794746.log', port_number=6333, qid=33, remote=True) (3e9ed6f8-60ca-45a0-ad12-6d5a3881929b)
08:10:20 33: Job OK (4f0fb8a3-a81a-4ccc-b76b-a5f5bc31cfc8)
08:10:20 Result will never expire, clean up result key manually
08:10:20 Cleaning registries for queue: 33
08:10:20 
08:10:20 *** Listening on 33...
08:10:26 33: Job OK (3e9ed6f8-60ca-45a0-ad12-6d5a3881929b)
08:10:26 Result will never expire, clean up result key manually
08:10:26 Cleaning registries for queue: 33
08:10:26 
08:10:26 *** Listening on 33...
08:10:26 33: RemoteBayesFactor.BayesFactorRemote(bayes_threshold=100, bf_data_folder='/panfs/panasas01/phys/bf16951/QMD/ParallelDevelopment/Results/Oct_01/12_46/BayesFactorsTimeRecords/', branchID=7, host_name='node44-009', interbranch=False, log_file='/panfs/panasas01/phys/bf16951/QMD/ParallelDevelopment/Results/Oct_01/12_46/logs/NV-exp-method-sim__random--probe__QMLA_33.qmd.8794746.log', model_a_id=15, model_b_id=16, num_times_to_use=750, port_number=6333, qid=33, times_record='/panfs/panasas01/phys/bf16951/QMD/ParallelDevelopment/Results/Oct_01/12_46/BayesFactorsTimeRecords/BayesFactorsPairsTimes_033.txt', trueModel='xTiPPyTiPPzTiPPzTz') (41f69b25-c26e-42af-8e42-b9b3dd4a7601)
08:58:24 33: Job OK (41f69b25-c26e-42af-8e42-b9b3dd4a7601)
08:58:24 Result will never expire, clean up result key manually
08:58:24 Cleaning registries for queue: 33
08:58:24 
08:58:24 *** Listening on 33...
08:58:24 33: RemoteModelLearning.learnModelRemote('xTiPPxTxPPxTyPPxTzPPyTiPPyTyPPyTzPPzTiPPzTz', 17.0, branchID=8, growth_generator='NV_alternative_model', host_name='node44-009', log_file='/panfs/panasas01/phys/bf16951/QMD/ParallelDevelopment/Results/Oct_01/12_46/logs/NV-exp-method-sim__random--probe__QMLA_33.qmd.8794746.log', port_number=6333, qid=33, remote=True) (ddde5f96-2da5-43f3-81ec-b73090a4f461)
09:22:37 33: Job OK (ddde5f96-2da5-43f3-81ec-b73090a4f461)
09:22:37 Result will never expire, clean up result key manually
09:22:37 33: RemoteBayesFactor.BayesFactorRemote(bayes_threshold=100, bf_data_folder='/panfs/panasas01/phys/bf16951/QMD/ParallelDevelopment/Results/Oct_01/12_46/BayesFactorsTimeRecords/', branchID=None, host_name='node44-009', interbranch=True, log_file='/panfs/panasas01/phys/bf16951/QMD/ParallelDevelopment/Results/Oct_01/12_46/logs/NV-exp-method-sim__random--probe__QMLA_33.qmd.8794746.log', model_a_id=1, model_b_id=3, num_times_to_use=750, port_number=6333, qid=33, times_record='/panfs/panasas01/phys/bf16951/QMD/ParallelDevelopment/Results/Oct_01/12_46/BayesFactorsTimeRecords/BayesFactorsPairsTimes_033.txt', trueModel='xTiPPyTiPPzTiPPzTz') (55fef180-a9da-4575-9317-cb9b050a208e)
09:22:37 33: RemoteBayesFactor.BayesFactorRemote(bayes_threshold=100, bf_data_folder='/panfs/panasas01/phys/bf16951/QMD/ParallelDevelopment/Results/Oct_01/12_46/BayesFactorsTimeRecords/', branchID=None, host_name='node44-009', interbranch=True, log_file='/panfs/panasas01/phys/bf16951/QMD/ParallelDevelopment/Results/Oct_01/12_46/logs/NV-exp-method-sim__random--probe__QMLA_33.qmd.8794746.log', model_a_id=3, model_b_id=5, num_times_to_use=750, port_number=6333, qid=33, times_record='/panfs/panasas01/phys/bf16951/QMD/ParallelDevelopment/Results/Oct_01/12_46/BayesFactorsTimeRecords/BayesFactorsPairsTimes_033.txt', trueModel='xTiPPyTiPPzTiPPzTz') (34095584-d601-4111-8e94-2363cefe796a)
09:22:37 33: RemoteBayesFactor.BayesFactorRemote(bayes_threshold=100, bf_data_folder='/panfs/panasas01/phys/bf16951/QMD/ParallelDevelopment/Results/Oct_01/12_46/BayesFactorsTimeRecords/', branchID=None, host_name='node44-009', interbranch=True, log_file='/panfs/panasas01/phys/bf16951/QMD/ParallelDevelopment/Results/Oct_01/12_46/logs/NV-exp-method-sim__random--probe__QMLA_33.qmd.8794746.log', model_a_id=5, model_b_id=6, num_times_to_use=750, port_number=6333, qid=33, times_record='/panfs/panasas01/phys/bf16951/QMD/ParallelDevelopment/Results/Oct_01/12_46/BayesFactorsTimeRecords/BayesFactorsPairsTimes_033.txt', trueModel='xTiPPyTiPPzTiPPzTz') (8586fb84-dcf4-4b60-b721-a8db6f094acc)
09:22:37 33: RemoteBayesFactor.BayesFactorRemote(bayes_threshold=100, bf_data_folder='/panfs/panasas01/phys/bf16951/QMD/ParallelDevelopment/Results/Oct_01/12_46/BayesFactorsTimeRecords/', branchID=None, host_name='node44-009', interbranch=True, log_file='/panfs/panasas01/phys/bf16951/QMD/ParallelDevelopment/Results/Oct_01/12_46/logs/NV-exp-method-sim__random--probe__QMLA_33.qmd.8794746.log', model_a_id=6, model_b_id=9, num_times_to_use=750, port_number=6333, qid=33, times_record='/panfs/panasas01/phys/bf16951/QMD/ParallelDevelopment/Results/Oct_01/12_46/BayesFactorsTimeRecords/BayesFactorsPairsTimes_033.txt', trueModel='xTiPPyTiPPzTiPPzTz') (0fe95211-c7c4-4356-a7b8-c77bf53f3b78)
09:22:37 Cleaning registries for queue: 33
09:22:37 
09:22:37 *** Listening on 33...
09:22:37 33: RemoteBayesFactor.BayesFactorRemote(bayes_threshold=100, bf_data_folder='/panfs/panasas01/phys/bf16951/QMD/ParallelDevelopment/Results/Oct_01/12_46/BayesFactorsTimeRecords/', branchID=None, host_name='node44-009', interbranch=True, log_file='/panfs/panasas01/phys/bf16951/QMD/ParallelDevelopment/Results/Oct_01/12_46/logs/NV-exp-method-sim__random--probe__QMLA_33.qmd.8794746.log', model_a_id=9, model_b_id=11, num_times_to_use=750, port_number=6333, qid=33, times_record='/panfs/panasas01/phys/bf16951/QMD/ParallelDevelopment/Results/Oct_01/12_46/BayesFactorsTimeRecords/BayesFactorsPairsTimes_033.txt', trueModel='xTiPPyTiPPzTiPPzTz') (bb73e667-7c77-44b3-bd1e-827be3151267)
09:22:37 33: RemoteBayesFactor.BayesFactorRemote(bayes_threshold=100, bf_data_folder='/panfs/panasas01/phys/bf16951/QMD/ParallelDevelopment/Results/Oct_01/12_46/BayesFactorsTimeRecords/', branchID=None, host_name='node44-009', interbranch=True, log_file='/panfs/panasas01/phys/bf16951/QMD/ParallelDevelopment/Results/Oct_01/12_46/logs/NV-exp-method-sim__random--probe__QMLA_33.qmd.8794746.log', model_a_id=11, model_b_id=14, num_times_to_use=750, port_number=6333, qid=33, times_record='/panfs/panasas01/phys/bf16951/QMD/ParallelDevelopment/Results/Oct_01/12_46/BayesFactorsTimeRecords/BayesFactorsPairsTimes_033.txt', trueModel='xTiPPyTiPPzTiPPzTz') (35f6a681-f280-40a8-b35d-73f04a831fcd)
10:11:53 33: Job OK (35f6a681-f280-40a8-b35d-73f04a831fcd)
10:11:53 Result will never expire, clean up result key manually
10:11:53 
10:11:53 *** Listening on 33...
10:11:53 33: RemoteBayesFactor.BayesFactorRemote(bayes_threshold=100, bf_data_folder='/panfs/panasas01/phys/bf16951/QMD/ParallelDevelopment/Results/Oct_01/12_46/BayesFactorsTimeRecords/', branchID=None, host_name='node44-009', interbranch=True, log_file='/panfs/panasas01/phys/bf16951/QMD/ParallelDevelopment/Results/Oct_01/12_46/logs/NV-exp-method-sim__random--probe__QMLA_33.qmd.8794746.log', model_a_id=14, model_b_id=16, num_times_to_use=750, port_number=6333, qid=33, times_record='/panfs/panasas01/phys/bf16951/QMD/ParallelDevelopment/Results/Oct_01/12_46/BayesFactorsTimeRecords/BayesFactorsPairsTimes_033.txt', trueModel='xTiPPyTiPPzTiPPzTz') (19e2acdb-e82b-47fc-8603-b558ea52ed06)
10:13:35 33: Job OK (bb73e667-7c77-44b3-bd1e-827be3151267)
10:13:35 Result will never expire, clean up result key manually
10:13:35 Cleaning registries for queue: 33
10:13:35 
10:13:35 *** Listening on 33...
10:13:35 33: RemoteBayesFactor.BayesFactorRemote(bayes_threshold=100, bf_data_folder='/panfs/panasas01/phys/bf16951/QMD/ParallelDevelopment/Results/Oct_01/12_46/BayesFactorsTimeRecords/', branchID=None, host_name='node44-009', interbranch=True, log_file='/panfs/panasas01/phys/bf16951/QMD/ParallelDevelopment/Results/Oct_01/12_46/logs/NV-exp-method-sim__random--probe__QMLA_33.qmd.8794746.log', model_a_id=16, model_b_id=17, num_times_to_use=750, port_number=6333, qid=33, times_record='/panfs/panasas01/phys/bf16951/QMD/ParallelDevelopment/Results/Oct_01/12_46/BayesFactorsTimeRecords/BayesFactorsPairsTimes_033.txt', trueModel='xTiPPyTiPPzTiPPzTz') (146a3ed5-6ddf-4189-bad4-4c6867c0d665)
10:13:45 33: Job OK (34095584-d601-4111-8e94-2363cefe796a)
10:13:45 Result will never expire, clean up result key manually
10:13:45 Cleaning registries for queue: 33
10:13:45 
10:13:45 *** Listening on 33...
10:13:55 33: Job OK (0fe95211-c7c4-4356-a7b8-c77bf53f3b78)
10:13:55 Result will never expire, clean up result key manually
10:13:55 Cleaning registries for queue: 33
10:13:55 
10:13:55 *** Listening on 33...
10:14:33 33: Job OK (55fef180-a9da-4575-9317-cb9b050a208e)
10:14:33 Result will never expire, clean up result key manually
10:14:33 Cleaning registries for queue: 33
10:14:33 
10:14:33 *** Listening on 33...
10:14:58 33: Job OK (8586fb84-dcf4-4b60-b721-a8db6f094acc)
10:14:58 Result will never expire, clean up result key manually
10:14:58 Cleaning registries for queue: 33
10:14:58 
10:14:58 *** Listening on 33...
10:59:44 33: Job OK (19e2acdb-e82b-47fc-8603-b558ea52ed06)
10:59:44 Result will never expire, clean up result key manually
10:59:44 Cleaning registries for queue: 33
10:59:44 
10:59:44 *** Listening on 33...
11:01:57 33: Job OK (146a3ed5-6ddf-4189-bad4-4c6867c0d665)
11:01:57 Result will never expire, clean up result key manually
11:01:57 
11:01:57 *** Listening on 33...
11:01:57 33: RemoteBayesFactor.BayesFactorRemote(bayes_threshold=100, bf_data_folder='/panfs/panasas01/phys/bf16951/QMD/ParallelDevelopment/Results/Oct_01/12_46/BayesFactorsTimeRecords/', branchID=9, host_name='node44-009', interbranch=False, log_file='/panfs/panasas01/phys/bf16951/QMD/ParallelDevelopment/Results/Oct_01/12_46/logs/NV-exp-method-sim__random--probe__QMLA_33.qmd.8794746.log', model_a_id=16.0, model_b_id=3.0, num_times_to_use=750, port_number=6333, qid=33, times_record='/panfs/panasas01/phys/bf16951/QMD/ParallelDevelopment/Results/Oct_01/12_46/BayesFactorsTimeRecords/BayesFactorsPairsTimes_033.txt', trueModel='xTiPPyTiPPzTiPPzTz') (d7fc103c-d002-43a6-983e-af632edacad1)
11:01:57 33: RemoteBayesFactor.BayesFactorRemote(bayes_threshold=100, bf_data_folder='/panfs/panasas01/phys/bf16951/QMD/ParallelDevelopment/Results/Oct_01/12_46/BayesFactorsTimeRecords/', branchID=9, host_name='node44-009', interbranch=False, log_file='/panfs/panasas01/phys/bf16951/QMD/ParallelDevelopment/Results/Oct_01/12_46/logs/NV-exp-method-sim__random--probe__QMLA_33.qmd.8794746.log', model_a_id=16.0, model_b_id=11.0, num_times_to_use=750, port_number=6333, qid=33, times_record='/panfs/panasas01/phys/bf16951/QMD/ParallelDevelopment/Results/Oct_01/12_46/BayesFactorsTimeRecords/BayesFactorsPairsTimes_033.txt', trueModel='xTiPPyTiPPzTiPPzTz') (8658fa07-860c-459d-9daa-3218237e7358)
11:01:57 33: RemoteBayesFactor.BayesFactorRemote(bayes_threshold=100, bf_data_folder='/panfs/panasas01/phys/bf16951/QMD/ParallelDevelopment/Results/Oct_01/12_46/BayesFactorsTimeRecords/', branchID=9, host_name='node44-009', interbranch=False, log_file='/panfs/panasas01/phys/bf16951/QMD/ParallelDevelopment/Results/Oct_01/12_46/logs/NV-exp-method-sim__random--probe__QMLA_33.qmd.8794746.log', model_a_id=16.0, model_b_id=6.0, num_times_to_use=750, port_number=6333, qid=33, times_record='/panfs/panasas01/phys/bf16951/QMD/ParallelDevelopment/Results/Oct_01/12_46/BayesFactorsTimeRecords/BayesFactorsPairsTimes_033.txt', trueModel='xTiPPyTiPPzTiPPzTz') (cdc86e21-9fc2-4731-ad53-cb0e2af1101f)
11:01:57 33: RemoteBayesFactor.BayesFactorRemote(bayes_threshold=100, bf_data_folder='/panfs/panasas01/phys/bf16951/QMD/ParallelDevelopment/Results/Oct_01/12_46/BayesFactorsTimeRecords/', branchID=9, host_name='node44-009', interbranch=False, log_file='/panfs/panasas01/phys/bf16951/QMD/ParallelDevelopment/Results/Oct_01/12_46/logs/NV-exp-method-sim__random--probe__QMLA_33.qmd.8794746.log', model_a_id=3.0, model_b_id=11.0, num_times_to_use=750, port_number=6333, qid=33, times_record='/panfs/panasas01/phys/bf16951/QMD/ParallelDevelopment/Results/Oct_01/12_46/BayesFactorsTimeRecords/BayesFactorsPairsTimes_033.txt', trueModel='xTiPPyTiPPzTiPPzTz') (a6dce00d-df4d-40f7-9fd9-4161d07770b6)
11:01:57 33: RemoteBayesFactor.BayesFactorRemote(bayes_threshold=100, bf_data_folder='/panfs/panasas01/phys/bf16951/QMD/ParallelDevelopment/Results/Oct_01/12_46/BayesFactorsTimeRecords/', branchID=9, host_name='node44-009', interbranch=False, log_file='/panfs/panasas01/phys/bf16951/QMD/ParallelDevelopment/Results/Oct_01/12_46/logs/NV-exp-method-sim__random--probe__QMLA_33.qmd.8794746.log', model_a_id=3.0, model_b_id=6.0, num_times_to_use=750, port_number=6333, qid=33, times_record='/panfs/panasas01/phys/bf16951/QMD/ParallelDevelopment/Results/Oct_01/12_46/BayesFactorsTimeRecords/BayesFactorsPairsTimes_033.txt', trueModel='xTiPPyTiPPzTiPPzTz') (04e3d3cc-1943-4720-8793-499d85d84e9a)
11:01:57 33: RemoteBayesFactor.BayesFactorRemote(bayes_threshold=100, bf_data_folder='/panfs/panasas01/phys/bf16951/QMD/ParallelDevelopment/Results/Oct_01/12_46/BayesFactorsTimeRecords/', branchID=9, host_name='node44-009', interbranch=False, log_file='/panfs/panasas01/phys/bf16951/QMD/ParallelDevelopment/Results/Oct_01/12_46/logs/NV-exp-method-sim__random--probe__QMLA_33.qmd.8794746.log', model_a_id=11.0, model_b_id=6.0, num_times_to_use=750, port_number=6333, qid=33, times_record='/panfs/panasas01/phys/bf16951/QMD/ParallelDevelopment/Results/Oct_01/12_46/BayesFactorsTimeRecords/BayesFactorsPairsTimes_033.txt', trueModel='xTiPPyTiPPzTiPPzTz') (6b8050a1-3f5e-4c78-895c-65770f87b74b)
11:53:11 33: Job OK (8658fa07-860c-459d-9daa-3218237e7358)
11:53:11 Result will never expire, clean up result key manually
11:53:11 Cleaning registries for queue: 33
11:53:11 
11:53:11 *** Listening on 33...
11:53:40 33: Job OK (d7fc103c-d002-43a6-983e-af632edacad1)
11:53:40 Result will never expire, clean up result key manually
11:53:40 Cleaning registries for queue: 33
11:53:40 
11:53:40 *** Listening on 33...
11:53:47 33: Job OK (cdc86e21-9fc2-4731-ad53-cb0e2af1101f)
11:53:47 Result will never expire, clean up result key manually
11:53:47 
11:53:47 *** Listening on 33...
11:53:49 33: Job OK (a6dce00d-df4d-40f7-9fd9-4161d07770b6)
11:53:49 Result will never expire, clean up result key manually
11:53:49 Cleaning registries for queue: 33
11:53:49 
11:53:49 *** Listening on 33...
11:54:00 33: Job OK (6b8050a1-3f5e-4c78-895c-65770f87b74b)
11:54:00 Result will never expire, clean up result key manually
11:54:00 Cleaning registries for queue: 33
11:54:00 
11:54:00 *** Listening on 33...
11:54:32 33: Job OK (04e3d3cc-1943-4720-8793-499d85d84e9a)
11:54:32 Result will never expire, clean up result key manually
11:54:32 Cleaning registries for queue: 33
11:54:32 
11:54:32 *** Listening on 33...
11:54:32 33: RemoteBayesFactor.BayesFactorRemote(bayes_threshold=100, bf_data_folder='/panfs/panasas01/phys/bf16951/QMD/ParallelDevelopment/Results/Oct_01/12_46/BayesFactorsTimeRecords/', branchID=None, host_name='node44-009', interbranch=True, log_file='/panfs/panasas01/phys/bf16951/QMD/ParallelDevelopment/Results/Oct_01/12_46/logs/NV-exp-method-sim__random--probe__QMLA_33.qmd.8794746.log', model_a_id=11, model_b_id=18, num_times_to_use=750, port_number=6333, qid=33, times_record='/panfs/panasas01/phys/bf16951/QMD/ParallelDevelopment/Results/Oct_01/12_46/BayesFactorsTimeRecords/BayesFactorsPairsTimes_033.txt', trueModel='xTiPPyTiPPzTiPPzTz') (ca8305e6-390b-43bd-abb5-b7dccc141311)
12:43:26 33: Job OK (ca8305e6-390b-43bd-abb5-b7dccc141311)
12:43:26 Result will never expire, clean up result key manually
12:43:26 
12:43:26 *** Listening on 33...
Error 111 connecting to node44-009:6333. Connection refused.
Error 111 connecting to node44-009:6333. Connection refused.
Error 111 connecting to node44-009:6333. Connection refused.
Error 111 connecting to node44-009:6333. Connection refused.
Error 111 connecting to node44-009:6333. Connection refused.
Error 111 connecting to node44-009:6333. Connection refused.
