23:27:06 RQ worker 'rq:worker:node35-022.84783' started, version 0.8.1
23:27:06 Cleaning registries for queue: 30
23:27:06 
23:27:06 *** Listening on 30...
23:27:06 RQ worker 'rq:worker:node35-022.84784' started, version 0.8.1
23:27:06 RQ worker 'rq:worker:node35-022.84780' started, version 0.8.1
23:27:06 RQ worker 'rq:worker:node35-022.84782' started, version 0.8.1
23:27:06 Cleaning registries for queue: 30
23:27:06 Cleaning registries for queue: 30
23:27:06 Cleaning registries for queue: 30
23:27:06 
23:27:06 
23:27:06 
23:27:06 *** Listening on 30...
23:27:06 *** Listening on 30...
23:27:06 *** Listening on 30...
23:27:06 RQ worker 'rq:worker:node35-022.84779' started, version 0.8.1
23:27:06 Cleaning registries for queue: 30
23:27:06 
23:27:06 *** Listening on 30...
23:27:06 RQ worker 'rq:worker:node35-022.84781' started, version 0.8.1
23:27:06 Cleaning registries for queue: 30
23:27:06 
23:27:06 *** Listening on 30...
23:27:19 30: RemoteModelLearning.learnModelRemote('xTi', 0.0, branchID=0, growth_generator='NV_alternative_model', host_name='node35-022', log_file='/panfs/panasas01/phys/bf16951/QMD/ParallelDevelopment/Results/Oct_01/12_46/logs/NV-exp-method-sim__random--probe__QMLA_30.qmd.8794743.log', port_number=6330, qid=30, remote=True) (effcda1b-aaaf-4f74-8f34-736934ba5f00)
23:27:19 30: RemoteModelLearning.learnModelRemote('zTi', 2.0, branchID=0, growth_generator='NV_alternative_model', host_name='node35-022', log_file='/panfs/panasas01/phys/bf16951/QMD/ParallelDevelopment/Results/Oct_01/12_46/logs/NV-exp-method-sim__random--probe__QMLA_30.qmd.8794743.log', port_number=6330, qid=30, remote=True) (97801683-ff0e-4d50-9e08-0052943357b6)
23:27:19 30: RemoteModelLearning.learnModelRemote('yTi', 1.0, branchID=0, growth_generator='NV_alternative_model', host_name='node35-022', log_file='/panfs/panasas01/phys/bf16951/QMD/ParallelDevelopment/Results/Oct_01/12_46/logs/NV-exp-method-sim__random--probe__QMLA_30.qmd.8794743.log', port_number=6330, qid=30, remote=True) (aa898c77-4915-4e7f-83c5-205cf49397a0)
23:52:51 30: Job OK (effcda1b-aaaf-4f74-8f34-736934ba5f00)
23:52:51 Result will never expire, clean up result key manually
23:52:51 
23:52:51 *** Listening on 30...
23:53:32 30: Job OK (aa898c77-4915-4e7f-83c5-205cf49397a0)
23:53:32 Result will never expire, clean up result key manually
23:53:32 
23:53:32 *** Listening on 30...
00:02:33 30: Job OK (97801683-ff0e-4d50-9e08-0052943357b6)
00:02:33 Result will never expire, clean up result key manually
00:02:33 
00:02:33 *** Listening on 30...
00:02:33 30: RemoteBayesFactor.BayesFactorRemote(bayes_threshold=100, bf_data_folder='/panfs/panasas01/phys/bf16951/QMD/ParallelDevelopment/Results/Oct_01/12_46/BayesFactorsTimeRecords/', branchID=0, host_name='node35-022', interbranch=False, log_file='/panfs/panasas01/phys/bf16951/QMD/ParallelDevelopment/Results/Oct_01/12_46/logs/NV-exp-method-sim__random--probe__QMLA_30.qmd.8794743.log', model_a_id=0, model_b_id=1, num_times_to_use=750, port_number=6330, qid=30, times_record='/panfs/panasas01/phys/bf16951/QMD/ParallelDevelopment/Results/Oct_01/12_46/BayesFactorsTimeRecords/BayesFactorsPairsTimes_030.txt', trueModel='xTiPPyTiPPzTiPPzTz') (035bf016-c33b-4991-9da5-3ace2e19ed37)
00:02:33 30: RemoteBayesFactor.BayesFactorRemote(bayes_threshold=100, bf_data_folder='/panfs/panasas01/phys/bf16951/QMD/ParallelDevelopment/Results/Oct_01/12_46/BayesFactorsTimeRecords/', branchID=0, host_name='node35-022', interbranch=False, log_file='/panfs/panasas01/phys/bf16951/QMD/ParallelDevelopment/Results/Oct_01/12_46/logs/NV-exp-method-sim__random--probe__QMLA_30.qmd.8794743.log', model_a_id=1, model_b_id=2, num_times_to_use=750, port_number=6330, qid=30, times_record='/panfs/panasas01/phys/bf16951/QMD/ParallelDevelopment/Results/Oct_01/12_46/BayesFactorsTimeRecords/BayesFactorsPairsTimes_030.txt', trueModel='xTiPPyTiPPzTiPPzTz') (8a4e5901-c663-4c7d-b3ca-cfc2f24b8700)
00:02:33 30: RemoteBayesFactor.BayesFactorRemote(bayes_threshold=100, bf_data_folder='/panfs/panasas01/phys/bf16951/QMD/ParallelDevelopment/Results/Oct_01/12_46/BayesFactorsTimeRecords/', branchID=0, host_name='node35-022', interbranch=False, log_file='/panfs/panasas01/phys/bf16951/QMD/ParallelDevelopment/Results/Oct_01/12_46/logs/NV-exp-method-sim__random--probe__QMLA_30.qmd.8794743.log', model_a_id=0, model_b_id=2, num_times_to_use=750, port_number=6330, qid=30, times_record='/panfs/panasas01/phys/bf16951/QMD/ParallelDevelopment/Results/Oct_01/12_46/BayesFactorsTimeRecords/BayesFactorsPairsTimes_030.txt', trueModel='xTiPPyTiPPzTiPPzTz') (d33e5f3d-25b6-4c22-a95e-cd8d39bb06e9)
00:54:55 30: Job OK (035bf016-c33b-4991-9da5-3ace2e19ed37)
00:54:55 Result will never expire, clean up result key manually
00:54:55 Cleaning registries for queue: 30
00:54:55 
00:54:55 *** Listening on 30...
01:05:05 30: Job OK (8a4e5901-c663-4c7d-b3ca-cfc2f24b8700)
01:05:05 Result will never expire, clean up result key manually
01:05:05 Cleaning registries for queue: 30
01:05:05 
01:05:05 *** Listening on 30...
01:05:10 30: Job OK (d33e5f3d-25b6-4c22-a95e-cd8d39bb06e9)
01:05:10 Result will never expire, clean up result key manually
01:05:10 Cleaning registries for queue: 30
01:05:10 
01:05:10 *** Listening on 30...
01:05:10 30: RemoteModelLearning.learnModelRemote('yTiPPzTi', 3.0, branchID=1, growth_generator='NV_alternative_model', host_name='node35-022', log_file='/panfs/panasas01/phys/bf16951/QMD/ParallelDevelopment/Results/Oct_01/12_46/logs/NV-exp-method-sim__random--probe__QMLA_30.qmd.8794743.log', port_number=6330, qid=30, remote=True) (d6b00d19-875e-440c-8246-c977a3999476)
01:05:10 30: RemoteModelLearning.learnModelRemote('xTiPPyTi', 4.0, branchID=1, growth_generator='NV_alternative_model', host_name='node35-022', log_file='/panfs/panasas01/phys/bf16951/QMD/ParallelDevelopment/Results/Oct_01/12_46/logs/NV-exp-method-sim__random--probe__QMLA_30.qmd.8794743.log', port_number=6330, qid=30, remote=True) (87248941-afc2-474f-9a6f-cd0a44696ba5)
01:31:35 30: Job OK (87248941-afc2-474f-9a6f-cd0a44696ba5)
01:31:35 Result will never expire, clean up result key manually
01:31:35 
01:31:35 *** Listening on 30...
01:31:35 30: Job OK (d6b00d19-875e-440c-8246-c977a3999476)
01:31:35 Result will never expire, clean up result key manually
01:31:35 Cleaning registries for queue: 30
01:31:35 
01:31:35 *** Listening on 30...
01:31:35 30: RemoteBayesFactor.BayesFactorRemote(bayes_threshold=100, bf_data_folder='/panfs/panasas01/phys/bf16951/QMD/ParallelDevelopment/Results/Oct_01/12_46/BayesFactorsTimeRecords/', branchID=1, host_name='node35-022', interbranch=False, log_file='/panfs/panasas01/phys/bf16951/QMD/ParallelDevelopment/Results/Oct_01/12_46/logs/NV-exp-method-sim__random--probe__QMLA_30.qmd.8794743.log', model_a_id=3, model_b_id=4, num_times_to_use=750, port_number=6330, qid=30, times_record='/panfs/panasas01/phys/bf16951/QMD/ParallelDevelopment/Results/Oct_01/12_46/BayesFactorsTimeRecords/BayesFactorsPairsTimes_030.txt', trueModel='xTiPPyTiPPzTiPPzTz') (ce0f4d70-0d7f-4209-9994-e0c1c3a23d8c)
02:23:46 30: Job OK (ce0f4d70-0d7f-4209-9994-e0c1c3a23d8c)
02:23:46 Result will never expire, clean up result key manually
02:23:46 Cleaning registries for queue: 30
02:23:46 
02:23:46 *** Listening on 30...
02:23:46 30: RemoteModelLearning.learnModelRemote('xTiPPyTiPPzTi', 5.0, branchID=2, growth_generator='NV_alternative_model', host_name='node35-022', log_file='/panfs/panasas01/phys/bf16951/QMD/ParallelDevelopment/Results/Oct_01/12_46/logs/NV-exp-method-sim__random--probe__QMLA_30.qmd.8794743.log', port_number=6330, qid=30, remote=True) (3160f796-09de-479a-9dd4-2731242c6e4d)
02:49:52 30: Job OK (3160f796-09de-479a-9dd4-2731242c6e4d)
02:49:52 Result will never expire, clean up result key manually
02:49:52 Cleaning registries for queue: 30
02:49:52 
02:49:52 *** Listening on 30...
02:49:53 30: RemoteModelLearning.learnModelRemote('xTiPPyTiPPyTyPPzTi', 6.0, branchID=3, growth_generator='NV_alternative_model', host_name='node35-022', log_file='/panfs/panasas01/phys/bf16951/QMD/ParallelDevelopment/Results/Oct_01/12_46/logs/NV-exp-method-sim__random--probe__QMLA_30.qmd.8794743.log', port_number=6330, qid=30, remote=True) (900b56cd-3ac9-4c67-8916-6ff3fa7d372d)
02:49:53 30: RemoteModelLearning.learnModelRemote('xTiPPxTxPPyTiPPzTi', 7.0, branchID=3, growth_generator='NV_alternative_model', host_name='node35-022', log_file='/panfs/panasas01/phys/bf16951/QMD/ParallelDevelopment/Results/Oct_01/12_46/logs/NV-exp-method-sim__random--probe__QMLA_30.qmd.8794743.log', port_number=6330, qid=30, remote=True) (909efbac-323e-4711-a941-c3b8ecc111fd)
02:49:53 30: RemoteModelLearning.learnModelRemote('xTiPPyTiPPzTiPPzTz', 8.0, branchID=3, growth_generator='NV_alternative_model', host_name='node35-022', log_file='/panfs/panasas01/phys/bf16951/QMD/ParallelDevelopment/Results/Oct_01/12_46/logs/NV-exp-method-sim__random--probe__QMLA_30.qmd.8794743.log', port_number=6330, qid=30, remote=True) (0688b3b0-467e-4eef-99e8-d7f2f4a28750)
03:15:13 30: Job OK (900b56cd-3ac9-4c67-8916-6ff3fa7d372d)
03:15:13 Result will never expire, clean up result key manually
03:15:13 Cleaning registries for queue: 30
03:15:13 
03:15:13 *** Listening on 30...
03:15:48 30: Job OK (909efbac-323e-4711-a941-c3b8ecc111fd)
03:15:48 Result will never expire, clean up result key manually
03:15:48 Cleaning registries for queue: 30
03:15:48 
03:15:48 *** Listening on 30...
03:16:06 30: Job OK (0688b3b0-467e-4eef-99e8-d7f2f4a28750)
03:16:06 Result will never expire, clean up result key manually
03:16:06 Cleaning registries for queue: 30
03:16:06 
03:16:06 *** Listening on 30...
03:16:06 30: RemoteBayesFactor.BayesFactorRemote(bayes_threshold=100, bf_data_folder='/panfs/panasas01/phys/bf16951/QMD/ParallelDevelopment/Results/Oct_01/12_46/BayesFactorsTimeRecords/', branchID=3, host_name='node35-022', interbranch=False, log_file='/panfs/panasas01/phys/bf16951/QMD/ParallelDevelopment/Results/Oct_01/12_46/logs/NV-exp-method-sim__random--probe__QMLA_30.qmd.8794743.log', model_a_id=6, model_b_id=7, num_times_to_use=750, port_number=6330, qid=30, times_record='/panfs/panasas01/phys/bf16951/QMD/ParallelDevelopment/Results/Oct_01/12_46/BayesFactorsTimeRecords/BayesFactorsPairsTimes_030.txt', trueModel='xTiPPyTiPPzTiPPzTz') (8eb3cf13-4839-40f2-8059-5fd4266d556f)
03:16:06 30: RemoteBayesFactor.BayesFactorRemote(bayes_threshold=100, bf_data_folder='/panfs/panasas01/phys/bf16951/QMD/ParallelDevelopment/Results/Oct_01/12_46/BayesFactorsTimeRecords/', branchID=3, host_name='node35-022', interbranch=False, log_file='/panfs/panasas01/phys/bf16951/QMD/ParallelDevelopment/Results/Oct_01/12_46/logs/NV-exp-method-sim__random--probe__QMLA_30.qmd.8794743.log', model_a_id=7, model_b_id=8, num_times_to_use=750, port_number=6330, qid=30, times_record='/panfs/panasas01/phys/bf16951/QMD/ParallelDevelopment/Results/Oct_01/12_46/BayesFactorsTimeRecords/BayesFactorsPairsTimes_030.txt', trueModel='xTiPPyTiPPzTiPPzTz') (73a66e9c-8d52-469c-b0c7-dee6749d1bdb)
03:16:06 30: RemoteBayesFactor.BayesFactorRemote(bayes_threshold=100, bf_data_folder='/panfs/panasas01/phys/bf16951/QMD/ParallelDevelopment/Results/Oct_01/12_46/BayesFactorsTimeRecords/', branchID=3, host_name='node35-022', interbranch=False, log_file='/panfs/panasas01/phys/bf16951/QMD/ParallelDevelopment/Results/Oct_01/12_46/logs/NV-exp-method-sim__random--probe__QMLA_30.qmd.8794743.log', model_a_id=6, model_b_id=8, num_times_to_use=750, port_number=6330, qid=30, times_record='/panfs/panasas01/phys/bf16951/QMD/ParallelDevelopment/Results/Oct_01/12_46/BayesFactorsTimeRecords/BayesFactorsPairsTimes_030.txt', trueModel='xTiPPyTiPPzTiPPzTz') (7f951a03-8ae8-4282-9eaa-1fe2fad9423e)
04:07:27 30: Job OK (8eb3cf13-4839-40f2-8059-5fd4266d556f)
04:07:27 Result will never expire, clean up result key manually
04:07:27 Cleaning registries for queue: 30
04:07:27 
04:07:27 *** Listening on 30...
04:07:34 30: Job OK (7f951a03-8ae8-4282-9eaa-1fe2fad9423e)
04:07:34 Result will never expire, clean up result key manually
04:07:34 Cleaning registries for queue: 30
04:07:34 
04:07:34 *** Listening on 30...
04:08:18 30: Job OK (73a66e9c-8d52-469c-b0c7-dee6749d1bdb)
04:08:18 Result will never expire, clean up result key manually
04:08:18 Cleaning registries for queue: 30
04:08:18 
04:08:18 *** Listening on 30...
04:08:19 30: RemoteModelLearning.learnModelRemote('xTiPPyTiPPyTyPPzTiPPzTz', 9.0, branchID=4, growth_generator='NV_alternative_model', host_name='node35-022', log_file='/panfs/panasas01/phys/bf16951/QMD/ParallelDevelopment/Results/Oct_01/12_46/logs/NV-exp-method-sim__random--probe__QMLA_30.qmd.8794743.log', port_number=6330, qid=30, remote=True) (8b1b37e4-6f25-411f-bca4-e8fafc9646b2)
04:08:19 30: RemoteModelLearning.learnModelRemote('xTiPPxTxPPyTiPPzTiPPzTz', 10.0, branchID=4, growth_generator='NV_alternative_model', host_name='node35-022', log_file='/panfs/panasas01/phys/bf16951/QMD/ParallelDevelopment/Results/Oct_01/12_46/logs/NV-exp-method-sim__random--probe__QMLA_30.qmd.8794743.log', port_number=6330, qid=30, remote=True) (73d63f39-a8ad-4075-ad6f-7ca046d15db8)
04:34:02 30: Job OK (73d63f39-a8ad-4075-ad6f-7ca046d15db8)
04:34:02 Result will never expire, clean up result key manually
04:34:02 Cleaning registries for queue: 30
04:34:02 
04:34:02 *** Listening on 30...
04:34:02 30: Job OK (8b1b37e4-6f25-411f-bca4-e8fafc9646b2)
04:34:02 Result will never expire, clean up result key manually
04:34:02 Cleaning registries for queue: 30
04:34:02 
04:34:02 *** Listening on 30...
04:34:02 30: RemoteBayesFactor.BayesFactorRemote(bayes_threshold=100, bf_data_folder='/panfs/panasas01/phys/bf16951/QMD/ParallelDevelopment/Results/Oct_01/12_46/BayesFactorsTimeRecords/', branchID=4, host_name='node35-022', interbranch=False, log_file='/panfs/panasas01/phys/bf16951/QMD/ParallelDevelopment/Results/Oct_01/12_46/logs/NV-exp-method-sim__random--probe__QMLA_30.qmd.8794743.log', model_a_id=9, model_b_id=10, num_times_to_use=750, port_number=6330, qid=30, times_record='/panfs/panasas01/phys/bf16951/QMD/ParallelDevelopment/Results/Oct_01/12_46/BayesFactorsTimeRecords/BayesFactorsPairsTimes_030.txt', trueModel='xTiPPyTiPPzTiPPzTz') (1d7ac82c-d2e4-4b8b-ab38-d7d586eaccdc)
05:25:23 30: Job OK (1d7ac82c-d2e4-4b8b-ab38-d7d586eaccdc)
05:25:23 Result will never expire, clean up result key manually
05:25:23 Cleaning registries for queue: 30
05:25:23 
05:25:23 *** Listening on 30...
05:25:23 30: RemoteModelLearning.learnModelRemote('xTiPPxTxPPyTiPPyTyPPzTiPPzTz', 11.0, branchID=5, growth_generator='NV_alternative_model', host_name='node35-022', log_file='/panfs/panasas01/phys/bf16951/QMD/ParallelDevelopment/Results/Oct_01/12_46/logs/NV-exp-method-sim__random--probe__QMLA_30.qmd.8794743.log', port_number=6330, qid=30, remote=True) (7a443b71-6f63-421e-8380-66bf67450243)
05:50:24 30: Job OK (7a443b71-6f63-421e-8380-66bf67450243)
05:50:24 Result will never expire, clean up result key manually
05:50:24 Cleaning registries for queue: 30
05:50:24 
05:50:24 *** Listening on 30...
05:50:24 30: RemoteModelLearning.learnModelRemote('xTiPPxTxPPyTiPPyTyPPyTzPPzTiPPzTz', 12.0, branchID=6, growth_generator='NV_alternative_model', host_name='node35-022', log_file='/panfs/panasas01/phys/bf16951/QMD/ParallelDevelopment/Results/Oct_01/12_46/logs/NV-exp-method-sim__random--probe__QMLA_30.qmd.8794743.log', port_number=6330, qid=30, remote=True) (27e5f5c7-8fa7-4600-8e81-c2ad9e7f1dc3)
05:50:24 30: RemoteModelLearning.learnModelRemote('xTiPPxTxPPxTzPPyTiPPyTyPPzTiPPzTz', 13.0, branchID=6, growth_generator='NV_alternative_model', host_name='node35-022', log_file='/panfs/panasas01/phys/bf16951/QMD/ParallelDevelopment/Results/Oct_01/12_46/logs/NV-exp-method-sim__random--probe__QMLA_30.qmd.8794743.log', port_number=6330, qid=30, remote=True) (3cac7a53-bc02-4006-9de5-1ef510c72ba0)
05:50:24 30: RemoteModelLearning.learnModelRemote('xTiPPxTxPPxTyPPyTiPPyTyPPzTiPPzTz', 14.0, branchID=6, growth_generator='NV_alternative_model', host_name='node35-022', log_file='/panfs/panasas01/phys/bf16951/QMD/ParallelDevelopment/Results/Oct_01/12_46/logs/NV-exp-method-sim__random--probe__QMLA_30.qmd.8794743.log', port_number=6330, qid=30, remote=True) (8da4899c-a32e-4987-adbb-3afc61462ad3)
06:15:01 30: Job OK (27e5f5c7-8fa7-4600-8e81-c2ad9e7f1dc3)
06:15:01 Result will never expire, clean up result key manually
06:15:01 Cleaning registries for queue: 30
06:15:01 
06:15:01 *** Listening on 30...
06:15:23 30: Job OK (3cac7a53-bc02-4006-9de5-1ef510c72ba0)
06:15:23 Result will never expire, clean up result key manually
06:15:23 Cleaning registries for queue: 30
06:15:23 
06:15:23 *** Listening on 30...
06:15:54 30: Job OK (8da4899c-a32e-4987-adbb-3afc61462ad3)
06:15:54 Result will never expire, clean up result key manually
06:15:54 
06:15:54 *** Listening on 30...
06:15:54 30: RemoteBayesFactor.BayesFactorRemote(bayes_threshold=100, bf_data_folder='/panfs/panasas01/phys/bf16951/QMD/ParallelDevelopment/Results/Oct_01/12_46/BayesFactorsTimeRecords/', branchID=6, host_name='node35-022', interbranch=False, log_file='/panfs/panasas01/phys/bf16951/QMD/ParallelDevelopment/Results/Oct_01/12_46/logs/NV-exp-method-sim__random--probe__QMLA_30.qmd.8794743.log', model_a_id=12, model_b_id=13, num_times_to_use=750, port_number=6330, qid=30, times_record='/panfs/panasas01/phys/bf16951/QMD/ParallelDevelopment/Results/Oct_01/12_46/BayesFactorsTimeRecords/BayesFactorsPairsTimes_030.txt', trueModel='xTiPPyTiPPzTiPPzTz') (aca5ef79-ea57-45c2-8423-d697ab3a7e65)
06:15:54 30: RemoteBayesFactor.BayesFactorRemote(bayes_threshold=100, bf_data_folder='/panfs/panasas01/phys/bf16951/QMD/ParallelDevelopment/Results/Oct_01/12_46/BayesFactorsTimeRecords/', branchID=6, host_name='node35-022', interbranch=False, log_file='/panfs/panasas01/phys/bf16951/QMD/ParallelDevelopment/Results/Oct_01/12_46/logs/NV-exp-method-sim__random--probe__QMLA_30.qmd.8794743.log', model_a_id=12, model_b_id=14, num_times_to_use=750, port_number=6330, qid=30, times_record='/panfs/panasas01/phys/bf16951/QMD/ParallelDevelopment/Results/Oct_01/12_46/BayesFactorsTimeRecords/BayesFactorsPairsTimes_030.txt', trueModel='xTiPPyTiPPzTiPPzTz') (622b5ae1-fc2e-40bd-9fb6-2ba101d50c24)
06:15:54 30: RemoteBayesFactor.BayesFactorRemote(bayes_threshold=100, bf_data_folder='/panfs/panasas01/phys/bf16951/QMD/ParallelDevelopment/Results/Oct_01/12_46/BayesFactorsTimeRecords/', branchID=6, host_name='node35-022', interbranch=False, log_file='/panfs/panasas01/phys/bf16951/QMD/ParallelDevelopment/Results/Oct_01/12_46/logs/NV-exp-method-sim__random--probe__QMLA_30.qmd.8794743.log', model_a_id=13, model_b_id=14, num_times_to_use=750, port_number=6330, qid=30, times_record='/panfs/panasas01/phys/bf16951/QMD/ParallelDevelopment/Results/Oct_01/12_46/BayesFactorsTimeRecords/BayesFactorsPairsTimes_030.txt', trueModel='xTiPPyTiPPzTiPPzTz') (a9f3001b-cd7b-46f0-bf6b-3e10e1df41b4)
07:05:56 30: Job OK (aca5ef79-ea57-45c2-8423-d697ab3a7e65)
07:05:56 Result will never expire, clean up result key manually
07:05:56 Cleaning registries for queue: 30
07:05:56 
07:05:56 *** Listening on 30...
07:06:19 30: Job OK (622b5ae1-fc2e-40bd-9fb6-2ba101d50c24)
07:06:19 Result will never expire, clean up result key manually
07:06:19 Cleaning registries for queue: 30
07:06:19 
07:06:19 *** Listening on 30...
07:06:36 30: Job OK (a9f3001b-cd7b-46f0-bf6b-3e10e1df41b4)
07:06:36 Result will never expire, clean up result key manually
07:06:36 Cleaning registries for queue: 30
07:06:36 
07:06:36 *** Listening on 30...
07:06:36 30: RemoteModelLearning.learnModelRemote('xTiPPxTxPPxTyPPyTiPPyTyPPyTzPPzTiPPzTz', 15.0, branchID=7, growth_generator='NV_alternative_model', host_name='node35-022', log_file='/panfs/panasas01/phys/bf16951/QMD/ParallelDevelopment/Results/Oct_01/12_46/logs/NV-exp-method-sim__random--probe__QMLA_30.qmd.8794743.log', port_number=6330, qid=30, remote=True) (f038f196-f643-41b8-9f61-aaffbef339b9)
07:06:36 30: RemoteModelLearning.learnModelRemote('xTiPPxTxPPxTyPPxTzPPyTiPPyTyPPzTiPPzTz', 16.0, branchID=7, growth_generator='NV_alternative_model', host_name='node35-022', log_file='/panfs/panasas01/phys/bf16951/QMD/ParallelDevelopment/Results/Oct_01/12_46/logs/NV-exp-method-sim__random--probe__QMLA_30.qmd.8794743.log', port_number=6330, qid=30, remote=True) (828166fa-b836-49e8-aa1a-8fdb296dfeb8)
07:30:55 30: Job OK (828166fa-b836-49e8-aa1a-8fdb296dfeb8)
07:30:55 Result will never expire, clean up result key manually
07:30:56 Cleaning registries for queue: 30
07:30:56 
07:30:56 *** Listening on 30...
07:31:16 30: Job OK (f038f196-f643-41b8-9f61-aaffbef339b9)
07:31:16 Result will never expire, clean up result key manually
07:31:16 Cleaning registries for queue: 30
07:31:16 
07:31:16 *** Listening on 30...
07:31:16 30: RemoteBayesFactor.BayesFactorRemote(bayes_threshold=100, bf_data_folder='/panfs/panasas01/phys/bf16951/QMD/ParallelDevelopment/Results/Oct_01/12_46/BayesFactorsTimeRecords/', branchID=7, host_name='node35-022', interbranch=False, log_file='/panfs/panasas01/phys/bf16951/QMD/ParallelDevelopment/Results/Oct_01/12_46/logs/NV-exp-method-sim__random--probe__QMLA_30.qmd.8794743.log', model_a_id=15, model_b_id=16, num_times_to_use=750, port_number=6330, qid=30, times_record='/panfs/panasas01/phys/bf16951/QMD/ParallelDevelopment/Results/Oct_01/12_46/BayesFactorsTimeRecords/BayesFactorsPairsTimes_030.txt', trueModel='xTiPPyTiPPzTiPPzTz') (7511896e-f0c5-4991-abf8-f415937963ba)
08:19:56 30: Job OK (7511896e-f0c5-4991-abf8-f415937963ba)
08:19:56 Result will never expire, clean up result key manually
08:19:56 Cleaning registries for queue: 30
08:19:56 
08:19:56 *** Listening on 30...
08:19:56 30: RemoteModelLearning.learnModelRemote('xTiPPxTxPPxTyPPxTzPPyTiPPyTyPPyTzPPzTiPPzTz', 17.0, branchID=8, growth_generator='NV_alternative_model', host_name='node35-022', log_file='/panfs/panasas01/phys/bf16951/QMD/ParallelDevelopment/Results/Oct_01/12_46/logs/NV-exp-method-sim__random--probe__QMLA_30.qmd.8794743.log', port_number=6330, qid=30, remote=True) (77553073-195a-4975-9ada-fa1e120744c5)
08:44:30 30: Job OK (77553073-195a-4975-9ada-fa1e120744c5)
08:44:30 Result will never expire, clean up result key manually
08:44:30 30: RemoteBayesFactor.BayesFactorRemote(bayes_threshold=100, bf_data_folder='/panfs/panasas01/phys/bf16951/QMD/ParallelDevelopment/Results/Oct_01/12_46/BayesFactorsTimeRecords/', branchID=None, host_name='node35-022', interbranch=True, log_file='/panfs/panasas01/phys/bf16951/QMD/ParallelDevelopment/Results/Oct_01/12_46/logs/NV-exp-method-sim__random--probe__QMLA_30.qmd.8794743.log', model_a_id=1, model_b_id=3, num_times_to_use=750, port_number=6330, qid=30, times_record='/panfs/panasas01/phys/bf16951/QMD/ParallelDevelopment/Results/Oct_01/12_46/BayesFactorsTimeRecords/BayesFactorsPairsTimes_030.txt', trueModel='xTiPPyTiPPzTiPPzTz') (24e8d8de-d09b-4440-9774-82aad74daf94)
08:44:30 30: RemoteBayesFactor.BayesFactorRemote(bayes_threshold=100, bf_data_folder='/panfs/panasas01/phys/bf16951/QMD/ParallelDevelopment/Results/Oct_01/12_46/BayesFactorsTimeRecords/', branchID=None, host_name='node35-022', interbranch=True, log_file='/panfs/panasas01/phys/bf16951/QMD/ParallelDevelopment/Results/Oct_01/12_46/logs/NV-exp-method-sim__random--probe__QMLA_30.qmd.8794743.log', model_a_id=3, model_b_id=5, num_times_to_use=750, port_number=6330, qid=30, times_record='/panfs/panasas01/phys/bf16951/QMD/ParallelDevelopment/Results/Oct_01/12_46/BayesFactorsTimeRecords/BayesFactorsPairsTimes_030.txt', trueModel='xTiPPyTiPPzTiPPzTz') (e2c3f6ea-7d7a-4a13-813e-6cba21f990c7)
08:44:30 30: RemoteBayesFactor.BayesFactorRemote(bayes_threshold=100, bf_data_folder='/panfs/panasas01/phys/bf16951/QMD/ParallelDevelopment/Results/Oct_01/12_46/BayesFactorsTimeRecords/', branchID=None, host_name='node35-022', interbranch=True, log_file='/panfs/panasas01/phys/bf16951/QMD/ParallelDevelopment/Results/Oct_01/12_46/logs/NV-exp-method-sim__random--probe__QMLA_30.qmd.8794743.log', model_a_id=5, model_b_id=8, num_times_to_use=750, port_number=6330, qid=30, times_record='/panfs/panasas01/phys/bf16951/QMD/ParallelDevelopment/Results/Oct_01/12_46/BayesFactorsTimeRecords/BayesFactorsPairsTimes_030.txt', trueModel='xTiPPyTiPPzTiPPzTz') (7088eea1-58c2-46f0-a148-36d9456a83dc)
08:44:30 Cleaning registries for queue: 30
08:44:30 
08:44:30 30: RemoteBayesFactor.BayesFactorRemote(bayes_threshold=100, bf_data_folder='/panfs/panasas01/phys/bf16951/QMD/ParallelDevelopment/Results/Oct_01/12_46/BayesFactorsTimeRecords/', branchID=None, host_name='node35-022', interbranch=True, log_file='/panfs/panasas01/phys/bf16951/QMD/ParallelDevelopment/Results/Oct_01/12_46/logs/NV-exp-method-sim__random--probe__QMLA_30.qmd.8794743.log', model_a_id=8, model_b_id=9, num_times_to_use=750, port_number=6330, qid=30, times_record='/panfs/panasas01/phys/bf16951/QMD/ParallelDevelopment/Results/Oct_01/12_46/BayesFactorsTimeRecords/BayesFactorsPairsTimes_030.txt', trueModel='xTiPPyTiPPzTiPPzTz') (ae4fdbdc-b1a6-4edf-a322-19ea8672450b)
08:44:30 *** Listening on 30...
08:44:30 30: RemoteBayesFactor.BayesFactorRemote(bayes_threshold=100, bf_data_folder='/panfs/panasas01/phys/bf16951/QMD/ParallelDevelopment/Results/Oct_01/12_46/BayesFactorsTimeRecords/', branchID=None, host_name='node35-022', interbranch=True, log_file='/panfs/panasas01/phys/bf16951/QMD/ParallelDevelopment/Results/Oct_01/12_46/logs/NV-exp-method-sim__random--probe__QMLA_30.qmd.8794743.log', model_a_id=9, model_b_id=11, num_times_to_use=750, port_number=6330, qid=30, times_record='/panfs/panasas01/phys/bf16951/QMD/ParallelDevelopment/Results/Oct_01/12_46/BayesFactorsTimeRecords/BayesFactorsPairsTimes_030.txt', trueModel='xTiPPyTiPPzTiPPzTz') (90da19e1-6ee0-43d2-8690-3c6a5409e64d)
08:44:30 30: RemoteBayesFactor.BayesFactorRemote(bayes_threshold=100, bf_data_folder='/panfs/panasas01/phys/bf16951/QMD/ParallelDevelopment/Results/Oct_01/12_46/BayesFactorsTimeRecords/', branchID=None, host_name='node35-022', interbranch=True, log_file='/panfs/panasas01/phys/bf16951/QMD/ParallelDevelopment/Results/Oct_01/12_46/logs/NV-exp-method-sim__random--probe__QMLA_30.qmd.8794743.log', model_a_id=11, model_b_id=14, num_times_to_use=750, port_number=6330, qid=30, times_record='/panfs/panasas01/phys/bf16951/QMD/ParallelDevelopment/Results/Oct_01/12_46/BayesFactorsTimeRecords/BayesFactorsPairsTimes_030.txt', trueModel='xTiPPyTiPPzTiPPzTz') (cc5be6d4-8d9c-48f1-b97d-c41370ab3394)
09:35:20 30: Job OK (cc5be6d4-8d9c-48f1-b97d-c41370ab3394)
09:35:20 Result will never expire, clean up result key manually
09:35:20 
09:35:20 *** Listening on 30...
09:35:20 30: RemoteBayesFactor.BayesFactorRemote(bayes_threshold=100, bf_data_folder='/panfs/panasas01/phys/bf16951/QMD/ParallelDevelopment/Results/Oct_01/12_46/BayesFactorsTimeRecords/', branchID=None, host_name='node35-022', interbranch=True, log_file='/panfs/panasas01/phys/bf16951/QMD/ParallelDevelopment/Results/Oct_01/12_46/logs/NV-exp-method-sim__random--probe__QMLA_30.qmd.8794743.log', model_a_id=14, model_b_id=15, num_times_to_use=750, port_number=6330, qid=30, times_record='/panfs/panasas01/phys/bf16951/QMD/ParallelDevelopment/Results/Oct_01/12_46/BayesFactorsTimeRecords/BayesFactorsPairsTimes_030.txt', trueModel='xTiPPyTiPPzTiPPzTz') (383d21a7-21ef-4b17-8cdd-8b5ffecaf376)
09:35:56 30: Job OK (ae4fdbdc-b1a6-4edf-a322-19ea8672450b)
09:35:56 Result will never expire, clean up result key manually
09:35:56 Cleaning registries for queue: 30
09:35:56 
09:35:56 *** Listening on 30...
09:35:56 30: RemoteBayesFactor.BayesFactorRemote(bayes_threshold=100, bf_data_folder='/panfs/panasas01/phys/bf16951/QMD/ParallelDevelopment/Results/Oct_01/12_46/BayesFactorsTimeRecords/', branchID=None, host_name='node35-022', interbranch=True, log_file='/panfs/panasas01/phys/bf16951/QMD/ParallelDevelopment/Results/Oct_01/12_46/logs/NV-exp-method-sim__random--probe__QMLA_30.qmd.8794743.log', model_a_id=15, model_b_id=17, num_times_to_use=750, port_number=6330, qid=30, times_record='/panfs/panasas01/phys/bf16951/QMD/ParallelDevelopment/Results/Oct_01/12_46/BayesFactorsTimeRecords/BayesFactorsPairsTimes_030.txt', trueModel='xTiPPyTiPPzTiPPzTz') (cbb17276-4cf5-4afc-924a-d4320a10ed07)
09:36:02 30: Job OK (90da19e1-6ee0-43d2-8690-3c6a5409e64d)
09:36:02 Result will never expire, clean up result key manually
09:36:02 Cleaning registries for queue: 30
09:36:02 
09:36:02 *** Listening on 30...
09:36:31 30: Job OK (7088eea1-58c2-46f0-a148-36d9456a83dc)
09:36:31 Result will never expire, clean up result key manually
09:36:31 Cleaning registries for queue: 30
09:36:31 
09:36:31 *** Listening on 30...
09:36:57 30: Job OK (24e8d8de-d09b-4440-9774-82aad74daf94)
09:36:57 Result will never expire, clean up result key manually
09:36:57 Cleaning registries for queue: 30
09:36:57 
09:36:57 *** Listening on 30...
09:37:03 30: Job OK (e2c3f6ea-7d7a-4a13-813e-6cba21f990c7)
09:37:03 Result will never expire, clean up result key manually
09:37:03 Cleaning registries for queue: 30
09:37:03 
09:37:03 *** Listening on 30...
10:24:29 30: Job OK (383d21a7-21ef-4b17-8cdd-8b5ffecaf376)
10:24:29 Result will never expire, clean up result key manually
10:24:29 Cleaning registries for queue: 30
10:24:29 
10:24:29 *** Listening on 30...
10:24:35 30: Job OK (cbb17276-4cf5-4afc-924a-d4320a10ed07)
10:24:35 Result will never expire, clean up result key manually
10:24:35 
10:24:35 *** Listening on 30...
Error 111 connecting to node35-022:6330. Connection refused.
Error 111 connecting to node35-022:6330. Connection refused.
Error 111 connecting to node35-022:6330. Connection refused.
Error 111 connecting to node35-022:6330. Connection refused.
Error 111 connecting to node35-022:6330. Connection refused.
Error 111 connecting to node35-022:6330. Connection refused.
