13:43:24 RQ worker 'rq:worker:node33-037.108191' started, version 0.8.1
13:43:24 RQ worker 'rq:worker:node33-037.108190' started, version 0.8.1
13:43:24 RQ worker 'rq:worker:node33-037.108181' started, version 0.8.1
13:43:24 RQ worker 'rq:worker:node33-037.108187' started, version 0.8.1
13:43:24 RQ worker 'rq:worker:node33-037.108185' started, version 0.8.1
13:43:24 Cleaning registries for queue: 4
13:43:24 Cleaning registries for queue: 4
13:43:24 Cleaning registries for queue: 4
13:43:24 Cleaning registries for queue: 4
13:43:24 Cleaning registries for queue: 4
13:43:24 
13:43:24 
13:43:24 
13:43:24 
13:43:24 
13:43:24 *** Listening on 4...
13:43:24 *** Listening on 4...
13:43:24 *** Listening on 4...
13:43:24 *** Listening on 4...
13:43:24 *** Listening on 4...
13:43:24 RQ worker 'rq:worker:node33-037.108180' started, version 0.8.1
13:43:24 Cleaning registries for queue: 4
13:43:24 
13:43:24 *** Listening on 4...
13:43:35 4: RemoteModelLearning.learnModelRemote('yTi', 1.0, branchID=0, growth_generator='NV_alternative_model', host_name='node33-037', log_file='/panfs/panasas01/phys/bf16951/QMD/ParallelDevelopment/Results/Oct_01/12_46/logs/NV-exp-method-sim__random--probe__QMLA_4.qmd.8794717.log', port_number=6304, qid=4, remote=True) (f840fb57-9411-4a54-b6ea-babba5e4de43)
13:43:35 4: RemoteModelLearning.learnModelRemote('xTi', 0.0, branchID=0, growth_generator='NV_alternative_model', host_name='node33-037', log_file='/panfs/panasas01/phys/bf16951/QMD/ParallelDevelopment/Results/Oct_01/12_46/logs/NV-exp-method-sim__random--probe__QMLA_4.qmd.8794717.log', port_number=6304, qid=4, remote=True) (b71ccc86-1432-4755-b535-45a4572c4f7c)
13:43:35 4: RemoteModelLearning.learnModelRemote('zTi', 2.0, branchID=0, growth_generator='NV_alternative_model', host_name='node33-037', log_file='/panfs/panasas01/phys/bf16951/QMD/ParallelDevelopment/Results/Oct_01/12_46/logs/NV-exp-method-sim__random--probe__QMLA_4.qmd.8794717.log', port_number=6304, qid=4, remote=True) (176d1179-173e-4e7b-828c-03a1226e5c11)
14:09:33 4: Job OK (f840fb57-9411-4a54-b6ea-babba5e4de43)
14:09:33 Result will never expire, clean up result key manually
14:09:33 
14:09:33 *** Listening on 4...
14:10:14 4: Job OK (b71ccc86-1432-4755-b535-45a4572c4f7c)
14:10:14 Result will never expire, clean up result key manually
14:10:14 
14:10:14 *** Listening on 4...
14:10:27 4: Job OK (176d1179-173e-4e7b-828c-03a1226e5c11)
14:10:27 Result will never expire, clean up result key manually
14:10:27 
14:10:27 *** Listening on 4...
14:10:28 4: RemoteBayesFactor.BayesFactorRemote(bayes_threshold=100, bf_data_folder='/panfs/panasas01/phys/bf16951/QMD/ParallelDevelopment/Results/Oct_01/12_46/BayesFactorsTimeRecords/', branchID=0, host_name='node33-037', interbranch=False, log_file='/panfs/panasas01/phys/bf16951/QMD/ParallelDevelopment/Results/Oct_01/12_46/logs/NV-exp-method-sim__random--probe__QMLA_4.qmd.8794717.log', model_a_id=1, model_b_id=2, num_times_to_use=750, port_number=6304, qid=4, times_record='/panfs/panasas01/phys/bf16951/QMD/ParallelDevelopment/Results/Oct_01/12_46/BayesFactorsTimeRecords/BayesFactorsPairsTimes_004.txt', trueModel='xTiPPyTiPPzTiPPzTz') (73a263a7-04db-4da2-a4c1-e31477ce3818)
14:10:28 4: RemoteBayesFactor.BayesFactorRemote(bayes_threshold=100, bf_data_folder='/panfs/panasas01/phys/bf16951/QMD/ParallelDevelopment/Results/Oct_01/12_46/BayesFactorsTimeRecords/', branchID=0, host_name='node33-037', interbranch=False, log_file='/panfs/panasas01/phys/bf16951/QMD/ParallelDevelopment/Results/Oct_01/12_46/logs/NV-exp-method-sim__random--probe__QMLA_4.qmd.8794717.log', model_a_id=0, model_b_id=2, num_times_to_use=750, port_number=6304, qid=4, times_record='/panfs/panasas01/phys/bf16951/QMD/ParallelDevelopment/Results/Oct_01/12_46/BayesFactorsTimeRecords/BayesFactorsPairsTimes_004.txt', trueModel='xTiPPyTiPPzTiPPzTz') (092dcc05-0b0c-4dc9-8d10-4c7994685ea3)
14:10:28 4: RemoteBayesFactor.BayesFactorRemote(bayes_threshold=100, bf_data_folder='/panfs/panasas01/phys/bf16951/QMD/ParallelDevelopment/Results/Oct_01/12_46/BayesFactorsTimeRecords/', branchID=0, host_name='node33-037', interbranch=False, log_file='/panfs/panasas01/phys/bf16951/QMD/ParallelDevelopment/Results/Oct_01/12_46/logs/NV-exp-method-sim__random--probe__QMLA_4.qmd.8794717.log', model_a_id=0, model_b_id=1, num_times_to_use=750, port_number=6304, qid=4, times_record='/panfs/panasas01/phys/bf16951/QMD/ParallelDevelopment/Results/Oct_01/12_46/BayesFactorsTimeRecords/BayesFactorsPairsTimes_004.txt', trueModel='xTiPPyTiPPzTiPPzTz') (b0634e77-d508-4416-8d09-531db55ec324)
15:01:56 4: Job OK (73a263a7-04db-4da2-a4c1-e31477ce3818)
15:01:56 Result will never expire, clean up result key manually
15:01:56 Cleaning registries for queue: 4
15:01:56 
15:01:56 *** Listening on 4...
15:02:09 4: Job OK (092dcc05-0b0c-4dc9-8d10-4c7994685ea3)
15:02:09 Result will never expire, clean up result key manually
15:02:09 Cleaning registries for queue: 4
15:02:09 
15:02:09 *** Listening on 4...
15:03:32 4: Job OK (b0634e77-d508-4416-8d09-531db55ec324)
15:03:32 Result will never expire, clean up result key manually
15:03:32 Cleaning registries for queue: 4
15:03:32 
15:03:32 *** Listening on 4...
15:03:32 4: RemoteModelLearning.learnModelRemote('xTiPPyTi', 3.0, branchID=1, growth_generator='NV_alternative_model', host_name='node33-037', log_file='/panfs/panasas01/phys/bf16951/QMD/ParallelDevelopment/Results/Oct_01/12_46/logs/NV-exp-method-sim__random--probe__QMLA_4.qmd.8794717.log', port_number=6304, qid=4, remote=True) (f516304e-bb7c-4b00-baae-b9a565df23b5)
15:03:32 4: RemoteModelLearning.learnModelRemote('yTiPPzTi', 4.0, branchID=1, growth_generator='NV_alternative_model', host_name='node33-037', log_file='/panfs/panasas01/phys/bf16951/QMD/ParallelDevelopment/Results/Oct_01/12_46/logs/NV-exp-method-sim__random--probe__QMLA_4.qmd.8794717.log', port_number=6304, qid=4, remote=True) (9bf126bb-ba23-4e9e-8650-90e4c9080dca)
15:29:29 4: Job OK (f516304e-bb7c-4b00-baae-b9a565df23b5)
15:29:29 Result will never expire, clean up result key manually
15:29:29 Cleaning registries for queue: 4
15:29:29 
15:29:29 *** Listening on 4...
15:30:49 4: Job OK (9bf126bb-ba23-4e9e-8650-90e4c9080dca)
15:30:49 Result will never expire, clean up result key manually
15:30:49 Cleaning registries for queue: 4
15:30:49 
15:30:49 *** Listening on 4...
15:30:49 4: RemoteBayesFactor.BayesFactorRemote(bayes_threshold=100, bf_data_folder='/panfs/panasas01/phys/bf16951/QMD/ParallelDevelopment/Results/Oct_01/12_46/BayesFactorsTimeRecords/', branchID=1, host_name='node33-037', interbranch=False, log_file='/panfs/panasas01/phys/bf16951/QMD/ParallelDevelopment/Results/Oct_01/12_46/logs/NV-exp-method-sim__random--probe__QMLA_4.qmd.8794717.log', model_a_id=3, model_b_id=4, num_times_to_use=750, port_number=6304, qid=4, times_record='/panfs/panasas01/phys/bf16951/QMD/ParallelDevelopment/Results/Oct_01/12_46/BayesFactorsTimeRecords/BayesFactorsPairsTimes_004.txt', trueModel='xTiPPyTiPPzTiPPzTz') (a5a191a1-409f-4c5a-a4a5-152b23394878)
16:26:11 4: Job OK (a5a191a1-409f-4c5a-a4a5-152b23394878)
16:26:11 Result will never expire, clean up result key manually
16:26:11 Cleaning registries for queue: 4
16:26:11 
16:26:11 *** Listening on 4...
16:26:11 4: RemoteModelLearning.learnModelRemote('xTiPPyTiPPzTi', 5.0, branchID=2, growth_generator='NV_alternative_model', host_name='node33-037', log_file='/panfs/panasas01/phys/bf16951/QMD/ParallelDevelopment/Results/Oct_01/12_46/logs/NV-exp-method-sim__random--probe__QMLA_4.qmd.8794717.log', port_number=6304, qid=4, remote=True) (241ae9d3-90de-498b-82c5-06f4d39a4cb6)
16:53:40 4: Job OK (241ae9d3-90de-498b-82c5-06f4d39a4cb6)
16:53:40 Result will never expire, clean up result key manually
16:53:40 Cleaning registries for queue: 4
16:53:40 
16:53:40 *** Listening on 4...
16:53:40 4: RemoteModelLearning.learnModelRemote('xTiPPxTxPPyTiPPzTi', 7.0, branchID=3, growth_generator='NV_alternative_model', host_name='node33-037', log_file='/panfs/panasas01/phys/bf16951/QMD/ParallelDevelopment/Results/Oct_01/12_46/logs/NV-exp-method-sim__random--probe__QMLA_4.qmd.8794717.log', port_number=6304, qid=4, remote=True) (de621109-d48d-40e3-915e-1fdef8fe671e)
16:53:40 4: RemoteModelLearning.learnModelRemote('xTiPPyTiPPyTyPPzTi', 6.0, branchID=3, growth_generator='NV_alternative_model', host_name='node33-037', log_file='/panfs/panasas01/phys/bf16951/QMD/ParallelDevelopment/Results/Oct_01/12_46/logs/NV-exp-method-sim__random--probe__QMLA_4.qmd.8794717.log', port_number=6304, qid=4, remote=True) (14a99460-1e8e-41eb-af8b-fce11dc30005)
16:53:40 4: RemoteModelLearning.learnModelRemote('xTiPPyTiPPzTiPPzTz', 8.0, branchID=3, growth_generator='NV_alternative_model', host_name='node33-037', log_file='/panfs/panasas01/phys/bf16951/QMD/ParallelDevelopment/Results/Oct_01/12_46/logs/NV-exp-method-sim__random--probe__QMLA_4.qmd.8794717.log', port_number=6304, qid=4, remote=True) (cc2513eb-92fe-49c0-970b-d08fbc85b8f0)
17:18:40 4: Job OK (14a99460-1e8e-41eb-af8b-fce11dc30005)
17:18:40 Result will never expire, clean up result key manually
17:18:40 Cleaning registries for queue: 4
17:18:40 
17:18:40 *** Listening on 4...
17:20:13 4: Job OK (cc2513eb-92fe-49c0-970b-d08fbc85b8f0)
17:20:13 Result will never expire, clean up result key manually
17:20:13 Cleaning registries for queue: 4
17:20:13 
17:20:13 *** Listening on 4...
17:20:24 4: Job OK (de621109-d48d-40e3-915e-1fdef8fe671e)
17:20:24 Result will never expire, clean up result key manually
17:20:24 
17:20:24 *** Listening on 4...
17:20:24 4: RemoteBayesFactor.BayesFactorRemote(bayes_threshold=100, bf_data_folder='/panfs/panasas01/phys/bf16951/QMD/ParallelDevelopment/Results/Oct_01/12_46/BayesFactorsTimeRecords/', branchID=3, host_name='node33-037', interbranch=False, log_file='/panfs/panasas01/phys/bf16951/QMD/ParallelDevelopment/Results/Oct_01/12_46/logs/NV-exp-method-sim__random--probe__QMLA_4.qmd.8794717.log', model_a_id=6, model_b_id=7, num_times_to_use=750, port_number=6304, qid=4, times_record='/panfs/panasas01/phys/bf16951/QMD/ParallelDevelopment/Results/Oct_01/12_46/BayesFactorsTimeRecords/BayesFactorsPairsTimes_004.txt', trueModel='xTiPPyTiPPzTiPPzTz') (5ec7b718-7a93-4a0d-84e8-a087639e42dc)
17:20:24 4: RemoteBayesFactor.BayesFactorRemote(bayes_threshold=100, bf_data_folder='/panfs/panasas01/phys/bf16951/QMD/ParallelDevelopment/Results/Oct_01/12_46/BayesFactorsTimeRecords/', branchID=3, host_name='node33-037', interbranch=False, log_file='/panfs/panasas01/phys/bf16951/QMD/ParallelDevelopment/Results/Oct_01/12_46/logs/NV-exp-method-sim__random--probe__QMLA_4.qmd.8794717.log', model_a_id=6, model_b_id=8, num_times_to_use=750, port_number=6304, qid=4, times_record='/panfs/panasas01/phys/bf16951/QMD/ParallelDevelopment/Results/Oct_01/12_46/BayesFactorsTimeRecords/BayesFactorsPairsTimes_004.txt', trueModel='xTiPPyTiPPzTiPPzTz') (fc072c0e-83c6-4a81-922b-b717bd1a0aed)
17:20:24 4: RemoteBayesFactor.BayesFactorRemote(bayes_threshold=100, bf_data_folder='/panfs/panasas01/phys/bf16951/QMD/ParallelDevelopment/Results/Oct_01/12_46/BayesFactorsTimeRecords/', branchID=3, host_name='node33-037', interbranch=False, log_file='/panfs/panasas01/phys/bf16951/QMD/ParallelDevelopment/Results/Oct_01/12_46/logs/NV-exp-method-sim__random--probe__QMLA_4.qmd.8794717.log', model_a_id=7, model_b_id=8, num_times_to_use=750, port_number=6304, qid=4, times_record='/panfs/panasas01/phys/bf16951/QMD/ParallelDevelopment/Results/Oct_01/12_46/BayesFactorsTimeRecords/BayesFactorsPairsTimes_004.txt', trueModel='xTiPPyTiPPzTiPPzTz') (1ceb00ad-b07f-4e91-8548-317f485a8c5d)
18:10:42 4: Job OK (5ec7b718-7a93-4a0d-84e8-a087639e42dc)
18:10:42 Result will never expire, clean up result key manually
18:10:42 Cleaning registries for queue: 4
18:10:42 
18:10:42 *** Listening on 4...
18:13:16 4: Job OK (1ceb00ad-b07f-4e91-8548-317f485a8c5d)
18:13:16 Result will never expire, clean up result key manually
18:13:16 Cleaning registries for queue: 4
18:13:16 
18:13:16 *** Listening on 4...
18:13:32 4: Job OK (fc072c0e-83c6-4a81-922b-b717bd1a0aed)
18:13:32 Result will never expire, clean up result key manually
18:13:32 Cleaning registries for queue: 4
18:13:32 
18:13:32 *** Listening on 4...
18:13:32 4: RemoteModelLearning.learnModelRemote('xTiPPxTxPPyTiPPzTiPPzTz', 10.0, branchID=4, growth_generator='NV_alternative_model', host_name='node33-037', log_file='/panfs/panasas01/phys/bf16951/QMD/ParallelDevelopment/Results/Oct_01/12_46/logs/NV-exp-method-sim__random--probe__QMLA_4.qmd.8794717.log', port_number=6304, qid=4, remote=True) (37db58d7-0711-4b22-9e37-768abefd16a4)
18:13:32 4: RemoteModelLearning.learnModelRemote('xTiPPyTiPPyTyPPzTiPPzTz', 9.0, branchID=4, growth_generator='NV_alternative_model', host_name='node33-037', log_file='/panfs/panasas01/phys/bf16951/QMD/ParallelDevelopment/Results/Oct_01/12_46/logs/NV-exp-method-sim__random--probe__QMLA_4.qmd.8794717.log', port_number=6304, qid=4, remote=True) (fddd610a-3ee6-4f1e-b925-e2aa0c36434d)
18:39:15 4: Job OK (fddd610a-3ee6-4f1e-b925-e2aa0c36434d)
18:39:15 Result will never expire, clean up result key manually
18:39:15 Cleaning registries for queue: 4
18:39:15 
18:39:15 *** Listening on 4...
18:39:24 4: Job OK (37db58d7-0711-4b22-9e37-768abefd16a4)
18:39:24 Result will never expire, clean up result key manually
18:39:24 Cleaning registries for queue: 4
18:39:24 
18:39:24 *** Listening on 4...
18:39:24 4: RemoteBayesFactor.BayesFactorRemote(bayes_threshold=100, bf_data_folder='/panfs/panasas01/phys/bf16951/QMD/ParallelDevelopment/Results/Oct_01/12_46/BayesFactorsTimeRecords/', branchID=4, host_name='node33-037', interbranch=False, log_file='/panfs/panasas01/phys/bf16951/QMD/ParallelDevelopment/Results/Oct_01/12_46/logs/NV-exp-method-sim__random--probe__QMLA_4.qmd.8794717.log', model_a_id=9, model_b_id=10, num_times_to_use=750, port_number=6304, qid=4, times_record='/panfs/panasas01/phys/bf16951/QMD/ParallelDevelopment/Results/Oct_01/12_46/BayesFactorsTimeRecords/BayesFactorsPairsTimes_004.txt', trueModel='xTiPPyTiPPzTiPPzTz') (f7243fe8-6711-49a6-8f7e-21d26f790126)
19:29:33 4: Job OK (f7243fe8-6711-49a6-8f7e-21d26f790126)
19:29:33 Result will never expire, clean up result key manually
19:29:33 Cleaning registries for queue: 4
19:29:33 
19:29:33 *** Listening on 4...
19:29:33 4: RemoteModelLearning.learnModelRemote('xTiPPxTxPPyTiPPyTyPPzTiPPzTz', 11.0, branchID=5, growth_generator='NV_alternative_model', host_name='node33-037', log_file='/panfs/panasas01/phys/bf16951/QMD/ParallelDevelopment/Results/Oct_01/12_46/logs/NV-exp-method-sim__random--probe__QMLA_4.qmd.8794717.log', port_number=6304, qid=4, remote=True) (956b062d-19ae-449a-b9dc-47fbd0734616)
19:54:53 4: Job OK (956b062d-19ae-449a-b9dc-47fbd0734616)
19:54:53 Result will never expire, clean up result key manually
19:54:53 Cleaning registries for queue: 4
19:54:53 
19:54:53 *** Listening on 4...
19:54:53 4: RemoteModelLearning.learnModelRemote('xTiPPxTxPPxTyPPyTiPPyTyPPzTiPPzTz', 12.0, branchID=6, growth_generator='NV_alternative_model', host_name='node33-037', log_file='/panfs/panasas01/phys/bf16951/QMD/ParallelDevelopment/Results/Oct_01/12_46/logs/NV-exp-method-sim__random--probe__QMLA_4.qmd.8794717.log', port_number=6304, qid=4, remote=True) (834986a3-0e90-4842-8553-b96e3b10f31f)
19:54:53 4: RemoteModelLearning.learnModelRemote('xTiPPxTxPPxTzPPyTiPPyTyPPzTiPPzTz', 13.0, branchID=6, growth_generator='NV_alternative_model', host_name='node33-037', log_file='/panfs/panasas01/phys/bf16951/QMD/ParallelDevelopment/Results/Oct_01/12_46/logs/NV-exp-method-sim__random--probe__QMLA_4.qmd.8794717.log', port_number=6304, qid=4, remote=True) (06a25528-ec67-41b0-b241-0047864a1a1c)
19:54:53 4: RemoteModelLearning.learnModelRemote('xTiPPxTxPPyTiPPyTyPPyTzPPzTiPPzTz', 14.0, branchID=6, growth_generator='NV_alternative_model', host_name='node33-037', log_file='/panfs/panasas01/phys/bf16951/QMD/ParallelDevelopment/Results/Oct_01/12_46/logs/NV-exp-method-sim__random--probe__QMLA_4.qmd.8794717.log', port_number=6304, qid=4, remote=True) (2a33e89d-b770-4acd-9f92-2813b44c8cfb)
20:20:04 4: Job OK (834986a3-0e90-4842-8553-b96e3b10f31f)
20:20:04 Result will never expire, clean up result key manually
20:20:04 Cleaning registries for queue: 4
20:20:04 
20:20:04 *** Listening on 4...
20:20:13 4: Job OK (06a25528-ec67-41b0-b241-0047864a1a1c)
20:20:13 Result will never expire, clean up result key manually
20:20:13 Cleaning registries for queue: 4
20:20:13 
20:20:13 *** Listening on 4...
20:20:34 4: Job OK (2a33e89d-b770-4acd-9f92-2813b44c8cfb)
20:20:34 Result will never expire, clean up result key manually
20:20:34 Cleaning registries for queue: 4
20:20:34 
20:20:34 *** Listening on 4...
20:20:35 4: RemoteBayesFactor.BayesFactorRemote(bayes_threshold=100, bf_data_folder='/panfs/panasas01/phys/bf16951/QMD/ParallelDevelopment/Results/Oct_01/12_46/BayesFactorsTimeRecords/', branchID=6, host_name='node33-037', interbranch=False, log_file='/panfs/panasas01/phys/bf16951/QMD/ParallelDevelopment/Results/Oct_01/12_46/logs/NV-exp-method-sim__random--probe__QMLA_4.qmd.8794717.log', model_a_id=12, model_b_id=13, num_times_to_use=750, port_number=6304, qid=4, times_record='/panfs/panasas01/phys/bf16951/QMD/ParallelDevelopment/Results/Oct_01/12_46/BayesFactorsTimeRecords/BayesFactorsPairsTimes_004.txt', trueModel='xTiPPyTiPPzTiPPzTz') (0f682a68-4665-4f80-903c-6eca8c59d0cf)
20:20:35 4: RemoteBayesFactor.BayesFactorRemote(bayes_threshold=100, bf_data_folder='/panfs/panasas01/phys/bf16951/QMD/ParallelDevelopment/Results/Oct_01/12_46/BayesFactorsTimeRecords/', branchID=6, host_name='node33-037', interbranch=False, log_file='/panfs/panasas01/phys/bf16951/QMD/ParallelDevelopment/Results/Oct_01/12_46/logs/NV-exp-method-sim__random--probe__QMLA_4.qmd.8794717.log', model_a_id=13, model_b_id=14, num_times_to_use=750, port_number=6304, qid=4, times_record='/panfs/panasas01/phys/bf16951/QMD/ParallelDevelopment/Results/Oct_01/12_46/BayesFactorsTimeRecords/BayesFactorsPairsTimes_004.txt', trueModel='xTiPPyTiPPzTiPPzTz') (9ed1c2d9-c191-41d7-8013-80fd2a3104d4)
20:20:35 4: RemoteBayesFactor.BayesFactorRemote(bayes_threshold=100, bf_data_folder='/panfs/panasas01/phys/bf16951/QMD/ParallelDevelopment/Results/Oct_01/12_46/BayesFactorsTimeRecords/', branchID=6, host_name='node33-037', interbranch=False, log_file='/panfs/panasas01/phys/bf16951/QMD/ParallelDevelopment/Results/Oct_01/12_46/logs/NV-exp-method-sim__random--probe__QMLA_4.qmd.8794717.log', model_a_id=12, model_b_id=14, num_times_to_use=750, port_number=6304, qid=4, times_record='/panfs/panasas01/phys/bf16951/QMD/ParallelDevelopment/Results/Oct_01/12_46/BayesFactorsTimeRecords/BayesFactorsPairsTimes_004.txt', trueModel='xTiPPyTiPPzTiPPzTz') (623b1a16-366a-457a-a03a-5ab6c4849ae2)
21:11:59 4: Job OK (0f682a68-4665-4f80-903c-6eca8c59d0cf)
21:11:59 Result will never expire, clean up result key manually
21:11:59 Cleaning registries for queue: 4
21:11:59 
21:11:59 *** Listening on 4...
21:12:07 4: Job OK (623b1a16-366a-457a-a03a-5ab6c4849ae2)
21:12:07 Result will never expire, clean up result key manually
21:12:07 Cleaning registries for queue: 4
21:12:07 
21:12:07 *** Listening on 4...
21:12:13 4: Job OK (9ed1c2d9-c191-41d7-8013-80fd2a3104d4)
21:12:13 Result will never expire, clean up result key manually
21:12:13 Cleaning registries for queue: 4
21:12:13 
21:12:13 *** Listening on 4...
21:12:13 4: RemoteModelLearning.learnModelRemote('xTiPPxTxPPxTyPPyTiPPyTyPPyTzPPzTiPPzTz', 15.0, branchID=7, growth_generator='NV_alternative_model', host_name='node33-037', log_file='/panfs/panasas01/phys/bf16951/QMD/ParallelDevelopment/Results/Oct_01/12_46/logs/NV-exp-method-sim__random--probe__QMLA_4.qmd.8794717.log', port_number=6304, qid=4, remote=True) (6fa5ab6c-337d-44b3-aa34-90ea439fc2e2)
21:12:13 4: RemoteModelLearning.learnModelRemote('xTiPPxTxPPxTyPPxTzPPyTiPPyTyPPzTiPPzTz', 16.0, branchID=7, growth_generator='NV_alternative_model', host_name='node33-037', log_file='/panfs/panasas01/phys/bf16951/QMD/ParallelDevelopment/Results/Oct_01/12_46/logs/NV-exp-method-sim__random--probe__QMLA_4.qmd.8794717.log', port_number=6304, qid=4, remote=True) (3c26b021-9298-4ac1-a490-b64a2503e684)
21:37:41 4: Job OK (3c26b021-9298-4ac1-a490-b64a2503e684)
21:37:41 Result will never expire, clean up result key manually
21:37:41 Cleaning registries for queue: 4
21:37:41 
21:37:41 *** Listening on 4...
21:38:15 4: Job OK (6fa5ab6c-337d-44b3-aa34-90ea439fc2e2)
21:38:15 Result will never expire, clean up result key manually
21:38:15 Cleaning registries for queue: 4
21:38:15 
21:38:15 *** Listening on 4...
21:38:15 4: RemoteBayesFactor.BayesFactorRemote(bayes_threshold=100, bf_data_folder='/panfs/panasas01/phys/bf16951/QMD/ParallelDevelopment/Results/Oct_01/12_46/BayesFactorsTimeRecords/', branchID=7, host_name='node33-037', interbranch=False, log_file='/panfs/panasas01/phys/bf16951/QMD/ParallelDevelopment/Results/Oct_01/12_46/logs/NV-exp-method-sim__random--probe__QMLA_4.qmd.8794717.log', model_a_id=15, model_b_id=16, num_times_to_use=750, port_number=6304, qid=4, times_record='/panfs/panasas01/phys/bf16951/QMD/ParallelDevelopment/Results/Oct_01/12_46/BayesFactorsTimeRecords/BayesFactorsPairsTimes_004.txt', trueModel='xTiPPyTiPPzTiPPzTz') (6242f93d-9ba6-4a8d-adb1-2e98b4ee2de7)
22:29:55 4: Job OK (6242f93d-9ba6-4a8d-adb1-2e98b4ee2de7)
22:29:55 Result will never expire, clean up result key manually
22:29:55 Cleaning registries for queue: 4
22:29:55 
22:29:55 *** Listening on 4...
22:29:55 4: RemoteModelLearning.learnModelRemote('xTiPPxTxPPxTyPPxTzPPyTiPPyTyPPyTzPPzTiPPzTz', 17.0, branchID=8, growth_generator='NV_alternative_model', host_name='node33-037', log_file='/panfs/panasas01/phys/bf16951/QMD/ParallelDevelopment/Results/Oct_01/12_46/logs/NV-exp-method-sim__random--probe__QMLA_4.qmd.8794717.log', port_number=6304, qid=4, remote=True) (4fd9bfe1-e094-49c0-b5d2-c5872fab349b)
22:57:18 4: Job OK (4fd9bfe1-e094-49c0-b5d2-c5872fab349b)
22:57:18 Result will never expire, clean up result key manually
22:57:18 4: RemoteBayesFactor.BayesFactorRemote(bayes_threshold=100, bf_data_folder='/panfs/panasas01/phys/bf16951/QMD/ParallelDevelopment/Results/Oct_01/12_46/BayesFactorsTimeRecords/', branchID=None, host_name='node33-037', interbranch=True, log_file='/panfs/panasas01/phys/bf16951/QMD/ParallelDevelopment/Results/Oct_01/12_46/logs/NV-exp-method-sim__random--probe__QMLA_4.qmd.8794717.log', model_a_id=1, model_b_id=4, num_times_to_use=750, port_number=6304, qid=4, times_record='/panfs/panasas01/phys/bf16951/QMD/ParallelDevelopment/Results/Oct_01/12_46/BayesFactorsTimeRecords/BayesFactorsPairsTimes_004.txt', trueModel='xTiPPyTiPPzTiPPzTz') (122ff37a-b712-4ba3-8a76-64927ee4ef5a)
22:57:18 4: RemoteBayesFactor.BayesFactorRemote(bayes_threshold=100, bf_data_folder='/panfs/panasas01/phys/bf16951/QMD/ParallelDevelopment/Results/Oct_01/12_46/BayesFactorsTimeRecords/', branchID=None, host_name='node33-037', interbranch=True, log_file='/panfs/panasas01/phys/bf16951/QMD/ParallelDevelopment/Results/Oct_01/12_46/logs/NV-exp-method-sim__random--probe__QMLA_4.qmd.8794717.log', model_a_id=4, model_b_id=5, num_times_to_use=750, port_number=6304, qid=4, times_record='/panfs/panasas01/phys/bf16951/QMD/ParallelDevelopment/Results/Oct_01/12_46/BayesFactorsTimeRecords/BayesFactorsPairsTimes_004.txt', trueModel='xTiPPyTiPPzTiPPzTz') (0463a3fd-931c-4449-915d-529dca77d35c)
22:57:18 4: RemoteBayesFactor.BayesFactorRemote(bayes_threshold=100, bf_data_folder='/panfs/panasas01/phys/bf16951/QMD/ParallelDevelopment/Results/Oct_01/12_46/BayesFactorsTimeRecords/', branchID=None, host_name='node33-037', interbranch=True, log_file='/panfs/panasas01/phys/bf16951/QMD/ParallelDevelopment/Results/Oct_01/12_46/logs/NV-exp-method-sim__random--probe__QMLA_4.qmd.8794717.log', model_a_id=5, model_b_id=8, num_times_to_use=750, port_number=6304, qid=4, times_record='/panfs/panasas01/phys/bf16951/QMD/ParallelDevelopment/Results/Oct_01/12_46/BayesFactorsTimeRecords/BayesFactorsPairsTimes_004.txt', trueModel='xTiPPyTiPPzTiPPzTz') (4afbfd88-6643-49f1-9af6-fe07a7315172)
22:57:18 Cleaning registries for queue: 4
22:57:18 
22:57:18 *** Listening on 4...
22:57:18 4: RemoteBayesFactor.BayesFactorRemote(bayes_threshold=100, bf_data_folder='/panfs/panasas01/phys/bf16951/QMD/ParallelDevelopment/Results/Oct_01/12_46/BayesFactorsTimeRecords/', branchID=None, host_name='node33-037', interbranch=True, log_file='/panfs/panasas01/phys/bf16951/QMD/ParallelDevelopment/Results/Oct_01/12_46/logs/NV-exp-method-sim__random--probe__QMLA_4.qmd.8794717.log', model_a_id=8, model_b_id=9, num_times_to_use=750, port_number=6304, qid=4, times_record='/panfs/panasas01/phys/bf16951/QMD/ParallelDevelopment/Results/Oct_01/12_46/BayesFactorsTimeRecords/BayesFactorsPairsTimes_004.txt', trueModel='xTiPPyTiPPzTiPPzTz') (07a7197b-acb4-4cc5-a8cd-d4f1341618d4)
22:57:18 4: RemoteBayesFactor.BayesFactorRemote(bayes_threshold=100, bf_data_folder='/panfs/panasas01/phys/bf16951/QMD/ParallelDevelopment/Results/Oct_01/12_46/BayesFactorsTimeRecords/', branchID=None, host_name='node33-037', interbranch=True, log_file='/panfs/panasas01/phys/bf16951/QMD/ParallelDevelopment/Results/Oct_01/12_46/logs/NV-exp-method-sim__random--probe__QMLA_4.qmd.8794717.log', model_a_id=9, model_b_id=11, num_times_to_use=750, port_number=6304, qid=4, times_record='/panfs/panasas01/phys/bf16951/QMD/ParallelDevelopment/Results/Oct_01/12_46/BayesFactorsTimeRecords/BayesFactorsPairsTimes_004.txt', trueModel='xTiPPyTiPPzTiPPzTz') (4d433df6-fd75-4e1d-9dc4-f9e8976a8a7e)
22:57:18 4: RemoteBayesFactor.BayesFactorRemote(bayes_threshold=100, bf_data_folder='/panfs/panasas01/phys/bf16951/QMD/ParallelDevelopment/Results/Oct_01/12_46/BayesFactorsTimeRecords/', branchID=None, host_name='node33-037', interbranch=True, log_file='/panfs/panasas01/phys/bf16951/QMD/ParallelDevelopment/Results/Oct_01/12_46/logs/NV-exp-method-sim__random--probe__QMLA_4.qmd.8794717.log', model_a_id=11, model_b_id=12, num_times_to_use=750, port_number=6304, qid=4, times_record='/panfs/panasas01/phys/bf16951/QMD/ParallelDevelopment/Results/Oct_01/12_46/BayesFactorsTimeRecords/BayesFactorsPairsTimes_004.txt', trueModel='xTiPPyTiPPzTiPPzTz') (1d1e90f3-39d3-409e-9e45-b215609d911e)
23:50:03 4: Job OK (4afbfd88-6643-49f1-9af6-fe07a7315172)
23:50:03 Result will never expire, clean up result key manually
23:50:03 Cleaning registries for queue: 4
23:50:03 
23:50:03 *** Listening on 4...
23:50:03 4: RemoteBayesFactor.BayesFactorRemote(bayes_threshold=100, bf_data_folder='/panfs/panasas01/phys/bf16951/QMD/ParallelDevelopment/Results/Oct_01/12_46/BayesFactorsTimeRecords/', branchID=None, host_name='node33-037', interbranch=True, log_file='/panfs/panasas01/phys/bf16951/QMD/ParallelDevelopment/Results/Oct_01/12_46/logs/NV-exp-method-sim__random--probe__QMLA_4.qmd.8794717.log', model_a_id=12, model_b_id=16, num_times_to_use=750, port_number=6304, qid=4, times_record='/panfs/panasas01/phys/bf16951/QMD/ParallelDevelopment/Results/Oct_01/12_46/BayesFactorsTimeRecords/BayesFactorsPairsTimes_004.txt', trueModel='xTiPPyTiPPzTiPPzTz') (eb49dc2b-aa17-4761-8be1-b5d290a10354)
23:50:10 4: Job OK (1d1e90f3-39d3-409e-9e45-b215609d911e)
23:50:10 Result will never expire, clean up result key manually
23:50:10 
23:50:10 *** Listening on 4...
23:50:10 4: RemoteBayesFactor.BayesFactorRemote(bayes_threshold=100, bf_data_folder='/panfs/panasas01/phys/bf16951/QMD/ParallelDevelopment/Results/Oct_01/12_46/BayesFactorsTimeRecords/', branchID=None, host_name='node33-037', interbranch=True, log_file='/panfs/panasas01/phys/bf16951/QMD/ParallelDevelopment/Results/Oct_01/12_46/logs/NV-exp-method-sim__random--probe__QMLA_4.qmd.8794717.log', model_a_id=16, model_b_id=17, num_times_to_use=750, port_number=6304, qid=4, times_record='/panfs/panasas01/phys/bf16951/QMD/ParallelDevelopment/Results/Oct_01/12_46/BayesFactorsTimeRecords/BayesFactorsPairsTimes_004.txt', trueModel='xTiPPyTiPPzTiPPzTz') (e279264a-a8fc-41f4-b924-232bf05c1efc)
23:50:24 4: Job OK (4d433df6-fd75-4e1d-9dc4-f9e8976a8a7e)
23:50:24 Result will never expire, clean up result key manually
23:50:24 Cleaning registries for queue: 4
23:50:24 
23:50:24 *** Listening on 4...
23:52:47 4: Job OK (07a7197b-acb4-4cc5-a8cd-d4f1341618d4)
23:52:47 Result will never expire, clean up result key manually
23:52:47 Cleaning registries for queue: 4
23:52:47 
23:52:47 *** Listening on 4...
00:01:35 4: Job OK (122ff37a-b712-4ba3-8a76-64927ee4ef5a)
00:01:35 Result will never expire, clean up result key manually
00:01:35 Cleaning registries for queue: 4
00:01:35 
00:01:35 *** Listening on 4...
00:08:44 4: Job OK (0463a3fd-931c-4449-915d-529dca77d35c)
00:08:44 Result will never expire, clean up result key manually
00:08:44 Cleaning registries for queue: 4
00:08:44 
00:08:44 *** Listening on 4...
00:39:13 4: Job OK (eb49dc2b-aa17-4761-8be1-b5d290a10354)
00:39:13 Result will never expire, clean up result key manually
00:39:13 
00:39:13 *** Listening on 4...
00:41:58 4: Job OK (e279264a-a8fc-41f4-b924-232bf05c1efc)
00:41:58 Result will never expire, clean up result key manually
00:41:58 Cleaning registries for queue: 4
00:41:58 
00:41:58 *** Listening on 4...
00:41:58 4: RemoteBayesFactor.BayesFactorRemote(bayes_threshold=100, bf_data_folder='/panfs/panasas01/phys/bf16951/QMD/ParallelDevelopment/Results/Oct_01/12_46/BayesFactorsTimeRecords/', branchID=9, host_name='node33-037', interbranch=False, log_file='/panfs/panasas01/phys/bf16951/QMD/ParallelDevelopment/Results/Oct_01/12_46/logs/NV-exp-method-sim__random--probe__QMLA_4.qmd.8794717.log', model_a_id=12.0, model_b_id=8.0, num_times_to_use=750, port_number=6304, qid=4, times_record='/panfs/panasas01/phys/bf16951/QMD/ParallelDevelopment/Results/Oct_01/12_46/BayesFactorsTimeRecords/BayesFactorsPairsTimes_004.txt', trueModel='xTiPPyTiPPzTiPPzTz') (bff4f41d-4506-4a8c-8b2f-8eee42d5bc81)
00:41:58 4: RemoteBayesFactor.BayesFactorRemote(bayes_threshold=100, bf_data_folder='/panfs/panasas01/phys/bf16951/QMD/ParallelDevelopment/Results/Oct_01/12_46/BayesFactorsTimeRecords/', branchID=9, host_name='node33-037', interbranch=False, log_file='/panfs/panasas01/phys/bf16951/QMD/ParallelDevelopment/Results/Oct_01/12_46/logs/NV-exp-method-sim__random--probe__QMLA_4.qmd.8794717.log', model_a_id=12.0, model_b_id=9.0, num_times_to_use=750, port_number=6304, qid=4, times_record='/panfs/panasas01/phys/bf16951/QMD/ParallelDevelopment/Results/Oct_01/12_46/BayesFactorsTimeRecords/BayesFactorsPairsTimes_004.txt', trueModel='xTiPPyTiPPzTiPPzTz') (a7b2494d-a21f-441e-af2d-63f9b3fe8112)
01:34:10 4: Job OK (a7b2494d-a21f-441e-af2d-63f9b3fe8112)
01:34:10 Result will never expire, clean up result key manually
01:34:10 Cleaning registries for queue: 4
01:34:10 
01:34:10 *** Listening on 4...
01:34:44 4: Job OK (bff4f41d-4506-4a8c-8b2f-8eee42d5bc81)
01:34:44 Result will never expire, clean up result key manually
01:34:44 Cleaning registries for queue: 4
01:34:44 
01:34:44 *** Listening on 4...
01:34:45 4: RemoteBayesFactor.BayesFactorRemote(bayes_threshold=100, bf_data_folder='/panfs/panasas01/phys/bf16951/QMD/ParallelDevelopment/Results/Oct_01/12_46/BayesFactorsTimeRecords/', branchID=None, host_name='node33-037', interbranch=True, log_file='/panfs/panasas01/phys/bf16951/QMD/ParallelDevelopment/Results/Oct_01/12_46/logs/NV-exp-method-sim__random--probe__QMLA_4.qmd.8794717.log', model_a_id=9, model_b_id=18, num_times_to_use=750, port_number=6304, qid=4, times_record='/panfs/panasas01/phys/bf16951/QMD/ParallelDevelopment/Results/Oct_01/12_46/BayesFactorsTimeRecords/BayesFactorsPairsTimes_004.txt', trueModel='xTiPPyTiPPzTiPPzTz') (cdb1ace1-c3bf-442c-9fa4-8c5776075679)
02:24:28 4: Job OK (cdb1ace1-c3bf-442c-9fa4-8c5776075679)
02:24:28 Result will never expire, clean up result key manually
02:24:28 Cleaning registries for queue: 4
02:24:28 
02:24:28 *** Listening on 4...
Error 111 connecting to node33-037:6304. Connection refused.
Error 111 connecting to node33-037:6304. Connection refused.
Error 111 connecting to node33-037:6304. Connection refused.
Error 111 connecting to node33-037:6304. Connection refused.
Error 111 connecting to node33-037:6304. Connection refused.
Error 111 connecting to node33-037:6304. Connection refused.
