13:43:58 RQ worker 'rq:worker:node34-015.24969' started, version 0.8.1
13:43:58 RQ worker 'rq:worker:node34-015.24970' started, version 0.8.1
13:43:58 RQ worker 'rq:worker:node34-015.24968' started, version 0.8.1
13:43:58 RQ worker 'rq:worker:node34-015.24966' started, version 0.8.1
13:43:58 RQ worker 'rq:worker:node34-015.24967' started, version 0.8.1
13:43:58 Cleaning registries for queue: 100
13:43:58 Cleaning registries for queue: 100
13:43:58 Cleaning registries for queue: 100
13:43:58 Cleaning registries for queue: 100
13:43:58 Cleaning registries for queue: 100
13:43:58 RQ worker 'rq:worker:node34-015.24965' started, version 0.8.1
13:43:58 
13:43:58 
13:43:58 Cleaning registries for queue: 100
13:43:58 *** Listening on 100...
13:43:58 *** Listening on 100...
13:43:58 
13:43:58 *** Listening on 100...
13:43:58 
13:43:58 
13:43:58 *** Listening on 100...
13:43:58 *** Listening on 100...
13:43:58 
13:43:58 *** Listening on 100...
13:44:09 100: RemoteModelLearning.learnModelRemote('zTi', 2.0, branchID=0, growth_generator='NV_alternative_model', host_name='node34-015', log_file='/panfs/panasas01/phys/bf16951/QMD/ParallelDevelopment/Results/Oct_01/12_46/logs/NV-exp-method-sim__random--probe__QMLA_100.qmd.8794813.log', port_number=6400, qid=100, remote=True) (54c04106-fd49-47a3-8b8e-c767ad6dc320)
13:44:09 100: RemoteModelLearning.learnModelRemote('xTi', 0.0, branchID=0, growth_generator='NV_alternative_model', host_name='node34-015', log_file='/panfs/panasas01/phys/bf16951/QMD/ParallelDevelopment/Results/Oct_01/12_46/logs/NV-exp-method-sim__random--probe__QMLA_100.qmd.8794813.log', port_number=6400, qid=100, remote=True) (6d297da7-8445-43d1-9b26-59aabcb1e38d)
13:44:09 100: RemoteModelLearning.learnModelRemote('yTi', 1.0, branchID=0, growth_generator='NV_alternative_model', host_name='node34-015', log_file='/panfs/panasas01/phys/bf16951/QMD/ParallelDevelopment/Results/Oct_01/12_46/logs/NV-exp-method-sim__random--probe__QMLA_100.qmd.8794813.log', port_number=6400, qid=100, remote=True) (cdb4b5d6-630f-4232-8476-8c31b81c7c04)
14:07:24 100: Job OK (6d297da7-8445-43d1-9b26-59aabcb1e38d)
14:07:24 Result will never expire, clean up result key manually
14:07:24 
14:07:24 *** Listening on 100...
14:11:12 100: Job OK (cdb4b5d6-630f-4232-8476-8c31b81c7c04)
14:11:12 Result will never expire, clean up result key manually
14:11:12 
14:11:12 *** Listening on 100...
14:11:17 100: Job OK (54c04106-fd49-47a3-8b8e-c767ad6dc320)
14:11:17 Result will never expire, clean up result key manually
14:11:17 
14:11:17 *** Listening on 100...
14:11:17 100: RemoteBayesFactor.BayesFactorRemote(bayes_threshold=100, bf_data_folder='/panfs/panasas01/phys/bf16951/QMD/ParallelDevelopment/Results/Oct_01/12_46/BayesFactorsTimeRecords/', branchID=0, host_name='node34-015', interbranch=False, log_file='/panfs/panasas01/phys/bf16951/QMD/ParallelDevelopment/Results/Oct_01/12_46/logs/NV-exp-method-sim__random--probe__QMLA_100.qmd.8794813.log', model_a_id=0, model_b_id=1, num_times_to_use=750, port_number=6400, qid=100, times_record='/panfs/panasas01/phys/bf16951/QMD/ParallelDevelopment/Results/Oct_01/12_46/BayesFactorsTimeRecords/BayesFactorsPairsTimes_100.txt', trueModel='xTiPPyTiPPzTiPPzTz') (c3375ea4-8ce2-44d1-8659-674ec78f1c77)
14:11:17 100: RemoteBayesFactor.BayesFactorRemote(bayes_threshold=100, bf_data_folder='/panfs/panasas01/phys/bf16951/QMD/ParallelDevelopment/Results/Oct_01/12_46/BayesFactorsTimeRecords/', branchID=0, host_name='node34-015', interbranch=False, log_file='/panfs/panasas01/phys/bf16951/QMD/ParallelDevelopment/Results/Oct_01/12_46/logs/NV-exp-method-sim__random--probe__QMLA_100.qmd.8794813.log', model_a_id=0, model_b_id=2, num_times_to_use=750, port_number=6400, qid=100, times_record='/panfs/panasas01/phys/bf16951/QMD/ParallelDevelopment/Results/Oct_01/12_46/BayesFactorsTimeRecords/BayesFactorsPairsTimes_100.txt', trueModel='xTiPPyTiPPzTiPPzTz') (2b4ed617-1975-4590-b6e0-488949befc1d)
14:11:17 100: RemoteBayesFactor.BayesFactorRemote(bayes_threshold=100, bf_data_folder='/panfs/panasas01/phys/bf16951/QMD/ParallelDevelopment/Results/Oct_01/12_46/BayesFactorsTimeRecords/', branchID=0, host_name='node34-015', interbranch=False, log_file='/panfs/panasas01/phys/bf16951/QMD/ParallelDevelopment/Results/Oct_01/12_46/logs/NV-exp-method-sim__random--probe__QMLA_100.qmd.8794813.log', model_a_id=1, model_b_id=2, num_times_to_use=750, port_number=6400, qid=100, times_record='/panfs/panasas01/phys/bf16951/QMD/ParallelDevelopment/Results/Oct_01/12_46/BayesFactorsTimeRecords/BayesFactorsPairsTimes_100.txt', trueModel='xTiPPyTiPPzTiPPzTz') (5045d2bc-ea7e-4963-b5cf-016a64799be9)
14:58:29 100: Job OK (2b4ed617-1975-4590-b6e0-488949befc1d)
14:58:29 Result will never expire, clean up result key manually
14:58:29 Cleaning registries for queue: 100
14:58:29 
14:58:29 *** Listening on 100...
14:59:49 100: Job OK (c3375ea4-8ce2-44d1-8659-674ec78f1c77)
14:59:49 Result will never expire, clean up result key manually
14:59:49 Cleaning registries for queue: 100
14:59:49 
14:59:49 *** Listening on 100...
15:04:14 100: Job OK (5045d2bc-ea7e-4963-b5cf-016a64799be9)
15:04:14 Result will never expire, clean up result key manually
15:04:14 Cleaning registries for queue: 100
15:04:14 
15:04:14 *** Listening on 100...
15:04:14 100: RemoteModelLearning.learnModelRemote('yTiPPzTi', 3.0, branchID=1, growth_generator='NV_alternative_model', host_name='node34-015', log_file='/panfs/panasas01/phys/bf16951/QMD/ParallelDevelopment/Results/Oct_01/12_46/logs/NV-exp-method-sim__random--probe__QMLA_100.qmd.8794813.log', port_number=6400, qid=100, remote=True) (084cfe6f-02f7-427b-bb95-1ae8022ff966)
15:04:14 100: RemoteModelLearning.learnModelRemote('xTiPPyTi', 4.0, branchID=1, growth_generator='NV_alternative_model', host_name='node34-015', log_file='/panfs/panasas01/phys/bf16951/QMD/ParallelDevelopment/Results/Oct_01/12_46/logs/NV-exp-method-sim__random--probe__QMLA_100.qmd.8794813.log', port_number=6400, qid=100, remote=True) (b6f19282-3f42-49ff-8bcc-02e3711ae851)
15:30:23 100: Job OK (084cfe6f-02f7-427b-bb95-1ae8022ff966)
15:30:23 Result will never expire, clean up result key manually
15:30:23 
15:30:23 *** Listening on 100...
15:30:37 100: Job OK (b6f19282-3f42-49ff-8bcc-02e3711ae851)
15:30:37 Result will never expire, clean up result key manually
15:30:37 Cleaning registries for queue: 100
15:30:37 
15:30:37 *** Listening on 100...
15:30:37 100: RemoteBayesFactor.BayesFactorRemote(bayes_threshold=100, bf_data_folder='/panfs/panasas01/phys/bf16951/QMD/ParallelDevelopment/Results/Oct_01/12_46/BayesFactorsTimeRecords/', branchID=1, host_name='node34-015', interbranch=False, log_file='/panfs/panasas01/phys/bf16951/QMD/ParallelDevelopment/Results/Oct_01/12_46/logs/NV-exp-method-sim__random--probe__QMLA_100.qmd.8794813.log', model_a_id=3, model_b_id=4, num_times_to_use=750, port_number=6400, qid=100, times_record='/panfs/panasas01/phys/bf16951/QMD/ParallelDevelopment/Results/Oct_01/12_46/BayesFactorsTimeRecords/BayesFactorsPairsTimes_100.txt', trueModel='xTiPPyTiPPzTiPPzTz') (6b372c49-6b4c-4d8c-a87f-9a982afe9c68)
16:22:58 100: Job OK (6b372c49-6b4c-4d8c-a87f-9a982afe9c68)
16:22:58 Result will never expire, clean up result key manually
16:22:58 Cleaning registries for queue: 100
16:22:58 
16:22:58 *** Listening on 100...
16:22:58 100: RemoteModelLearning.learnModelRemote('xTiPPyTiPPzTi', 5.0, branchID=2, growth_generator='NV_alternative_model', host_name='node34-015', log_file='/panfs/panasas01/phys/bf16951/QMD/ParallelDevelopment/Results/Oct_01/12_46/logs/NV-exp-method-sim__random--probe__QMLA_100.qmd.8794813.log', port_number=6400, qid=100, remote=True) (aa72ef54-013c-4934-b123-9f7c16c1471e)
16:48:04 100: Job OK (aa72ef54-013c-4934-b123-9f7c16c1471e)
16:48:04 Result will never expire, clean up result key manually
16:48:04 Cleaning registries for queue: 100
16:48:04 
16:48:04 *** Listening on 100...
16:48:05 100: RemoteModelLearning.learnModelRemote('xTiPPxTxPPyTiPPzTi', 6.0, branchID=3, growth_generator='NV_alternative_model', host_name='node34-015', log_file='/panfs/panasas01/phys/bf16951/QMD/ParallelDevelopment/Results/Oct_01/12_46/logs/NV-exp-method-sim__random--probe__QMLA_100.qmd.8794813.log', port_number=6400, qid=100, remote=True) (4263d916-ef93-46e8-b0c9-4a4e34e8d9d7)
16:48:05 100: RemoteModelLearning.learnModelRemote('xTiPPyTiPPzTiPPzTz', 7.0, branchID=3, growth_generator='NV_alternative_model', host_name='node34-015', log_file='/panfs/panasas01/phys/bf16951/QMD/ParallelDevelopment/Results/Oct_01/12_46/logs/NV-exp-method-sim__random--probe__QMLA_100.qmd.8794813.log', port_number=6400, qid=100, remote=True) (e2e9e476-4182-46c3-8934-6f291987ff8c)
16:48:05 100: RemoteModelLearning.learnModelRemote('xTiPPyTiPPyTyPPzTi', 8.0, branchID=3, growth_generator='NV_alternative_model', host_name='node34-015', log_file='/panfs/panasas01/phys/bf16951/QMD/ParallelDevelopment/Results/Oct_01/12_46/logs/NV-exp-method-sim__random--probe__QMLA_100.qmd.8794813.log', port_number=6400, qid=100, remote=True) (db076853-7915-47ad-a285-739e23c800fa)
17:14:05 100: Job OK (4263d916-ef93-46e8-b0c9-4a4e34e8d9d7)
17:14:05 Result will never expire, clean up result key manually
17:14:05 Cleaning registries for queue: 100
17:14:05 
17:14:05 *** Listening on 100...
17:14:11 100: Job OK (db076853-7915-47ad-a285-739e23c800fa)
17:14:11 Result will never expire, clean up result key manually
17:14:11 Cleaning registries for queue: 100
17:14:11 
17:14:11 *** Listening on 100...
17:20:48 100: Job OK (e2e9e476-4182-46c3-8934-6f291987ff8c)
17:20:48 Result will never expire, clean up result key manually
17:20:48 Cleaning registries for queue: 100
17:20:48 
17:20:48 *** Listening on 100...
17:20:48 100: RemoteBayesFactor.BayesFactorRemote(bayes_threshold=100, bf_data_folder='/panfs/panasas01/phys/bf16951/QMD/ParallelDevelopment/Results/Oct_01/12_46/BayesFactorsTimeRecords/', branchID=3, host_name='node34-015', interbranch=False, log_file='/panfs/panasas01/phys/bf16951/QMD/ParallelDevelopment/Results/Oct_01/12_46/logs/NV-exp-method-sim__random--probe__QMLA_100.qmd.8794813.log', model_a_id=6, model_b_id=7, num_times_to_use=750, port_number=6400, qid=100, times_record='/panfs/panasas01/phys/bf16951/QMD/ParallelDevelopment/Results/Oct_01/12_46/BayesFactorsTimeRecords/BayesFactorsPairsTimes_100.txt', trueModel='xTiPPyTiPPzTiPPzTz') (7cabe833-ceb8-4f3d-95de-052afc0aaaa3)
17:20:48 100: RemoteBayesFactor.BayesFactorRemote(bayes_threshold=100, bf_data_folder='/panfs/panasas01/phys/bf16951/QMD/ParallelDevelopment/Results/Oct_01/12_46/BayesFactorsTimeRecords/', branchID=3, host_name='node34-015', interbranch=False, log_file='/panfs/panasas01/phys/bf16951/QMD/ParallelDevelopment/Results/Oct_01/12_46/logs/NV-exp-method-sim__random--probe__QMLA_100.qmd.8794813.log', model_a_id=6, model_b_id=8, num_times_to_use=750, port_number=6400, qid=100, times_record='/panfs/panasas01/phys/bf16951/QMD/ParallelDevelopment/Results/Oct_01/12_46/BayesFactorsTimeRecords/BayesFactorsPairsTimes_100.txt', trueModel='xTiPPyTiPPzTiPPzTz') (753478cb-fbc7-471e-bb2a-a3fe84945c1b)
17:20:48 100: RemoteBayesFactor.BayesFactorRemote(bayes_threshold=100, bf_data_folder='/panfs/panasas01/phys/bf16951/QMD/ParallelDevelopment/Results/Oct_01/12_46/BayesFactorsTimeRecords/', branchID=3, host_name='node34-015', interbranch=False, log_file='/panfs/panasas01/phys/bf16951/QMD/ParallelDevelopment/Results/Oct_01/12_46/logs/NV-exp-method-sim__random--probe__QMLA_100.qmd.8794813.log', model_a_id=7, model_b_id=8, num_times_to_use=750, port_number=6400, qid=100, times_record='/panfs/panasas01/phys/bf16951/QMD/ParallelDevelopment/Results/Oct_01/12_46/BayesFactorsTimeRecords/BayesFactorsPairsTimes_100.txt', trueModel='xTiPPyTiPPzTiPPzTz') (32cc676a-c7b3-4fc2-baee-9c0c4b182cd6)
18:11:47 100: Job OK (753478cb-fbc7-471e-bb2a-a3fe84945c1b)
18:11:47 Result will never expire, clean up result key manually
18:11:48 Cleaning registries for queue: 100
18:11:48 
18:11:48 *** Listening on 100...
18:12:50 100: Job OK (32cc676a-c7b3-4fc2-baee-9c0c4b182cd6)
18:12:50 Result will never expire, clean up result key manually
18:12:50 Cleaning registries for queue: 100
18:12:50 
18:12:50 *** Listening on 100...
18:33:06 100: Job OK (7cabe833-ceb8-4f3d-95de-052afc0aaaa3)
18:33:06 Result will never expire, clean up result key manually
18:33:06 Cleaning registries for queue: 100
18:33:06 
18:33:06 *** Listening on 100...
18:33:06 100: RemoteModelLearning.learnModelRemote('xTiPPxTxPPyTiPPzTiPPzTz', 9.0, branchID=4, growth_generator='NV_alternative_model', host_name='node34-015', log_file='/panfs/panasas01/phys/bf16951/QMD/ParallelDevelopment/Results/Oct_01/12_46/logs/NV-exp-method-sim__random--probe__QMLA_100.qmd.8794813.log', port_number=6400, qid=100, remote=True) (2cd49a64-2879-4c86-b06c-6c4927a37621)
18:33:06 100: RemoteModelLearning.learnModelRemote('xTiPPyTiPPyTyPPzTiPPzTz', 10.0, branchID=4, growth_generator='NV_alternative_model', host_name='node34-015', log_file='/panfs/panasas01/phys/bf16951/QMD/ParallelDevelopment/Results/Oct_01/12_46/logs/NV-exp-method-sim__random--probe__QMLA_100.qmd.8794813.log', port_number=6400, qid=100, remote=True) (73fc2147-d3b3-425d-8a91-c5eb5c4e3330)
18:58:44 100: Job OK (2cd49a64-2879-4c86-b06c-6c4927a37621)
18:58:44 Result will never expire, clean up result key manually
18:58:44 
18:58:44 *** Listening on 100...
18:59:24 100: Job OK (73fc2147-d3b3-425d-8a91-c5eb5c4e3330)
18:59:24 Result will never expire, clean up result key manually
18:59:24 
18:59:24 *** Listening on 100...
18:59:25 100: RemoteBayesFactor.BayesFactorRemote(bayes_threshold=100, bf_data_folder='/panfs/panasas01/phys/bf16951/QMD/ParallelDevelopment/Results/Oct_01/12_46/BayesFactorsTimeRecords/', branchID=4, host_name='node34-015', interbranch=False, log_file='/panfs/panasas01/phys/bf16951/QMD/ParallelDevelopment/Results/Oct_01/12_46/logs/NV-exp-method-sim__random--probe__QMLA_100.qmd.8794813.log', model_a_id=9, model_b_id=10, num_times_to_use=750, port_number=6400, qid=100, times_record='/panfs/panasas01/phys/bf16951/QMD/ParallelDevelopment/Results/Oct_01/12_46/BayesFactorsTimeRecords/BayesFactorsPairsTimes_100.txt', trueModel='xTiPPyTiPPzTiPPzTz') (ca4b07c8-13e8-4261-aa95-1d254fff2c8f)
19:49:47 100: Job OK (ca4b07c8-13e8-4261-aa95-1d254fff2c8f)
19:49:47 Result will never expire, clean up result key manually
19:49:47 Cleaning registries for queue: 100
19:49:47 
19:49:47 *** Listening on 100...
19:49:47 100: RemoteModelLearning.learnModelRemote('xTiPPxTxPPyTiPPyTyPPzTiPPzTz', 11.0, branchID=5, growth_generator='NV_alternative_model', host_name='node34-015', log_file='/panfs/panasas01/phys/bf16951/QMD/ParallelDevelopment/Results/Oct_01/12_46/logs/NV-exp-method-sim__random--probe__QMLA_100.qmd.8794813.log', port_number=6400, qid=100, remote=True) (8964733f-93df-469e-8dcb-2b5380fc8410)
20:15:25 100: Job OK (8964733f-93df-469e-8dcb-2b5380fc8410)
20:15:25 Result will never expire, clean up result key manually
20:15:25 Cleaning registries for queue: 100
20:15:25 
20:15:25 *** Listening on 100...
20:15:25 100: RemoteModelLearning.learnModelRemote('xTiPPxTxPPxTyPPyTiPPyTyPPzTiPPzTz', 12.0, branchID=6, growth_generator='NV_alternative_model', host_name='node34-015', log_file='/panfs/panasas01/phys/bf16951/QMD/ParallelDevelopment/Results/Oct_01/12_46/logs/NV-exp-method-sim__random--probe__QMLA_100.qmd.8794813.log', port_number=6400, qid=100, remote=True) (130a1f73-e908-40e0-b791-1ae0127c72e1)
20:15:25 100: RemoteModelLearning.learnModelRemote('xTiPPxTxPPyTiPPyTyPPyTzPPzTiPPzTz', 13.0, branchID=6, growth_generator='NV_alternative_model', host_name='node34-015', log_file='/panfs/panasas01/phys/bf16951/QMD/ParallelDevelopment/Results/Oct_01/12_46/logs/NV-exp-method-sim__random--probe__QMLA_100.qmd.8794813.log', port_number=6400, qid=100, remote=True) (1fbf806c-4c0b-443d-b39f-ff09303fe6b3)
20:15:25 100: RemoteModelLearning.learnModelRemote('xTiPPxTxPPxTzPPyTiPPyTyPPzTiPPzTz', 14.0, branchID=6, growth_generator='NV_alternative_model', host_name='node34-015', log_file='/panfs/panasas01/phys/bf16951/QMD/ParallelDevelopment/Results/Oct_01/12_46/logs/NV-exp-method-sim__random--probe__QMLA_100.qmd.8794813.log', port_number=6400, qid=100, remote=True) (fed81235-dc8b-4f1d-91e9-56eaaefc9061)
20:40:36 100: Job OK (130a1f73-e908-40e0-b791-1ae0127c72e1)
20:40:36 Result will never expire, clean up result key manually
20:40:36 Cleaning registries for queue: 100
20:40:36 
20:40:36 *** Listening on 100...
20:41:14 100: Job OK (fed81235-dc8b-4f1d-91e9-56eaaefc9061)
20:41:14 Result will never expire, clean up result key manually
20:41:14 
20:41:14 *** Listening on 100...
20:41:26 100: Job OK (1fbf806c-4c0b-443d-b39f-ff09303fe6b3)
20:41:26 Result will never expire, clean up result key manually
20:41:26 Cleaning registries for queue: 100
20:41:26 
20:41:26 *** Listening on 100...
20:41:27 100: RemoteBayesFactor.BayesFactorRemote(bayes_threshold=100, bf_data_folder='/panfs/panasas01/phys/bf16951/QMD/ParallelDevelopment/Results/Oct_01/12_46/BayesFactorsTimeRecords/', branchID=6, host_name='node34-015', interbranch=False, log_file='/panfs/panasas01/phys/bf16951/QMD/ParallelDevelopment/Results/Oct_01/12_46/logs/NV-exp-method-sim__random--probe__QMLA_100.qmd.8794813.log', model_a_id=12, model_b_id=13, num_times_to_use=750, port_number=6400, qid=100, times_record='/panfs/panasas01/phys/bf16951/QMD/ParallelDevelopment/Results/Oct_01/12_46/BayesFactorsTimeRecords/BayesFactorsPairsTimes_100.txt', trueModel='xTiPPyTiPPzTiPPzTz') (52c4ad6a-a032-4078-bfef-045f9ebc9687)
20:41:27 100: RemoteBayesFactor.BayesFactorRemote(bayes_threshold=100, bf_data_folder='/panfs/panasas01/phys/bf16951/QMD/ParallelDevelopment/Results/Oct_01/12_46/BayesFactorsTimeRecords/', branchID=6, host_name='node34-015', interbranch=False, log_file='/panfs/panasas01/phys/bf16951/QMD/ParallelDevelopment/Results/Oct_01/12_46/logs/NV-exp-method-sim__random--probe__QMLA_100.qmd.8794813.log', model_a_id=12, model_b_id=14, num_times_to_use=750, port_number=6400, qid=100, times_record='/panfs/panasas01/phys/bf16951/QMD/ParallelDevelopment/Results/Oct_01/12_46/BayesFactorsTimeRecords/BayesFactorsPairsTimes_100.txt', trueModel='xTiPPyTiPPzTiPPzTz') (63229e6d-1031-462b-87eb-63b60c5c5de7)
20:41:27 100: RemoteBayesFactor.BayesFactorRemote(bayes_threshold=100, bf_data_folder='/panfs/panasas01/phys/bf16951/QMD/ParallelDevelopment/Results/Oct_01/12_46/BayesFactorsTimeRecords/', branchID=6, host_name='node34-015', interbranch=False, log_file='/panfs/panasas01/phys/bf16951/QMD/ParallelDevelopment/Results/Oct_01/12_46/logs/NV-exp-method-sim__random--probe__QMLA_100.qmd.8794813.log', model_a_id=13, model_b_id=14, num_times_to_use=750, port_number=6400, qid=100, times_record='/panfs/panasas01/phys/bf16951/QMD/ParallelDevelopment/Results/Oct_01/12_46/BayesFactorsTimeRecords/BayesFactorsPairsTimes_100.txt', trueModel='xTiPPyTiPPzTiPPzTz') (4a4d017c-aa16-498d-a9c6-e851a3e5fcd4)
21:36:34 100: Job OK (4a4d017c-aa16-498d-a9c6-e851a3e5fcd4)
21:36:34 Result will never expire, clean up result key manually
21:36:34 Cleaning registries for queue: 100
21:36:34 
21:36:34 *** Listening on 100...
21:41:41 100: Job OK (52c4ad6a-a032-4078-bfef-045f9ebc9687)
21:41:41 Result will never expire, clean up result key manually
21:41:41 Cleaning registries for queue: 100
21:41:41 
21:41:41 *** Listening on 100...
21:44:46 100: Job OK (63229e6d-1031-462b-87eb-63b60c5c5de7)
21:44:46 Result will never expire, clean up result key manually
21:44:46 Cleaning registries for queue: 100
21:44:46 
21:44:46 *** Listening on 100...
21:44:46 100: RemoteModelLearning.learnModelRemote('xTiPPxTxPPxTyPPxTzPPyTiPPyTyPPzTiPPzTz', 15.0, branchID=7, growth_generator='NV_alternative_model', host_name='node34-015', log_file='/panfs/panasas01/phys/bf16951/QMD/ParallelDevelopment/Results/Oct_01/12_46/logs/NV-exp-method-sim__random--probe__QMLA_100.qmd.8794813.log', port_number=6400, qid=100, remote=True) (8ea86fa8-c711-4c0e-a2cb-992b0a027d03)
21:44:46 100: RemoteModelLearning.learnModelRemote('xTiPPxTxPPxTzPPyTiPPyTyPPyTzPPzTiPPzTz', 16.0, branchID=7, growth_generator='NV_alternative_model', host_name='node34-015', log_file='/panfs/panasas01/phys/bf16951/QMD/ParallelDevelopment/Results/Oct_01/12_46/logs/NV-exp-method-sim__random--probe__QMLA_100.qmd.8794813.log', port_number=6400, qid=100, remote=True) (a8723368-033e-46a3-8035-714cfeba40d7)
22:09:40 100: Job OK (a8723368-033e-46a3-8035-714cfeba40d7)
22:09:40 Result will never expire, clean up result key manually
22:09:40 Cleaning registries for queue: 100
22:09:40 
22:09:40 *** Listening on 100...
22:10:53 100: Job OK (8ea86fa8-c711-4c0e-a2cb-992b0a027d03)
22:10:53 Result will never expire, clean up result key manually
22:10:53 Cleaning registries for queue: 100
22:10:53 
22:10:53 *** Listening on 100...
22:10:53 100: RemoteBayesFactor.BayesFactorRemote(bayes_threshold=100, bf_data_folder='/panfs/panasas01/phys/bf16951/QMD/ParallelDevelopment/Results/Oct_01/12_46/BayesFactorsTimeRecords/', branchID=7, host_name='node34-015', interbranch=False, log_file='/panfs/panasas01/phys/bf16951/QMD/ParallelDevelopment/Results/Oct_01/12_46/logs/NV-exp-method-sim__random--probe__QMLA_100.qmd.8794813.log', model_a_id=15, model_b_id=16, num_times_to_use=750, port_number=6400, qid=100, times_record='/panfs/panasas01/phys/bf16951/QMD/ParallelDevelopment/Results/Oct_01/12_46/BayesFactorsTimeRecords/BayesFactorsPairsTimes_100.txt', trueModel='xTiPPyTiPPzTiPPzTz') (c3af9370-23b9-494f-b0e2-29f1e16eaad0)
23:01:31 100: Job OK (c3af9370-23b9-494f-b0e2-29f1e16eaad0)
23:01:31 Result will never expire, clean up result key manually
23:01:31 Cleaning registries for queue: 100
23:01:31 
23:01:31 *** Listening on 100...
23:01:31 100: RemoteModelLearning.learnModelRemote('xTiPPxTxPPxTyPPxTzPPyTiPPyTyPPyTzPPzTiPPzTz', 17.0, branchID=8, growth_generator='NV_alternative_model', host_name='node34-015', log_file='/panfs/panasas01/phys/bf16951/QMD/ParallelDevelopment/Results/Oct_01/12_46/logs/NV-exp-method-sim__random--probe__QMLA_100.qmd.8794813.log', port_number=6400, qid=100, remote=True) (77fb9d9a-8674-4b82-a03c-4d86748cf238)
23:26:39 100: Job OK (77fb9d9a-8674-4b82-a03c-4d86748cf238)
23:26:39 Result will never expire, clean up result key manually
23:26:39 100: RemoteBayesFactor.BayesFactorRemote(bayes_threshold=100, bf_data_folder='/panfs/panasas01/phys/bf16951/QMD/ParallelDevelopment/Results/Oct_01/12_46/BayesFactorsTimeRecords/', branchID=None, host_name='node34-015', interbranch=True, log_file='/panfs/panasas01/phys/bf16951/QMD/ParallelDevelopment/Results/Oct_01/12_46/logs/NV-exp-method-sim__random--probe__QMLA_100.qmd.8794813.log', model_a_id=3, model_b_id=5, num_times_to_use=750, port_number=6400, qid=100, times_record='/panfs/panasas01/phys/bf16951/QMD/ParallelDevelopment/Results/Oct_01/12_46/BayesFactorsTimeRecords/BayesFactorsPairsTimes_100.txt', trueModel='xTiPPyTiPPzTiPPzTz') (651641d3-e739-4c62-a839-31d26faf4f84)
23:26:39 100: RemoteBayesFactor.BayesFactorRemote(bayes_threshold=100, bf_data_folder='/panfs/panasas01/phys/bf16951/QMD/ParallelDevelopment/Results/Oct_01/12_46/BayesFactorsTimeRecords/', branchID=None, host_name='node34-015', interbranch=True, log_file='/panfs/panasas01/phys/bf16951/QMD/ParallelDevelopment/Results/Oct_01/12_46/logs/NV-exp-method-sim__random--probe__QMLA_100.qmd.8794813.log', model_a_id=1, model_b_id=3, num_times_to_use=750, port_number=6400, qid=100, times_record='/panfs/panasas01/phys/bf16951/QMD/ParallelDevelopment/Results/Oct_01/12_46/BayesFactorsTimeRecords/BayesFactorsPairsTimes_100.txt', trueModel='xTiPPyTiPPzTiPPzTz') (09b1e98a-711f-44dd-a43b-50b69ddd6f2a)
23:26:39 100: RemoteBayesFactor.BayesFactorRemote(bayes_threshold=100, bf_data_folder='/panfs/panasas01/phys/bf16951/QMD/ParallelDevelopment/Results/Oct_01/12_46/BayesFactorsTimeRecords/', branchID=None, host_name='node34-015', interbranch=True, log_file='/panfs/panasas01/phys/bf16951/QMD/ParallelDevelopment/Results/Oct_01/12_46/logs/NV-exp-method-sim__random--probe__QMLA_100.qmd.8794813.log', model_a_id=5, model_b_id=7, num_times_to_use=750, port_number=6400, qid=100, times_record='/panfs/panasas01/phys/bf16951/QMD/ParallelDevelopment/Results/Oct_01/12_46/BayesFactorsTimeRecords/BayesFactorsPairsTimes_100.txt', trueModel='xTiPPyTiPPzTiPPzTz') (91eb4ba3-7ceb-4151-83e2-b9be93d449e4)
23:26:39 100: RemoteBayesFactor.BayesFactorRemote(bayes_threshold=100, bf_data_folder='/panfs/panasas01/phys/bf16951/QMD/ParallelDevelopment/Results/Oct_01/12_46/BayesFactorsTimeRecords/', branchID=None, host_name='node34-015', interbranch=True, log_file='/panfs/panasas01/phys/bf16951/QMD/ParallelDevelopment/Results/Oct_01/12_46/logs/NV-exp-method-sim__random--probe__QMLA_100.qmd.8794813.log', model_a_id=7, model_b_id=10, num_times_to_use=750, port_number=6400, qid=100, times_record='/panfs/panasas01/phys/bf16951/QMD/ParallelDevelopment/Results/Oct_01/12_46/BayesFactorsTimeRecords/BayesFactorsPairsTimes_100.txt', trueModel='xTiPPyTiPPzTiPPzTz') (9b7e8990-1c62-489c-a626-c6e5d8c8bb3d)
23:26:39 100: RemoteBayesFactor.BayesFactorRemote(bayes_threshold=100, bf_data_folder='/panfs/panasas01/phys/bf16951/QMD/ParallelDevelopment/Results/Oct_01/12_46/BayesFactorsTimeRecords/', branchID=None, host_name='node34-015', interbranch=True, log_file='/panfs/panasas01/phys/bf16951/QMD/ParallelDevelopment/Results/Oct_01/12_46/logs/NV-exp-method-sim__random--probe__QMLA_100.qmd.8794813.log', model_a_id=10, model_b_id=11, num_times_to_use=750, port_number=6400, qid=100, times_record='/panfs/panasas01/phys/bf16951/QMD/ParallelDevelopment/Results/Oct_01/12_46/BayesFactorsTimeRecords/BayesFactorsPairsTimes_100.txt', trueModel='xTiPPyTiPPzTiPPzTz') (fad57bfa-767b-4790-8c04-5a850a3265f5)
23:26:39 Cleaning registries for queue: 100
23:26:39 
23:26:39 *** Listening on 100...
23:26:39 100: RemoteBayesFactor.BayesFactorRemote(bayes_threshold=100, bf_data_folder='/panfs/panasas01/phys/bf16951/QMD/ParallelDevelopment/Results/Oct_01/12_46/BayesFactorsTimeRecords/', branchID=None, host_name='node34-015', interbranch=True, log_file='/panfs/panasas01/phys/bf16951/QMD/ParallelDevelopment/Results/Oct_01/12_46/logs/NV-exp-method-sim__random--probe__QMLA_100.qmd.8794813.log', model_a_id=11, model_b_id=14, num_times_to_use=750, port_number=6400, qid=100, times_record='/panfs/panasas01/phys/bf16951/QMD/ParallelDevelopment/Results/Oct_01/12_46/BayesFactorsTimeRecords/BayesFactorsPairsTimes_100.txt', trueModel='xTiPPyTiPPzTiPPzTz') (02e2a727-42c8-4660-a062-d6cbddd6de76)
00:18:17 100: Job OK (fad57bfa-767b-4790-8c04-5a850a3265f5)
00:18:17 Result will never expire, clean up result key manually
00:18:17 Cleaning registries for queue: 100
00:18:17 
00:18:17 *** Listening on 100...
00:18:17 100: RemoteBayesFactor.BayesFactorRemote(bayes_threshold=100, bf_data_folder='/panfs/panasas01/phys/bf16951/QMD/ParallelDevelopment/Results/Oct_01/12_46/BayesFactorsTimeRecords/', branchID=None, host_name='node34-015', interbranch=True, log_file='/panfs/panasas01/phys/bf16951/QMD/ParallelDevelopment/Results/Oct_01/12_46/logs/NV-exp-method-sim__random--probe__QMLA_100.qmd.8794813.log', model_a_id=14, model_b_id=15, num_times_to_use=750, port_number=6400, qid=100, times_record='/panfs/panasas01/phys/bf16951/QMD/ParallelDevelopment/Results/Oct_01/12_46/BayesFactorsTimeRecords/BayesFactorsPairsTimes_100.txt', trueModel='xTiPPyTiPPzTiPPzTz') (a8111403-181e-468b-9228-361d5332f1d7)
00:19:04 100: Job OK (02e2a727-42c8-4660-a062-d6cbddd6de76)
00:19:04 Result will never expire, clean up result key manually
00:19:04 
00:19:04 *** Listening on 100...
00:19:04 100: RemoteBayesFactor.BayesFactorRemote(bayes_threshold=100, bf_data_folder='/panfs/panasas01/phys/bf16951/QMD/ParallelDevelopment/Results/Oct_01/12_46/BayesFactorsTimeRecords/', branchID=None, host_name='node34-015', interbranch=True, log_file='/panfs/panasas01/phys/bf16951/QMD/ParallelDevelopment/Results/Oct_01/12_46/logs/NV-exp-method-sim__random--probe__QMLA_100.qmd.8794813.log', model_a_id=15, model_b_id=17, num_times_to_use=750, port_number=6400, qid=100, times_record='/panfs/panasas01/phys/bf16951/QMD/ParallelDevelopment/Results/Oct_01/12_46/BayesFactorsTimeRecords/BayesFactorsPairsTimes_100.txt', trueModel='xTiPPyTiPPzTiPPzTz') (b15036af-087e-4fab-b7e6-483928fe9c53)
00:20:06 100: Job OK (9b7e8990-1c62-489c-a626-c6e5d8c8bb3d)
00:20:06 Result will never expire, clean up result key manually
00:20:06 Cleaning registries for queue: 100
00:20:06 
00:20:06 *** Listening on 100...
00:20:46 100: Job OK (651641d3-e739-4c62-a839-31d26faf4f84)
00:20:46 Result will never expire, clean up result key manually
00:20:46 Cleaning registries for queue: 100
00:20:46 
00:20:46 *** Listening on 100...
00:20:48 100: Job OK (91eb4ba3-7ceb-4151-83e2-b9be93d449e4)
00:20:48 Result will never expire, clean up result key manually
00:20:48 Cleaning registries for queue: 100
00:20:48 
00:20:48 *** Listening on 100...
00:21:37 100: Job OK (09b1e98a-711f-44dd-a43b-50b69ddd6f2a)
00:21:37 Result will never expire, clean up result key manually
00:21:37 Cleaning registries for queue: 100
00:21:37 
00:21:37 *** Listening on 100...
01:08:25 100: Job OK (a8111403-181e-468b-9228-361d5332f1d7)
01:08:25 Result will never expire, clean up result key manually
01:08:25 
01:08:25 *** Listening on 100...
01:10:08 100: Job OK (b15036af-087e-4fab-b7e6-483928fe9c53)
01:10:08 Result will never expire, clean up result key manually
01:10:08 Cleaning registries for queue: 100
01:10:08 
01:10:08 *** Listening on 100...
01:10:09 100: RemoteBayesFactor.BayesFactorRemote(bayes_threshold=100, bf_data_folder='/panfs/panasas01/phys/bf16951/QMD/ParallelDevelopment/Results/Oct_01/12_46/BayesFactorsTimeRecords/', branchID=9, host_name='node34-015', interbranch=False, log_file='/panfs/panasas01/phys/bf16951/QMD/ParallelDevelopment/Results/Oct_01/12_46/logs/NV-exp-method-sim__random--probe__QMLA_100.qmd.8794813.log', model_a_id=3.0, model_b_id=10.0, num_times_to_use=750, port_number=6400, qid=100, times_record='/panfs/panasas01/phys/bf16951/QMD/ParallelDevelopment/Results/Oct_01/12_46/BayesFactorsTimeRecords/BayesFactorsPairsTimes_100.txt', trueModel='xTiPPyTiPPzTiPPzTz') (dc569f00-0caf-40dc-89dd-7b70a6c20f82)
01:10:09 100: RemoteBayesFactor.BayesFactorRemote(bayes_threshold=100, bf_data_folder='/panfs/panasas01/phys/bf16951/QMD/ParallelDevelopment/Results/Oct_01/12_46/BayesFactorsTimeRecords/', branchID=9, host_name='node34-015', interbranch=False, log_file='/panfs/panasas01/phys/bf16951/QMD/ParallelDevelopment/Results/Oct_01/12_46/logs/NV-exp-method-sim__random--probe__QMLA_100.qmd.8794813.log', model_a_id=10.0, model_b_id=14.0, num_times_to_use=750, port_number=6400, qid=100, times_record='/panfs/panasas01/phys/bf16951/QMD/ParallelDevelopment/Results/Oct_01/12_46/BayesFactorsTimeRecords/BayesFactorsPairsTimes_100.txt', trueModel='xTiPPyTiPPzTiPPzTz') (29858c1c-cd8e-4b40-aa0f-579ee8d851f9)
01:10:09 100: RemoteBayesFactor.BayesFactorRemote(bayes_threshold=100, bf_data_folder='/panfs/panasas01/phys/bf16951/QMD/ParallelDevelopment/Results/Oct_01/12_46/BayesFactorsTimeRecords/', branchID=9, host_name='node34-015', interbranch=False, log_file='/panfs/panasas01/phys/bf16951/QMD/ParallelDevelopment/Results/Oct_01/12_46/logs/NV-exp-method-sim__random--probe__QMLA_100.qmd.8794813.log', model_a_id=3.0, model_b_id=14.0, num_times_to_use=750, port_number=6400, qid=100, times_record='/panfs/panasas01/phys/bf16951/QMD/ParallelDevelopment/Results/Oct_01/12_46/BayesFactorsTimeRecords/BayesFactorsPairsTimes_100.txt', trueModel='xTiPPyTiPPzTiPPzTz') (4ac39151-784f-4ec8-82fb-82852b9b31ca)
02:01:42 100: Job OK (29858c1c-cd8e-4b40-aa0f-579ee8d851f9)
02:01:42 Result will never expire, clean up result key manually
02:01:42 Cleaning registries for queue: 100
02:01:42 
02:01:42 *** Listening on 100...
02:01:49 100: Job OK (4ac39151-784f-4ec8-82fb-82852b9b31ca)
02:01:49 Result will never expire, clean up result key manually
02:01:49 Cleaning registries for queue: 100
02:01:49 
02:01:49 *** Listening on 100...
02:03:08 100: Job OK (dc569f00-0caf-40dc-89dd-7b70a6c20f82)
02:03:08 Result will never expire, clean up result key manually
02:03:08 Cleaning registries for queue: 100
02:03:08 
02:03:08 *** Listening on 100...
02:03:08 100: RemoteBayesFactor.BayesFactorRemote(bayes_threshold=100, bf_data_folder='/panfs/panasas01/phys/bf16951/QMD/ParallelDevelopment/Results/Oct_01/12_46/BayesFactorsTimeRecords/', branchID=None, host_name='node34-015', interbranch=True, log_file='/panfs/panasas01/phys/bf16951/QMD/ParallelDevelopment/Results/Oct_01/12_46/logs/NV-exp-method-sim__random--probe__QMLA_100.qmd.8794813.log', model_a_id=10, model_b_id=18, num_times_to_use=750, port_number=6400, qid=100, times_record='/panfs/panasas01/phys/bf16951/QMD/ParallelDevelopment/Results/Oct_01/12_46/BayesFactorsTimeRecords/BayesFactorsPairsTimes_100.txt', trueModel='xTiPPyTiPPzTiPPzTz') (4e75a923-dc57-46d3-9641-722abef265d0)
02:53:38 100: Job OK (4e75a923-dc57-46d3-9641-722abef265d0)
02:53:38 Result will never expire, clean up result key manually
02:53:38 Cleaning registries for queue: 100
02:53:38 
02:53:38 *** Listening on 100...
Error 111 connecting to node34-015:6400. Connection refused.
Error 111 connecting to node34-015:6400. Connection refused.
Error 111 connecting to node34-015:6400. Connection refused.
Error 111 connecting to node34-015:6400. Connection refused.
Error 111 connecting to node34-015:6400. Connection refused.
Error 111 connecting to node34-015:6400. Connection refused.
