13:58:29 RQ worker 'rq:worker:node33-019.23838' started, version 0.8.1
13:58:29 RQ worker 'rq:worker:node33-019.23840' started, version 0.8.1
13:58:29 RQ worker 'rq:worker:node33-019.23839' started, version 0.8.1
13:58:29 RQ worker 'rq:worker:node33-019.23842' started, version 0.8.1
13:58:29 RQ worker 'rq:worker:node33-019.23843' started, version 0.8.1
13:58:29 Cleaning registries for queue: 22
13:58:29 Cleaning registries for queue: 22
13:58:29 Cleaning registries for queue: 22
13:58:29 Cleaning registries for queue: 22
13:58:29 Cleaning registries for queue: 22
13:58:29 
13:58:29 
13:58:29 
13:58:29 
13:58:29 
13:58:29 *** Listening on 22...
13:58:29 *** Listening on 22...
13:58:29 *** Listening on 22...
13:58:29 *** Listening on 22...
13:58:29 *** Listening on 22...
13:58:29 RQ worker 'rq:worker:node33-019.23841' started, version 0.8.1
13:58:29 Cleaning registries for queue: 22
13:58:29 
13:58:29 *** Listening on 22...
13:58:40 22: RemoteModelLearning.learnModelRemote('yTi', 1.0, branchID=0, growth_generator='NV_alternative_model', host_name='node33-019', log_file='/panfs/panasas01/phys/bf16951/QMD/ParallelDevelopment/Results/Oct_01/12_46/logs/NV-exp-method-sim__random--probe__QMLA_22.qmd.8794735.log', port_number=6322, qid=22, remote=True) (dea69f51-3adf-45bc-be1f-f71933f9d3b8)
13:58:40 22: RemoteModelLearning.learnModelRemote('zTi', 2.0, branchID=0, growth_generator='NV_alternative_model', host_name='node33-019', log_file='/panfs/panasas01/phys/bf16951/QMD/ParallelDevelopment/Results/Oct_01/12_46/logs/NV-exp-method-sim__random--probe__QMLA_22.qmd.8794735.log', port_number=6322, qid=22, remote=True) (1f5d170f-7055-439f-bac3-71bfea177a65)
13:58:40 22: RemoteModelLearning.learnModelRemote('xTi', 0.0, branchID=0, growth_generator='NV_alternative_model', host_name='node33-019', log_file='/panfs/panasas01/phys/bf16951/QMD/ParallelDevelopment/Results/Oct_01/12_46/logs/NV-exp-method-sim__random--probe__QMLA_22.qmd.8794735.log', port_number=6322, qid=22, remote=True) (a07e71b8-ea0e-4734-9138-178ee3b6b394)
14:25:57 22: Job OK (a07e71b8-ea0e-4734-9138-178ee3b6b394)
14:25:57 Result will never expire, clean up result key manually
14:25:57 
14:25:57 *** Listening on 22...
14:26:24 22: Job OK (dea69f51-3adf-45bc-be1f-f71933f9d3b8)
14:26:24 Result will never expire, clean up result key manually
14:26:24 
14:26:24 *** Listening on 22...
14:30:41 22: Job OK (1f5d170f-7055-439f-bac3-71bfea177a65)
14:30:41 Result will never expire, clean up result key manually
14:30:41 
14:30:41 *** Listening on 22...
14:30:41 22: RemoteBayesFactor.BayesFactorRemote(bayes_threshold=100, bf_data_folder='/panfs/panasas01/phys/bf16951/QMD/ParallelDevelopment/Results/Oct_01/12_46/BayesFactorsTimeRecords/', branchID=0, host_name='node33-019', interbranch=False, log_file='/panfs/panasas01/phys/bf16951/QMD/ParallelDevelopment/Results/Oct_01/12_46/logs/NV-exp-method-sim__random--probe__QMLA_22.qmd.8794735.log', model_a_id=0, model_b_id=1, num_times_to_use=750, port_number=6322, qid=22, times_record='/panfs/panasas01/phys/bf16951/QMD/ParallelDevelopment/Results/Oct_01/12_46/BayesFactorsTimeRecords/BayesFactorsPairsTimes_022.txt', trueModel='xTiPPyTiPPzTiPPzTz') (36a681cb-0526-4059-9b78-a89dd329edf6)
14:30:41 22: RemoteBayesFactor.BayesFactorRemote(bayes_threshold=100, bf_data_folder='/panfs/panasas01/phys/bf16951/QMD/ParallelDevelopment/Results/Oct_01/12_46/BayesFactorsTimeRecords/', branchID=0, host_name='node33-019', interbranch=False, log_file='/panfs/panasas01/phys/bf16951/QMD/ParallelDevelopment/Results/Oct_01/12_46/logs/NV-exp-method-sim__random--probe__QMLA_22.qmd.8794735.log', model_a_id=0, model_b_id=2, num_times_to_use=750, port_number=6322, qid=22, times_record='/panfs/panasas01/phys/bf16951/QMD/ParallelDevelopment/Results/Oct_01/12_46/BayesFactorsTimeRecords/BayesFactorsPairsTimes_022.txt', trueModel='xTiPPyTiPPzTiPPzTz') (3f90232c-b400-41f1-8327-073fd8e697e9)
14:30:41 22: RemoteBayesFactor.BayesFactorRemote(bayes_threshold=100, bf_data_folder='/panfs/panasas01/phys/bf16951/QMD/ParallelDevelopment/Results/Oct_01/12_46/BayesFactorsTimeRecords/', branchID=0, host_name='node33-019', interbranch=False, log_file='/panfs/panasas01/phys/bf16951/QMD/ParallelDevelopment/Results/Oct_01/12_46/logs/NV-exp-method-sim__random--probe__QMLA_22.qmd.8794735.log', model_a_id=1, model_b_id=2, num_times_to_use=750, port_number=6322, qid=22, times_record='/panfs/panasas01/phys/bf16951/QMD/ParallelDevelopment/Results/Oct_01/12_46/BayesFactorsTimeRecords/BayesFactorsPairsTimes_022.txt', trueModel='xTiPPyTiPPzTiPPzTz') (683e5161-2f33-4446-abe8-fc4adb77f062)
15:23:44 22: Job OK (3f90232c-b400-41f1-8327-073fd8e697e9)
15:23:44 Result will never expire, clean up result key manually
15:23:44 Cleaning registries for queue: 22
15:23:44 
15:23:44 *** Listening on 22...
15:23:57 22: Job OK (683e5161-2f33-4446-abe8-fc4adb77f062)
15:23:57 Result will never expire, clean up result key manually
15:23:57 Cleaning registries for queue: 22
15:23:57 
15:23:57 *** Listening on 22...
15:24:57 22: Job OK (36a681cb-0526-4059-9b78-a89dd329edf6)
15:24:57 Result will never expire, clean up result key manually
15:24:57 Cleaning registries for queue: 22
15:24:57 
15:24:57 *** Listening on 22...
15:24:57 22: RemoteModelLearning.learnModelRemote('yTiPPzTi', 3.0, branchID=1, growth_generator='NV_alternative_model', host_name='node33-019', log_file='/panfs/panasas01/phys/bf16951/QMD/ParallelDevelopment/Results/Oct_01/12_46/logs/NV-exp-method-sim__random--probe__QMLA_22.qmd.8794735.log', port_number=6322, qid=22, remote=True) (a1da8fa7-7ca9-4be7-b4e1-3798147d64a7)
15:24:57 22: RemoteModelLearning.learnModelRemote('xTiPPyTi', 4.0, branchID=1, growth_generator='NV_alternative_model', host_name='node33-019', log_file='/panfs/panasas01/phys/bf16951/QMD/ParallelDevelopment/Results/Oct_01/12_46/logs/NV-exp-method-sim__random--probe__QMLA_22.qmd.8794735.log', port_number=6322, qid=22, remote=True) (eb5d80f4-ac5f-4c7f-b6f4-0e17675efdba)
15:50:08 22: Job OK (a1da8fa7-7ca9-4be7-b4e1-3798147d64a7)
15:50:08 Result will never expire, clean up result key manually
15:50:08 Cleaning registries for queue: 22
15:50:08 
15:50:08 *** Listening on 22...
15:56:29 22: Job OK (eb5d80f4-ac5f-4c7f-b6f4-0e17675efdba)
15:56:29 Result will never expire, clean up result key manually
15:56:29 Cleaning registries for queue: 22
15:56:29 
15:56:29 *** Listening on 22...
15:56:30 22: RemoteBayesFactor.BayesFactorRemote(bayes_threshold=100, bf_data_folder='/panfs/panasas01/phys/bf16951/QMD/ParallelDevelopment/Results/Oct_01/12_46/BayesFactorsTimeRecords/', branchID=1, host_name='node33-019', interbranch=False, log_file='/panfs/panasas01/phys/bf16951/QMD/ParallelDevelopment/Results/Oct_01/12_46/logs/NV-exp-method-sim__random--probe__QMLA_22.qmd.8794735.log', model_a_id=3, model_b_id=4, num_times_to_use=750, port_number=6322, qid=22, times_record='/panfs/panasas01/phys/bf16951/QMD/ParallelDevelopment/Results/Oct_01/12_46/BayesFactorsTimeRecords/BayesFactorsPairsTimes_022.txt', trueModel='xTiPPyTiPPzTiPPzTz') (25130485-2c0d-4cdd-bd2a-2094a752ed6e)
16:50:13 22: Job OK (25130485-2c0d-4cdd-bd2a-2094a752ed6e)
16:50:13 Result will never expire, clean up result key manually
16:50:13 Cleaning registries for queue: 22
16:50:13 
16:50:13 *** Listening on 22...
16:50:13 22: RemoteModelLearning.learnModelRemote('xTiPPyTiPPzTi', 5.0, branchID=2, growth_generator='NV_alternative_model', host_name='node33-019', log_file='/panfs/panasas01/phys/bf16951/QMD/ParallelDevelopment/Results/Oct_01/12_46/logs/NV-exp-method-sim__random--probe__QMLA_22.qmd.8794735.log', port_number=6322, qid=22, remote=True) (72d5bbcf-da6b-4bcc-a8a0-88802cb30fac)
17:17:07 22: Job OK (72d5bbcf-da6b-4bcc-a8a0-88802cb30fac)
17:17:07 Result will never expire, clean up result key manually
17:17:07 Cleaning registries for queue: 22
17:17:07 
17:17:07 *** Listening on 22...
17:17:07 22: RemoteModelLearning.learnModelRemote('xTiPPxTxPPyTiPPzTi', 6.0, branchID=3, growth_generator='NV_alternative_model', host_name='node33-019', log_file='/panfs/panasas01/phys/bf16951/QMD/ParallelDevelopment/Results/Oct_01/12_46/logs/NV-exp-method-sim__random--probe__QMLA_22.qmd.8794735.log', port_number=6322, qid=22, remote=True) (90f13eb5-7f2e-4b30-b052-d58b37b087d8)
17:17:07 22: RemoteModelLearning.learnModelRemote('xTiPPyTiPPyTyPPzTi', 7.0, branchID=3, growth_generator='NV_alternative_model', host_name='node33-019', log_file='/panfs/panasas01/phys/bf16951/QMD/ParallelDevelopment/Results/Oct_01/12_46/logs/NV-exp-method-sim__random--probe__QMLA_22.qmd.8794735.log', port_number=6322, qid=22, remote=True) (35d2b56a-49c0-42c0-876c-204d032ed6d9)
17:17:07 22: RemoteModelLearning.learnModelRemote('xTiPPyTiPPzTiPPzTz', 8.0, branchID=3, growth_generator='NV_alternative_model', host_name='node33-019', log_file='/panfs/panasas01/phys/bf16951/QMD/ParallelDevelopment/Results/Oct_01/12_46/logs/NV-exp-method-sim__random--probe__QMLA_22.qmd.8794735.log', port_number=6322, qid=22, remote=True) (4a9ce79c-e4df-4db9-b13e-c1477db7b82e)
17:44:16 22: Job OK (90f13eb5-7f2e-4b30-b052-d58b37b087d8)
17:44:16 Result will never expire, clean up result key manually
17:44:16 Cleaning registries for queue: 22
17:44:16 
17:44:16 *** Listening on 22...
17:44:17 22: Job OK (4a9ce79c-e4df-4db9-b13e-c1477db7b82e)
17:44:17 Result will never expire, clean up result key manually
17:44:17 Cleaning registries for queue: 22
17:44:17 
17:44:17 *** Listening on 22...
17:44:23 22: Job OK (35d2b56a-49c0-42c0-876c-204d032ed6d9)
17:44:23 Result will never expire, clean up result key manually
17:44:23 Cleaning registries for queue: 22
17:44:23 
17:44:23 *** Listening on 22...
17:44:23 22: RemoteBayesFactor.BayesFactorRemote(bayes_threshold=100, bf_data_folder='/panfs/panasas01/phys/bf16951/QMD/ParallelDevelopment/Results/Oct_01/12_46/BayesFactorsTimeRecords/', branchID=3, host_name='node33-019', interbranch=False, log_file='/panfs/panasas01/phys/bf16951/QMD/ParallelDevelopment/Results/Oct_01/12_46/logs/NV-exp-method-sim__random--probe__QMLA_22.qmd.8794735.log', model_a_id=6, model_b_id=7, num_times_to_use=750, port_number=6322, qid=22, times_record='/panfs/panasas01/phys/bf16951/QMD/ParallelDevelopment/Results/Oct_01/12_46/BayesFactorsTimeRecords/BayesFactorsPairsTimes_022.txt', trueModel='xTiPPyTiPPzTiPPzTz') (1b9d4b90-aed7-48c9-9c65-9aae09ccb0d2)
17:44:23 22: RemoteBayesFactor.BayesFactorRemote(bayes_threshold=100, bf_data_folder='/panfs/panasas01/phys/bf16951/QMD/ParallelDevelopment/Results/Oct_01/12_46/BayesFactorsTimeRecords/', branchID=3, host_name='node33-019', interbranch=False, log_file='/panfs/panasas01/phys/bf16951/QMD/ParallelDevelopment/Results/Oct_01/12_46/logs/NV-exp-method-sim__random--probe__QMLA_22.qmd.8794735.log', model_a_id=6, model_b_id=8, num_times_to_use=750, port_number=6322, qid=22, times_record='/panfs/panasas01/phys/bf16951/QMD/ParallelDevelopment/Results/Oct_01/12_46/BayesFactorsTimeRecords/BayesFactorsPairsTimes_022.txt', trueModel='xTiPPyTiPPzTiPPzTz') (6d186064-6aff-4082-a5d7-b8c4f2fdc569)
17:44:23 22: RemoteBayesFactor.BayesFactorRemote(bayes_threshold=100, bf_data_folder='/panfs/panasas01/phys/bf16951/QMD/ParallelDevelopment/Results/Oct_01/12_46/BayesFactorsTimeRecords/', branchID=3, host_name='node33-019', interbranch=False, log_file='/panfs/panasas01/phys/bf16951/QMD/ParallelDevelopment/Results/Oct_01/12_46/logs/NV-exp-method-sim__random--probe__QMLA_22.qmd.8794735.log', model_a_id=7, model_b_id=8, num_times_to_use=750, port_number=6322, qid=22, times_record='/panfs/panasas01/phys/bf16951/QMD/ParallelDevelopment/Results/Oct_01/12_46/BayesFactorsTimeRecords/BayesFactorsPairsTimes_022.txt', trueModel='xTiPPyTiPPzTiPPzTz') (d525dc9f-1a69-4a25-b1ee-640bc17675fe)
18:36:56 22: Job OK (6d186064-6aff-4082-a5d7-b8c4f2fdc569)
18:36:56 Result will never expire, clean up result key manually
18:36:56 Cleaning registries for queue: 22
18:36:56 
18:36:56 *** Listening on 22...
18:36:58 22: Job OK (d525dc9f-1a69-4a25-b1ee-640bc17675fe)
18:36:58 Result will never expire, clean up result key manually
18:36:58 Cleaning registries for queue: 22
18:36:58 
18:36:58 *** Listening on 22...
18:38:39 22: Job OK (1b9d4b90-aed7-48c9-9c65-9aae09ccb0d2)
18:38:39 Result will never expire, clean up result key manually
18:38:39 Cleaning registries for queue: 22
18:38:39 
18:38:39 *** Listening on 22...
18:38:39 22: RemoteModelLearning.learnModelRemote('xTiPPyTiPPyTyPPzTiPPzTz', 9.0, branchID=4, growth_generator='NV_alternative_model', host_name='node33-019', log_file='/panfs/panasas01/phys/bf16951/QMD/ParallelDevelopment/Results/Oct_01/12_46/logs/NV-exp-method-sim__random--probe__QMLA_22.qmd.8794735.log', port_number=6322, qid=22, remote=True) (714791fb-bc2f-4e5e-bb60-5bec3db22ae6)
18:38:39 22: RemoteModelLearning.learnModelRemote('xTiPPxTxPPyTiPPzTiPPzTz', 10.0, branchID=4, growth_generator='NV_alternative_model', host_name='node33-019', log_file='/panfs/panasas01/phys/bf16951/QMD/ParallelDevelopment/Results/Oct_01/12_46/logs/NV-exp-method-sim__random--probe__QMLA_22.qmd.8794735.log', port_number=6322, qid=22, remote=True) (f48294f2-3361-4f8c-b8af-f7a3575d0f89)
19:04:31 22: Job OK (714791fb-bc2f-4e5e-bb60-5bec3db22ae6)
19:04:31 Result will never expire, clean up result key manually
19:04:31 
19:04:31 *** Listening on 22...
19:04:36 22: Job OK (f48294f2-3361-4f8c-b8af-f7a3575d0f89)
19:04:36 Result will never expire, clean up result key manually
19:04:36 
19:04:36 *** Listening on 22...
19:04:36 22: RemoteBayesFactor.BayesFactorRemote(bayes_threshold=100, bf_data_folder='/panfs/panasas01/phys/bf16951/QMD/ParallelDevelopment/Results/Oct_01/12_46/BayesFactorsTimeRecords/', branchID=4, host_name='node33-019', interbranch=False, log_file='/panfs/panasas01/phys/bf16951/QMD/ParallelDevelopment/Results/Oct_01/12_46/logs/NV-exp-method-sim__random--probe__QMLA_22.qmd.8794735.log', model_a_id=9, model_b_id=10, num_times_to_use=750, port_number=6322, qid=22, times_record='/panfs/panasas01/phys/bf16951/QMD/ParallelDevelopment/Results/Oct_01/12_46/BayesFactorsTimeRecords/BayesFactorsPairsTimes_022.txt', trueModel='xTiPPyTiPPzTiPPzTz') (c7b1bd7e-76ca-4ff1-a2a9-12b8c1d54570)
19:56:32 22: Job OK (c7b1bd7e-76ca-4ff1-a2a9-12b8c1d54570)
19:56:32 Result will never expire, clean up result key manually
19:56:32 Cleaning registries for queue: 22
19:56:32 
19:56:32 *** Listening on 22...
19:56:32 22: RemoteModelLearning.learnModelRemote('xTiPPxTxPPyTiPPyTyPPzTiPPzTz', 11.0, branchID=5, growth_generator='NV_alternative_model', host_name='node33-019', log_file='/panfs/panasas01/phys/bf16951/QMD/ParallelDevelopment/Results/Oct_01/12_46/logs/NV-exp-method-sim__random--probe__QMLA_22.qmd.8794735.log', port_number=6322, qid=22, remote=True) (873aab6a-2e57-4029-86eb-e984f2bca8ca)
20:23:05 22: Job OK (873aab6a-2e57-4029-86eb-e984f2bca8ca)
20:23:05 Result will never expire, clean up result key manually
20:23:05 Cleaning registries for queue: 22
20:23:05 
20:23:05 *** Listening on 22...
20:23:05 22: RemoteModelLearning.learnModelRemote('xTiPPxTxPPxTzPPyTiPPyTyPPzTiPPzTz', 12.0, branchID=6, growth_generator='NV_alternative_model', host_name='node33-019', log_file='/panfs/panasas01/phys/bf16951/QMD/ParallelDevelopment/Results/Oct_01/12_46/logs/NV-exp-method-sim__random--probe__QMLA_22.qmd.8794735.log', port_number=6322, qid=22, remote=True) (a7c8334e-e1fe-4b07-b2b4-331710031ef6)
20:23:05 22: RemoteModelLearning.learnModelRemote('xTiPPxTxPPxTyPPyTiPPyTyPPzTiPPzTz', 13.0, branchID=6, growth_generator='NV_alternative_model', host_name='node33-019', log_file='/panfs/panasas01/phys/bf16951/QMD/ParallelDevelopment/Results/Oct_01/12_46/logs/NV-exp-method-sim__random--probe__QMLA_22.qmd.8794735.log', port_number=6322, qid=22, remote=True) (aa832681-ef54-4cf1-a558-3032ff7cd1b9)
20:23:05 22: RemoteModelLearning.learnModelRemote('xTiPPxTxPPyTiPPyTyPPyTzPPzTiPPzTz', 14.0, branchID=6, growth_generator='NV_alternative_model', host_name='node33-019', log_file='/panfs/panasas01/phys/bf16951/QMD/ParallelDevelopment/Results/Oct_01/12_46/logs/NV-exp-method-sim__random--probe__QMLA_22.qmd.8794735.log', port_number=6322, qid=22, remote=True) (4227b67a-dc1e-4a15-852a-f9b22702e893)
20:49:16 22: Job OK (a7c8334e-e1fe-4b07-b2b4-331710031ef6)
20:49:16 Result will never expire, clean up result key manually
20:49:16 Cleaning registries for queue: 22
20:49:16 
20:49:16 *** Listening on 22...
20:49:36 22: Job OK (aa832681-ef54-4cf1-a558-3032ff7cd1b9)
20:49:36 Result will never expire, clean up result key manually
20:49:36 Cleaning registries for queue: 22
20:49:36 
20:49:36 *** Listening on 22...
20:49:48 22: Job OK (4227b67a-dc1e-4a15-852a-f9b22702e893)
20:49:48 Result will never expire, clean up result key manually
20:49:48 
20:49:48 *** Listening on 22...
20:49:48 22: RemoteBayesFactor.BayesFactorRemote(bayes_threshold=100, bf_data_folder='/panfs/panasas01/phys/bf16951/QMD/ParallelDevelopment/Results/Oct_01/12_46/BayesFactorsTimeRecords/', branchID=6, host_name='node33-019', interbranch=False, log_file='/panfs/panasas01/phys/bf16951/QMD/ParallelDevelopment/Results/Oct_01/12_46/logs/NV-exp-method-sim__random--probe__QMLA_22.qmd.8794735.log', model_a_id=12, model_b_id=13, num_times_to_use=750, port_number=6322, qid=22, times_record='/panfs/panasas01/phys/bf16951/QMD/ParallelDevelopment/Results/Oct_01/12_46/BayesFactorsTimeRecords/BayesFactorsPairsTimes_022.txt', trueModel='xTiPPyTiPPzTiPPzTz') (adccd6d9-e6f3-4ddb-9744-4b149c2144b6)
20:49:48 22: RemoteBayesFactor.BayesFactorRemote(bayes_threshold=100, bf_data_folder='/panfs/panasas01/phys/bf16951/QMD/ParallelDevelopment/Results/Oct_01/12_46/BayesFactorsTimeRecords/', branchID=6, host_name='node33-019', interbranch=False, log_file='/panfs/panasas01/phys/bf16951/QMD/ParallelDevelopment/Results/Oct_01/12_46/logs/NV-exp-method-sim__random--probe__QMLA_22.qmd.8794735.log', model_a_id=12, model_b_id=14, num_times_to_use=750, port_number=6322, qid=22, times_record='/panfs/panasas01/phys/bf16951/QMD/ParallelDevelopment/Results/Oct_01/12_46/BayesFactorsTimeRecords/BayesFactorsPairsTimes_022.txt', trueModel='xTiPPyTiPPzTiPPzTz') (d11e618d-9e70-4021-9e3b-fdd99eebaa00)
20:49:48 22: RemoteBayesFactor.BayesFactorRemote(bayes_threshold=100, bf_data_folder='/panfs/panasas01/phys/bf16951/QMD/ParallelDevelopment/Results/Oct_01/12_46/BayesFactorsTimeRecords/', branchID=6, host_name='node33-019', interbranch=False, log_file='/panfs/panasas01/phys/bf16951/QMD/ParallelDevelopment/Results/Oct_01/12_46/logs/NV-exp-method-sim__random--probe__QMLA_22.qmd.8794735.log', model_a_id=13, model_b_id=14, num_times_to_use=750, port_number=6322, qid=22, times_record='/panfs/panasas01/phys/bf16951/QMD/ParallelDevelopment/Results/Oct_01/12_46/BayesFactorsTimeRecords/BayesFactorsPairsTimes_022.txt', trueModel='xTiPPyTiPPzTiPPzTz') (41694d38-5838-4304-8676-b3553f625fa9)
21:41:01 22: Job OK (adccd6d9-e6f3-4ddb-9744-4b149c2144b6)
21:41:01 Result will never expire, clean up result key manually
21:41:01 Cleaning registries for queue: 22
21:41:01 
21:41:01 *** Listening on 22...
21:41:38 22: Job OK (d11e618d-9e70-4021-9e3b-fdd99eebaa00)
21:41:38 Result will never expire, clean up result key manually
21:41:38 Cleaning registries for queue: 22
21:41:38 
21:41:38 *** Listening on 22...
21:41:59 22: Job OK (41694d38-5838-4304-8676-b3553f625fa9)
21:41:59 Result will never expire, clean up result key manually
21:41:59 Cleaning registries for queue: 22
21:41:59 
21:41:59 *** Listening on 22...
21:41:59 22: RemoteModelLearning.learnModelRemote('xTiPPxTxPPxTzPPyTiPPyTyPPyTzPPzTiPPzTz', 15.0, branchID=7, growth_generator='NV_alternative_model', host_name='node33-019', log_file='/panfs/panasas01/phys/bf16951/QMD/ParallelDevelopment/Results/Oct_01/12_46/logs/NV-exp-method-sim__random--probe__QMLA_22.qmd.8794735.log', port_number=6322, qid=22, remote=True) (4baac2a9-5e64-4f8a-afa4-acdd12cb68bd)
21:41:59 22: RemoteModelLearning.learnModelRemote('xTiPPxTxPPxTyPPxTzPPyTiPPyTyPPzTiPPzTz', 16.0, branchID=7, growth_generator='NV_alternative_model', host_name='node33-019', log_file='/panfs/panasas01/phys/bf16951/QMD/ParallelDevelopment/Results/Oct_01/12_46/logs/NV-exp-method-sim__random--probe__QMLA_22.qmd.8794735.log', port_number=6322, qid=22, remote=True) (1e3ddacc-0fc6-49b3-bfa7-c6a94c828602)
22:07:53 22: Job OK (1e3ddacc-0fc6-49b3-bfa7-c6a94c828602)
22:07:53 Result will never expire, clean up result key manually
22:07:53 Cleaning registries for queue: 22
22:07:53 
22:07:53 *** Listening on 22...
22:08:26 22: Job OK (4baac2a9-5e64-4f8a-afa4-acdd12cb68bd)
22:08:26 Result will never expire, clean up result key manually
22:08:26 Cleaning registries for queue: 22
22:08:26 
22:08:26 *** Listening on 22...
22:08:26 22: RemoteBayesFactor.BayesFactorRemote(bayes_threshold=100, bf_data_folder='/panfs/panasas01/phys/bf16951/QMD/ParallelDevelopment/Results/Oct_01/12_46/BayesFactorsTimeRecords/', branchID=7, host_name='node33-019', interbranch=False, log_file='/panfs/panasas01/phys/bf16951/QMD/ParallelDevelopment/Results/Oct_01/12_46/logs/NV-exp-method-sim__random--probe__QMLA_22.qmd.8794735.log', model_a_id=15, model_b_id=16, num_times_to_use=750, port_number=6322, qid=22, times_record='/panfs/panasas01/phys/bf16951/QMD/ParallelDevelopment/Results/Oct_01/12_46/BayesFactorsTimeRecords/BayesFactorsPairsTimes_022.txt', trueModel='xTiPPyTiPPzTiPPzTz') (93a86280-413e-4aec-9928-693df77ee42f)
22:59:39 22: Job OK (93a86280-413e-4aec-9928-693df77ee42f)
22:59:39 Result will never expire, clean up result key manually
22:59:39 Cleaning registries for queue: 22
22:59:39 
22:59:39 *** Listening on 22...
22:59:39 22: RemoteModelLearning.learnModelRemote('xTiPPxTxPPxTyPPxTzPPyTiPPyTyPPyTzPPzTiPPzTz', 17.0, branchID=8, growth_generator='NV_alternative_model', host_name='node33-019', log_file='/panfs/panasas01/phys/bf16951/QMD/ParallelDevelopment/Results/Oct_01/12_46/logs/NV-exp-method-sim__random--probe__QMLA_22.qmd.8794735.log', port_number=6322, qid=22, remote=True) (5c700cc3-5c2b-4f0d-a779-f0642621b236)
23:26:07 22: Job OK (5c700cc3-5c2b-4f0d-a779-f0642621b236)
23:26:07 Result will never expire, clean up result key manually
23:26:07 22: RemoteBayesFactor.BayesFactorRemote(bayes_threshold=100, bf_data_folder='/panfs/panasas01/phys/bf16951/QMD/ParallelDevelopment/Results/Oct_01/12_46/BayesFactorsTimeRecords/', branchID=None, host_name='node33-019', interbranch=True, log_file='/panfs/panasas01/phys/bf16951/QMD/ParallelDevelopment/Results/Oct_01/12_46/logs/NV-exp-method-sim__random--probe__QMLA_22.qmd.8794735.log', model_a_id=3, model_b_id=5, num_times_to_use=750, port_number=6322, qid=22, times_record='/panfs/panasas01/phys/bf16951/QMD/ParallelDevelopment/Results/Oct_01/12_46/BayesFactorsTimeRecords/BayesFactorsPairsTimes_022.txt', trueModel='xTiPPyTiPPzTiPPzTz') (82d1dc35-5a2c-44c2-83b1-f715194fe21c)
23:26:07 22: RemoteBayesFactor.BayesFactorRemote(bayes_threshold=100, bf_data_folder='/panfs/panasas01/phys/bf16951/QMD/ParallelDevelopment/Results/Oct_01/12_46/BayesFactorsTimeRecords/', branchID=None, host_name='node33-019', interbranch=True, log_file='/panfs/panasas01/phys/bf16951/QMD/ParallelDevelopment/Results/Oct_01/12_46/logs/NV-exp-method-sim__random--probe__QMLA_22.qmd.8794735.log', model_a_id=1, model_b_id=3, num_times_to_use=750, port_number=6322, qid=22, times_record='/panfs/panasas01/phys/bf16951/QMD/ParallelDevelopment/Results/Oct_01/12_46/BayesFactorsTimeRecords/BayesFactorsPairsTimes_022.txt', trueModel='xTiPPyTiPPzTiPPzTz') (35fd281f-974a-4203-9838-4d2df3f6ab25)
23:26:07 22: RemoteBayesFactor.BayesFactorRemote(bayes_threshold=100, bf_data_folder='/panfs/panasas01/phys/bf16951/QMD/ParallelDevelopment/Results/Oct_01/12_46/BayesFactorsTimeRecords/', branchID=None, host_name='node33-019', interbranch=True, log_file='/panfs/panasas01/phys/bf16951/QMD/ParallelDevelopment/Results/Oct_01/12_46/logs/NV-exp-method-sim__random--probe__QMLA_22.qmd.8794735.log', model_a_id=5, model_b_id=8, num_times_to_use=750, port_number=6322, qid=22, times_record='/panfs/panasas01/phys/bf16951/QMD/ParallelDevelopment/Results/Oct_01/12_46/BayesFactorsTimeRecords/BayesFactorsPairsTimes_022.txt', trueModel='xTiPPyTiPPzTiPPzTz') (4bc26266-0976-434f-92fc-06f44090b8ca)
23:26:07 22: RemoteBayesFactor.BayesFactorRemote(bayes_threshold=100, bf_data_folder='/panfs/panasas01/phys/bf16951/QMD/ParallelDevelopment/Results/Oct_01/12_46/BayesFactorsTimeRecords/', branchID=None, host_name='node33-019', interbranch=True, log_file='/panfs/panasas01/phys/bf16951/QMD/ParallelDevelopment/Results/Oct_01/12_46/logs/NV-exp-method-sim__random--probe__QMLA_22.qmd.8794735.log', model_a_id=8, model_b_id=9, num_times_to_use=750, port_number=6322, qid=22, times_record='/panfs/panasas01/phys/bf16951/QMD/ParallelDevelopment/Results/Oct_01/12_46/BayesFactorsTimeRecords/BayesFactorsPairsTimes_022.txt', trueModel='xTiPPyTiPPzTiPPzTz') (804f96c3-468c-4f1b-b1b8-4b83a6b8f5f0)
23:26:07 22: RemoteBayesFactor.BayesFactorRemote(bayes_threshold=100, bf_data_folder='/panfs/panasas01/phys/bf16951/QMD/ParallelDevelopment/Results/Oct_01/12_46/BayesFactorsTimeRecords/', branchID=None, host_name='node33-019', interbranch=True, log_file='/panfs/panasas01/phys/bf16951/QMD/ParallelDevelopment/Results/Oct_01/12_46/logs/NV-exp-method-sim__random--probe__QMLA_22.qmd.8794735.log', model_a_id=9, model_b_id=11, num_times_to_use=750, port_number=6322, qid=22, times_record='/panfs/panasas01/phys/bf16951/QMD/ParallelDevelopment/Results/Oct_01/12_46/BayesFactorsTimeRecords/BayesFactorsPairsTimes_022.txt', trueModel='xTiPPyTiPPzTiPPzTz') (45ed0f8a-157f-4cef-ac21-6bdad8fa8289)
23:26:07 Cleaning registries for queue: 22
23:26:07 
23:26:07 *** Listening on 22...
23:26:07 22: RemoteBayesFactor.BayesFactorRemote(bayes_threshold=100, bf_data_folder='/panfs/panasas01/phys/bf16951/QMD/ParallelDevelopment/Results/Oct_01/12_46/BayesFactorsTimeRecords/', branchID=None, host_name='node33-019', interbranch=True, log_file='/panfs/panasas01/phys/bf16951/QMD/ParallelDevelopment/Results/Oct_01/12_46/logs/NV-exp-method-sim__random--probe__QMLA_22.qmd.8794735.log', model_a_id=11, model_b_id=12, num_times_to_use=750, port_number=6322, qid=22, times_record='/panfs/panasas01/phys/bf16951/QMD/ParallelDevelopment/Results/Oct_01/12_46/BayesFactorsTimeRecords/BayesFactorsPairsTimes_022.txt', trueModel='xTiPPyTiPPzTiPPzTz') (d3f0d215-3e86-4178-aaa7-4a52667e2a80)
00:18:48 22: Job OK (d3f0d215-3e86-4178-aaa7-4a52667e2a80)
00:18:48 Result will never expire, clean up result key manually
00:18:48 
00:18:48 *** Listening on 22...
00:18:48 22: RemoteBayesFactor.BayesFactorRemote(bayes_threshold=100, bf_data_folder='/panfs/panasas01/phys/bf16951/QMD/ParallelDevelopment/Results/Oct_01/12_46/BayesFactorsTimeRecords/', branchID=None, host_name='node33-019', interbranch=True, log_file='/panfs/panasas01/phys/bf16951/QMD/ParallelDevelopment/Results/Oct_01/12_46/logs/NV-exp-method-sim__random--probe__QMLA_22.qmd.8794735.log', model_a_id=12, model_b_id=16, num_times_to_use=750, port_number=6322, qid=22, times_record='/panfs/panasas01/phys/bf16951/QMD/ParallelDevelopment/Results/Oct_01/12_46/BayesFactorsTimeRecords/BayesFactorsPairsTimes_022.txt', trueModel='xTiPPyTiPPzTiPPzTz') (02e61750-3c0e-456e-a4f8-01af6f408a20)
00:19:35 22: Job OK (45ed0f8a-157f-4cef-ac21-6bdad8fa8289)
00:19:35 Result will never expire, clean up result key manually
00:19:35 Cleaning registries for queue: 22
00:19:35 
00:19:35 *** Listening on 22...
00:19:35 22: RemoteBayesFactor.BayesFactorRemote(bayes_threshold=100, bf_data_folder='/panfs/panasas01/phys/bf16951/QMD/ParallelDevelopment/Results/Oct_01/12_46/BayesFactorsTimeRecords/', branchID=None, host_name='node33-019', interbranch=True, log_file='/panfs/panasas01/phys/bf16951/QMD/ParallelDevelopment/Results/Oct_01/12_46/logs/NV-exp-method-sim__random--probe__QMLA_22.qmd.8794735.log', model_a_id=16, model_b_id=17, num_times_to_use=750, port_number=6322, qid=22, times_record='/panfs/panasas01/phys/bf16951/QMD/ParallelDevelopment/Results/Oct_01/12_46/BayesFactorsTimeRecords/BayesFactorsPairsTimes_022.txt', trueModel='xTiPPyTiPPzTiPPzTz') (ebf960ed-87f7-4d40-b79d-0e78fcdd189b)
00:19:51 22: Job OK (804f96c3-468c-4f1b-b1b8-4b83a6b8f5f0)
00:19:51 Result will never expire, clean up result key manually
00:19:51 Cleaning registries for queue: 22
00:19:51 
00:19:51 *** Listening on 22...
00:20:38 22: Job OK (82d1dc35-5a2c-44c2-83b1-f715194fe21c)
00:20:38 Result will never expire, clean up result key manually
00:20:38 Cleaning registries for queue: 22
00:20:38 
00:20:38 *** Listening on 22...
00:21:13 22: Job OK (4bc26266-0976-434f-92fc-06f44090b8ca)
00:21:13 Result will never expire, clean up result key manually
00:21:13 Cleaning registries for queue: 22
00:21:13 
00:21:13 *** Listening on 22...
00:21:28 22: Job OK (35fd281f-974a-4203-9838-4d2df3f6ab25)
00:21:28 Result will never expire, clean up result key manually
00:21:28 Cleaning registries for queue: 22
00:21:28 
00:21:28 *** Listening on 22...
01:09:47 22: Job OK (02e61750-3c0e-456e-a4f8-01af6f408a20)
01:09:47 Result will never expire, clean up result key manually
01:09:47 Cleaning registries for queue: 22
01:09:47 
01:09:47 *** Listening on 22...
01:11:04 22: Job OK (ebf960ed-87f7-4d40-b79d-0e78fcdd189b)
01:11:04 Result will never expire, clean up result key manually
01:11:04 
01:11:04 *** Listening on 22...
Error 111 connecting to node33-019:6322. Connection refused.
Error 111 connecting to node33-019:6322. Connection refused.
Error 111 connecting to node33-019:6322. Connection refused.
Error 111 connecting to node33-019:6322. Connection refused.
Error 111 connecting to node33-019:6322. Connection refused.
Error 111 connecting to node33-019:6322. Connection refused.
