00:33:38 RQ worker 'rq:worker:node44-008.36829' started, version 0.8.1
00:33:38 RQ worker 'rq:worker:node44-008.36830' started, version 0.8.1
00:33:38 RQ worker 'rq:worker:node44-008.36832' started, version 0.8.1
00:33:38 RQ worker 'rq:worker:node44-008.36831' started, version 0.8.1
00:33:38 RQ worker 'rq:worker:node44-008.36833' started, version 0.8.1
00:33:38 RQ worker 'rq:worker:node44-008.36834' started, version 0.8.1
00:33:38 Cleaning registries for queue: 42
00:33:38 Cleaning registries for queue: 42
00:33:38 Cleaning registries for queue: 42
00:33:38 Cleaning registries for queue: 42
00:33:38 Cleaning registries for queue: 42
00:33:38 Cleaning registries for queue: 42
00:33:38 
00:33:38 *** Listening on 42...
00:33:38 
00:33:38 
00:33:38 
00:33:38 *** Listening on 42...
00:33:38 *** Listening on 42...
00:33:38 *** Listening on 42...
00:33:38 
00:33:38 
00:33:38 *** Listening on 42...
00:33:38 *** Listening on 42...
00:33:50 42: RemoteModelLearning.learnModelRemote('zTi', 2.0, branchID=0, growth_generator='NV_alternative_model', host_name='node44-008', log_file='/panfs/panasas01/phys/bf16951/QMD/ParallelDevelopment/Results/Oct_01/12_46/logs/NV-exp-method-sim__random--probe__QMLA_42.qmd.8794755.log', port_number=6342, qid=42, remote=True) (2e104094-bc6b-4ad4-b53f-1b83da0bb080)
00:33:50 42: RemoteModelLearning.learnModelRemote('xTi', 0.0, branchID=0, growth_generator='NV_alternative_model', host_name='node44-008', log_file='/panfs/panasas01/phys/bf16951/QMD/ParallelDevelopment/Results/Oct_01/12_46/logs/NV-exp-method-sim__random--probe__QMLA_42.qmd.8794755.log', port_number=6342, qid=42, remote=True) (c14d6fc4-b930-4a54-b792-abf3643549c3)
00:33:50 42: RemoteModelLearning.learnModelRemote('yTi', 1.0, branchID=0, growth_generator='NV_alternative_model', host_name='node44-008', log_file='/panfs/panasas01/phys/bf16951/QMD/ParallelDevelopment/Results/Oct_01/12_46/logs/NV-exp-method-sim__random--probe__QMLA_42.qmd.8794755.log', port_number=6342, qid=42, remote=True) (46702aa5-8465-45d7-becb-55bd60fd07fe)
00:59:39 42: Job OK (c14d6fc4-b930-4a54-b792-abf3643549c3)
00:59:39 Result will never expire, clean up result key manually
00:59:39 
00:59:39 *** Listening on 42...
00:59:52 42: Job OK (2e104094-bc6b-4ad4-b53f-1b83da0bb080)
00:59:52 Result will never expire, clean up result key manually
00:59:52 
00:59:52 *** Listening on 42...
00:59:56 42: Job OK (46702aa5-8465-45d7-becb-55bd60fd07fe)
00:59:56 Result will never expire, clean up result key manually
00:59:56 
00:59:56 *** Listening on 42...
00:59:56 42: RemoteBayesFactor.BayesFactorRemote(bayes_threshold=100, bf_data_folder='/panfs/panasas01/phys/bf16951/QMD/ParallelDevelopment/Results/Oct_01/12_46/BayesFactorsTimeRecords/', branchID=0, host_name='node44-008', interbranch=False, log_file='/panfs/panasas01/phys/bf16951/QMD/ParallelDevelopment/Results/Oct_01/12_46/logs/NV-exp-method-sim__random--probe__QMLA_42.qmd.8794755.log', model_a_id=0, model_b_id=1, num_times_to_use=750, port_number=6342, qid=42, times_record='/panfs/panasas01/phys/bf16951/QMD/ParallelDevelopment/Results/Oct_01/12_46/BayesFactorsTimeRecords/BayesFactorsPairsTimes_042.txt', trueModel='xTiPPyTiPPzTiPPzTz') (60319bbe-f5e5-45e7-a0b3-3dc1f372ea37)
00:59:56 42: RemoteBayesFactor.BayesFactorRemote(bayes_threshold=100, bf_data_folder='/panfs/panasas01/phys/bf16951/QMD/ParallelDevelopment/Results/Oct_01/12_46/BayesFactorsTimeRecords/', branchID=0, host_name='node44-008', interbranch=False, log_file='/panfs/panasas01/phys/bf16951/QMD/ParallelDevelopment/Results/Oct_01/12_46/logs/NV-exp-method-sim__random--probe__QMLA_42.qmd.8794755.log', model_a_id=1, model_b_id=2, num_times_to_use=750, port_number=6342, qid=42, times_record='/panfs/panasas01/phys/bf16951/QMD/ParallelDevelopment/Results/Oct_01/12_46/BayesFactorsTimeRecords/BayesFactorsPairsTimes_042.txt', trueModel='xTiPPyTiPPzTiPPzTz') (37707080-95c1-4d49-8824-cd7cc06f3502)
00:59:56 42: RemoteBayesFactor.BayesFactorRemote(bayes_threshold=100, bf_data_folder='/panfs/panasas01/phys/bf16951/QMD/ParallelDevelopment/Results/Oct_01/12_46/BayesFactorsTimeRecords/', branchID=0, host_name='node44-008', interbranch=False, log_file='/panfs/panasas01/phys/bf16951/QMD/ParallelDevelopment/Results/Oct_01/12_46/logs/NV-exp-method-sim__random--probe__QMLA_42.qmd.8794755.log', model_a_id=0, model_b_id=2, num_times_to_use=750, port_number=6342, qid=42, times_record='/panfs/panasas01/phys/bf16951/QMD/ParallelDevelopment/Results/Oct_01/12_46/BayesFactorsTimeRecords/BayesFactorsPairsTimes_042.txt', trueModel='xTiPPyTiPPzTiPPzTz') (c6ce2d10-6172-4d85-9afd-2881859c3d5b)
01:51:30 42: Job OK (c6ce2d10-6172-4d85-9afd-2881859c3d5b)
01:51:30 Result will never expire, clean up result key manually
01:51:30 Cleaning registries for queue: 42
01:51:30 
01:51:30 *** Listening on 42...
01:51:39 42: Job OK (37707080-95c1-4d49-8824-cd7cc06f3502)
01:51:39 Result will never expire, clean up result key manually
01:51:39 Cleaning registries for queue: 42
01:51:39 
01:51:39 *** Listening on 42...
01:51:51 42: Job OK (60319bbe-f5e5-45e7-a0b3-3dc1f372ea37)
01:51:51 Result will never expire, clean up result key manually
01:51:51 Cleaning registries for queue: 42
01:51:51 
01:51:51 *** Listening on 42...
01:51:51 42: RemoteModelLearning.learnModelRemote('yTiPPzTi', 3.0, branchID=1, growth_generator='NV_alternative_model', host_name='node44-008', log_file='/panfs/panasas01/phys/bf16951/QMD/ParallelDevelopment/Results/Oct_01/12_46/logs/NV-exp-method-sim__random--probe__QMLA_42.qmd.8794755.log', port_number=6342, qid=42, remote=True) (e405176e-3d2a-4fd6-ad59-3178ce517312)
01:51:51 42: RemoteModelLearning.learnModelRemote('xTiPPyTi', 4.0, branchID=1, growth_generator='NV_alternative_model', host_name='node44-008', log_file='/panfs/panasas01/phys/bf16951/QMD/ParallelDevelopment/Results/Oct_01/12_46/logs/NV-exp-method-sim__random--probe__QMLA_42.qmd.8794755.log', port_number=6342, qid=42, remote=True) (dd26eca5-f949-4af1-911a-52af27c6f19a)
02:18:54 42: Job OK (dd26eca5-f949-4af1-911a-52af27c6f19a)
02:18:54 Result will never expire, clean up result key manually
02:18:54 Cleaning registries for queue: 42
02:18:54 
02:18:54 *** Listening on 42...
02:18:58 42: Job OK (e405176e-3d2a-4fd6-ad59-3178ce517312)
02:18:58 Result will never expire, clean up result key manually
02:18:58 Cleaning registries for queue: 42
02:18:58 
02:18:58 *** Listening on 42...
02:18:58 42: RemoteBayesFactor.BayesFactorRemote(bayes_threshold=100, bf_data_folder='/panfs/panasas01/phys/bf16951/QMD/ParallelDevelopment/Results/Oct_01/12_46/BayesFactorsTimeRecords/', branchID=1, host_name='node44-008', interbranch=False, log_file='/panfs/panasas01/phys/bf16951/QMD/ParallelDevelopment/Results/Oct_01/12_46/logs/NV-exp-method-sim__random--probe__QMLA_42.qmd.8794755.log', model_a_id=3, model_b_id=4, num_times_to_use=750, port_number=6342, qid=42, times_record='/panfs/panasas01/phys/bf16951/QMD/ParallelDevelopment/Results/Oct_01/12_46/BayesFactorsTimeRecords/BayesFactorsPairsTimes_042.txt', trueModel='xTiPPyTiPPzTiPPzTz') (d4374dc3-406a-4a9d-838b-d2db33c12484)
03:12:50 42: Job OK (d4374dc3-406a-4a9d-838b-d2db33c12484)
03:12:50 Result will never expire, clean up result key manually
03:12:50 Cleaning registries for queue: 42
03:12:50 
03:12:50 *** Listening on 42...
03:12:50 42: RemoteModelLearning.learnModelRemote('xTiPPyTiPPzTi', 5.0, branchID=2, growth_generator='NV_alternative_model', host_name='node44-008', log_file='/panfs/panasas01/phys/bf16951/QMD/ParallelDevelopment/Results/Oct_01/12_46/logs/NV-exp-method-sim__random--probe__QMLA_42.qmd.8794755.log', port_number=6342, qid=42, remote=True) (ab7f0c3d-d98c-4931-a65b-ddd79623a696)
03:39:34 42: Job OK (ab7f0c3d-d98c-4931-a65b-ddd79623a696)
03:39:34 Result will never expire, clean up result key manually
03:39:34 Cleaning registries for queue: 42
03:39:34 
03:39:34 *** Listening on 42...
03:39:34 42: RemoteModelLearning.learnModelRemote('xTiPPyTiPPzTiPPzTz', 6.0, branchID=3, growth_generator='NV_alternative_model', host_name='node44-008', log_file='/panfs/panasas01/phys/bf16951/QMD/ParallelDevelopment/Results/Oct_01/12_46/logs/NV-exp-method-sim__random--probe__QMLA_42.qmd.8794755.log', port_number=6342, qid=42, remote=True) (5c0fc795-fd7f-4176-a95d-834d8fbfba14)
03:39:34 42: RemoteModelLearning.learnModelRemote('xTiPPxTxPPyTiPPzTi', 7.0, branchID=3, growth_generator='NV_alternative_model', host_name='node44-008', log_file='/panfs/panasas01/phys/bf16951/QMD/ParallelDevelopment/Results/Oct_01/12_46/logs/NV-exp-method-sim__random--probe__QMLA_42.qmd.8794755.log', port_number=6342, qid=42, remote=True) (33326654-c28d-4b10-82e7-ac7918c6ae84)
03:39:34 42: RemoteModelLearning.learnModelRemote('xTiPPyTiPPyTyPPzTi', 8.0, branchID=3, growth_generator='NV_alternative_model', host_name='node44-008', log_file='/panfs/panasas01/phys/bf16951/QMD/ParallelDevelopment/Results/Oct_01/12_46/logs/NV-exp-method-sim__random--probe__QMLA_42.qmd.8794755.log', port_number=6342, qid=42, remote=True) (e40966d4-8c2e-413d-a6a7-80644328fdb1)
04:05:53 42: Job OK (e40966d4-8c2e-413d-a6a7-80644328fdb1)
04:05:53 Result will never expire, clean up result key manually
04:05:53 Cleaning registries for queue: 42
04:05:53 
04:05:53 *** Listening on 42...
04:05:56 42: Job OK (33326654-c28d-4b10-82e7-ac7918c6ae84)
04:05:56 Result will never expire, clean up result key manually
04:05:56 Cleaning registries for queue: 42
04:05:56 
04:05:56 *** Listening on 42...
04:06:36 42: Job OK (5c0fc795-fd7f-4176-a95d-834d8fbfba14)
04:06:36 Result will never expire, clean up result key manually
04:06:36 Cleaning registries for queue: 42
04:06:36 
04:06:36 *** Listening on 42...
04:06:36 42: RemoteBayesFactor.BayesFactorRemote(bayes_threshold=100, bf_data_folder='/panfs/panasas01/phys/bf16951/QMD/ParallelDevelopment/Results/Oct_01/12_46/BayesFactorsTimeRecords/', branchID=3, host_name='node44-008', interbranch=False, log_file='/panfs/panasas01/phys/bf16951/QMD/ParallelDevelopment/Results/Oct_01/12_46/logs/NV-exp-method-sim__random--probe__QMLA_42.qmd.8794755.log', model_a_id=7, model_b_id=8, num_times_to_use=750, port_number=6342, qid=42, times_record='/panfs/panasas01/phys/bf16951/QMD/ParallelDevelopment/Results/Oct_01/12_46/BayesFactorsTimeRecords/BayesFactorsPairsTimes_042.txt', trueModel='xTiPPyTiPPzTiPPzTz') (1114e752-b3ee-4a95-8fc8-f169c1300dd1)
04:06:36 42: RemoteBayesFactor.BayesFactorRemote(bayes_threshold=100, bf_data_folder='/panfs/panasas01/phys/bf16951/QMD/ParallelDevelopment/Results/Oct_01/12_46/BayesFactorsTimeRecords/', branchID=3, host_name='node44-008', interbranch=False, log_file='/panfs/panasas01/phys/bf16951/QMD/ParallelDevelopment/Results/Oct_01/12_46/logs/NV-exp-method-sim__random--probe__QMLA_42.qmd.8794755.log', model_a_id=6, model_b_id=7, num_times_to_use=750, port_number=6342, qid=42, times_record='/panfs/panasas01/phys/bf16951/QMD/ParallelDevelopment/Results/Oct_01/12_46/BayesFactorsTimeRecords/BayesFactorsPairsTimes_042.txt', trueModel='xTiPPyTiPPzTiPPzTz') (bab3edd0-7a4d-4f06-9227-c46c503e9295)
04:06:37 42: RemoteBayesFactor.BayesFactorRemote(bayes_threshold=100, bf_data_folder='/panfs/panasas01/phys/bf16951/QMD/ParallelDevelopment/Results/Oct_01/12_46/BayesFactorsTimeRecords/', branchID=3, host_name='node44-008', interbranch=False, log_file='/panfs/panasas01/phys/bf16951/QMD/ParallelDevelopment/Results/Oct_01/12_46/logs/NV-exp-method-sim__random--probe__QMLA_42.qmd.8794755.log', model_a_id=6, model_b_id=8, num_times_to_use=750, port_number=6342, qid=42, times_record='/panfs/panasas01/phys/bf16951/QMD/ParallelDevelopment/Results/Oct_01/12_46/BayesFactorsTimeRecords/BayesFactorsPairsTimes_042.txt', trueModel='xTiPPyTiPPzTiPPzTz') (9edad856-c6fe-44c8-b393-66afdb6f266d)
04:58:48 42: Job OK (1114e752-b3ee-4a95-8fc8-f169c1300dd1)
04:58:48 Result will never expire, clean up result key manually
04:58:48 Cleaning registries for queue: 42
04:58:48 
04:58:48 *** Listening on 42...
04:59:39 42: Job OK (9edad856-c6fe-44c8-b393-66afdb6f266d)
04:59:39 Result will never expire, clean up result key manually
04:59:39 Cleaning registries for queue: 42
04:59:39 
04:59:39 *** Listening on 42...
05:00:16 42: Job OK (bab3edd0-7a4d-4f06-9227-c46c503e9295)
05:00:16 Result will never expire, clean up result key manually
05:00:16 Cleaning registries for queue: 42
05:00:16 
05:00:16 *** Listening on 42...
05:00:16 42: RemoteModelLearning.learnModelRemote('xTiPPxTxPPyTiPPzTiPPzTz', 9.0, branchID=4, growth_generator='NV_alternative_model', host_name='node44-008', log_file='/panfs/panasas01/phys/bf16951/QMD/ParallelDevelopment/Results/Oct_01/12_46/logs/NV-exp-method-sim__random--probe__QMLA_42.qmd.8794755.log', port_number=6342, qid=42, remote=True) (848ea526-9875-48be-989a-1a2876fc2fa7)
05:00:16 42: RemoteModelLearning.learnModelRemote('xTiPPyTiPPyTyPPzTiPPzTz', 10.0, branchID=4, growth_generator='NV_alternative_model', host_name='node44-008', log_file='/panfs/panasas01/phys/bf16951/QMD/ParallelDevelopment/Results/Oct_01/12_46/logs/NV-exp-method-sim__random--probe__QMLA_42.qmd.8794755.log', port_number=6342, qid=42, remote=True) (641bbe67-ae95-464c-901c-606e413bba5a)
05:26:16 42: Job OK (641bbe67-ae95-464c-901c-606e413bba5a)
05:26:16 Result will never expire, clean up result key manually
05:26:16 
05:26:16 *** Listening on 42...
05:26:20 42: Job OK (848ea526-9875-48be-989a-1a2876fc2fa7)
05:26:20 Result will never expire, clean up result key manually
05:26:20 Cleaning registries for queue: 42
05:26:20 
05:26:20 *** Listening on 42...
05:26:20 42: RemoteBayesFactor.BayesFactorRemote(bayes_threshold=100, bf_data_folder='/panfs/panasas01/phys/bf16951/QMD/ParallelDevelopment/Results/Oct_01/12_46/BayesFactorsTimeRecords/', branchID=4, host_name='node44-008', interbranch=False, log_file='/panfs/panasas01/phys/bf16951/QMD/ParallelDevelopment/Results/Oct_01/12_46/logs/NV-exp-method-sim__random--probe__QMLA_42.qmd.8794755.log', model_a_id=9, model_b_id=10, num_times_to_use=750, port_number=6342, qid=42, times_record='/panfs/panasas01/phys/bf16951/QMD/ParallelDevelopment/Results/Oct_01/12_46/BayesFactorsTimeRecords/BayesFactorsPairsTimes_042.txt', trueModel='xTiPPyTiPPzTiPPzTz') (3a17feae-02a1-4934-be55-66545d436524)
06:18:05 42: Job OK (3a17feae-02a1-4934-be55-66545d436524)
06:18:05 Result will never expire, clean up result key manually
06:18:05 Cleaning registries for queue: 42
06:18:05 
06:18:05 *** Listening on 42...
06:18:05 42: RemoteModelLearning.learnModelRemote('xTiPPxTxPPyTiPPyTyPPzTiPPzTz', 11.0, branchID=5, growth_generator='NV_alternative_model', host_name='node44-008', log_file='/panfs/panasas01/phys/bf16951/QMD/ParallelDevelopment/Results/Oct_01/12_46/logs/NV-exp-method-sim__random--probe__QMLA_42.qmd.8794755.log', port_number=6342, qid=42, remote=True) (27e6810a-370c-4244-9432-015d4cddb7a1)
06:43:58 42: Job OK (27e6810a-370c-4244-9432-015d4cddb7a1)
06:43:58 Result will never expire, clean up result key manually
06:43:58 Cleaning registries for queue: 42
06:43:58 
06:43:58 *** Listening on 42...
06:43:58 42: RemoteModelLearning.learnModelRemote('xTiPPxTxPPyTiPPyTyPPyTzPPzTiPPzTz', 12.0, branchID=6, growth_generator='NV_alternative_model', host_name='node44-008', log_file='/panfs/panasas01/phys/bf16951/QMD/ParallelDevelopment/Results/Oct_01/12_46/logs/NV-exp-method-sim__random--probe__QMLA_42.qmd.8794755.log', port_number=6342, qid=42, remote=True) (b35eacb6-8ab4-4632-878d-98dde77ad512)
06:43:58 42: RemoteModelLearning.learnModelRemote('xTiPPxTxPPxTyPPyTiPPyTyPPzTiPPzTz', 13.0, branchID=6, growth_generator='NV_alternative_model', host_name='node44-008', log_file='/panfs/panasas01/phys/bf16951/QMD/ParallelDevelopment/Results/Oct_01/12_46/logs/NV-exp-method-sim__random--probe__QMLA_42.qmd.8794755.log', port_number=6342, qid=42, remote=True) (333e26c7-f785-4024-af4c-50c692188e5b)
06:43:58 42: RemoteModelLearning.learnModelRemote('xTiPPxTxPPxTzPPyTiPPyTyPPzTiPPzTz', 14.0, branchID=6, growth_generator='NV_alternative_model', host_name='node44-008', log_file='/panfs/panasas01/phys/bf16951/QMD/ParallelDevelopment/Results/Oct_01/12_46/logs/NV-exp-method-sim__random--probe__QMLA_42.qmd.8794755.log', port_number=6342, qid=42, remote=True) (23b35958-c3fa-425b-aefb-eb43b3078f95)
07:09:39 42: Job OK (23b35958-c3fa-425b-aefb-eb43b3078f95)
07:09:39 Result will never expire, clean up result key manually
07:09:39 Cleaning registries for queue: 42
07:09:39 
07:09:39 *** Listening on 42...
07:09:51 42: Job OK (b35eacb6-8ab4-4632-878d-98dde77ad512)
07:09:51 Result will never expire, clean up result key manually
07:09:51 Cleaning registries for queue: 42
07:09:51 
07:09:51 *** Listening on 42...
07:09:57 42: Job OK (333e26c7-f785-4024-af4c-50c692188e5b)
07:09:57 Result will never expire, clean up result key manually
07:09:57 Cleaning registries for queue: 42
07:09:57 
07:09:57 *** Listening on 42...
07:09:57 42: RemoteBayesFactor.BayesFactorRemote(bayes_threshold=100, bf_data_folder='/panfs/panasas01/phys/bf16951/QMD/ParallelDevelopment/Results/Oct_01/12_46/BayesFactorsTimeRecords/', branchID=6, host_name='node44-008', interbranch=False, log_file='/panfs/panasas01/phys/bf16951/QMD/ParallelDevelopment/Results/Oct_01/12_46/logs/NV-exp-method-sim__random--probe__QMLA_42.qmd.8794755.log', model_a_id=12, model_b_id=14, num_times_to_use=750, port_number=6342, qid=42, times_record='/panfs/panasas01/phys/bf16951/QMD/ParallelDevelopment/Results/Oct_01/12_46/BayesFactorsTimeRecords/BayesFactorsPairsTimes_042.txt', trueModel='xTiPPyTiPPzTiPPzTz') (264f8729-a92f-45e9-b36c-b46c80b5bcae)
07:09:57 42: RemoteBayesFactor.BayesFactorRemote(bayes_threshold=100, bf_data_folder='/panfs/panasas01/phys/bf16951/QMD/ParallelDevelopment/Results/Oct_01/12_46/BayesFactorsTimeRecords/', branchID=6, host_name='node44-008', interbranch=False, log_file='/panfs/panasas01/phys/bf16951/QMD/ParallelDevelopment/Results/Oct_01/12_46/logs/NV-exp-method-sim__random--probe__QMLA_42.qmd.8794755.log', model_a_id=13, model_b_id=14, num_times_to_use=750, port_number=6342, qid=42, times_record='/panfs/panasas01/phys/bf16951/QMD/ParallelDevelopment/Results/Oct_01/12_46/BayesFactorsTimeRecords/BayesFactorsPairsTimes_042.txt', trueModel='xTiPPyTiPPzTiPPzTz') (1d822227-38f7-4e60-8860-b2b8473328d2)
07:09:57 42: RemoteBayesFactor.BayesFactorRemote(bayes_threshold=100, bf_data_folder='/panfs/panasas01/phys/bf16951/QMD/ParallelDevelopment/Results/Oct_01/12_46/BayesFactorsTimeRecords/', branchID=6, host_name='node44-008', interbranch=False, log_file='/panfs/panasas01/phys/bf16951/QMD/ParallelDevelopment/Results/Oct_01/12_46/logs/NV-exp-method-sim__random--probe__QMLA_42.qmd.8794755.log', model_a_id=12, model_b_id=13, num_times_to_use=750, port_number=6342, qid=42, times_record='/panfs/panasas01/phys/bf16951/QMD/ParallelDevelopment/Results/Oct_01/12_46/BayesFactorsTimeRecords/BayesFactorsPairsTimes_042.txt', trueModel='xTiPPyTiPPzTiPPzTz') (01ffa9e0-fd70-4103-810d-6ccf1529ef1e)
08:01:25 42: Job OK (1d822227-38f7-4e60-8860-b2b8473328d2)
08:01:25 Result will never expire, clean up result key manually
08:01:25 Cleaning registries for queue: 42
08:01:25 
08:01:25 *** Listening on 42...
08:02:15 42: Job OK (264f8729-a92f-45e9-b36c-b46c80b5bcae)
08:02:15 Result will never expire, clean up result key manually
08:02:15 Cleaning registries for queue: 42
08:02:15 
08:02:15 *** Listening on 42...
08:02:58 42: Job OK (01ffa9e0-fd70-4103-810d-6ccf1529ef1e)
08:02:58 Result will never expire, clean up result key manually
08:02:58 Cleaning registries for queue: 42
08:02:58 
08:02:58 *** Listening on 42...
08:02:58 42: RemoteModelLearning.learnModelRemote('xTiPPxTxPPxTyPPxTzPPyTiPPyTyPPzTiPPzTz', 16.0, branchID=7, growth_generator='NV_alternative_model', host_name='node44-008', log_file='/panfs/panasas01/phys/bf16951/QMD/ParallelDevelopment/Results/Oct_01/12_46/logs/NV-exp-method-sim__random--probe__QMLA_42.qmd.8794755.log', port_number=6342, qid=42, remote=True) (e8b7431d-6f36-4c94-8c17-3f17598bbdfb)
08:02:58 42: RemoteModelLearning.learnModelRemote('xTiPPxTxPPxTzPPyTiPPyTyPPyTzPPzTiPPzTz', 15.0, branchID=7, growth_generator='NV_alternative_model', host_name='node44-008', log_file='/panfs/panasas01/phys/bf16951/QMD/ParallelDevelopment/Results/Oct_01/12_46/logs/NV-exp-method-sim__random--probe__QMLA_42.qmd.8794755.log', port_number=6342, qid=42, remote=True) (286eb002-0567-4b76-9fbb-08e3def38e5f)
08:28:46 42: Job OK (e8b7431d-6f36-4c94-8c17-3f17598bbdfb)
08:28:46 Result will never expire, clean up result key manually
08:28:46 Cleaning registries for queue: 42
08:28:46 
08:28:46 *** Listening on 42...
08:29:14 42: Job OK (286eb002-0567-4b76-9fbb-08e3def38e5f)
08:29:14 Result will never expire, clean up result key manually
08:29:14 Cleaning registries for queue: 42
08:29:14 
08:29:14 *** Listening on 42...
08:29:14 42: RemoteBayesFactor.BayesFactorRemote(bayes_threshold=100, bf_data_folder='/panfs/panasas01/phys/bf16951/QMD/ParallelDevelopment/Results/Oct_01/12_46/BayesFactorsTimeRecords/', branchID=7, host_name='node44-008', interbranch=False, log_file='/panfs/panasas01/phys/bf16951/QMD/ParallelDevelopment/Results/Oct_01/12_46/logs/NV-exp-method-sim__random--probe__QMLA_42.qmd.8794755.log', model_a_id=15, model_b_id=16, num_times_to_use=750, port_number=6342, qid=42, times_record='/panfs/panasas01/phys/bf16951/QMD/ParallelDevelopment/Results/Oct_01/12_46/BayesFactorsTimeRecords/BayesFactorsPairsTimes_042.txt', trueModel='xTiPPyTiPPzTiPPzTz') (ff8d3b0a-53f9-4f72-afcd-5dd50f25c6d4)
09:20:29 42: Job OK (ff8d3b0a-53f9-4f72-afcd-5dd50f25c6d4)
09:20:29 Result will never expire, clean up result key manually
09:20:29 Cleaning registries for queue: 42
09:20:29 
09:20:29 *** Listening on 42...
09:20:29 42: RemoteModelLearning.learnModelRemote('xTiPPxTxPPxTyPPxTzPPyTiPPyTyPPyTzPPzTiPPzTz', 17.0, branchID=8, growth_generator='NV_alternative_model', host_name='node44-008', log_file='/panfs/panasas01/phys/bf16951/QMD/ParallelDevelopment/Results/Oct_01/12_46/logs/NV-exp-method-sim__random--probe__QMLA_42.qmd.8794755.log', port_number=6342, qid=42, remote=True) (85c6b8f3-bf70-463b-8a33-daca5a37f4a0)
09:46:49 42: Job OK (85c6b8f3-bf70-463b-8a33-daca5a37f4a0)
09:46:49 Result will never expire, clean up result key manually
09:46:49 Cleaning registries for queue: 42
09:46:49 
09:46:49 *** Listening on 42...
09:46:49 42: RemoteBayesFactor.BayesFactorRemote(bayes_threshold=100, bf_data_folder='/panfs/panasas01/phys/bf16951/QMD/ParallelDevelopment/Results/Oct_01/12_46/BayesFactorsTimeRecords/', branchID=None, host_name='node44-008', interbranch=True, log_file='/panfs/panasas01/phys/bf16951/QMD/ParallelDevelopment/Results/Oct_01/12_46/logs/NV-exp-method-sim__random--probe__QMLA_42.qmd.8794755.log', model_a_id=1, model_b_id=3, num_times_to_use=750, port_number=6342, qid=42, times_record='/panfs/panasas01/phys/bf16951/QMD/ParallelDevelopment/Results/Oct_01/12_46/BayesFactorsTimeRecords/BayesFactorsPairsTimes_042.txt', trueModel='xTiPPyTiPPzTiPPzTz') (10505a1d-6138-40a1-8070-b9d73a97451b)
09:46:49 42: RemoteBayesFactor.BayesFactorRemote(bayes_threshold=100, bf_data_folder='/panfs/panasas01/phys/bf16951/QMD/ParallelDevelopment/Results/Oct_01/12_46/BayesFactorsTimeRecords/', branchID=None, host_name='node44-008', interbranch=True, log_file='/panfs/panasas01/phys/bf16951/QMD/ParallelDevelopment/Results/Oct_01/12_46/logs/NV-exp-method-sim__random--probe__QMLA_42.qmd.8794755.log', model_a_id=3, model_b_id=5, num_times_to_use=750, port_number=6342, qid=42, times_record='/panfs/panasas01/phys/bf16951/QMD/ParallelDevelopment/Results/Oct_01/12_46/BayesFactorsTimeRecords/BayesFactorsPairsTimes_042.txt', trueModel='xTiPPyTiPPzTiPPzTz') (2dc9546e-0f8c-4eb2-a374-c97cf0bbe064)
09:46:49 42: RemoteBayesFactor.BayesFactorRemote(bayes_threshold=100, bf_data_folder='/panfs/panasas01/phys/bf16951/QMD/ParallelDevelopment/Results/Oct_01/12_46/BayesFactorsTimeRecords/', branchID=None, host_name='node44-008', interbranch=True, log_file='/panfs/panasas01/phys/bf16951/QMD/ParallelDevelopment/Results/Oct_01/12_46/logs/NV-exp-method-sim__random--probe__QMLA_42.qmd.8794755.log', model_a_id=5, model_b_id=6, num_times_to_use=750, port_number=6342, qid=42, times_record='/panfs/panasas01/phys/bf16951/QMD/ParallelDevelopment/Results/Oct_01/12_46/BayesFactorsTimeRecords/BayesFactorsPairsTimes_042.txt', trueModel='xTiPPyTiPPzTiPPzTz') (60af995e-c046-4f48-a789-fd103e69b13a)
09:46:49 42: RemoteBayesFactor.BayesFactorRemote(bayes_threshold=100, bf_data_folder='/panfs/panasas01/phys/bf16951/QMD/ParallelDevelopment/Results/Oct_01/12_46/BayesFactorsTimeRecords/', branchID=None, host_name='node44-008', interbranch=True, log_file='/panfs/panasas01/phys/bf16951/QMD/ParallelDevelopment/Results/Oct_01/12_46/logs/NV-exp-method-sim__random--probe__QMLA_42.qmd.8794755.log', model_a_id=9, model_b_id=11, num_times_to_use=750, port_number=6342, qid=42, times_record='/panfs/panasas01/phys/bf16951/QMD/ParallelDevelopment/Results/Oct_01/12_46/BayesFactorsTimeRecords/BayesFactorsPairsTimes_042.txt', trueModel='xTiPPyTiPPzTiPPzTz') (4d0cf991-edd9-4cea-b75b-6e169e3c1834)
09:46:49 42: RemoteBayesFactor.BayesFactorRemote(bayes_threshold=100, bf_data_folder='/panfs/panasas01/phys/bf16951/QMD/ParallelDevelopment/Results/Oct_01/12_46/BayesFactorsTimeRecords/', branchID=None, host_name='node44-008', interbranch=True, log_file='/panfs/panasas01/phys/bf16951/QMD/ParallelDevelopment/Results/Oct_01/12_46/logs/NV-exp-method-sim__random--probe__QMLA_42.qmd.8794755.log', model_a_id=11, model_b_id=14, num_times_to_use=750, port_number=6342, qid=42, times_record='/panfs/panasas01/phys/bf16951/QMD/ParallelDevelopment/Results/Oct_01/12_46/BayesFactorsTimeRecords/BayesFactorsPairsTimes_042.txt', trueModel='xTiPPyTiPPzTiPPzTz') (49a45677-8e0a-4885-8cdd-8885cfc19df3)
09:46:49 42: RemoteBayesFactor.BayesFactorRemote(bayes_threshold=100, bf_data_folder='/panfs/panasas01/phys/bf16951/QMD/ParallelDevelopment/Results/Oct_01/12_46/BayesFactorsTimeRecords/', branchID=None, host_name='node44-008', interbranch=True, log_file='/panfs/panasas01/phys/bf16951/QMD/ParallelDevelopment/Results/Oct_01/12_46/logs/NV-exp-method-sim__random--probe__QMLA_42.qmd.8794755.log', model_a_id=6, model_b_id=9, num_times_to_use=750, port_number=6342, qid=42, times_record='/panfs/panasas01/phys/bf16951/QMD/ParallelDevelopment/Results/Oct_01/12_46/BayesFactorsTimeRecords/BayesFactorsPairsTimes_042.txt', trueModel='xTiPPyTiPPzTiPPzTz') (cfef4933-e4a2-462f-92b8-3e8d884823e8)
10:37:43 42: Job OK (49a45677-8e0a-4885-8cdd-8885cfc19df3)
10:37:43 Result will never expire, clean up result key manually
10:37:43 
10:37:43 *** Listening on 42...
10:37:43 42: RemoteBayesFactor.BayesFactorRemote(bayes_threshold=100, bf_data_folder='/panfs/panasas01/phys/bf16951/QMD/ParallelDevelopment/Results/Oct_01/12_46/BayesFactorsTimeRecords/', branchID=None, host_name='node44-008', interbranch=True, log_file='/panfs/panasas01/phys/bf16951/QMD/ParallelDevelopment/Results/Oct_01/12_46/logs/NV-exp-method-sim__random--probe__QMLA_42.qmd.8794755.log', model_a_id=14, model_b_id=16, num_times_to_use=750, port_number=6342, qid=42, times_record='/panfs/panasas01/phys/bf16951/QMD/ParallelDevelopment/Results/Oct_01/12_46/BayesFactorsTimeRecords/BayesFactorsPairsTimes_042.txt', trueModel='xTiPPyTiPPzTiPPzTz') (c01f4c0a-a861-4275-a368-881d652f843c)
10:38:08 42: Job OK (4d0cf991-edd9-4cea-b75b-6e169e3c1834)
10:38:08 Result will never expire, clean up result key manually
10:38:08 Cleaning registries for queue: 42
10:38:08 
10:38:08 *** Listening on 42...
10:38:08 42: RemoteBayesFactor.BayesFactorRemote(bayes_threshold=100, bf_data_folder='/panfs/panasas01/phys/bf16951/QMD/ParallelDevelopment/Results/Oct_01/12_46/BayesFactorsTimeRecords/', branchID=None, host_name='node44-008', interbranch=True, log_file='/panfs/panasas01/phys/bf16951/QMD/ParallelDevelopment/Results/Oct_01/12_46/logs/NV-exp-method-sim__random--probe__QMLA_42.qmd.8794755.log', model_a_id=16, model_b_id=17, num_times_to_use=750, port_number=6342, qid=42, times_record='/panfs/panasas01/phys/bf16951/QMD/ParallelDevelopment/Results/Oct_01/12_46/BayesFactorsTimeRecords/BayesFactorsPairsTimes_042.txt', trueModel='xTiPPyTiPPzTiPPzTz') (bc9f5715-0641-4cc3-b380-990d7287564b)
10:39:19 42: Job OK (cfef4933-e4a2-462f-92b8-3e8d884823e8)
10:39:19 Result will never expire, clean up result key manually
10:39:19 Cleaning registries for queue: 42
10:39:19 
10:39:19 *** Listening on 42...
10:39:24 42: Job OK (60af995e-c046-4f48-a789-fd103e69b13a)
10:39:24 Result will never expire, clean up result key manually
10:39:24 Cleaning registries for queue: 42
10:39:24 
10:39:24 *** Listening on 42...
10:39:31 42: Job OK (10505a1d-6138-40a1-8070-b9d73a97451b)
10:39:31 Result will never expire, clean up result key manually
10:39:31 Cleaning registries for queue: 42
10:39:31 
10:39:31 *** Listening on 42...
10:39:54 42: Job OK (2dc9546e-0f8c-4eb2-a374-c97cf0bbe064)
10:39:54 Result will never expire, clean up result key manually
10:39:54 Cleaning registries for queue: 42
10:39:54 
10:39:54 *** Listening on 42...
11:25:47 42: Job OK (c01f4c0a-a861-4275-a368-881d652f843c)
11:25:47 Result will never expire, clean up result key manually
11:25:47 Cleaning registries for queue: 42
11:25:47 
11:25:47 *** Listening on 42...
11:27:40 42: Job OK (bc9f5715-0641-4cc3-b380-990d7287564b)
11:27:40 Result will never expire, clean up result key manually
11:27:40 
11:27:40 *** Listening on 42...
11:27:40 42: RemoteBayesFactor.BayesFactorRemote(bayes_threshold=100, bf_data_folder='/panfs/panasas01/phys/bf16951/QMD/ParallelDevelopment/Results/Oct_01/12_46/BayesFactorsTimeRecords/', branchID=9, host_name='node44-008', interbranch=False, log_file='/panfs/panasas01/phys/bf16951/QMD/ParallelDevelopment/Results/Oct_01/12_46/logs/NV-exp-method-sim__random--probe__QMLA_42.qmd.8794755.log', model_a_id=6.0, model_b_id=3.0, num_times_to_use=750, port_number=6342, qid=42, times_record='/panfs/panasas01/phys/bf16951/QMD/ParallelDevelopment/Results/Oct_01/12_46/BayesFactorsTimeRecords/BayesFactorsPairsTimes_042.txt', trueModel='xTiPPyTiPPzTiPPzTz') (80190060-a02f-4b2f-ae7a-d3725a7f9a2a)
11:27:40 42: RemoteBayesFactor.BayesFactorRemote(bayes_threshold=100, bf_data_folder='/panfs/panasas01/phys/bf16951/QMD/ParallelDevelopment/Results/Oct_01/12_46/BayesFactorsTimeRecords/', branchID=9, host_name='node44-008', interbranch=False, log_file='/panfs/panasas01/phys/bf16951/QMD/ParallelDevelopment/Results/Oct_01/12_46/logs/NV-exp-method-sim__random--probe__QMLA_42.qmd.8794755.log', model_a_id=6.0, model_b_id=14.0, num_times_to_use=750, port_number=6342, qid=42, times_record='/panfs/panasas01/phys/bf16951/QMD/ParallelDevelopment/Results/Oct_01/12_46/BayesFactorsTimeRecords/BayesFactorsPairsTimes_042.txt', trueModel='xTiPPyTiPPzTiPPzTz') (a8222365-c12a-4af8-996d-9f6f09db88ee)
11:27:40 42: RemoteBayesFactor.BayesFactorRemote(bayes_threshold=100, bf_data_folder='/panfs/panasas01/phys/bf16951/QMD/ParallelDevelopment/Results/Oct_01/12_46/BayesFactorsTimeRecords/', branchID=9, host_name='node44-008', interbranch=False, log_file='/panfs/panasas01/phys/bf16951/QMD/ParallelDevelopment/Results/Oct_01/12_46/logs/NV-exp-method-sim__random--probe__QMLA_42.qmd.8794755.log', model_a_id=3.0, model_b_id=14.0, num_times_to_use=750, port_number=6342, qid=42, times_record='/panfs/panasas01/phys/bf16951/QMD/ParallelDevelopment/Results/Oct_01/12_46/BayesFactorsTimeRecords/BayesFactorsPairsTimes_042.txt', trueModel='xTiPPyTiPPzTiPPzTz') (64f26320-5c06-4e4f-9d9e-bebbf3ba535b)
12:17:53 42: Job OK (a8222365-c12a-4af8-996d-9f6f09db88ee)
12:17:53 Result will never expire, clean up result key manually
12:17:53 
12:17:53 *** Listening on 42...
12:18:04 42: Job OK (64f26320-5c06-4e4f-9d9e-bebbf3ba535b)
12:18:04 Result will never expire, clean up result key manually
12:18:04 Cleaning registries for queue: 42
12:18:04 
12:18:04 *** Listening on 42...
12:18:38 42: Job OK (80190060-a02f-4b2f-ae7a-d3725a7f9a2a)
12:18:38 Result will never expire, clean up result key manually
12:18:38 Cleaning registries for queue: 42
12:18:38 
12:18:38 *** Listening on 42...
Error 111 connecting to node44-008:6342. Connection refused.
Error 111 connecting to node44-008:6342. Connection refused.
Error 111 connecting to node44-008:6342. Connection refused.
Error 111 connecting to node44-008:6342. Connection refused.
Error 111 connecting to node44-008:6342. Connection refused.
Error 111 connecting to node44-008:6342. Connection refused.
