12:51:39 RQ worker 'rq:worker:node44-019.34725' started, version 0.8.1
12:51:39 RQ worker 'rq:worker:node44-019.34720' started, version 0.8.1
12:51:39 RQ worker 'rq:worker:node44-019.34722' started, version 0.8.1
12:51:39 RQ worker 'rq:worker:node44-019.34723' started, version 0.8.1
12:51:39 Cleaning registries for queue: 91
12:51:39 RQ worker 'rq:worker:node44-019.34721' started, version 0.8.1
12:51:39 Cleaning registries for queue: 91
12:51:39 Cleaning registries for queue: 91
12:51:39 Cleaning registries for queue: 91
12:51:39 Cleaning registries for queue: 91
12:51:39 
12:51:39 
12:51:39 
12:51:39 
12:51:39 *** Listening on 91...
12:51:39 *** Listening on 91...
12:51:39 *** Listening on 91...
12:51:39 *** Listening on 91...
12:51:39 
12:51:39 *** Listening on 91...
12:51:40 RQ worker 'rq:worker:node44-019.34724' started, version 0.8.1
12:51:40 Cleaning registries for queue: 91
12:51:40 
12:51:40 *** Listening on 91...
12:51:51 91: RemoteModelLearning.learnModelRemote('yTi', 1.0, branchID=0, growth_generator='NV_alternative_model', host_name='node44-019', log_file='/panfs/panasas01/phys/bf16951/QMD/ParallelDevelopment/Results/Oct_01/12_46/logs/NV-exp-method-sim__random--probe__QMLA_91.qmd.8794804.log', port_number=6391, qid=91, remote=True) (03835579-d2b5-4e6c-9680-ccfa3654c44b)
12:51:51 91: RemoteModelLearning.learnModelRemote('zTi', 2.0, branchID=0, growth_generator='NV_alternative_model', host_name='node44-019', log_file='/panfs/panasas01/phys/bf16951/QMD/ParallelDevelopment/Results/Oct_01/12_46/logs/NV-exp-method-sim__random--probe__QMLA_91.qmd.8794804.log', port_number=6391, qid=91, remote=True) (ed019cd0-589c-444c-bb41-21dd6799c667)
12:51:51 91: RemoteModelLearning.learnModelRemote('xTi', 0.0, branchID=0, growth_generator='NV_alternative_model', host_name='node44-019', log_file='/panfs/panasas01/phys/bf16951/QMD/ParallelDevelopment/Results/Oct_01/12_46/logs/NV-exp-method-sim__random--probe__QMLA_91.qmd.8794804.log', port_number=6391, qid=91, remote=True) (ffd5cde5-ac90-49e9-ad59-612f5ef89b1d)
13:15:03 91: Job OK (ffd5cde5-ac90-49e9-ad59-612f5ef89b1d)
13:15:03 Result will never expire, clean up result key manually
13:15:03 
13:15:03 *** Listening on 91...
13:18:27 91: Job OK (03835579-d2b5-4e6c-9680-ccfa3654c44b)
13:18:27 Result will never expire, clean up result key manually
13:18:27 
13:18:27 *** Listening on 91...
13:27:47 91: Job OK (ed019cd0-589c-444c-bb41-21dd6799c667)
13:27:47 Result will never expire, clean up result key manually
13:27:47 
13:27:47 *** Listening on 91...
13:27:47 91: RemoteBayesFactor.BayesFactorRemote(bayes_threshold=100, bf_data_folder='/panfs/panasas01/phys/bf16951/QMD/ParallelDevelopment/Results/Oct_01/12_46/BayesFactorsTimeRecords/', branchID=0, host_name='node44-019', interbranch=False, log_file='/panfs/panasas01/phys/bf16951/QMD/ParallelDevelopment/Results/Oct_01/12_46/logs/NV-exp-method-sim__random--probe__QMLA_91.qmd.8794804.log', model_a_id=0, model_b_id=1, num_times_to_use=750, port_number=6391, qid=91, times_record='/panfs/panasas01/phys/bf16951/QMD/ParallelDevelopment/Results/Oct_01/12_46/BayesFactorsTimeRecords/BayesFactorsPairsTimes_091.txt', trueModel='xTiPPyTiPPzTiPPzTz') (d5cc17c3-e1fb-46a3-95ec-a47c07343308)
13:27:47 91: RemoteBayesFactor.BayesFactorRemote(bayes_threshold=100, bf_data_folder='/panfs/panasas01/phys/bf16951/QMD/ParallelDevelopment/Results/Oct_01/12_46/BayesFactorsTimeRecords/', branchID=0, host_name='node44-019', interbranch=False, log_file='/panfs/panasas01/phys/bf16951/QMD/ParallelDevelopment/Results/Oct_01/12_46/logs/NV-exp-method-sim__random--probe__QMLA_91.qmd.8794804.log', model_a_id=0, model_b_id=2, num_times_to_use=750, port_number=6391, qid=91, times_record='/panfs/panasas01/phys/bf16951/QMD/ParallelDevelopment/Results/Oct_01/12_46/BayesFactorsTimeRecords/BayesFactorsPairsTimes_091.txt', trueModel='xTiPPyTiPPzTiPPzTz') (cacd8e57-ddb8-436f-aa10-7f3ae7041087)
13:27:47 91: RemoteBayesFactor.BayesFactorRemote(bayes_threshold=100, bf_data_folder='/panfs/panasas01/phys/bf16951/QMD/ParallelDevelopment/Results/Oct_01/12_46/BayesFactorsTimeRecords/', branchID=0, host_name='node44-019', interbranch=False, log_file='/panfs/panasas01/phys/bf16951/QMD/ParallelDevelopment/Results/Oct_01/12_46/logs/NV-exp-method-sim__random--probe__QMLA_91.qmd.8794804.log', model_a_id=1, model_b_id=2, num_times_to_use=750, port_number=6391, qid=91, times_record='/panfs/panasas01/phys/bf16951/QMD/ParallelDevelopment/Results/Oct_01/12_46/BayesFactorsTimeRecords/BayesFactorsPairsTimes_091.txt', trueModel='xTiPPyTiPPzTiPPzTz') (f010e981-4a31-4beb-a67e-9554c8a679aa)
14:16:58 91: Job OK (d5cc17c3-e1fb-46a3-95ec-a47c07343308)
14:16:58 Result will never expire, clean up result key manually
14:16:58 Cleaning registries for queue: 91
14:16:58 
14:16:58 *** Listening on 91...
14:26:26 91: Job OK (cacd8e57-ddb8-436f-aa10-7f3ae7041087)
14:26:26 Result will never expire, clean up result key manually
14:26:26 Cleaning registries for queue: 91
14:26:26 
14:26:26 *** Listening on 91...
14:31:23 91: Job OK (f010e981-4a31-4beb-a67e-9554c8a679aa)
14:31:23 Result will never expire, clean up result key manually
14:31:23 Cleaning registries for queue: 91
14:31:23 
14:31:23 *** Listening on 91...
14:31:23 91: RemoteModelLearning.learnModelRemote('xTiPPyTi', 3.0, branchID=1, growth_generator='NV_alternative_model', host_name='node44-019', log_file='/panfs/panasas01/phys/bf16951/QMD/ParallelDevelopment/Results/Oct_01/12_46/logs/NV-exp-method-sim__random--probe__QMLA_91.qmd.8794804.log', port_number=6391, qid=91, remote=True) (e0a4a8a4-716e-412b-8f18-bbe4197bd6a5)
14:31:23 91: RemoteModelLearning.learnModelRemote('yTiPPzTi', 4.0, branchID=1, growth_generator='NV_alternative_model', host_name='node44-019', log_file='/panfs/panasas01/phys/bf16951/QMD/ParallelDevelopment/Results/Oct_01/12_46/logs/NV-exp-method-sim__random--probe__QMLA_91.qmd.8794804.log', port_number=6391, qid=91, remote=True) (6fcfe420-32b2-47ae-86b8-8456ff95c5dd)
14:57:13 91: Job OK (6fcfe420-32b2-47ae-86b8-8456ff95c5dd)
14:57:13 Result will never expire, clean up result key manually
14:57:13 Cleaning registries for queue: 91
14:57:13 
14:57:13 *** Listening on 91...
14:57:15 91: Job OK (e0a4a8a4-716e-412b-8f18-bbe4197bd6a5)
14:57:15 Result will never expire, clean up result key manually
14:57:15 
14:57:15 *** Listening on 91...
14:57:15 91: RemoteBayesFactor.BayesFactorRemote(bayes_threshold=100, bf_data_folder='/panfs/panasas01/phys/bf16951/QMD/ParallelDevelopment/Results/Oct_01/12_46/BayesFactorsTimeRecords/', branchID=1, host_name='node44-019', interbranch=False, log_file='/panfs/panasas01/phys/bf16951/QMD/ParallelDevelopment/Results/Oct_01/12_46/logs/NV-exp-method-sim__random--probe__QMLA_91.qmd.8794804.log', model_a_id=3, model_b_id=4, num_times_to_use=750, port_number=6391, qid=91, times_record='/panfs/panasas01/phys/bf16951/QMD/ParallelDevelopment/Results/Oct_01/12_46/BayesFactorsTimeRecords/BayesFactorsPairsTimes_091.txt', trueModel='xTiPPyTiPPzTiPPzTz') (de275802-283a-40a5-b2e8-5bf912d1a850)
15:48:14 91: Job OK (de275802-283a-40a5-b2e8-5bf912d1a850)
15:48:14 Result will never expire, clean up result key manually
15:48:14 Cleaning registries for queue: 91
15:48:14 
15:48:14 *** Listening on 91...
15:48:14 91: RemoteModelLearning.learnModelRemote('xTiPPyTiPPzTi', 5.0, branchID=2, growth_generator='NV_alternative_model', host_name='node44-019', log_file='/panfs/panasas01/phys/bf16951/QMD/ParallelDevelopment/Results/Oct_01/12_46/logs/NV-exp-method-sim__random--probe__QMLA_91.qmd.8794804.log', port_number=6391, qid=91, remote=True) (701c851a-f820-4c28-9750-c709bddcd614)
16:14:23 91: Job OK (701c851a-f820-4c28-9750-c709bddcd614)
16:14:23 Result will never expire, clean up result key manually
16:14:23 Cleaning registries for queue: 91
16:14:23 
16:14:23 *** Listening on 91...
16:14:23 91: RemoteModelLearning.learnModelRemote('xTiPPxTxPPyTiPPzTi', 6.0, branchID=3, growth_generator='NV_alternative_model', host_name='node44-019', log_file='/panfs/panasas01/phys/bf16951/QMD/ParallelDevelopment/Results/Oct_01/12_46/logs/NV-exp-method-sim__random--probe__QMLA_91.qmd.8794804.log', port_number=6391, qid=91, remote=True) (8a7a60b3-d450-4a15-95e3-9528172848ce)
16:14:23 91: RemoteModelLearning.learnModelRemote('xTiPPyTiPPzTiPPzTz', 7.0, branchID=3, growth_generator='NV_alternative_model', host_name='node44-019', log_file='/panfs/panasas01/phys/bf16951/QMD/ParallelDevelopment/Results/Oct_01/12_46/logs/NV-exp-method-sim__random--probe__QMLA_91.qmd.8794804.log', port_number=6391, qid=91, remote=True) (0278b839-80d0-4a3d-9632-3f88c67f0b94)
16:14:23 91: RemoteModelLearning.learnModelRemote('xTiPPyTiPPyTyPPzTi', 8.0, branchID=3, growth_generator='NV_alternative_model', host_name='node44-019', log_file='/panfs/panasas01/phys/bf16951/QMD/ParallelDevelopment/Results/Oct_01/12_46/logs/NV-exp-method-sim__random--probe__QMLA_91.qmd.8794804.log', port_number=6391, qid=91, remote=True) (3169bd44-7911-4e86-a251-b92ae56b73ea)
16:40:33 91: Job OK (0278b839-80d0-4a3d-9632-3f88c67f0b94)
16:40:33 Result will never expire, clean up result key manually
16:40:33 Cleaning registries for queue: 91
16:40:33 
16:40:33 *** Listening on 91...
16:40:37 91: Job OK (8a7a60b3-d450-4a15-95e3-9528172848ce)
16:40:37 Result will never expire, clean up result key manually
16:40:37 Cleaning registries for queue: 91
16:40:37 
16:40:37 *** Listening on 91...
16:48:08 91: Job OK (3169bd44-7911-4e86-a251-b92ae56b73ea)
16:48:08 Result will never expire, clean up result key manually
16:48:08 Cleaning registries for queue: 91
16:48:08 
16:48:08 *** Listening on 91...
16:48:08 91: RemoteBayesFactor.BayesFactorRemote(bayes_threshold=100, bf_data_folder='/panfs/panasas01/phys/bf16951/QMD/ParallelDevelopment/Results/Oct_01/12_46/BayesFactorsTimeRecords/', branchID=3, host_name='node44-019', interbranch=False, log_file='/panfs/panasas01/phys/bf16951/QMD/ParallelDevelopment/Results/Oct_01/12_46/logs/NV-exp-method-sim__random--probe__QMLA_91.qmd.8794804.log', model_a_id=6, model_b_id=7, num_times_to_use=750, port_number=6391, qid=91, times_record='/panfs/panasas01/phys/bf16951/QMD/ParallelDevelopment/Results/Oct_01/12_46/BayesFactorsTimeRecords/BayesFactorsPairsTimes_091.txt', trueModel='xTiPPyTiPPzTiPPzTz') (b31bf75c-8cf9-4220-8033-51ad9306c935)
16:48:08 91: RemoteBayesFactor.BayesFactorRemote(bayes_threshold=100, bf_data_folder='/panfs/panasas01/phys/bf16951/QMD/ParallelDevelopment/Results/Oct_01/12_46/BayesFactorsTimeRecords/', branchID=3, host_name='node44-019', interbranch=False, log_file='/panfs/panasas01/phys/bf16951/QMD/ParallelDevelopment/Results/Oct_01/12_46/logs/NV-exp-method-sim__random--probe__QMLA_91.qmd.8794804.log', model_a_id=6, model_b_id=8, num_times_to_use=750, port_number=6391, qid=91, times_record='/panfs/panasas01/phys/bf16951/QMD/ParallelDevelopment/Results/Oct_01/12_46/BayesFactorsTimeRecords/BayesFactorsPairsTimes_091.txt', trueModel='xTiPPyTiPPzTiPPzTz') (98f4d0ab-20bd-4d32-b197-0c0bb786019b)
16:48:08 91: RemoteBayesFactor.BayesFactorRemote(bayes_threshold=100, bf_data_folder='/panfs/panasas01/phys/bf16951/QMD/ParallelDevelopment/Results/Oct_01/12_46/BayesFactorsTimeRecords/', branchID=3, host_name='node44-019', interbranch=False, log_file='/panfs/panasas01/phys/bf16951/QMD/ParallelDevelopment/Results/Oct_01/12_46/logs/NV-exp-method-sim__random--probe__QMLA_91.qmd.8794804.log', model_a_id=7, model_b_id=8, num_times_to_use=750, port_number=6391, qid=91, times_record='/panfs/panasas01/phys/bf16951/QMD/ParallelDevelopment/Results/Oct_01/12_46/BayesFactorsTimeRecords/BayesFactorsPairsTimes_091.txt', trueModel='xTiPPyTiPPzTiPPzTz') (58443f84-7378-464f-8b45-5f6efa5bf7ac)
17:39:39 91: Job OK (58443f84-7378-464f-8b45-5f6efa5bf7ac)
17:39:39 Result will never expire, clean up result key manually
17:39:39 
17:39:39 *** Listening on 91...
17:40:07 91: Job OK (b31bf75c-8cf9-4220-8033-51ad9306c935)
17:40:07 Result will never expire, clean up result key manually
17:40:07 Cleaning registries for queue: 91
17:40:07 
17:40:07 *** Listening on 91...
17:40:26 91: Job OK (98f4d0ab-20bd-4d32-b197-0c0bb786019b)
17:40:26 Result will never expire, clean up result key manually
17:40:26 Cleaning registries for queue: 91
17:40:26 
17:40:26 *** Listening on 91...
17:40:26 91: RemoteModelLearning.learnModelRemote('xTiPPyTiPPyTyPPzTiPPzTz', 9.0, branchID=4, growth_generator='NV_alternative_model', host_name='node44-019', log_file='/panfs/panasas01/phys/bf16951/QMD/ParallelDevelopment/Results/Oct_01/12_46/logs/NV-exp-method-sim__random--probe__QMLA_91.qmd.8794804.log', port_number=6391, qid=91, remote=True) (e82dceed-b13c-48d0-b49a-07cebab17fa0)
17:40:26 91: RemoteModelLearning.learnModelRemote('xTiPPxTxPPyTiPPzTiPPzTz', 10.0, branchID=4, growth_generator='NV_alternative_model', host_name='node44-019', log_file='/panfs/panasas01/phys/bf16951/QMD/ParallelDevelopment/Results/Oct_01/12_46/logs/NV-exp-method-sim__random--probe__QMLA_91.qmd.8794804.log', port_number=6391, qid=91, remote=True) (68ec2408-2a7b-4e79-9462-29c3aef8a856)
18:05:27 91: Job OK (68ec2408-2a7b-4e79-9462-29c3aef8a856)
18:05:27 Result will never expire, clean up result key manually
18:05:27 Cleaning registries for queue: 91
18:05:27 
18:05:27 *** Listening on 91...
18:06:07 91: Job OK (e82dceed-b13c-48d0-b49a-07cebab17fa0)
18:06:07 Result will never expire, clean up result key manually
18:06:07 Cleaning registries for queue: 91
18:06:07 
18:06:07 *** Listening on 91...
18:06:08 91: RemoteBayesFactor.BayesFactorRemote(bayes_threshold=100, bf_data_folder='/panfs/panasas01/phys/bf16951/QMD/ParallelDevelopment/Results/Oct_01/12_46/BayesFactorsTimeRecords/', branchID=4, host_name='node44-019', interbranch=False, log_file='/panfs/panasas01/phys/bf16951/QMD/ParallelDevelopment/Results/Oct_01/12_46/logs/NV-exp-method-sim__random--probe__QMLA_91.qmd.8794804.log', model_a_id=9, model_b_id=10, num_times_to_use=750, port_number=6391, qid=91, times_record='/panfs/panasas01/phys/bf16951/QMD/ParallelDevelopment/Results/Oct_01/12_46/BayesFactorsTimeRecords/BayesFactorsPairsTimes_091.txt', trueModel='xTiPPyTiPPzTiPPzTz') (5baa78d3-dc8d-428c-adbe-1124f82baf56)
18:55:41 91: Job OK (5baa78d3-dc8d-428c-adbe-1124f82baf56)
18:55:41 Result will never expire, clean up result key manually
18:55:41 Cleaning registries for queue: 91
18:55:41 
18:55:41 *** Listening on 91...
18:55:41 91: RemoteModelLearning.learnModelRemote('xTiPPxTxPPyTiPPyTyPPzTiPPzTz', 11.0, branchID=5, growth_generator='NV_alternative_model', host_name='node44-019', log_file='/panfs/panasas01/phys/bf16951/QMD/ParallelDevelopment/Results/Oct_01/12_46/logs/NV-exp-method-sim__random--probe__QMLA_91.qmd.8794804.log', port_number=6391, qid=91, remote=True) (41676d38-f9b7-4a58-adfe-2ea9d78e05c4)
19:21:16 91: Job OK (41676d38-f9b7-4a58-adfe-2ea9d78e05c4)
19:21:16 Result will never expire, clean up result key manually
19:21:16 Cleaning registries for queue: 91
19:21:16 
19:21:16 *** Listening on 91...
19:21:16 91: RemoteModelLearning.learnModelRemote('xTiPPxTxPPxTyPPyTiPPyTyPPzTiPPzTz', 12.0, branchID=6, growth_generator='NV_alternative_model', host_name='node44-019', log_file='/panfs/panasas01/phys/bf16951/QMD/ParallelDevelopment/Results/Oct_01/12_46/logs/NV-exp-method-sim__random--probe__QMLA_91.qmd.8794804.log', port_number=6391, qid=91, remote=True) (9daddd72-1691-45b3-9e7a-2e1e3dd10038)
19:21:16 91: RemoteModelLearning.learnModelRemote('xTiPPxTxPPxTzPPyTiPPyTyPPzTiPPzTz', 14.0, branchID=6, growth_generator='NV_alternative_model', host_name='node44-019', log_file='/panfs/panasas01/phys/bf16951/QMD/ParallelDevelopment/Results/Oct_01/12_46/logs/NV-exp-method-sim__random--probe__QMLA_91.qmd.8794804.log', port_number=6391, qid=91, remote=True) (cca767a0-fb76-4190-9d47-296ed9f40d7f)
19:21:16 91: RemoteModelLearning.learnModelRemote('xTiPPxTxPPyTiPPyTyPPyTzPPzTiPPzTz', 13.0, branchID=6, growth_generator='NV_alternative_model', host_name='node44-019', log_file='/panfs/panasas01/phys/bf16951/QMD/ParallelDevelopment/Results/Oct_01/12_46/logs/NV-exp-method-sim__random--probe__QMLA_91.qmd.8794804.log', port_number=6391, qid=91, remote=True) (e1db5151-7f56-4ba2-92d7-773ac3a7e012)
19:46:23 91: Job OK (e1db5151-7f56-4ba2-92d7-773ac3a7e012)
19:46:23 Result will never expire, clean up result key manually
19:46:23 Cleaning registries for queue: 91
19:46:23 
19:46:23 *** Listening on 91...
19:46:53 91: Job OK (cca767a0-fb76-4190-9d47-296ed9f40d7f)
19:46:53 Result will never expire, clean up result key manually
19:46:53 Cleaning registries for queue: 91
19:46:53 
19:46:53 *** Listening on 91...
19:47:12 91: Job OK (9daddd72-1691-45b3-9e7a-2e1e3dd10038)
19:47:12 Result will never expire, clean up result key manually
19:47:12 Cleaning registries for queue: 91
19:47:12 
19:47:12 *** Listening on 91...
19:47:13 91: RemoteBayesFactor.BayesFactorRemote(bayes_threshold=100, bf_data_folder='/panfs/panasas01/phys/bf16951/QMD/ParallelDevelopment/Results/Oct_01/12_46/BayesFactorsTimeRecords/', branchID=6, host_name='node44-019', interbranch=False, log_file='/panfs/panasas01/phys/bf16951/QMD/ParallelDevelopment/Results/Oct_01/12_46/logs/NV-exp-method-sim__random--probe__QMLA_91.qmd.8794804.log', model_a_id=12, model_b_id=13, num_times_to_use=750, port_number=6391, qid=91, times_record='/panfs/panasas01/phys/bf16951/QMD/ParallelDevelopment/Results/Oct_01/12_46/BayesFactorsTimeRecords/BayesFactorsPairsTimes_091.txt', trueModel='xTiPPyTiPPzTiPPzTz') (73218d83-4a51-4cf8-a25a-116793f8e320)
19:47:13 91: RemoteBayesFactor.BayesFactorRemote(bayes_threshold=100, bf_data_folder='/panfs/panasas01/phys/bf16951/QMD/ParallelDevelopment/Results/Oct_01/12_46/BayesFactorsTimeRecords/', branchID=6, host_name='node44-019', interbranch=False, log_file='/panfs/panasas01/phys/bf16951/QMD/ParallelDevelopment/Results/Oct_01/12_46/logs/NV-exp-method-sim__random--probe__QMLA_91.qmd.8794804.log', model_a_id=12, model_b_id=14, num_times_to_use=750, port_number=6391, qid=91, times_record='/panfs/panasas01/phys/bf16951/QMD/ParallelDevelopment/Results/Oct_01/12_46/BayesFactorsTimeRecords/BayesFactorsPairsTimes_091.txt', trueModel='xTiPPyTiPPzTiPPzTz') (df4eb49f-9879-4000-8c8e-762e4ac47f14)
19:47:13 91: RemoteBayesFactor.BayesFactorRemote(bayes_threshold=100, bf_data_folder='/panfs/panasas01/phys/bf16951/QMD/ParallelDevelopment/Results/Oct_01/12_46/BayesFactorsTimeRecords/', branchID=6, host_name='node44-019', interbranch=False, log_file='/panfs/panasas01/phys/bf16951/QMD/ParallelDevelopment/Results/Oct_01/12_46/logs/NV-exp-method-sim__random--probe__QMLA_91.qmd.8794804.log', model_a_id=13, model_b_id=14, num_times_to_use=750, port_number=6391, qid=91, times_record='/panfs/panasas01/phys/bf16951/QMD/ParallelDevelopment/Results/Oct_01/12_46/BayesFactorsTimeRecords/BayesFactorsPairsTimes_091.txt', trueModel='xTiPPyTiPPzTiPPzTz') (36611e71-d98d-4653-8c42-afd5e0ae930a)
20:37:08 91: Job OK (df4eb49f-9879-4000-8c8e-762e4ac47f14)
20:37:08 Result will never expire, clean up result key manually
20:37:08 Cleaning registries for queue: 91
20:37:08 
20:37:08 *** Listening on 91...
20:37:52 91: Job OK (36611e71-d98d-4653-8c42-afd5e0ae930a)
20:37:52 Result will never expire, clean up result key manually
20:37:52 Cleaning registries for queue: 91
20:37:52 
20:37:52 *** Listening on 91...
20:38:05 91: Job OK (73218d83-4a51-4cf8-a25a-116793f8e320)
20:38:05 Result will never expire, clean up result key manually
20:38:05 Cleaning registries for queue: 91
20:38:05 
20:38:05 *** Listening on 91...
20:38:05 91: RemoteModelLearning.learnModelRemote('xTiPPxTxPPxTyPPyTiPPyTyPPyTzPPzTiPPzTz', 15.0, branchID=7, growth_generator='NV_alternative_model', host_name='node44-019', log_file='/panfs/panasas01/phys/bf16951/QMD/ParallelDevelopment/Results/Oct_01/12_46/logs/NV-exp-method-sim__random--probe__QMLA_91.qmd.8794804.log', port_number=6391, qid=91, remote=True) (cce57580-a0c9-4def-9625-fec11c51e452)
20:38:05 91: RemoteModelLearning.learnModelRemote('xTiPPxTxPPxTzPPyTiPPyTyPPyTzPPzTiPPzTz', 16.0, branchID=7, growth_generator='NV_alternative_model', host_name='node44-019', log_file='/panfs/panasas01/phys/bf16951/QMD/ParallelDevelopment/Results/Oct_01/12_46/logs/NV-exp-method-sim__random--probe__QMLA_91.qmd.8794804.log', port_number=6391, qid=91, remote=True) (5a97d709-4f82-424d-9526-0e913d05efea)
21:02:22 91: Job OK (5a97d709-4f82-424d-9526-0e913d05efea)
21:02:22 Result will never expire, clean up result key manually
21:02:22 Cleaning registries for queue: 91
21:02:22 
21:02:22 *** Listening on 91...
21:03:12 91: Job OK (cce57580-a0c9-4def-9625-fec11c51e452)
21:03:12 Result will never expire, clean up result key manually
21:03:12 Cleaning registries for queue: 91
21:03:12 
21:03:12 *** Listening on 91...
21:03:13 91: RemoteBayesFactor.BayesFactorRemote(bayes_threshold=100, bf_data_folder='/panfs/panasas01/phys/bf16951/QMD/ParallelDevelopment/Results/Oct_01/12_46/BayesFactorsTimeRecords/', branchID=7, host_name='node44-019', interbranch=False, log_file='/panfs/panasas01/phys/bf16951/QMD/ParallelDevelopment/Results/Oct_01/12_46/logs/NV-exp-method-sim__random--probe__QMLA_91.qmd.8794804.log', model_a_id=15, model_b_id=16, num_times_to_use=750, port_number=6391, qid=91, times_record='/panfs/panasas01/phys/bf16951/QMD/ParallelDevelopment/Results/Oct_01/12_46/BayesFactorsTimeRecords/BayesFactorsPairsTimes_091.txt', trueModel='xTiPPyTiPPzTiPPzTz') (ec8375c8-3c8c-4ade-ac2f-63ab09dd06f3)
21:51:42 91: Job OK (ec8375c8-3c8c-4ade-ac2f-63ab09dd06f3)
21:51:42 Result will never expire, clean up result key manually
21:51:42 Cleaning registries for queue: 91
21:51:42 
21:51:42 *** Listening on 91...
21:51:42 91: RemoteModelLearning.learnModelRemote('xTiPPxTxPPxTyPPxTzPPyTiPPyTyPPyTzPPzTiPPzTz', 17.0, branchID=8, growth_generator='NV_alternative_model', host_name='node44-019', log_file='/panfs/panasas01/phys/bf16951/QMD/ParallelDevelopment/Results/Oct_01/12_46/logs/NV-exp-method-sim__random--probe__QMLA_91.qmd.8794804.log', port_number=6391, qid=91, remote=True) (642a68a5-03e7-4111-bec2-5fa23072d6da)
22:16:49 91: Job OK (642a68a5-03e7-4111-bec2-5fa23072d6da)
22:16:49 Result will never expire, clean up result key manually
22:16:49 91: RemoteBayesFactor.BayesFactorRemote(bayes_threshold=100, bf_data_folder='/panfs/panasas01/phys/bf16951/QMD/ParallelDevelopment/Results/Oct_01/12_46/BayesFactorsTimeRecords/', branchID=None, host_name='node44-019', interbranch=True, log_file='/panfs/panasas01/phys/bf16951/QMD/ParallelDevelopment/Results/Oct_01/12_46/logs/NV-exp-method-sim__random--probe__QMLA_91.qmd.8794804.log', model_a_id=1, model_b_id=4, num_times_to_use=750, port_number=6391, qid=91, times_record='/panfs/panasas01/phys/bf16951/QMD/ParallelDevelopment/Results/Oct_01/12_46/BayesFactorsTimeRecords/BayesFactorsPairsTimes_091.txt', trueModel='xTiPPyTiPPzTiPPzTz') (ea6393a3-ed4d-4a16-8a44-e8970c9ec613)
22:16:49 91: RemoteBayesFactor.BayesFactorRemote(bayes_threshold=100, bf_data_folder='/panfs/panasas01/phys/bf16951/QMD/ParallelDevelopment/Results/Oct_01/12_46/BayesFactorsTimeRecords/', branchID=None, host_name='node44-019', interbranch=True, log_file='/panfs/panasas01/phys/bf16951/QMD/ParallelDevelopment/Results/Oct_01/12_46/logs/NV-exp-method-sim__random--probe__QMLA_91.qmd.8794804.log', model_a_id=4, model_b_id=5, num_times_to_use=750, port_number=6391, qid=91, times_record='/panfs/panasas01/phys/bf16951/QMD/ParallelDevelopment/Results/Oct_01/12_46/BayesFactorsTimeRecords/BayesFactorsPairsTimes_091.txt', trueModel='xTiPPyTiPPzTiPPzTz') (3f9fc941-9d2e-4a2c-931a-ebaf855f8475)
22:16:49 91: RemoteBayesFactor.BayesFactorRemote(bayes_threshold=100, bf_data_folder='/panfs/panasas01/phys/bf16951/QMD/ParallelDevelopment/Results/Oct_01/12_46/BayesFactorsTimeRecords/', branchID=None, host_name='node44-019', interbranch=True, log_file='/panfs/panasas01/phys/bf16951/QMD/ParallelDevelopment/Results/Oct_01/12_46/logs/NV-exp-method-sim__random--probe__QMLA_91.qmd.8794804.log', model_a_id=5, model_b_id=7, num_times_to_use=750, port_number=6391, qid=91, times_record='/panfs/panasas01/phys/bf16951/QMD/ParallelDevelopment/Results/Oct_01/12_46/BayesFactorsTimeRecords/BayesFactorsPairsTimes_091.txt', trueModel='xTiPPyTiPPzTiPPzTz') (84d86978-afb7-4ab3-bec6-6b504a584d31)
22:16:49 91: RemoteBayesFactor.BayesFactorRemote(bayes_threshold=100, bf_data_folder='/panfs/panasas01/phys/bf16951/QMD/ParallelDevelopment/Results/Oct_01/12_46/BayesFactorsTimeRecords/', branchID=None, host_name='node44-019', interbranch=True, log_file='/panfs/panasas01/phys/bf16951/QMD/ParallelDevelopment/Results/Oct_01/12_46/logs/NV-exp-method-sim__random--probe__QMLA_91.qmd.8794804.log', model_a_id=7, model_b_id=9, num_times_to_use=750, port_number=6391, qid=91, times_record='/panfs/panasas01/phys/bf16951/QMD/ParallelDevelopment/Results/Oct_01/12_46/BayesFactorsTimeRecords/BayesFactorsPairsTimes_091.txt', trueModel='xTiPPyTiPPzTiPPzTz') (9e2e8b71-0a81-499c-bce2-2d3ade65994f)
22:16:49 91: RemoteBayesFactor.BayesFactorRemote(bayes_threshold=100, bf_data_folder='/panfs/panasas01/phys/bf16951/QMD/ParallelDevelopment/Results/Oct_01/12_46/BayesFactorsTimeRecords/', branchID=None, host_name='node44-019', interbranch=True, log_file='/panfs/panasas01/phys/bf16951/QMD/ParallelDevelopment/Results/Oct_01/12_46/logs/NV-exp-method-sim__random--probe__QMLA_91.qmd.8794804.log', model_a_id=9, model_b_id=11, num_times_to_use=750, port_number=6391, qid=91, times_record='/panfs/panasas01/phys/bf16951/QMD/ParallelDevelopment/Results/Oct_01/12_46/BayesFactorsTimeRecords/BayesFactorsPairsTimes_091.txt', trueModel='xTiPPyTiPPzTiPPzTz') (c5f4cd88-1a1c-4202-b4ff-23afa70d2448)
22:16:49 Cleaning registries for queue: 91
22:16:49 
22:16:49 *** Listening on 91...
22:16:49 91: RemoteBayesFactor.BayesFactorRemote(bayes_threshold=100, bf_data_folder='/panfs/panasas01/phys/bf16951/QMD/ParallelDevelopment/Results/Oct_01/12_46/BayesFactorsTimeRecords/', branchID=None, host_name='node44-019', interbranch=True, log_file='/panfs/panasas01/phys/bf16951/QMD/ParallelDevelopment/Results/Oct_01/12_46/logs/NV-exp-method-sim__random--probe__QMLA_91.qmd.8794804.log', model_a_id=11, model_b_id=13, num_times_to_use=750, port_number=6391, qid=91, times_record='/panfs/panasas01/phys/bf16951/QMD/ParallelDevelopment/Results/Oct_01/12_46/BayesFactorsTimeRecords/BayesFactorsPairsTimes_091.txt', trueModel='xTiPPyTiPPzTiPPzTz') (f960874e-e477-4cae-aed9-5f452a58cbee)
23:07:43 91: Job OK (f960874e-e477-4cae-aed9-5f452a58cbee)
23:07:43 Result will never expire, clean up result key manually
23:07:43 
23:07:43 *** Listening on 91...
23:07:43 91: RemoteBayesFactor.BayesFactorRemote(bayes_threshold=100, bf_data_folder='/panfs/panasas01/phys/bf16951/QMD/ParallelDevelopment/Results/Oct_01/12_46/BayesFactorsTimeRecords/', branchID=None, host_name='node44-019', interbranch=True, log_file='/panfs/panasas01/phys/bf16951/QMD/ParallelDevelopment/Results/Oct_01/12_46/logs/NV-exp-method-sim__random--probe__QMLA_91.qmd.8794804.log', model_a_id=13, model_b_id=15, num_times_to_use=750, port_number=6391, qid=91, times_record='/panfs/panasas01/phys/bf16951/QMD/ParallelDevelopment/Results/Oct_01/12_46/BayesFactorsTimeRecords/BayesFactorsPairsTimes_091.txt', trueModel='xTiPPyTiPPzTiPPzTz') (412b8dbf-9979-4544-a93b-c323aec023b4)
23:08:47 91: Job OK (c5f4cd88-1a1c-4202-b4ff-23afa70d2448)
23:08:47 Result will never expire, clean up result key manually
23:08:47 Cleaning registries for queue: 91
23:08:47 
23:08:47 *** Listening on 91...
23:08:47 91: RemoteBayesFactor.BayesFactorRemote(bayes_threshold=100, bf_data_folder='/panfs/panasas01/phys/bf16951/QMD/ParallelDevelopment/Results/Oct_01/12_46/BayesFactorsTimeRecords/', branchID=None, host_name='node44-019', interbranch=True, log_file='/panfs/panasas01/phys/bf16951/QMD/ParallelDevelopment/Results/Oct_01/12_46/logs/NV-exp-method-sim__random--probe__QMLA_91.qmd.8794804.log', model_a_id=15, model_b_id=17, num_times_to_use=750, port_number=6391, qid=91, times_record='/panfs/panasas01/phys/bf16951/QMD/ParallelDevelopment/Results/Oct_01/12_46/BayesFactorsTimeRecords/BayesFactorsPairsTimes_091.txt', trueModel='xTiPPyTiPPzTiPPzTz') (51d9ce8a-7dbf-4038-8222-bb2da17d29ae)
23:09:10 91: Job OK (9e2e8b71-0a81-499c-bce2-2d3ade65994f)
23:09:10 Result will never expire, clean up result key manually
23:09:10 Cleaning registries for queue: 91
23:09:10 
23:09:10 *** Listening on 91...
23:09:43 91: Job OK (84d86978-afb7-4ab3-bec6-6b504a584d31)
23:09:43 Result will never expire, clean up result key manually
23:09:43 Cleaning registries for queue: 91
23:09:43 
23:09:43 *** Listening on 91...
23:10:05 91: Job OK (ea6393a3-ed4d-4a16-8a44-e8970c9ec613)
23:10:05 Result will never expire, clean up result key manually
23:10:05 Cleaning registries for queue: 91
23:10:05 
23:10:05 *** Listening on 91...
23:10:16 91: Job OK (3f9fc941-9d2e-4a2c-931a-ebaf855f8475)
23:10:16 Result will never expire, clean up result key manually
23:10:16 Cleaning registries for queue: 91
23:10:16 
23:10:16 *** Listening on 91...
23:57:05 91: Job OK (412b8dbf-9979-4544-a93b-c323aec023b4)
23:57:05 Result will never expire, clean up result key manually
23:57:05 Cleaning registries for queue: 91
23:57:05 
23:57:05 *** Listening on 91...
23:58:06 91: Job OK (51d9ce8a-7dbf-4038-8222-bb2da17d29ae)
23:58:06 Result will never expire, clean up result key manually
23:58:06 
23:58:06 *** Listening on 91...
23:58:06 91: RemoteBayesFactor.BayesFactorRemote(bayes_threshold=100, bf_data_folder='/panfs/panasas01/phys/bf16951/QMD/ParallelDevelopment/Results/Oct_01/12_46/BayesFactorsTimeRecords/', branchID=9, host_name='node44-019', interbranch=False, log_file='/panfs/panasas01/phys/bf16951/QMD/ParallelDevelopment/Results/Oct_01/12_46/logs/NV-exp-method-sim__random--probe__QMLA_91.qmd.8794804.log', model_a_id=17.0, model_b_id=7.0, num_times_to_use=750, port_number=6391, qid=91, times_record='/panfs/panasas01/phys/bf16951/QMD/ParallelDevelopment/Results/Oct_01/12_46/BayesFactorsTimeRecords/BayesFactorsPairsTimes_091.txt', trueModel='xTiPPyTiPPzTiPPzTz') (f9c35b52-9fb6-4ccb-9a09-e77a0989749f)
23:58:06 91: RemoteBayesFactor.BayesFactorRemote(bayes_threshold=100, bf_data_folder='/panfs/panasas01/phys/bf16951/QMD/ParallelDevelopment/Results/Oct_01/12_46/BayesFactorsTimeRecords/', branchID=9, host_name='node44-019', interbranch=False, log_file='/panfs/panasas01/phys/bf16951/QMD/ParallelDevelopment/Results/Oct_01/12_46/logs/NV-exp-method-sim__random--probe__QMLA_91.qmd.8794804.log', model_a_id=17.0, model_b_id=4.0, num_times_to_use=750, port_number=6391, qid=91, times_record='/panfs/panasas01/phys/bf16951/QMD/ParallelDevelopment/Results/Oct_01/12_46/BayesFactorsTimeRecords/BayesFactorsPairsTimes_091.txt', trueModel='xTiPPyTiPPzTiPPzTz') (e1947def-3325-4807-aae5-b0c6d2e4db34)
23:58:06 91: RemoteBayesFactor.BayesFactorRemote(bayes_threshold=100, bf_data_folder='/panfs/panasas01/phys/bf16951/QMD/ParallelDevelopment/Results/Oct_01/12_46/BayesFactorsTimeRecords/', branchID=9, host_name='node44-019', interbranch=False, log_file='/panfs/panasas01/phys/bf16951/QMD/ParallelDevelopment/Results/Oct_01/12_46/logs/NV-exp-method-sim__random--probe__QMLA_91.qmd.8794804.log', model_a_id=15.0, model_b_id=7.0, num_times_to_use=750, port_number=6391, qid=91, times_record='/panfs/panasas01/phys/bf16951/QMD/ParallelDevelopment/Results/Oct_01/12_46/BayesFactorsTimeRecords/BayesFactorsPairsTimes_091.txt', trueModel='xTiPPyTiPPzTiPPzTz') (782db635-b4ba-4266-bdde-3ea974943d6d)
23:58:06 91: RemoteBayesFactor.BayesFactorRemote(bayes_threshold=100, bf_data_folder='/panfs/panasas01/phys/bf16951/QMD/ParallelDevelopment/Results/Oct_01/12_46/BayesFactorsTimeRecords/', branchID=9, host_name='node44-019', interbranch=False, log_file='/panfs/panasas01/phys/bf16951/QMD/ParallelDevelopment/Results/Oct_01/12_46/logs/NV-exp-method-sim__random--probe__QMLA_91.qmd.8794804.log', model_a_id=15.0, model_b_id=4.0, num_times_to_use=750, port_number=6391, qid=91, times_record='/panfs/panasas01/phys/bf16951/QMD/ParallelDevelopment/Results/Oct_01/12_46/BayesFactorsTimeRecords/BayesFactorsPairsTimes_091.txt', trueModel='xTiPPyTiPPzTiPPzTz') (b130e5eb-38b7-40be-9630-a0e263dad240)
23:58:06 91: RemoteBayesFactor.BayesFactorRemote(bayes_threshold=100, bf_data_folder='/panfs/panasas01/phys/bf16951/QMD/ParallelDevelopment/Results/Oct_01/12_46/BayesFactorsTimeRecords/', branchID=9, host_name='node44-019', interbranch=False, log_file='/panfs/panasas01/phys/bf16951/QMD/ParallelDevelopment/Results/Oct_01/12_46/logs/NV-exp-method-sim__random--probe__QMLA_91.qmd.8794804.log', model_a_id=7.0, model_b_id=4.0, num_times_to_use=750, port_number=6391, qid=91, times_record='/panfs/panasas01/phys/bf16951/QMD/ParallelDevelopment/Results/Oct_01/12_46/BayesFactorsTimeRecords/BayesFactorsPairsTimes_091.txt', trueModel='xTiPPyTiPPzTiPPzTz') (5de1ac09-a52c-4927-bad6-1adb8aff444a)
00:50:52 91: Job OK (f9c35b52-9fb6-4ccb-9a09-e77a0989749f)
00:50:52 Result will never expire, clean up result key manually
00:50:52 Cleaning registries for queue: 91
00:50:52 
00:50:52 *** Listening on 91...
00:51:03 91: Job OK (b130e5eb-38b7-40be-9630-a0e263dad240)
00:51:03 Result will never expire, clean up result key manually
00:51:03 Cleaning registries for queue: 91
00:51:03 
00:51:03 *** Listening on 91...
00:51:21 91: Job OK (782db635-b4ba-4266-bdde-3ea974943d6d)
00:51:21 Result will never expire, clean up result key manually
00:51:21 
00:51:21 *** Listening on 91...
00:51:27 91: Job OK (e1947def-3325-4807-aae5-b0c6d2e4db34)
00:51:27 Result will never expire, clean up result key manually
00:51:27 Cleaning registries for queue: 91
00:51:27 
00:51:27 *** Listening on 91...
00:52:03 91: Job OK (5de1ac09-a52c-4927-bad6-1adb8aff444a)
00:52:03 Result will never expire, clean up result key manually
00:52:03 Cleaning registries for queue: 91
00:52:03 
00:52:03 *** Listening on 91...
Error 111 connecting to node44-019:6391. Connection refused.
Error 111 connecting to node44-019:6391. Connection refused.
Error 111 connecting to node44-019:6391. Connection refused.
Error 111 connecting to node44-019:6391. Connection refused.
Error 111 connecting to node44-019:6391. Connection refused.
Error 111 connecting to node44-019:6391. Connection refused.
