00:42:58 RQ worker 'rq:worker:node34-027.19189' started, version 0.8.1
00:42:58 RQ worker 'rq:worker:node34-027.19190' started, version 0.8.1
00:42:58 RQ worker 'rq:worker:node34-027.19193' started, version 0.8.1
00:42:58 RQ worker 'rq:worker:node34-027.19194' started, version 0.8.1
00:42:58 RQ worker 'rq:worker:node34-027.19191' started, version 0.8.1
00:42:58 RQ worker 'rq:worker:node34-027.19192' started, version 0.8.1
00:42:58 Cleaning registries for queue: 48
00:42:58 Cleaning registries for queue: 48
00:42:58 Cleaning registries for queue: 48
00:42:58 Cleaning registries for queue: 48
00:42:58 Cleaning registries for queue: 48
00:42:58 Cleaning registries for queue: 48
00:42:58 
00:42:58 
00:42:58 
00:42:58 *** Listening on 48...
00:42:58 
00:42:58 
00:42:58 *** Listening on 48...
00:42:58 *** Listening on 48...
00:42:58 
00:42:58 *** Listening on 48...
00:42:58 *** Listening on 48...
00:42:58 *** Listening on 48...
00:43:09 48: RemoteModelLearning.learnModelRemote('xTi', 0.0, branchID=0, growth_generator='NV_alternative_model', host_name='node34-027', log_file='/panfs/panasas01/phys/bf16951/QMD/ParallelDevelopment/Results/Oct_01/12_46/logs/NV-exp-method-sim__random--probe__QMLA_48.qmd.8794761.log', port_number=6348, qid=48, remote=True) (e6425384-2512-42de-88cc-2fc152a1c44f)
00:43:09 48: RemoteModelLearning.learnModelRemote('zTi', 2.0, branchID=0, growth_generator='NV_alternative_model', host_name='node34-027', log_file='/panfs/panasas01/phys/bf16951/QMD/ParallelDevelopment/Results/Oct_01/12_46/logs/NV-exp-method-sim__random--probe__QMLA_48.qmd.8794761.log', port_number=6348, qid=48, remote=True) (dbbcd2d8-5e19-4dfe-8fab-97d83005bc56)
00:43:09 48: RemoteModelLearning.learnModelRemote('yTi', 1.0, branchID=0, growth_generator='NV_alternative_model', host_name='node34-027', log_file='/panfs/panasas01/phys/bf16951/QMD/ParallelDevelopment/Results/Oct_01/12_46/logs/NV-exp-method-sim__random--probe__QMLA_48.qmd.8794761.log', port_number=6348, qid=48, remote=True) (c2e395cf-066f-4ba5-9b68-46cfc14da286)
01:09:25 48: Job OK (e6425384-2512-42de-88cc-2fc152a1c44f)
01:09:25 Result will never expire, clean up result key manually
01:09:25 
01:09:25 *** Listening on 48...
01:10:13 48: Job OK (c2e395cf-066f-4ba5-9b68-46cfc14da286)
01:10:13 Result will never expire, clean up result key manually
01:10:13 
01:10:13 *** Listening on 48...
01:20:23 48: Job OK (dbbcd2d8-5e19-4dfe-8fab-97d83005bc56)
01:20:23 Result will never expire, clean up result key manually
01:20:23 
01:20:23 *** Listening on 48...
01:20:24 48: RemoteBayesFactor.BayesFactorRemote(bayes_threshold=100, bf_data_folder='/panfs/panasas01/phys/bf16951/QMD/ParallelDevelopment/Results/Oct_01/12_46/BayesFactorsTimeRecords/', branchID=0, host_name='node34-027', interbranch=False, log_file='/panfs/panasas01/phys/bf16951/QMD/ParallelDevelopment/Results/Oct_01/12_46/logs/NV-exp-method-sim__random--probe__QMLA_48.qmd.8794761.log', model_a_id=0, model_b_id=1, num_times_to_use=750, port_number=6348, qid=48, times_record='/panfs/panasas01/phys/bf16951/QMD/ParallelDevelopment/Results/Oct_01/12_46/BayesFactorsTimeRecords/BayesFactorsPairsTimes_048.txt', trueModel='xTiPPyTiPPzTiPPzTz') (b3f8ed45-fbc3-496c-9c1f-6bc353d7db70)
01:20:24 48: RemoteBayesFactor.BayesFactorRemote(bayes_threshold=100, bf_data_folder='/panfs/panasas01/phys/bf16951/QMD/ParallelDevelopment/Results/Oct_01/12_46/BayesFactorsTimeRecords/', branchID=0, host_name='node34-027', interbranch=False, log_file='/panfs/panasas01/phys/bf16951/QMD/ParallelDevelopment/Results/Oct_01/12_46/logs/NV-exp-method-sim__random--probe__QMLA_48.qmd.8794761.log', model_a_id=0, model_b_id=2, num_times_to_use=750, port_number=6348, qid=48, times_record='/panfs/panasas01/phys/bf16951/QMD/ParallelDevelopment/Results/Oct_01/12_46/BayesFactorsTimeRecords/BayesFactorsPairsTimes_048.txt', trueModel='xTiPPyTiPPzTiPPzTz') (c547c510-4cf9-4def-bad3-3108083e6513)
01:20:24 48: RemoteBayesFactor.BayesFactorRemote(bayes_threshold=100, bf_data_folder='/panfs/panasas01/phys/bf16951/QMD/ParallelDevelopment/Results/Oct_01/12_46/BayesFactorsTimeRecords/', branchID=0, host_name='node34-027', interbranch=False, log_file='/panfs/panasas01/phys/bf16951/QMD/ParallelDevelopment/Results/Oct_01/12_46/logs/NV-exp-method-sim__random--probe__QMLA_48.qmd.8794761.log', model_a_id=1, model_b_id=2, num_times_to_use=750, port_number=6348, qid=48, times_record='/panfs/panasas01/phys/bf16951/QMD/ParallelDevelopment/Results/Oct_01/12_46/BayesFactorsTimeRecords/BayesFactorsPairsTimes_048.txt', trueModel='xTiPPyTiPPzTiPPzTz') (be98cc67-6cb3-4df5-9cb8-a8c38abff370)
02:15:07 48: Job OK (b3f8ed45-fbc3-496c-9c1f-6bc353d7db70)
02:15:07 Result will never expire, clean up result key manually
02:15:07 Cleaning registries for queue: 48
02:15:07 
02:15:07 *** Listening on 48...
02:24:29 48: Job OK (c547c510-4cf9-4def-bad3-3108083e6513)
02:24:29 Result will never expire, clean up result key manually
02:24:29 Cleaning registries for queue: 48
02:24:29 
02:24:29 *** Listening on 48...
02:29:28 48: Job OK (be98cc67-6cb3-4df5-9cb8-a8c38abff370)
02:29:28 Result will never expire, clean up result key manually
02:29:28 Cleaning registries for queue: 48
02:29:28 
02:29:28 *** Listening on 48...
02:29:28 48: RemoteModelLearning.learnModelRemote('xTiPPyTi', 3.0, branchID=1, growth_generator='NV_alternative_model', host_name='node34-027', log_file='/panfs/panasas01/phys/bf16951/QMD/ParallelDevelopment/Results/Oct_01/12_46/logs/NV-exp-method-sim__random--probe__QMLA_48.qmd.8794761.log', port_number=6348, qid=48, remote=True) (1910d411-8d6d-416b-aef7-0d1ddf03f469)
02:29:28 48: RemoteModelLearning.learnModelRemote('yTiPPzTi', 4.0, branchID=1, growth_generator='NV_alternative_model', host_name='node34-027', log_file='/panfs/panasas01/phys/bf16951/QMD/ParallelDevelopment/Results/Oct_01/12_46/logs/NV-exp-method-sim__random--probe__QMLA_48.qmd.8794761.log', port_number=6348, qid=48, remote=True) (a76c81af-03b1-4f7e-bce8-36bd055698bc)
02:56:45 48: Job OK (1910d411-8d6d-416b-aef7-0d1ddf03f469)
02:56:45 Result will never expire, clean up result key manually
02:56:46 
02:56:46 *** Listening on 48...
02:57:00 48: Job OK (a76c81af-03b1-4f7e-bce8-36bd055698bc)
02:57:00 Result will never expire, clean up result key manually
02:57:00 Cleaning registries for queue: 48
02:57:00 
02:57:00 *** Listening on 48...
02:57:01 48: RemoteBayesFactor.BayesFactorRemote(bayes_threshold=100, bf_data_folder='/panfs/panasas01/phys/bf16951/QMD/ParallelDevelopment/Results/Oct_01/12_46/BayesFactorsTimeRecords/', branchID=1, host_name='node34-027', interbranch=False, log_file='/panfs/panasas01/phys/bf16951/QMD/ParallelDevelopment/Results/Oct_01/12_46/logs/NV-exp-method-sim__random--probe__QMLA_48.qmd.8794761.log', model_a_id=3, model_b_id=4, num_times_to_use=750, port_number=6348, qid=48, times_record='/panfs/panasas01/phys/bf16951/QMD/ParallelDevelopment/Results/Oct_01/12_46/BayesFactorsTimeRecords/BayesFactorsPairsTimes_048.txt', trueModel='xTiPPyTiPPzTiPPzTz') (b0016606-5c88-4ffa-9f05-87b98b7bc201)
03:52:04 48: Job OK (b0016606-5c88-4ffa-9f05-87b98b7bc201)
03:52:04 Result will never expire, clean up result key manually
03:52:04 Cleaning registries for queue: 48
03:52:04 
03:52:04 *** Listening on 48...
03:52:04 48: RemoteModelLearning.learnModelRemote('xTiPPyTiPPzTi', 5.0, branchID=2, growth_generator='NV_alternative_model', host_name='node34-027', log_file='/panfs/panasas01/phys/bf16951/QMD/ParallelDevelopment/Results/Oct_01/12_46/logs/NV-exp-method-sim__random--probe__QMLA_48.qmd.8794761.log', port_number=6348, qid=48, remote=True) (86975586-f049-41c6-b7f7-69331d4f2dd4)
04:19:02 48: Job OK (86975586-f049-41c6-b7f7-69331d4f2dd4)
04:19:02 Result will never expire, clean up result key manually
04:19:02 Cleaning registries for queue: 48
04:19:02 
04:19:02 *** Listening on 48...
04:19:02 48: RemoteModelLearning.learnModelRemote('xTiPPyTiPPyTyPPzTi', 7.0, branchID=3, growth_generator='NV_alternative_model', host_name='node34-027', log_file='/panfs/panasas01/phys/bf16951/QMD/ParallelDevelopment/Results/Oct_01/12_46/logs/NV-exp-method-sim__random--probe__QMLA_48.qmd.8794761.log', port_number=6348, qid=48, remote=True) (1e568b2a-74cb-4a65-9b24-d597f93ef8d8)
04:19:02 48: RemoteModelLearning.learnModelRemote('xTiPPyTiPPzTiPPzTz', 8.0, branchID=3, growth_generator='NV_alternative_model', host_name='node34-027', log_file='/panfs/panasas01/phys/bf16951/QMD/ParallelDevelopment/Results/Oct_01/12_46/logs/NV-exp-method-sim__random--probe__QMLA_48.qmd.8794761.log', port_number=6348, qid=48, remote=True) (c499ef53-fbf0-4593-b984-af963c93dd21)
04:19:02 48: RemoteModelLearning.learnModelRemote('xTiPPxTxPPyTiPPzTi', 6.0, branchID=3, growth_generator='NV_alternative_model', host_name='node34-027', log_file='/panfs/panasas01/phys/bf16951/QMD/ParallelDevelopment/Results/Oct_01/12_46/logs/NV-exp-method-sim__random--probe__QMLA_48.qmd.8794761.log', port_number=6348, qid=48, remote=True) (3af957ef-e261-48ac-b9ef-3c1cb960088f)
04:46:00 48: Job OK (3af957ef-e261-48ac-b9ef-3c1cb960088f)
04:46:00 Result will never expire, clean up result key manually
04:46:00 Cleaning registries for queue: 48
04:46:00 
04:46:00 *** Listening on 48...
04:46:04 48: Job OK (c499ef53-fbf0-4593-b984-af963c93dd21)
04:46:04 Result will never expire, clean up result key manually
04:46:04 Cleaning registries for queue: 48
04:46:04 
04:46:04 *** Listening on 48...
04:46:04 48: Job OK (1e568b2a-74cb-4a65-9b24-d597f93ef8d8)
04:46:04 Result will never expire, clean up result key manually
04:46:04 Cleaning registries for queue: 48
04:46:04 
04:46:04 *** Listening on 48...
04:46:05 48: RemoteBayesFactor.BayesFactorRemote(bayes_threshold=100, bf_data_folder='/panfs/panasas01/phys/bf16951/QMD/ParallelDevelopment/Results/Oct_01/12_46/BayesFactorsTimeRecords/', branchID=3, host_name='node34-027', interbranch=False, log_file='/panfs/panasas01/phys/bf16951/QMD/ParallelDevelopment/Results/Oct_01/12_46/logs/NV-exp-method-sim__random--probe__QMLA_48.qmd.8794761.log', model_a_id=6, model_b_id=7, num_times_to_use=750, port_number=6348, qid=48, times_record='/panfs/panasas01/phys/bf16951/QMD/ParallelDevelopment/Results/Oct_01/12_46/BayesFactorsTimeRecords/BayesFactorsPairsTimes_048.txt', trueModel='xTiPPyTiPPzTiPPzTz') (b4331b56-6de6-4bf4-9635-741db4e2198e)
04:46:05 48: RemoteBayesFactor.BayesFactorRemote(bayes_threshold=100, bf_data_folder='/panfs/panasas01/phys/bf16951/QMD/ParallelDevelopment/Results/Oct_01/12_46/BayesFactorsTimeRecords/', branchID=3, host_name='node34-027', interbranch=False, log_file='/panfs/panasas01/phys/bf16951/QMD/ParallelDevelopment/Results/Oct_01/12_46/logs/NV-exp-method-sim__random--probe__QMLA_48.qmd.8794761.log', model_a_id=7, model_b_id=8, num_times_to_use=750, port_number=6348, qid=48, times_record='/panfs/panasas01/phys/bf16951/QMD/ParallelDevelopment/Results/Oct_01/12_46/BayesFactorsTimeRecords/BayesFactorsPairsTimes_048.txt', trueModel='xTiPPyTiPPzTiPPzTz') (25c00b05-6f4e-49be-b1f3-26be0a767188)
04:46:05 48: RemoteBayesFactor.BayesFactorRemote(bayes_threshold=100, bf_data_folder='/panfs/panasas01/phys/bf16951/QMD/ParallelDevelopment/Results/Oct_01/12_46/BayesFactorsTimeRecords/', branchID=3, host_name='node34-027', interbranch=False, log_file='/panfs/panasas01/phys/bf16951/QMD/ParallelDevelopment/Results/Oct_01/12_46/logs/NV-exp-method-sim__random--probe__QMLA_48.qmd.8794761.log', model_a_id=6, model_b_id=8, num_times_to_use=750, port_number=6348, qid=48, times_record='/panfs/panasas01/phys/bf16951/QMD/ParallelDevelopment/Results/Oct_01/12_46/BayesFactorsTimeRecords/BayesFactorsPairsTimes_048.txt', trueModel='xTiPPyTiPPzTiPPzTz') (de0f203c-7afe-400a-868d-df36d92abf6c)
05:39:17 48: Job OK (b4331b56-6de6-4bf4-9635-741db4e2198e)
05:39:17 Result will never expire, clean up result key manually
05:39:17 Cleaning registries for queue: 48
05:39:17 
05:39:17 *** Listening on 48...
05:39:22 48: Job OK (de0f203c-7afe-400a-868d-df36d92abf6c)
05:39:22 Result will never expire, clean up result key manually
05:39:22 Cleaning registries for queue: 48
05:39:22 
05:39:22 *** Listening on 48...
05:39:26 48: Job OK (25c00b05-6f4e-49be-b1f3-26be0a767188)
05:39:26 Result will never expire, clean up result key manually
05:39:26 Cleaning registries for queue: 48
05:39:26 
05:39:26 *** Listening on 48...
05:39:26 48: RemoteModelLearning.learnModelRemote('xTiPPxTxPPyTiPPzTiPPzTz', 9.0, branchID=4, growth_generator='NV_alternative_model', host_name='node34-027', log_file='/panfs/panasas01/phys/bf16951/QMD/ParallelDevelopment/Results/Oct_01/12_46/logs/NV-exp-method-sim__random--probe__QMLA_48.qmd.8794761.log', port_number=6348, qid=48, remote=True) (b5a2d735-32ce-4e13-b2aa-1d973cc9b1b5)
05:39:26 48: RemoteModelLearning.learnModelRemote('xTiPPyTiPPyTyPPzTiPPzTz', 10.0, branchID=4, growth_generator='NV_alternative_model', host_name='node34-027', log_file='/panfs/panasas01/phys/bf16951/QMD/ParallelDevelopment/Results/Oct_01/12_46/logs/NV-exp-method-sim__random--probe__QMLA_48.qmd.8794761.log', port_number=6348, qid=48, remote=True) (02f42313-d376-421a-83cf-b6a49e1e1f76)
06:05:37 48: Job OK (02f42313-d376-421a-83cf-b6a49e1e1f76)
06:05:37 Result will never expire, clean up result key manually
06:05:37 Cleaning registries for queue: 48
06:05:37 
06:05:37 *** Listening on 48...
06:05:42 48: Job OK (b5a2d735-32ce-4e13-b2aa-1d973cc9b1b5)
06:05:42 Result will never expire, clean up result key manually
06:05:42 Cleaning registries for queue: 48
06:05:42 
06:05:42 *** Listening on 48...
06:05:42 48: RemoteBayesFactor.BayesFactorRemote(bayes_threshold=100, bf_data_folder='/panfs/panasas01/phys/bf16951/QMD/ParallelDevelopment/Results/Oct_01/12_46/BayesFactorsTimeRecords/', branchID=4, host_name='node34-027', interbranch=False, log_file='/panfs/panasas01/phys/bf16951/QMD/ParallelDevelopment/Results/Oct_01/12_46/logs/NV-exp-method-sim__random--probe__QMLA_48.qmd.8794761.log', model_a_id=9, model_b_id=10, num_times_to_use=750, port_number=6348, qid=48, times_record='/panfs/panasas01/phys/bf16951/QMD/ParallelDevelopment/Results/Oct_01/12_46/BayesFactorsTimeRecords/BayesFactorsPairsTimes_048.txt', trueModel='xTiPPyTiPPzTiPPzTz') (5f2f7ab5-98ea-4630-ba32-bb69f9c341b3)
06:58:09 48: Job OK (5f2f7ab5-98ea-4630-ba32-bb69f9c341b3)
06:58:09 Result will never expire, clean up result key manually
06:58:09 Cleaning registries for queue: 48
06:58:09 
06:58:09 *** Listening on 48...
06:58:09 48: RemoteModelLearning.learnModelRemote('xTiPPxTxPPyTiPPyTyPPzTiPPzTz', 11.0, branchID=5, growth_generator='NV_alternative_model', host_name='node34-027', log_file='/panfs/panasas01/phys/bf16951/QMD/ParallelDevelopment/Results/Oct_01/12_46/logs/NV-exp-method-sim__random--probe__QMLA_48.qmd.8794761.log', port_number=6348, qid=48, remote=True) (b9c2dc23-2fcb-4b5a-85b6-618f3a0775f0)
07:24:02 48: Job OK (b9c2dc23-2fcb-4b5a-85b6-618f3a0775f0)
07:24:02 Result will never expire, clean up result key manually
07:24:02 Cleaning registries for queue: 48
07:24:02 
07:24:02 *** Listening on 48...
07:24:02 48: RemoteModelLearning.learnModelRemote('xTiPPxTxPPxTyPPyTiPPyTyPPzTiPPzTz', 12.0, branchID=6, growth_generator='NV_alternative_model', host_name='node34-027', log_file='/panfs/panasas01/phys/bf16951/QMD/ParallelDevelopment/Results/Oct_01/12_46/logs/NV-exp-method-sim__random--probe__QMLA_48.qmd.8794761.log', port_number=6348, qid=48, remote=True) (3ecbef87-814a-4ee9-8da7-3dc9c6f05a1a)
07:24:02 48: RemoteModelLearning.learnModelRemote('xTiPPxTxPPyTiPPyTyPPyTzPPzTiPPzTz', 14.0, branchID=6, growth_generator='NV_alternative_model', host_name='node34-027', log_file='/panfs/panasas01/phys/bf16951/QMD/ParallelDevelopment/Results/Oct_01/12_46/logs/NV-exp-method-sim__random--probe__QMLA_48.qmd.8794761.log', port_number=6348, qid=48, remote=True) (d95281b0-c0d3-487d-841b-bbbd985a9822)
07:24:02 48: RemoteModelLearning.learnModelRemote('xTiPPxTxPPxTzPPyTiPPyTyPPzTiPPzTz', 13.0, branchID=6, growth_generator='NV_alternative_model', host_name='node34-027', log_file='/panfs/panasas01/phys/bf16951/QMD/ParallelDevelopment/Results/Oct_01/12_46/logs/NV-exp-method-sim__random--probe__QMLA_48.qmd.8794761.log', port_number=6348, qid=48, remote=True) (4d45f840-4f1d-48b4-a766-7d4aa17e5451)
07:49:52 48: Job OK (4d45f840-4f1d-48b4-a766-7d4aa17e5451)
07:49:52 Result will never expire, clean up result key manually
07:49:52 Cleaning registries for queue: 48
07:49:52 
07:49:52 *** Listening on 48...
07:50:04 48: Job OK (d95281b0-c0d3-487d-841b-bbbd985a9822)
07:50:04 Result will never expire, clean up result key manually
07:50:04 
07:50:04 *** Listening on 48...
07:50:31 48: Job OK (3ecbef87-814a-4ee9-8da7-3dc9c6f05a1a)
07:50:31 Result will never expire, clean up result key manually
07:50:31 Cleaning registries for queue: 48
07:50:31 
07:50:31 *** Listening on 48...
07:50:31 48: RemoteBayesFactor.BayesFactorRemote(bayes_threshold=100, bf_data_folder='/panfs/panasas01/phys/bf16951/QMD/ParallelDevelopment/Results/Oct_01/12_46/BayesFactorsTimeRecords/', branchID=6, host_name='node34-027', interbranch=False, log_file='/panfs/panasas01/phys/bf16951/QMD/ParallelDevelopment/Results/Oct_01/12_46/logs/NV-exp-method-sim__random--probe__QMLA_48.qmd.8794761.log', model_a_id=12, model_b_id=13, num_times_to_use=750, port_number=6348, qid=48, times_record='/panfs/panasas01/phys/bf16951/QMD/ParallelDevelopment/Results/Oct_01/12_46/BayesFactorsTimeRecords/BayesFactorsPairsTimes_048.txt', trueModel='xTiPPyTiPPzTiPPzTz') (8960f0d2-feab-4f2f-a004-79d93678e41c)
07:50:31 48: RemoteBayesFactor.BayesFactorRemote(bayes_threshold=100, bf_data_folder='/panfs/panasas01/phys/bf16951/QMD/ParallelDevelopment/Results/Oct_01/12_46/BayesFactorsTimeRecords/', branchID=6, host_name='node34-027', interbranch=False, log_file='/panfs/panasas01/phys/bf16951/QMD/ParallelDevelopment/Results/Oct_01/12_46/logs/NV-exp-method-sim__random--probe__QMLA_48.qmd.8794761.log', model_a_id=13, model_b_id=14, num_times_to_use=750, port_number=6348, qid=48, times_record='/panfs/panasas01/phys/bf16951/QMD/ParallelDevelopment/Results/Oct_01/12_46/BayesFactorsTimeRecords/BayesFactorsPairsTimes_048.txt', trueModel='xTiPPyTiPPzTiPPzTz') (40299e4b-344e-408c-87bf-640797f7f7e8)
07:50:31 48: RemoteBayesFactor.BayesFactorRemote(bayes_threshold=100, bf_data_folder='/panfs/panasas01/phys/bf16951/QMD/ParallelDevelopment/Results/Oct_01/12_46/BayesFactorsTimeRecords/', branchID=6, host_name='node34-027', interbranch=False, log_file='/panfs/panasas01/phys/bf16951/QMD/ParallelDevelopment/Results/Oct_01/12_46/logs/NV-exp-method-sim__random--probe__QMLA_48.qmd.8794761.log', model_a_id=12, model_b_id=14, num_times_to_use=750, port_number=6348, qid=48, times_record='/panfs/panasas01/phys/bf16951/QMD/ParallelDevelopment/Results/Oct_01/12_46/BayesFactorsTimeRecords/BayesFactorsPairsTimes_048.txt', trueModel='xTiPPyTiPPzTiPPzTz') (036c3c1e-46d2-41b4-ac29-64bbb6aa80d9)
08:42:25 48: Job OK (40299e4b-344e-408c-87bf-640797f7f7e8)
08:42:25 Result will never expire, clean up result key manually
08:42:25 Cleaning registries for queue: 48
08:42:25 
08:42:25 *** Listening on 48...
08:42:49 48: Job OK (8960f0d2-feab-4f2f-a004-79d93678e41c)
08:42:49 Result will never expire, clean up result key manually
08:42:49 Cleaning registries for queue: 48
08:42:49 
08:42:49 *** Listening on 48...
08:43:29 48: Job OK (036c3c1e-46d2-41b4-ac29-64bbb6aa80d9)
08:43:29 Result will never expire, clean up result key manually
08:43:29 Cleaning registries for queue: 48
08:43:29 
08:43:29 *** Listening on 48...
08:43:29 48: RemoteModelLearning.learnModelRemote('xTiPPxTxPPxTyPPxTzPPyTiPPyTyPPzTiPPzTz', 15.0, branchID=7, growth_generator='NV_alternative_model', host_name='node34-027', log_file='/panfs/panasas01/phys/bf16951/QMD/ParallelDevelopment/Results/Oct_01/12_46/logs/NV-exp-method-sim__random--probe__QMLA_48.qmd.8794761.log', port_number=6348, qid=48, remote=True) (5846021e-47e1-4e64-b3ed-19d3853cfd38)
08:43:29 48: RemoteModelLearning.learnModelRemote('xTiPPxTxPPxTzPPyTiPPyTyPPyTzPPzTiPPzTz', 16.0, branchID=7, growth_generator='NV_alternative_model', host_name='node34-027', log_file='/panfs/panasas01/phys/bf16951/QMD/ParallelDevelopment/Results/Oct_01/12_46/logs/NV-exp-method-sim__random--probe__QMLA_48.qmd.8794761.log', port_number=6348, qid=48, remote=True) (ce7add18-b743-4755-8a75-fa9e1a888a6e)
09:08:37 48: Job OK (5846021e-47e1-4e64-b3ed-19d3853cfd38)
09:08:37 Result will never expire, clean up result key manually
09:08:37 Cleaning registries for queue: 48
09:08:37 
09:08:37 *** Listening on 48...
09:09:51 48: Job OK (ce7add18-b743-4755-8a75-fa9e1a888a6e)
09:09:51 Result will never expire, clean up result key manually
09:09:51 Cleaning registries for queue: 48
09:09:51 
09:09:51 *** Listening on 48...
09:09:52 48: RemoteBayesFactor.BayesFactorRemote(bayes_threshold=100, bf_data_folder='/panfs/panasas01/phys/bf16951/QMD/ParallelDevelopment/Results/Oct_01/12_46/BayesFactorsTimeRecords/', branchID=7, host_name='node34-027', interbranch=False, log_file='/panfs/panasas01/phys/bf16951/QMD/ParallelDevelopment/Results/Oct_01/12_46/logs/NV-exp-method-sim__random--probe__QMLA_48.qmd.8794761.log', model_a_id=15, model_b_id=16, num_times_to_use=750, port_number=6348, qid=48, times_record='/panfs/panasas01/phys/bf16951/QMD/ParallelDevelopment/Results/Oct_01/12_46/BayesFactorsTimeRecords/BayesFactorsPairsTimes_048.txt', trueModel='xTiPPyTiPPzTiPPzTz') (7fb59032-0c9e-4bf0-a030-c353a9ae0069)
10:00:57 48: Job OK (7fb59032-0c9e-4bf0-a030-c353a9ae0069)
10:00:57 Result will never expire, clean up result key manually
10:00:57 Cleaning registries for queue: 48
10:00:57 
10:00:57 *** Listening on 48...
10:00:57 48: RemoteModelLearning.learnModelRemote('xTiPPxTxPPxTyPPxTzPPyTiPPyTyPPyTzPPzTiPPzTz', 17.0, branchID=8, growth_generator='NV_alternative_model', host_name='node34-027', log_file='/panfs/panasas01/phys/bf16951/QMD/ParallelDevelopment/Results/Oct_01/12_46/logs/NV-exp-method-sim__random--probe__QMLA_48.qmd.8794761.log', port_number=6348, qid=48, remote=True) (779872cc-9b4a-4168-a932-795f31a08b99)
10:25:06 48: Job OK (779872cc-9b4a-4168-a932-795f31a08b99)
10:25:06 Result will never expire, clean up result key manually
10:25:06 48: RemoteBayesFactor.BayesFactorRemote(bayes_threshold=100, bf_data_folder='/panfs/panasas01/phys/bf16951/QMD/ParallelDevelopment/Results/Oct_01/12_46/BayesFactorsTimeRecords/', branchID=None, host_name='node34-027', interbranch=True, log_file='/panfs/panasas01/phys/bf16951/QMD/ParallelDevelopment/Results/Oct_01/12_46/logs/NV-exp-method-sim__random--probe__QMLA_48.qmd.8794761.log', model_a_id=1, model_b_id=4, num_times_to_use=750, port_number=6348, qid=48, times_record='/panfs/panasas01/phys/bf16951/QMD/ParallelDevelopment/Results/Oct_01/12_46/BayesFactorsTimeRecords/BayesFactorsPairsTimes_048.txt', trueModel='xTiPPyTiPPzTiPPzTz') (75a76984-1d5d-4f8d-a1f0-5c6e9849e0b3)
10:25:06 48: RemoteBayesFactor.BayesFactorRemote(bayes_threshold=100, bf_data_folder='/panfs/panasas01/phys/bf16951/QMD/ParallelDevelopment/Results/Oct_01/12_46/BayesFactorsTimeRecords/', branchID=None, host_name='node34-027', interbranch=True, log_file='/panfs/panasas01/phys/bf16951/QMD/ParallelDevelopment/Results/Oct_01/12_46/logs/NV-exp-method-sim__random--probe__QMLA_48.qmd.8794761.log', model_a_id=4, model_b_id=5, num_times_to_use=750, port_number=6348, qid=48, times_record='/panfs/panasas01/phys/bf16951/QMD/ParallelDevelopment/Results/Oct_01/12_46/BayesFactorsTimeRecords/BayesFactorsPairsTimes_048.txt', trueModel='xTiPPyTiPPzTiPPzTz') (03a58736-800b-499e-9762-7436f4deb489)
10:25:06 48: RemoteBayesFactor.BayesFactorRemote(bayes_threshold=100, bf_data_folder='/panfs/panasas01/phys/bf16951/QMD/ParallelDevelopment/Results/Oct_01/12_46/BayesFactorsTimeRecords/', branchID=None, host_name='node34-027', interbranch=True, log_file='/panfs/panasas01/phys/bf16951/QMD/ParallelDevelopment/Results/Oct_01/12_46/logs/NV-exp-method-sim__random--probe__QMLA_48.qmd.8794761.log', model_a_id=5, model_b_id=8, num_times_to_use=750, port_number=6348, qid=48, times_record='/panfs/panasas01/phys/bf16951/QMD/ParallelDevelopment/Results/Oct_01/12_46/BayesFactorsTimeRecords/BayesFactorsPairsTimes_048.txt', trueModel='xTiPPyTiPPzTiPPzTz') (07f7973e-ca52-4a53-be1d-ab56b5c2114f)
10:25:06 48: RemoteBayesFactor.BayesFactorRemote(bayes_threshold=100, bf_data_folder='/panfs/panasas01/phys/bf16951/QMD/ParallelDevelopment/Results/Oct_01/12_46/BayesFactorsTimeRecords/', branchID=None, host_name='node34-027', interbranch=True, log_file='/panfs/panasas01/phys/bf16951/QMD/ParallelDevelopment/Results/Oct_01/12_46/logs/NV-exp-method-sim__random--probe__QMLA_48.qmd.8794761.log', model_a_id=8, model_b_id=9, num_times_to_use=750, port_number=6348, qid=48, times_record='/panfs/panasas01/phys/bf16951/QMD/ParallelDevelopment/Results/Oct_01/12_46/BayesFactorsTimeRecords/BayesFactorsPairsTimes_048.txt', trueModel='xTiPPyTiPPzTiPPzTz') (48a67e9f-9c0e-461a-9399-9297f54b4207)
10:25:06 Cleaning registries for queue: 48
10:25:06 
10:25:06 *** Listening on 48...
10:25:06 48: RemoteBayesFactor.BayesFactorRemote(bayes_threshold=100, bf_data_folder='/panfs/panasas01/phys/bf16951/QMD/ParallelDevelopment/Results/Oct_01/12_46/BayesFactorsTimeRecords/', branchID=None, host_name='node34-027', interbranch=True, log_file='/panfs/panasas01/phys/bf16951/QMD/ParallelDevelopment/Results/Oct_01/12_46/logs/NV-exp-method-sim__random--probe__QMLA_48.qmd.8794761.log', model_a_id=9, model_b_id=11, num_times_to_use=750, port_number=6348, qid=48, times_record='/panfs/panasas01/phys/bf16951/QMD/ParallelDevelopment/Results/Oct_01/12_46/BayesFactorsTimeRecords/BayesFactorsPairsTimes_048.txt', trueModel='xTiPPyTiPPzTiPPzTz') (5ef3b7d9-a2ab-4362-92ce-06af8e50a3d3)
10:25:06 48: RemoteBayesFactor.BayesFactorRemote(bayes_threshold=100, bf_data_folder='/panfs/panasas01/phys/bf16951/QMD/ParallelDevelopment/Results/Oct_01/12_46/BayesFactorsTimeRecords/', branchID=None, host_name='node34-027', interbranch=True, log_file='/panfs/panasas01/phys/bf16951/QMD/ParallelDevelopment/Results/Oct_01/12_46/logs/NV-exp-method-sim__random--probe__QMLA_48.qmd.8794761.log', model_a_id=11, model_b_id=13, num_times_to_use=750, port_number=6348, qid=48, times_record='/panfs/panasas01/phys/bf16951/QMD/ParallelDevelopment/Results/Oct_01/12_46/BayesFactorsTimeRecords/BayesFactorsPairsTimes_048.txt', trueModel='xTiPPyTiPPzTiPPzTz') (bb42354e-9fa9-4fe9-8f3b-1d154c1dd5c3)
11:15:13 48: Job OK (bb42354e-9fa9-4fe9-8f3b-1d154c1dd5c3)
11:15:13 Result will never expire, clean up result key manually
11:15:13 
11:15:13 *** Listening on 48...
11:15:13 48: RemoteBayesFactor.BayesFactorRemote(bayes_threshold=100, bf_data_folder='/panfs/panasas01/phys/bf16951/QMD/ParallelDevelopment/Results/Oct_01/12_46/BayesFactorsTimeRecords/', branchID=None, host_name='node34-027', interbranch=True, log_file='/panfs/panasas01/phys/bf16951/QMD/ParallelDevelopment/Results/Oct_01/12_46/logs/NV-exp-method-sim__random--probe__QMLA_48.qmd.8794761.log', model_a_id=13, model_b_id=15, num_times_to_use=750, port_number=6348, qid=48, times_record='/panfs/panasas01/phys/bf16951/QMD/ParallelDevelopment/Results/Oct_01/12_46/BayesFactorsTimeRecords/BayesFactorsPairsTimes_048.txt', trueModel='xTiPPyTiPPzTiPPzTz') (599499b8-3f01-426f-b5d8-71687b306353)
11:16:23 48: Job OK (5ef3b7d9-a2ab-4362-92ce-06af8e50a3d3)
11:16:23 Result will never expire, clean up result key manually
11:16:23 Cleaning registries for queue: 48
11:16:23 
11:16:23 *** Listening on 48...
11:16:23 48: RemoteBayesFactor.BayesFactorRemote(bayes_threshold=100, bf_data_folder='/panfs/panasas01/phys/bf16951/QMD/ParallelDevelopment/Results/Oct_01/12_46/BayesFactorsTimeRecords/', branchID=None, host_name='node34-027', interbranch=True, log_file='/panfs/panasas01/phys/bf16951/QMD/ParallelDevelopment/Results/Oct_01/12_46/logs/NV-exp-method-sim__random--probe__QMLA_48.qmd.8794761.log', model_a_id=15, model_b_id=17, num_times_to_use=750, port_number=6348, qid=48, times_record='/panfs/panasas01/phys/bf16951/QMD/ParallelDevelopment/Results/Oct_01/12_46/BayesFactorsTimeRecords/BayesFactorsPairsTimes_048.txt', trueModel='xTiPPyTiPPzTiPPzTz') (4e356753-c2c5-4b59-a9fd-344ec6775903)
11:16:45 48: Job OK (48a67e9f-9c0e-461a-9399-9297f54b4207)
11:16:45 Result will never expire, clean up result key manually
11:16:45 Cleaning registries for queue: 48
11:16:45 
11:16:45 *** Listening on 48...
11:16:59 48: Job OK (03a58736-800b-499e-9762-7436f4deb489)
11:16:59 Result will never expire, clean up result key manually
11:16:59 Cleaning registries for queue: 48
11:16:59 
11:16:59 *** Listening on 48...
11:17:16 48: Job OK (07f7973e-ca52-4a53-be1d-ab56b5c2114f)
11:17:16 Result will never expire, clean up result key manually
11:17:16 Cleaning registries for queue: 48
11:17:16 
11:17:16 *** Listening on 48...
11:17:21 48: Job OK (75a76984-1d5d-4f8d-a1f0-5c6e9849e0b3)
11:17:21 Result will never expire, clean up result key manually
11:17:21 Cleaning registries for queue: 48
11:17:21 
11:17:21 *** Listening on 48...
12:02:38 48: Job OK (599499b8-3f01-426f-b5d8-71687b306353)
12:02:38 Result will never expire, clean up result key manually
12:02:38 Cleaning registries for queue: 48
12:02:38 
12:02:38 *** Listening on 48...
12:03:19 48: Job OK (4e356753-c2c5-4b59-a9fd-344ec6775903)
12:03:19 Result will never expire, clean up result key manually
12:03:19 
12:03:19 *** Listening on 48...
12:03:19 48: RemoteBayesFactor.BayesFactorRemote(bayes_threshold=100, bf_data_folder='/panfs/panasas01/phys/bf16951/QMD/ParallelDevelopment/Results/Oct_01/12_46/BayesFactorsTimeRecords/', branchID=9, host_name='node34-027', interbranch=False, log_file='/panfs/panasas01/phys/bf16951/QMD/ParallelDevelopment/Results/Oct_01/12_46/logs/NV-exp-method-sim__random--probe__QMLA_48.qmd.8794761.log', model_a_id=4.0, model_b_id=13.0, num_times_to_use=750, port_number=6348, qid=48, times_record='/panfs/panasas01/phys/bf16951/QMD/ParallelDevelopment/Results/Oct_01/12_46/BayesFactorsTimeRecords/BayesFactorsPairsTimes_048.txt', trueModel='xTiPPyTiPPzTiPPzTz') (72e31f4b-2b74-4104-8c3d-d9f779bb4609)
12:03:19 48: RemoteBayesFactor.BayesFactorRemote(bayes_threshold=100, bf_data_folder='/panfs/panasas01/phys/bf16951/QMD/ParallelDevelopment/Results/Oct_01/12_46/BayesFactorsTimeRecords/', branchID=9, host_name='node34-027', interbranch=False, log_file='/panfs/panasas01/phys/bf16951/QMD/ParallelDevelopment/Results/Oct_01/12_46/logs/NV-exp-method-sim__random--probe__QMLA_48.qmd.8794761.log', model_a_id=4.0, model_b_id=15.0, num_times_to_use=750, port_number=6348, qid=48, times_record='/panfs/panasas01/phys/bf16951/QMD/ParallelDevelopment/Results/Oct_01/12_46/BayesFactorsTimeRecords/BayesFactorsPairsTimes_048.txt', trueModel='xTiPPyTiPPzTiPPzTz') (1367d0d3-d1da-4215-a86c-a28df6297934)
12:03:19 48: RemoteBayesFactor.BayesFactorRemote(bayes_threshold=100, bf_data_folder='/panfs/panasas01/phys/bf16951/QMD/ParallelDevelopment/Results/Oct_01/12_46/BayesFactorsTimeRecords/', branchID=9, host_name='node34-027', interbranch=False, log_file='/panfs/panasas01/phys/bf16951/QMD/ParallelDevelopment/Results/Oct_01/12_46/logs/NV-exp-method-sim__random--probe__QMLA_48.qmd.8794761.log', model_a_id=4.0, model_b_id=8.0, num_times_to_use=750, port_number=6348, qid=48, times_record='/panfs/panasas01/phys/bf16951/QMD/ParallelDevelopment/Results/Oct_01/12_46/BayesFactorsTimeRecords/BayesFactorsPairsTimes_048.txt', trueModel='xTiPPyTiPPzTiPPzTz') (ca2e4654-5c8e-43d4-9ce4-f009220cee2f)
12:03:19 48: RemoteBayesFactor.BayesFactorRemote(bayes_threshold=100, bf_data_folder='/panfs/panasas01/phys/bf16951/QMD/ParallelDevelopment/Results/Oct_01/12_46/BayesFactorsTimeRecords/', branchID=9, host_name='node34-027', interbranch=False, log_file='/panfs/panasas01/phys/bf16951/QMD/ParallelDevelopment/Results/Oct_01/12_46/logs/NV-exp-method-sim__random--probe__QMLA_48.qmd.8794761.log', model_a_id=13.0, model_b_id=8.0, num_times_to_use=750, port_number=6348, qid=48, times_record='/panfs/panasas01/phys/bf16951/QMD/ParallelDevelopment/Results/Oct_01/12_46/BayesFactorsTimeRecords/BayesFactorsPairsTimes_048.txt', trueModel='xTiPPyTiPPzTiPPzTz') (98a03fc8-fe43-441b-83d9-830981019b7d)
12:03:19 48: RemoteBayesFactor.BayesFactorRemote(bayes_threshold=100, bf_data_folder='/panfs/panasas01/phys/bf16951/QMD/ParallelDevelopment/Results/Oct_01/12_46/BayesFactorsTimeRecords/', branchID=9, host_name='node34-027', interbranch=False, log_file='/panfs/panasas01/phys/bf16951/QMD/ParallelDevelopment/Results/Oct_01/12_46/logs/NV-exp-method-sim__random--probe__QMLA_48.qmd.8794761.log', model_a_id=15.0, model_b_id=8.0, num_times_to_use=750, port_number=6348, qid=48, times_record='/panfs/panasas01/phys/bf16951/QMD/ParallelDevelopment/Results/Oct_01/12_46/BayesFactorsTimeRecords/BayesFactorsPairsTimes_048.txt', trueModel='xTiPPyTiPPzTiPPzTz') (7586c0cf-c49f-4d48-8263-067c7a1f765e)
12:53:28 48: Job OK (98a03fc8-fe43-441b-83d9-830981019b7d)
12:53:28 Result will never expire, clean up result key manually
12:53:28 Cleaning registries for queue: 48
12:53:28 
12:53:28 *** Listening on 48...
12:53:40 48: Job OK (72e31f4b-2b74-4104-8c3d-d9f779bb4609)
12:53:40 Result will never expire, clean up result key manually
12:53:40 Cleaning registries for queue: 48
12:53:40 
12:53:40 *** Listening on 48...
12:54:14 48: Job OK (ca2e4654-5c8e-43d4-9ce4-f009220cee2f)
12:54:14 Result will never expire, clean up result key manually
12:54:14 Cleaning registries for queue: 48
12:54:14 
12:54:14 *** Listening on 48...
12:54:40 48: Job OK (1367d0d3-d1da-4215-a86c-a28df6297934)
12:54:40 Result will never expire, clean up result key manually
12:54:40 Cleaning registries for queue: 48
12:54:40 
12:54:40 *** Listening on 48...
12:54:49 48: Job OK (7586c0cf-c49f-4d48-8263-067c7a1f765e)
12:54:49 Result will never expire, clean up result key manually
12:54:49 
12:54:49 *** Listening on 48...
Error 111 connecting to node34-027:6348. Connection refused.
Error 111 connecting to node34-027:6348. Connection refused.
Error 111 connecting to node34-027:6348. Connection refused.
Error 111 connecting to node34-027:6348. Connection refused.
Error 111 connecting to node34-027:6348. Connection refused.
Error 111 connecting to node34-027:6348. Connection refused.
