13:46:14 RQ worker 'rq:worker:node35-003.118594' started, version 0.8.1
13:46:14 Cleaning registries for queue: 13
13:46:14 
13:46:14 *** Listening on 13...
13:46:14 RQ worker 'rq:worker:node35-003.118598' started, version 0.8.1
13:46:14 RQ worker 'rq:worker:node35-003.118596' started, version 0.8.1
13:46:14 RQ worker 'rq:worker:node35-003.118597' started, version 0.8.1
13:46:14 Cleaning registries for queue: 13
13:46:14 RQ worker 'rq:worker:node35-003.118599' started, version 0.8.1
13:46:14 Cleaning registries for queue: 13
13:46:14 Cleaning registries for queue: 13
13:46:14 Cleaning registries for queue: 13
13:46:14 
13:46:14 
13:46:14 *** Listening on 13...
13:46:14 *** Listening on 13...
13:46:14 
13:46:14 *** Listening on 13...
13:46:14 
13:46:14 *** Listening on 13...
13:46:14 RQ worker 'rq:worker:node35-003.118595' started, version 0.8.1
13:46:14 Cleaning registries for queue: 13
13:46:14 
13:46:14 *** Listening on 13...
13:46:28 13: RemoteModelLearning.learnModelRemote('yTi', 1.0, branchID=0, growth_generator='NV_alternative_model', host_name='node35-003', log_file='/panfs/panasas01/phys/bf16951/QMD/ParallelDevelopment/Results/Oct_01/12_46/logs/NV-exp-method-sim__random--probe__QMLA_13.qmd.8794726.log', port_number=6313, qid=13, remote=True) (4b9785ba-9728-4c23-8570-2a7c2255c9fd)
13:46:28 13: RemoteModelLearning.learnModelRemote('xTi', 0.0, branchID=0, growth_generator='NV_alternative_model', host_name='node35-003', log_file='/panfs/panasas01/phys/bf16951/QMD/ParallelDevelopment/Results/Oct_01/12_46/logs/NV-exp-method-sim__random--probe__QMLA_13.qmd.8794726.log', port_number=6313, qid=13, remote=True) (b2623055-e576-45c6-98b7-434ee1f451ed)
13:46:28 13: RemoteModelLearning.learnModelRemote('zTi', 2.0, branchID=0, growth_generator='NV_alternative_model', host_name='node35-003', log_file='/panfs/panasas01/phys/bf16951/QMD/ParallelDevelopment/Results/Oct_01/12_46/logs/NV-exp-method-sim__random--probe__QMLA_13.qmd.8794726.log', port_number=6313, qid=13, remote=True) (46430012-2387-4a79-8541-26d267658db3)
14:12:18 13: Job OK (4b9785ba-9728-4c23-8570-2a7c2255c9fd)
14:12:18 Result will never expire, clean up result key manually
14:12:18 
14:12:18 *** Listening on 13...
14:12:29 13: Job OK (b2623055-e576-45c6-98b7-434ee1f451ed)
14:12:29 Result will never expire, clean up result key manually
14:12:29 
14:12:29 *** Listening on 13...
14:13:35 13: Job OK (46430012-2387-4a79-8541-26d267658db3)
14:13:35 Result will never expire, clean up result key manually
14:13:35 
14:13:35 *** Listening on 13...
14:13:35 13: RemoteBayesFactor.BayesFactorRemote(bayes_threshold=100, bf_data_folder='/panfs/panasas01/phys/bf16951/QMD/ParallelDevelopment/Results/Oct_01/12_46/BayesFactorsTimeRecords/', branchID=0, host_name='node35-003', interbranch=False, log_file='/panfs/panasas01/phys/bf16951/QMD/ParallelDevelopment/Results/Oct_01/12_46/logs/NV-exp-method-sim__random--probe__QMLA_13.qmd.8794726.log', model_a_id=0, model_b_id=1, num_times_to_use=750, port_number=6313, qid=13, times_record='/panfs/panasas01/phys/bf16951/QMD/ParallelDevelopment/Results/Oct_01/12_46/BayesFactorsTimeRecords/BayesFactorsPairsTimes_013.txt', trueModel='xTiPPyTiPPzTiPPzTz') (e6791f35-00c8-475d-9bf3-958ad1885b90)
14:13:35 13: RemoteBayesFactor.BayesFactorRemote(bayes_threshold=100, bf_data_folder='/panfs/panasas01/phys/bf16951/QMD/ParallelDevelopment/Results/Oct_01/12_46/BayesFactorsTimeRecords/', branchID=0, host_name='node35-003', interbranch=False, log_file='/panfs/panasas01/phys/bf16951/QMD/ParallelDevelopment/Results/Oct_01/12_46/logs/NV-exp-method-sim__random--probe__QMLA_13.qmd.8794726.log', model_a_id=0, model_b_id=2, num_times_to_use=750, port_number=6313, qid=13, times_record='/panfs/panasas01/phys/bf16951/QMD/ParallelDevelopment/Results/Oct_01/12_46/BayesFactorsTimeRecords/BayesFactorsPairsTimes_013.txt', trueModel='xTiPPyTiPPzTiPPzTz') (e8d9b571-dc80-42f7-9149-f3c3d2d988c8)
14:13:35 13: RemoteBayesFactor.BayesFactorRemote(bayes_threshold=100, bf_data_folder='/panfs/panasas01/phys/bf16951/QMD/ParallelDevelopment/Results/Oct_01/12_46/BayesFactorsTimeRecords/', branchID=0, host_name='node35-003', interbranch=False, log_file='/panfs/panasas01/phys/bf16951/QMD/ParallelDevelopment/Results/Oct_01/12_46/logs/NV-exp-method-sim__random--probe__QMLA_13.qmd.8794726.log', model_a_id=1, model_b_id=2, num_times_to_use=750, port_number=6313, qid=13, times_record='/panfs/panasas01/phys/bf16951/QMD/ParallelDevelopment/Results/Oct_01/12_46/BayesFactorsTimeRecords/BayesFactorsPairsTimes_013.txt', trueModel='xTiPPyTiPPzTiPPzTz') (1215d8a5-3615-429e-af15-869b017ed808)
15:04:07 13: Job OK (e8d9b571-dc80-42f7-9149-f3c3d2d988c8)
15:04:07 Result will never expire, clean up result key manually
15:04:07 Cleaning registries for queue: 13
15:04:07 
15:04:07 *** Listening on 13...
15:04:16 13: Job OK (1215d8a5-3615-429e-af15-869b017ed808)
15:04:16 Result will never expire, clean up result key manually
15:04:16 Cleaning registries for queue: 13
15:04:16 
15:04:16 *** Listening on 13...
15:06:11 13: Job OK (e6791f35-00c8-475d-9bf3-958ad1885b90)
15:06:11 Result will never expire, clean up result key manually
15:06:11 Cleaning registries for queue: 13
15:06:11 
15:06:11 *** Listening on 13...
15:06:11 13: RemoteModelLearning.learnModelRemote('yTiPPzTi', 3.0, branchID=1, growth_generator='NV_alternative_model', host_name='node35-003', log_file='/panfs/panasas01/phys/bf16951/QMD/ParallelDevelopment/Results/Oct_01/12_46/logs/NV-exp-method-sim__random--probe__QMLA_13.qmd.8794726.log', port_number=6313, qid=13, remote=True) (415a7f42-4305-47b1-8589-3bb55fdd9f0f)
15:06:11 13: RemoteModelLearning.learnModelRemote('xTiPPzTi', 4.0, branchID=1, growth_generator='NV_alternative_model', host_name='node35-003', log_file='/panfs/panasas01/phys/bf16951/QMD/ParallelDevelopment/Results/Oct_01/12_46/logs/NV-exp-method-sim__random--probe__QMLA_13.qmd.8794726.log', port_number=6313, qid=13, remote=True) (ae8e4eae-e36c-4a98-b4d5-ef38b30060ce)
15:31:29 13: Job OK (ae8e4eae-e36c-4a98-b4d5-ef38b30060ce)
15:31:29 Result will never expire, clean up result key manually
15:31:29 Cleaning registries for queue: 13
15:31:29 
15:31:29 *** Listening on 13...
15:32:08 13: Job OK (415a7f42-4305-47b1-8589-3bb55fdd9f0f)
15:32:08 Result will never expire, clean up result key manually
15:32:08 Cleaning registries for queue: 13
15:32:08 
15:32:08 *** Listening on 13...
15:32:09 13: RemoteBayesFactor.BayesFactorRemote(bayes_threshold=100, bf_data_folder='/panfs/panasas01/phys/bf16951/QMD/ParallelDevelopment/Results/Oct_01/12_46/BayesFactorsTimeRecords/', branchID=1, host_name='node35-003', interbranch=False, log_file='/panfs/panasas01/phys/bf16951/QMD/ParallelDevelopment/Results/Oct_01/12_46/logs/NV-exp-method-sim__random--probe__QMLA_13.qmd.8794726.log', model_a_id=3, model_b_id=4, num_times_to_use=750, port_number=6313, qid=13, times_record='/panfs/panasas01/phys/bf16951/QMD/ParallelDevelopment/Results/Oct_01/12_46/BayesFactorsTimeRecords/BayesFactorsPairsTimes_013.txt', trueModel='xTiPPyTiPPzTiPPzTz') (d089cf60-6659-4b79-9bd2-c51d9ee78a27)
16:23:16 13: Job OK (d089cf60-6659-4b79-9bd2-c51d9ee78a27)
16:23:16 Result will never expire, clean up result key manually
16:23:16 Cleaning registries for queue: 13
16:23:16 
16:23:16 *** Listening on 13...
16:23:16 13: RemoteModelLearning.learnModelRemote('xTiPPyTiPPzTi', 5.0, branchID=2, growth_generator='NV_alternative_model', host_name='node35-003', log_file='/panfs/panasas01/phys/bf16951/QMD/ParallelDevelopment/Results/Oct_01/12_46/logs/NV-exp-method-sim__random--probe__QMLA_13.qmd.8794726.log', port_number=6313, qid=13, remote=True) (37d04b7b-4244-4298-92ac-a31c8619bd62)
16:49:24 13: Job OK (37d04b7b-4244-4298-92ac-a31c8619bd62)
16:49:24 Result will never expire, clean up result key manually
16:49:24 Cleaning registries for queue: 13
16:49:24 
16:49:24 *** Listening on 13...
16:49:24 13: RemoteModelLearning.learnModelRemote('xTiPPyTiPPzTiPPzTz', 6.0, branchID=3, growth_generator='NV_alternative_model', host_name='node35-003', log_file='/panfs/panasas01/phys/bf16951/QMD/ParallelDevelopment/Results/Oct_01/12_46/logs/NV-exp-method-sim__random--probe__QMLA_13.qmd.8794726.log', port_number=6313, qid=13, remote=True) (3cb42247-9466-4ac5-a7b6-e86e62e4d0f7)
16:49:24 13: RemoteModelLearning.learnModelRemote('xTiPPyTiPPyTyPPzTi', 8.0, branchID=3, growth_generator='NV_alternative_model', host_name='node35-003', log_file='/panfs/panasas01/phys/bf16951/QMD/ParallelDevelopment/Results/Oct_01/12_46/logs/NV-exp-method-sim__random--probe__QMLA_13.qmd.8794726.log', port_number=6313, qid=13, remote=True) (df505770-cf72-495a-91b9-decd41aaf065)
16:49:24 13: RemoteModelLearning.learnModelRemote('xTiPPxTxPPyTiPPzTi', 7.0, branchID=3, growth_generator='NV_alternative_model', host_name='node35-003', log_file='/panfs/panasas01/phys/bf16951/QMD/ParallelDevelopment/Results/Oct_01/12_46/logs/NV-exp-method-sim__random--probe__QMLA_13.qmd.8794726.log', port_number=6313, qid=13, remote=True) (638fc94a-1e30-4430-bbd5-93c721f90937)
17:15:36 13: Job OK (df505770-cf72-495a-91b9-decd41aaf065)
17:15:36 Result will never expire, clean up result key manually
17:15:36 Cleaning registries for queue: 13
17:15:36 
17:15:36 *** Listening on 13...
17:15:43 13: Job OK (638fc94a-1e30-4430-bbd5-93c721f90937)
17:15:43 Result will never expire, clean up result key manually
17:15:43 Cleaning registries for queue: 13
17:15:43 
17:15:43 *** Listening on 13...
17:15:59 13: Job OK (3cb42247-9466-4ac5-a7b6-e86e62e4d0f7)
17:15:59 Result will never expire, clean up result key manually
17:15:59 Cleaning registries for queue: 13
17:15:59 
17:15:59 *** Listening on 13...
17:15:59 13: RemoteBayesFactor.BayesFactorRemote(bayes_threshold=100, bf_data_folder='/panfs/panasas01/phys/bf16951/QMD/ParallelDevelopment/Results/Oct_01/12_46/BayesFactorsTimeRecords/', branchID=3, host_name='node35-003', interbranch=False, log_file='/panfs/panasas01/phys/bf16951/QMD/ParallelDevelopment/Results/Oct_01/12_46/logs/NV-exp-method-sim__random--probe__QMLA_13.qmd.8794726.log', model_a_id=7, model_b_id=8, num_times_to_use=750, port_number=6313, qid=13, times_record='/panfs/panasas01/phys/bf16951/QMD/ParallelDevelopment/Results/Oct_01/12_46/BayesFactorsTimeRecords/BayesFactorsPairsTimes_013.txt', trueModel='xTiPPyTiPPzTiPPzTz') (41e09555-6f60-4124-b95b-4a1684ed189a)
17:15:59 13: RemoteBayesFactor.BayesFactorRemote(bayes_threshold=100, bf_data_folder='/panfs/panasas01/phys/bf16951/QMD/ParallelDevelopment/Results/Oct_01/12_46/BayesFactorsTimeRecords/', branchID=3, host_name='node35-003', interbranch=False, log_file='/panfs/panasas01/phys/bf16951/QMD/ParallelDevelopment/Results/Oct_01/12_46/logs/NV-exp-method-sim__random--probe__QMLA_13.qmd.8794726.log', model_a_id=6, model_b_id=7, num_times_to_use=750, port_number=6313, qid=13, times_record='/panfs/panasas01/phys/bf16951/QMD/ParallelDevelopment/Results/Oct_01/12_46/BayesFactorsTimeRecords/BayesFactorsPairsTimes_013.txt', trueModel='xTiPPyTiPPzTiPPzTz') (b02176ed-0ad8-4c50-870f-e079a06a3819)
17:15:59 13: RemoteBayesFactor.BayesFactorRemote(bayes_threshold=100, bf_data_folder='/panfs/panasas01/phys/bf16951/QMD/ParallelDevelopment/Results/Oct_01/12_46/BayesFactorsTimeRecords/', branchID=3, host_name='node35-003', interbranch=False, log_file='/panfs/panasas01/phys/bf16951/QMD/ParallelDevelopment/Results/Oct_01/12_46/logs/NV-exp-method-sim__random--probe__QMLA_13.qmd.8794726.log', model_a_id=6, model_b_id=8, num_times_to_use=750, port_number=6313, qid=13, times_record='/panfs/panasas01/phys/bf16951/QMD/ParallelDevelopment/Results/Oct_01/12_46/BayesFactorsTimeRecords/BayesFactorsPairsTimes_013.txt', trueModel='xTiPPyTiPPzTiPPzTz') (b6db9809-79de-4308-bcc2-e93558d4e677)
18:07:41 13: Job OK (41e09555-6f60-4124-b95b-4a1684ed189a)
18:07:41 Result will never expire, clean up result key manually
18:07:41 Cleaning registries for queue: 13
18:07:41 
18:07:41 *** Listening on 13...
18:07:53 13: Job OK (b6db9809-79de-4308-bcc2-e93558d4e677)
18:07:53 Result will never expire, clean up result key manually
18:07:53 Cleaning registries for queue: 13
18:07:53 
18:07:53 *** Listening on 13...
18:08:06 13: Job OK (b02176ed-0ad8-4c50-870f-e079a06a3819)
18:08:06 Result will never expire, clean up result key manually
18:08:06 Cleaning registries for queue: 13
18:08:06 
18:08:06 *** Listening on 13...
18:08:06 13: RemoteModelLearning.learnModelRemote('xTiPPxTxPPyTiPPzTiPPzTz', 9.0, branchID=4, growth_generator='NV_alternative_model', host_name='node35-003', log_file='/panfs/panasas01/phys/bf16951/QMD/ParallelDevelopment/Results/Oct_01/12_46/logs/NV-exp-method-sim__random--probe__QMLA_13.qmd.8794726.log', port_number=6313, qid=13, remote=True) (d0495eea-131a-4676-8174-b5196a32feaf)
18:08:06 13: RemoteModelLearning.learnModelRemote('xTiPPyTiPPyTyPPzTiPPzTz', 10.0, branchID=4, growth_generator='NV_alternative_model', host_name='node35-003', log_file='/panfs/panasas01/phys/bf16951/QMD/ParallelDevelopment/Results/Oct_01/12_46/logs/NV-exp-method-sim__random--probe__QMLA_13.qmd.8794726.log', port_number=6313, qid=13, remote=True) (79f66f89-d305-45f4-b409-b7ecd5bbd806)
18:33:22 13: Job OK (d0495eea-131a-4676-8174-b5196a32feaf)
18:33:22 Result will never expire, clean up result key manually
18:33:22 Cleaning registries for queue: 13
18:33:22 
18:33:22 *** Listening on 13...
18:33:33 13: Job OK (79f66f89-d305-45f4-b409-b7ecd5bbd806)
18:33:33 Result will never expire, clean up result key manually
18:33:33 Cleaning registries for queue: 13
18:33:33 
18:33:33 *** Listening on 13...
18:33:33 13: RemoteBayesFactor.BayesFactorRemote(bayes_threshold=100, bf_data_folder='/panfs/panasas01/phys/bf16951/QMD/ParallelDevelopment/Results/Oct_01/12_46/BayesFactorsTimeRecords/', branchID=4, host_name='node35-003', interbranch=False, log_file='/panfs/panasas01/phys/bf16951/QMD/ParallelDevelopment/Results/Oct_01/12_46/logs/NV-exp-method-sim__random--probe__QMLA_13.qmd.8794726.log', model_a_id=9, model_b_id=10, num_times_to_use=750, port_number=6313, qid=13, times_record='/panfs/panasas01/phys/bf16951/QMD/ParallelDevelopment/Results/Oct_01/12_46/BayesFactorsTimeRecords/BayesFactorsPairsTimes_013.txt', trueModel='xTiPPyTiPPzTiPPzTz') (6cfe748b-302e-4d5e-8789-1163df504c16)
19:23:40 13: Job OK (6cfe748b-302e-4d5e-8789-1163df504c16)
19:23:40 Result will never expire, clean up result key manually
19:23:40 Cleaning registries for queue: 13
19:23:40 
19:23:40 *** Listening on 13...
19:23:40 13: RemoteModelLearning.learnModelRemote('xTiPPxTxPPyTiPPyTyPPzTiPPzTz', 11.0, branchID=5, growth_generator='NV_alternative_model', host_name='node35-003', log_file='/panfs/panasas01/phys/bf16951/QMD/ParallelDevelopment/Results/Oct_01/12_46/logs/NV-exp-method-sim__random--probe__QMLA_13.qmd.8794726.log', port_number=6313, qid=13, remote=True) (7dde001e-37ab-4c8f-91fb-83833f4b3212)
19:48:53 13: Job OK (7dde001e-37ab-4c8f-91fb-83833f4b3212)
19:48:53 Result will never expire, clean up result key manually
19:48:53 Cleaning registries for queue: 13
19:48:53 
19:48:53 *** Listening on 13...
19:48:53 13: RemoteModelLearning.learnModelRemote('xTiPPxTxPPxTzPPyTiPPyTyPPzTiPPzTz', 12.0, branchID=6, growth_generator='NV_alternative_model', host_name='node35-003', log_file='/panfs/panasas01/phys/bf16951/QMD/ParallelDevelopment/Results/Oct_01/12_46/logs/NV-exp-method-sim__random--probe__QMLA_13.qmd.8794726.log', port_number=6313, qid=13, remote=True) (2df06f0c-89ef-46db-872a-d83e0f2b2f3a)
19:48:53 13: RemoteModelLearning.learnModelRemote('xTiPPxTxPPyTiPPyTyPPyTzPPzTiPPzTz', 13.0, branchID=6, growth_generator='NV_alternative_model', host_name='node35-003', log_file='/panfs/panasas01/phys/bf16951/QMD/ParallelDevelopment/Results/Oct_01/12_46/logs/NV-exp-method-sim__random--probe__QMLA_13.qmd.8794726.log', port_number=6313, qid=13, remote=True) (24ad6af3-b43f-4ffc-ae95-3746d6d4115b)
19:48:53 13: RemoteModelLearning.learnModelRemote('xTiPPxTxPPxTyPPyTiPPyTyPPzTiPPzTz', 14.0, branchID=6, growth_generator='NV_alternative_model', host_name='node35-003', log_file='/panfs/panasas01/phys/bf16951/QMD/ParallelDevelopment/Results/Oct_01/12_46/logs/NV-exp-method-sim__random--probe__QMLA_13.qmd.8794726.log', port_number=6313, qid=13, remote=True) (ccae4af1-5273-4354-862f-c7a81a028bd1)
20:14:33 13: Job OK (2df06f0c-89ef-46db-872a-d83e0f2b2f3a)
20:14:33 Result will never expire, clean up result key manually
20:14:33 Cleaning registries for queue: 13
20:14:33 
20:14:33 *** Listening on 13...
20:14:45 13: Job OK (ccae4af1-5273-4354-862f-c7a81a028bd1)
20:14:45 Result will never expire, clean up result key manually
20:14:45 Cleaning registries for queue: 13
20:14:45 
20:14:45 *** Listening on 13...
20:14:49 13: Job OK (24ad6af3-b43f-4ffc-ae95-3746d6d4115b)
20:14:49 Result will never expire, clean up result key manually
20:14:49 Cleaning registries for queue: 13
20:14:49 
20:14:49 *** Listening on 13...
20:14:50 13: RemoteBayesFactor.BayesFactorRemote(bayes_threshold=100, bf_data_folder='/panfs/panasas01/phys/bf16951/QMD/ParallelDevelopment/Results/Oct_01/12_46/BayesFactorsTimeRecords/', branchID=6, host_name='node35-003', interbranch=False, log_file='/panfs/panasas01/phys/bf16951/QMD/ParallelDevelopment/Results/Oct_01/12_46/logs/NV-exp-method-sim__random--probe__QMLA_13.qmd.8794726.log', model_a_id=13, model_b_id=14, num_times_to_use=750, port_number=6313, qid=13, times_record='/panfs/panasas01/phys/bf16951/QMD/ParallelDevelopment/Results/Oct_01/12_46/BayesFactorsTimeRecords/BayesFactorsPairsTimes_013.txt', trueModel='xTiPPyTiPPzTiPPzTz') (1a9a2778-5c43-49dd-95e8-f8a5b0770a35)
20:14:50 13: RemoteBayesFactor.BayesFactorRemote(bayes_threshold=100, bf_data_folder='/panfs/panasas01/phys/bf16951/QMD/ParallelDevelopment/Results/Oct_01/12_46/BayesFactorsTimeRecords/', branchID=6, host_name='node35-003', interbranch=False, log_file='/panfs/panasas01/phys/bf16951/QMD/ParallelDevelopment/Results/Oct_01/12_46/logs/NV-exp-method-sim__random--probe__QMLA_13.qmd.8794726.log', model_a_id=12, model_b_id=13, num_times_to_use=750, port_number=6313, qid=13, times_record='/panfs/panasas01/phys/bf16951/QMD/ParallelDevelopment/Results/Oct_01/12_46/BayesFactorsTimeRecords/BayesFactorsPairsTimes_013.txt', trueModel='xTiPPyTiPPzTiPPzTz') (efb3f6bc-0c95-41f0-99f3-acbc42e056d6)
20:14:50 13: RemoteBayesFactor.BayesFactorRemote(bayes_threshold=100, bf_data_folder='/panfs/panasas01/phys/bf16951/QMD/ParallelDevelopment/Results/Oct_01/12_46/BayesFactorsTimeRecords/', branchID=6, host_name='node35-003', interbranch=False, log_file='/panfs/panasas01/phys/bf16951/QMD/ParallelDevelopment/Results/Oct_01/12_46/logs/NV-exp-method-sim__random--probe__QMLA_13.qmd.8794726.log', model_a_id=12, model_b_id=14, num_times_to_use=750, port_number=6313, qid=13, times_record='/panfs/panasas01/phys/bf16951/QMD/ParallelDevelopment/Results/Oct_01/12_46/BayesFactorsTimeRecords/BayesFactorsPairsTimes_013.txt', trueModel='xTiPPyTiPPzTiPPzTz') (187504e8-b520-4451-b2a6-e378b218e814)
21:05:54 13: Job OK (187504e8-b520-4451-b2a6-e378b218e814)
21:05:54 Result will never expire, clean up result key manually
21:05:54 Cleaning registries for queue: 13
21:05:54 
21:05:54 *** Listening on 13...
21:06:01 13: Job OK (efb3f6bc-0c95-41f0-99f3-acbc42e056d6)
21:06:01 Result will never expire, clean up result key manually
21:06:01 Cleaning registries for queue: 13
21:06:01 
21:06:01 *** Listening on 13...
21:06:05 13: Job OK (1a9a2778-5c43-49dd-95e8-f8a5b0770a35)
21:06:05 Result will never expire, clean up result key manually
21:06:05 Cleaning registries for queue: 13
21:06:05 
21:06:05 *** Listening on 13...
21:06:05 13: RemoteModelLearning.learnModelRemote('xTiPPxTxPPxTzPPyTiPPyTyPPyTzPPzTiPPzTz', 15.0, branchID=7, growth_generator='NV_alternative_model', host_name='node35-003', log_file='/panfs/panasas01/phys/bf16951/QMD/ParallelDevelopment/Results/Oct_01/12_46/logs/NV-exp-method-sim__random--probe__QMLA_13.qmd.8794726.log', port_number=6313, qid=13, remote=True) (c3b88fcf-83a0-4ebd-ad0d-38bc015b9757)
21:06:05 13: RemoteModelLearning.learnModelRemote('xTiPPxTxPPxTyPPyTiPPyTyPPyTzPPzTiPPzTz', 16.0, branchID=7, growth_generator='NV_alternative_model', host_name='node35-003', log_file='/panfs/panasas01/phys/bf16951/QMD/ParallelDevelopment/Results/Oct_01/12_46/logs/NV-exp-method-sim__random--probe__QMLA_13.qmd.8794726.log', port_number=6313, qid=13, remote=True) (308976b6-b466-4051-a208-3a438218c1e4)
21:30:53 13: Job OK (c3b88fcf-83a0-4ebd-ad0d-38bc015b9757)
21:30:53 Result will never expire, clean up result key manually
21:30:53 Cleaning registries for queue: 13
21:30:53 
21:30:53 *** Listening on 13...
21:31:15 13: Job OK (308976b6-b466-4051-a208-3a438218c1e4)
21:31:15 Result will never expire, clean up result key manually
21:31:15 Cleaning registries for queue: 13
21:31:15 
21:31:15 *** Listening on 13...
21:31:15 13: RemoteBayesFactor.BayesFactorRemote(bayes_threshold=100, bf_data_folder='/panfs/panasas01/phys/bf16951/QMD/ParallelDevelopment/Results/Oct_01/12_46/BayesFactorsTimeRecords/', branchID=7, host_name='node35-003', interbranch=False, log_file='/panfs/panasas01/phys/bf16951/QMD/ParallelDevelopment/Results/Oct_01/12_46/logs/NV-exp-method-sim__random--probe__QMLA_13.qmd.8794726.log', model_a_id=15, model_b_id=16, num_times_to_use=750, port_number=6313, qid=13, times_record='/panfs/panasas01/phys/bf16951/QMD/ParallelDevelopment/Results/Oct_01/12_46/BayesFactorsTimeRecords/BayesFactorsPairsTimes_013.txt', trueModel='xTiPPyTiPPzTiPPzTz') (6e7d0624-950e-402e-9ca8-54d15864d4d8)
22:21:19 13: Job OK (6e7d0624-950e-402e-9ca8-54d15864d4d8)
22:21:19 Result will never expire, clean up result key manually
22:21:19 Cleaning registries for queue: 13
22:21:19 
22:21:19 *** Listening on 13...
22:21:19 13: RemoteModelLearning.learnModelRemote('xTiPPxTxPPxTyPPxTzPPyTiPPyTyPPyTzPPzTiPPzTz', 17.0, branchID=8, growth_generator='NV_alternative_model', host_name='node35-003', log_file='/panfs/panasas01/phys/bf16951/QMD/ParallelDevelopment/Results/Oct_01/12_46/logs/NV-exp-method-sim__random--probe__QMLA_13.qmd.8794726.log', port_number=6313, qid=13, remote=True) (6ccca3b6-3f03-4330-9cc7-d9ab7090108e)
22:46:47 13: Job OK (6ccca3b6-3f03-4330-9cc7-d9ab7090108e)
22:46:47 Result will never expire, clean up result key manually
22:46:47 13: RemoteBayesFactor.BayesFactorRemote(bayes_threshold=100, bf_data_folder='/panfs/panasas01/phys/bf16951/QMD/ParallelDevelopment/Results/Oct_01/12_46/BayesFactorsTimeRecords/', branchID=None, host_name='node35-003', interbranch=True, log_file='/panfs/panasas01/phys/bf16951/QMD/ParallelDevelopment/Results/Oct_01/12_46/logs/NV-exp-method-sim__random--probe__QMLA_13.qmd.8794726.log', model_a_id=2, model_b_id=3, num_times_to_use=750, port_number=6313, qid=13, times_record='/panfs/panasas01/phys/bf16951/QMD/ParallelDevelopment/Results/Oct_01/12_46/BayesFactorsTimeRecords/BayesFactorsPairsTimes_013.txt', trueModel='xTiPPyTiPPzTiPPzTz') (cd2d0ec4-ac3e-4a61-b2aa-e7c4bb3a27f0)
22:46:47 13: RemoteBayesFactor.BayesFactorRemote(bayes_threshold=100, bf_data_folder='/panfs/panasas01/phys/bf16951/QMD/ParallelDevelopment/Results/Oct_01/12_46/BayesFactorsTimeRecords/', branchID=None, host_name='node35-003', interbranch=True, log_file='/panfs/panasas01/phys/bf16951/QMD/ParallelDevelopment/Results/Oct_01/12_46/logs/NV-exp-method-sim__random--probe__QMLA_13.qmd.8794726.log', model_a_id=3, model_b_id=5, num_times_to_use=750, port_number=6313, qid=13, times_record='/panfs/panasas01/phys/bf16951/QMD/ParallelDevelopment/Results/Oct_01/12_46/BayesFactorsTimeRecords/BayesFactorsPairsTimes_013.txt', trueModel='xTiPPyTiPPzTiPPzTz') (562a0d22-4f04-4bf5-8850-94a5e4455e39)
22:46:47 13: RemoteBayesFactor.BayesFactorRemote(bayes_threshold=100, bf_data_folder='/panfs/panasas01/phys/bf16951/QMD/ParallelDevelopment/Results/Oct_01/12_46/BayesFactorsTimeRecords/', branchID=None, host_name='node35-003', interbranch=True, log_file='/panfs/panasas01/phys/bf16951/QMD/ParallelDevelopment/Results/Oct_01/12_46/logs/NV-exp-method-sim__random--probe__QMLA_13.qmd.8794726.log', model_a_id=5, model_b_id=6, num_times_to_use=750, port_number=6313, qid=13, times_record='/panfs/panasas01/phys/bf16951/QMD/ParallelDevelopment/Results/Oct_01/12_46/BayesFactorsTimeRecords/BayesFactorsPairsTimes_013.txt', trueModel='xTiPPyTiPPzTiPPzTz') (996a60f0-6b80-4b09-8957-b6b41646886b)
22:46:47 Cleaning registries for queue: 13
22:46:47 13: RemoteBayesFactor.BayesFactorRemote(bayes_threshold=100, bf_data_folder='/panfs/panasas01/phys/bf16951/QMD/ParallelDevelopment/Results/Oct_01/12_46/BayesFactorsTimeRecords/', branchID=None, host_name='node35-003', interbranch=True, log_file='/panfs/panasas01/phys/bf16951/QMD/ParallelDevelopment/Results/Oct_01/12_46/logs/NV-exp-method-sim__random--probe__QMLA_13.qmd.8794726.log', model_a_id=6, model_b_id=10, num_times_to_use=750, port_number=6313, qid=13, times_record='/panfs/panasas01/phys/bf16951/QMD/ParallelDevelopment/Results/Oct_01/12_46/BayesFactorsTimeRecords/BayesFactorsPairsTimes_013.txt', trueModel='xTiPPyTiPPzTiPPzTz') (cd0bbe1c-dbb5-4fd4-998c-accfd688d496)
22:46:47 
22:46:47 *** Listening on 13...
22:46:47 13: RemoteBayesFactor.BayesFactorRemote(bayes_threshold=100, bf_data_folder='/panfs/panasas01/phys/bf16951/QMD/ParallelDevelopment/Results/Oct_01/12_46/BayesFactorsTimeRecords/', branchID=None, host_name='node35-003', interbranch=True, log_file='/panfs/panasas01/phys/bf16951/QMD/ParallelDevelopment/Results/Oct_01/12_46/logs/NV-exp-method-sim__random--probe__QMLA_13.qmd.8794726.log', model_a_id=10, model_b_id=11, num_times_to_use=750, port_number=6313, qid=13, times_record='/panfs/panasas01/phys/bf16951/QMD/ParallelDevelopment/Results/Oct_01/12_46/BayesFactorsTimeRecords/BayesFactorsPairsTimes_013.txt', trueModel='xTiPPyTiPPzTiPPzTz') (6c1aea61-4c06-4058-9099-d7eb35477b36)
22:46:47 13: RemoteBayesFactor.BayesFactorRemote(bayes_threshold=100, bf_data_folder='/panfs/panasas01/phys/bf16951/QMD/ParallelDevelopment/Results/Oct_01/12_46/BayesFactorsTimeRecords/', branchID=None, host_name='node35-003', interbranch=True, log_file='/panfs/panasas01/phys/bf16951/QMD/ParallelDevelopment/Results/Oct_01/12_46/logs/NV-exp-method-sim__random--probe__QMLA_13.qmd.8794726.log', model_a_id=11, model_b_id=13, num_times_to_use=750, port_number=6313, qid=13, times_record='/panfs/panasas01/phys/bf16951/QMD/ParallelDevelopment/Results/Oct_01/12_46/BayesFactorsTimeRecords/BayesFactorsPairsTimes_013.txt', trueModel='xTiPPyTiPPzTiPPzTz') (c434bbea-e3ef-476e-b8f8-af75f8ddbd6d)
23:37:24 13: Job OK (c434bbea-e3ef-476e-b8f8-af75f8ddbd6d)
23:37:24 Result will never expire, clean up result key manually
23:37:24 
23:37:24 *** Listening on 13...
23:37:24 13: RemoteBayesFactor.BayesFactorRemote(bayes_threshold=100, bf_data_folder='/panfs/panasas01/phys/bf16951/QMD/ParallelDevelopment/Results/Oct_01/12_46/BayesFactorsTimeRecords/', branchID=None, host_name='node35-003', interbranch=True, log_file='/panfs/panasas01/phys/bf16951/QMD/ParallelDevelopment/Results/Oct_01/12_46/logs/NV-exp-method-sim__random--probe__QMLA_13.qmd.8794726.log', model_a_id=13, model_b_id=16, num_times_to_use=750, port_number=6313, qid=13, times_record='/panfs/panasas01/phys/bf16951/QMD/ParallelDevelopment/Results/Oct_01/12_46/BayesFactorsTimeRecords/BayesFactorsPairsTimes_013.txt', trueModel='xTiPPyTiPPzTiPPzTz') (06a01399-34fc-4ffb-b4db-e84e1edd70ce)
23:38:12 13: Job OK (cd2d0ec4-ac3e-4a61-b2aa-e7c4bb3a27f0)
23:38:12 Result will never expire, clean up result key manually
23:38:12 Cleaning registries for queue: 13
23:38:12 
23:38:12 *** Listening on 13...
23:38:12 13: RemoteBayesFactor.BayesFactorRemote(bayes_threshold=100, bf_data_folder='/panfs/panasas01/phys/bf16951/QMD/ParallelDevelopment/Results/Oct_01/12_46/BayesFactorsTimeRecords/', branchID=None, host_name='node35-003', interbranch=True, log_file='/panfs/panasas01/phys/bf16951/QMD/ParallelDevelopment/Results/Oct_01/12_46/logs/NV-exp-method-sim__random--probe__QMLA_13.qmd.8794726.log', model_a_id=16, model_b_id=17, num_times_to_use=750, port_number=6313, qid=13, times_record='/panfs/panasas01/phys/bf16951/QMD/ParallelDevelopment/Results/Oct_01/12_46/BayesFactorsTimeRecords/BayesFactorsPairsTimes_013.txt', trueModel='xTiPPyTiPPzTiPPzTz') (8e5e2e2a-c0d2-46a8-a4b3-9037a403d0da)
23:39:19 13: Job OK (cd0bbe1c-dbb5-4fd4-998c-accfd688d496)
23:39:19 Result will never expire, clean up result key manually
23:39:19 Cleaning registries for queue: 13
23:39:19 
23:39:19 *** Listening on 13...
23:40:42 13: Job OK (562a0d22-4f04-4bf5-8850-94a5e4455e39)
23:40:42 Result will never expire, clean up result key manually
23:40:42 Cleaning registries for queue: 13
23:40:42 
23:40:42 *** Listening on 13...
23:50:10 13: Job OK (6c1aea61-4c06-4058-9099-d7eb35477b36)
23:50:10 Result will never expire, clean up result key manually
23:50:10 Cleaning registries for queue: 13
23:50:10 
23:50:10 *** Listening on 13...
23:51:27 13: Job OK (996a60f0-6b80-4b09-8957-b6b41646886b)
23:51:27 Result will never expire, clean up result key manually
23:51:27 Cleaning registries for queue: 13
23:51:27 
23:51:27 *** Listening on 13...
00:27:39 13: Job OK (06a01399-34fc-4ffb-b4db-e84e1edd70ce)
00:27:39 Result will never expire, clean up result key manually
00:27:39 Cleaning registries for queue: 13
00:27:39 
00:27:39 *** Listening on 13...
00:28:44 13: Job OK (8e5e2e2a-c0d2-46a8-a4b3-9037a403d0da)
00:28:44 Result will never expire, clean up result key manually
00:28:44 
00:28:44 *** Listening on 13...
00:28:44 13: RemoteBayesFactor.BayesFactorRemote(bayes_threshold=100, bf_data_folder='/panfs/panasas01/phys/bf16951/QMD/ParallelDevelopment/Results/Oct_01/12_46/BayesFactorsTimeRecords/', branchID=9, host_name='node35-003', interbranch=False, log_file='/panfs/panasas01/phys/bf16951/QMD/ParallelDevelopment/Results/Oct_01/12_46/logs/NV-exp-method-sim__random--probe__QMLA_13.qmd.8794726.log', model_a_id=3.0, model_b_id=17.0, num_times_to_use=750, port_number=6313, qid=13, times_record='/panfs/panasas01/phys/bf16951/QMD/ParallelDevelopment/Results/Oct_01/12_46/BayesFactorsTimeRecords/BayesFactorsPairsTimes_013.txt', trueModel='xTiPPyTiPPzTiPPzTz') (0cf3e0c5-8b88-400d-9509-c4fee14c575f)
00:28:44 13: RemoteBayesFactor.BayesFactorRemote(bayes_threshold=100, bf_data_folder='/panfs/panasas01/phys/bf16951/QMD/ParallelDevelopment/Results/Oct_01/12_46/BayesFactorsTimeRecords/', branchID=9, host_name='node35-003', interbranch=False, log_file='/panfs/panasas01/phys/bf16951/QMD/ParallelDevelopment/Results/Oct_01/12_46/logs/NV-exp-method-sim__random--probe__QMLA_13.qmd.8794726.log', model_a_id=3.0, model_b_id=6.0, num_times_to_use=750, port_number=6313, qid=13, times_record='/panfs/panasas01/phys/bf16951/QMD/ParallelDevelopment/Results/Oct_01/12_46/BayesFactorsTimeRecords/BayesFactorsPairsTimes_013.txt', trueModel='xTiPPyTiPPzTiPPzTz') (f97110b1-68c0-41f0-851d-bf36a63629d1)
00:28:44 13: RemoteBayesFactor.BayesFactorRemote(bayes_threshold=100, bf_data_folder='/panfs/panasas01/phys/bf16951/QMD/ParallelDevelopment/Results/Oct_01/12_46/BayesFactorsTimeRecords/', branchID=9, host_name='node35-003', interbranch=False, log_file='/panfs/panasas01/phys/bf16951/QMD/ParallelDevelopment/Results/Oct_01/12_46/logs/NV-exp-method-sim__random--probe__QMLA_13.qmd.8794726.log', model_a_id=3.0, model_b_id=11.0, num_times_to_use=750, port_number=6313, qid=13, times_record='/panfs/panasas01/phys/bf16951/QMD/ParallelDevelopment/Results/Oct_01/12_46/BayesFactorsTimeRecords/BayesFactorsPairsTimes_013.txt', trueModel='xTiPPyTiPPzTiPPzTz') (3f23a2e8-0d3c-4ae6-a2ae-ee3683e2a4e6)
00:28:44 13: RemoteBayesFactor.BayesFactorRemote(bayes_threshold=100, bf_data_folder='/panfs/panasas01/phys/bf16951/QMD/ParallelDevelopment/Results/Oct_01/12_46/BayesFactorsTimeRecords/', branchID=9, host_name='node35-003', interbranch=False, log_file='/panfs/panasas01/phys/bf16951/QMD/ParallelDevelopment/Results/Oct_01/12_46/logs/NV-exp-method-sim__random--probe__QMLA_13.qmd.8794726.log', model_a_id=17.0, model_b_id=6.0, num_times_to_use=750, port_number=6313, qid=13, times_record='/panfs/panasas01/phys/bf16951/QMD/ParallelDevelopment/Results/Oct_01/12_46/BayesFactorsTimeRecords/BayesFactorsPairsTimes_013.txt', trueModel='xTiPPyTiPPzTiPPzTz') (2ed27119-04e6-48c7-a72e-08b5258f2668)
00:28:44 13: RemoteBayesFactor.BayesFactorRemote(bayes_threshold=100, bf_data_folder='/panfs/panasas01/phys/bf16951/QMD/ParallelDevelopment/Results/Oct_01/12_46/BayesFactorsTimeRecords/', branchID=9, host_name='node35-003', interbranch=False, log_file='/panfs/panasas01/phys/bf16951/QMD/ParallelDevelopment/Results/Oct_01/12_46/logs/NV-exp-method-sim__random--probe__QMLA_13.qmd.8794726.log', model_a_id=6.0, model_b_id=11.0, num_times_to_use=750, port_number=6313, qid=13, times_record='/panfs/panasas01/phys/bf16951/QMD/ParallelDevelopment/Results/Oct_01/12_46/BayesFactorsTimeRecords/BayesFactorsPairsTimes_013.txt', trueModel='xTiPPyTiPPzTiPPzTz') (b7accb88-269f-4286-84be-87cd3a4ce27c)
00:28:44 13: RemoteBayesFactor.BayesFactorRemote(bayes_threshold=100, bf_data_folder='/panfs/panasas01/phys/bf16951/QMD/ParallelDevelopment/Results/Oct_01/12_46/BayesFactorsTimeRecords/', branchID=9, host_name='node35-003', interbranch=False, log_file='/panfs/panasas01/phys/bf16951/QMD/ParallelDevelopment/Results/Oct_01/12_46/logs/NV-exp-method-sim__random--probe__QMLA_13.qmd.8794726.log', model_a_id=17.0, model_b_id=11.0, num_times_to_use=750, port_number=6313, qid=13, times_record='/panfs/panasas01/phys/bf16951/QMD/ParallelDevelopment/Results/Oct_01/12_46/BayesFactorsTimeRecords/BayesFactorsPairsTimes_013.txt', trueModel='xTiPPyTiPPzTiPPzTz') (ac532f64-f97c-4761-bdba-5a921bb89e80)
01:20:59 13: Job OK (ac532f64-f97c-4761-bdba-5a921bb89e80)
01:20:59 Result will never expire, clean up result key manually
01:20:59 
01:20:59 *** Listening on 13...
01:21:52 13: Job OK (b7accb88-269f-4286-84be-87cd3a4ce27c)
01:21:52 Result will never expire, clean up result key manually
01:21:52 Cleaning registries for queue: 13
01:21:52 
01:21:52 *** Listening on 13...
01:24:21 13: Job OK (2ed27119-04e6-48c7-a72e-08b5258f2668)
01:24:21 Result will never expire, clean up result key manually
01:24:21 Cleaning registries for queue: 13
01:24:21 
01:24:21 *** Listening on 13...
01:27:47 13: Job OK (f97110b1-68c0-41f0-851d-bf36a63629d1)
01:27:47 Result will never expire, clean up result key manually
01:27:47 Cleaning registries for queue: 13
01:27:47 
01:27:47 *** Listening on 13...
01:28:33 13: Job OK (0cf3e0c5-8b88-400d-9509-c4fee14c575f)
01:28:33 Result will never expire, clean up result key manually
01:28:33 Cleaning registries for queue: 13
01:28:33 
01:28:33 *** Listening on 13...
01:29:19 13: Job OK (3f23a2e8-0d3c-4ae6-a2ae-ee3683e2a4e6)
01:29:19 Result will never expire, clean up result key manually
01:29:19 Cleaning registries for queue: 13
01:29:19 
01:29:19 *** Listening on 13...
Error 111 connecting to node35-003:6313. Connection refused.
Error 111 connecting to node35-003:6313. Connection refused.
Error 111 connecting to node35-003:6313. Connection refused.
Error 111 connecting to node35-003:6313. Connection refused.
Error 111 connecting to node35-003:6313. Connection refused.
Error 111 connecting to node35-003:6313. Connection refused.
