01:46:30 RQ worker 'rq:worker:node45-023.3847' started, version 0.8.1
01:46:30 RQ worker 'rq:worker:node45-023.3849' started, version 0.8.1
01:46:30 RQ worker 'rq:worker:node45-023.3850' started, version 0.8.1
01:46:30 RQ worker 'rq:worker:node45-023.3848' started, version 0.8.1
01:46:30 RQ worker 'rq:worker:node45-023.3852' started, version 0.8.1
01:46:30 Cleaning registries for queue: 80
01:46:30 Cleaning registries for queue: 80
01:46:30 Cleaning registries for queue: 80
01:46:30 Cleaning registries for queue: 80
01:46:30 Cleaning registries for queue: 80
01:46:30 RQ worker 'rq:worker:node45-023.3851' started, version 0.8.1
01:46:30 
01:46:30 
01:46:30 
01:46:30 
01:46:30 *** Listening on 80...
01:46:30 *** Listening on 80...
01:46:30 *** Listening on 80...
01:46:30 *** Listening on 80...
01:46:30 Cleaning registries for queue: 80
01:46:30 
01:46:30 *** Listening on 80...
01:46:30 
01:46:30 *** Listening on 80...
01:46:42 80: RemoteModelLearning.learnModelRemote('xTi', 0.0, branchID=0, growth_generator='NV_alternative_model', host_name='node45-023', log_file='/panfs/panasas01/phys/bf16951/QMD/ParallelDevelopment/Results/Oct_01/12_46/logs/NV-exp-method-sim__random--probe__QMLA_80.qmd.8794793.log', port_number=6380, qid=80, remote=True) (1741a918-0f35-41fa-9abe-81cd95f123f7)
01:46:42 80: RemoteModelLearning.learnModelRemote('yTi', 1.0, branchID=0, growth_generator='NV_alternative_model', host_name='node45-023', log_file='/panfs/panasas01/phys/bf16951/QMD/ParallelDevelopment/Results/Oct_01/12_46/logs/NV-exp-method-sim__random--probe__QMLA_80.qmd.8794793.log', port_number=6380, qid=80, remote=True) (cb25392b-0f8a-4d52-bb80-6dc22822db04)
01:46:42 80: RemoteModelLearning.learnModelRemote('zTi', 2.0, branchID=0, growth_generator='NV_alternative_model', host_name='node45-023', log_file='/panfs/panasas01/phys/bf16951/QMD/ParallelDevelopment/Results/Oct_01/12_46/logs/NV-exp-method-sim__random--probe__QMLA_80.qmd.8794793.log', port_number=6380, qid=80, remote=True) (34f33253-9679-470e-b547-de237c5a2428)
02:13:21 80: Job OK (cb25392b-0f8a-4d52-bb80-6dc22822db04)
02:13:21 Result will never expire, clean up result key manually
02:13:21 
02:13:21 *** Listening on 80...
02:14:55 80: Job OK (1741a918-0f35-41fa-9abe-81cd95f123f7)
02:14:55 Result will never expire, clean up result key manually
02:14:55 
02:14:55 *** Listening on 80...
02:15:42 80: Job OK (34f33253-9679-470e-b547-de237c5a2428)
02:15:42 Result will never expire, clean up result key manually
02:15:42 
02:15:42 *** Listening on 80...
02:15:42 80: RemoteBayesFactor.BayesFactorRemote(bayes_threshold=100, bf_data_folder='/panfs/panasas01/phys/bf16951/QMD/ParallelDevelopment/Results/Oct_01/12_46/BayesFactorsTimeRecords/', branchID=0, host_name='node45-023', interbranch=False, log_file='/panfs/panasas01/phys/bf16951/QMD/ParallelDevelopment/Results/Oct_01/12_46/logs/NV-exp-method-sim__random--probe__QMLA_80.qmd.8794793.log', model_a_id=0, model_b_id=2, num_times_to_use=750, port_number=6380, qid=80, times_record='/panfs/panasas01/phys/bf16951/QMD/ParallelDevelopment/Results/Oct_01/12_46/BayesFactorsTimeRecords/BayesFactorsPairsTimes_080.txt', trueModel='xTiPPyTiPPzTiPPzTz') (17bc07d2-e813-4d73-899d-65b62dc62524)
02:15:42 80: RemoteBayesFactor.BayesFactorRemote(bayes_threshold=100, bf_data_folder='/panfs/panasas01/phys/bf16951/QMD/ParallelDevelopment/Results/Oct_01/12_46/BayesFactorsTimeRecords/', branchID=0, host_name='node45-023', interbranch=False, log_file='/panfs/panasas01/phys/bf16951/QMD/ParallelDevelopment/Results/Oct_01/12_46/logs/NV-exp-method-sim__random--probe__QMLA_80.qmd.8794793.log', model_a_id=0, model_b_id=1, num_times_to_use=750, port_number=6380, qid=80, times_record='/panfs/panasas01/phys/bf16951/QMD/ParallelDevelopment/Results/Oct_01/12_46/BayesFactorsTimeRecords/BayesFactorsPairsTimes_080.txt', trueModel='xTiPPyTiPPzTiPPzTz') (12fcea7d-c9db-46a2-b006-80d61d65244f)
02:15:42 80: RemoteBayesFactor.BayesFactorRemote(bayes_threshold=100, bf_data_folder='/panfs/panasas01/phys/bf16951/QMD/ParallelDevelopment/Results/Oct_01/12_46/BayesFactorsTimeRecords/', branchID=0, host_name='node45-023', interbranch=False, log_file='/panfs/panasas01/phys/bf16951/QMD/ParallelDevelopment/Results/Oct_01/12_46/logs/NV-exp-method-sim__random--probe__QMLA_80.qmd.8794793.log', model_a_id=1, model_b_id=2, num_times_to_use=750, port_number=6380, qid=80, times_record='/panfs/panasas01/phys/bf16951/QMD/ParallelDevelopment/Results/Oct_01/12_46/BayesFactorsTimeRecords/BayesFactorsPairsTimes_080.txt', trueModel='xTiPPyTiPPzTiPPzTz') (d8849388-842d-4a8f-a725-6bb0801a93fe)
03:11:01 80: Job OK (17bc07d2-e813-4d73-899d-65b62dc62524)
03:11:01 Result will never expire, clean up result key manually
03:11:01 Cleaning registries for queue: 80
03:11:01 
03:11:01 *** Listening on 80...
03:11:06 80: Job OK (12fcea7d-c9db-46a2-b006-80d61d65244f)
03:11:06 Result will never expire, clean up result key manually
03:11:06 Cleaning registries for queue: 80
03:11:06 
03:11:06 *** Listening on 80...
03:13:12 80: Job OK (d8849388-842d-4a8f-a725-6bb0801a93fe)
03:13:12 Result will never expire, clean up result key manually
03:13:12 Cleaning registries for queue: 80
03:13:12 
03:13:12 *** Listening on 80...
03:13:12 80: RemoteModelLearning.learnModelRemote('xTiPPyTi', 3.0, branchID=1, growth_generator='NV_alternative_model', host_name='node45-023', log_file='/panfs/panasas01/phys/bf16951/QMD/ParallelDevelopment/Results/Oct_01/12_46/logs/NV-exp-method-sim__random--probe__QMLA_80.qmd.8794793.log', port_number=6380, qid=80, remote=True) (4eff8870-0e35-4c79-9f14-c3134d346668)
03:13:12 80: RemoteModelLearning.learnModelRemote('yTiPPzTi', 4.0, branchID=1, growth_generator='NV_alternative_model', host_name='node45-023', log_file='/panfs/panasas01/phys/bf16951/QMD/ParallelDevelopment/Results/Oct_01/12_46/logs/NV-exp-method-sim__random--probe__QMLA_80.qmd.8794793.log', port_number=6380, qid=80, remote=True) (54981d40-1f93-4e04-bcb4-2fda3badf4f8)
03:40:23 80: Job OK (54981d40-1f93-4e04-bcb4-2fda3badf4f8)
03:40:23 Result will never expire, clean up result key manually
03:40:23 Cleaning registries for queue: 80
03:40:23 
03:40:23 *** Listening on 80...
03:40:41 80: Job OK (4eff8870-0e35-4c79-9f14-c3134d346668)
03:40:41 Result will never expire, clean up result key manually
03:40:41 Cleaning registries for queue: 80
03:40:41 
03:40:41 *** Listening on 80...
03:40:41 80: RemoteBayesFactor.BayesFactorRemote(bayes_threshold=100, bf_data_folder='/panfs/panasas01/phys/bf16951/QMD/ParallelDevelopment/Results/Oct_01/12_46/BayesFactorsTimeRecords/', branchID=1, host_name='node45-023', interbranch=False, log_file='/panfs/panasas01/phys/bf16951/QMD/ParallelDevelopment/Results/Oct_01/12_46/logs/NV-exp-method-sim__random--probe__QMLA_80.qmd.8794793.log', model_a_id=3, model_b_id=4, num_times_to_use=750, port_number=6380, qid=80, times_record='/panfs/panasas01/phys/bf16951/QMD/ParallelDevelopment/Results/Oct_01/12_46/BayesFactorsTimeRecords/BayesFactorsPairsTimes_080.txt', trueModel='xTiPPyTiPPzTiPPzTz') (3dedfcbe-6a75-4657-9378-6af02a70e3da)
04:35:08 80: Job OK (3dedfcbe-6a75-4657-9378-6af02a70e3da)
04:35:08 Result will never expire, clean up result key manually
04:35:08 Cleaning registries for queue: 80
04:35:08 
04:35:08 *** Listening on 80...
04:35:08 80: RemoteModelLearning.learnModelRemote('xTiPPyTiPPzTi', 5.0, branchID=2, growth_generator='NV_alternative_model', host_name='node45-023', log_file='/panfs/panasas01/phys/bf16951/QMD/ParallelDevelopment/Results/Oct_01/12_46/logs/NV-exp-method-sim__random--probe__QMLA_80.qmd.8794793.log', port_number=6380, qid=80, remote=True) (6dcb9661-ed98-410d-a2ab-497064a8d6d4)
05:02:28 80: Job OK (6dcb9661-ed98-410d-a2ab-497064a8d6d4)
05:02:28 Result will never expire, clean up result key manually
05:02:28 Cleaning registries for queue: 80
05:02:28 
05:02:28 *** Listening on 80...
05:02:28 80: RemoteModelLearning.learnModelRemote('xTiPPxTxPPyTiPPzTi', 6.0, branchID=3, growth_generator='NV_alternative_model', host_name='node45-023', log_file='/panfs/panasas01/phys/bf16951/QMD/ParallelDevelopment/Results/Oct_01/12_46/logs/NV-exp-method-sim__random--probe__QMLA_80.qmd.8794793.log', port_number=6380, qid=80, remote=True) (b7c5646b-6050-4027-887c-82112c822c96)
05:02:28 80: RemoteModelLearning.learnModelRemote('xTiPPyTiPPyTyPPzTi', 7.0, branchID=3, growth_generator='NV_alternative_model', host_name='node45-023', log_file='/panfs/panasas01/phys/bf16951/QMD/ParallelDevelopment/Results/Oct_01/12_46/logs/NV-exp-method-sim__random--probe__QMLA_80.qmd.8794793.log', port_number=6380, qid=80, remote=True) (4d47d75c-ecc4-40be-8ee5-6e2f813fcb93)
05:02:28 80: RemoteModelLearning.learnModelRemote('xTiPPyTiPPzTiPPzTz', 8.0, branchID=3, growth_generator='NV_alternative_model', host_name='node45-023', log_file='/panfs/panasas01/phys/bf16951/QMD/ParallelDevelopment/Results/Oct_01/12_46/logs/NV-exp-method-sim__random--probe__QMLA_80.qmd.8794793.log', port_number=6380, qid=80, remote=True) (dee792ae-8474-490d-b08f-a09a2f3d4ea5)
05:29:06 80: Job OK (4d47d75c-ecc4-40be-8ee5-6e2f813fcb93)
05:29:06 Result will never expire, clean up result key manually
05:29:06 Cleaning registries for queue: 80
05:29:06 
05:29:06 *** Listening on 80...
05:29:12 80: Job OK (b7c5646b-6050-4027-887c-82112c822c96)
05:29:12 Result will never expire, clean up result key manually
05:29:12 Cleaning registries for queue: 80
05:29:12 
05:29:12 *** Listening on 80...
05:29:18 80: Job OK (dee792ae-8474-490d-b08f-a09a2f3d4ea5)
05:29:18 Result will never expire, clean up result key manually
05:29:19 Cleaning registries for queue: 80
05:29:19 
05:29:19 *** Listening on 80...
05:29:19 80: RemoteBayesFactor.BayesFactorRemote(bayes_threshold=100, bf_data_folder='/panfs/panasas01/phys/bf16951/QMD/ParallelDevelopment/Results/Oct_01/12_46/BayesFactorsTimeRecords/', branchID=3, host_name='node45-023', interbranch=False, log_file='/panfs/panasas01/phys/bf16951/QMD/ParallelDevelopment/Results/Oct_01/12_46/logs/NV-exp-method-sim__random--probe__QMLA_80.qmd.8794793.log', model_a_id=7, model_b_id=8, num_times_to_use=750, port_number=6380, qid=80, times_record='/panfs/panasas01/phys/bf16951/QMD/ParallelDevelopment/Results/Oct_01/12_46/BayesFactorsTimeRecords/BayesFactorsPairsTimes_080.txt', trueModel='xTiPPyTiPPzTiPPzTz') (d289f301-1b90-47e4-b31d-181f09a2ea96)
05:29:19 80: RemoteBayesFactor.BayesFactorRemote(bayes_threshold=100, bf_data_folder='/panfs/panasas01/phys/bf16951/QMD/ParallelDevelopment/Results/Oct_01/12_46/BayesFactorsTimeRecords/', branchID=3, host_name='node45-023', interbranch=False, log_file='/panfs/panasas01/phys/bf16951/QMD/ParallelDevelopment/Results/Oct_01/12_46/logs/NV-exp-method-sim__random--probe__QMLA_80.qmd.8794793.log', model_a_id=6, model_b_id=7, num_times_to_use=750, port_number=6380, qid=80, times_record='/panfs/panasas01/phys/bf16951/QMD/ParallelDevelopment/Results/Oct_01/12_46/BayesFactorsTimeRecords/BayesFactorsPairsTimes_080.txt', trueModel='xTiPPyTiPPzTiPPzTz') (fadcce31-3d89-44b8-aa4a-5b9a57ae9c39)
05:29:19 80: RemoteBayesFactor.BayesFactorRemote(bayes_threshold=100, bf_data_folder='/panfs/panasas01/phys/bf16951/QMD/ParallelDevelopment/Results/Oct_01/12_46/BayesFactorsTimeRecords/', branchID=3, host_name='node45-023', interbranch=False, log_file='/panfs/panasas01/phys/bf16951/QMD/ParallelDevelopment/Results/Oct_01/12_46/logs/NV-exp-method-sim__random--probe__QMLA_80.qmd.8794793.log', model_a_id=6, model_b_id=8, num_times_to_use=750, port_number=6380, qid=80, times_record='/panfs/panasas01/phys/bf16951/QMD/ParallelDevelopment/Results/Oct_01/12_46/BayesFactorsTimeRecords/BayesFactorsPairsTimes_080.txt', trueModel='xTiPPyTiPPzTiPPzTz') (6238a5e7-c987-4fb0-9dee-e6e69f037255)
06:21:33 80: Job OK (6238a5e7-c987-4fb0-9dee-e6e69f037255)
06:21:33 Result will never expire, clean up result key manually
06:21:33 Cleaning registries for queue: 80
06:21:33 
06:21:33 *** Listening on 80...
06:22:41 80: Job OK (d289f301-1b90-47e4-b31d-181f09a2ea96)
06:22:41 Result will never expire, clean up result key manually
06:22:41 
06:22:41 *** Listening on 80...
06:22:45 80: Job OK (fadcce31-3d89-44b8-aa4a-5b9a57ae9c39)
06:22:45 Result will never expire, clean up result key manually
06:22:45 Cleaning registries for queue: 80
06:22:45 
06:22:45 *** Listening on 80...
06:22:45 80: RemoteModelLearning.learnModelRemote('xTiPPxTxPPyTiPPzTiPPzTz', 9.0, branchID=4, growth_generator='NV_alternative_model', host_name='node45-023', log_file='/panfs/panasas01/phys/bf16951/QMD/ParallelDevelopment/Results/Oct_01/12_46/logs/NV-exp-method-sim__random--probe__QMLA_80.qmd.8794793.log', port_number=6380, qid=80, remote=True) (c27dfe27-cf52-46f2-88d3-b16264ac3813)
06:22:45 80: RemoteModelLearning.learnModelRemote('xTiPPyTiPPyTyPPzTiPPzTz', 10.0, branchID=4, growth_generator='NV_alternative_model', host_name='node45-023', log_file='/panfs/panasas01/phys/bf16951/QMD/ParallelDevelopment/Results/Oct_01/12_46/logs/NV-exp-method-sim__random--probe__QMLA_80.qmd.8794793.log', port_number=6380, qid=80, remote=True) (7a96f46f-df71-4021-8f09-a7c83fe3121e)
06:49:01 80: Job OK (c27dfe27-cf52-46f2-88d3-b16264ac3813)
06:49:01 Result will never expire, clean up result key manually
06:49:02 Cleaning registries for queue: 80
06:49:02 
06:49:02 *** Listening on 80...
06:49:27 80: Job OK (7a96f46f-df71-4021-8f09-a7c83fe3121e)
06:49:27 Result will never expire, clean up result key manually
06:49:27 Cleaning registries for queue: 80
06:49:27 
06:49:27 *** Listening on 80...
06:49:27 80: RemoteBayesFactor.BayesFactorRemote(bayes_threshold=100, bf_data_folder='/panfs/panasas01/phys/bf16951/QMD/ParallelDevelopment/Results/Oct_01/12_46/BayesFactorsTimeRecords/', branchID=4, host_name='node45-023', interbranch=False, log_file='/panfs/panasas01/phys/bf16951/QMD/ParallelDevelopment/Results/Oct_01/12_46/logs/NV-exp-method-sim__random--probe__QMLA_80.qmd.8794793.log', model_a_id=9, model_b_id=10, num_times_to_use=750, port_number=6380, qid=80, times_record='/panfs/panasas01/phys/bf16951/QMD/ParallelDevelopment/Results/Oct_01/12_46/BayesFactorsTimeRecords/BayesFactorsPairsTimes_080.txt', trueModel='xTiPPyTiPPzTiPPzTz') (61a684b8-87ce-49ec-a718-b95ec0136d92)
07:41:40 80: Job OK (61a684b8-87ce-49ec-a718-b95ec0136d92)
07:41:40 Result will never expire, clean up result key manually
07:41:40 Cleaning registries for queue: 80
07:41:40 
07:41:40 *** Listening on 80...
07:41:40 80: RemoteModelLearning.learnModelRemote('xTiPPxTxPPyTiPPyTyPPzTiPPzTz', 11.0, branchID=5, growth_generator='NV_alternative_model', host_name='node45-023', log_file='/panfs/panasas01/phys/bf16951/QMD/ParallelDevelopment/Results/Oct_01/12_46/logs/NV-exp-method-sim__random--probe__QMLA_80.qmd.8794793.log', port_number=6380, qid=80, remote=True) (253d8ba3-14a3-4d9b-bcc3-41daaa7e8512)
08:07:44 80: Job OK (253d8ba3-14a3-4d9b-bcc3-41daaa7e8512)
08:07:44 Result will never expire, clean up result key manually
08:07:44 Cleaning registries for queue: 80
08:07:44 
08:07:44 *** Listening on 80...
08:07:44 80: RemoteModelLearning.learnModelRemote('xTiPPxTxPPyTiPPyTyPPyTzPPzTiPPzTz', 13.0, branchID=6, growth_generator='NV_alternative_model', host_name='node45-023', log_file='/panfs/panasas01/phys/bf16951/QMD/ParallelDevelopment/Results/Oct_01/12_46/logs/NV-exp-method-sim__random--probe__QMLA_80.qmd.8794793.log', port_number=6380, qid=80, remote=True) (9fcf820a-9e6c-4f95-92de-1cdf24f5ef78)
08:07:44 80: RemoteModelLearning.learnModelRemote('xTiPPxTxPPxTzPPyTiPPyTyPPzTiPPzTz', 12.0, branchID=6, growth_generator='NV_alternative_model', host_name='node45-023', log_file='/panfs/panasas01/phys/bf16951/QMD/ParallelDevelopment/Results/Oct_01/12_46/logs/NV-exp-method-sim__random--probe__QMLA_80.qmd.8794793.log', port_number=6380, qid=80, remote=True) (b3c84175-9a22-44ea-bada-4cad10ff5ada)
08:07:44 80: RemoteModelLearning.learnModelRemote('xTiPPxTxPPxTyPPyTiPPyTyPPzTiPPzTz', 14.0, branchID=6, growth_generator='NV_alternative_model', host_name='node45-023', log_file='/panfs/panasas01/phys/bf16951/QMD/ParallelDevelopment/Results/Oct_01/12_46/logs/NV-exp-method-sim__random--probe__QMLA_80.qmd.8794793.log', port_number=6380, qid=80, remote=True) (1982beb9-734f-405d-9c59-49131a8d11b1)
08:33:33 80: Job OK (1982beb9-734f-405d-9c59-49131a8d11b1)
08:33:33 Result will never expire, clean up result key manually
08:33:33 Cleaning registries for queue: 80
08:33:33 
08:33:33 *** Listening on 80...
08:34:05 80: Job OK (9fcf820a-9e6c-4f95-92de-1cdf24f5ef78)
08:34:05 Result will never expire, clean up result key manually
08:34:05 Cleaning registries for queue: 80
08:34:05 
08:34:05 *** Listening on 80...
08:34:24 80: Job OK (b3c84175-9a22-44ea-bada-4cad10ff5ada)
08:34:24 Result will never expire, clean up result key manually
08:34:24 Cleaning registries for queue: 80
08:34:24 
08:34:24 *** Listening on 80...
08:34:24 80: RemoteBayesFactor.BayesFactorRemote(bayes_threshold=100, bf_data_folder='/panfs/panasas01/phys/bf16951/QMD/ParallelDevelopment/Results/Oct_01/12_46/BayesFactorsTimeRecords/', branchID=6, host_name='node45-023', interbranch=False, log_file='/panfs/panasas01/phys/bf16951/QMD/ParallelDevelopment/Results/Oct_01/12_46/logs/NV-exp-method-sim__random--probe__QMLA_80.qmd.8794793.log', model_a_id=13, model_b_id=14, num_times_to_use=750, port_number=6380, qid=80, times_record='/panfs/panasas01/phys/bf16951/QMD/ParallelDevelopment/Results/Oct_01/12_46/BayesFactorsTimeRecords/BayesFactorsPairsTimes_080.txt', trueModel='xTiPPyTiPPzTiPPzTz') (d8fa32f0-5986-492b-9b4e-d05acac89908)
08:34:24 80: RemoteBayesFactor.BayesFactorRemote(bayes_threshold=100, bf_data_folder='/panfs/panasas01/phys/bf16951/QMD/ParallelDevelopment/Results/Oct_01/12_46/BayesFactorsTimeRecords/', branchID=6, host_name='node45-023', interbranch=False, log_file='/panfs/panasas01/phys/bf16951/QMD/ParallelDevelopment/Results/Oct_01/12_46/logs/NV-exp-method-sim__random--probe__QMLA_80.qmd.8794793.log', model_a_id=12, model_b_id=13, num_times_to_use=750, port_number=6380, qid=80, times_record='/panfs/panasas01/phys/bf16951/QMD/ParallelDevelopment/Results/Oct_01/12_46/BayesFactorsTimeRecords/BayesFactorsPairsTimes_080.txt', trueModel='xTiPPyTiPPzTiPPzTz') (6f63b51a-c70f-4c3c-b299-6465950c2918)
08:34:24 80: RemoteBayesFactor.BayesFactorRemote(bayes_threshold=100, bf_data_folder='/panfs/panasas01/phys/bf16951/QMD/ParallelDevelopment/Results/Oct_01/12_46/BayesFactorsTimeRecords/', branchID=6, host_name='node45-023', interbranch=False, log_file='/panfs/panasas01/phys/bf16951/QMD/ParallelDevelopment/Results/Oct_01/12_46/logs/NV-exp-method-sim__random--probe__QMLA_80.qmd.8794793.log', model_a_id=12, model_b_id=14, num_times_to_use=750, port_number=6380, qid=80, times_record='/panfs/panasas01/phys/bf16951/QMD/ParallelDevelopment/Results/Oct_01/12_46/BayesFactorsTimeRecords/BayesFactorsPairsTimes_080.txt', trueModel='xTiPPyTiPPzTiPPzTz') (e2f2e0ff-1ffb-4e75-8fc8-a6d6053c1aa4)
09:25:46 80: Job OK (d8fa32f0-5986-492b-9b4e-d05acac89908)
09:25:46 Result will never expire, clean up result key manually
09:25:46 Cleaning registries for queue: 80
09:25:46 
09:25:46 *** Listening on 80...
09:26:09 80: Job OK (6f63b51a-c70f-4c3c-b299-6465950c2918)
09:26:09 Result will never expire, clean up result key manually
09:26:09 Cleaning registries for queue: 80
09:26:09 
09:26:09 *** Listening on 80...
09:27:05 80: Job OK (e2f2e0ff-1ffb-4e75-8fc8-a6d6053c1aa4)
09:27:05 Result will never expire, clean up result key manually
09:27:05 Cleaning registries for queue: 80
09:27:05 
09:27:05 *** Listening on 80...
09:27:06 80: RemoteModelLearning.learnModelRemote('xTiPPxTxPPxTzPPyTiPPyTyPPyTzPPzTiPPzTz', 15.0, branchID=7, growth_generator='NV_alternative_model', host_name='node45-023', log_file='/panfs/panasas01/phys/bf16951/QMD/ParallelDevelopment/Results/Oct_01/12_46/logs/NV-exp-method-sim__random--probe__QMLA_80.qmd.8794793.log', port_number=6380, qid=80, remote=True) (3b169886-1e3b-410f-abd0-1cba0e8b742a)
09:27:06 80: RemoteModelLearning.learnModelRemote('xTiPPxTxPPxTyPPyTiPPyTyPPyTzPPzTiPPzTz', 16.0, branchID=7, growth_generator='NV_alternative_model', host_name='node45-023', log_file='/panfs/panasas01/phys/bf16951/QMD/ParallelDevelopment/Results/Oct_01/12_46/logs/NV-exp-method-sim__random--probe__QMLA_80.qmd.8794793.log', port_number=6380, qid=80, remote=True) (00e79278-a95e-48f3-a260-947038b1406a)
09:53:03 80: Job OK (3b169886-1e3b-410f-abd0-1cba0e8b742a)
09:53:03 Result will never expire, clean up result key manually
09:53:03 Cleaning registries for queue: 80
09:53:03 
09:53:03 *** Listening on 80...
09:53:06 80: Job OK (00e79278-a95e-48f3-a260-947038b1406a)
09:53:06 Result will never expire, clean up result key manually
09:53:06 Cleaning registries for queue: 80
09:53:06 
09:53:06 *** Listening on 80...
09:53:07 80: RemoteBayesFactor.BayesFactorRemote(bayes_threshold=100, bf_data_folder='/panfs/panasas01/phys/bf16951/QMD/ParallelDevelopment/Results/Oct_01/12_46/BayesFactorsTimeRecords/', branchID=7, host_name='node45-023', interbranch=False, log_file='/panfs/panasas01/phys/bf16951/QMD/ParallelDevelopment/Results/Oct_01/12_46/logs/NV-exp-method-sim__random--probe__QMLA_80.qmd.8794793.log', model_a_id=15, model_b_id=16, num_times_to_use=750, port_number=6380, qid=80, times_record='/panfs/panasas01/phys/bf16951/QMD/ParallelDevelopment/Results/Oct_01/12_46/BayesFactorsTimeRecords/BayesFactorsPairsTimes_080.txt', trueModel='xTiPPyTiPPzTiPPzTz') (8b679fa1-4b13-413d-9f38-6b94b802a689)
10:43:17 80: Job OK (8b679fa1-4b13-413d-9f38-6b94b802a689)
10:43:17 Result will never expire, clean up result key manually
10:43:17 Cleaning registries for queue: 80
10:43:17 
10:43:17 *** Listening on 80...
10:43:17 80: RemoteModelLearning.learnModelRemote('xTiPPxTxPPxTyPPxTzPPyTiPPyTyPPyTzPPzTiPPzTz', 17.0, branchID=8, growth_generator='NV_alternative_model', host_name='node45-023', log_file='/panfs/panasas01/phys/bf16951/QMD/ParallelDevelopment/Results/Oct_01/12_46/logs/NV-exp-method-sim__random--probe__QMLA_80.qmd.8794793.log', port_number=6380, qid=80, remote=True) (b1ee907b-ba0b-4c7b-ad9a-ff66e7c5498d)
11:07:29 80: Job OK (b1ee907b-ba0b-4c7b-ad9a-ff66e7c5498d)
11:07:29 Result will never expire, clean up result key manually
11:07:29 80: RemoteBayesFactor.BayesFactorRemote(bayes_threshold=100, bf_data_folder='/panfs/panasas01/phys/bf16951/QMD/ParallelDevelopment/Results/Oct_01/12_46/BayesFactorsTimeRecords/', branchID=None, host_name='node45-023', interbranch=True, log_file='/panfs/panasas01/phys/bf16951/QMD/ParallelDevelopment/Results/Oct_01/12_46/logs/NV-exp-method-sim__random--probe__QMLA_80.qmd.8794793.log', model_a_id=1, model_b_id=4, num_times_to_use=750, port_number=6380, qid=80, times_record='/panfs/panasas01/phys/bf16951/QMD/ParallelDevelopment/Results/Oct_01/12_46/BayesFactorsTimeRecords/BayesFactorsPairsTimes_080.txt', trueModel='xTiPPyTiPPzTiPPzTz') (288f3187-381c-4ec8-a9b1-226100814413)
11:07:29 80: RemoteBayesFactor.BayesFactorRemote(bayes_threshold=100, bf_data_folder='/panfs/panasas01/phys/bf16951/QMD/ParallelDevelopment/Results/Oct_01/12_46/BayesFactorsTimeRecords/', branchID=None, host_name='node45-023', interbranch=True, log_file='/panfs/panasas01/phys/bf16951/QMD/ParallelDevelopment/Results/Oct_01/12_46/logs/NV-exp-method-sim__random--probe__QMLA_80.qmd.8794793.log', model_a_id=4, model_b_id=5, num_times_to_use=750, port_number=6380, qid=80, times_record='/panfs/panasas01/phys/bf16951/QMD/ParallelDevelopment/Results/Oct_01/12_46/BayesFactorsTimeRecords/BayesFactorsPairsTimes_080.txt', trueModel='xTiPPyTiPPzTiPPzTz') (8e469470-176d-4844-9f88-9c94be928f3a)
11:07:29 80: RemoteBayesFactor.BayesFactorRemote(bayes_threshold=100, bf_data_folder='/panfs/panasas01/phys/bf16951/QMD/ParallelDevelopment/Results/Oct_01/12_46/BayesFactorsTimeRecords/', branchID=None, host_name='node45-023', interbranch=True, log_file='/panfs/panasas01/phys/bf16951/QMD/ParallelDevelopment/Results/Oct_01/12_46/logs/NV-exp-method-sim__random--probe__QMLA_80.qmd.8794793.log', model_a_id=8, model_b_id=9, num_times_to_use=750, port_number=6380, qid=80, times_record='/panfs/panasas01/phys/bf16951/QMD/ParallelDevelopment/Results/Oct_01/12_46/BayesFactorsTimeRecords/BayesFactorsPairsTimes_080.txt', trueModel='xTiPPyTiPPzTiPPzTz') (2d02f90c-d9b5-48f0-a5aa-fced3d277ca6)
11:07:29 80: RemoteBayesFactor.BayesFactorRemote(bayes_threshold=100, bf_data_folder='/panfs/panasas01/phys/bf16951/QMD/ParallelDevelopment/Results/Oct_01/12_46/BayesFactorsTimeRecords/', branchID=None, host_name='node45-023', interbranch=True, log_file='/panfs/panasas01/phys/bf16951/QMD/ParallelDevelopment/Results/Oct_01/12_46/logs/NV-exp-method-sim__random--probe__QMLA_80.qmd.8794793.log', model_a_id=9, model_b_id=11, num_times_to_use=750, port_number=6380, qid=80, times_record='/panfs/panasas01/phys/bf16951/QMD/ParallelDevelopment/Results/Oct_01/12_46/BayesFactorsTimeRecords/BayesFactorsPairsTimes_080.txt', trueModel='xTiPPyTiPPzTiPPzTz') (81d17f8e-8445-4bb5-a2a6-e014188bb071)
11:07:29 Cleaning registries for queue: 80
11:07:29 
11:07:29 *** Listening on 80...
11:07:29 80: RemoteBayesFactor.BayesFactorRemote(bayes_threshold=100, bf_data_folder='/panfs/panasas01/phys/bf16951/QMD/ParallelDevelopment/Results/Oct_01/12_46/BayesFactorsTimeRecords/', branchID=None, host_name='node45-023', interbranch=True, log_file='/panfs/panasas01/phys/bf16951/QMD/ParallelDevelopment/Results/Oct_01/12_46/logs/NV-exp-method-sim__random--probe__QMLA_80.qmd.8794793.log', model_a_id=5, model_b_id=8, num_times_to_use=750, port_number=6380, qid=80, times_record='/panfs/panasas01/phys/bf16951/QMD/ParallelDevelopment/Results/Oct_01/12_46/BayesFactorsTimeRecords/BayesFactorsPairsTimes_080.txt', trueModel='xTiPPyTiPPzTiPPzTz') (c552f6fe-aa27-441f-ae45-85e5df5ab424)
11:07:29 80: RemoteBayesFactor.BayesFactorRemote(bayes_threshold=100, bf_data_folder='/panfs/panasas01/phys/bf16951/QMD/ParallelDevelopment/Results/Oct_01/12_46/BayesFactorsTimeRecords/', branchID=None, host_name='node45-023', interbranch=True, log_file='/panfs/panasas01/phys/bf16951/QMD/ParallelDevelopment/Results/Oct_01/12_46/logs/NV-exp-method-sim__random--probe__QMLA_80.qmd.8794793.log', model_a_id=11, model_b_id=13, num_times_to_use=750, port_number=6380, qid=80, times_record='/panfs/panasas01/phys/bf16951/QMD/ParallelDevelopment/Results/Oct_01/12_46/BayesFactorsTimeRecords/BayesFactorsPairsTimes_080.txt', trueModel='xTiPPyTiPPzTiPPzTz') (1e32feb0-d035-4716-b0e4-42b9de297e33)
11:56:42 80: Job OK (1e32feb0-d035-4716-b0e4-42b9de297e33)
11:56:42 Result will never expire, clean up result key manually
11:56:42 
11:56:42 *** Listening on 80...
11:56:42 80: RemoteBayesFactor.BayesFactorRemote(bayes_threshold=100, bf_data_folder='/panfs/panasas01/phys/bf16951/QMD/ParallelDevelopment/Results/Oct_01/12_46/BayesFactorsTimeRecords/', branchID=None, host_name='node45-023', interbranch=True, log_file='/panfs/panasas01/phys/bf16951/QMD/ParallelDevelopment/Results/Oct_01/12_46/logs/NV-exp-method-sim__random--probe__QMLA_80.qmd.8794793.log', model_a_id=13, model_b_id=15, num_times_to_use=750, port_number=6380, qid=80, times_record='/panfs/panasas01/phys/bf16951/QMD/ParallelDevelopment/Results/Oct_01/12_46/BayesFactorsTimeRecords/BayesFactorsPairsTimes_080.txt', trueModel='xTiPPyTiPPzTiPPzTz') (4e52e361-b86e-4cc7-8044-c6d511f8d8b9)
11:56:48 80: Job OK (81d17f8e-8445-4bb5-a2a6-e014188bb071)
11:56:48 Result will never expire, clean up result key manually
11:56:48 Cleaning registries for queue: 80
11:56:48 
11:56:48 *** Listening on 80...
11:56:48 80: RemoteBayesFactor.BayesFactorRemote(bayes_threshold=100, bf_data_folder='/panfs/panasas01/phys/bf16951/QMD/ParallelDevelopment/Results/Oct_01/12_46/BayesFactorsTimeRecords/', branchID=None, host_name='node45-023', interbranch=True, log_file='/panfs/panasas01/phys/bf16951/QMD/ParallelDevelopment/Results/Oct_01/12_46/logs/NV-exp-method-sim__random--probe__QMLA_80.qmd.8794793.log', model_a_id=15, model_b_id=17, num_times_to_use=750, port_number=6380, qid=80, times_record='/panfs/panasas01/phys/bf16951/QMD/ParallelDevelopment/Results/Oct_01/12_46/BayesFactorsTimeRecords/BayesFactorsPairsTimes_080.txt', trueModel='xTiPPyTiPPzTiPPzTz') (a7700b8f-de28-4697-8c84-4cecb02f0910)
11:57:31 80: Job OK (2d02f90c-d9b5-48f0-a5aa-fced3d277ca6)
11:57:31 Result will never expire, clean up result key manually
11:57:31 Cleaning registries for queue: 80
11:57:31 
11:57:31 *** Listening on 80...
11:58:18 80: Job OK (8e469470-176d-4844-9f88-9c94be928f3a)
11:58:18 Result will never expire, clean up result key manually
11:58:18 Cleaning registries for queue: 80
11:58:18 
11:58:18 *** Listening on 80...
11:58:35 80: Job OK (288f3187-381c-4ec8-a9b1-226100814413)
11:58:35 Result will never expire, clean up result key manually
11:58:35 Cleaning registries for queue: 80
11:58:35 
11:58:35 *** Listening on 80...
11:58:51 80: Job OK (c552f6fe-aa27-441f-ae45-85e5df5ab424)
11:58:51 Result will never expire, clean up result key manually
11:58:51 Cleaning registries for queue: 80
11:58:51 
11:58:51 *** Listening on 80...
12:43:29 80: Job OK (a7700b8f-de28-4697-8c84-4cecb02f0910)
12:43:29 Result will never expire, clean up result key manually
12:43:29 
12:43:29 *** Listening on 80...
12:44:54 80: Job OK (4e52e361-b86e-4cc7-8044-c6d511f8d8b9)
12:44:54 Result will never expire, clean up result key manually
12:44:54 Cleaning registries for queue: 80
12:44:54 
12:44:54 *** Listening on 80...
12:44:54 80: RemoteBayesFactor.BayesFactorRemote(bayes_threshold=100, bf_data_folder='/panfs/panasas01/phys/bf16951/QMD/ParallelDevelopment/Results/Oct_01/12_46/BayesFactorsTimeRecords/', branchID=9, host_name='node45-023', interbranch=False, log_file='/panfs/panasas01/phys/bf16951/QMD/ParallelDevelopment/Results/Oct_01/12_46/logs/NV-exp-method-sim__random--probe__QMLA_80.qmd.8794793.log', model_a_id=17.0, model_b_id=13.0, num_times_to_use=750, port_number=6380, qid=80, times_record='/panfs/panasas01/phys/bf16951/QMD/ParallelDevelopment/Results/Oct_01/12_46/BayesFactorsTimeRecords/BayesFactorsPairsTimes_080.txt', trueModel='xTiPPyTiPPzTiPPzTz') (783c196c-8291-4589-99ee-c4c2e59d4b28)
12:44:54 80: RemoteBayesFactor.BayesFactorRemote(bayes_threshold=100, bf_data_folder='/panfs/panasas01/phys/bf16951/QMD/ParallelDevelopment/Results/Oct_01/12_46/BayesFactorsTimeRecords/', branchID=9, host_name='node45-023', interbranch=False, log_file='/panfs/panasas01/phys/bf16951/QMD/ParallelDevelopment/Results/Oct_01/12_46/logs/NV-exp-method-sim__random--probe__QMLA_80.qmd.8794793.log', model_a_id=17.0, model_b_id=8.0, num_times_to_use=750, port_number=6380, qid=80, times_record='/panfs/panasas01/phys/bf16951/QMD/ParallelDevelopment/Results/Oct_01/12_46/BayesFactorsTimeRecords/BayesFactorsPairsTimes_080.txt', trueModel='xTiPPyTiPPzTiPPzTz') (c4f10313-ccd3-4395-837d-3cae0ab729f4)
12:44:54 80: RemoteBayesFactor.BayesFactorRemote(bayes_threshold=100, bf_data_folder='/panfs/panasas01/phys/bf16951/QMD/ParallelDevelopment/Results/Oct_01/12_46/BayesFactorsTimeRecords/', branchID=9, host_name='node45-023', interbranch=False, log_file='/panfs/panasas01/phys/bf16951/QMD/ParallelDevelopment/Results/Oct_01/12_46/logs/NV-exp-method-sim__random--probe__QMLA_80.qmd.8794793.log', model_a_id=13.0, model_b_id=8.0, num_times_to_use=750, port_number=6380, qid=80, times_record='/panfs/panasas01/phys/bf16951/QMD/ParallelDevelopment/Results/Oct_01/12_46/BayesFactorsTimeRecords/BayesFactorsPairsTimes_080.txt', trueModel='xTiPPyTiPPzTiPPzTz') (f28d02fb-ad1d-402e-b01d-cdf34674b433)
13:35:20 80: Job OK (783c196c-8291-4589-99ee-c4c2e59d4b28)
13:35:20 Result will never expire, clean up result key manually
13:35:20 Cleaning registries for queue: 80
13:35:20 
13:35:20 *** Listening on 80...
13:36:50 80: Job OK (f28d02fb-ad1d-402e-b01d-cdf34674b433)
13:36:50 Result will never expire, clean up result key manually
13:36:50 Cleaning registries for queue: 80
13:36:50 
13:36:50 *** Listening on 80...
13:36:54 80: Job OK (c4f10313-ccd3-4395-837d-3cae0ab729f4)
13:36:54 Result will never expire, clean up result key manually
13:36:54 Cleaning registries for queue: 80
13:36:54 
13:36:54 *** Listening on 80...
Error 111 connecting to node45-023:6380. Connection refused.
Error 111 connecting to node45-023:6380. Connection refused.
Error 111 connecting to node45-023:6380. Connection refused.
Error 111 connecting to node45-023:6380. Connection refused.
Error 111 connecting to node45-023:6380. Connection refused.
Error 111 connecting to node45-023:6380. Connection refused.
