00:47:21 RQ worker 'rq:worker:node35-012.110976' started, version 0.8.1
00:47:21 RQ worker 'rq:worker:node35-012.110977' started, version 0.8.1
00:47:21 RQ worker 'rq:worker:node35-012.110978' started, version 0.8.1
00:47:21 RQ worker 'rq:worker:node35-012.110979' started, version 0.8.1
00:47:21 RQ worker 'rq:worker:node35-012.110980' started, version 0.8.1
00:47:21 Cleaning registries for queue: 50
00:47:21 Cleaning registries for queue: 50
00:47:21 Cleaning registries for queue: 50
00:47:21 Cleaning registries for queue: 50
00:47:21 Cleaning registries for queue: 50
00:47:21 
00:47:21 
00:47:21 
00:47:21 
00:47:21 
00:47:21 *** Listening on 50...
00:47:21 *** Listening on 50...
00:47:21 *** Listening on 50...
00:47:21 *** Listening on 50...
00:47:21 *** Listening on 50...
00:47:21 RQ worker 'rq:worker:node35-012.110975' started, version 0.8.1
00:47:21 Cleaning registries for queue: 50
00:47:21 
00:47:21 *** Listening on 50...
00:47:32 50: RemoteModelLearning.learnModelRemote('xTi', 0.0, branchID=0, growth_generator='NV_alternative_model', host_name='node35-012', log_file='/panfs/panasas01/phys/bf16951/QMD/ParallelDevelopment/Results/Oct_01/12_46/logs/NV-exp-method-sim__random--probe__QMLA_50.qmd.8794763.log', port_number=6350, qid=50, remote=True) (d6faeacb-8cbf-4434-a56a-f07e4396aa2d)
00:47:32 50: RemoteModelLearning.learnModelRemote('yTi', 1.0, branchID=0, growth_generator='NV_alternative_model', host_name='node35-012', log_file='/panfs/panasas01/phys/bf16951/QMD/ParallelDevelopment/Results/Oct_01/12_46/logs/NV-exp-method-sim__random--probe__QMLA_50.qmd.8794763.log', port_number=6350, qid=50, remote=True) (b39749fb-541c-492d-94e1-816d38329bdc)
00:47:32 50: RemoteModelLearning.learnModelRemote('zTi', 2.0, branchID=0, growth_generator='NV_alternative_model', host_name='node35-012', log_file='/panfs/panasas01/phys/bf16951/QMD/ParallelDevelopment/Results/Oct_01/12_46/logs/NV-exp-method-sim__random--probe__QMLA_50.qmd.8794763.log', port_number=6350, qid=50, remote=True) (2e922920-096a-4d37-9640-840644613e43)
01:14:17 50: Job OK (d6faeacb-8cbf-4434-a56a-f07e4396aa2d)
01:14:17 Result will never expire, clean up result key manually
01:14:17 
01:14:17 *** Listening on 50...
01:14:24 50: Job OK (b39749fb-541c-492d-94e1-816d38329bdc)
01:14:24 Result will never expire, clean up result key manually
01:14:24 
01:14:24 *** Listening on 50...
01:15:23 50: Job OK (2e922920-096a-4d37-9640-840644613e43)
01:15:23 Result will never expire, clean up result key manually
01:15:23 
01:15:23 *** Listening on 50...
01:15:23 50: RemoteBayesFactor.BayesFactorRemote(bayes_threshold=100, bf_data_folder='/panfs/panasas01/phys/bf16951/QMD/ParallelDevelopment/Results/Oct_01/12_46/BayesFactorsTimeRecords/', branchID=0, host_name='node35-012', interbranch=False, log_file='/panfs/panasas01/phys/bf16951/QMD/ParallelDevelopment/Results/Oct_01/12_46/logs/NV-exp-method-sim__random--probe__QMLA_50.qmd.8794763.log', model_a_id=0, model_b_id=1, num_times_to_use=750, port_number=6350, qid=50, times_record='/panfs/panasas01/phys/bf16951/QMD/ParallelDevelopment/Results/Oct_01/12_46/BayesFactorsTimeRecords/BayesFactorsPairsTimes_050.txt', trueModel='xTiPPyTiPPzTiPPzTz') (c51b04e2-17d0-45ff-8640-b2faa6aaab18)
01:15:23 50: RemoteBayesFactor.BayesFactorRemote(bayes_threshold=100, bf_data_folder='/panfs/panasas01/phys/bf16951/QMD/ParallelDevelopment/Results/Oct_01/12_46/BayesFactorsTimeRecords/', branchID=0, host_name='node35-012', interbranch=False, log_file='/panfs/panasas01/phys/bf16951/QMD/ParallelDevelopment/Results/Oct_01/12_46/logs/NV-exp-method-sim__random--probe__QMLA_50.qmd.8794763.log', model_a_id=0, model_b_id=2, num_times_to_use=750, port_number=6350, qid=50, times_record='/panfs/panasas01/phys/bf16951/QMD/ParallelDevelopment/Results/Oct_01/12_46/BayesFactorsTimeRecords/BayesFactorsPairsTimes_050.txt', trueModel='xTiPPyTiPPzTiPPzTz') (768c71f7-6f9d-402f-8769-00e6774b521e)
01:15:23 50: RemoteBayesFactor.BayesFactorRemote(bayes_threshold=100, bf_data_folder='/panfs/panasas01/phys/bf16951/QMD/ParallelDevelopment/Results/Oct_01/12_46/BayesFactorsTimeRecords/', branchID=0, host_name='node35-012', interbranch=False, log_file='/panfs/panasas01/phys/bf16951/QMD/ParallelDevelopment/Results/Oct_01/12_46/logs/NV-exp-method-sim__random--probe__QMLA_50.qmd.8794763.log', model_a_id=1, model_b_id=2, num_times_to_use=750, port_number=6350, qid=50, times_record='/panfs/panasas01/phys/bf16951/QMD/ParallelDevelopment/Results/Oct_01/12_46/BayesFactorsTimeRecords/BayesFactorsPairsTimes_050.txt', trueModel='xTiPPyTiPPzTiPPzTz') (30ad57e8-3223-417d-99ad-e9410f92e12a)
02:07:53 50: Job OK (768c71f7-6f9d-402f-8769-00e6774b521e)
02:07:53 Result will never expire, clean up result key manually
02:07:53 Cleaning registries for queue: 50
02:07:53 
02:07:53 *** Listening on 50...
02:08:42 50: Job OK (30ad57e8-3223-417d-99ad-e9410f92e12a)
02:08:42 Result will never expire, clean up result key manually
02:08:42 Cleaning registries for queue: 50
02:08:42 
02:08:42 *** Listening on 50...
02:09:21 50: Job OK (c51b04e2-17d0-45ff-8640-b2faa6aaab18)
02:09:21 Result will never expire, clean up result key manually
02:09:21 Cleaning registries for queue: 50
02:09:21 
02:09:21 *** Listening on 50...
02:09:21 50: RemoteModelLearning.learnModelRemote('yTiPPzTi', 3.0, branchID=1, growth_generator='NV_alternative_model', host_name='node35-012', log_file='/panfs/panasas01/phys/bf16951/QMD/ParallelDevelopment/Results/Oct_01/12_46/logs/NV-exp-method-sim__random--probe__QMLA_50.qmd.8794763.log', port_number=6350, qid=50, remote=True) (dadc73c5-a1eb-428d-b4d3-5cff0f8301d7)
02:09:21 50: RemoteModelLearning.learnModelRemote('xTiPPyTi', 4.0, branchID=1, growth_generator='NV_alternative_model', host_name='node35-012', log_file='/panfs/panasas01/phys/bf16951/QMD/ParallelDevelopment/Results/Oct_01/12_46/logs/NV-exp-method-sim__random--probe__QMLA_50.qmd.8794763.log', port_number=6350, qid=50, remote=True) (5d0101ed-d74f-47d8-8c8d-19e810b0df82)
02:36:06 50: Job OK (5d0101ed-d74f-47d8-8c8d-19e810b0df82)
02:36:06 Result will never expire, clean up result key manually
02:36:06 
02:36:06 *** Listening on 50...
02:36:26 50: Job OK (dadc73c5-a1eb-428d-b4d3-5cff0f8301d7)
02:36:26 Result will never expire, clean up result key manually
02:36:26 Cleaning registries for queue: 50
02:36:26 
02:36:26 *** Listening on 50...
02:36:26 50: RemoteBayesFactor.BayesFactorRemote(bayes_threshold=100, bf_data_folder='/panfs/panasas01/phys/bf16951/QMD/ParallelDevelopment/Results/Oct_01/12_46/BayesFactorsTimeRecords/', branchID=1, host_name='node35-012', interbranch=False, log_file='/panfs/panasas01/phys/bf16951/QMD/ParallelDevelopment/Results/Oct_01/12_46/logs/NV-exp-method-sim__random--probe__QMLA_50.qmd.8794763.log', model_a_id=3, model_b_id=4, num_times_to_use=750, port_number=6350, qid=50, times_record='/panfs/panasas01/phys/bf16951/QMD/ParallelDevelopment/Results/Oct_01/12_46/BayesFactorsTimeRecords/BayesFactorsPairsTimes_050.txt', trueModel='xTiPPyTiPPzTiPPzTz') (e9a19e9f-bd10-4802-bfe9-a8464e713121)
03:29:29 50: Job OK (e9a19e9f-bd10-4802-bfe9-a8464e713121)
03:29:29 Result will never expire, clean up result key manually
03:29:29 Cleaning registries for queue: 50
03:29:29 
03:29:29 *** Listening on 50...
03:29:29 50: RemoteModelLearning.learnModelRemote('xTiPPyTiPPzTi', 5.0, branchID=2, growth_generator='NV_alternative_model', host_name='node35-012', log_file='/panfs/panasas01/phys/bf16951/QMD/ParallelDevelopment/Results/Oct_01/12_46/logs/NV-exp-method-sim__random--probe__QMLA_50.qmd.8794763.log', port_number=6350, qid=50, remote=True) (032630ca-37a3-427d-b9eb-ef6c3f1a25e7)
03:55:49 50: Job OK (032630ca-37a3-427d-b9eb-ef6c3f1a25e7)
03:55:49 Result will never expire, clean up result key manually
03:55:49 Cleaning registries for queue: 50
03:55:49 
03:55:49 *** Listening on 50...
03:55:49 50: RemoteModelLearning.learnModelRemote('xTiPPxTxPPyTiPPzTi', 6.0, branchID=3, growth_generator='NV_alternative_model', host_name='node35-012', log_file='/panfs/panasas01/phys/bf16951/QMD/ParallelDevelopment/Results/Oct_01/12_46/logs/NV-exp-method-sim__random--probe__QMLA_50.qmd.8794763.log', port_number=6350, qid=50, remote=True) (39028d61-02c1-45be-a5c1-5cebb4fda035)
03:55:49 50: RemoteModelLearning.learnModelRemote('xTiPPyTiPPyTyPPzTi', 7.0, branchID=3, growth_generator='NV_alternative_model', host_name='node35-012', log_file='/panfs/panasas01/phys/bf16951/QMD/ParallelDevelopment/Results/Oct_01/12_46/logs/NV-exp-method-sim__random--probe__QMLA_50.qmd.8794763.log', port_number=6350, qid=50, remote=True) (824fa2bb-a04d-4cba-89af-5f28acc774e6)
03:55:49 50: RemoteModelLearning.learnModelRemote('xTiPPyTiPPzTiPPzTz', 8.0, branchID=3, growth_generator='NV_alternative_model', host_name='node35-012', log_file='/panfs/panasas01/phys/bf16951/QMD/ParallelDevelopment/Results/Oct_01/12_46/logs/NV-exp-method-sim__random--probe__QMLA_50.qmd.8794763.log', port_number=6350, qid=50, remote=True) (1aeadbc4-f59a-4221-8450-a31c430e5b1e)
04:22:07 50: Job OK (39028d61-02c1-45be-a5c1-5cebb4fda035)
04:22:07 Result will never expire, clean up result key manually
04:22:07 Cleaning registries for queue: 50
04:22:07 
04:22:07 *** Listening on 50...
04:22:39 50: Job OK (824fa2bb-a04d-4cba-89af-5f28acc774e6)
04:22:39 Result will never expire, clean up result key manually
04:22:39 Cleaning registries for queue: 50
04:22:39 
04:22:39 *** Listening on 50...
04:22:46 50: Job OK (1aeadbc4-f59a-4221-8450-a31c430e5b1e)
04:22:46 Result will never expire, clean up result key manually
04:22:46 Cleaning registries for queue: 50
04:22:46 
04:22:46 *** Listening on 50...
04:22:46 50: RemoteBayesFactor.BayesFactorRemote(bayes_threshold=100, bf_data_folder='/panfs/panasas01/phys/bf16951/QMD/ParallelDevelopment/Results/Oct_01/12_46/BayesFactorsTimeRecords/', branchID=3, host_name='node35-012', interbranch=False, log_file='/panfs/panasas01/phys/bf16951/QMD/ParallelDevelopment/Results/Oct_01/12_46/logs/NV-exp-method-sim__random--probe__QMLA_50.qmd.8794763.log', model_a_id=6, model_b_id=8, num_times_to_use=750, port_number=6350, qid=50, times_record='/panfs/panasas01/phys/bf16951/QMD/ParallelDevelopment/Results/Oct_01/12_46/BayesFactorsTimeRecords/BayesFactorsPairsTimes_050.txt', trueModel='xTiPPyTiPPzTiPPzTz') (2d1064ea-77d2-46ea-abd5-fa03c240f848)
04:22:46 50: RemoteBayesFactor.BayesFactorRemote(bayes_threshold=100, bf_data_folder='/panfs/panasas01/phys/bf16951/QMD/ParallelDevelopment/Results/Oct_01/12_46/BayesFactorsTimeRecords/', branchID=3, host_name='node35-012', interbranch=False, log_file='/panfs/panasas01/phys/bf16951/QMD/ParallelDevelopment/Results/Oct_01/12_46/logs/NV-exp-method-sim__random--probe__QMLA_50.qmd.8794763.log', model_a_id=6, model_b_id=7, num_times_to_use=750, port_number=6350, qid=50, times_record='/panfs/panasas01/phys/bf16951/QMD/ParallelDevelopment/Results/Oct_01/12_46/BayesFactorsTimeRecords/BayesFactorsPairsTimes_050.txt', trueModel='xTiPPyTiPPzTiPPzTz') (663719bc-5330-4934-8623-c3d189e24ebc)
04:22:46 50: RemoteBayesFactor.BayesFactorRemote(bayes_threshold=100, bf_data_folder='/panfs/panasas01/phys/bf16951/QMD/ParallelDevelopment/Results/Oct_01/12_46/BayesFactorsTimeRecords/', branchID=3, host_name='node35-012', interbranch=False, log_file='/panfs/panasas01/phys/bf16951/QMD/ParallelDevelopment/Results/Oct_01/12_46/logs/NV-exp-method-sim__random--probe__QMLA_50.qmd.8794763.log', model_a_id=7, model_b_id=8, num_times_to_use=750, port_number=6350, qid=50, times_record='/panfs/panasas01/phys/bf16951/QMD/ParallelDevelopment/Results/Oct_01/12_46/BayesFactorsTimeRecords/BayesFactorsPairsTimes_050.txt', trueModel='xTiPPyTiPPzTiPPzTz') (20998484-827b-470f-9c1e-2df06c4e582d)
05:15:44 50: Job OK (663719bc-5330-4934-8623-c3d189e24ebc)
05:15:44 Result will never expire, clean up result key manually
05:15:44 Cleaning registries for queue: 50
05:15:44 
05:15:44 *** Listening on 50...
05:16:12 50: Job OK (20998484-827b-470f-9c1e-2df06c4e582d)
05:16:12 Result will never expire, clean up result key manually
05:16:12 Cleaning registries for queue: 50
05:16:12 
05:16:12 *** Listening on 50...
05:16:31 50: Job OK (2d1064ea-77d2-46ea-abd5-fa03c240f848)
05:16:31 Result will never expire, clean up result key manually
05:16:31 Cleaning registries for queue: 50
05:16:31 
05:16:31 *** Listening on 50...
05:16:31 50: RemoteModelLearning.learnModelRemote('xTiPPyTiPPyTyPPzTiPPzTz', 10.0, branchID=4, growth_generator='NV_alternative_model', host_name='node35-012', log_file='/panfs/panasas01/phys/bf16951/QMD/ParallelDevelopment/Results/Oct_01/12_46/logs/NV-exp-method-sim__random--probe__QMLA_50.qmd.8794763.log', port_number=6350, qid=50, remote=True) (41a46dfd-dad7-454a-83ce-38ede3056d9a)
05:16:31 50: RemoteModelLearning.learnModelRemote('xTiPPxTxPPyTiPPzTiPPzTz', 9.0, branchID=4, growth_generator='NV_alternative_model', host_name='node35-012', log_file='/panfs/panasas01/phys/bf16951/QMD/ParallelDevelopment/Results/Oct_01/12_46/logs/NV-exp-method-sim__random--probe__QMLA_50.qmd.8794763.log', port_number=6350, qid=50, remote=True) (57b65d93-2fa3-448f-b3fe-3b7e15b2fd2d)
05:42:36 50: Job OK (57b65d93-2fa3-448f-b3fe-3b7e15b2fd2d)
05:42:36 Result will never expire, clean up result key manually
05:42:36 Cleaning registries for queue: 50
05:42:36 
05:42:36 *** Listening on 50...
05:42:43 50: Job OK (41a46dfd-dad7-454a-83ce-38ede3056d9a)
05:42:43 Result will never expire, clean up result key manually
05:42:43 Cleaning registries for queue: 50
05:42:43 
05:42:43 *** Listening on 50...
05:42:44 50: RemoteBayesFactor.BayesFactorRemote(bayes_threshold=100, bf_data_folder='/panfs/panasas01/phys/bf16951/QMD/ParallelDevelopment/Results/Oct_01/12_46/BayesFactorsTimeRecords/', branchID=4, host_name='node35-012', interbranch=False, log_file='/panfs/panasas01/phys/bf16951/QMD/ParallelDevelopment/Results/Oct_01/12_46/logs/NV-exp-method-sim__random--probe__QMLA_50.qmd.8794763.log', model_a_id=9, model_b_id=10, num_times_to_use=750, port_number=6350, qid=50, times_record='/panfs/panasas01/phys/bf16951/QMD/ParallelDevelopment/Results/Oct_01/12_46/BayesFactorsTimeRecords/BayesFactorsPairsTimes_050.txt', trueModel='xTiPPyTiPPzTiPPzTz') (8753687a-d6c4-4ef3-ade5-5ed1ca5e7a97)
06:34:34 50: Job OK (8753687a-d6c4-4ef3-ade5-5ed1ca5e7a97)
06:34:34 Result will never expire, clean up result key manually
06:34:34 Cleaning registries for queue: 50
06:34:34 
06:34:34 *** Listening on 50...
06:34:34 50: RemoteModelLearning.learnModelRemote('xTiPPxTxPPyTiPPyTyPPzTiPPzTz', 11.0, branchID=5, growth_generator='NV_alternative_model', host_name='node35-012', log_file='/panfs/panasas01/phys/bf16951/QMD/ParallelDevelopment/Results/Oct_01/12_46/logs/NV-exp-method-sim__random--probe__QMLA_50.qmd.8794763.log', port_number=6350, qid=50, remote=True) (5e72fed6-66fd-4b61-be22-6f0cc8b44828)
06:59:58 50: Job OK (5e72fed6-66fd-4b61-be22-6f0cc8b44828)
06:59:58 Result will never expire, clean up result key manually
06:59:58 Cleaning registries for queue: 50
06:59:58 
06:59:58 *** Listening on 50...
06:59:58 50: RemoteModelLearning.learnModelRemote('xTiPPxTxPPyTiPPyTyPPyTzPPzTiPPzTz', 12.0, branchID=6, growth_generator='NV_alternative_model', host_name='node35-012', log_file='/panfs/panasas01/phys/bf16951/QMD/ParallelDevelopment/Results/Oct_01/12_46/logs/NV-exp-method-sim__random--probe__QMLA_50.qmd.8794763.log', port_number=6350, qid=50, remote=True) (9e1af961-f2db-40a7-ad23-d1c716d748fe)
06:59:58 50: RemoteModelLearning.learnModelRemote('xTiPPxTxPPxTyPPyTiPPyTyPPzTiPPzTz', 13.0, branchID=6, growth_generator='NV_alternative_model', host_name='node35-012', log_file='/panfs/panasas01/phys/bf16951/QMD/ParallelDevelopment/Results/Oct_01/12_46/logs/NV-exp-method-sim__random--probe__QMLA_50.qmd.8794763.log', port_number=6350, qid=50, remote=True) (a29f2ffe-ee3e-4aab-ac86-4a7183609e7e)
06:59:58 50: RemoteModelLearning.learnModelRemote('xTiPPxTxPPxTzPPyTiPPyTyPPzTiPPzTz', 14.0, branchID=6, growth_generator='NV_alternative_model', host_name='node35-012', log_file='/panfs/panasas01/phys/bf16951/QMD/ParallelDevelopment/Results/Oct_01/12_46/logs/NV-exp-method-sim__random--probe__QMLA_50.qmd.8794763.log', port_number=6350, qid=50, remote=True) (7ed2b903-2d4e-47c5-b6e4-7fcd2394297d)
07:26:00 50: Job OK (a29f2ffe-ee3e-4aab-ac86-4a7183609e7e)
07:26:00 Result will never expire, clean up result key manually
07:26:00 Cleaning registries for queue: 50
07:26:00 
07:26:00 *** Listening on 50...
07:26:07 50: Job OK (7ed2b903-2d4e-47c5-b6e4-7fcd2394297d)
07:26:07 Result will never expire, clean up result key manually
07:26:07 Cleaning registries for queue: 50
07:26:07 
07:26:07 *** Listening on 50...
07:26:14 50: Job OK (9e1af961-f2db-40a7-ad23-d1c716d748fe)
07:26:14 Result will never expire, clean up result key manually
07:26:14 Cleaning registries for queue: 50
07:26:14 
07:26:14 *** Listening on 50...
07:26:14 50: RemoteBayesFactor.BayesFactorRemote(bayes_threshold=100, bf_data_folder='/panfs/panasas01/phys/bf16951/QMD/ParallelDevelopment/Results/Oct_01/12_46/BayesFactorsTimeRecords/', branchID=6, host_name='node35-012', interbranch=False, log_file='/panfs/panasas01/phys/bf16951/QMD/ParallelDevelopment/Results/Oct_01/12_46/logs/NV-exp-method-sim__random--probe__QMLA_50.qmd.8794763.log', model_a_id=12, model_b_id=13, num_times_to_use=750, port_number=6350, qid=50, times_record='/panfs/panasas01/phys/bf16951/QMD/ParallelDevelopment/Results/Oct_01/12_46/BayesFactorsTimeRecords/BayesFactorsPairsTimes_050.txt', trueModel='xTiPPyTiPPzTiPPzTz') (486c3982-c431-4808-b54c-2d84ed676f04)
07:26:14 50: RemoteBayesFactor.BayesFactorRemote(bayes_threshold=100, bf_data_folder='/panfs/panasas01/phys/bf16951/QMD/ParallelDevelopment/Results/Oct_01/12_46/BayesFactorsTimeRecords/', branchID=6, host_name='node35-012', interbranch=False, log_file='/panfs/panasas01/phys/bf16951/QMD/ParallelDevelopment/Results/Oct_01/12_46/logs/NV-exp-method-sim__random--probe__QMLA_50.qmd.8794763.log', model_a_id=12, model_b_id=14, num_times_to_use=750, port_number=6350, qid=50, times_record='/panfs/panasas01/phys/bf16951/QMD/ParallelDevelopment/Results/Oct_01/12_46/BayesFactorsTimeRecords/BayesFactorsPairsTimes_050.txt', trueModel='xTiPPyTiPPzTiPPzTz') (1dbabea0-ef7d-4fbc-a08e-9ed8d0ec3698)
07:26:14 50: RemoteBayesFactor.BayesFactorRemote(bayes_threshold=100, bf_data_folder='/panfs/panasas01/phys/bf16951/QMD/ParallelDevelopment/Results/Oct_01/12_46/BayesFactorsTimeRecords/', branchID=6, host_name='node35-012', interbranch=False, log_file='/panfs/panasas01/phys/bf16951/QMD/ParallelDevelopment/Results/Oct_01/12_46/logs/NV-exp-method-sim__random--probe__QMLA_50.qmd.8794763.log', model_a_id=13, model_b_id=14, num_times_to_use=750, port_number=6350, qid=50, times_record='/panfs/panasas01/phys/bf16951/QMD/ParallelDevelopment/Results/Oct_01/12_46/BayesFactorsTimeRecords/BayesFactorsPairsTimes_050.txt', trueModel='xTiPPyTiPPzTiPPzTz') (9ac92eab-82a2-4b8e-ab2c-84a5f26ae288)
08:18:37 50: Job OK (9ac92eab-82a2-4b8e-ab2c-84a5f26ae288)
08:18:37 Result will never expire, clean up result key manually
08:18:37 Cleaning registries for queue: 50
08:18:37 
08:18:37 *** Listening on 50...
08:18:59 50: Job OK (486c3982-c431-4808-b54c-2d84ed676f04)
08:18:59 Result will never expire, clean up result key manually
08:18:59 Cleaning registries for queue: 50
08:18:59 
08:18:59 *** Listening on 50...
08:19:00 50: Job OK (1dbabea0-ef7d-4fbc-a08e-9ed8d0ec3698)
08:19:00 Result will never expire, clean up result key manually
08:19:00 Cleaning registries for queue: 50
08:19:00 
08:19:00 *** Listening on 50...
08:19:00 50: RemoteModelLearning.learnModelRemote('xTiPPxTxPPxTyPPyTiPPyTyPPyTzPPzTiPPzTz', 15.0, branchID=7, growth_generator='NV_alternative_model', host_name='node35-012', log_file='/panfs/panasas01/phys/bf16951/QMD/ParallelDevelopment/Results/Oct_01/12_46/logs/NV-exp-method-sim__random--probe__QMLA_50.qmd.8794763.log', port_number=6350, qid=50, remote=True) (11017470-d6ea-44ee-a821-f10425be2358)
08:19:00 50: RemoteModelLearning.learnModelRemote('xTiPPxTxPPxTzPPyTiPPyTyPPyTzPPzTiPPzTz', 16.0, branchID=7, growth_generator='NV_alternative_model', host_name='node35-012', log_file='/panfs/panasas01/phys/bf16951/QMD/ParallelDevelopment/Results/Oct_01/12_46/logs/NV-exp-method-sim__random--probe__QMLA_50.qmd.8794763.log', port_number=6350, qid=50, remote=True) (8e8f23c5-d72f-4deb-98b6-d8ae49c184b3)
08:44:18 50: Job OK (8e8f23c5-d72f-4deb-98b6-d8ae49c184b3)
08:44:18 Result will never expire, clean up result key manually
08:44:18 Cleaning registries for queue: 50
08:44:18 
08:44:18 *** Listening on 50...
08:44:49 50: Job OK (11017470-d6ea-44ee-a821-f10425be2358)
08:44:49 Result will never expire, clean up result key manually
08:44:49 Cleaning registries for queue: 50
08:44:49 
08:44:49 *** Listening on 50...
08:44:49 50: RemoteBayesFactor.BayesFactorRemote(bayes_threshold=100, bf_data_folder='/panfs/panasas01/phys/bf16951/QMD/ParallelDevelopment/Results/Oct_01/12_46/BayesFactorsTimeRecords/', branchID=7, host_name='node35-012', interbranch=False, log_file='/panfs/panasas01/phys/bf16951/QMD/ParallelDevelopment/Results/Oct_01/12_46/logs/NV-exp-method-sim__random--probe__QMLA_50.qmd.8794763.log', model_a_id=15, model_b_id=16, num_times_to_use=750, port_number=6350, qid=50, times_record='/panfs/panasas01/phys/bf16951/QMD/ParallelDevelopment/Results/Oct_01/12_46/BayesFactorsTimeRecords/BayesFactorsPairsTimes_050.txt', trueModel='xTiPPyTiPPzTiPPzTz') (96138ff3-a33d-44c6-b5f2-7f7d579cc9c5)
09:36:19 50: Job OK (96138ff3-a33d-44c6-b5f2-7f7d579cc9c5)
09:36:19 Result will never expire, clean up result key manually
09:36:19 Cleaning registries for queue: 50
09:36:19 
09:36:19 *** Listening on 50...
09:36:19 50: RemoteModelLearning.learnModelRemote('xTiPPxTxPPxTyPPxTzPPyTiPPyTyPPyTzPPzTiPPzTz', 17.0, branchID=8, growth_generator='NV_alternative_model', host_name='node35-012', log_file='/panfs/panasas01/phys/bf16951/QMD/ParallelDevelopment/Results/Oct_01/12_46/logs/NV-exp-method-sim__random--probe__QMLA_50.qmd.8794763.log', port_number=6350, qid=50, remote=True) (7a8ca5e6-b3ad-4ee1-8bf8-2cc956c7c35e)
10:01:38 50: Job OK (7a8ca5e6-b3ad-4ee1-8bf8-2cc956c7c35e)
10:01:38 Result will never expire, clean up result key manually
10:01:38 50: RemoteBayesFactor.BayesFactorRemote(bayes_threshold=100, bf_data_folder='/panfs/panasas01/phys/bf16951/QMD/ParallelDevelopment/Results/Oct_01/12_46/BayesFactorsTimeRecords/', branchID=None, host_name='node35-012', interbranch=True, log_file='/panfs/panasas01/phys/bf16951/QMD/ParallelDevelopment/Results/Oct_01/12_46/logs/NV-exp-method-sim__random--probe__QMLA_50.qmd.8794763.log', model_a_id=3, model_b_id=5, num_times_to_use=750, port_number=6350, qid=50, times_record='/panfs/panasas01/phys/bf16951/QMD/ParallelDevelopment/Results/Oct_01/12_46/BayesFactorsTimeRecords/BayesFactorsPairsTimes_050.txt', trueModel='xTiPPyTiPPzTiPPzTz') (03ce8538-f0cf-4733-bcc8-981b1ebbc8a5)
10:01:38 50: RemoteBayesFactor.BayesFactorRemote(bayes_threshold=100, bf_data_folder='/panfs/panasas01/phys/bf16951/QMD/ParallelDevelopment/Results/Oct_01/12_46/BayesFactorsTimeRecords/', branchID=None, host_name='node35-012', interbranch=True, log_file='/panfs/panasas01/phys/bf16951/QMD/ParallelDevelopment/Results/Oct_01/12_46/logs/NV-exp-method-sim__random--probe__QMLA_50.qmd.8794763.log', model_a_id=5, model_b_id=8, num_times_to_use=750, port_number=6350, qid=50, times_record='/panfs/panasas01/phys/bf16951/QMD/ParallelDevelopment/Results/Oct_01/12_46/BayesFactorsTimeRecords/BayesFactorsPairsTimes_050.txt', trueModel='xTiPPyTiPPzTiPPzTz') (b1fb8ca3-4348-4f6f-8c51-f1550932045c)
10:01:38 Cleaning registries for queue: 50
10:01:38 
10:01:38 *** Listening on 50...
10:01:38 50: RemoteBayesFactor.BayesFactorRemote(bayes_threshold=100, bf_data_folder='/panfs/panasas01/phys/bf16951/QMD/ParallelDevelopment/Results/Oct_01/12_46/BayesFactorsTimeRecords/', branchID=None, host_name='node35-012', interbranch=True, log_file='/panfs/panasas01/phys/bf16951/QMD/ParallelDevelopment/Results/Oct_01/12_46/logs/NV-exp-method-sim__random--probe__QMLA_50.qmd.8794763.log', model_a_id=8, model_b_id=9, num_times_to_use=750, port_number=6350, qid=50, times_record='/panfs/panasas01/phys/bf16951/QMD/ParallelDevelopment/Results/Oct_01/12_46/BayesFactorsTimeRecords/BayesFactorsPairsTimes_050.txt', trueModel='xTiPPyTiPPzTiPPzTz') (2a161d98-a8bb-4de6-a640-58722d003027)
10:01:38 50: RemoteBayesFactor.BayesFactorRemote(bayes_threshold=100, bf_data_folder='/panfs/panasas01/phys/bf16951/QMD/ParallelDevelopment/Results/Oct_01/12_46/BayesFactorsTimeRecords/', branchID=None, host_name='node35-012', interbranch=True, log_file='/panfs/panasas01/phys/bf16951/QMD/ParallelDevelopment/Results/Oct_01/12_46/logs/NV-exp-method-sim__random--probe__QMLA_50.qmd.8794763.log', model_a_id=1, model_b_id=3, num_times_to_use=750, port_number=6350, qid=50, times_record='/panfs/panasas01/phys/bf16951/QMD/ParallelDevelopment/Results/Oct_01/12_46/BayesFactorsTimeRecords/BayesFactorsPairsTimes_050.txt', trueModel='xTiPPyTiPPzTiPPzTz') (efe136e4-19b1-4fbb-9683-ee6720cab05c)
10:01:38 50: RemoteBayesFactor.BayesFactorRemote(bayes_threshold=100, bf_data_folder='/panfs/panasas01/phys/bf16951/QMD/ParallelDevelopment/Results/Oct_01/12_46/BayesFactorsTimeRecords/', branchID=None, host_name='node35-012', interbranch=True, log_file='/panfs/panasas01/phys/bf16951/QMD/ParallelDevelopment/Results/Oct_01/12_46/logs/NV-exp-method-sim__random--probe__QMLA_50.qmd.8794763.log', model_a_id=11, model_b_id=12, num_times_to_use=750, port_number=6350, qid=50, times_record='/panfs/panasas01/phys/bf16951/QMD/ParallelDevelopment/Results/Oct_01/12_46/BayesFactorsTimeRecords/BayesFactorsPairsTimes_050.txt', trueModel='xTiPPyTiPPzTiPPzTz') (86bd31f6-7b74-4ede-a102-3cac1f321322)
10:01:38 50: RemoteBayesFactor.BayesFactorRemote(bayes_threshold=100, bf_data_folder='/panfs/panasas01/phys/bf16951/QMD/ParallelDevelopment/Results/Oct_01/12_46/BayesFactorsTimeRecords/', branchID=None, host_name='node35-012', interbranch=True, log_file='/panfs/panasas01/phys/bf16951/QMD/ParallelDevelopment/Results/Oct_01/12_46/logs/NV-exp-method-sim__random--probe__QMLA_50.qmd.8794763.log', model_a_id=9, model_b_id=11, num_times_to_use=750, port_number=6350, qid=50, times_record='/panfs/panasas01/phys/bf16951/QMD/ParallelDevelopment/Results/Oct_01/12_46/BayesFactorsTimeRecords/BayesFactorsPairsTimes_050.txt', trueModel='xTiPPyTiPPzTiPPzTz') (d0cfc3e2-1e0c-48ad-8578-54944b6c1a94)
10:53:47 50: Job OK (86bd31f6-7b74-4ede-a102-3cac1f321322)
10:53:47 Result will never expire, clean up result key manually
10:53:47 
10:53:47 *** Listening on 50...
10:53:47 50: RemoteBayesFactor.BayesFactorRemote(bayes_threshold=100, bf_data_folder='/panfs/panasas01/phys/bf16951/QMD/ParallelDevelopment/Results/Oct_01/12_46/BayesFactorsTimeRecords/', branchID=None, host_name='node35-012', interbranch=True, log_file='/panfs/panasas01/phys/bf16951/QMD/ParallelDevelopment/Results/Oct_01/12_46/logs/NV-exp-method-sim__random--probe__QMLA_50.qmd.8794763.log', model_a_id=12, model_b_id=15, num_times_to_use=750, port_number=6350, qid=50, times_record='/panfs/panasas01/phys/bf16951/QMD/ParallelDevelopment/Results/Oct_01/12_46/BayesFactorsTimeRecords/BayesFactorsPairsTimes_050.txt', trueModel='xTiPPyTiPPzTiPPzTz') (01219f5f-4c51-41a4-aef3-f30029cbfaa0)
10:54:23 50: Job OK (d0cfc3e2-1e0c-48ad-8578-54944b6c1a94)
10:54:23 Result will never expire, clean up result key manually
10:54:23 Cleaning registries for queue: 50
10:54:23 
10:54:23 *** Listening on 50...
10:54:23 50: RemoteBayesFactor.BayesFactorRemote(bayes_threshold=100, bf_data_folder='/panfs/panasas01/phys/bf16951/QMD/ParallelDevelopment/Results/Oct_01/12_46/BayesFactorsTimeRecords/', branchID=None, host_name='node35-012', interbranch=True, log_file='/panfs/panasas01/phys/bf16951/QMD/ParallelDevelopment/Results/Oct_01/12_46/logs/NV-exp-method-sim__random--probe__QMLA_50.qmd.8794763.log', model_a_id=15, model_b_id=17, num_times_to_use=750, port_number=6350, qid=50, times_record='/panfs/panasas01/phys/bf16951/QMD/ParallelDevelopment/Results/Oct_01/12_46/BayesFactorsTimeRecords/BayesFactorsPairsTimes_050.txt', trueModel='xTiPPyTiPPzTiPPzTz') (e3d02184-60de-496b-9179-4f2b94a639a2)
10:54:50 50: Job OK (b1fb8ca3-4348-4f6f-8c51-f1550932045c)
10:54:50 Result will never expire, clean up result key manually
10:54:50 Cleaning registries for queue: 50
10:54:50 
10:54:50 *** Listening on 50...
10:55:11 50: Job OK (2a161d98-a8bb-4de6-a640-58722d003027)
10:55:11 Result will never expire, clean up result key manually
10:55:11 Cleaning registries for queue: 50
10:55:11 
10:55:11 *** Listening on 50...
10:55:44 50: Job OK (03ce8538-f0cf-4733-bcc8-981b1ebbc8a5)
10:55:44 Result will never expire, clean up result key manually
10:55:44 Cleaning registries for queue: 50
10:55:44 
10:55:44 *** Listening on 50...
10:55:53 50: Job OK (efe136e4-19b1-4fbb-9683-ee6720cab05c)
10:55:53 Result will never expire, clean up result key manually
10:55:53 Cleaning registries for queue: 50
10:55:53 
10:55:53 *** Listening on 50...
11:43:55 50: Job OK (e3d02184-60de-496b-9179-4f2b94a639a2)
11:43:55 Result will never expire, clean up result key manually
11:43:55 
11:43:55 *** Listening on 50...
11:44:25 50: Job OK (01219f5f-4c51-41a4-aef3-f30029cbfaa0)
11:44:25 Result will never expire, clean up result key manually
11:44:25 Cleaning registries for queue: 50
11:44:25 
11:44:25 *** Listening on 50...
11:44:25 50: RemoteBayesFactor.BayesFactorRemote(bayes_threshold=100, bf_data_folder='/panfs/panasas01/phys/bf16951/QMD/ParallelDevelopment/Results/Oct_01/12_46/BayesFactorsTimeRecords/', branchID=9, host_name='node35-012', interbranch=False, log_file='/panfs/panasas01/phys/bf16951/QMD/ParallelDevelopment/Results/Oct_01/12_46/logs/NV-exp-method-sim__random--probe__QMLA_50.qmd.8794763.log', model_a_id=8.0, model_b_id=17.0, num_times_to_use=750, port_number=6350, qid=50, times_record='/panfs/panasas01/phys/bf16951/QMD/ParallelDevelopment/Results/Oct_01/12_46/BayesFactorsTimeRecords/BayesFactorsPairsTimes_050.txt', trueModel='xTiPPyTiPPzTiPPzTz') (90901153-250c-431a-b108-653041188497)
11:44:25 50: RemoteBayesFactor.BayesFactorRemote(bayes_threshold=100, bf_data_folder='/panfs/panasas01/phys/bf16951/QMD/ParallelDevelopment/Results/Oct_01/12_46/BayesFactorsTimeRecords/', branchID=9, host_name='node35-012', interbranch=False, log_file='/panfs/panasas01/phys/bf16951/QMD/ParallelDevelopment/Results/Oct_01/12_46/logs/NV-exp-method-sim__random--probe__QMLA_50.qmd.8794763.log', model_a_id=8.0, model_b_id=1.0, num_times_to_use=750, port_number=6350, qid=50, times_record='/panfs/panasas01/phys/bf16951/QMD/ParallelDevelopment/Results/Oct_01/12_46/BayesFactorsTimeRecords/BayesFactorsPairsTimes_050.txt', trueModel='xTiPPyTiPPzTiPPzTz') (d797ff2d-f761-4b3b-85d3-9e2839f98bfd)
11:44:25 50: RemoteBayesFactor.BayesFactorRemote(bayes_threshold=100, bf_data_folder='/panfs/panasas01/phys/bf16951/QMD/ParallelDevelopment/Results/Oct_01/12_46/BayesFactorsTimeRecords/', branchID=9, host_name='node35-012', interbranch=False, log_file='/panfs/panasas01/phys/bf16951/QMD/ParallelDevelopment/Results/Oct_01/12_46/logs/NV-exp-method-sim__random--probe__QMLA_50.qmd.8794763.log', model_a_id=8.0, model_b_id=12.0, num_times_to_use=750, port_number=6350, qid=50, times_record='/panfs/panasas01/phys/bf16951/QMD/ParallelDevelopment/Results/Oct_01/12_46/BayesFactorsTimeRecords/BayesFactorsPairsTimes_050.txt', trueModel='xTiPPyTiPPzTiPPzTz') (93e852d0-e193-412c-b770-543f2957a643)
11:44:25 50: RemoteBayesFactor.BayesFactorRemote(bayes_threshold=100, bf_data_folder='/panfs/panasas01/phys/bf16951/QMD/ParallelDevelopment/Results/Oct_01/12_46/BayesFactorsTimeRecords/', branchID=9, host_name='node35-012', interbranch=False, log_file='/panfs/panasas01/phys/bf16951/QMD/ParallelDevelopment/Results/Oct_01/12_46/logs/NV-exp-method-sim__random--probe__QMLA_50.qmd.8794763.log', model_a_id=17.0, model_b_id=1.0, num_times_to_use=750, port_number=6350, qid=50, times_record='/panfs/panasas01/phys/bf16951/QMD/ParallelDevelopment/Results/Oct_01/12_46/BayesFactorsTimeRecords/BayesFactorsPairsTimes_050.txt', trueModel='xTiPPyTiPPzTiPPzTz') (5d8691de-e294-4e31-a0d2-302cc72f42ae)
11:44:25 50: RemoteBayesFactor.BayesFactorRemote(bayes_threshold=100, bf_data_folder='/panfs/panasas01/phys/bf16951/QMD/ParallelDevelopment/Results/Oct_01/12_46/BayesFactorsTimeRecords/', branchID=9, host_name='node35-012', interbranch=False, log_file='/panfs/panasas01/phys/bf16951/QMD/ParallelDevelopment/Results/Oct_01/12_46/logs/NV-exp-method-sim__random--probe__QMLA_50.qmd.8794763.log', model_a_id=17.0, model_b_id=12.0, num_times_to_use=750, port_number=6350, qid=50, times_record='/panfs/panasas01/phys/bf16951/QMD/ParallelDevelopment/Results/Oct_01/12_46/BayesFactorsTimeRecords/BayesFactorsPairsTimes_050.txt', trueModel='xTiPPyTiPPzTiPPzTz') (3b8d6e1f-e005-4b1c-ac06-a9c1815e5857)
11:44:25 50: RemoteBayesFactor.BayesFactorRemote(bayes_threshold=100, bf_data_folder='/panfs/panasas01/phys/bf16951/QMD/ParallelDevelopment/Results/Oct_01/12_46/BayesFactorsTimeRecords/', branchID=9, host_name='node35-012', interbranch=False, log_file='/panfs/panasas01/phys/bf16951/QMD/ParallelDevelopment/Results/Oct_01/12_46/logs/NV-exp-method-sim__random--probe__QMLA_50.qmd.8794763.log', model_a_id=17.0, model_b_id=9.0, num_times_to_use=750, port_number=6350, qid=50, times_record='/panfs/panasas01/phys/bf16951/QMD/ParallelDevelopment/Results/Oct_01/12_46/BayesFactorsTimeRecords/BayesFactorsPairsTimes_050.txt', trueModel='xTiPPyTiPPzTiPPzTz') (90e1a168-a218-4963-88a1-c855b0cd3f56)
12:36:25 50: Job OK (90e1a168-a218-4963-88a1-c855b0cd3f56)
12:36:25 Result will never expire, clean up result key manually
12:36:25 
12:36:25 *** Listening on 50...
12:36:25 50: RemoteBayesFactor.BayesFactorRemote(bayes_threshold=100, bf_data_folder='/panfs/panasas01/phys/bf16951/QMD/ParallelDevelopment/Results/Oct_01/12_46/BayesFactorsTimeRecords/', branchID=9, host_name='node35-012', interbranch=False, log_file='/panfs/panasas01/phys/bf16951/QMD/ParallelDevelopment/Results/Oct_01/12_46/logs/NV-exp-method-sim__random--probe__QMLA_50.qmd.8794763.log', model_a_id=1.0, model_b_id=12.0, num_times_to_use=750, port_number=6350, qid=50, times_record='/panfs/panasas01/phys/bf16951/QMD/ParallelDevelopment/Results/Oct_01/12_46/BayesFactorsTimeRecords/BayesFactorsPairsTimes_050.txt', trueModel='xTiPPyTiPPzTiPPzTz') (49d125a9-fa87-4563-b2fa-3665d8e004cd)
12:37:07 50: Job OK (3b8d6e1f-e005-4b1c-ac06-a9c1815e5857)
12:37:07 Result will never expire, clean up result key manually
12:37:07 Cleaning registries for queue: 50
12:37:07 
12:37:07 *** Listening on 50...
12:37:07 50: RemoteBayesFactor.BayesFactorRemote(bayes_threshold=100, bf_data_folder='/panfs/panasas01/phys/bf16951/QMD/ParallelDevelopment/Results/Oct_01/12_46/BayesFactorsTimeRecords/', branchID=9, host_name='node35-012', interbranch=False, log_file='/panfs/panasas01/phys/bf16951/QMD/ParallelDevelopment/Results/Oct_01/12_46/logs/NV-exp-method-sim__random--probe__QMLA_50.qmd.8794763.log', model_a_id=1.0, model_b_id=9.0, num_times_to_use=750, port_number=6350, qid=50, times_record='/panfs/panasas01/phys/bf16951/QMD/ParallelDevelopment/Results/Oct_01/12_46/BayesFactorsTimeRecords/BayesFactorsPairsTimes_050.txt', trueModel='xTiPPyTiPPzTiPPzTz') (dfc40087-303b-4901-a23e-bcce845e1077)
12:37:24 50: Job OK (90901153-250c-431a-b108-653041188497)
12:37:24 Result will never expire, clean up result key manually
12:37:24 Cleaning registries for queue: 50
12:37:24 
12:37:24 *** Listening on 50...
12:37:24 50: RemoteBayesFactor.BayesFactorRemote(bayes_threshold=100, bf_data_folder='/panfs/panasas01/phys/bf16951/QMD/ParallelDevelopment/Results/Oct_01/12_46/BayesFactorsTimeRecords/', branchID=9, host_name='node35-012', interbranch=False, log_file='/panfs/panasas01/phys/bf16951/QMD/ParallelDevelopment/Results/Oct_01/12_46/logs/NV-exp-method-sim__random--probe__QMLA_50.qmd.8794763.log', model_a_id=12.0, model_b_id=9.0, num_times_to_use=750, port_number=6350, qid=50, times_record='/panfs/panasas01/phys/bf16951/QMD/ParallelDevelopment/Results/Oct_01/12_46/BayesFactorsTimeRecords/BayesFactorsPairsTimes_050.txt', trueModel='xTiPPyTiPPzTiPPzTz') (9a515fbe-8486-4170-aa81-7f21c8415449)
12:37:48 50: Job OK (5d8691de-e294-4e31-a0d2-302cc72f42ae)
12:37:48 Result will never expire, clean up result key manually
12:37:48 Cleaning registries for queue: 50
12:37:48 
12:37:48 *** Listening on 50...
12:38:24 50: Job OK (93e852d0-e193-412c-b770-543f2957a643)
12:38:24 Result will never expire, clean up result key manually
12:38:24 Cleaning registries for queue: 50
12:38:24 
12:38:24 *** Listening on 50...
12:39:11 50: Job OK (d797ff2d-f761-4b3b-85d3-9e2839f98bfd)
12:39:11 Result will never expire, clean up result key manually
12:39:11 Cleaning registries for queue: 50
12:39:11 
12:39:11 *** Listening on 50...
13:29:21 50: Job OK (49d125a9-fa87-4563-b2fa-3665d8e004cd)
13:29:21 Result will never expire, clean up result key manually
13:29:21 Cleaning registries for queue: 50
13:29:21 
13:29:21 *** Listening on 50...
13:29:42 50: Job OK (9a515fbe-8486-4170-aa81-7f21c8415449)
13:29:42 Result will never expire, clean up result key manually
13:29:42 
13:29:42 *** Listening on 50...
13:30:13 50: Job OK (dfc40087-303b-4901-a23e-bcce845e1077)
13:30:13 Result will never expire, clean up result key manually
13:30:13 
13:30:13 *** Listening on 50...
Error 111 connecting to node35-012:6350. Connection refused.
Error 111 connecting to node35-012:6350. Connection refused.
Error 111 connecting to node35-012:6350. Connection refused.
Error 111 connecting to node35-012:6350. Connection refused.
Error 111 connecting to node35-012:6350. Connection refused.
Error 111 connecting to node35-012:6350. Connection refused.
