01:48:40 RQ worker 'rq:worker:node35-009.37245' started, version 0.8.1
01:48:40 RQ worker 'rq:worker:node35-009.37246' started, version 0.8.1
01:48:40 RQ worker 'rq:worker:node35-009.37247' started, version 0.8.1
01:48:40 RQ worker 'rq:worker:node35-009.37248' started, version 0.8.1
01:48:40 RQ worker 'rq:worker:node35-009.37249' started, version 0.8.1
01:48:40 Cleaning registries for queue: 82
01:48:40 Cleaning registries for queue: 82
01:48:40 Cleaning registries for queue: 82
01:48:40 Cleaning registries for queue: 82
01:48:40 Cleaning registries for queue: 82
01:48:40 RQ worker 'rq:worker:node35-009.37244' started, version 0.8.1
01:48:40 
01:48:40 
01:48:40 
01:48:40 *** Listening on 82...
01:48:40 *** Listening on 82...
01:48:40 
01:48:40 
01:48:40 *** Listening on 82...
01:48:40 *** Listening on 82...
01:48:40 *** Listening on 82...
01:48:40 Cleaning registries for queue: 82
01:48:40 
01:48:40 *** Listening on 82...
01:48:52 82: RemoteModelLearning.learnModelRemote('yTi', 1.0, branchID=0, growth_generator='NV_alternative_model', host_name='node35-009', log_file='/panfs/panasas01/phys/bf16951/QMD/ParallelDevelopment/Results/Oct_01/12_46/logs/NV-exp-method-sim__random--probe__QMLA_82.qmd.8794795.log', port_number=6382, qid=82, remote=True) (dacbf1c5-0bda-4450-aca9-f00f76aa47c2)
01:48:52 82: RemoteModelLearning.learnModelRemote('zTi', 2.0, branchID=0, growth_generator='NV_alternative_model', host_name='node35-009', log_file='/panfs/panasas01/phys/bf16951/QMD/ParallelDevelopment/Results/Oct_01/12_46/logs/NV-exp-method-sim__random--probe__QMLA_82.qmd.8794795.log', port_number=6382, qid=82, remote=True) (13b3c2c0-dd5d-4da1-8214-ad739a7366e5)
01:48:52 82: RemoteModelLearning.learnModelRemote('xTi', 0.0, branchID=0, growth_generator='NV_alternative_model', host_name='node35-009', log_file='/panfs/panasas01/phys/bf16951/QMD/ParallelDevelopment/Results/Oct_01/12_46/logs/NV-exp-method-sim__random--probe__QMLA_82.qmd.8794795.log', port_number=6382, qid=82, remote=True) (1932808a-e3c9-4220-88c2-c77e310a744c)
02:14:50 82: Job OK (1932808a-e3c9-4220-88c2-c77e310a744c)
02:14:50 Result will never expire, clean up result key manually
02:14:50 
02:14:50 *** Listening on 82...
02:15:42 82: Job OK (dacbf1c5-0bda-4450-aca9-f00f76aa47c2)
02:15:42 Result will never expire, clean up result key manually
02:15:42 
02:15:42 *** Listening on 82...
02:26:16 82: Job OK (13b3c2c0-dd5d-4da1-8214-ad739a7366e5)
02:26:16 Result will never expire, clean up result key manually
02:26:16 
02:26:16 *** Listening on 82...
02:26:16 82: RemoteBayesFactor.BayesFactorRemote(bayes_threshold=100, bf_data_folder='/panfs/panasas01/phys/bf16951/QMD/ParallelDevelopment/Results/Oct_01/12_46/BayesFactorsTimeRecords/', branchID=0, host_name='node35-009', interbranch=False, log_file='/panfs/panasas01/phys/bf16951/QMD/ParallelDevelopment/Results/Oct_01/12_46/logs/NV-exp-method-sim__random--probe__QMLA_82.qmd.8794795.log', model_a_id=0, model_b_id=1, num_times_to_use=750, port_number=6382, qid=82, times_record='/panfs/panasas01/phys/bf16951/QMD/ParallelDevelopment/Results/Oct_01/12_46/BayesFactorsTimeRecords/BayesFactorsPairsTimes_082.txt', trueModel='xTiPPyTiPPzTiPPzTz') (f4e086d7-ceaf-4166-b665-028d6088ddea)
02:26:16 82: RemoteBayesFactor.BayesFactorRemote(bayes_threshold=100, bf_data_folder='/panfs/panasas01/phys/bf16951/QMD/ParallelDevelopment/Results/Oct_01/12_46/BayesFactorsTimeRecords/', branchID=0, host_name='node35-009', interbranch=False, log_file='/panfs/panasas01/phys/bf16951/QMD/ParallelDevelopment/Results/Oct_01/12_46/logs/NV-exp-method-sim__random--probe__QMLA_82.qmd.8794795.log', model_a_id=0, model_b_id=2, num_times_to_use=750, port_number=6382, qid=82, times_record='/panfs/panasas01/phys/bf16951/QMD/ParallelDevelopment/Results/Oct_01/12_46/BayesFactorsTimeRecords/BayesFactorsPairsTimes_082.txt', trueModel='xTiPPyTiPPzTiPPzTz') (934e7455-dbe6-4517-8902-729e8a4b3a51)
02:26:16 82: RemoteBayesFactor.BayesFactorRemote(bayes_threshold=100, bf_data_folder='/panfs/panasas01/phys/bf16951/QMD/ParallelDevelopment/Results/Oct_01/12_46/BayesFactorsTimeRecords/', branchID=0, host_name='node35-009', interbranch=False, log_file='/panfs/panasas01/phys/bf16951/QMD/ParallelDevelopment/Results/Oct_01/12_46/logs/NV-exp-method-sim__random--probe__QMLA_82.qmd.8794795.log', model_a_id=1, model_b_id=2, num_times_to_use=750, port_number=6382, qid=82, times_record='/panfs/panasas01/phys/bf16951/QMD/ParallelDevelopment/Results/Oct_01/12_46/BayesFactorsTimeRecords/BayesFactorsPairsTimes_082.txt', trueModel='xTiPPyTiPPzTiPPzTz') (6fa7cf25-1e65-4298-bb35-48877c241e20)
03:19:04 82: Job OK (f4e086d7-ceaf-4166-b665-028d6088ddea)
03:19:04 Result will never expire, clean up result key manually
03:19:04 Cleaning registries for queue: 82
03:19:04 
03:19:04 *** Listening on 82...
03:31:05 82: Job OK (934e7455-dbe6-4517-8902-729e8a4b3a51)
03:31:05 Result will never expire, clean up result key manually
03:31:05 Cleaning registries for queue: 82
03:31:05 
03:31:05 *** Listening on 82...
03:34:46 82: Job OK (6fa7cf25-1e65-4298-bb35-48877c241e20)
03:34:46 Result will never expire, clean up result key manually
03:34:46 Cleaning registries for queue: 82
03:34:46 
03:34:46 *** Listening on 82...
03:34:46 82: RemoteModelLearning.learnModelRemote('yTiPPzTi', 3.0, branchID=1, growth_generator='NV_alternative_model', host_name='node35-009', log_file='/panfs/panasas01/phys/bf16951/QMD/ParallelDevelopment/Results/Oct_01/12_46/logs/NV-exp-method-sim__random--probe__QMLA_82.qmd.8794795.log', port_number=6382, qid=82, remote=True) (f8abbbf4-70c1-495b-ac35-1f6f9ae285fb)
03:34:46 82: RemoteModelLearning.learnModelRemote('xTiPPyTi', 4.0, branchID=1, growth_generator='NV_alternative_model', host_name='node35-009', log_file='/panfs/panasas01/phys/bf16951/QMD/ParallelDevelopment/Results/Oct_01/12_46/logs/NV-exp-method-sim__random--probe__QMLA_82.qmd.8794795.log', port_number=6382, qid=82, remote=True) (cdcc0bc5-387a-42e3-980a-15e4d0eb049b)
04:01:46 82: Job OK (f8abbbf4-70c1-495b-ac35-1f6f9ae285fb)
04:01:46 Result will never expire, clean up result key manually
04:01:46 Cleaning registries for queue: 82
04:01:46 
04:01:46 *** Listening on 82...
04:01:53 82: Job OK (cdcc0bc5-387a-42e3-980a-15e4d0eb049b)
04:01:53 Result will never expire, clean up result key manually
04:01:53 Cleaning registries for queue: 82
04:01:53 
04:01:53 *** Listening on 82...
04:01:54 82: RemoteBayesFactor.BayesFactorRemote(bayes_threshold=100, bf_data_folder='/panfs/panasas01/phys/bf16951/QMD/ParallelDevelopment/Results/Oct_01/12_46/BayesFactorsTimeRecords/', branchID=1, host_name='node35-009', interbranch=False, log_file='/panfs/panasas01/phys/bf16951/QMD/ParallelDevelopment/Results/Oct_01/12_46/logs/NV-exp-method-sim__random--probe__QMLA_82.qmd.8794795.log', model_a_id=3, model_b_id=4, num_times_to_use=750, port_number=6382, qid=82, times_record='/panfs/panasas01/phys/bf16951/QMD/ParallelDevelopment/Results/Oct_01/12_46/BayesFactorsTimeRecords/BayesFactorsPairsTimes_082.txt', trueModel='xTiPPyTiPPzTiPPzTz') (9b560a55-8ad3-4275-8300-a4ed44d2c31c)
04:55:39 82: Job OK (9b560a55-8ad3-4275-8300-a4ed44d2c31c)
04:55:39 Result will never expire, clean up result key manually
04:55:39 Cleaning registries for queue: 82
04:55:39 
04:55:39 *** Listening on 82...
04:55:39 82: RemoteModelLearning.learnModelRemote('xTiPPyTiPPzTi', 5.0, branchID=2, growth_generator='NV_alternative_model', host_name='node35-009', log_file='/panfs/panasas01/phys/bf16951/QMD/ParallelDevelopment/Results/Oct_01/12_46/logs/NV-exp-method-sim__random--probe__QMLA_82.qmd.8794795.log', port_number=6382, qid=82, remote=True) (f0e3979a-8e5c-4312-aea9-3919617ea91c)
05:22:15 82: Job OK (f0e3979a-8e5c-4312-aea9-3919617ea91c)
05:22:15 Result will never expire, clean up result key manually
05:22:15 Cleaning registries for queue: 82
05:22:15 
05:22:15 *** Listening on 82...
05:22:15 82: RemoteModelLearning.learnModelRemote('xTiPPxTxPPyTiPPzTi', 7.0, branchID=3, growth_generator='NV_alternative_model', host_name='node35-009', log_file='/panfs/panasas01/phys/bf16951/QMD/ParallelDevelopment/Results/Oct_01/12_46/logs/NV-exp-method-sim__random--probe__QMLA_82.qmd.8794795.log', port_number=6382, qid=82, remote=True) (93870b32-8afb-40bf-91da-b742e300743c)
05:22:15 82: RemoteModelLearning.learnModelRemote('xTiPPyTiPPyTyPPzTi', 6.0, branchID=3, growth_generator='NV_alternative_model', host_name='node35-009', log_file='/panfs/panasas01/phys/bf16951/QMD/ParallelDevelopment/Results/Oct_01/12_46/logs/NV-exp-method-sim__random--probe__QMLA_82.qmd.8794795.log', port_number=6382, qid=82, remote=True) (b569a0df-31c8-4db4-a295-0125548dc903)
05:22:15 82: RemoteModelLearning.learnModelRemote('xTiPPyTiPPzTiPPzTz', 8.0, branchID=3, growth_generator='NV_alternative_model', host_name='node35-009', log_file='/panfs/panasas01/phys/bf16951/QMD/ParallelDevelopment/Results/Oct_01/12_46/logs/NV-exp-method-sim__random--probe__QMLA_82.qmd.8794795.log', port_number=6382, qid=82, remote=True) (21fe20e9-a728-44ae-b68a-cc8972305177)
05:48:49 82: Job OK (93870b32-8afb-40bf-91da-b742e300743c)
05:48:49 Result will never expire, clean up result key manually
05:48:49 Cleaning registries for queue: 82
05:48:49 
05:48:49 *** Listening on 82...
05:48:54 82: Job OK (b569a0df-31c8-4db4-a295-0125548dc903)
05:48:54 Result will never expire, clean up result key manually
05:48:54 Cleaning registries for queue: 82
05:48:54 
05:48:54 *** Listening on 82...
05:49:10 82: Job OK (21fe20e9-a728-44ae-b68a-cc8972305177)
05:49:10 Result will never expire, clean up result key manually
05:49:10 Cleaning registries for queue: 82
05:49:10 
05:49:10 *** Listening on 82...
05:49:11 82: RemoteBayesFactor.BayesFactorRemote(bayes_threshold=100, bf_data_folder='/panfs/panasas01/phys/bf16951/QMD/ParallelDevelopment/Results/Oct_01/12_46/BayesFactorsTimeRecords/', branchID=3, host_name='node35-009', interbranch=False, log_file='/panfs/panasas01/phys/bf16951/QMD/ParallelDevelopment/Results/Oct_01/12_46/logs/NV-exp-method-sim__random--probe__QMLA_82.qmd.8794795.log', model_a_id=6, model_b_id=7, num_times_to_use=750, port_number=6382, qid=82, times_record='/panfs/panasas01/phys/bf16951/QMD/ParallelDevelopment/Results/Oct_01/12_46/BayesFactorsTimeRecords/BayesFactorsPairsTimes_082.txt', trueModel='xTiPPyTiPPzTiPPzTz') (69551187-7913-4c97-8647-d4318d61d932)
05:49:11 82: RemoteBayesFactor.BayesFactorRemote(bayes_threshold=100, bf_data_folder='/panfs/panasas01/phys/bf16951/QMD/ParallelDevelopment/Results/Oct_01/12_46/BayesFactorsTimeRecords/', branchID=3, host_name='node35-009', interbranch=False, log_file='/panfs/panasas01/phys/bf16951/QMD/ParallelDevelopment/Results/Oct_01/12_46/logs/NV-exp-method-sim__random--probe__QMLA_82.qmd.8794795.log', model_a_id=6, model_b_id=8, num_times_to_use=750, port_number=6382, qid=82, times_record='/panfs/panasas01/phys/bf16951/QMD/ParallelDevelopment/Results/Oct_01/12_46/BayesFactorsTimeRecords/BayesFactorsPairsTimes_082.txt', trueModel='xTiPPyTiPPzTiPPzTz') (26756f6d-249e-4f5b-bf01-a268bd36f65d)
05:49:11 82: RemoteBayesFactor.BayesFactorRemote(bayes_threshold=100, bf_data_folder='/panfs/panasas01/phys/bf16951/QMD/ParallelDevelopment/Results/Oct_01/12_46/BayesFactorsTimeRecords/', branchID=3, host_name='node35-009', interbranch=False, log_file='/panfs/panasas01/phys/bf16951/QMD/ParallelDevelopment/Results/Oct_01/12_46/logs/NV-exp-method-sim__random--probe__QMLA_82.qmd.8794795.log', model_a_id=7, model_b_id=8, num_times_to_use=750, port_number=6382, qid=82, times_record='/panfs/panasas01/phys/bf16951/QMD/ParallelDevelopment/Results/Oct_01/12_46/BayesFactorsTimeRecords/BayesFactorsPairsTimes_082.txt', trueModel='xTiPPyTiPPzTiPPzTz') (5759bcab-fd5d-41f6-8126-42d07c0c752e)
06:41:17 82: Job OK (69551187-7913-4c97-8647-d4318d61d932)
06:41:17 Result will never expire, clean up result key manually
06:41:17 Cleaning registries for queue: 82
06:41:17 
06:41:17 *** Listening on 82...
06:42:42 82: Job OK (5759bcab-fd5d-41f6-8126-42d07c0c752e)
06:42:42 Result will never expire, clean up result key manually
06:42:42 Cleaning registries for queue: 82
06:42:42 
06:42:42 *** Listening on 82...
06:42:49 82: Job OK (26756f6d-249e-4f5b-bf01-a268bd36f65d)
06:42:49 Result will never expire, clean up result key manually
06:42:49 Cleaning registries for queue: 82
06:42:49 
06:42:49 *** Listening on 82...
06:42:49 82: RemoteModelLearning.learnModelRemote('xTiPPxTxPPyTiPPzTiPPzTz', 9.0, branchID=4, growth_generator='NV_alternative_model', host_name='node35-009', log_file='/panfs/panasas01/phys/bf16951/QMD/ParallelDevelopment/Results/Oct_01/12_46/logs/NV-exp-method-sim__random--probe__QMLA_82.qmd.8794795.log', port_number=6382, qid=82, remote=True) (9972793f-94b7-42e8-ae9a-7bab39bc6082)
06:42:49 82: RemoteModelLearning.learnModelRemote('xTiPPyTiPPyTyPPzTiPPzTz', 10.0, branchID=4, growth_generator='NV_alternative_model', host_name='node35-009', log_file='/panfs/panasas01/phys/bf16951/QMD/ParallelDevelopment/Results/Oct_01/12_46/logs/NV-exp-method-sim__random--probe__QMLA_82.qmd.8794795.log', port_number=6382, qid=82, remote=True) (0933d167-8d3f-48cf-ab8d-b2b939b10d11)
07:09:02 82: Job OK (9972793f-94b7-42e8-ae9a-7bab39bc6082)
07:09:02 Result will never expire, clean up result key manually
07:09:02 Cleaning registries for queue: 82
07:09:02 
07:09:02 *** Listening on 82...
07:09:28 82: Job OK (0933d167-8d3f-48cf-ab8d-b2b939b10d11)
07:09:28 Result will never expire, clean up result key manually
07:09:28 Cleaning registries for queue: 82
07:09:28 
07:09:28 *** Listening on 82...
07:09:28 82: RemoteBayesFactor.BayesFactorRemote(bayes_threshold=100, bf_data_folder='/panfs/panasas01/phys/bf16951/QMD/ParallelDevelopment/Results/Oct_01/12_46/BayesFactorsTimeRecords/', branchID=4, host_name='node35-009', interbranch=False, log_file='/panfs/panasas01/phys/bf16951/QMD/ParallelDevelopment/Results/Oct_01/12_46/logs/NV-exp-method-sim__random--probe__QMLA_82.qmd.8794795.log', model_a_id=9, model_b_id=10, num_times_to_use=750, port_number=6382, qid=82, times_record='/panfs/panasas01/phys/bf16951/QMD/ParallelDevelopment/Results/Oct_01/12_46/BayesFactorsTimeRecords/BayesFactorsPairsTimes_082.txt', trueModel='xTiPPyTiPPzTiPPzTz') (ca83eda9-f9b8-4998-b862-3512b00b1af0)
08:01:34 82: Job OK (ca83eda9-f9b8-4998-b862-3512b00b1af0)
08:01:34 Result will never expire, clean up result key manually
08:01:34 Cleaning registries for queue: 82
08:01:34 
08:01:34 *** Listening on 82...
08:01:34 82: RemoteModelLearning.learnModelRemote('xTiPPxTxPPyTiPPyTyPPzTiPPzTz', 11.0, branchID=5, growth_generator='NV_alternative_model', host_name='node35-009', log_file='/panfs/panasas01/phys/bf16951/QMD/ParallelDevelopment/Results/Oct_01/12_46/logs/NV-exp-method-sim__random--probe__QMLA_82.qmd.8794795.log', port_number=6382, qid=82, remote=True) (41657621-e35d-46d4-83ed-d963357baa2c)
08:28:02 82: Job OK (41657621-e35d-46d4-83ed-d963357baa2c)
08:28:02 Result will never expire, clean up result key manually
08:28:02 Cleaning registries for queue: 82
08:28:02 
08:28:02 *** Listening on 82...
08:28:02 82: RemoteModelLearning.learnModelRemote('xTiPPxTxPPyTiPPyTyPPyTzPPzTiPPzTz', 12.0, branchID=6, growth_generator='NV_alternative_model', host_name='node35-009', log_file='/panfs/panasas01/phys/bf16951/QMD/ParallelDevelopment/Results/Oct_01/12_46/logs/NV-exp-method-sim__random--probe__QMLA_82.qmd.8794795.log', port_number=6382, qid=82, remote=True) (3452e289-2a54-4fad-9520-968bf79f753e)
08:28:02 82: RemoteModelLearning.learnModelRemote('xTiPPxTxPPxTzPPyTiPPyTyPPzTiPPzTz', 13.0, branchID=6, growth_generator='NV_alternative_model', host_name='node35-009', log_file='/panfs/panasas01/phys/bf16951/QMD/ParallelDevelopment/Results/Oct_01/12_46/logs/NV-exp-method-sim__random--probe__QMLA_82.qmd.8794795.log', port_number=6382, qid=82, remote=True) (2de9d885-89c6-4eac-8e3b-ab344e92a5d6)
08:28:02 82: RemoteModelLearning.learnModelRemote('xTiPPxTxPPxTyPPyTiPPyTyPPzTiPPzTz', 14.0, branchID=6, growth_generator='NV_alternative_model', host_name='node35-009', log_file='/panfs/panasas01/phys/bf16951/QMD/ParallelDevelopment/Results/Oct_01/12_46/logs/NV-exp-method-sim__random--probe__QMLA_82.qmd.8794795.log', port_number=6382, qid=82, remote=True) (e11a29e2-a62e-4d22-8919-410523660894)
08:53:48 82: Job OK (e11a29e2-a62e-4d22-8919-410523660894)
08:53:48 Result will never expire, clean up result key manually
08:53:48 Cleaning registries for queue: 82
08:53:48 
08:53:48 *** Listening on 82...
08:53:55 82: Job OK (2de9d885-89c6-4eac-8e3b-ab344e92a5d6)
08:53:55 Result will never expire, clean up result key manually
08:53:55 Cleaning registries for queue: 82
08:53:55 
08:53:55 *** Listening on 82...
08:54:25 82: Job OK (3452e289-2a54-4fad-9520-968bf79f753e)
08:54:25 Result will never expire, clean up result key manually
08:54:25 Cleaning registries for queue: 82
08:54:25 
08:54:25 *** Listening on 82...
08:54:26 82: RemoteBayesFactor.BayesFactorRemote(bayes_threshold=100, bf_data_folder='/panfs/panasas01/phys/bf16951/QMD/ParallelDevelopment/Results/Oct_01/12_46/BayesFactorsTimeRecords/', branchID=6, host_name='node35-009', interbranch=False, log_file='/panfs/panasas01/phys/bf16951/QMD/ParallelDevelopment/Results/Oct_01/12_46/logs/NV-exp-method-sim__random--probe__QMLA_82.qmd.8794795.log', model_a_id=12, model_b_id=14, num_times_to_use=750, port_number=6382, qid=82, times_record='/panfs/panasas01/phys/bf16951/QMD/ParallelDevelopment/Results/Oct_01/12_46/BayesFactorsTimeRecords/BayesFactorsPairsTimes_082.txt', trueModel='xTiPPyTiPPzTiPPzTz') (9808433e-fb1b-4626-b038-b04933999d17)
08:54:26 82: RemoteBayesFactor.BayesFactorRemote(bayes_threshold=100, bf_data_folder='/panfs/panasas01/phys/bf16951/QMD/ParallelDevelopment/Results/Oct_01/12_46/BayesFactorsTimeRecords/', branchID=6, host_name='node35-009', interbranch=False, log_file='/panfs/panasas01/phys/bf16951/QMD/ParallelDevelopment/Results/Oct_01/12_46/logs/NV-exp-method-sim__random--probe__QMLA_82.qmd.8794795.log', model_a_id=13, model_b_id=14, num_times_to_use=750, port_number=6382, qid=82, times_record='/panfs/panasas01/phys/bf16951/QMD/ParallelDevelopment/Results/Oct_01/12_46/BayesFactorsTimeRecords/BayesFactorsPairsTimes_082.txt', trueModel='xTiPPyTiPPzTiPPzTz') (8c573616-332f-4503-8931-fc586926446c)
08:54:26 82: RemoteBayesFactor.BayesFactorRemote(bayes_threshold=100, bf_data_folder='/panfs/panasas01/phys/bf16951/QMD/ParallelDevelopment/Results/Oct_01/12_46/BayesFactorsTimeRecords/', branchID=6, host_name='node35-009', interbranch=False, log_file='/panfs/panasas01/phys/bf16951/QMD/ParallelDevelopment/Results/Oct_01/12_46/logs/NV-exp-method-sim__random--probe__QMLA_82.qmd.8794795.log', model_a_id=12, model_b_id=13, num_times_to_use=750, port_number=6382, qid=82, times_record='/panfs/panasas01/phys/bf16951/QMD/ParallelDevelopment/Results/Oct_01/12_46/BayesFactorsTimeRecords/BayesFactorsPairsTimes_082.txt', trueModel='xTiPPyTiPPzTiPPzTz') (36530493-6311-4ab4-b70b-aab13932991a)
09:46:08 82: Job OK (36530493-6311-4ab4-b70b-aab13932991a)
09:46:08 Result will never expire, clean up result key manually
09:46:08 Cleaning registries for queue: 82
09:46:08 
09:46:08 *** Listening on 82...
09:46:30 82: Job OK (8c573616-332f-4503-8931-fc586926446c)
09:46:30 Result will never expire, clean up result key manually
09:46:30 Cleaning registries for queue: 82
09:46:30 
09:46:30 *** Listening on 82...
09:47:37 82: Job OK (9808433e-fb1b-4626-b038-b04933999d17)
09:47:37 Result will never expire, clean up result key manually
09:47:37 Cleaning registries for queue: 82
09:47:37 
09:47:37 *** Listening on 82...
09:47:37 82: RemoteModelLearning.learnModelRemote('xTiPPxTxPPxTyPPyTiPPyTyPPyTzPPzTiPPzTz', 15.0, branchID=7, growth_generator='NV_alternative_model', host_name='node35-009', log_file='/panfs/panasas01/phys/bf16951/QMD/ParallelDevelopment/Results/Oct_01/12_46/logs/NV-exp-method-sim__random--probe__QMLA_82.qmd.8794795.log', port_number=6382, qid=82, remote=True) (1faf9d52-0839-483a-864f-136df2e5034b)
09:47:37 82: RemoteModelLearning.learnModelRemote('xTiPPxTxPPxTzPPyTiPPyTyPPyTzPPzTiPPzTz', 16.0, branchID=7, growth_generator='NV_alternative_model', host_name='node35-009', log_file='/panfs/panasas01/phys/bf16951/QMD/ParallelDevelopment/Results/Oct_01/12_46/logs/NV-exp-method-sim__random--probe__QMLA_82.qmd.8794795.log', port_number=6382, qid=82, remote=True) (1f88d82d-89dc-46fb-b7dc-198b52d133d7)
10:13:01 82: Job OK (1faf9d52-0839-483a-864f-136df2e5034b)
10:13:01 Result will never expire, clean up result key manually
10:13:01 Cleaning registries for queue: 82
10:13:01 
10:13:01 *** Listening on 82...
10:13:21 82: Job OK (1f88d82d-89dc-46fb-b7dc-198b52d133d7)
10:13:21 Result will never expire, clean up result key manually
10:13:21 Cleaning registries for queue: 82
10:13:21 
10:13:21 *** Listening on 82...
10:13:21 82: RemoteBayesFactor.BayesFactorRemote(bayes_threshold=100, bf_data_folder='/panfs/panasas01/phys/bf16951/QMD/ParallelDevelopment/Results/Oct_01/12_46/BayesFactorsTimeRecords/', branchID=7, host_name='node35-009', interbranch=False, log_file='/panfs/panasas01/phys/bf16951/QMD/ParallelDevelopment/Results/Oct_01/12_46/logs/NV-exp-method-sim__random--probe__QMLA_82.qmd.8794795.log', model_a_id=15, model_b_id=16, num_times_to_use=750, port_number=6382, qid=82, times_record='/panfs/panasas01/phys/bf16951/QMD/ParallelDevelopment/Results/Oct_01/12_46/BayesFactorsTimeRecords/BayesFactorsPairsTimes_082.txt', trueModel='xTiPPyTiPPzTiPPzTz') (92f0a5fc-048c-4aeb-acf2-cf41e224c267)
11:04:32 82: Job OK (92f0a5fc-048c-4aeb-acf2-cf41e224c267)
11:04:32 Result will never expire, clean up result key manually
11:04:32 Cleaning registries for queue: 82
11:04:32 
11:04:32 *** Listening on 82...
11:04:32 82: RemoteModelLearning.learnModelRemote('xTiPPxTxPPxTyPPxTzPPyTiPPyTyPPyTzPPzTiPPzTz', 17.0, branchID=8, growth_generator='NV_alternative_model', host_name='node35-009', log_file='/panfs/panasas01/phys/bf16951/QMD/ParallelDevelopment/Results/Oct_01/12_46/logs/NV-exp-method-sim__random--probe__QMLA_82.qmd.8794795.log', port_number=6382, qid=82, remote=True) (2f799e0f-23ec-4667-956c-0328ed7945cc)
11:30:10 82: Job OK (2f799e0f-23ec-4667-956c-0328ed7945cc)
11:30:10 Result will never expire, clean up result key manually
11:30:10 82: RemoteBayesFactor.BayesFactorRemote(bayes_threshold=100, bf_data_folder='/panfs/panasas01/phys/bf16951/QMD/ParallelDevelopment/Results/Oct_01/12_46/BayesFactorsTimeRecords/', branchID=None, host_name='node35-009', interbranch=True, log_file='/panfs/panasas01/phys/bf16951/QMD/ParallelDevelopment/Results/Oct_01/12_46/logs/NV-exp-method-sim__random--probe__QMLA_82.qmd.8794795.log', model_a_id=1, model_b_id=3, num_times_to_use=750, port_number=6382, qid=82, times_record='/panfs/panasas01/phys/bf16951/QMD/ParallelDevelopment/Results/Oct_01/12_46/BayesFactorsTimeRecords/BayesFactorsPairsTimes_082.txt', trueModel='xTiPPyTiPPzTiPPzTz') (fa46c453-19e7-47bf-97e6-7239368803ae)
11:30:10 Cleaning registries for queue: 82
11:30:10 82: RemoteBayesFactor.BayesFactorRemote(bayes_threshold=100, bf_data_folder='/panfs/panasas01/phys/bf16951/QMD/ParallelDevelopment/Results/Oct_01/12_46/BayesFactorsTimeRecords/', branchID=None, host_name='node35-009', interbranch=True, log_file='/panfs/panasas01/phys/bf16951/QMD/ParallelDevelopment/Results/Oct_01/12_46/logs/NV-exp-method-sim__random--probe__QMLA_82.qmd.8794795.log', model_a_id=3, model_b_id=5, num_times_to_use=750, port_number=6382, qid=82, times_record='/panfs/panasas01/phys/bf16951/QMD/ParallelDevelopment/Results/Oct_01/12_46/BayesFactorsTimeRecords/BayesFactorsPairsTimes_082.txt', trueModel='xTiPPyTiPPzTiPPzTz') (cb695f93-d402-4127-b8d2-9396dde08684)
11:30:10 
11:30:10 *** Listening on 82...
11:30:10 82: RemoteBayesFactor.BayesFactorRemote(bayes_threshold=100, bf_data_folder='/panfs/panasas01/phys/bf16951/QMD/ParallelDevelopment/Results/Oct_01/12_46/BayesFactorsTimeRecords/', branchID=None, host_name='node35-009', interbranch=True, log_file='/panfs/panasas01/phys/bf16951/QMD/ParallelDevelopment/Results/Oct_01/12_46/logs/NV-exp-method-sim__random--probe__QMLA_82.qmd.8794795.log', model_a_id=8, model_b_id=9, num_times_to_use=750, port_number=6382, qid=82, times_record='/panfs/panasas01/phys/bf16951/QMD/ParallelDevelopment/Results/Oct_01/12_46/BayesFactorsTimeRecords/BayesFactorsPairsTimes_082.txt', trueModel='xTiPPyTiPPzTiPPzTz') (d37d89dc-756c-4751-a5c2-80292d84cec4)
11:30:10 82: RemoteBayesFactor.BayesFactorRemote(bayes_threshold=100, bf_data_folder='/panfs/panasas01/phys/bf16951/QMD/ParallelDevelopment/Results/Oct_01/12_46/BayesFactorsTimeRecords/', branchID=None, host_name='node35-009', interbranch=True, log_file='/panfs/panasas01/phys/bf16951/QMD/ParallelDevelopment/Results/Oct_01/12_46/logs/NV-exp-method-sim__random--probe__QMLA_82.qmd.8794795.log', model_a_id=9, model_b_id=11, num_times_to_use=750, port_number=6382, qid=82, times_record='/panfs/panasas01/phys/bf16951/QMD/ParallelDevelopment/Results/Oct_01/12_46/BayesFactorsTimeRecords/BayesFactorsPairsTimes_082.txt', trueModel='xTiPPyTiPPzTiPPzTz') (f55c28e9-c6c3-47c4-835c-85a4137e77d6)
11:30:10 82: RemoteBayesFactor.BayesFactorRemote(bayes_threshold=100, bf_data_folder='/panfs/panasas01/phys/bf16951/QMD/ParallelDevelopment/Results/Oct_01/12_46/BayesFactorsTimeRecords/', branchID=None, host_name='node35-009', interbranch=True, log_file='/panfs/panasas01/phys/bf16951/QMD/ParallelDevelopment/Results/Oct_01/12_46/logs/NV-exp-method-sim__random--probe__QMLA_82.qmd.8794795.log', model_a_id=11, model_b_id=12, num_times_to_use=750, port_number=6382, qid=82, times_record='/panfs/panasas01/phys/bf16951/QMD/ParallelDevelopment/Results/Oct_01/12_46/BayesFactorsTimeRecords/BayesFactorsPairsTimes_082.txt', trueModel='xTiPPyTiPPzTiPPzTz') (1598915a-f19f-4ebb-8e37-b873ec45535d)
11:30:10 82: RemoteBayesFactor.BayesFactorRemote(bayes_threshold=100, bf_data_folder='/panfs/panasas01/phys/bf16951/QMD/ParallelDevelopment/Results/Oct_01/12_46/BayesFactorsTimeRecords/', branchID=None, host_name='node35-009', interbranch=True, log_file='/panfs/panasas01/phys/bf16951/QMD/ParallelDevelopment/Results/Oct_01/12_46/logs/NV-exp-method-sim__random--probe__QMLA_82.qmd.8794795.log', model_a_id=5, model_b_id=8, num_times_to_use=750, port_number=6382, qid=82, times_record='/panfs/panasas01/phys/bf16951/QMD/ParallelDevelopment/Results/Oct_01/12_46/BayesFactorsTimeRecords/BayesFactorsPairsTimes_082.txt', trueModel='xTiPPyTiPPzTiPPzTz') (a30eb115-3800-4d2f-b718-7545299b53f6)
12:32:33 82: Job OK (f55c28e9-c6c3-47c4-835c-85a4137e77d6)
12:32:33 Result will never expire, clean up result key manually
12:32:33 Cleaning registries for queue: 82
12:32:33 
12:32:33 *** Listening on 82...
12:32:33 82: RemoteBayesFactor.BayesFactorRemote(bayes_threshold=100, bf_data_folder='/panfs/panasas01/phys/bf16951/QMD/ParallelDevelopment/Results/Oct_01/12_46/BayesFactorsTimeRecords/', branchID=None, host_name='node35-009', interbranch=True, log_file='/panfs/panasas01/phys/bf16951/QMD/ParallelDevelopment/Results/Oct_01/12_46/logs/NV-exp-method-sim__random--probe__QMLA_82.qmd.8794795.log', model_a_id=12, model_b_id=15, num_times_to_use=750, port_number=6382, qid=82, times_record='/panfs/panasas01/phys/bf16951/QMD/ParallelDevelopment/Results/Oct_01/12_46/BayesFactorsTimeRecords/BayesFactorsPairsTimes_082.txt', trueModel='xTiPPyTiPPzTiPPzTz') (49b74197-cff2-4113-a0b3-588dc561b6ba)
12:33:40 82: Job OK (d37d89dc-756c-4751-a5c2-80292d84cec4)
12:33:40 Result will never expire, clean up result key manually
12:33:40 Cleaning registries for queue: 82
12:33:40 
12:33:40 *** Listening on 82...
12:33:40 82: RemoteBayesFactor.BayesFactorRemote(bayes_threshold=100, bf_data_folder='/panfs/panasas01/phys/bf16951/QMD/ParallelDevelopment/Results/Oct_01/12_46/BayesFactorsTimeRecords/', branchID=None, host_name='node35-009', interbranch=True, log_file='/panfs/panasas01/phys/bf16951/QMD/ParallelDevelopment/Results/Oct_01/12_46/logs/NV-exp-method-sim__random--probe__QMLA_82.qmd.8794795.log', model_a_id=15, model_b_id=17, num_times_to_use=750, port_number=6382, qid=82, times_record='/panfs/panasas01/phys/bf16951/QMD/ParallelDevelopment/Results/Oct_01/12_46/BayesFactorsTimeRecords/BayesFactorsPairsTimes_082.txt', trueModel='xTiPPyTiPPzTiPPzTz') (9ebc5f20-ca21-4473-84a2-ee3ee0e072f7)
12:33:59 82: Job OK (cb695f93-d402-4127-b8d2-9396dde08684)
12:33:59 Result will never expire, clean up result key manually
12:33:59 Cleaning registries for queue: 82
12:33:59 
12:34:00 *** Listening on 82...
12:34:08 82: Job OK (1598915a-f19f-4ebb-8e37-b873ec45535d)
12:34:08 Result will never expire, clean up result key manually
12:34:08 Cleaning registries for queue: 82
12:34:08 
12:34:08 *** Listening on 82...
12:34:25 82: Job OK (a30eb115-3800-4d2f-b718-7545299b53f6)
12:34:25 Result will never expire, clean up result key manually
12:34:25 Cleaning registries for queue: 82
12:34:25 
12:34:25 *** Listening on 82...
12:35:26 82: Job OK (fa46c453-19e7-47bf-97e6-7239368803ae)
12:35:26 Result will never expire, clean up result key manually
12:35:26 Cleaning registries for queue: 82
12:35:26 
12:35:26 *** Listening on 82...
13:31:22 82: Job OK (49b74197-cff2-4113-a0b3-588dc561b6ba)
13:31:22 Result will never expire, clean up result key manually
13:31:22 
13:31:22 *** Listening on 82...
13:31:48 82: Job OK (9ebc5f20-ca21-4473-84a2-ee3ee0e072f7)
13:31:48 Result will never expire, clean up result key manually
13:31:48 
13:31:48 *** Listening on 82...
13:31:48 82: RemoteBayesFactor.BayesFactorRemote(bayes_threshold=100, bf_data_folder='/panfs/panasas01/phys/bf16951/QMD/ParallelDevelopment/Results/Oct_01/12_46/BayesFactorsTimeRecords/', branchID=9, host_name='node35-009', interbranch=False, log_file='/panfs/panasas01/phys/bf16951/QMD/ParallelDevelopment/Results/Oct_01/12_46/logs/NV-exp-method-sim__random--probe__QMLA_82.qmd.8794795.log', model_a_id=8.0, model_b_id=12.0, num_times_to_use=750, port_number=6382, qid=82, times_record='/panfs/panasas01/phys/bf16951/QMD/ParallelDevelopment/Results/Oct_01/12_46/BayesFactorsTimeRecords/BayesFactorsPairsTimes_082.txt', trueModel='xTiPPyTiPPzTiPPzTz') (21417ee9-7aac-4c5c-a282-a2344929fe23)
