22:27:13 RQ worker 'rq:worker:node35-001.73942' started, version 0.8.1
22:27:13 RQ worker 'rq:worker:node35-001.73948' started, version 0.8.1
22:27:13 RQ worker 'rq:worker:node35-001.73947' started, version 0.8.1
22:27:13 RQ worker 'rq:worker:node35-001.73945' started, version 0.8.1
22:27:13 RQ worker 'rq:worker:node35-001.73943' started, version 0.8.1
22:27:13 RQ worker 'rq:worker:node35-001.73944' started, version 0.8.1
22:27:13 Cleaning registries for queue: 24
22:27:13 Cleaning registries for queue: 24
22:27:13 Cleaning registries for queue: 24
22:27:13 Cleaning registries for queue: 24
22:27:13 Cleaning registries for queue: 24
22:27:13 Cleaning registries for queue: 24
22:27:13 
22:27:13 *** Listening on 24...
22:27:13 
22:27:13 
22:27:13 
22:27:13 
22:27:13 *** Listening on 24...
22:27:13 *** Listening on 24...
22:27:13 *** Listening on 24...
22:27:13 *** Listening on 24...
22:27:13 
22:27:13 *** Listening on 24...
22:27:33 24: RemoteModelLearning.learnModelRemote('yTi', 1.0, branchID=0, growth_generator='NV_alternative_model', host_name='node35-001', log_file='/panfs/panasas01/phys/bf16951/QMD/ParallelDevelopment/Results/Oct_01/12_46/logs/NV-exp-method-sim__random--probe__QMLA_24.qmd.8794737.log', port_number=6324, qid=24, remote=True) (36c6aad1-41e2-4448-a0a0-0474c800ff54)
22:27:33 24: RemoteModelLearning.learnModelRemote('xTi', 0.0, branchID=0, growth_generator='NV_alternative_model', host_name='node35-001', log_file='/panfs/panasas01/phys/bf16951/QMD/ParallelDevelopment/Results/Oct_01/12_46/logs/NV-exp-method-sim__random--probe__QMLA_24.qmd.8794737.log', port_number=6324, qid=24, remote=True) (b0248fed-bb8c-493a-a926-10869f6debbb)
22:27:33 24: RemoteModelLearning.learnModelRemote('zTi', 2.0, branchID=0, growth_generator='NV_alternative_model', host_name='node35-001', log_file='/panfs/panasas01/phys/bf16951/QMD/ParallelDevelopment/Results/Oct_01/12_46/logs/NV-exp-method-sim__random--probe__QMLA_24.qmd.8794737.log', port_number=6324, qid=24, remote=True) (6e6469e2-9b0c-40b2-afd7-697fac930f1c)
22:54:13 24: Job OK (b0248fed-bb8c-493a-a926-10869f6debbb)
22:54:13 Result will never expire, clean up result key manually
22:54:13 
22:54:13 *** Listening on 24...
22:54:14 24: Job OK (36c6aad1-41e2-4448-a0a0-0474c800ff54)
22:54:14 Result will never expire, clean up result key manually
22:54:14 
22:54:14 *** Listening on 24...
23:03:14 24: Job OK (6e6469e2-9b0c-40b2-afd7-697fac930f1c)
23:03:14 Result will never expire, clean up result key manually
23:03:14 
23:03:14 *** Listening on 24...
23:03:14 24: RemoteBayesFactor.BayesFactorRemote(bayes_threshold=100, bf_data_folder='/panfs/panasas01/phys/bf16951/QMD/ParallelDevelopment/Results/Oct_01/12_46/BayesFactorsTimeRecords/', branchID=0, host_name='node35-001', interbranch=False, log_file='/panfs/panasas01/phys/bf16951/QMD/ParallelDevelopment/Results/Oct_01/12_46/logs/NV-exp-method-sim__random--probe__QMLA_24.qmd.8794737.log', model_a_id=0, model_b_id=2, num_times_to_use=750, port_number=6324, qid=24, times_record='/panfs/panasas01/phys/bf16951/QMD/ParallelDevelopment/Results/Oct_01/12_46/BayesFactorsTimeRecords/BayesFactorsPairsTimes_024.txt', trueModel='xTiPPyTiPPzTiPPzTz') (baa454f2-7d54-42d5-be45-4db0273477e1)
23:03:14 24: RemoteBayesFactor.BayesFactorRemote(bayes_threshold=100, bf_data_folder='/panfs/panasas01/phys/bf16951/QMD/ParallelDevelopment/Results/Oct_01/12_46/BayesFactorsTimeRecords/', branchID=0, host_name='node35-001', interbranch=False, log_file='/panfs/panasas01/phys/bf16951/QMD/ParallelDevelopment/Results/Oct_01/12_46/logs/NV-exp-method-sim__random--probe__QMLA_24.qmd.8794737.log', model_a_id=0, model_b_id=1, num_times_to_use=750, port_number=6324, qid=24, times_record='/panfs/panasas01/phys/bf16951/QMD/ParallelDevelopment/Results/Oct_01/12_46/BayesFactorsTimeRecords/BayesFactorsPairsTimes_024.txt', trueModel='xTiPPyTiPPzTiPPzTz') (79766be0-5cfa-492e-be77-870e62967ffc)
23:03:14 24: RemoteBayesFactor.BayesFactorRemote(bayes_threshold=100, bf_data_folder='/panfs/panasas01/phys/bf16951/QMD/ParallelDevelopment/Results/Oct_01/12_46/BayesFactorsTimeRecords/', branchID=0, host_name='node35-001', interbranch=False, log_file='/panfs/panasas01/phys/bf16951/QMD/ParallelDevelopment/Results/Oct_01/12_46/logs/NV-exp-method-sim__random--probe__QMLA_24.qmd.8794737.log', model_a_id=1, model_b_id=2, num_times_to_use=750, port_number=6324, qid=24, times_record='/panfs/panasas01/phys/bf16951/QMD/ParallelDevelopment/Results/Oct_01/12_46/BayesFactorsTimeRecords/BayesFactorsPairsTimes_024.txt', trueModel='xTiPPyTiPPzTiPPzTz') (8592ca75-902d-4ee5-b4eb-e426a81ce8f6)
23:57:00 24: Job OK (79766be0-5cfa-492e-be77-870e62967ffc)
23:57:00 Result will never expire, clean up result key manually
23:57:00 Cleaning registries for queue: 24
23:57:00 
23:57:00 *** Listening on 24...
00:07:19 24: Job OK (baa454f2-7d54-42d5-be45-4db0273477e1)
00:07:19 Result will never expire, clean up result key manually
00:07:19 Cleaning registries for queue: 24
00:07:19 
00:07:19 *** Listening on 24...
00:10:38 24: Job OK (8592ca75-902d-4ee5-b4eb-e426a81ce8f6)
00:10:38 Result will never expire, clean up result key manually
00:10:38 Cleaning registries for queue: 24
00:10:38 
00:10:38 *** Listening on 24...
00:10:38 24: RemoteModelLearning.learnModelRemote('yTiPPzTi', 3.0, branchID=1, growth_generator='NV_alternative_model', host_name='node35-001', log_file='/panfs/panasas01/phys/bf16951/QMD/ParallelDevelopment/Results/Oct_01/12_46/logs/NV-exp-method-sim__random--probe__QMLA_24.qmd.8794737.log', port_number=6324, qid=24, remote=True) (a07b9de7-d15f-4e81-b682-ca6b666c40d3)
00:10:38 24: RemoteModelLearning.learnModelRemote('xTiPPyTi', 4.0, branchID=1, growth_generator='NV_alternative_model', host_name='node35-001', log_file='/panfs/panasas01/phys/bf16951/QMD/ParallelDevelopment/Results/Oct_01/12_46/logs/NV-exp-method-sim__random--probe__QMLA_24.qmd.8794737.log', port_number=6324, qid=24, remote=True) (6b8e832d-6632-4193-b68a-0f580ab5509b)
00:36:47 24: Job OK (6b8e832d-6632-4193-b68a-0f580ab5509b)
00:36:47 Result will never expire, clean up result key manually
00:36:47 Cleaning registries for queue: 24
00:36:47 
00:36:47 *** Listening on 24...
00:36:53 24: Job OK (a07b9de7-d15f-4e81-b682-ca6b666c40d3)
00:36:53 Result will never expire, clean up result key manually
00:36:53 Cleaning registries for queue: 24
00:36:53 
00:36:53 *** Listening on 24...
00:36:53 24: RemoteBayesFactor.BayesFactorRemote(bayes_threshold=100, bf_data_folder='/panfs/panasas01/phys/bf16951/QMD/ParallelDevelopment/Results/Oct_01/12_46/BayesFactorsTimeRecords/', branchID=1, host_name='node35-001', interbranch=False, log_file='/panfs/panasas01/phys/bf16951/QMD/ParallelDevelopment/Results/Oct_01/12_46/logs/NV-exp-method-sim__random--probe__QMLA_24.qmd.8794737.log', model_a_id=3, model_b_id=4, num_times_to_use=750, port_number=6324, qid=24, times_record='/panfs/panasas01/phys/bf16951/QMD/ParallelDevelopment/Results/Oct_01/12_46/BayesFactorsTimeRecords/BayesFactorsPairsTimes_024.txt', trueModel='xTiPPyTiPPzTiPPzTz') (76d6d7ee-df9c-4858-98fc-258717ff6b35)
01:28:07 24: Job OK (76d6d7ee-df9c-4858-98fc-258717ff6b35)
01:28:07 Result will never expire, clean up result key manually
01:28:07 Cleaning registries for queue: 24
01:28:07 
01:28:07 *** Listening on 24...
01:28:07 24: RemoteModelLearning.learnModelRemote('xTiPPyTiPPzTi', 5.0, branchID=2, growth_generator='NV_alternative_model', host_name='node35-001', log_file='/panfs/panasas01/phys/bf16951/QMD/ParallelDevelopment/Results/Oct_01/12_46/logs/NV-exp-method-sim__random--probe__QMLA_24.qmd.8794737.log', port_number=6324, qid=24, remote=True) (eb9966db-6540-4857-a04c-b82be8a34a1d)
01:53:44 24: Job OK (eb9966db-6540-4857-a04c-b82be8a34a1d)
01:53:44 Result will never expire, clean up result key manually
01:53:44 Cleaning registries for queue: 24
01:53:44 
01:53:44 *** Listening on 24...
01:53:45 24: RemoteModelLearning.learnModelRemote('xTiPPyTiPPzTiPPzTz', 6.0, branchID=3, growth_generator='NV_alternative_model', host_name='node35-001', log_file='/panfs/panasas01/phys/bf16951/QMD/ParallelDevelopment/Results/Oct_01/12_46/logs/NV-exp-method-sim__random--probe__QMLA_24.qmd.8794737.log', port_number=6324, qid=24, remote=True) (3656966e-ee98-4051-bd6a-3f956a91ccd9)
01:53:45 24: RemoteModelLearning.learnModelRemote('xTiPPxTxPPyTiPPzTi', 7.0, branchID=3, growth_generator='NV_alternative_model', host_name='node35-001', log_file='/panfs/panasas01/phys/bf16951/QMD/ParallelDevelopment/Results/Oct_01/12_46/logs/NV-exp-method-sim__random--probe__QMLA_24.qmd.8794737.log', port_number=6324, qid=24, remote=True) (582d6b5d-d4d6-461a-b94e-5d9e20fb12e7)
01:53:45 24: RemoteModelLearning.learnModelRemote('xTiPPyTiPPyTyPPzTi', 8.0, branchID=3, growth_generator='NV_alternative_model', host_name='node35-001', log_file='/panfs/panasas01/phys/bf16951/QMD/ParallelDevelopment/Results/Oct_01/12_46/logs/NV-exp-method-sim__random--probe__QMLA_24.qmd.8794737.log', port_number=6324, qid=24, remote=True) (ac48fe59-6727-43be-be43-4ddbf84873aa)
02:20:09 24: Job OK (582d6b5d-d4d6-461a-b94e-5d9e20fb12e7)
02:20:09 Result will never expire, clean up result key manually
02:20:09 Cleaning registries for queue: 24
02:20:09 
02:20:09 *** Listening on 24...
02:20:21 24: Job OK (ac48fe59-6727-43be-be43-4ddbf84873aa)
02:20:21 Result will never expire, clean up result key manually
02:20:21 Cleaning registries for queue: 24
02:20:21 
02:20:21 *** Listening on 24...
02:20:34 24: Job OK (3656966e-ee98-4051-bd6a-3f956a91ccd9)
02:20:34 Result will never expire, clean up result key manually
02:20:34 Cleaning registries for queue: 24
02:20:34 
02:20:34 *** Listening on 24...
02:20:34 24: RemoteBayesFactor.BayesFactorRemote(bayes_threshold=100, bf_data_folder='/panfs/panasas01/phys/bf16951/QMD/ParallelDevelopment/Results/Oct_01/12_46/BayesFactorsTimeRecords/', branchID=3, host_name='node35-001', interbranch=False, log_file='/panfs/panasas01/phys/bf16951/QMD/ParallelDevelopment/Results/Oct_01/12_46/logs/NV-exp-method-sim__random--probe__QMLA_24.qmd.8794737.log', model_a_id=6, model_b_id=7, num_times_to_use=750, port_number=6324, qid=24, times_record='/panfs/panasas01/phys/bf16951/QMD/ParallelDevelopment/Results/Oct_01/12_46/BayesFactorsTimeRecords/BayesFactorsPairsTimes_024.txt', trueModel='xTiPPyTiPPzTiPPzTz') (549194cc-a47f-475c-8e0b-029981c44045)
02:20:34 24: RemoteBayesFactor.BayesFactorRemote(bayes_threshold=100, bf_data_folder='/panfs/panasas01/phys/bf16951/QMD/ParallelDevelopment/Results/Oct_01/12_46/BayesFactorsTimeRecords/', branchID=3, host_name='node35-001', interbranch=False, log_file='/panfs/panasas01/phys/bf16951/QMD/ParallelDevelopment/Results/Oct_01/12_46/logs/NV-exp-method-sim__random--probe__QMLA_24.qmd.8794737.log', model_a_id=6, model_b_id=8, num_times_to_use=750, port_number=6324, qid=24, times_record='/panfs/panasas01/phys/bf16951/QMD/ParallelDevelopment/Results/Oct_01/12_46/BayesFactorsTimeRecords/BayesFactorsPairsTimes_024.txt', trueModel='xTiPPyTiPPzTiPPzTz') (68ae6592-aaf4-4333-9156-3a8e75c786fe)
02:20:34 24: RemoteBayesFactor.BayesFactorRemote(bayes_threshold=100, bf_data_folder='/panfs/panasas01/phys/bf16951/QMD/ParallelDevelopment/Results/Oct_01/12_46/BayesFactorsTimeRecords/', branchID=3, host_name='node35-001', interbranch=False, log_file='/panfs/panasas01/phys/bf16951/QMD/ParallelDevelopment/Results/Oct_01/12_46/logs/NV-exp-method-sim__random--probe__QMLA_24.qmd.8794737.log', model_a_id=7, model_b_id=8, num_times_to_use=750, port_number=6324, qid=24, times_record='/panfs/panasas01/phys/bf16951/QMD/ParallelDevelopment/Results/Oct_01/12_46/BayesFactorsTimeRecords/BayesFactorsPairsTimes_024.txt', trueModel='xTiPPyTiPPzTiPPzTz') (c0b24a94-2520-49c4-9b23-623dbaac2872)
03:12:54 24: Job OK (68ae6592-aaf4-4333-9156-3a8e75c786fe)
03:12:54 Result will never expire, clean up result key manually
03:12:54 Cleaning registries for queue: 24
03:12:54 
03:12:54 *** Listening on 24...
03:13:05 24: Job OK (549194cc-a47f-475c-8e0b-029981c44045)
03:13:05 Result will never expire, clean up result key manually
03:13:05 Cleaning registries for queue: 24
03:13:05 
03:13:05 *** Listening on 24...
03:13:36 24: Job OK (c0b24a94-2520-49c4-9b23-623dbaac2872)
03:13:36 Result will never expire, clean up result key manually
03:13:36 Cleaning registries for queue: 24
03:13:36 
03:13:36 *** Listening on 24...
03:13:37 24: RemoteModelLearning.learnModelRemote('xTiPPyTiPPyTyPPzTiPPzTz', 10.0, branchID=4, growth_generator='NV_alternative_model', host_name='node35-001', log_file='/panfs/panasas01/phys/bf16951/QMD/ParallelDevelopment/Results/Oct_01/12_46/logs/NV-exp-method-sim__random--probe__QMLA_24.qmd.8794737.log', port_number=6324, qid=24, remote=True) (16d2bfd1-0724-48d5-b92c-fd35efc1691b)
03:13:37 24: RemoteModelLearning.learnModelRemote('xTiPPxTxPPyTiPPzTiPPzTz', 9.0, branchID=4, growth_generator='NV_alternative_model', host_name='node35-001', log_file='/panfs/panasas01/phys/bf16951/QMD/ParallelDevelopment/Results/Oct_01/12_46/logs/NV-exp-method-sim__random--probe__QMLA_24.qmd.8794737.log', port_number=6324, qid=24, remote=True) (f270562b-d950-4a4c-a22b-4dd40d0aa72d)
03:39:53 24: Job OK (16d2bfd1-0724-48d5-b92c-fd35efc1691b)
03:39:53 Result will never expire, clean up result key manually
03:39:53 Cleaning registries for queue: 24
03:39:53 
03:39:53 *** Listening on 24...
03:40:26 24: Job OK (f270562b-d950-4a4c-a22b-4dd40d0aa72d)
03:40:26 Result will never expire, clean up result key manually
03:40:26 Cleaning registries for queue: 24
03:40:26 
03:40:26 *** Listening on 24...
03:40:26 24: RemoteBayesFactor.BayesFactorRemote(bayes_threshold=100, bf_data_folder='/panfs/panasas01/phys/bf16951/QMD/ParallelDevelopment/Results/Oct_01/12_46/BayesFactorsTimeRecords/', branchID=4, host_name='node35-001', interbranch=False, log_file='/panfs/panasas01/phys/bf16951/QMD/ParallelDevelopment/Results/Oct_01/12_46/logs/NV-exp-method-sim__random--probe__QMLA_24.qmd.8794737.log', model_a_id=9, model_b_id=10, num_times_to_use=750, port_number=6324, qid=24, times_record='/panfs/panasas01/phys/bf16951/QMD/ParallelDevelopment/Results/Oct_01/12_46/BayesFactorsTimeRecords/BayesFactorsPairsTimes_024.txt', trueModel='xTiPPyTiPPzTiPPzTz') (3191c39b-18f9-4d9c-afdc-7e3d2d4e8214)
04:29:44 24: Job OK (3191c39b-18f9-4d9c-afdc-7e3d2d4e8214)
04:29:44 Result will never expire, clean up result key manually
04:29:44 Cleaning registries for queue: 24
04:29:44 
04:29:44 *** Listening on 24...
04:29:45 24: RemoteModelLearning.learnModelRemote('xTiPPxTxPPyTiPPyTyPPzTiPPzTz', 11.0, branchID=5, growth_generator='NV_alternative_model', host_name='node35-001', log_file='/panfs/panasas01/phys/bf16951/QMD/ParallelDevelopment/Results/Oct_01/12_46/logs/NV-exp-method-sim__random--probe__QMLA_24.qmd.8794737.log', port_number=6324, qid=24, remote=True) (fbf6beda-802b-4864-a218-e7b16537ee53)
04:55:19 24: Job OK (fbf6beda-802b-4864-a218-e7b16537ee53)
04:55:19 Result will never expire, clean up result key manually
04:55:19 Cleaning registries for queue: 24
04:55:19 
04:55:19 *** Listening on 24...
04:55:19 24: RemoteModelLearning.learnModelRemote('xTiPPxTxPPxTzPPyTiPPyTyPPzTiPPzTz', 12.0, branchID=6, growth_generator='NV_alternative_model', host_name='node35-001', log_file='/panfs/panasas01/phys/bf16951/QMD/ParallelDevelopment/Results/Oct_01/12_46/logs/NV-exp-method-sim__random--probe__QMLA_24.qmd.8794737.log', port_number=6324, qid=24, remote=True) (92301358-c856-4c05-b8b8-0feb7f1de3a2)
04:55:19 24: RemoteModelLearning.learnModelRemote('xTiPPxTxPPxTyPPyTiPPyTyPPzTiPPzTz', 13.0, branchID=6, growth_generator='NV_alternative_model', host_name='node35-001', log_file='/panfs/panasas01/phys/bf16951/QMD/ParallelDevelopment/Results/Oct_01/12_46/logs/NV-exp-method-sim__random--probe__QMLA_24.qmd.8794737.log', port_number=6324, qid=24, remote=True) (cf046680-fc8d-4dc8-baf7-c38db6a9bdde)
04:55:19 24: RemoteModelLearning.learnModelRemote('xTiPPxTxPPyTiPPyTyPPyTzPPzTiPPzTz', 14.0, branchID=6, growth_generator='NV_alternative_model', host_name='node35-001', log_file='/panfs/panasas01/phys/bf16951/QMD/ParallelDevelopment/Results/Oct_01/12_46/logs/NV-exp-method-sim__random--probe__QMLA_24.qmd.8794737.log', port_number=6324, qid=24, remote=True) (bab5c60b-9b04-40dd-ba86-2d1383a5929a)
05:20:57 24: Job OK (cf046680-fc8d-4dc8-baf7-c38db6a9bdde)
05:20:57 Result will never expire, clean up result key manually
05:20:57 Cleaning registries for queue: 24
05:20:57 
05:20:57 *** Listening on 24...
05:21:23 24: Job OK (92301358-c856-4c05-b8b8-0feb7f1de3a2)
05:21:23 Result will never expire, clean up result key manually
05:21:23 Cleaning registries for queue: 24
05:21:23 
05:21:23 *** Listening on 24...
05:21:24 24: Job OK (bab5c60b-9b04-40dd-ba86-2d1383a5929a)
05:21:24 Result will never expire, clean up result key manually
05:21:24 Cleaning registries for queue: 24
05:21:24 
05:21:24 *** Listening on 24...
05:21:25 24: RemoteBayesFactor.BayesFactorRemote(bayes_threshold=100, bf_data_folder='/panfs/panasas01/phys/bf16951/QMD/ParallelDevelopment/Results/Oct_01/12_46/BayesFactorsTimeRecords/', branchID=6, host_name='node35-001', interbranch=False, log_file='/panfs/panasas01/phys/bf16951/QMD/ParallelDevelopment/Results/Oct_01/12_46/logs/NV-exp-method-sim__random--probe__QMLA_24.qmd.8794737.log', model_a_id=12, model_b_id=14, num_times_to_use=750, port_number=6324, qid=24, times_record='/panfs/panasas01/phys/bf16951/QMD/ParallelDevelopment/Results/Oct_01/12_46/BayesFactorsTimeRecords/BayesFactorsPairsTimes_024.txt', trueModel='xTiPPyTiPPzTiPPzTz') (f14c74be-0ddf-4659-a896-1a7ca7b872f2)
05:21:25 24: RemoteBayesFactor.BayesFactorRemote(bayes_threshold=100, bf_data_folder='/panfs/panasas01/phys/bf16951/QMD/ParallelDevelopment/Results/Oct_01/12_46/BayesFactorsTimeRecords/', branchID=6, host_name='node35-001', interbranch=False, log_file='/panfs/panasas01/phys/bf16951/QMD/ParallelDevelopment/Results/Oct_01/12_46/logs/NV-exp-method-sim__random--probe__QMLA_24.qmd.8794737.log', model_a_id=13, model_b_id=14, num_times_to_use=750, port_number=6324, qid=24, times_record='/panfs/panasas01/phys/bf16951/QMD/ParallelDevelopment/Results/Oct_01/12_46/BayesFactorsTimeRecords/BayesFactorsPairsTimes_024.txt', trueModel='xTiPPyTiPPzTiPPzTz') (1314f387-f77c-4337-b04c-097eb5ea0471)
05:21:25 24: RemoteBayesFactor.BayesFactorRemote(bayes_threshold=100, bf_data_folder='/panfs/panasas01/phys/bf16951/QMD/ParallelDevelopment/Results/Oct_01/12_46/BayesFactorsTimeRecords/', branchID=6, host_name='node35-001', interbranch=False, log_file='/panfs/panasas01/phys/bf16951/QMD/ParallelDevelopment/Results/Oct_01/12_46/logs/NV-exp-method-sim__random--probe__QMLA_24.qmd.8794737.log', model_a_id=12, model_b_id=13, num_times_to_use=750, port_number=6324, qid=24, times_record='/panfs/panasas01/phys/bf16951/QMD/ParallelDevelopment/Results/Oct_01/12_46/BayesFactorsTimeRecords/BayesFactorsPairsTimes_024.txt', trueModel='xTiPPyTiPPzTiPPzTz') (34799912-7489-4c89-9dc2-987b185f8130)
06:12:50 24: Job OK (34799912-7489-4c89-9dc2-987b185f8130)
06:12:50 Result will never expire, clean up result key manually
06:12:50 Cleaning registries for queue: 24
06:12:50 
06:12:50 *** Listening on 24...
06:13:04 24: Job OK (1314f387-f77c-4337-b04c-097eb5ea0471)
06:13:04 Result will never expire, clean up result key manually
06:13:04 Cleaning registries for queue: 24
06:13:04 
06:13:04 *** Listening on 24...
06:13:05 24: Job OK (f14c74be-0ddf-4659-a896-1a7ca7b872f2)
06:13:05 Result will never expire, clean up result key manually
06:13:05 Cleaning registries for queue: 24
06:13:05 
06:13:05 *** Listening on 24...
06:13:05 24: RemoteModelLearning.learnModelRemote('xTiPPxTxPPxTyPPyTiPPyTyPPyTzPPzTiPPzTz', 15.0, branchID=7, growth_generator='NV_alternative_model', host_name='node35-001', log_file='/panfs/panasas01/phys/bf16951/QMD/ParallelDevelopment/Results/Oct_01/12_46/logs/NV-exp-method-sim__random--probe__QMLA_24.qmd.8794737.log', port_number=6324, qid=24, remote=True) (6d3b4995-bac2-49a0-b56a-1012c3f5ed4c)
06:13:05 24: RemoteModelLearning.learnModelRemote('xTiPPxTxPPxTzPPyTiPPyTyPPyTzPPzTiPPzTz', 16.0, branchID=7, growth_generator='NV_alternative_model', host_name='node35-001', log_file='/panfs/panasas01/phys/bf16951/QMD/ParallelDevelopment/Results/Oct_01/12_46/logs/NV-exp-method-sim__random--probe__QMLA_24.qmd.8794737.log', port_number=6324, qid=24, remote=True) (f0876602-a015-4dfa-aa7c-7e0cbd5fd47d)
06:38:09 24: Job OK (f0876602-a015-4dfa-aa7c-7e0cbd5fd47d)
06:38:09 Result will never expire, clean up result key manually
06:38:09 Cleaning registries for queue: 24
06:38:09 
06:38:09 *** Listening on 24...
06:39:20 24: Job OK (6d3b4995-bac2-49a0-b56a-1012c3f5ed4c)
06:39:20 Result will never expire, clean up result key manually
06:39:20 Cleaning registries for queue: 24
06:39:20 
06:39:20 *** Listening on 24...
06:39:21 24: RemoteBayesFactor.BayesFactorRemote(bayes_threshold=100, bf_data_folder='/panfs/panasas01/phys/bf16951/QMD/ParallelDevelopment/Results/Oct_01/12_46/BayesFactorsTimeRecords/', branchID=7, host_name='node35-001', interbranch=False, log_file='/panfs/panasas01/phys/bf16951/QMD/ParallelDevelopment/Results/Oct_01/12_46/logs/NV-exp-method-sim__random--probe__QMLA_24.qmd.8794737.log', model_a_id=15, model_b_id=16, num_times_to_use=750, port_number=6324, qid=24, times_record='/panfs/panasas01/phys/bf16951/QMD/ParallelDevelopment/Results/Oct_01/12_46/BayesFactorsTimeRecords/BayesFactorsPairsTimes_024.txt', trueModel='xTiPPyTiPPzTiPPzTz') (fc844483-9a9d-4ff1-a3eb-4abb045fc258)
07:28:10 24: Job OK (fc844483-9a9d-4ff1-a3eb-4abb045fc258)
07:28:10 Result will never expire, clean up result key manually
07:28:10 Cleaning registries for queue: 24
07:28:10 
07:28:10 *** Listening on 24...
07:28:10 24: RemoteModelLearning.learnModelRemote('xTiPPxTxPPxTyPPxTzPPyTiPPyTyPPyTzPPzTiPPzTz', 17.0, branchID=8, growth_generator='NV_alternative_model', host_name='node35-001', log_file='/panfs/panasas01/phys/bf16951/QMD/ParallelDevelopment/Results/Oct_01/12_46/logs/NV-exp-method-sim__random--probe__QMLA_24.qmd.8794737.log', port_number=6324, qid=24, remote=True) (289ba144-69f4-43a7-baa2-7ce7c1357998)
07:53:17 24: Job OK (289ba144-69f4-43a7-baa2-7ce7c1357998)
07:53:17 Result will never expire, clean up result key manually
07:53:17 24: RemoteBayesFactor.BayesFactorRemote(bayes_threshold=100, bf_data_folder='/panfs/panasas01/phys/bf16951/QMD/ParallelDevelopment/Results/Oct_01/12_46/BayesFactorsTimeRecords/', branchID=None, host_name='node35-001', interbranch=True, log_file='/panfs/panasas01/phys/bf16951/QMD/ParallelDevelopment/Results/Oct_01/12_46/logs/NV-exp-method-sim__random--probe__QMLA_24.qmd.8794737.log', model_a_id=1, model_b_id=3, num_times_to_use=750, port_number=6324, qid=24, times_record='/panfs/panasas01/phys/bf16951/QMD/ParallelDevelopment/Results/Oct_01/12_46/BayesFactorsTimeRecords/BayesFactorsPairsTimes_024.txt', trueModel='xTiPPyTiPPzTiPPzTz') (c6e1d503-6c33-4a0f-990e-5166b1f0ce5b)
07:53:17 Cleaning registries for queue: 24
07:53:17 24: RemoteBayesFactor.BayesFactorRemote(bayes_threshold=100, bf_data_folder='/panfs/panasas01/phys/bf16951/QMD/ParallelDevelopment/Results/Oct_01/12_46/BayesFactorsTimeRecords/', branchID=None, host_name='node35-001', interbranch=True, log_file='/panfs/panasas01/phys/bf16951/QMD/ParallelDevelopment/Results/Oct_01/12_46/logs/NV-exp-method-sim__random--probe__QMLA_24.qmd.8794737.log', model_a_id=3, model_b_id=5, num_times_to_use=750, port_number=6324, qid=24, times_record='/panfs/panasas01/phys/bf16951/QMD/ParallelDevelopment/Results/Oct_01/12_46/BayesFactorsTimeRecords/BayesFactorsPairsTimes_024.txt', trueModel='xTiPPyTiPPzTiPPzTz') (fad90326-2e09-4284-bc0f-91cc18152a63)
07:53:17 
07:53:17 *** Listening on 24...
07:53:17 24: RemoteBayesFactor.BayesFactorRemote(bayes_threshold=100, bf_data_folder='/panfs/panasas01/phys/bf16951/QMD/ParallelDevelopment/Results/Oct_01/12_46/BayesFactorsTimeRecords/', branchID=None, host_name='node35-001', interbranch=True, log_file='/panfs/panasas01/phys/bf16951/QMD/ParallelDevelopment/Results/Oct_01/12_46/logs/NV-exp-method-sim__random--probe__QMLA_24.qmd.8794737.log', model_a_id=5, model_b_id=6, num_times_to_use=750, port_number=6324, qid=24, times_record='/panfs/panasas01/phys/bf16951/QMD/ParallelDevelopment/Results/Oct_01/12_46/BayesFactorsTimeRecords/BayesFactorsPairsTimes_024.txt', trueModel='xTiPPyTiPPzTiPPzTz') (740d26a5-8555-4883-8b49-1fb411064a90)
07:53:17 24: RemoteBayesFactor.BayesFactorRemote(bayes_threshold=100, bf_data_folder='/panfs/panasas01/phys/bf16951/QMD/ParallelDevelopment/Results/Oct_01/12_46/BayesFactorsTimeRecords/', branchID=None, host_name='node35-001', interbranch=True, log_file='/panfs/panasas01/phys/bf16951/QMD/ParallelDevelopment/Results/Oct_01/12_46/logs/NV-exp-method-sim__random--probe__QMLA_24.qmd.8794737.log', model_a_id=6, model_b_id=9, num_times_to_use=750, port_number=6324, qid=24, times_record='/panfs/panasas01/phys/bf16951/QMD/ParallelDevelopment/Results/Oct_01/12_46/BayesFactorsTimeRecords/BayesFactorsPairsTimes_024.txt', trueModel='xTiPPyTiPPzTiPPzTz') (11f17734-59b5-4e67-8194-edc56094e667)
07:53:17 24: RemoteBayesFactor.BayesFactorRemote(bayes_threshold=100, bf_data_folder='/panfs/panasas01/phys/bf16951/QMD/ParallelDevelopment/Results/Oct_01/12_46/BayesFactorsTimeRecords/', branchID=None, host_name='node35-001', interbranch=True, log_file='/panfs/panasas01/phys/bf16951/QMD/ParallelDevelopment/Results/Oct_01/12_46/logs/NV-exp-method-sim__random--probe__QMLA_24.qmd.8794737.log', model_a_id=9, model_b_id=11, num_times_to_use=750, port_number=6324, qid=24, times_record='/panfs/panasas01/phys/bf16951/QMD/ParallelDevelopment/Results/Oct_01/12_46/BayesFactorsTimeRecords/BayesFactorsPairsTimes_024.txt', trueModel='xTiPPyTiPPzTiPPzTz') (351c1e1d-2f34-4f1d-92e7-890f4c10921c)
07:53:17 24: RemoteBayesFactor.BayesFactorRemote(bayes_threshold=100, bf_data_folder='/panfs/panasas01/phys/bf16951/QMD/ParallelDevelopment/Results/Oct_01/12_46/BayesFactorsTimeRecords/', branchID=None, host_name='node35-001', interbranch=True, log_file='/panfs/panasas01/phys/bf16951/QMD/ParallelDevelopment/Results/Oct_01/12_46/logs/NV-exp-method-sim__random--probe__QMLA_24.qmd.8794737.log', model_a_id=11, model_b_id=14, num_times_to_use=750, port_number=6324, qid=24, times_record='/panfs/panasas01/phys/bf16951/QMD/ParallelDevelopment/Results/Oct_01/12_46/BayesFactorsTimeRecords/BayesFactorsPairsTimes_024.txt', trueModel='xTiPPyTiPPzTiPPzTz') (27e64836-2ae5-4f4a-8091-6ae9ac2bd41e)
08:45:44 24: Job OK (351c1e1d-2f34-4f1d-92e7-890f4c10921c)
08:45:44 Result will never expire, clean up result key manually
08:45:44 Cleaning registries for queue: 24
08:45:44 
08:45:44 *** Listening on 24...
08:45:44 24: RemoteBayesFactor.BayesFactorRemote(bayes_threshold=100, bf_data_folder='/panfs/panasas01/phys/bf16951/QMD/ParallelDevelopment/Results/Oct_01/12_46/BayesFactorsTimeRecords/', branchID=None, host_name='node35-001', interbranch=True, log_file='/panfs/panasas01/phys/bf16951/QMD/ParallelDevelopment/Results/Oct_01/12_46/logs/NV-exp-method-sim__random--probe__QMLA_24.qmd.8794737.log', model_a_id=14, model_b_id=16, num_times_to_use=750, port_number=6324, qid=24, times_record='/panfs/panasas01/phys/bf16951/QMD/ParallelDevelopment/Results/Oct_01/12_46/BayesFactorsTimeRecords/BayesFactorsPairsTimes_024.txt', trueModel='xTiPPyTiPPzTiPPzTz') (2cbe1862-b730-4ba5-ae78-8db34b491ac3)
08:46:04 24: Job OK (27e64836-2ae5-4f4a-8091-6ae9ac2bd41e)
08:46:04 Result will never expire, clean up result key manually
08:46:04 
08:46:04 *** Listening on 24...
08:46:04 24: RemoteBayesFactor.BayesFactorRemote(bayes_threshold=100, bf_data_folder='/panfs/panasas01/phys/bf16951/QMD/ParallelDevelopment/Results/Oct_01/12_46/BayesFactorsTimeRecords/', branchID=None, host_name='node35-001', interbranch=True, log_file='/panfs/panasas01/phys/bf16951/QMD/ParallelDevelopment/Results/Oct_01/12_46/logs/NV-exp-method-sim__random--probe__QMLA_24.qmd.8794737.log', model_a_id=16, model_b_id=17, num_times_to_use=750, port_number=6324, qid=24, times_record='/panfs/panasas01/phys/bf16951/QMD/ParallelDevelopment/Results/Oct_01/12_46/BayesFactorsTimeRecords/BayesFactorsPairsTimes_024.txt', trueModel='xTiPPyTiPPzTiPPzTz') (0c4f9be1-9d47-43ca-bebf-83a35a8a34c8)
08:46:36 24: Job OK (11f17734-59b5-4e67-8194-edc56094e667)
08:46:36 Result will never expire, clean up result key manually
08:46:36 Cleaning registries for queue: 24
08:46:36 
08:46:36 *** Listening on 24...
08:47:19 24: Job OK (740d26a5-8555-4883-8b49-1fb411064a90)
08:47:19 Result will never expire, clean up result key manually
08:47:19 Cleaning registries for queue: 24
08:47:19 
08:47:19 *** Listening on 24...
08:47:35 24: Job OK (fad90326-2e09-4284-bc0f-91cc18152a63)
08:47:35 Result will never expire, clean up result key manually
08:47:35 Cleaning registries for queue: 24
08:47:35 
08:47:35 *** Listening on 24...
08:48:58 24: Job OK (c6e1d503-6c33-4a0f-990e-5166b1f0ce5b)
08:48:58 Result will never expire, clean up result key manually
08:48:58 Cleaning registries for queue: 24
08:48:58 
08:48:58 *** Listening on 24...
09:36:09 24: Job OK (2cbe1862-b730-4ba5-ae78-8db34b491ac3)
09:36:09 Result will never expire, clean up result key manually
09:36:09 
09:36:09 *** Listening on 24...
09:37:04 24: Job OK (0c4f9be1-9d47-43ca-bebf-83a35a8a34c8)
09:37:04 Result will never expire, clean up result key manually
09:37:04 Cleaning registries for queue: 24
09:37:04 
09:37:04 *** Listening on 24...
09:37:04 24: RemoteBayesFactor.BayesFactorRemote(bayes_threshold=100, bf_data_folder='/panfs/panasas01/phys/bf16951/QMD/ParallelDevelopment/Results/Oct_01/12_46/BayesFactorsTimeRecords/', branchID=9, host_name='node35-001', interbranch=False, log_file='/panfs/panasas01/phys/bf16951/QMD/ParallelDevelopment/Results/Oct_01/12_46/logs/NV-exp-method-sim__random--probe__QMLA_24.qmd.8794737.log', model_a_id=6.0, model_b_id=3.0, num_times_to_use=750, port_number=6324, qid=24, times_record='/panfs/panasas01/phys/bf16951/QMD/ParallelDevelopment/Results/Oct_01/12_46/BayesFactorsTimeRecords/BayesFactorsPairsTimes_024.txt', trueModel='xTiPPyTiPPzTiPPzTz') (e7e770fe-08e3-480d-9fbb-97a6c9a7e448)
09:37:04 24: RemoteBayesFactor.BayesFactorRemote(bayes_threshold=100, bf_data_folder='/panfs/panasas01/phys/bf16951/QMD/ParallelDevelopment/Results/Oct_01/12_46/BayesFactorsTimeRecords/', branchID=9, host_name='node35-001', interbranch=False, log_file='/panfs/panasas01/phys/bf16951/QMD/ParallelDevelopment/Results/Oct_01/12_46/logs/NV-exp-method-sim__random--probe__QMLA_24.qmd.8794737.log', model_a_id=6.0, model_b_id=11.0, num_times_to_use=750, port_number=6324, qid=24, times_record='/panfs/panasas01/phys/bf16951/QMD/ParallelDevelopment/Results/Oct_01/12_46/BayesFactorsTimeRecords/BayesFactorsPairsTimes_024.txt', trueModel='xTiPPyTiPPzTiPPzTz') (5bccc3a8-6d42-47e7-a5c3-865fa885d1d7)
09:37:04 24: RemoteBayesFactor.BayesFactorRemote(bayes_threshold=100, bf_data_folder='/panfs/panasas01/phys/bf16951/QMD/ParallelDevelopment/Results/Oct_01/12_46/BayesFactorsTimeRecords/', branchID=9, host_name='node35-001', interbranch=False, log_file='/panfs/panasas01/phys/bf16951/QMD/ParallelDevelopment/Results/Oct_01/12_46/logs/NV-exp-method-sim__random--probe__QMLA_24.qmd.8794737.log', model_a_id=3.0, model_b_id=11.0, num_times_to_use=750, port_number=6324, qid=24, times_record='/panfs/panasas01/phys/bf16951/QMD/ParallelDevelopment/Results/Oct_01/12_46/BayesFactorsTimeRecords/BayesFactorsPairsTimes_024.txt', trueModel='xTiPPyTiPPzTiPPzTz') (0015303b-7eca-4008-9609-71e0c09f1078)
10:28:26 24: Job OK (5bccc3a8-6d42-47e7-a5c3-865fa885d1d7)
10:28:26 Result will never expire, clean up result key manually
10:28:26 Cleaning registries for queue: 24
10:28:26 
10:28:26 *** Listening on 24...
10:29:20 24: Job OK (0015303b-7eca-4008-9609-71e0c09f1078)
10:29:20 Result will never expire, clean up result key manually
10:29:20 Cleaning registries for queue: 24
10:29:20 
10:29:20 *** Listening on 24...
10:29:49 24: Job OK (e7e770fe-08e3-480d-9fbb-97a6c9a7e448)
10:29:49 Result will never expire, clean up result key manually
10:29:49 Cleaning registries for queue: 24
10:29:49 
10:29:49 *** Listening on 24...
Error 111 connecting to node35-001:6324. Connection refused.
Error 111 connecting to node35-001:6324. Connection refused.
Error 111 connecting to node35-001:6324. Connection refused.
Error 111 connecting to node35-001:6324. Connection refused.
Error 111 connecting to node35-001:6324. Connection refused.
Error 111 connecting to node35-001:6324. Connection refused.
