00:34:44 RQ worker 'rq:worker:node35-004.104599' started, version 0.8.1
00:34:44 RQ worker 'rq:worker:node35-004.104603' started, version 0.8.1
00:34:44 RQ worker 'rq:worker:node35-004.104600' started, version 0.8.1
00:34:44 RQ worker 'rq:worker:node35-004.104602' started, version 0.8.1
00:34:44 RQ worker 'rq:worker:node35-004.104601' started, version 0.8.1
00:34:44 RQ worker 'rq:worker:node35-004.104604' started, version 0.8.1
00:34:44 Cleaning registries for queue: 44
00:34:44 Cleaning registries for queue: 44
00:34:44 Cleaning registries for queue: 44
00:34:44 Cleaning registries for queue: 44
00:34:44 Cleaning registries for queue: 44
00:34:44 Cleaning registries for queue: 44
00:34:44 
00:34:44 
00:34:44 
00:34:44 
00:34:44 
00:34:44 
00:34:44 *** Listening on 44...
00:34:44 *** Listening on 44...
00:34:44 *** Listening on 44...
00:34:44 *** Listening on 44...
00:34:44 *** Listening on 44...
00:34:44 *** Listening on 44...
00:34:55 44: RemoteModelLearning.learnModelRemote('yTi', 1.0, branchID=0, growth_generator='NV_alternative_model', host_name='node35-004', log_file='/panfs/panasas01/phys/bf16951/QMD/ParallelDevelopment/Results/Oct_01/12_46/logs/NV-exp-method-sim__random--probe__QMLA_44.qmd.8794757.log', port_number=6344, qid=44, remote=True) (24c5d3b2-d785-4bcb-af7e-d2a389c39f5d)
00:34:55 44: RemoteModelLearning.learnModelRemote('zTi', 2.0, branchID=0, growth_generator='NV_alternative_model', host_name='node35-004', log_file='/panfs/panasas01/phys/bf16951/QMD/ParallelDevelopment/Results/Oct_01/12_46/logs/NV-exp-method-sim__random--probe__QMLA_44.qmd.8794757.log', port_number=6344, qid=44, remote=True) (96196196-cbb7-418e-b0e9-6b84c2866d2f)
00:34:55 44: RemoteModelLearning.learnModelRemote('xTi', 0.0, branchID=0, growth_generator='NV_alternative_model', host_name='node35-004', log_file='/panfs/panasas01/phys/bf16951/QMD/ParallelDevelopment/Results/Oct_01/12_46/logs/NV-exp-method-sim__random--probe__QMLA_44.qmd.8794757.log', port_number=6344, qid=44, remote=True) (d393f477-6d25-47d2-9714-6010ce6ca32a)
01:00:16 44: Job OK (d393f477-6d25-47d2-9714-6010ce6ca32a)
01:00:16 Result will never expire, clean up result key manually
01:00:16 
01:00:16 *** Listening on 44...
01:00:18 44: Job OK (24c5d3b2-d785-4bcb-af7e-d2a389c39f5d)
01:00:18 Result will never expire, clean up result key manually
01:00:18 
01:00:18 *** Listening on 44...
01:10:55 44: Job OK (96196196-cbb7-418e-b0e9-6b84c2866d2f)
01:10:55 Result will never expire, clean up result key manually
01:10:55 
01:10:55 *** Listening on 44...
01:10:55 44: RemoteBayesFactor.BayesFactorRemote(bayes_threshold=100, bf_data_folder='/panfs/panasas01/phys/bf16951/QMD/ParallelDevelopment/Results/Oct_01/12_46/BayesFactorsTimeRecords/', branchID=0, host_name='node35-004', interbranch=False, log_file='/panfs/panasas01/phys/bf16951/QMD/ParallelDevelopment/Results/Oct_01/12_46/logs/NV-exp-method-sim__random--probe__QMLA_44.qmd.8794757.log', model_a_id=0, model_b_id=1, num_times_to_use=750, port_number=6344, qid=44, times_record='/panfs/panasas01/phys/bf16951/QMD/ParallelDevelopment/Results/Oct_01/12_46/BayesFactorsTimeRecords/BayesFactorsPairsTimes_044.txt', trueModel='xTiPPyTiPPzTiPPzTz') (7e91603c-33b4-48a1-98ab-af47ff2f0fc7)
01:10:55 44: RemoteBayesFactor.BayesFactorRemote(bayes_threshold=100, bf_data_folder='/panfs/panasas01/phys/bf16951/QMD/ParallelDevelopment/Results/Oct_01/12_46/BayesFactorsTimeRecords/', branchID=0, host_name='node35-004', interbranch=False, log_file='/panfs/panasas01/phys/bf16951/QMD/ParallelDevelopment/Results/Oct_01/12_46/logs/NV-exp-method-sim__random--probe__QMLA_44.qmd.8794757.log', model_a_id=0, model_b_id=2, num_times_to_use=750, port_number=6344, qid=44, times_record='/panfs/panasas01/phys/bf16951/QMD/ParallelDevelopment/Results/Oct_01/12_46/BayesFactorsTimeRecords/BayesFactorsPairsTimes_044.txt', trueModel='xTiPPyTiPPzTiPPzTz') (e72f8b26-1c0e-4115-b72c-d01e8edc4947)
01:10:55 44: RemoteBayesFactor.BayesFactorRemote(bayes_threshold=100, bf_data_folder='/panfs/panasas01/phys/bf16951/QMD/ParallelDevelopment/Results/Oct_01/12_46/BayesFactorsTimeRecords/', branchID=0, host_name='node35-004', interbranch=False, log_file='/panfs/panasas01/phys/bf16951/QMD/ParallelDevelopment/Results/Oct_01/12_46/logs/NV-exp-method-sim__random--probe__QMLA_44.qmd.8794757.log', model_a_id=1, model_b_id=2, num_times_to_use=750, port_number=6344, qid=44, times_record='/panfs/panasas01/phys/bf16951/QMD/ParallelDevelopment/Results/Oct_01/12_46/BayesFactorsTimeRecords/BayesFactorsPairsTimes_044.txt', trueModel='xTiPPyTiPPzTiPPzTz') (69df34c8-60b6-423b-b510-236b6a2be55f)
02:04:27 44: Job OK (7e91603c-33b4-48a1-98ab-af47ff2f0fc7)
02:04:27 Result will never expire, clean up result key manually
02:04:27 Cleaning registries for queue: 44
02:04:27 
02:04:27 *** Listening on 44...
02:17:18 44: Job OK (e72f8b26-1c0e-4115-b72c-d01e8edc4947)
02:17:18 Result will never expire, clean up result key manually
02:17:18 Cleaning registries for queue: 44
02:17:18 
02:17:18 *** Listening on 44...
02:18:11 44: Job OK (69df34c8-60b6-423b-b510-236b6a2be55f)
02:18:11 Result will never expire, clean up result key manually
02:18:11 Cleaning registries for queue: 44
02:18:11 
02:18:11 *** Listening on 44...
02:18:11 44: RemoteModelLearning.learnModelRemote('yTiPPzTi', 3.0, branchID=1, growth_generator='NV_alternative_model', host_name='node35-004', log_file='/panfs/panasas01/phys/bf16951/QMD/ParallelDevelopment/Results/Oct_01/12_46/logs/NV-exp-method-sim__random--probe__QMLA_44.qmd.8794757.log', port_number=6344, qid=44, remote=True) (4071a751-12c8-4a5d-9105-f86e34292d6b)
02:18:11 44: RemoteModelLearning.learnModelRemote('xTiPPyTi', 4.0, branchID=1, growth_generator='NV_alternative_model', host_name='node35-004', log_file='/panfs/panasas01/phys/bf16951/QMD/ParallelDevelopment/Results/Oct_01/12_46/logs/NV-exp-method-sim__random--probe__QMLA_44.qmd.8794757.log', port_number=6344, qid=44, remote=True) (173cc72e-c731-4f47-8d38-5046bbde928a)
02:44:43 44: Job OK (4071a751-12c8-4a5d-9105-f86e34292d6b)
02:44:43 Result will never expire, clean up result key manually
02:44:43 
02:44:43 *** Listening on 44...
02:44:54 44: Job OK (173cc72e-c731-4f47-8d38-5046bbde928a)
02:44:54 Result will never expire, clean up result key manually
02:44:54 Cleaning registries for queue: 44
02:44:54 
02:44:54 *** Listening on 44...
02:44:54 44: RemoteBayesFactor.BayesFactorRemote(bayes_threshold=100, bf_data_folder='/panfs/panasas01/phys/bf16951/QMD/ParallelDevelopment/Results/Oct_01/12_46/BayesFactorsTimeRecords/', branchID=1, host_name='node35-004', interbranch=False, log_file='/panfs/panasas01/phys/bf16951/QMD/ParallelDevelopment/Results/Oct_01/12_46/logs/NV-exp-method-sim__random--probe__QMLA_44.qmd.8794757.log', model_a_id=3, model_b_id=4, num_times_to_use=750, port_number=6344, qid=44, times_record='/panfs/panasas01/phys/bf16951/QMD/ParallelDevelopment/Results/Oct_01/12_46/BayesFactorsTimeRecords/BayesFactorsPairsTimes_044.txt', trueModel='xTiPPyTiPPzTiPPzTz') (93f2a37f-c2fb-4f80-9c76-e5573888129f)
03:37:24 44: Job OK (93f2a37f-c2fb-4f80-9c76-e5573888129f)
03:37:24 Result will never expire, clean up result key manually
03:37:24 Cleaning registries for queue: 44
03:37:24 
03:37:24 *** Listening on 44...
03:37:24 44: RemoteModelLearning.learnModelRemote('xTiPPyTiPPzTi', 5.0, branchID=2, growth_generator='NV_alternative_model', host_name='node35-004', log_file='/panfs/panasas01/phys/bf16951/QMD/ParallelDevelopment/Results/Oct_01/12_46/logs/NV-exp-method-sim__random--probe__QMLA_44.qmd.8794757.log', port_number=6344, qid=44, remote=True) (fc6f6283-45c1-476a-97ce-6a51fb3e1c83)
04:04:06 44: Job OK (fc6f6283-45c1-476a-97ce-6a51fb3e1c83)
04:04:06 Result will never expire, clean up result key manually
04:04:06 Cleaning registries for queue: 44
04:04:06 
04:04:06 *** Listening on 44...
04:04:06 44: RemoteModelLearning.learnModelRemote('xTiPPxTxPPyTiPPzTi', 6.0, branchID=3, growth_generator='NV_alternative_model', host_name='node35-004', log_file='/panfs/panasas01/phys/bf16951/QMD/ParallelDevelopment/Results/Oct_01/12_46/logs/NV-exp-method-sim__random--probe__QMLA_44.qmd.8794757.log', port_number=6344, qid=44, remote=True) (3b688e37-6cea-4860-90fb-b7a51a381e23)
04:04:06 44: RemoteModelLearning.learnModelRemote('xTiPPyTiPPyTyPPzTi', 7.0, branchID=3, growth_generator='NV_alternative_model', host_name='node35-004', log_file='/panfs/panasas01/phys/bf16951/QMD/ParallelDevelopment/Results/Oct_01/12_46/logs/NV-exp-method-sim__random--probe__QMLA_44.qmd.8794757.log', port_number=6344, qid=44, remote=True) (e98e0241-7821-4136-bdc7-b3302b10f7c2)
04:04:06 44: RemoteModelLearning.learnModelRemote('xTiPPyTiPPzTiPPzTz', 8.0, branchID=3, growth_generator='NV_alternative_model', host_name='node35-004', log_file='/panfs/panasas01/phys/bf16951/QMD/ParallelDevelopment/Results/Oct_01/12_46/logs/NV-exp-method-sim__random--probe__QMLA_44.qmd.8794757.log', port_number=6344, qid=44, remote=True) (1b90e924-2336-421b-af28-28a3d8a192bd)
04:30:47 44: Job OK (3b688e37-6cea-4860-90fb-b7a51a381e23)
04:30:47 Result will never expire, clean up result key manually
04:30:47 Cleaning registries for queue: 44
04:30:47 
04:30:47 *** Listening on 44...
04:31:11 44: Job OK (e98e0241-7821-4136-bdc7-b3302b10f7c2)
04:31:11 Result will never expire, clean up result key manually
04:31:11 Cleaning registries for queue: 44
04:31:11 
04:31:11 *** Listening on 44...
04:31:21 44: Job OK (1b90e924-2336-421b-af28-28a3d8a192bd)
04:31:21 Result will never expire, clean up result key manually
04:31:21 Cleaning registries for queue: 44
04:31:21 
04:31:21 *** Listening on 44...
04:31:21 44: RemoteBayesFactor.BayesFactorRemote(bayes_threshold=100, bf_data_folder='/panfs/panasas01/phys/bf16951/QMD/ParallelDevelopment/Results/Oct_01/12_46/BayesFactorsTimeRecords/', branchID=3, host_name='node35-004', interbranch=False, log_file='/panfs/panasas01/phys/bf16951/QMD/ParallelDevelopment/Results/Oct_01/12_46/logs/NV-exp-method-sim__random--probe__QMLA_44.qmd.8794757.log', model_a_id=6, model_b_id=8, num_times_to_use=750, port_number=6344, qid=44, times_record='/panfs/panasas01/phys/bf16951/QMD/ParallelDevelopment/Results/Oct_01/12_46/BayesFactorsTimeRecords/BayesFactorsPairsTimes_044.txt', trueModel='xTiPPyTiPPzTiPPzTz') (b87a510f-df13-42bd-8878-145a9bda4ae7)
04:31:21 44: RemoteBayesFactor.BayesFactorRemote(bayes_threshold=100, bf_data_folder='/panfs/panasas01/phys/bf16951/QMD/ParallelDevelopment/Results/Oct_01/12_46/BayesFactorsTimeRecords/', branchID=3, host_name='node35-004', interbranch=False, log_file='/panfs/panasas01/phys/bf16951/QMD/ParallelDevelopment/Results/Oct_01/12_46/logs/NV-exp-method-sim__random--probe__QMLA_44.qmd.8794757.log', model_a_id=7, model_b_id=8, num_times_to_use=750, port_number=6344, qid=44, times_record='/panfs/panasas01/phys/bf16951/QMD/ParallelDevelopment/Results/Oct_01/12_46/BayesFactorsTimeRecords/BayesFactorsPairsTimes_044.txt', trueModel='xTiPPyTiPPzTiPPzTz') (090585d0-b3eb-4f28-b7b0-cd0ed6afb3bd)
04:31:21 44: RemoteBayesFactor.BayesFactorRemote(bayes_threshold=100, bf_data_folder='/panfs/panasas01/phys/bf16951/QMD/ParallelDevelopment/Results/Oct_01/12_46/BayesFactorsTimeRecords/', branchID=3, host_name='node35-004', interbranch=False, log_file='/panfs/panasas01/phys/bf16951/QMD/ParallelDevelopment/Results/Oct_01/12_46/logs/NV-exp-method-sim__random--probe__QMLA_44.qmd.8794757.log', model_a_id=6, model_b_id=7, num_times_to_use=750, port_number=6344, qid=44, times_record='/panfs/panasas01/phys/bf16951/QMD/ParallelDevelopment/Results/Oct_01/12_46/BayesFactorsTimeRecords/BayesFactorsPairsTimes_044.txt', trueModel='xTiPPyTiPPzTiPPzTz') (74a80073-0025-4fd0-ac4b-b8f12c5903a9)
05:24:20 44: Job OK (74a80073-0025-4fd0-ac4b-b8f12c5903a9)
05:24:20 Result will never expire, clean up result key manually
05:24:20 Cleaning registries for queue: 44
05:24:20 
05:24:20 *** Listening on 44...
05:24:42 44: Job OK (090585d0-b3eb-4f28-b7b0-cd0ed6afb3bd)
05:24:42 Result will never expire, clean up result key manually
05:24:42 Cleaning registries for queue: 44
05:24:42 
05:24:42 *** Listening on 44...
05:24:44 44: Job OK (b87a510f-df13-42bd-8878-145a9bda4ae7)
05:24:44 Result will never expire, clean up result key manually
05:24:44 Cleaning registries for queue: 44
05:24:44 
05:24:44 *** Listening on 44...
05:24:44 44: RemoteModelLearning.learnModelRemote('xTiPPxTxPPyTiPPzTiPPzTz', 9.0, branchID=4, growth_generator='NV_alternative_model', host_name='node35-004', log_file='/panfs/panasas01/phys/bf16951/QMD/ParallelDevelopment/Results/Oct_01/12_46/logs/NV-exp-method-sim__random--probe__QMLA_44.qmd.8794757.log', port_number=6344, qid=44, remote=True) (1e8fed40-3b78-4d9a-8080-e6d172e75b68)
05:24:45 44: RemoteModelLearning.learnModelRemote('xTiPPyTiPPyTyPPzTiPPzTz', 10.0, branchID=4, growth_generator='NV_alternative_model', host_name='node35-004', log_file='/panfs/panasas01/phys/bf16951/QMD/ParallelDevelopment/Results/Oct_01/12_46/logs/NV-exp-method-sim__random--probe__QMLA_44.qmd.8794757.log', port_number=6344, qid=44, remote=True) (fce1e55e-4310-427f-ae54-ef4600c12290)
05:50:35 44: Job OK (1e8fed40-3b78-4d9a-8080-e6d172e75b68)
05:50:35 Result will never expire, clean up result key manually
05:50:35 Cleaning registries for queue: 44
05:50:35 
05:50:35 *** Listening on 44...
05:50:58 44: Job OK (fce1e55e-4310-427f-ae54-ef4600c12290)
05:50:58 Result will never expire, clean up result key manually
05:50:58 Cleaning registries for queue: 44
05:50:58 
05:50:58 *** Listening on 44...
05:50:58 44: RemoteBayesFactor.BayesFactorRemote(bayes_threshold=100, bf_data_folder='/panfs/panasas01/phys/bf16951/QMD/ParallelDevelopment/Results/Oct_01/12_46/BayesFactorsTimeRecords/', branchID=4, host_name='node35-004', interbranch=False, log_file='/panfs/panasas01/phys/bf16951/QMD/ParallelDevelopment/Results/Oct_01/12_46/logs/NV-exp-method-sim__random--probe__QMLA_44.qmd.8794757.log', model_a_id=9, model_b_id=10, num_times_to_use=750, port_number=6344, qid=44, times_record='/panfs/panasas01/phys/bf16951/QMD/ParallelDevelopment/Results/Oct_01/12_46/BayesFactorsTimeRecords/BayesFactorsPairsTimes_044.txt', trueModel='xTiPPyTiPPzTiPPzTz') (9814bf35-153b-43dc-94c7-3ad6d039e9a3)
06:42:58 44: Job OK (9814bf35-153b-43dc-94c7-3ad6d039e9a3)
06:42:58 Result will never expire, clean up result key manually
06:42:58 Cleaning registries for queue: 44
06:42:58 
06:42:58 *** Listening on 44...
06:42:58 44: RemoteModelLearning.learnModelRemote('xTiPPxTxPPyTiPPyTyPPzTiPPzTz', 11.0, branchID=5, growth_generator='NV_alternative_model', host_name='node35-004', log_file='/panfs/panasas01/phys/bf16951/QMD/ParallelDevelopment/Results/Oct_01/12_46/logs/NV-exp-method-sim__random--probe__QMLA_44.qmd.8794757.log', port_number=6344, qid=44, remote=True) (c96f77d2-4964-4f4b-8517-0c9b068af3df)
07:08:56 44: Job OK (c96f77d2-4964-4f4b-8517-0c9b068af3df)
07:08:56 Result will never expire, clean up result key manually
07:08:56 Cleaning registries for queue: 44
07:08:56 
07:08:56 *** Listening on 44...
07:08:56 44: RemoteModelLearning.learnModelRemote('xTiPPxTxPPxTyPPyTiPPyTyPPzTiPPzTz', 12.0, branchID=6, growth_generator='NV_alternative_model', host_name='node35-004', log_file='/panfs/panasas01/phys/bf16951/QMD/ParallelDevelopment/Results/Oct_01/12_46/logs/NV-exp-method-sim__random--probe__QMLA_44.qmd.8794757.log', port_number=6344, qid=44, remote=True) (7d952788-9fb2-4e25-82e0-41c76c8f501d)
07:08:56 44: RemoteModelLearning.learnModelRemote('xTiPPxTxPPyTiPPyTyPPyTzPPzTiPPzTz', 13.0, branchID=6, growth_generator='NV_alternative_model', host_name='node35-004', log_file='/panfs/panasas01/phys/bf16951/QMD/ParallelDevelopment/Results/Oct_01/12_46/logs/NV-exp-method-sim__random--probe__QMLA_44.qmd.8794757.log', port_number=6344, qid=44, remote=True) (145b985e-786c-4495-9978-19dca09ee677)
07:08:56 44: RemoteModelLearning.learnModelRemote('xTiPPxTxPPxTzPPyTiPPyTyPPzTiPPzTz', 14.0, branchID=6, growth_generator='NV_alternative_model', host_name='node35-004', log_file='/panfs/panasas01/phys/bf16951/QMD/ParallelDevelopment/Results/Oct_01/12_46/logs/NV-exp-method-sim__random--probe__QMLA_44.qmd.8794757.log', port_number=6344, qid=44, remote=True) (e1430e0b-6bde-4382-8492-f6c796881ce3)
07:34:49 44: Job OK (e1430e0b-6bde-4382-8492-f6c796881ce3)
07:34:49 Result will never expire, clean up result key manually
07:34:49 Cleaning registries for queue: 44
07:34:49 
07:34:49 *** Listening on 44...
07:34:55 44: Job OK (145b985e-786c-4495-9978-19dca09ee677)
07:34:55 Result will never expire, clean up result key manually
07:34:55 Cleaning registries for queue: 44
07:34:55 
07:34:55 *** Listening on 44...
07:35:06 44: Job OK (7d952788-9fb2-4e25-82e0-41c76c8f501d)
07:35:06 Result will never expire, clean up result key manually
07:35:06 Cleaning registries for queue: 44
07:35:06 
07:35:06 *** Listening on 44...
07:35:06 44: RemoteBayesFactor.BayesFactorRemote(bayes_threshold=100, bf_data_folder='/panfs/panasas01/phys/bf16951/QMD/ParallelDevelopment/Results/Oct_01/12_46/BayesFactorsTimeRecords/', branchID=6, host_name='node35-004', interbranch=False, log_file='/panfs/panasas01/phys/bf16951/QMD/ParallelDevelopment/Results/Oct_01/12_46/logs/NV-exp-method-sim__random--probe__QMLA_44.qmd.8794757.log', model_a_id=12, model_b_id=13, num_times_to_use=750, port_number=6344, qid=44, times_record='/panfs/panasas01/phys/bf16951/QMD/ParallelDevelopment/Results/Oct_01/12_46/BayesFactorsTimeRecords/BayesFactorsPairsTimes_044.txt', trueModel='xTiPPyTiPPzTiPPzTz') (f7457797-d631-4158-80e4-fd27eef69090)
07:35:06 44: RemoteBayesFactor.BayesFactorRemote(bayes_threshold=100, bf_data_folder='/panfs/panasas01/phys/bf16951/QMD/ParallelDevelopment/Results/Oct_01/12_46/BayesFactorsTimeRecords/', branchID=6, host_name='node35-004', interbranch=False, log_file='/panfs/panasas01/phys/bf16951/QMD/ParallelDevelopment/Results/Oct_01/12_46/logs/NV-exp-method-sim__random--probe__QMLA_44.qmd.8794757.log', model_a_id=12, model_b_id=14, num_times_to_use=750, port_number=6344, qid=44, times_record='/panfs/panasas01/phys/bf16951/QMD/ParallelDevelopment/Results/Oct_01/12_46/BayesFactorsTimeRecords/BayesFactorsPairsTimes_044.txt', trueModel='xTiPPyTiPPzTiPPzTz') (da0fb543-92ec-4ec3-af2f-4fc33a58835a)
07:35:06 44: RemoteBayesFactor.BayesFactorRemote(bayes_threshold=100, bf_data_folder='/panfs/panasas01/phys/bf16951/QMD/ParallelDevelopment/Results/Oct_01/12_46/BayesFactorsTimeRecords/', branchID=6, host_name='node35-004', interbranch=False, log_file='/panfs/panasas01/phys/bf16951/QMD/ParallelDevelopment/Results/Oct_01/12_46/logs/NV-exp-method-sim__random--probe__QMLA_44.qmd.8794757.log', model_a_id=13, model_b_id=14, num_times_to_use=750, port_number=6344, qid=44, times_record='/panfs/panasas01/phys/bf16951/QMD/ParallelDevelopment/Results/Oct_01/12_46/BayesFactorsTimeRecords/BayesFactorsPairsTimes_044.txt', trueModel='xTiPPyTiPPzTiPPzTz') (62d28c78-8767-418d-8e4b-ef29cfd6e401)
08:26:55 44: Job OK (62d28c78-8767-418d-8e4b-ef29cfd6e401)
08:26:55 Result will never expire, clean up result key manually
08:26:55 Cleaning registries for queue: 44
08:26:55 
08:26:55 *** Listening on 44...
08:26:56 44: Job OK (da0fb543-92ec-4ec3-af2f-4fc33a58835a)
08:26:56 Result will never expire, clean up result key manually
08:26:56 Cleaning registries for queue: 44
08:26:56 
08:26:56 *** Listening on 44...
08:27:10 44: Job OK (f7457797-d631-4158-80e4-fd27eef69090)
08:27:10 Result will never expire, clean up result key manually
08:27:10 Cleaning registries for queue: 44
08:27:10 
08:27:10 *** Listening on 44...
08:27:11 44: RemoteModelLearning.learnModelRemote('xTiPPxTxPPxTzPPyTiPPyTyPPyTzPPzTiPPzTz', 15.0, branchID=7, growth_generator='NV_alternative_model', host_name='node35-004', log_file='/panfs/panasas01/phys/bf16951/QMD/ParallelDevelopment/Results/Oct_01/12_46/logs/NV-exp-method-sim__random--probe__QMLA_44.qmd.8794757.log', port_number=6344, qid=44, remote=True) (09f9143a-4a87-4cdb-ab9d-2b9d171d45b3)
08:27:11 44: RemoteModelLearning.learnModelRemote('xTiPPxTxPPxTyPPxTzPPyTiPPyTyPPzTiPPzTz', 16.0, branchID=7, growth_generator='NV_alternative_model', host_name='node35-004', log_file='/panfs/panasas01/phys/bf16951/QMD/ParallelDevelopment/Results/Oct_01/12_46/logs/NV-exp-method-sim__random--probe__QMLA_44.qmd.8794757.log', port_number=6344, qid=44, remote=True) (2909587b-282b-449b-891d-3c27fed15676)
08:53:49 44: Job OK (09f9143a-4a87-4cdb-ab9d-2b9d171d45b3)
08:53:49 Result will never expire, clean up result key manually
08:53:49 Cleaning registries for queue: 44
08:53:49 
08:53:49 *** Listening on 44...
08:53:51 44: Job OK (2909587b-282b-449b-891d-3c27fed15676)
08:53:51 Result will never expire, clean up result key manually
08:53:51 Cleaning registries for queue: 44
08:53:51 
08:53:51 *** Listening on 44...
08:53:51 44: RemoteBayesFactor.BayesFactorRemote(bayes_threshold=100, bf_data_folder='/panfs/panasas01/phys/bf16951/QMD/ParallelDevelopment/Results/Oct_01/12_46/BayesFactorsTimeRecords/', branchID=7, host_name='node35-004', interbranch=False, log_file='/panfs/panasas01/phys/bf16951/QMD/ParallelDevelopment/Results/Oct_01/12_46/logs/NV-exp-method-sim__random--probe__QMLA_44.qmd.8794757.log', model_a_id=15, model_b_id=16, num_times_to_use=750, port_number=6344, qid=44, times_record='/panfs/panasas01/phys/bf16951/QMD/ParallelDevelopment/Results/Oct_01/12_46/BayesFactorsTimeRecords/BayesFactorsPairsTimes_044.txt', trueModel='xTiPPyTiPPzTiPPzTz') (89341ba9-c46c-4d6e-aa94-bb1395cb862d)
09:44:36 44: Job OK (89341ba9-c46c-4d6e-aa94-bb1395cb862d)
09:44:36 Result will never expire, clean up result key manually
09:44:36 Cleaning registries for queue: 44
09:44:36 
09:44:36 *** Listening on 44...
09:44:36 44: RemoteModelLearning.learnModelRemote('xTiPPxTxPPxTyPPxTzPPyTiPPyTyPPyTzPPzTiPPzTz', 17.0, branchID=8, growth_generator='NV_alternative_model', host_name='node35-004', log_file='/panfs/panasas01/phys/bf16951/QMD/ParallelDevelopment/Results/Oct_01/12_46/logs/NV-exp-method-sim__random--probe__QMLA_44.qmd.8794757.log', port_number=6344, qid=44, remote=True) (f3868513-8acf-4653-8cdc-055736ff9ebe)
10:09:02 44: Job OK (f3868513-8acf-4653-8cdc-055736ff9ebe)
10:09:02 Result will never expire, clean up result key manually
10:09:02 44: RemoteBayesFactor.BayesFactorRemote(bayes_threshold=100, bf_data_folder='/panfs/panasas01/phys/bf16951/QMD/ParallelDevelopment/Results/Oct_01/12_46/BayesFactorsTimeRecords/', branchID=None, host_name='node35-004', interbranch=True, log_file='/panfs/panasas01/phys/bf16951/QMD/ParallelDevelopment/Results/Oct_01/12_46/logs/NV-exp-method-sim__random--probe__QMLA_44.qmd.8794757.log', model_a_id=1, model_b_id=3, num_times_to_use=750, port_number=6344, qid=44, times_record='/panfs/panasas01/phys/bf16951/QMD/ParallelDevelopment/Results/Oct_01/12_46/BayesFactorsTimeRecords/BayesFactorsPairsTimes_044.txt', trueModel='xTiPPyTiPPzTiPPzTz') (4cde759b-2454-4659-85bb-977e4d3e1344)
10:09:02 44: RemoteBayesFactor.BayesFactorRemote(bayes_threshold=100, bf_data_folder='/panfs/panasas01/phys/bf16951/QMD/ParallelDevelopment/Results/Oct_01/12_46/BayesFactorsTimeRecords/', branchID=None, host_name='node35-004', interbranch=True, log_file='/panfs/panasas01/phys/bf16951/QMD/ParallelDevelopment/Results/Oct_01/12_46/logs/NV-exp-method-sim__random--probe__QMLA_44.qmd.8794757.log', model_a_id=3, model_b_id=5, num_times_to_use=750, port_number=6344, qid=44, times_record='/panfs/panasas01/phys/bf16951/QMD/ParallelDevelopment/Results/Oct_01/12_46/BayesFactorsTimeRecords/BayesFactorsPairsTimes_044.txt', trueModel='xTiPPyTiPPzTiPPzTz') (32ca0a0f-7bbe-4762-a670-4e7508cd092d)
10:09:02 44: RemoteBayesFactor.BayesFactorRemote(bayes_threshold=100, bf_data_folder='/panfs/panasas01/phys/bf16951/QMD/ParallelDevelopment/Results/Oct_01/12_46/BayesFactorsTimeRecords/', branchID=None, host_name='node35-004', interbranch=True, log_file='/panfs/panasas01/phys/bf16951/QMD/ParallelDevelopment/Results/Oct_01/12_46/logs/NV-exp-method-sim__random--probe__QMLA_44.qmd.8794757.log', model_a_id=5, model_b_id=8, num_times_to_use=750, port_number=6344, qid=44, times_record='/panfs/panasas01/phys/bf16951/QMD/ParallelDevelopment/Results/Oct_01/12_46/BayesFactorsTimeRecords/BayesFactorsPairsTimes_044.txt', trueModel='xTiPPyTiPPzTiPPzTz') (9992e025-8ab9-4229-98ee-3b696520c278)
10:09:02 44: RemoteBayesFactor.BayesFactorRemote(bayes_threshold=100, bf_data_folder='/panfs/panasas01/phys/bf16951/QMD/ParallelDevelopment/Results/Oct_01/12_46/BayesFactorsTimeRecords/', branchID=None, host_name='node35-004', interbranch=True, log_file='/panfs/panasas01/phys/bf16951/QMD/ParallelDevelopment/Results/Oct_01/12_46/logs/NV-exp-method-sim__random--probe__QMLA_44.qmd.8794757.log', model_a_id=8, model_b_id=9, num_times_to_use=750, port_number=6344, qid=44, times_record='/panfs/panasas01/phys/bf16951/QMD/ParallelDevelopment/Results/Oct_01/12_46/BayesFactorsTimeRecords/BayesFactorsPairsTimes_044.txt', trueModel='xTiPPyTiPPzTiPPzTz') (4e548dd6-66ac-427c-86db-989de892d930)
10:09:02 44: RemoteBayesFactor.BayesFactorRemote(bayes_threshold=100, bf_data_folder='/panfs/panasas01/phys/bf16951/QMD/ParallelDevelopment/Results/Oct_01/12_46/BayesFactorsTimeRecords/', branchID=None, host_name='node35-004', interbranch=True, log_file='/panfs/panasas01/phys/bf16951/QMD/ParallelDevelopment/Results/Oct_01/12_46/logs/NV-exp-method-sim__random--probe__QMLA_44.qmd.8794757.log', model_a_id=9, model_b_id=11, num_times_to_use=750, port_number=6344, qid=44, times_record='/panfs/panasas01/phys/bf16951/QMD/ParallelDevelopment/Results/Oct_01/12_46/BayesFactorsTimeRecords/BayesFactorsPairsTimes_044.txt', trueModel='xTiPPyTiPPzTiPPzTz') (f9553f3b-5232-469d-bf45-568c54ca5743)
10:09:02 Cleaning registries for queue: 44
10:09:02 
10:09:02 *** Listening on 44...
10:09:02 44: RemoteBayesFactor.BayesFactorRemote(bayes_threshold=100, bf_data_folder='/panfs/panasas01/phys/bf16951/QMD/ParallelDevelopment/Results/Oct_01/12_46/BayesFactorsTimeRecords/', branchID=None, host_name='node35-004', interbranch=True, log_file='/panfs/panasas01/phys/bf16951/QMD/ParallelDevelopment/Results/Oct_01/12_46/logs/NV-exp-method-sim__random--probe__QMLA_44.qmd.8794757.log', model_a_id=11, model_b_id=14, num_times_to_use=750, port_number=6344, qid=44, times_record='/panfs/panasas01/phys/bf16951/QMD/ParallelDevelopment/Results/Oct_01/12_46/BayesFactorsTimeRecords/BayesFactorsPairsTimes_044.txt', trueModel='xTiPPyTiPPzTiPPzTz') (cb0908e1-c13d-4995-a67e-5d16e00c0a4d)
10:58:16 44: Job OK (cb0908e1-c13d-4995-a67e-5d16e00c0a4d)
10:58:16 Result will never expire, clean up result key manually
10:58:16 
10:58:16 *** Listening on 44...
10:58:16 44: RemoteBayesFactor.BayesFactorRemote(bayes_threshold=100, bf_data_folder='/panfs/panasas01/phys/bf16951/QMD/ParallelDevelopment/Results/Oct_01/12_46/BayesFactorsTimeRecords/', branchID=None, host_name='node35-004', interbranch=True, log_file='/panfs/panasas01/phys/bf16951/QMD/ParallelDevelopment/Results/Oct_01/12_46/logs/NV-exp-method-sim__random--probe__QMLA_44.qmd.8794757.log', model_a_id=14, model_b_id=15, num_times_to_use=750, port_number=6344, qid=44, times_record='/panfs/panasas01/phys/bf16951/QMD/ParallelDevelopment/Results/Oct_01/12_46/BayesFactorsTimeRecords/BayesFactorsPairsTimes_044.txt', trueModel='xTiPPyTiPPzTiPPzTz') (7a9ecf3a-d0d0-44bc-a939-a896b69e0327)
10:58:35 44: Job OK (4e548dd6-66ac-427c-86db-989de892d930)
10:58:35 Result will never expire, clean up result key manually
10:58:35 Cleaning registries for queue: 44
10:58:35 
10:58:35 *** Listening on 44...
10:58:35 44: RemoteBayesFactor.BayesFactorRemote(bayes_threshold=100, bf_data_folder='/panfs/panasas01/phys/bf16951/QMD/ParallelDevelopment/Results/Oct_01/12_46/BayesFactorsTimeRecords/', branchID=None, host_name='node35-004', interbranch=True, log_file='/panfs/panasas01/phys/bf16951/QMD/ParallelDevelopment/Results/Oct_01/12_46/logs/NV-exp-method-sim__random--probe__QMLA_44.qmd.8794757.log', model_a_id=15, model_b_id=17, num_times_to_use=750, port_number=6344, qid=44, times_record='/panfs/panasas01/phys/bf16951/QMD/ParallelDevelopment/Results/Oct_01/12_46/BayesFactorsTimeRecords/BayesFactorsPairsTimes_044.txt', trueModel='xTiPPyTiPPzTiPPzTz') (16b38f34-78da-48e9-92fe-38fa56485fc9)
10:59:10 44: Job OK (9992e025-8ab9-4229-98ee-3b696520c278)
10:59:10 Result will never expire, clean up result key manually
10:59:10 Cleaning registries for queue: 44
10:59:10 
10:59:10 *** Listening on 44...
10:59:14 44: Job OK (f9553f3b-5232-469d-bf45-568c54ca5743)
10:59:14 Result will never expire, clean up result key manually
10:59:14 Cleaning registries for queue: 44
10:59:14 
10:59:14 *** Listening on 44...
11:00:30 44: Job OK (4cde759b-2454-4659-85bb-977e4d3e1344)
11:00:30 Result will never expire, clean up result key manually
11:00:30 Cleaning registries for queue: 44
11:00:30 
11:00:30 *** Listening on 44...
11:00:31 44: Job OK (32ca0a0f-7bbe-4762-a670-4e7508cd092d)
11:00:31 Result will never expire, clean up result key manually
11:00:31 Cleaning registries for queue: 44
11:00:31 
11:00:31 *** Listening on 44...
11:45:27 44: Job OK (7a9ecf3a-d0d0-44bc-a939-a896b69e0327)
11:45:27 Result will never expire, clean up result key manually
11:45:27 Cleaning registries for queue: 44
11:45:27 
11:45:27 *** Listening on 44...
11:45:45 44: Job OK (16b38f34-78da-48e9-92fe-38fa56485fc9)
11:45:45 Result will never expire, clean up result key manually
11:45:45 
11:45:45 *** Listening on 44...
11:45:45 44: RemoteBayesFactor.BayesFactorRemote(bayes_threshold=100, bf_data_folder='/panfs/panasas01/phys/bf16951/QMD/ParallelDevelopment/Results/Oct_01/12_46/BayesFactorsTimeRecords/', branchID=9, host_name='node35-004', interbranch=False, log_file='/panfs/panasas01/phys/bf16951/QMD/ParallelDevelopment/Results/Oct_01/12_46/logs/NV-exp-method-sim__random--probe__QMLA_44.qmd.8794757.log', model_a_id=14.0, model_b_id=8.0, num_times_to_use=750, port_number=6344, qid=44, times_record='/panfs/panasas01/phys/bf16951/QMD/ParallelDevelopment/Results/Oct_01/12_46/BayesFactorsTimeRecords/BayesFactorsPairsTimes_044.txt', trueModel='xTiPPyTiPPzTiPPzTz') (47185086-933a-467d-9abf-6b23a44fab8c)
12:34:00 44: Job OK (47185086-933a-467d-9abf-6b23a44fab8c)
12:34:00 Result will never expire, clean up result key manually
12:34:00 Cleaning registries for queue: 44
12:34:00 
12:34:00 *** Listening on 44...
Error 111 connecting to node35-004:6344. Connection refused.
Error 111 connecting to node35-004:6344. Connection refused.
Error 111 connecting to node35-004:6344. Connection refused.
Error 111 connecting to node35-004:6344. Connection refused.
Error 111 connecting to node35-004:6344. Connection refused.
Error 111 connecting to node35-004:6344. Connection refused.
