13:47:22 RQ worker 'rq:worker:node35-039.91787' started, version 0.8.1
13:47:22 RQ worker 'rq:worker:node35-039.91786' started, version 0.8.1
13:47:22 RQ worker 'rq:worker:node35-039.91782' started, version 0.8.1
13:47:22 RQ worker 'rq:worker:node35-039.91783' started, version 0.8.1
13:47:22 RQ worker 'rq:worker:node35-039.91784' started, version 0.8.1
13:47:22 RQ worker 'rq:worker:node35-039.91785' started, version 0.8.1
13:47:22 Cleaning registries for queue: 17
13:47:22 Cleaning registries for queue: 17
13:47:22 Cleaning registries for queue: 17
13:47:22 Cleaning registries for queue: 17
13:47:22 Cleaning registries for queue: 17
13:47:22 Cleaning registries for queue: 17
13:47:22 
13:47:22 
13:47:22 *** Listening on 17...
13:47:22 *** Listening on 17...
13:47:22 
13:47:22 
13:47:22 
13:47:22 
13:47:22 *** Listening on 17...
13:47:22 *** Listening on 17...
13:47:22 *** Listening on 17...
13:47:22 *** Listening on 17...
13:47:31 17: RemoteModelLearning.learnModelRemote('zTi', 2.0, branchID=0, growth_generator='NV_alternative_model', host_name='node35-039', log_file='/panfs/panasas01/phys/bf16951/QMD/ParallelDevelopment/Results/Oct_01/12_46/logs/NV-exp-method-sim__random--probe__QMLA_17.qmd.8794730.log', port_number=6317, qid=17, remote=True) (bfeb91ef-0d7f-4a87-a1ba-fd63c5c2a0a7)
13:47:31 17: RemoteModelLearning.learnModelRemote('yTi', 1.0, branchID=0, growth_generator='NV_alternative_model', host_name='node35-039', log_file='/panfs/panasas01/phys/bf16951/QMD/ParallelDevelopment/Results/Oct_01/12_46/logs/NV-exp-method-sim__random--probe__QMLA_17.qmd.8794730.log', port_number=6317, qid=17, remote=True) (1e3821fa-8a9e-40a3-a93e-7a2465c7461d)
13:47:31 17: RemoteModelLearning.learnModelRemote('xTi', 0.0, branchID=0, growth_generator='NV_alternative_model', host_name='node35-039', log_file='/panfs/panasas01/phys/bf16951/QMD/ParallelDevelopment/Results/Oct_01/12_46/logs/NV-exp-method-sim__random--probe__QMLA_17.qmd.8794730.log', port_number=6317, qid=17, remote=True) (dad2519b-e892-4293-a97d-3c89d6288408)
14:14:07 17: Job OK (dad2519b-e892-4293-a97d-3c89d6288408)
14:14:07 Result will never expire, clean up result key manually
14:14:07 
14:14:07 *** Listening on 17...
14:14:11 17: Job OK (1e3821fa-8a9e-40a3-a93e-7a2465c7461d)
14:14:11 Result will never expire, clean up result key manually
14:14:11 
14:14:11 *** Listening on 17...
14:15:24 17: Job OK (bfeb91ef-0d7f-4a87-a1ba-fd63c5c2a0a7)
14:15:24 Result will never expire, clean up result key manually
14:15:24 
14:15:24 *** Listening on 17...
14:15:24 17: RemoteBayesFactor.BayesFactorRemote(bayes_threshold=100, bf_data_folder='/panfs/panasas01/phys/bf16951/QMD/ParallelDevelopment/Results/Oct_01/12_46/BayesFactorsTimeRecords/', branchID=0, host_name='node35-039', interbranch=False, log_file='/panfs/panasas01/phys/bf16951/QMD/ParallelDevelopment/Results/Oct_01/12_46/logs/NV-exp-method-sim__random--probe__QMLA_17.qmd.8794730.log', model_a_id=1, model_b_id=2, num_times_to_use=750, port_number=6317, qid=17, times_record='/panfs/panasas01/phys/bf16951/QMD/ParallelDevelopment/Results/Oct_01/12_46/BayesFactorsTimeRecords/BayesFactorsPairsTimes_017.txt', trueModel='xTiPPyTiPPzTiPPzTz') (7b36fcf7-2db5-465c-8fb0-373161c0fee9)
14:15:24 17: RemoteBayesFactor.BayesFactorRemote(bayes_threshold=100, bf_data_folder='/panfs/panasas01/phys/bf16951/QMD/ParallelDevelopment/Results/Oct_01/12_46/BayesFactorsTimeRecords/', branchID=0, host_name='node35-039', interbranch=False, log_file='/panfs/panasas01/phys/bf16951/QMD/ParallelDevelopment/Results/Oct_01/12_46/logs/NV-exp-method-sim__random--probe__QMLA_17.qmd.8794730.log', model_a_id=0, model_b_id=1, num_times_to_use=750, port_number=6317, qid=17, times_record='/panfs/panasas01/phys/bf16951/QMD/ParallelDevelopment/Results/Oct_01/12_46/BayesFactorsTimeRecords/BayesFactorsPairsTimes_017.txt', trueModel='xTiPPyTiPPzTiPPzTz') (0733d08b-4fd1-4c46-b274-2efb2be3fe71)
14:15:24 17: RemoteBayesFactor.BayesFactorRemote(bayes_threshold=100, bf_data_folder='/panfs/panasas01/phys/bf16951/QMD/ParallelDevelopment/Results/Oct_01/12_46/BayesFactorsTimeRecords/', branchID=0, host_name='node35-039', interbranch=False, log_file='/panfs/panasas01/phys/bf16951/QMD/ParallelDevelopment/Results/Oct_01/12_46/logs/NV-exp-method-sim__random--probe__QMLA_17.qmd.8794730.log', model_a_id=0, model_b_id=2, num_times_to_use=750, port_number=6317, qid=17, times_record='/panfs/panasas01/phys/bf16951/QMD/ParallelDevelopment/Results/Oct_01/12_46/BayesFactorsTimeRecords/BayesFactorsPairsTimes_017.txt', trueModel='xTiPPyTiPPzTiPPzTz') (d0097c2b-87b9-4110-81da-bd2ebb03287a)
15:07:21 17: Job OK (d0097c2b-87b9-4110-81da-bd2ebb03287a)
15:07:21 Result will never expire, clean up result key manually
15:07:21 Cleaning registries for queue: 17
15:07:21 
15:07:21 *** Listening on 17...
15:09:20 17: Job OK (0733d08b-4fd1-4c46-b274-2efb2be3fe71)
15:09:20 Result will never expire, clean up result key manually
15:09:20 Cleaning registries for queue: 17
15:09:20 
15:09:20 *** Listening on 17...
15:09:36 17: Job OK (7b36fcf7-2db5-465c-8fb0-373161c0fee9)
15:09:36 Result will never expire, clean up result key manually
15:09:36 Cleaning registries for queue: 17
15:09:36 
15:09:36 *** Listening on 17...
15:09:36 17: RemoteModelLearning.learnModelRemote('xTiPPyTi', 4.0, branchID=1, growth_generator='NV_alternative_model', host_name='node35-039', log_file='/panfs/panasas01/phys/bf16951/QMD/ParallelDevelopment/Results/Oct_01/12_46/logs/NV-exp-method-sim__random--probe__QMLA_17.qmd.8794730.log', port_number=6317, qid=17, remote=True) (247c98e5-6239-4c92-8f76-c4977139733a)
15:09:36 17: RemoteModelLearning.learnModelRemote('yTiPPzTi', 3.0, branchID=1, growth_generator='NV_alternative_model', host_name='node35-039', log_file='/panfs/panasas01/phys/bf16951/QMD/ParallelDevelopment/Results/Oct_01/12_46/logs/NV-exp-method-sim__random--probe__QMLA_17.qmd.8794730.log', port_number=6317, qid=17, remote=True) (c3a3af36-1dd3-4dcb-9f0d-d034bfd9f5a0)
15:35:50 17: Job OK (247c98e5-6239-4c92-8f76-c4977139733a)
15:35:50 Result will never expire, clean up result key manually
15:35:50 Cleaning registries for queue: 17
15:35:50 
15:35:50 *** Listening on 17...
15:35:59 17: Job OK (c3a3af36-1dd3-4dcb-9f0d-d034bfd9f5a0)
15:35:59 Result will never expire, clean up result key manually
15:35:59 
15:35:59 *** Listening on 17...
15:35:59 17: RemoteBayesFactor.BayesFactorRemote(bayes_threshold=100, bf_data_folder='/panfs/panasas01/phys/bf16951/QMD/ParallelDevelopment/Results/Oct_01/12_46/BayesFactorsTimeRecords/', branchID=1, host_name='node35-039', interbranch=False, log_file='/panfs/panasas01/phys/bf16951/QMD/ParallelDevelopment/Results/Oct_01/12_46/logs/NV-exp-method-sim__random--probe__QMLA_17.qmd.8794730.log', model_a_id=3, model_b_id=4, num_times_to_use=750, port_number=6317, qid=17, times_record='/panfs/panasas01/phys/bf16951/QMD/ParallelDevelopment/Results/Oct_01/12_46/BayesFactorsTimeRecords/BayesFactorsPairsTimes_017.txt', trueModel='xTiPPyTiPPzTiPPzTz') (294701c4-373e-4272-b58c-eefe14f4bd1d)
16:27:05 17: Job OK (294701c4-373e-4272-b58c-eefe14f4bd1d)
16:27:05 Result will never expire, clean up result key manually
16:27:05 Cleaning registries for queue: 17
16:27:05 
16:27:05 *** Listening on 17...
16:27:05 17: RemoteModelLearning.learnModelRemote('xTiPPyTiPPzTi', 5.0, branchID=2, growth_generator='NV_alternative_model', host_name='node35-039', log_file='/panfs/panasas01/phys/bf16951/QMD/ParallelDevelopment/Results/Oct_01/12_46/logs/NV-exp-method-sim__random--probe__QMLA_17.qmd.8794730.log', port_number=6317, qid=17, remote=True) (9ffbcdc2-6cfb-4e87-bb5a-0951f2c1dff5)
16:52:37 17: Job OK (9ffbcdc2-6cfb-4e87-bb5a-0951f2c1dff5)
16:52:37 Result will never expire, clean up result key manually
16:52:37 Cleaning registries for queue: 17
16:52:37 
16:52:37 *** Listening on 17...
16:52:38 17: RemoteModelLearning.learnModelRemote('xTiPPxTxPPyTiPPzTi', 6.0, branchID=3, growth_generator='NV_alternative_model', host_name='node35-039', log_file='/panfs/panasas01/phys/bf16951/QMD/ParallelDevelopment/Results/Oct_01/12_46/logs/NV-exp-method-sim__random--probe__QMLA_17.qmd.8794730.log', port_number=6317, qid=17, remote=True) (88d0d0ba-0365-4799-bdde-36ff43b088cc)
16:52:38 17: RemoteModelLearning.learnModelRemote('xTiPPyTiPPzTiPPzTz', 7.0, branchID=3, growth_generator='NV_alternative_model', host_name='node35-039', log_file='/panfs/panasas01/phys/bf16951/QMD/ParallelDevelopment/Results/Oct_01/12_46/logs/NV-exp-method-sim__random--probe__QMLA_17.qmd.8794730.log', port_number=6317, qid=17, remote=True) (702eaea9-13b6-4e0c-a0d5-e6760a47e156)
16:52:38 17: RemoteModelLearning.learnModelRemote('xTiPPyTiPPyTyPPzTi', 8.0, branchID=3, growth_generator='NV_alternative_model', host_name='node35-039', log_file='/panfs/panasas01/phys/bf16951/QMD/ParallelDevelopment/Results/Oct_01/12_46/logs/NV-exp-method-sim__random--probe__QMLA_17.qmd.8794730.log', port_number=6317, qid=17, remote=True) (0ff7c7b8-bb42-45ef-8805-2a98dc0d99d4)
17:18:43 17: Job OK (88d0d0ba-0365-4799-bdde-36ff43b088cc)
17:18:43 Result will never expire, clean up result key manually
17:18:43 Cleaning registries for queue: 17
17:18:43 
17:18:43 *** Listening on 17...
17:18:49 17: Job OK (702eaea9-13b6-4e0c-a0d5-e6760a47e156)
17:18:49 Result will never expire, clean up result key manually
17:18:49 Cleaning registries for queue: 17
17:18:49 
17:18:49 *** Listening on 17...
17:18:53 17: Job OK (0ff7c7b8-bb42-45ef-8805-2a98dc0d99d4)
17:18:53 Result will never expire, clean up result key manually
17:18:53 
17:18:53 *** Listening on 17...
17:18:53 17: RemoteBayesFactor.BayesFactorRemote(bayes_threshold=100, bf_data_folder='/panfs/panasas01/phys/bf16951/QMD/ParallelDevelopment/Results/Oct_01/12_46/BayesFactorsTimeRecords/', branchID=3, host_name='node35-039', interbranch=False, log_file='/panfs/panasas01/phys/bf16951/QMD/ParallelDevelopment/Results/Oct_01/12_46/logs/NV-exp-method-sim__random--probe__QMLA_17.qmd.8794730.log', model_a_id=6, model_b_id=7, num_times_to_use=750, port_number=6317, qid=17, times_record='/panfs/panasas01/phys/bf16951/QMD/ParallelDevelopment/Results/Oct_01/12_46/BayesFactorsTimeRecords/BayesFactorsPairsTimes_017.txt', trueModel='xTiPPyTiPPzTiPPzTz') (f43ff38d-dbe5-4b4e-af6e-b537253979dd)
17:18:53 17: RemoteBayesFactor.BayesFactorRemote(bayes_threshold=100, bf_data_folder='/panfs/panasas01/phys/bf16951/QMD/ParallelDevelopment/Results/Oct_01/12_46/BayesFactorsTimeRecords/', branchID=3, host_name='node35-039', interbranch=False, log_file='/panfs/panasas01/phys/bf16951/QMD/ParallelDevelopment/Results/Oct_01/12_46/logs/NV-exp-method-sim__random--probe__QMLA_17.qmd.8794730.log', model_a_id=7, model_b_id=8, num_times_to_use=750, port_number=6317, qid=17, times_record='/panfs/panasas01/phys/bf16951/QMD/ParallelDevelopment/Results/Oct_01/12_46/BayesFactorsTimeRecords/BayesFactorsPairsTimes_017.txt', trueModel='xTiPPyTiPPzTiPPzTz') (0d6c951e-726c-4e62-8e87-bc227f2eaa63)
17:18:53 17: RemoteBayesFactor.BayesFactorRemote(bayes_threshold=100, bf_data_folder='/panfs/panasas01/phys/bf16951/QMD/ParallelDevelopment/Results/Oct_01/12_46/BayesFactorsTimeRecords/', branchID=3, host_name='node35-039', interbranch=False, log_file='/panfs/panasas01/phys/bf16951/QMD/ParallelDevelopment/Results/Oct_01/12_46/logs/NV-exp-method-sim__random--probe__QMLA_17.qmd.8794730.log', model_a_id=6, model_b_id=8, num_times_to_use=750, port_number=6317, qid=17, times_record='/panfs/panasas01/phys/bf16951/QMD/ParallelDevelopment/Results/Oct_01/12_46/BayesFactorsTimeRecords/BayesFactorsPairsTimes_017.txt', trueModel='xTiPPyTiPPzTiPPzTz') (4cf6b77f-13f9-4c7a-9dd9-5c9912bcd0c2)
18:11:08 17: Job OK (4cf6b77f-13f9-4c7a-9dd9-5c9912bcd0c2)
18:11:08 Result will never expire, clean up result key manually
18:11:08 Cleaning registries for queue: 17
18:11:08 
18:11:08 *** Listening on 17...
18:11:32 17: Job OK (f43ff38d-dbe5-4b4e-af6e-b537253979dd)
18:11:32 Result will never expire, clean up result key manually
18:11:32 Cleaning registries for queue: 17
18:11:32 
18:11:32 *** Listening on 17...
18:11:52 17: Job OK (0d6c951e-726c-4e62-8e87-bc227f2eaa63)
18:11:52 Result will never expire, clean up result key manually
18:11:52 Cleaning registries for queue: 17
18:11:52 
18:11:52 *** Listening on 17...
18:11:52 17: RemoteModelLearning.learnModelRemote('xTiPPyTiPPyTyPPzTiPPzTz', 9.0, branchID=4, growth_generator='NV_alternative_model', host_name='node35-039', log_file='/panfs/panasas01/phys/bf16951/QMD/ParallelDevelopment/Results/Oct_01/12_46/logs/NV-exp-method-sim__random--probe__QMLA_17.qmd.8794730.log', port_number=6317, qid=17, remote=True) (cb943728-a777-425d-a212-894e6ffc8105)
18:11:52 17: RemoteModelLearning.learnModelRemote('xTiPPxTxPPyTiPPzTiPPzTz', 10.0, branchID=4, growth_generator='NV_alternative_model', host_name='node35-039', log_file='/panfs/panasas01/phys/bf16951/QMD/ParallelDevelopment/Results/Oct_01/12_46/logs/NV-exp-method-sim__random--probe__QMLA_17.qmd.8794730.log', port_number=6317, qid=17, remote=True) (6c114826-4440-4fdf-a750-5848c9f112bb)
18:37:27 17: Job OK (6c114826-4440-4fdf-a750-5848c9f112bb)
18:37:27 Result will never expire, clean up result key manually
18:37:27 Cleaning registries for queue: 17
18:37:27 
18:37:27 *** Listening on 17...
18:37:44 17: Job OK (cb943728-a777-425d-a212-894e6ffc8105)
18:37:44 Result will never expire, clean up result key manually
18:37:44 Cleaning registries for queue: 17
18:37:44 
18:37:44 *** Listening on 17...
18:37:45 17: RemoteBayesFactor.BayesFactorRemote(bayes_threshold=100, bf_data_folder='/panfs/panasas01/phys/bf16951/QMD/ParallelDevelopment/Results/Oct_01/12_46/BayesFactorsTimeRecords/', branchID=4, host_name='node35-039', interbranch=False, log_file='/panfs/panasas01/phys/bf16951/QMD/ParallelDevelopment/Results/Oct_01/12_46/logs/NV-exp-method-sim__random--probe__QMLA_17.qmd.8794730.log', model_a_id=9, model_b_id=10, num_times_to_use=750, port_number=6317, qid=17, times_record='/panfs/panasas01/phys/bf16951/QMD/ParallelDevelopment/Results/Oct_01/12_46/BayesFactorsTimeRecords/BayesFactorsPairsTimes_017.txt', trueModel='xTiPPyTiPPzTiPPzTz') (49a0fc16-4dd0-4116-822d-543297302d2d)
19:27:59 17: Job OK (49a0fc16-4dd0-4116-822d-543297302d2d)
19:27:59 Result will never expire, clean up result key manually
19:28:00 Cleaning registries for queue: 17
19:28:00 
19:28:00 *** Listening on 17...
19:28:00 17: RemoteModelLearning.learnModelRemote('xTiPPxTxPPyTiPPyTyPPzTiPPzTz', 11.0, branchID=5, growth_generator='NV_alternative_model', host_name='node35-039', log_file='/panfs/panasas01/phys/bf16951/QMD/ParallelDevelopment/Results/Oct_01/12_46/logs/NV-exp-method-sim__random--probe__QMLA_17.qmd.8794730.log', port_number=6317, qid=17, remote=True) (f7811583-74c0-4450-92cb-0330007da9cb)
19:53:17 17: Job OK (f7811583-74c0-4450-92cb-0330007da9cb)
19:53:17 Result will never expire, clean up result key manually
19:53:17 Cleaning registries for queue: 17
19:53:17 
19:53:17 *** Listening on 17...
19:53:17 17: RemoteModelLearning.learnModelRemote('xTiPPxTxPPxTzPPyTiPPyTyPPzTiPPzTz', 12.0, branchID=6, growth_generator='NV_alternative_model', host_name='node35-039', log_file='/panfs/panasas01/phys/bf16951/QMD/ParallelDevelopment/Results/Oct_01/12_46/logs/NV-exp-method-sim__random--probe__QMLA_17.qmd.8794730.log', port_number=6317, qid=17, remote=True) (8535e768-7e9a-4ac1-bfac-a77f09256dde)
19:53:17 17: RemoteModelLearning.learnModelRemote('xTiPPxTxPPyTiPPyTyPPyTzPPzTiPPzTz', 13.0, branchID=6, growth_generator='NV_alternative_model', host_name='node35-039', log_file='/panfs/panasas01/phys/bf16951/QMD/ParallelDevelopment/Results/Oct_01/12_46/logs/NV-exp-method-sim__random--probe__QMLA_17.qmd.8794730.log', port_number=6317, qid=17, remote=True) (610df442-e3e7-406c-91d5-422abb6068b0)
19:53:17 17: RemoteModelLearning.learnModelRemote('xTiPPxTxPPxTyPPyTiPPyTyPPzTiPPzTz', 14.0, branchID=6, growth_generator='NV_alternative_model', host_name='node35-039', log_file='/panfs/panasas01/phys/bf16951/QMD/ParallelDevelopment/Results/Oct_01/12_46/logs/NV-exp-method-sim__random--probe__QMLA_17.qmd.8794730.log', port_number=6317, qid=17, remote=True) (af4fb6e3-890b-40cc-af47-d34ee1b45f15)
20:19:22 17: Job OK (610df442-e3e7-406c-91d5-422abb6068b0)
20:19:22 Result will never expire, clean up result key manually
20:19:22 Cleaning registries for queue: 17
20:19:22 
20:19:22 *** Listening on 17...
20:19:39 17: Job OK (af4fb6e3-890b-40cc-af47-d34ee1b45f15)
20:19:39 Result will never expire, clean up result key manually
20:19:39 Cleaning registries for queue: 17
20:19:39 
20:19:39 *** Listening on 17...
20:19:59 17: Job OK (8535e768-7e9a-4ac1-bfac-a77f09256dde)
20:19:59 Result will never expire, clean up result key manually
20:19:59 Cleaning registries for queue: 17
20:19:59 
20:19:59 *** Listening on 17...
20:19:59 17: RemoteBayesFactor.BayesFactorRemote(bayes_threshold=100, bf_data_folder='/panfs/panasas01/phys/bf16951/QMD/ParallelDevelopment/Results/Oct_01/12_46/BayesFactorsTimeRecords/', branchID=6, host_name='node35-039', interbranch=False, log_file='/panfs/panasas01/phys/bf16951/QMD/ParallelDevelopment/Results/Oct_01/12_46/logs/NV-exp-method-sim__random--probe__QMLA_17.qmd.8794730.log', model_a_id=12, model_b_id=13, num_times_to_use=750, port_number=6317, qid=17, times_record='/panfs/panasas01/phys/bf16951/QMD/ParallelDevelopment/Results/Oct_01/12_46/BayesFactorsTimeRecords/BayesFactorsPairsTimes_017.txt', trueModel='xTiPPyTiPPzTiPPzTz') (d394b01e-6473-43d0-9db3-99a70c96b3c2)
20:19:59 17: RemoteBayesFactor.BayesFactorRemote(bayes_threshold=100, bf_data_folder='/panfs/panasas01/phys/bf16951/QMD/ParallelDevelopment/Results/Oct_01/12_46/BayesFactorsTimeRecords/', branchID=6, host_name='node35-039', interbranch=False, log_file='/panfs/panasas01/phys/bf16951/QMD/ParallelDevelopment/Results/Oct_01/12_46/logs/NV-exp-method-sim__random--probe__QMLA_17.qmd.8794730.log', model_a_id=13, model_b_id=14, num_times_to_use=750, port_number=6317, qid=17, times_record='/panfs/panasas01/phys/bf16951/QMD/ParallelDevelopment/Results/Oct_01/12_46/BayesFactorsTimeRecords/BayesFactorsPairsTimes_017.txt', trueModel='xTiPPyTiPPzTiPPzTz') (24ab6e07-3384-44a5-83b9-aafe8faaa39e)
20:19:59 17: RemoteBayesFactor.BayesFactorRemote(bayes_threshold=100, bf_data_folder='/panfs/panasas01/phys/bf16951/QMD/ParallelDevelopment/Results/Oct_01/12_46/BayesFactorsTimeRecords/', branchID=6, host_name='node35-039', interbranch=False, log_file='/panfs/panasas01/phys/bf16951/QMD/ParallelDevelopment/Results/Oct_01/12_46/logs/NV-exp-method-sim__random--probe__QMLA_17.qmd.8794730.log', model_a_id=12, model_b_id=14, num_times_to_use=750, port_number=6317, qid=17, times_record='/panfs/panasas01/phys/bf16951/QMD/ParallelDevelopment/Results/Oct_01/12_46/BayesFactorsTimeRecords/BayesFactorsPairsTimes_017.txt', trueModel='xTiPPyTiPPzTiPPzTz') (1f48f111-f98f-430a-ac5f-c5925ced35e0)
21:10:44 17: Job OK (d394b01e-6473-43d0-9db3-99a70c96b3c2)
21:10:44 Result will never expire, clean up result key manually
21:10:44 Cleaning registries for queue: 17
21:10:44 
21:10:44 *** Listening on 17...
21:10:56 17: Job OK (24ab6e07-3384-44a5-83b9-aafe8faaa39e)
21:10:56 Result will never expire, clean up result key manually
21:10:56 
21:10:56 *** Listening on 17...
21:11:34 17: Job OK (1f48f111-f98f-430a-ac5f-c5925ced35e0)
21:11:34 Result will never expire, clean up result key manually
21:11:35 Cleaning registries for queue: 17
21:11:35 
21:11:35 *** Listening on 17...
21:11:35 17: RemoteModelLearning.learnModelRemote('xTiPPxTxPPxTzPPyTiPPyTyPPyTzPPzTiPPzTz', 15.0, branchID=7, growth_generator='NV_alternative_model', host_name='node35-039', log_file='/panfs/panasas01/phys/bf16951/QMD/ParallelDevelopment/Results/Oct_01/12_46/logs/NV-exp-method-sim__random--probe__QMLA_17.qmd.8794730.log', port_number=6317, qid=17, remote=True) (b328d9a3-4e70-43cc-8b48-63dd46e84b41)
21:11:35 17: RemoteModelLearning.learnModelRemote('xTiPPxTxPPxTyPPxTzPPyTiPPyTyPPzTiPPzTz', 16.0, branchID=7, growth_generator='NV_alternative_model', host_name='node35-039', log_file='/panfs/panasas01/phys/bf16951/QMD/ParallelDevelopment/Results/Oct_01/12_46/logs/NV-exp-method-sim__random--probe__QMLA_17.qmd.8794730.log', port_number=6317, qid=17, remote=True) (c1516a29-dd5b-4205-8cf1-4a14d23a68ff)
21:36:37 17: Job OK (c1516a29-dd5b-4205-8cf1-4a14d23a68ff)
21:36:37 Result will never expire, clean up result key manually
21:36:37 Cleaning registries for queue: 17
21:36:37 
21:36:37 *** Listening on 17...
21:36:40 17: Job OK (b328d9a3-4e70-43cc-8b48-63dd46e84b41)
21:36:40 Result will never expire, clean up result key manually
21:36:40 Cleaning registries for queue: 17
21:36:40 
21:36:40 *** Listening on 17...
21:36:40 17: RemoteBayesFactor.BayesFactorRemote(bayes_threshold=100, bf_data_folder='/panfs/panasas01/phys/bf16951/QMD/ParallelDevelopment/Results/Oct_01/12_46/BayesFactorsTimeRecords/', branchID=7, host_name='node35-039', interbranch=False, log_file='/panfs/panasas01/phys/bf16951/QMD/ParallelDevelopment/Results/Oct_01/12_46/logs/NV-exp-method-sim__random--probe__QMLA_17.qmd.8794730.log', model_a_id=15, model_b_id=16, num_times_to_use=750, port_number=6317, qid=17, times_record='/panfs/panasas01/phys/bf16951/QMD/ParallelDevelopment/Results/Oct_01/12_46/BayesFactorsTimeRecords/BayesFactorsPairsTimes_017.txt', trueModel='xTiPPyTiPPzTiPPzTz') (6f008a02-7020-41c1-a90e-f666aef36500)
22:26:39 17: Job OK (6f008a02-7020-41c1-a90e-f666aef36500)
22:26:39 Result will never expire, clean up result key manually
22:26:39 Cleaning registries for queue: 17
22:26:39 
22:26:39 *** Listening on 17...
22:26:39 17: RemoteModelLearning.learnModelRemote('xTiPPxTxPPxTyPPxTzPPyTiPPyTyPPyTzPPzTiPPzTz', 17.0, branchID=8, growth_generator='NV_alternative_model', host_name='node35-039', log_file='/panfs/panasas01/phys/bf16951/QMD/ParallelDevelopment/Results/Oct_01/12_46/logs/NV-exp-method-sim__random--probe__QMLA_17.qmd.8794730.log', port_number=6317, qid=17, remote=True) (8e709602-fe39-4811-9466-fda5fa9a9b4a)
22:51:11 17: Job OK (8e709602-fe39-4811-9466-fda5fa9a9b4a)
22:51:11 Result will never expire, clean up result key manually
22:51:11 17: RemoteBayesFactor.BayesFactorRemote(bayes_threshold=100, bf_data_folder='/panfs/panasas01/phys/bf16951/QMD/ParallelDevelopment/Results/Oct_01/12_46/BayesFactorsTimeRecords/', branchID=None, host_name='node35-039', interbranch=True, log_file='/panfs/panasas01/phys/bf16951/QMD/ParallelDevelopment/Results/Oct_01/12_46/logs/NV-exp-method-sim__random--probe__QMLA_17.qmd.8794730.log', model_a_id=3, model_b_id=5, num_times_to_use=750, port_number=6317, qid=17, times_record='/panfs/panasas01/phys/bf16951/QMD/ParallelDevelopment/Results/Oct_01/12_46/BayesFactorsTimeRecords/BayesFactorsPairsTimes_017.txt', trueModel='xTiPPyTiPPzTiPPzTz') (478ea9e7-e943-45e6-8ea5-2fdb6b6493c4)
22:51:11 17: RemoteBayesFactor.BayesFactorRemote(bayes_threshold=100, bf_data_folder='/panfs/panasas01/phys/bf16951/QMD/ParallelDevelopment/Results/Oct_01/12_46/BayesFactorsTimeRecords/', branchID=None, host_name='node35-039', interbranch=True, log_file='/panfs/panasas01/phys/bf16951/QMD/ParallelDevelopment/Results/Oct_01/12_46/logs/NV-exp-method-sim__random--probe__QMLA_17.qmd.8794730.log', model_a_id=1, model_b_id=3, num_times_to_use=750, port_number=6317, qid=17, times_record='/panfs/panasas01/phys/bf16951/QMD/ParallelDevelopment/Results/Oct_01/12_46/BayesFactorsTimeRecords/BayesFactorsPairsTimes_017.txt', trueModel='xTiPPyTiPPzTiPPzTz') (3dba40b9-4f7e-41bf-a3f8-ff14d394282d)
22:51:11 17: RemoteBayesFactor.BayesFactorRemote(bayes_threshold=100, bf_data_folder='/panfs/panasas01/phys/bf16951/QMD/ParallelDevelopment/Results/Oct_01/12_46/BayesFactorsTimeRecords/', branchID=None, host_name='node35-039', interbranch=True, log_file='/panfs/panasas01/phys/bf16951/QMD/ParallelDevelopment/Results/Oct_01/12_46/logs/NV-exp-method-sim__random--probe__QMLA_17.qmd.8794730.log', model_a_id=10, model_b_id=11, num_times_to_use=750, port_number=6317, qid=17, times_record='/panfs/panasas01/phys/bf16951/QMD/ParallelDevelopment/Results/Oct_01/12_46/BayesFactorsTimeRecords/BayesFactorsPairsTimes_017.txt', trueModel='xTiPPyTiPPzTiPPzTz') (0fc98a50-2e30-439b-a700-2b66b7b5e9d6)
22:51:11 Cleaning registries for queue: 17
22:51:11 
22:51:11 *** Listening on 17...
22:51:11 17: RemoteBayesFactor.BayesFactorRemote(bayes_threshold=100, bf_data_folder='/panfs/panasas01/phys/bf16951/QMD/ParallelDevelopment/Results/Oct_01/12_46/BayesFactorsTimeRecords/', branchID=None, host_name='node35-039', interbranch=True, log_file='/panfs/panasas01/phys/bf16951/QMD/ParallelDevelopment/Results/Oct_01/12_46/logs/NV-exp-method-sim__random--probe__QMLA_17.qmd.8794730.log', model_a_id=5, model_b_id=7, num_times_to_use=750, port_number=6317, qid=17, times_record='/panfs/panasas01/phys/bf16951/QMD/ParallelDevelopment/Results/Oct_01/12_46/BayesFactorsTimeRecords/BayesFactorsPairsTimes_017.txt', trueModel='xTiPPyTiPPzTiPPzTz') (1f540d5a-b58c-4966-83d8-cffc9de74814)
22:51:11 17: RemoteBayesFactor.BayesFactorRemote(bayes_threshold=100, bf_data_folder='/panfs/panasas01/phys/bf16951/QMD/ParallelDevelopment/Results/Oct_01/12_46/BayesFactorsTimeRecords/', branchID=None, host_name='node35-039', interbranch=True, log_file='/panfs/panasas01/phys/bf16951/QMD/ParallelDevelopment/Results/Oct_01/12_46/logs/NV-exp-method-sim__random--probe__QMLA_17.qmd.8794730.log', model_a_id=11, model_b_id=12, num_times_to_use=750, port_number=6317, qid=17, times_record='/panfs/panasas01/phys/bf16951/QMD/ParallelDevelopment/Results/Oct_01/12_46/BayesFactorsTimeRecords/BayesFactorsPairsTimes_017.txt', trueModel='xTiPPyTiPPzTiPPzTz') (ae597cd1-9e81-47f1-bbca-18ea8c26f81d)
22:51:11 17: RemoteBayesFactor.BayesFactorRemote(bayes_threshold=100, bf_data_folder='/panfs/panasas01/phys/bf16951/QMD/ParallelDevelopment/Results/Oct_01/12_46/BayesFactorsTimeRecords/', branchID=None, host_name='node35-039', interbranch=True, log_file='/panfs/panasas01/phys/bf16951/QMD/ParallelDevelopment/Results/Oct_01/12_46/logs/NV-exp-method-sim__random--probe__QMLA_17.qmd.8794730.log', model_a_id=7, model_b_id=10, num_times_to_use=750, port_number=6317, qid=17, times_record='/panfs/panasas01/phys/bf16951/QMD/ParallelDevelopment/Results/Oct_01/12_46/BayesFactorsTimeRecords/BayesFactorsPairsTimes_017.txt', trueModel='xTiPPyTiPPzTiPPzTz') (7207f87d-bf8d-4a43-bad1-60a8f8b34102)
23:43:49 17: Job OK (ae597cd1-9e81-47f1-bbca-18ea8c26f81d)
23:43:49 Result will never expire, clean up result key manually
23:43:49 
23:43:49 *** Listening on 17...
23:43:49 17: RemoteBayesFactor.BayesFactorRemote(bayes_threshold=100, bf_data_folder='/panfs/panasas01/phys/bf16951/QMD/ParallelDevelopment/Results/Oct_01/12_46/BayesFactorsTimeRecords/', branchID=None, host_name='node35-039', interbranch=True, log_file='/panfs/panasas01/phys/bf16951/QMD/ParallelDevelopment/Results/Oct_01/12_46/logs/NV-exp-method-sim__random--probe__QMLA_17.qmd.8794730.log', model_a_id=12, model_b_id=15, num_times_to_use=750, port_number=6317, qid=17, times_record='/panfs/panasas01/phys/bf16951/QMD/ParallelDevelopment/Results/Oct_01/12_46/BayesFactorsTimeRecords/BayesFactorsPairsTimes_017.txt', trueModel='xTiPPyTiPPzTiPPzTz') (acafe090-f0fa-4b09-97db-c7954c8d2a94)
23:44:24 17: Job OK (478ea9e7-e943-45e6-8ea5-2fdb6b6493c4)
23:44:24 Result will never expire, clean up result key manually
23:44:24 Cleaning registries for queue: 17
23:44:24 
23:44:24 *** Listening on 17...
23:44:24 17: RemoteBayesFactor.BayesFactorRemote(bayes_threshold=100, bf_data_folder='/panfs/panasas01/phys/bf16951/QMD/ParallelDevelopment/Results/Oct_01/12_46/BayesFactorsTimeRecords/', branchID=None, host_name='node35-039', interbranch=True, log_file='/panfs/panasas01/phys/bf16951/QMD/ParallelDevelopment/Results/Oct_01/12_46/logs/NV-exp-method-sim__random--probe__QMLA_17.qmd.8794730.log', model_a_id=15, model_b_id=17, num_times_to_use=750, port_number=6317, qid=17, times_record='/panfs/panasas01/phys/bf16951/QMD/ParallelDevelopment/Results/Oct_01/12_46/BayesFactorsTimeRecords/BayesFactorsPairsTimes_017.txt', trueModel='xTiPPyTiPPzTiPPzTz') (327f9e7b-36ba-4f25-b690-1cdd57eef685)
23:44:51 17: Job OK (0fc98a50-2e30-439b-a700-2b66b7b5e9d6)
23:44:51 Result will never expire, clean up result key manually
23:44:51 Cleaning registries for queue: 17
23:44:51 
23:44:51 *** Listening on 17...
00:15:09 17: Job OK (1f540d5a-b58c-4966-83d8-cffc9de74814)
00:15:09 Result will never expire, clean up result key manually
00:15:09 Cleaning registries for queue: 17
00:15:09 
00:15:09 *** Listening on 17...
00:15:39 17: Job OK (7207f87d-bf8d-4a43-bad1-60a8f8b34102)
00:15:39 Result will never expire, clean up result key manually
00:15:39 Cleaning registries for queue: 17
00:15:39 
00:15:39 *** Listening on 17...
00:27:04 17: Job OK (3dba40b9-4f7e-41bf-a3f8-ff14d394282d)
00:27:04 Result will never expire, clean up result key manually
00:27:04 Cleaning registries for queue: 17
00:27:04 
00:27:04 *** Listening on 17...
00:34:41 17: Job OK (acafe090-f0fa-4b09-97db-c7954c8d2a94)
00:34:41 Result will never expire, clean up result key manually
00:34:41 Cleaning registries for queue: 17
00:34:41 
00:34:41 *** Listening on 17...
00:34:43 17: Job OK (327f9e7b-36ba-4f25-b690-1cdd57eef685)
00:34:43 Result will never expire, clean up result key manually
00:34:43 
00:34:43 *** Listening on 17...
Error 111 connecting to node35-039:6317. Connection refused.
Error 111 connecting to node35-039:6317. Connection refused.
Error 111 connecting to node35-039:6317. Connection refused.
Error 111 connecting to node35-039:6317. Connection refused.
Error 111 connecting to node35-039:6317. Connection refused.
Error 111 connecting to node35-039:6317. Connection refused.
