00:37:28 RQ worker 'rq:worker:node46-024.48289' started, version 0.8.1
00:37:28 RQ worker 'rq:worker:node46-024.48292' started, version 0.8.1
00:37:28 RQ worker 'rq:worker:node46-024.48291' started, version 0.8.1
00:37:28 RQ worker 'rq:worker:node46-024.48290' started, version 0.8.1
00:37:28 RQ worker 'rq:worker:node46-024.48293' started, version 0.8.1
00:37:28 RQ worker 'rq:worker:node46-024.48294' started, version 0.8.1
00:37:28 Cleaning registries for queue: 39
00:37:28 Cleaning registries for queue: 39
00:37:28 Cleaning registries for queue: 39
00:37:28 Cleaning registries for queue: 39
00:37:28 Cleaning registries for queue: 39
00:37:28 Cleaning registries for queue: 39
00:37:28 
00:37:28 
00:37:28 
00:37:28 *** Listening on 39...
00:37:28 *** Listening on 39...
00:37:28 *** Listening on 39...
00:37:28 
00:37:28 *** Listening on 39...
00:37:28 
00:37:28 *** Listening on 39...
00:37:28 
00:37:28 *** Listening on 39...
00:37:40 39: RemoteModelLearning.learnModelRemote('xTi', 0.0, branchID=0, growth_generator='NV_alternative_model', host_name='node46-024', log_file='/panfs/panasas01/phys/bf16951/QMD/ParallelDevelopment/Results/Oct_01/12_46/logs/NV-exp-method-sim__random--probe__QMLA_39.qmd.8794752.log', port_number=6339, qid=39, remote=True) (354fec93-a8d4-4865-bb74-e8b9fdd047de)
00:37:40 39: RemoteModelLearning.learnModelRemote('yTi', 1.0, branchID=0, growth_generator='NV_alternative_model', host_name='node46-024', log_file='/panfs/panasas01/phys/bf16951/QMD/ParallelDevelopment/Results/Oct_01/12_46/logs/NV-exp-method-sim__random--probe__QMLA_39.qmd.8794752.log', port_number=6339, qid=39, remote=True) (366cca61-5887-4b1f-a3ae-a4f56ec2a456)
00:37:40 39: RemoteModelLearning.learnModelRemote('zTi', 2.0, branchID=0, growth_generator='NV_alternative_model', host_name='node46-024', log_file='/panfs/panasas01/phys/bf16951/QMD/ParallelDevelopment/Results/Oct_01/12_46/logs/NV-exp-method-sim__random--probe__QMLA_39.qmd.8794752.log', port_number=6339, qid=39, remote=True) (bab7122c-2a94-49ea-9fce-55b9bac30baa)
01:00:53 39: Job OK (354fec93-a8d4-4865-bb74-e8b9fdd047de)
01:00:53 Result will never expire, clean up result key manually
01:00:53 
01:00:53 *** Listening on 39...
01:03:44 39: Job OK (366cca61-5887-4b1f-a3ae-a4f56ec2a456)
01:03:44 Result will never expire, clean up result key manually
01:03:44 
01:03:44 *** Listening on 39...
01:10:19 39: Job OK (bab7122c-2a94-49ea-9fce-55b9bac30baa)
01:10:19 Result will never expire, clean up result key manually
01:10:19 
01:10:19 *** Listening on 39...
01:10:19 39: RemoteBayesFactor.BayesFactorRemote(bayes_threshold=100, bf_data_folder='/panfs/panasas01/phys/bf16951/QMD/ParallelDevelopment/Results/Oct_01/12_46/BayesFactorsTimeRecords/', branchID=0, host_name='node46-024', interbranch=False, log_file='/panfs/panasas01/phys/bf16951/QMD/ParallelDevelopment/Results/Oct_01/12_46/logs/NV-exp-method-sim__random--probe__QMLA_39.qmd.8794752.log', model_a_id=0, model_b_id=1, num_times_to_use=750, port_number=6339, qid=39, times_record='/panfs/panasas01/phys/bf16951/QMD/ParallelDevelopment/Results/Oct_01/12_46/BayesFactorsTimeRecords/BayesFactorsPairsTimes_039.txt', trueModel='xTiPPyTiPPzTiPPzTz') (4e861424-9d71-490d-9c02-15312fe36ef2)
01:10:19 39: RemoteBayesFactor.BayesFactorRemote(bayes_threshold=100, bf_data_folder='/panfs/panasas01/phys/bf16951/QMD/ParallelDevelopment/Results/Oct_01/12_46/BayesFactorsTimeRecords/', branchID=0, host_name='node46-024', interbranch=False, log_file='/panfs/panasas01/phys/bf16951/QMD/ParallelDevelopment/Results/Oct_01/12_46/logs/NV-exp-method-sim__random--probe__QMLA_39.qmd.8794752.log', model_a_id=1, model_b_id=2, num_times_to_use=750, port_number=6339, qid=39, times_record='/panfs/panasas01/phys/bf16951/QMD/ParallelDevelopment/Results/Oct_01/12_46/BayesFactorsTimeRecords/BayesFactorsPairsTimes_039.txt', trueModel='xTiPPyTiPPzTiPPzTz') (9d15e653-d47e-48e1-be29-192b01e1887e)
01:10:19 39: RemoteBayesFactor.BayesFactorRemote(bayes_threshold=100, bf_data_folder='/panfs/panasas01/phys/bf16951/QMD/ParallelDevelopment/Results/Oct_01/12_46/BayesFactorsTimeRecords/', branchID=0, host_name='node46-024', interbranch=False, log_file='/panfs/panasas01/phys/bf16951/QMD/ParallelDevelopment/Results/Oct_01/12_46/logs/NV-exp-method-sim__random--probe__QMLA_39.qmd.8794752.log', model_a_id=0, model_b_id=2, num_times_to_use=750, port_number=6339, qid=39, times_record='/panfs/panasas01/phys/bf16951/QMD/ParallelDevelopment/Results/Oct_01/12_46/BayesFactorsTimeRecords/BayesFactorsPairsTimes_039.txt', trueModel='xTiPPyTiPPzTiPPzTz') (72abd9be-27d1-4e1d-8b4d-72108914067e)
01:58:47 39: Job OK (72abd9be-27d1-4e1d-8b4d-72108914067e)
01:58:47 Result will never expire, clean up result key manually
01:58:47 Cleaning registries for queue: 39
01:58:47 
01:58:47 *** Listening on 39...
02:04:57 39: Job OK (9d15e653-d47e-48e1-be29-192b01e1887e)
02:04:57 Result will never expire, clean up result key manually
02:04:57 Cleaning registries for queue: 39
02:04:57 
02:04:57 *** Listening on 39...
02:07:30 39: Job OK (4e861424-9d71-490d-9c02-15312fe36ef2)
02:07:30 Result will never expire, clean up result key manually
02:07:30 Cleaning registries for queue: 39
02:07:30 
02:07:30 *** Listening on 39...
02:07:30 39: RemoteModelLearning.learnModelRemote('yTiPPzTi', 3.0, branchID=1, growth_generator='NV_alternative_model', host_name='node46-024', log_file='/panfs/panasas01/phys/bf16951/QMD/ParallelDevelopment/Results/Oct_01/12_46/logs/NV-exp-method-sim__random--probe__QMLA_39.qmd.8794752.log', port_number=6339, qid=39, remote=True) (a047d679-4078-4ab1-b71b-2b70c5c0b87a)
02:07:30 39: RemoteModelLearning.learnModelRemote('xTiPPyTi', 4.0, branchID=1, growth_generator='NV_alternative_model', host_name='node46-024', log_file='/panfs/panasas01/phys/bf16951/QMD/ParallelDevelopment/Results/Oct_01/12_46/logs/NV-exp-method-sim__random--probe__QMLA_39.qmd.8794752.log', port_number=6339, qid=39, remote=True) (437e813a-dae8-404e-a4dd-698b57bccd3c)
02:33:11 39: Job OK (a047d679-4078-4ab1-b71b-2b70c5c0b87a)
02:33:11 Result will never expire, clean up result key manually
02:33:11 Cleaning registries for queue: 39
02:33:11 
02:33:11 *** Listening on 39...
02:33:15 39: Job OK (437e813a-dae8-404e-a4dd-698b57bccd3c)
02:33:15 Result will never expire, clean up result key manually
02:33:15 Cleaning registries for queue: 39
02:33:15 
02:33:15 *** Listening on 39...
02:33:16 39: RemoteBayesFactor.BayesFactorRemote(bayes_threshold=100, bf_data_folder='/panfs/panasas01/phys/bf16951/QMD/ParallelDevelopment/Results/Oct_01/12_46/BayesFactorsTimeRecords/', branchID=1, host_name='node46-024', interbranch=False, log_file='/panfs/panasas01/phys/bf16951/QMD/ParallelDevelopment/Results/Oct_01/12_46/logs/NV-exp-method-sim__random--probe__QMLA_39.qmd.8794752.log', model_a_id=3, model_b_id=4, num_times_to_use=750, port_number=6339, qid=39, times_record='/panfs/panasas01/phys/bf16951/QMD/ParallelDevelopment/Results/Oct_01/12_46/BayesFactorsTimeRecords/BayesFactorsPairsTimes_039.txt', trueModel='xTiPPyTiPPzTiPPzTz') (799857a3-3c6c-4785-a70f-bfff68a99157)
03:23:47 39: Job OK (799857a3-3c6c-4785-a70f-bfff68a99157)
03:23:47 Result will never expire, clean up result key manually
03:23:47 Cleaning registries for queue: 39
03:23:47 
03:23:47 *** Listening on 39...
03:23:47 39: RemoteModelLearning.learnModelRemote('xTiPPyTiPPzTi', 5.0, branchID=2, growth_generator='NV_alternative_model', host_name='node46-024', log_file='/panfs/panasas01/phys/bf16951/QMD/ParallelDevelopment/Results/Oct_01/12_46/logs/NV-exp-method-sim__random--probe__QMLA_39.qmd.8794752.log', port_number=6339, qid=39, remote=True) (1dd88b59-6398-4627-a713-c9c5af9969e4)
03:48:06 39: Job OK (1dd88b59-6398-4627-a713-c9c5af9969e4)
03:48:06 Result will never expire, clean up result key manually
03:48:06 Cleaning registries for queue: 39
03:48:06 
03:48:06 *** Listening on 39...
03:48:07 39: RemoteModelLearning.learnModelRemote('xTiPPxTxPPyTiPPzTi', 6.0, branchID=3, growth_generator='NV_alternative_model', host_name='node46-024', log_file='/panfs/panasas01/phys/bf16951/QMD/ParallelDevelopment/Results/Oct_01/12_46/logs/NV-exp-method-sim__random--probe__QMLA_39.qmd.8794752.log', port_number=6339, qid=39, remote=True) (d7da2b41-157e-4740-98f7-5e9b41c8d0df)
03:48:07 39: RemoteModelLearning.learnModelRemote('xTiPPyTiPPyTyPPzTi', 7.0, branchID=3, growth_generator='NV_alternative_model', host_name='node46-024', log_file='/panfs/panasas01/phys/bf16951/QMD/ParallelDevelopment/Results/Oct_01/12_46/logs/NV-exp-method-sim__random--probe__QMLA_39.qmd.8794752.log', port_number=6339, qid=39, remote=True) (920acab5-5a6d-4d66-8011-d3c4855cdb77)
03:48:07 39: RemoteModelLearning.learnModelRemote('xTiPPyTiPPzTiPPzTz', 8.0, branchID=3, growth_generator='NV_alternative_model', host_name='node46-024', log_file='/panfs/panasas01/phys/bf16951/QMD/ParallelDevelopment/Results/Oct_01/12_46/logs/NV-exp-method-sim__random--probe__QMLA_39.qmd.8794752.log', port_number=6339, qid=39, remote=True) (382110a2-2acf-47f2-a902-2edf02711478)
04:12:59 39: Job OK (d7da2b41-157e-4740-98f7-5e9b41c8d0df)
04:12:59 Result will never expire, clean up result key manually
04:12:59 Cleaning registries for queue: 39
04:12:59 
04:12:59 *** Listening on 39...
04:13:08 39: Job OK (920acab5-5a6d-4d66-8011-d3c4855cdb77)
04:13:08 Result will never expire, clean up result key manually
04:13:08 Cleaning registries for queue: 39
04:13:08 
04:13:08 *** Listening on 39...
04:13:15 39: Job OK (382110a2-2acf-47f2-a902-2edf02711478)
04:13:15 Result will never expire, clean up result key manually
04:13:15 Cleaning registries for queue: 39
04:13:15 
04:13:15 *** Listening on 39...
04:13:15 39: RemoteBayesFactor.BayesFactorRemote(bayes_threshold=100, bf_data_folder='/panfs/panasas01/phys/bf16951/QMD/ParallelDevelopment/Results/Oct_01/12_46/BayesFactorsTimeRecords/', branchID=3, host_name='node46-024', interbranch=False, log_file='/panfs/panasas01/phys/bf16951/QMD/ParallelDevelopment/Results/Oct_01/12_46/logs/NV-exp-method-sim__random--probe__QMLA_39.qmd.8794752.log', model_a_id=6, model_b_id=7, num_times_to_use=750, port_number=6339, qid=39, times_record='/panfs/panasas01/phys/bf16951/QMD/ParallelDevelopment/Results/Oct_01/12_46/BayesFactorsTimeRecords/BayesFactorsPairsTimes_039.txt', trueModel='xTiPPyTiPPzTiPPzTz') (9d1305bb-47b8-4738-a115-2423a9b11abe)
04:13:15 39: RemoteBayesFactor.BayesFactorRemote(bayes_threshold=100, bf_data_folder='/panfs/panasas01/phys/bf16951/QMD/ParallelDevelopment/Results/Oct_01/12_46/BayesFactorsTimeRecords/', branchID=3, host_name='node46-024', interbranch=False, log_file='/panfs/panasas01/phys/bf16951/QMD/ParallelDevelopment/Results/Oct_01/12_46/logs/NV-exp-method-sim__random--probe__QMLA_39.qmd.8794752.log', model_a_id=6, model_b_id=8, num_times_to_use=750, port_number=6339, qid=39, times_record='/panfs/panasas01/phys/bf16951/QMD/ParallelDevelopment/Results/Oct_01/12_46/BayesFactorsTimeRecords/BayesFactorsPairsTimes_039.txt', trueModel='xTiPPyTiPPzTiPPzTz') (f9a4ae24-a8ea-43aa-9afa-ababcd9eafbf)
04:13:15 39: RemoteBayesFactor.BayesFactorRemote(bayes_threshold=100, bf_data_folder='/panfs/panasas01/phys/bf16951/QMD/ParallelDevelopment/Results/Oct_01/12_46/BayesFactorsTimeRecords/', branchID=3, host_name='node46-024', interbranch=False, log_file='/panfs/panasas01/phys/bf16951/QMD/ParallelDevelopment/Results/Oct_01/12_46/logs/NV-exp-method-sim__random--probe__QMLA_39.qmd.8794752.log', model_a_id=7, model_b_id=8, num_times_to_use=750, port_number=6339, qid=39, times_record='/panfs/panasas01/phys/bf16951/QMD/ParallelDevelopment/Results/Oct_01/12_46/BayesFactorsTimeRecords/BayesFactorsPairsTimes_039.txt', trueModel='xTiPPyTiPPzTiPPzTz') (21967ce4-f567-422f-8379-6d67a2103341)
05:02:35 39: Job OK (9d1305bb-47b8-4738-a115-2423a9b11abe)
05:02:35 Result will never expire, clean up result key manually
05:02:35 Cleaning registries for queue: 39
05:02:35 
05:02:35 *** Listening on 39...
05:03:22 39: Job OK (f9a4ae24-a8ea-43aa-9afa-ababcd9eafbf)
05:03:22 Result will never expire, clean up result key manually
05:03:22 Cleaning registries for queue: 39
05:03:22 
05:03:22 *** Listening on 39...
05:03:46 39: Job OK (21967ce4-f567-422f-8379-6d67a2103341)
05:03:46 Result will never expire, clean up result key manually
05:03:46 Cleaning registries for queue: 39
05:03:46 
05:03:46 *** Listening on 39...
05:03:46 39: RemoteModelLearning.learnModelRemote('xTiPPxTxPPyTiPPzTiPPzTz', 9.0, branchID=4, growth_generator='NV_alternative_model', host_name='node46-024', log_file='/panfs/panasas01/phys/bf16951/QMD/ParallelDevelopment/Results/Oct_01/12_46/logs/NV-exp-method-sim__random--probe__QMLA_39.qmd.8794752.log', port_number=6339, qid=39, remote=True) (411f5c6a-ff80-4230-89bf-97315d87ad96)
05:03:46 39: RemoteModelLearning.learnModelRemote('xTiPPyTiPPyTyPPzTiPPzTz', 10.0, branchID=4, growth_generator='NV_alternative_model', host_name='node46-024', log_file='/panfs/panasas01/phys/bf16951/QMD/ParallelDevelopment/Results/Oct_01/12_46/logs/NV-exp-method-sim__random--probe__QMLA_39.qmd.8794752.log', port_number=6339, qid=39, remote=True) (44d29cc1-ce4d-4eb2-b7bd-7ba3570d46c8)
05:28:33 39: Job OK (411f5c6a-ff80-4230-89bf-97315d87ad96)
05:28:33 Result will never expire, clean up result key manually
05:28:33 Cleaning registries for queue: 39
05:28:33 
05:28:33 *** Listening on 39...
05:28:35 39: Job OK (44d29cc1-ce4d-4eb2-b7bd-7ba3570d46c8)
05:28:35 Result will never expire, clean up result key manually
05:28:35 Cleaning registries for queue: 39
05:28:35 
05:28:35 *** Listening on 39...
05:28:35 39: RemoteBayesFactor.BayesFactorRemote(bayes_threshold=100, bf_data_folder='/panfs/panasas01/phys/bf16951/QMD/ParallelDevelopment/Results/Oct_01/12_46/BayesFactorsTimeRecords/', branchID=4, host_name='node46-024', interbranch=False, log_file='/panfs/panasas01/phys/bf16951/QMD/ParallelDevelopment/Results/Oct_01/12_46/logs/NV-exp-method-sim__random--probe__QMLA_39.qmd.8794752.log', model_a_id=9, model_b_id=10, num_times_to_use=750, port_number=6339, qid=39, times_record='/panfs/panasas01/phys/bf16951/QMD/ParallelDevelopment/Results/Oct_01/12_46/BayesFactorsTimeRecords/BayesFactorsPairsTimes_039.txt', trueModel='xTiPPyTiPPzTiPPzTz') (841a4180-194e-4e88-8396-7d33176de202)
06:18:12 39: Job OK (841a4180-194e-4e88-8396-7d33176de202)
06:18:12 Result will never expire, clean up result key manually
06:18:12 Cleaning registries for queue: 39
06:18:12 
06:18:12 *** Listening on 39...
06:18:12 39: RemoteModelLearning.learnModelRemote('xTiPPxTxPPyTiPPyTyPPzTiPPzTz', 11.0, branchID=5, growth_generator='NV_alternative_model', host_name='node46-024', log_file='/panfs/panasas01/phys/bf16951/QMD/ParallelDevelopment/Results/Oct_01/12_46/logs/NV-exp-method-sim__random--probe__QMLA_39.qmd.8794752.log', port_number=6339, qid=39, remote=True) (3f0644f9-0f71-4b35-85d4-7aea08a6170e)
06:42:48 39: Job OK (3f0644f9-0f71-4b35-85d4-7aea08a6170e)
06:42:48 Result will never expire, clean up result key manually
06:42:48 Cleaning registries for queue: 39
06:42:48 
06:42:48 *** Listening on 39...
06:42:49 39: RemoteModelLearning.learnModelRemote('xTiPPxTxPPxTyPPyTiPPyTyPPzTiPPzTz', 12.0, branchID=6, growth_generator='NV_alternative_model', host_name='node46-024', log_file='/panfs/panasas01/phys/bf16951/QMD/ParallelDevelopment/Results/Oct_01/12_46/logs/NV-exp-method-sim__random--probe__QMLA_39.qmd.8794752.log', port_number=6339, qid=39, remote=True) (aceaa56a-7f4c-4dec-aa5b-e224a9633072)
06:42:49 39: RemoteModelLearning.learnModelRemote('xTiPPxTxPPxTzPPyTiPPyTyPPzTiPPzTz', 13.0, branchID=6, growth_generator='NV_alternative_model', host_name='node46-024', log_file='/panfs/panasas01/phys/bf16951/QMD/ParallelDevelopment/Results/Oct_01/12_46/logs/NV-exp-method-sim__random--probe__QMLA_39.qmd.8794752.log', port_number=6339, qid=39, remote=True) (2d6dbeb8-88ba-4a18-bd23-862dcf16d3a1)
06:42:49 39: RemoteModelLearning.learnModelRemote('xTiPPxTxPPyTiPPyTyPPyTzPPzTiPPzTz', 14.0, branchID=6, growth_generator='NV_alternative_model', host_name='node46-024', log_file='/panfs/panasas01/phys/bf16951/QMD/ParallelDevelopment/Results/Oct_01/12_46/logs/NV-exp-method-sim__random--probe__QMLA_39.qmd.8794752.log', port_number=6339, qid=39, remote=True) (6fd3d3ec-aa1f-4f81-a0cc-18dd3320262a)
07:06:59 39: Job OK (aceaa56a-7f4c-4dec-aa5b-e224a9633072)
07:06:59 Result will never expire, clean up result key manually
07:06:59 Cleaning registries for queue: 39
07:06:59 
07:06:59 *** Listening on 39...
07:07:19 39: Job OK (2d6dbeb8-88ba-4a18-bd23-862dcf16d3a1)
07:07:19 Result will never expire, clean up result key manually
07:07:19 Cleaning registries for queue: 39
07:07:19 
07:07:19 *** Listening on 39...
07:07:25 39: Job OK (6fd3d3ec-aa1f-4f81-a0cc-18dd3320262a)
07:07:25 Result will never expire, clean up result key manually
07:07:25 Cleaning registries for queue: 39
07:07:25 
07:07:25 *** Listening on 39...
07:07:25 39: RemoteBayesFactor.BayesFactorRemote(bayes_threshold=100, bf_data_folder='/panfs/panasas01/phys/bf16951/QMD/ParallelDevelopment/Results/Oct_01/12_46/BayesFactorsTimeRecords/', branchID=6, host_name='node46-024', interbranch=False, log_file='/panfs/panasas01/phys/bf16951/QMD/ParallelDevelopment/Results/Oct_01/12_46/logs/NV-exp-method-sim__random--probe__QMLA_39.qmd.8794752.log', model_a_id=12, model_b_id=13, num_times_to_use=750, port_number=6339, qid=39, times_record='/panfs/panasas01/phys/bf16951/QMD/ParallelDevelopment/Results/Oct_01/12_46/BayesFactorsTimeRecords/BayesFactorsPairsTimes_039.txt', trueModel='xTiPPyTiPPzTiPPzTz') (83e4b8e0-df12-4ae3-a1e7-1b4dd0ab0372)
07:07:25 39: RemoteBayesFactor.BayesFactorRemote(bayes_threshold=100, bf_data_folder='/panfs/panasas01/phys/bf16951/QMD/ParallelDevelopment/Results/Oct_01/12_46/BayesFactorsTimeRecords/', branchID=6, host_name='node46-024', interbranch=False, log_file='/panfs/panasas01/phys/bf16951/QMD/ParallelDevelopment/Results/Oct_01/12_46/logs/NV-exp-method-sim__random--probe__QMLA_39.qmd.8794752.log', model_a_id=12, model_b_id=14, num_times_to_use=750, port_number=6339, qid=39, times_record='/panfs/panasas01/phys/bf16951/QMD/ParallelDevelopment/Results/Oct_01/12_46/BayesFactorsTimeRecords/BayesFactorsPairsTimes_039.txt', trueModel='xTiPPyTiPPzTiPPzTz') (a34b2b85-c173-44b4-a5da-7f3f6906959f)
07:07:25 39: RemoteBayesFactor.BayesFactorRemote(bayes_threshold=100, bf_data_folder='/panfs/panasas01/phys/bf16951/QMD/ParallelDevelopment/Results/Oct_01/12_46/BayesFactorsTimeRecords/', branchID=6, host_name='node46-024', interbranch=False, log_file='/panfs/panasas01/phys/bf16951/QMD/ParallelDevelopment/Results/Oct_01/12_46/logs/NV-exp-method-sim__random--probe__QMLA_39.qmd.8794752.log', model_a_id=13, model_b_id=14, num_times_to_use=750, port_number=6339, qid=39, times_record='/panfs/panasas01/phys/bf16951/QMD/ParallelDevelopment/Results/Oct_01/12_46/BayesFactorsTimeRecords/BayesFactorsPairsTimes_039.txt', trueModel='xTiPPyTiPPzTiPPzTz') (82cbe589-ab15-4c4f-b2d0-531542caafa2)
07:56:17 39: Job OK (a34b2b85-c173-44b4-a5da-7f3f6906959f)
07:56:17 Result will never expire, clean up result key manually
07:56:17 Cleaning registries for queue: 39
07:56:17 
07:56:17 *** Listening on 39...
07:56:26 39: Job OK (82cbe589-ab15-4c4f-b2d0-531542caafa2)
07:56:26 Result will never expire, clean up result key manually
07:56:26 Cleaning registries for queue: 39
07:56:26 
07:56:26 *** Listening on 39...
07:56:36 39: Job OK (83e4b8e0-df12-4ae3-a1e7-1b4dd0ab0372)
07:56:36 Result will never expire, clean up result key manually
07:56:36 Cleaning registries for queue: 39
07:56:36 
07:56:36 *** Listening on 39...
07:56:36 39: RemoteModelLearning.learnModelRemote('xTiPPxTxPPxTyPPyTiPPyTyPPyTzPPzTiPPzTz', 15.0, branchID=7, growth_generator='NV_alternative_model', host_name='node46-024', log_file='/panfs/panasas01/phys/bf16951/QMD/ParallelDevelopment/Results/Oct_01/12_46/logs/NV-exp-method-sim__random--probe__QMLA_39.qmd.8794752.log', port_number=6339, qid=39, remote=True) (3b70e6bf-665b-4dcd-9931-21e4e3acffe4)
07:56:36 39: RemoteModelLearning.learnModelRemote('xTiPPxTxPPxTyPPxTzPPyTiPPyTyPPzTiPPzTz', 16.0, branchID=7, growth_generator='NV_alternative_model', host_name='node46-024', log_file='/panfs/panasas01/phys/bf16951/QMD/ParallelDevelopment/Results/Oct_01/12_46/logs/NV-exp-method-sim__random--probe__QMLA_39.qmd.8794752.log', port_number=6339, qid=39, remote=True) (0d0fe7ad-3eaa-49ed-a4a9-13b90a72e52b)
08:20:46 39: Job OK (0d0fe7ad-3eaa-49ed-a4a9-13b90a72e52b)
08:20:46 Result will never expire, clean up result key manually
08:20:46 Cleaning registries for queue: 39
08:20:46 
08:20:46 *** Listening on 39...
08:20:50 39: Job OK (3b70e6bf-665b-4dcd-9931-21e4e3acffe4)
08:20:50 Result will never expire, clean up result key manually
08:20:50 Cleaning registries for queue: 39
08:20:50 
08:20:50 *** Listening on 39...
08:20:50 39: RemoteBayesFactor.BayesFactorRemote(bayes_threshold=100, bf_data_folder='/panfs/panasas01/phys/bf16951/QMD/ParallelDevelopment/Results/Oct_01/12_46/BayesFactorsTimeRecords/', branchID=7, host_name='node46-024', interbranch=False, log_file='/panfs/panasas01/phys/bf16951/QMD/ParallelDevelopment/Results/Oct_01/12_46/logs/NV-exp-method-sim__random--probe__QMLA_39.qmd.8794752.log', model_a_id=15, model_b_id=16, num_times_to_use=750, port_number=6339, qid=39, times_record='/panfs/panasas01/phys/bf16951/QMD/ParallelDevelopment/Results/Oct_01/12_46/BayesFactorsTimeRecords/BayesFactorsPairsTimes_039.txt', trueModel='xTiPPyTiPPzTiPPzTz') (7862c5fb-0498-4339-be67-25c373d6d6fc)
09:08:52 39: Job OK (7862c5fb-0498-4339-be67-25c373d6d6fc)
09:08:52 Result will never expire, clean up result key manually
09:08:52 Cleaning registries for queue: 39
09:08:52 
09:08:52 *** Listening on 39...
09:08:52 39: RemoteModelLearning.learnModelRemote('xTiPPxTxPPxTyPPxTzPPyTiPPyTyPPyTzPPzTiPPzTz', 17.0, branchID=8, growth_generator='NV_alternative_model', host_name='node46-024', log_file='/panfs/panasas01/phys/bf16951/QMD/ParallelDevelopment/Results/Oct_01/12_46/logs/NV-exp-method-sim__random--probe__QMLA_39.qmd.8794752.log', port_number=6339, qid=39, remote=True) (914a1ac8-7e73-47b7-bdf6-e0c5278d3be8)
09:33:10 39: Job OK (914a1ac8-7e73-47b7-bdf6-e0c5278d3be8)
09:33:10 Result will never expire, clean up result key manually
09:33:10 39: RemoteBayesFactor.BayesFactorRemote(bayes_threshold=100, bf_data_folder='/panfs/panasas01/phys/bf16951/QMD/ParallelDevelopment/Results/Oct_01/12_46/BayesFactorsTimeRecords/', branchID=None, host_name='node46-024', interbranch=True, log_file='/panfs/panasas01/phys/bf16951/QMD/ParallelDevelopment/Results/Oct_01/12_46/logs/NV-exp-method-sim__random--probe__QMLA_39.qmd.8794752.log', model_a_id=1, model_b_id=3, num_times_to_use=750, port_number=6339, qid=39, times_record='/panfs/panasas01/phys/bf16951/QMD/ParallelDevelopment/Results/Oct_01/12_46/BayesFactorsTimeRecords/BayesFactorsPairsTimes_039.txt', trueModel='xTiPPyTiPPzTiPPzTz') (c92c428f-679e-49f2-b93c-33c2092c952c)
09:33:10 39: RemoteBayesFactor.BayesFactorRemote(bayes_threshold=100, bf_data_folder='/panfs/panasas01/phys/bf16951/QMD/ParallelDevelopment/Results/Oct_01/12_46/BayesFactorsTimeRecords/', branchID=None, host_name='node46-024', interbranch=True, log_file='/panfs/panasas01/phys/bf16951/QMD/ParallelDevelopment/Results/Oct_01/12_46/logs/NV-exp-method-sim__random--probe__QMLA_39.qmd.8794752.log', model_a_id=3, model_b_id=5, num_times_to_use=750, port_number=6339, qid=39, times_record='/panfs/panasas01/phys/bf16951/QMD/ParallelDevelopment/Results/Oct_01/12_46/BayesFactorsTimeRecords/BayesFactorsPairsTimes_039.txt', trueModel='xTiPPyTiPPzTiPPzTz') (ec0d31e0-2871-43ff-8529-41e42145b8c5)
09:33:10 Cleaning registries for queue: 39
09:33:10 39: RemoteBayesFactor.BayesFactorRemote(bayes_threshold=100, bf_data_folder='/panfs/panasas01/phys/bf16951/QMD/ParallelDevelopment/Results/Oct_01/12_46/BayesFactorsTimeRecords/', branchID=None, host_name='node46-024', interbranch=True, log_file='/panfs/panasas01/phys/bf16951/QMD/ParallelDevelopment/Results/Oct_01/12_46/logs/NV-exp-method-sim__random--probe__QMLA_39.qmd.8794752.log', model_a_id=5, model_b_id=8, num_times_to_use=750, port_number=6339, qid=39, times_record='/panfs/panasas01/phys/bf16951/QMD/ParallelDevelopment/Results/Oct_01/12_46/BayesFactorsTimeRecords/BayesFactorsPairsTimes_039.txt', trueModel='xTiPPyTiPPzTiPPzTz') (94430a8c-e345-4a59-854a-dc9404c110ad)
09:33:10 
09:33:10 *** Listening on 39...
09:33:10 39: RemoteBayesFactor.BayesFactorRemote(bayes_threshold=100, bf_data_folder='/panfs/panasas01/phys/bf16951/QMD/ParallelDevelopment/Results/Oct_01/12_46/BayesFactorsTimeRecords/', branchID=None, host_name='node46-024', interbranch=True, log_file='/panfs/panasas01/phys/bf16951/QMD/ParallelDevelopment/Results/Oct_01/12_46/logs/NV-exp-method-sim__random--probe__QMLA_39.qmd.8794752.log', model_a_id=8, model_b_id=10, num_times_to_use=750, port_number=6339, qid=39, times_record='/panfs/panasas01/phys/bf16951/QMD/ParallelDevelopment/Results/Oct_01/12_46/BayesFactorsTimeRecords/BayesFactorsPairsTimes_039.txt', trueModel='xTiPPyTiPPzTiPPzTz') (3aa48b9d-a40f-400f-b63d-da6089687c30)
09:33:10 39: RemoteBayesFactor.BayesFactorRemote(bayes_threshold=100, bf_data_folder='/panfs/panasas01/phys/bf16951/QMD/ParallelDevelopment/Results/Oct_01/12_46/BayesFactorsTimeRecords/', branchID=None, host_name='node46-024', interbranch=True, log_file='/panfs/panasas01/phys/bf16951/QMD/ParallelDevelopment/Results/Oct_01/12_46/logs/NV-exp-method-sim__random--probe__QMLA_39.qmd.8794752.log', model_a_id=10, model_b_id=11, num_times_to_use=750, port_number=6339, qid=39, times_record='/panfs/panasas01/phys/bf16951/QMD/ParallelDevelopment/Results/Oct_01/12_46/BayesFactorsTimeRecords/BayesFactorsPairsTimes_039.txt', trueModel='xTiPPyTiPPzTiPPzTz') (74a832da-6b34-4d86-b760-f51c3f98207c)
09:33:10 39: RemoteBayesFactor.BayesFactorRemote(bayes_threshold=100, bf_data_folder='/panfs/panasas01/phys/bf16951/QMD/ParallelDevelopment/Results/Oct_01/12_46/BayesFactorsTimeRecords/', branchID=None, host_name='node46-024', interbranch=True, log_file='/panfs/panasas01/phys/bf16951/QMD/ParallelDevelopment/Results/Oct_01/12_46/logs/NV-exp-method-sim__random--probe__QMLA_39.qmd.8794752.log', model_a_id=11, model_b_id=12, num_times_to_use=750, port_number=6339, qid=39, times_record='/panfs/panasas01/phys/bf16951/QMD/ParallelDevelopment/Results/Oct_01/12_46/BayesFactorsTimeRecords/BayesFactorsPairsTimes_039.txt', trueModel='xTiPPyTiPPzTiPPzTz') (324e583b-59f1-4c4b-a398-cf02aa31c672)
10:22:16 39: Job OK (324e583b-59f1-4c4b-a398-cf02aa31c672)
10:22:16 Result will never expire, clean up result key manually
10:22:16 
10:22:16 *** Listening on 39...
10:22:16 39: RemoteBayesFactor.BayesFactorRemote(bayes_threshold=100, bf_data_folder='/panfs/panasas01/phys/bf16951/QMD/ParallelDevelopment/Results/Oct_01/12_46/BayesFactorsTimeRecords/', branchID=None, host_name='node46-024', interbranch=True, log_file='/panfs/panasas01/phys/bf16951/QMD/ParallelDevelopment/Results/Oct_01/12_46/logs/NV-exp-method-sim__random--probe__QMLA_39.qmd.8794752.log', model_a_id=12, model_b_id=16, num_times_to_use=750, port_number=6339, qid=39, times_record='/panfs/panasas01/phys/bf16951/QMD/ParallelDevelopment/Results/Oct_01/12_46/BayesFactorsTimeRecords/BayesFactorsPairsTimes_039.txt', trueModel='xTiPPyTiPPzTiPPzTz') (e6972375-1e6a-4910-8073-52a9bfc52fdc)
10:23:52 39: Job OK (3aa48b9d-a40f-400f-b63d-da6089687c30)
10:23:52 Result will never expire, clean up result key manually
10:23:52 Cleaning registries for queue: 39
10:23:52 
10:23:52 *** Listening on 39...
10:23:52 39: RemoteBayesFactor.BayesFactorRemote(bayes_threshold=100, bf_data_folder='/panfs/panasas01/phys/bf16951/QMD/ParallelDevelopment/Results/Oct_01/12_46/BayesFactorsTimeRecords/', branchID=None, host_name='node46-024', interbranch=True, log_file='/panfs/panasas01/phys/bf16951/QMD/ParallelDevelopment/Results/Oct_01/12_46/logs/NV-exp-method-sim__random--probe__QMLA_39.qmd.8794752.log', model_a_id=16, model_b_id=17, num_times_to_use=750, port_number=6339, qid=39, times_record='/panfs/panasas01/phys/bf16951/QMD/ParallelDevelopment/Results/Oct_01/12_46/BayesFactorsTimeRecords/BayesFactorsPairsTimes_039.txt', trueModel='xTiPPyTiPPzTiPPzTz') (9f7a9997-ae4e-4f07-8569-962ee6e87713)
10:24:00 39: Job OK (c92c428f-679e-49f2-b93c-33c2092c952c)
10:24:00 Result will never expire, clean up result key manually
10:24:00 Cleaning registries for queue: 39
10:24:00 
10:24:00 *** Listening on 39...
10:24:01 39: Job OK (74a832da-6b34-4d86-b760-f51c3f98207c)
10:24:01 Result will never expire, clean up result key manually
10:24:01 Cleaning registries for queue: 39
10:24:01 
10:24:01 *** Listening on 39...
10:24:46 39: Job OK (94430a8c-e345-4a59-854a-dc9404c110ad)
10:24:46 Result will never expire, clean up result key manually
10:24:46 Cleaning registries for queue: 39
10:24:46 
10:24:46 *** Listening on 39...
10:25:31 39: Job OK (ec0d31e0-2871-43ff-8529-41e42145b8c5)
10:25:31 Result will never expire, clean up result key manually
10:25:31 Cleaning registries for queue: 39
10:25:31 
10:25:31 *** Listening on 39...
11:10:00 39: Job OK (e6972375-1e6a-4910-8073-52a9bfc52fdc)
11:10:00 Result will never expire, clean up result key manually
11:10:00 Cleaning registries for queue: 39
11:10:00 
11:10:00 *** Listening on 39...
11:10:59 39: Job OK (9f7a9997-ae4e-4f07-8569-962ee6e87713)
11:10:59 Result will never expire, clean up result key manually
11:10:59 
11:10:59 *** Listening on 39...
11:10:59 39: RemoteBayesFactor.BayesFactorRemote(bayes_threshold=100, bf_data_folder='/panfs/panasas01/phys/bf16951/QMD/ParallelDevelopment/Results/Oct_01/12_46/BayesFactorsTimeRecords/', branchID=9, host_name='node46-024', interbranch=False, log_file='/panfs/panasas01/phys/bf16951/QMD/ParallelDevelopment/Results/Oct_01/12_46/logs/NV-exp-method-sim__random--probe__QMLA_39.qmd.8794752.log', model_a_id=3.0, model_b_id=10.0, num_times_to_use=750, port_number=6339, qid=39, times_record='/panfs/panasas01/phys/bf16951/QMD/ParallelDevelopment/Results/Oct_01/12_46/BayesFactorsTimeRecords/BayesFactorsPairsTimes_039.txt', trueModel='xTiPPyTiPPzTiPPzTz') (38015a60-f82f-4e01-8de9-0430d413c1d9)
12:00:36 39: Job OK (38015a60-f82f-4e01-8de9-0430d413c1d9)
12:00:36 Result will never expire, clean up result key manually
12:00:36 Cleaning registries for queue: 39
12:00:36 
12:00:36 *** Listening on 39...
12:00:37 39: RemoteBayesFactor.BayesFactorRemote(bayes_threshold=100, bf_data_folder='/panfs/panasas01/phys/bf16951/QMD/ParallelDevelopment/Results/Oct_01/12_46/BayesFactorsTimeRecords/', branchID=None, host_name='node46-024', interbranch=True, log_file='/panfs/panasas01/phys/bf16951/QMD/ParallelDevelopment/Results/Oct_01/12_46/logs/NV-exp-method-sim__random--probe__QMLA_39.qmd.8794752.log', model_a_id=10, model_b_id=18, num_times_to_use=750, port_number=6339, qid=39, times_record='/panfs/panasas01/phys/bf16951/QMD/ParallelDevelopment/Results/Oct_01/12_46/BayesFactorsTimeRecords/BayesFactorsPairsTimes_039.txt', trueModel='xTiPPyTiPPzTiPPzTz') (89cdfa58-c8d0-49e8-a33e-ae77d6ed9bb9)
12:48:50 39: Job OK (89cdfa58-c8d0-49e8-a33e-ae77d6ed9bb9)
12:48:50 Result will never expire, clean up result key manually
12:48:50 Cleaning registries for queue: 39
12:48:50 
12:48:50 *** Listening on 39...
Error 111 connecting to node46-024:6339. Connection refused.
Error 111 connecting to node46-024:6339. Connection refused.
Error 111 connecting to node46-024:6339. Connection refused.
Error 111 connecting to node46-024:6339. Connection refused.
Error 111 connecting to node46-024:6339. Connection refused.
Error 111 connecting to node46-024:6339. Connection refused.
