13:47:22 RQ worker 'rq:worker:node44-012.100099' started, version 0.8.1
13:47:22 Cleaning registries for queue: 19
13:47:22 RQ worker 'rq:worker:node44-012.100098' started, version 0.8.1
13:47:22 RQ worker 'rq:worker:node44-012.100094' started, version 0.8.1
13:47:22 RQ worker 'rq:worker:node44-012.100095' started, version 0.8.1
13:47:22 RQ worker 'rq:worker:node44-012.100096' started, version 0.8.1
13:47:22 RQ worker 'rq:worker:node44-012.100097' started, version 0.8.1
13:47:22 Cleaning registries for queue: 19
13:47:22 
13:47:22 Cleaning registries for queue: 19
13:47:22 *** Listening on 19...
13:47:22 Cleaning registries for queue: 19
13:47:22 Cleaning registries for queue: 19
13:47:22 Cleaning registries for queue: 19
13:47:22 
13:47:22 
13:47:22 *** Listening on 19...
13:47:22 *** Listening on 19...
13:47:22 
13:47:22 
13:47:22 
13:47:22 *** Listening on 19...
13:47:22 *** Listening on 19...
13:47:22 *** Listening on 19...
13:47:33 19: RemoteModelLearning.learnModelRemote('xTi', 0.0, branchID=0, growth_generator='NV_alternative_model', host_name='node44-012', log_file='/panfs/panasas01/phys/bf16951/QMD/ParallelDevelopment/Results/Oct_01/12_46/logs/NV-exp-method-sim__random--probe__QMLA_19.qmd.8794732.log', port_number=6319, qid=19, remote=True) (403a3c2f-9aee-4710-94cc-d95c88fb493b)
13:47:33 19: RemoteModelLearning.learnModelRemote('yTi', 1.0, branchID=0, growth_generator='NV_alternative_model', host_name='node44-012', log_file='/panfs/panasas01/phys/bf16951/QMD/ParallelDevelopment/Results/Oct_01/12_46/logs/NV-exp-method-sim__random--probe__QMLA_19.qmd.8794732.log', port_number=6319, qid=19, remote=True) (6b5b3cf0-7042-4baa-a2fe-3b09a2f30ded)
13:47:33 19: RemoteModelLearning.learnModelRemote('zTi', 2.0, branchID=0, growth_generator='NV_alternative_model', host_name='node44-012', log_file='/panfs/panasas01/phys/bf16951/QMD/ParallelDevelopment/Results/Oct_01/12_46/logs/NV-exp-method-sim__random--probe__QMLA_19.qmd.8794732.log', port_number=6319, qid=19, remote=True) (defab098-344f-4954-bdb0-5209681fcfcc)
14:12:56 19: Job OK (6b5b3cf0-7042-4baa-a2fe-3b09a2f30ded)
14:12:56 Result will never expire, clean up result key manually
14:12:56 
14:12:56 *** Listening on 19...
14:13:04 19: Job OK (403a3c2f-9aee-4710-94cc-d95c88fb493b)
14:13:04 Result will never expire, clean up result key manually
14:13:04 
14:13:04 *** Listening on 19...
14:21:00 19: Job OK (defab098-344f-4954-bdb0-5209681fcfcc)
14:21:00 Result will never expire, clean up result key manually
14:21:00 
14:21:00 *** Listening on 19...
14:21:00 19: RemoteBayesFactor.BayesFactorRemote(bayes_threshold=100, bf_data_folder='/panfs/panasas01/phys/bf16951/QMD/ParallelDevelopment/Results/Oct_01/12_46/BayesFactorsTimeRecords/', branchID=0, host_name='node44-012', interbranch=False, log_file='/panfs/panasas01/phys/bf16951/QMD/ParallelDevelopment/Results/Oct_01/12_46/logs/NV-exp-method-sim__random--probe__QMLA_19.qmd.8794732.log', model_a_id=1, model_b_id=2, num_times_to_use=750, port_number=6319, qid=19, times_record='/panfs/panasas01/phys/bf16951/QMD/ParallelDevelopment/Results/Oct_01/12_46/BayesFactorsTimeRecords/BayesFactorsPairsTimes_019.txt', trueModel='xTiPPyTiPPzTiPPzTz') (bbcc8078-4d9b-406c-8467-6c4bfbb236eb)
14:21:00 19: RemoteBayesFactor.BayesFactorRemote(bayes_threshold=100, bf_data_folder='/panfs/panasas01/phys/bf16951/QMD/ParallelDevelopment/Results/Oct_01/12_46/BayesFactorsTimeRecords/', branchID=0, host_name='node44-012', interbranch=False, log_file='/panfs/panasas01/phys/bf16951/QMD/ParallelDevelopment/Results/Oct_01/12_46/logs/NV-exp-method-sim__random--probe__QMLA_19.qmd.8794732.log', model_a_id=0, model_b_id=2, num_times_to_use=750, port_number=6319, qid=19, times_record='/panfs/panasas01/phys/bf16951/QMD/ParallelDevelopment/Results/Oct_01/12_46/BayesFactorsTimeRecords/BayesFactorsPairsTimes_019.txt', trueModel='xTiPPyTiPPzTiPPzTz') (09b227e8-a727-4a44-b732-473b87a75681)
14:21:00 19: RemoteBayesFactor.BayesFactorRemote(bayes_threshold=100, bf_data_folder='/panfs/panasas01/phys/bf16951/QMD/ParallelDevelopment/Results/Oct_01/12_46/BayesFactorsTimeRecords/', branchID=0, host_name='node44-012', interbranch=False, log_file='/panfs/panasas01/phys/bf16951/QMD/ParallelDevelopment/Results/Oct_01/12_46/logs/NV-exp-method-sim__random--probe__QMLA_19.qmd.8794732.log', model_a_id=0, model_b_id=1, num_times_to_use=750, port_number=6319, qid=19, times_record='/panfs/panasas01/phys/bf16951/QMD/ParallelDevelopment/Results/Oct_01/12_46/BayesFactorsTimeRecords/BayesFactorsPairsTimes_019.txt', trueModel='xTiPPyTiPPzTiPPzTz') (1e1b94d3-7ee6-49c2-8f8c-f5408cdcca54)
15:13:15 19: Job OK (1e1b94d3-7ee6-49c2-8f8c-f5408cdcca54)
15:13:15 Result will never expire, clean up result key manually
15:13:15 Cleaning registries for queue: 19
15:13:15 
15:13:15 *** Listening on 19...
15:24:01 19: Job OK (09b227e8-a727-4a44-b732-473b87a75681)
15:24:01 Result will never expire, clean up result key manually
15:24:01 Cleaning registries for queue: 19
15:24:01 
15:24:01 *** Listening on 19...
15:25:34 19: Job OK (bbcc8078-4d9b-406c-8467-6c4bfbb236eb)
15:25:34 Result will never expire, clean up result key manually
15:25:34 Cleaning registries for queue: 19
15:25:34 
15:25:34 *** Listening on 19...
15:25:34 19: RemoteModelLearning.learnModelRemote('xTiPPyTi', 3.0, branchID=1, growth_generator='NV_alternative_model', host_name='node44-012', log_file='/panfs/panasas01/phys/bf16951/QMD/ParallelDevelopment/Results/Oct_01/12_46/logs/NV-exp-method-sim__random--probe__QMLA_19.qmd.8794732.log', port_number=6319, qid=19, remote=True) (39e7a9bf-a139-4eff-a879-44cff826269d)
15:25:34 19: RemoteModelLearning.learnModelRemote('yTiPPzTi', 4.0, branchID=1, growth_generator='NV_alternative_model', host_name='node44-012', log_file='/panfs/panasas01/phys/bf16951/QMD/ParallelDevelopment/Results/Oct_01/12_46/logs/NV-exp-method-sim__random--probe__QMLA_19.qmd.8794732.log', port_number=6319, qid=19, remote=True) (b82a59b5-65ec-4879-879e-a9b7aaaaa986)
15:51:52 19: Job OK (39e7a9bf-a139-4eff-a879-44cff826269d)
15:51:52 Result will never expire, clean up result key manually
15:51:52 Cleaning registries for queue: 19
15:51:52 
15:51:52 *** Listening on 19...
15:51:56 19: Job OK (b82a59b5-65ec-4879-879e-a9b7aaaaa986)
15:51:56 Result will never expire, clean up result key manually
15:51:56 
15:51:56 *** Listening on 19...
15:51:56 19: RemoteBayesFactor.BayesFactorRemote(bayes_threshold=100, bf_data_folder='/panfs/panasas01/phys/bf16951/QMD/ParallelDevelopment/Results/Oct_01/12_46/BayesFactorsTimeRecords/', branchID=1, host_name='node44-012', interbranch=False, log_file='/panfs/panasas01/phys/bf16951/QMD/ParallelDevelopment/Results/Oct_01/12_46/logs/NV-exp-method-sim__random--probe__QMLA_19.qmd.8794732.log', model_a_id=3, model_b_id=4, num_times_to_use=750, port_number=6319, qid=19, times_record='/panfs/panasas01/phys/bf16951/QMD/ParallelDevelopment/Results/Oct_01/12_46/BayesFactorsTimeRecords/BayesFactorsPairsTimes_019.txt', trueModel='xTiPPyTiPPzTiPPzTz') (187abeb2-8893-461e-a135-561170fda72c)
16:42:43 19: Job OK (187abeb2-8893-461e-a135-561170fda72c)
16:42:43 Result will never expire, clean up result key manually
16:42:43 Cleaning registries for queue: 19
16:42:43 
16:42:43 *** Listening on 19...
16:42:43 19: RemoteModelLearning.learnModelRemote('xTiPPyTiPPzTi', 5.0, branchID=2, growth_generator='NV_alternative_model', host_name='node44-012', log_file='/panfs/panasas01/phys/bf16951/QMD/ParallelDevelopment/Results/Oct_01/12_46/logs/NV-exp-method-sim__random--probe__QMLA_19.qmd.8794732.log', port_number=6319, qid=19, remote=True) (70073ce0-945c-453e-bc29-a361390c97db)
17:08:48 19: Job OK (70073ce0-945c-453e-bc29-a361390c97db)
17:08:48 Result will never expire, clean up result key manually
17:08:48 Cleaning registries for queue: 19
17:08:48 
17:08:48 *** Listening on 19...
17:08:49 19: RemoteModelLearning.learnModelRemote('xTiPPyTiPPyTyPPzTi', 6.0, branchID=3, growth_generator='NV_alternative_model', host_name='node44-012', log_file='/panfs/panasas01/phys/bf16951/QMD/ParallelDevelopment/Results/Oct_01/12_46/logs/NV-exp-method-sim__random--probe__QMLA_19.qmd.8794732.log', port_number=6319, qid=19, remote=True) (4c6d833a-ebcc-40d6-a8d0-a0e762b8749f)
17:08:49 19: RemoteModelLearning.learnModelRemote('xTiPPyTiPPzTiPPzTz', 7.0, branchID=3, growth_generator='NV_alternative_model', host_name='node44-012', log_file='/panfs/panasas01/phys/bf16951/QMD/ParallelDevelopment/Results/Oct_01/12_46/logs/NV-exp-method-sim__random--probe__QMLA_19.qmd.8794732.log', port_number=6319, qid=19, remote=True) (f5a95f50-4510-486e-9275-5cd530384522)
17:08:49 19: RemoteModelLearning.learnModelRemote('xTiPPxTxPPyTiPPzTi', 8.0, branchID=3, growth_generator='NV_alternative_model', host_name='node44-012', log_file='/panfs/panasas01/phys/bf16951/QMD/ParallelDevelopment/Results/Oct_01/12_46/logs/NV-exp-method-sim__random--probe__QMLA_19.qmd.8794732.log', port_number=6319, qid=19, remote=True) (676d2009-919c-4cac-8275-cdbb1aa66882)
17:35:09 19: Job OK (4c6d833a-ebcc-40d6-a8d0-a0e762b8749f)
17:35:09 Result will never expire, clean up result key manually
17:35:09 Cleaning registries for queue: 19
17:35:09 
17:35:09 *** Listening on 19...
17:35:09 19: Job OK (676d2009-919c-4cac-8275-cdbb1aa66882)
17:35:09 Result will never expire, clean up result key manually
17:35:09 
17:35:09 *** Listening on 19...
17:35:19 19: Job OK (f5a95f50-4510-486e-9275-5cd530384522)
17:35:19 Result will never expire, clean up result key manually
17:35:19 Cleaning registries for queue: 19
17:35:19 
17:35:19 *** Listening on 19...
17:35:19 19: RemoteBayesFactor.BayesFactorRemote(bayes_threshold=100, bf_data_folder='/panfs/panasas01/phys/bf16951/QMD/ParallelDevelopment/Results/Oct_01/12_46/BayesFactorsTimeRecords/', branchID=3, host_name='node44-012', interbranch=False, log_file='/panfs/panasas01/phys/bf16951/QMD/ParallelDevelopment/Results/Oct_01/12_46/logs/NV-exp-method-sim__random--probe__QMLA_19.qmd.8794732.log', model_a_id=6, model_b_id=8, num_times_to_use=750, port_number=6319, qid=19, times_record='/panfs/panasas01/phys/bf16951/QMD/ParallelDevelopment/Results/Oct_01/12_46/BayesFactorsTimeRecords/BayesFactorsPairsTimes_019.txt', trueModel='xTiPPyTiPPzTiPPzTz') (57677e28-4f0b-4c45-b567-ac8d3e3a799a)
17:35:19 19: RemoteBayesFactor.BayesFactorRemote(bayes_threshold=100, bf_data_folder='/panfs/panasas01/phys/bf16951/QMD/ParallelDevelopment/Results/Oct_01/12_46/BayesFactorsTimeRecords/', branchID=3, host_name='node44-012', interbranch=False, log_file='/panfs/panasas01/phys/bf16951/QMD/ParallelDevelopment/Results/Oct_01/12_46/logs/NV-exp-method-sim__random--probe__QMLA_19.qmd.8794732.log', model_a_id=7, model_b_id=8, num_times_to_use=750, port_number=6319, qid=19, times_record='/panfs/panasas01/phys/bf16951/QMD/ParallelDevelopment/Results/Oct_01/12_46/BayesFactorsTimeRecords/BayesFactorsPairsTimes_019.txt', trueModel='xTiPPyTiPPzTiPPzTz') (c813ebf2-8845-4c36-83a8-9263115ba7ff)
17:35:19 19: RemoteBayesFactor.BayesFactorRemote(bayes_threshold=100, bf_data_folder='/panfs/panasas01/phys/bf16951/QMD/ParallelDevelopment/Results/Oct_01/12_46/BayesFactorsTimeRecords/', branchID=3, host_name='node44-012', interbranch=False, log_file='/panfs/panasas01/phys/bf16951/QMD/ParallelDevelopment/Results/Oct_01/12_46/logs/NV-exp-method-sim__random--probe__QMLA_19.qmd.8794732.log', model_a_id=6, model_b_id=7, num_times_to_use=750, port_number=6319, qid=19, times_record='/panfs/panasas01/phys/bf16951/QMD/ParallelDevelopment/Results/Oct_01/12_46/BayesFactorsTimeRecords/BayesFactorsPairsTimes_019.txt', trueModel='xTiPPyTiPPzTiPPzTz') (36bd34d0-f28b-4c4b-8a57-52ea854a67a2)
18:27:06 19: Job OK (57677e28-4f0b-4c45-b567-ac8d3e3a799a)
18:27:06 Result will never expire, clean up result key manually
18:27:06 Cleaning registries for queue: 19
18:27:06 
18:27:06 *** Listening on 19...
18:28:19 19: Job OK (c813ebf2-8845-4c36-83a8-9263115ba7ff)
18:28:19 Result will never expire, clean up result key manually
18:28:19 Cleaning registries for queue: 19
18:28:19 
18:28:19 *** Listening on 19...
18:32:27 19: Job OK (36bd34d0-f28b-4c4b-8a57-52ea854a67a2)
18:32:27 Result will never expire, clean up result key manually
18:32:27 Cleaning registries for queue: 19
18:32:27 
18:32:27 *** Listening on 19...
18:32:27 19: RemoteModelLearning.learnModelRemote('xTiPPxTxPPyTiPPzTiPPzTz', 9.0, branchID=4, growth_generator='NV_alternative_model', host_name='node44-012', log_file='/panfs/panasas01/phys/bf16951/QMD/ParallelDevelopment/Results/Oct_01/12_46/logs/NV-exp-method-sim__random--probe__QMLA_19.qmd.8794732.log', port_number=6319, qid=19, remote=True) (5b896e93-6127-4cdf-954f-72ae6d391580)
18:32:27 19: RemoteModelLearning.learnModelRemote('xTiPPyTiPPyTyPPzTiPPzTz', 10.0, branchID=4, growth_generator='NV_alternative_model', host_name='node44-012', log_file='/panfs/panasas01/phys/bf16951/QMD/ParallelDevelopment/Results/Oct_01/12_46/logs/NV-exp-method-sim__random--probe__QMLA_19.qmd.8794732.log', port_number=6319, qid=19, remote=True) (fc0b8807-8bc3-4055-9461-96efff7437c0)
18:57:50 19: Job OK (5b896e93-6127-4cdf-954f-72ae6d391580)
18:57:50 Result will never expire, clean up result key manually
18:57:50 
18:57:50 *** Listening on 19...
18:58:14 19: Job OK (fc0b8807-8bc3-4055-9461-96efff7437c0)
18:58:14 Result will never expire, clean up result key manually
18:58:14 
18:58:14 *** Listening on 19...
18:58:14 19: RemoteBayesFactor.BayesFactorRemote(bayes_threshold=100, bf_data_folder='/panfs/panasas01/phys/bf16951/QMD/ParallelDevelopment/Results/Oct_01/12_46/BayesFactorsTimeRecords/', branchID=4, host_name='node44-012', interbranch=False, log_file='/panfs/panasas01/phys/bf16951/QMD/ParallelDevelopment/Results/Oct_01/12_46/logs/NV-exp-method-sim__random--probe__QMLA_19.qmd.8794732.log', model_a_id=9, model_b_id=10, num_times_to_use=750, port_number=6319, qid=19, times_record='/panfs/panasas01/phys/bf16951/QMD/ParallelDevelopment/Results/Oct_01/12_46/BayesFactorsTimeRecords/BayesFactorsPairsTimes_019.txt', trueModel='xTiPPyTiPPzTiPPzTz') (1004c3d9-5d5f-4812-9842-c9f0370b883c)
19:48:35 19: Job OK (1004c3d9-5d5f-4812-9842-c9f0370b883c)
19:48:35 Result will never expire, clean up result key manually
19:48:35 Cleaning registries for queue: 19
19:48:35 
19:48:35 *** Listening on 19...
19:48:35 19: RemoteModelLearning.learnModelRemote('xTiPPxTxPPyTiPPyTyPPzTiPPzTz', 11.0, branchID=5, growth_generator='NV_alternative_model', host_name='node44-012', log_file='/panfs/panasas01/phys/bf16951/QMD/ParallelDevelopment/Results/Oct_01/12_46/logs/NV-exp-method-sim__random--probe__QMLA_19.qmd.8794732.log', port_number=6319, qid=19, remote=True) (06f863a4-b787-4ed8-aa05-a4f847e5a472)
20:13:44 19: Job OK (06f863a4-b787-4ed8-aa05-a4f847e5a472)
20:13:44 Result will never expire, clean up result key manually
20:13:44 Cleaning registries for queue: 19
20:13:44 
20:13:44 *** Listening on 19...
20:13:45 19: RemoteModelLearning.learnModelRemote('xTiPPxTxPPyTiPPyTyPPyTzPPzTiPPzTz', 12.0, branchID=6, growth_generator='NV_alternative_model', host_name='node44-012', log_file='/panfs/panasas01/phys/bf16951/QMD/ParallelDevelopment/Results/Oct_01/12_46/logs/NV-exp-method-sim__random--probe__QMLA_19.qmd.8794732.log', port_number=6319, qid=19, remote=True) (1569b842-7160-45c2-b338-48abbe792c60)
20:13:45 19: RemoteModelLearning.learnModelRemote('xTiPPxTxPPxTzPPyTiPPyTyPPzTiPPzTz', 13.0, branchID=6, growth_generator='NV_alternative_model', host_name='node44-012', log_file='/panfs/panasas01/phys/bf16951/QMD/ParallelDevelopment/Results/Oct_01/12_46/logs/NV-exp-method-sim__random--probe__QMLA_19.qmd.8794732.log', port_number=6319, qid=19, remote=True) (2a6a959b-cdd7-4ca6-a4f3-9c0e2214320f)
20:13:45 19: RemoteModelLearning.learnModelRemote('xTiPPxTxPPxTyPPyTiPPyTyPPzTiPPzTz', 14.0, branchID=6, growth_generator='NV_alternative_model', host_name='node44-012', log_file='/panfs/panasas01/phys/bf16951/QMD/ParallelDevelopment/Results/Oct_01/12_46/logs/NV-exp-method-sim__random--probe__QMLA_19.qmd.8794732.log', port_number=6319, qid=19, remote=True) (88dee788-0d43-4a50-8bae-d49c6825c888)
20:39:28 19: Job OK (1569b842-7160-45c2-b338-48abbe792c60)
20:39:28 Result will never expire, clean up result key manually
20:39:28 Cleaning registries for queue: 19
20:39:28 
20:39:28 *** Listening on 19...
20:39:50 19: Job OK (88dee788-0d43-4a50-8bae-d49c6825c888)
20:39:50 Result will never expire, clean up result key manually
20:39:50 Cleaning registries for queue: 19
20:39:50 
20:39:50 *** Listening on 19...
20:39:55 19: Job OK (2a6a959b-cdd7-4ca6-a4f3-9c0e2214320f)
20:39:55 Result will never expire, clean up result key manually
20:39:55 Cleaning registries for queue: 19
20:39:55 
20:39:55 *** Listening on 19...
20:39:56 19: RemoteBayesFactor.BayesFactorRemote(bayes_threshold=100, bf_data_folder='/panfs/panasas01/phys/bf16951/QMD/ParallelDevelopment/Results/Oct_01/12_46/BayesFactorsTimeRecords/', branchID=6, host_name='node44-012', interbranch=False, log_file='/panfs/panasas01/phys/bf16951/QMD/ParallelDevelopment/Results/Oct_01/12_46/logs/NV-exp-method-sim__random--probe__QMLA_19.qmd.8794732.log', model_a_id=12, model_b_id=14, num_times_to_use=750, port_number=6319, qid=19, times_record='/panfs/panasas01/phys/bf16951/QMD/ParallelDevelopment/Results/Oct_01/12_46/BayesFactorsTimeRecords/BayesFactorsPairsTimes_019.txt', trueModel='xTiPPyTiPPzTiPPzTz') (2633df09-0048-4e11-800b-6b596302938f)
20:39:56 19: RemoteBayesFactor.BayesFactorRemote(bayes_threshold=100, bf_data_folder='/panfs/panasas01/phys/bf16951/QMD/ParallelDevelopment/Results/Oct_01/12_46/BayesFactorsTimeRecords/', branchID=6, host_name='node44-012', interbranch=False, log_file='/panfs/panasas01/phys/bf16951/QMD/ParallelDevelopment/Results/Oct_01/12_46/logs/NV-exp-method-sim__random--probe__QMLA_19.qmd.8794732.log', model_a_id=13, model_b_id=14, num_times_to_use=750, port_number=6319, qid=19, times_record='/panfs/panasas01/phys/bf16951/QMD/ParallelDevelopment/Results/Oct_01/12_46/BayesFactorsTimeRecords/BayesFactorsPairsTimes_019.txt', trueModel='xTiPPyTiPPzTiPPzTz') (78359760-7635-46e1-9e71-94e9c03ea794)
20:39:56 19: RemoteBayesFactor.BayesFactorRemote(bayes_threshold=100, bf_data_folder='/panfs/panasas01/phys/bf16951/QMD/ParallelDevelopment/Results/Oct_01/12_46/BayesFactorsTimeRecords/', branchID=6, host_name='node44-012', interbranch=False, log_file='/panfs/panasas01/phys/bf16951/QMD/ParallelDevelopment/Results/Oct_01/12_46/logs/NV-exp-method-sim__random--probe__QMLA_19.qmd.8794732.log', model_a_id=12, model_b_id=13, num_times_to_use=750, port_number=6319, qid=19, times_record='/panfs/panasas01/phys/bf16951/QMD/ParallelDevelopment/Results/Oct_01/12_46/BayesFactorsTimeRecords/BayesFactorsPairsTimes_019.txt', trueModel='xTiPPyTiPPzTiPPzTz') (a2bc5b7f-7dbb-439c-9da7-99b387474c40)
21:30:40 19: Job OK (2633df09-0048-4e11-800b-6b596302938f)
21:30:40 Result will never expire, clean up result key manually
21:30:40 Cleaning registries for queue: 19
21:30:40 
21:30:40 *** Listening on 19...
21:30:53 19: Job OK (78359760-7635-46e1-9e71-94e9c03ea794)
21:30:53 Result will never expire, clean up result key manually
21:30:53 Cleaning registries for queue: 19
21:30:53 
21:30:53 *** Listening on 19...
21:35:36 19: Job OK (a2bc5b7f-7dbb-439c-9da7-99b387474c40)
21:35:36 Result will never expire, clean up result key manually
21:35:36 Cleaning registries for queue: 19
21:35:36 
21:35:36 *** Listening on 19...
21:35:36 19: RemoteModelLearning.learnModelRemote('xTiPPxTxPPxTyPPyTiPPyTyPPyTzPPzTiPPzTz', 16.0, branchID=7, growth_generator='NV_alternative_model', host_name='node44-012', log_file='/panfs/panasas01/phys/bf16951/QMD/ParallelDevelopment/Results/Oct_01/12_46/logs/NV-exp-method-sim__random--probe__QMLA_19.qmd.8794732.log', port_number=6319, qid=19, remote=True) (b882d170-959a-4be4-92bc-7a4bc18db8ec)
21:35:36 19: RemoteModelLearning.learnModelRemote('xTiPPxTxPPxTzPPyTiPPyTyPPyTzPPzTiPPzTz', 15.0, branchID=7, growth_generator='NV_alternative_model', host_name='node44-012', log_file='/panfs/panasas01/phys/bf16951/QMD/ParallelDevelopment/Results/Oct_01/12_46/logs/NV-exp-method-sim__random--probe__QMLA_19.qmd.8794732.log', port_number=6319, qid=19, remote=True) (34760c2f-e1e6-475c-a9ac-50ea7bbfeaea)
22:00:34 19: Job OK (b882d170-959a-4be4-92bc-7a4bc18db8ec)
22:00:34 Result will never expire, clean up result key manually
22:00:34 
22:00:34 *** Listening on 19...
22:00:50 19: Job OK (34760c2f-e1e6-475c-a9ac-50ea7bbfeaea)
22:00:50 Result will never expire, clean up result key manually
22:00:50 
22:00:50 *** Listening on 19...
22:00:50 19: RemoteBayesFactor.BayesFactorRemote(bayes_threshold=100, bf_data_folder='/panfs/panasas01/phys/bf16951/QMD/ParallelDevelopment/Results/Oct_01/12_46/BayesFactorsTimeRecords/', branchID=7, host_name='node44-012', interbranch=False, log_file='/panfs/panasas01/phys/bf16951/QMD/ParallelDevelopment/Results/Oct_01/12_46/logs/NV-exp-method-sim__random--probe__QMLA_19.qmd.8794732.log', model_a_id=15, model_b_id=16, num_times_to_use=750, port_number=6319, qid=19, times_record='/panfs/panasas01/phys/bf16951/QMD/ParallelDevelopment/Results/Oct_01/12_46/BayesFactorsTimeRecords/BayesFactorsPairsTimes_019.txt', trueModel='xTiPPyTiPPzTiPPzTz') (04ad28bc-0ad6-4684-b6df-ac323407b462)
22:49:25 19: Job OK (04ad28bc-0ad6-4684-b6df-ac323407b462)
22:49:25 Result will never expire, clean up result key manually
22:49:25 Cleaning registries for queue: 19
22:49:25 
22:49:25 *** Listening on 19...
22:49:26 19: RemoteModelLearning.learnModelRemote('xTiPPxTxPPxTyPPxTzPPyTiPPyTyPPyTzPPzTiPPzTz', 17.0, branchID=8, growth_generator='NV_alternative_model', host_name='node44-012', log_file='/panfs/panasas01/phys/bf16951/QMD/ParallelDevelopment/Results/Oct_01/12_46/logs/NV-exp-method-sim__random--probe__QMLA_19.qmd.8794732.log', port_number=6319, qid=19, remote=True) (caf3f119-fc86-42a4-8998-4471fe417760)
23:14:51 19: Job OK (caf3f119-fc86-42a4-8998-4471fe417760)
23:14:51 Result will never expire, clean up result key manually
23:14:51 19: RemoteBayesFactor.BayesFactorRemote(bayes_threshold=100, bf_data_folder='/panfs/panasas01/phys/bf16951/QMD/ParallelDevelopment/Results/Oct_01/12_46/BayesFactorsTimeRecords/', branchID=None, host_name='node44-012', interbranch=True, log_file='/panfs/panasas01/phys/bf16951/QMD/ParallelDevelopment/Results/Oct_01/12_46/logs/NV-exp-method-sim__random--probe__QMLA_19.qmd.8794732.log', model_a_id=1, model_b_id=4, num_times_to_use=750, port_number=6319, qid=19, times_record='/panfs/panasas01/phys/bf16951/QMD/ParallelDevelopment/Results/Oct_01/12_46/BayesFactorsTimeRecords/BayesFactorsPairsTimes_019.txt', trueModel='xTiPPyTiPPzTiPPzTz') (ebc2737b-0c7c-44cd-88fb-925a0a0d9aa5)
23:14:51 19: RemoteBayesFactor.BayesFactorRemote(bayes_threshold=100, bf_data_folder='/panfs/panasas01/phys/bf16951/QMD/ParallelDevelopment/Results/Oct_01/12_46/BayesFactorsTimeRecords/', branchID=None, host_name='node44-012', interbranch=True, log_file='/panfs/panasas01/phys/bf16951/QMD/ParallelDevelopment/Results/Oct_01/12_46/logs/NV-exp-method-sim__random--probe__QMLA_19.qmd.8794732.log', model_a_id=5, model_b_id=7, num_times_to_use=750, port_number=6319, qid=19, times_record='/panfs/panasas01/phys/bf16951/QMD/ParallelDevelopment/Results/Oct_01/12_46/BayesFactorsTimeRecords/BayesFactorsPairsTimes_019.txt', trueModel='xTiPPyTiPPzTiPPzTz') (e5f0d32c-a4d0-4576-9f26-278aa7a3a2ba)
23:14:51 Cleaning registries for queue: 19
23:14:51 19: RemoteBayesFactor.BayesFactorRemote(bayes_threshold=100, bf_data_folder='/panfs/panasas01/phys/bf16951/QMD/ParallelDevelopment/Results/Oct_01/12_46/BayesFactorsTimeRecords/', branchID=None, host_name='node44-012', interbranch=True, log_file='/panfs/panasas01/phys/bf16951/QMD/ParallelDevelopment/Results/Oct_01/12_46/logs/NV-exp-method-sim__random--probe__QMLA_19.qmd.8794732.log', model_a_id=10, model_b_id=11, num_times_to_use=750, port_number=6319, qid=19, times_record='/panfs/panasas01/phys/bf16951/QMD/ParallelDevelopment/Results/Oct_01/12_46/BayesFactorsTimeRecords/BayesFactorsPairsTimes_019.txt', trueModel='xTiPPyTiPPzTiPPzTz') (c46ea53b-1279-4482-bfeb-6e10567c49af)
23:14:51 
23:14:51 *** Listening on 19...
23:14:51 19: RemoteBayesFactor.BayesFactorRemote(bayes_threshold=100, bf_data_folder='/panfs/panasas01/phys/bf16951/QMD/ParallelDevelopment/Results/Oct_01/12_46/BayesFactorsTimeRecords/', branchID=None, host_name='node44-012', interbranch=True, log_file='/panfs/panasas01/phys/bf16951/QMD/ParallelDevelopment/Results/Oct_01/12_46/logs/NV-exp-method-sim__random--probe__QMLA_19.qmd.8794732.log', model_a_id=11, model_b_id=12, num_times_to_use=750, port_number=6319, qid=19, times_record='/panfs/panasas01/phys/bf16951/QMD/ParallelDevelopment/Results/Oct_01/12_46/BayesFactorsTimeRecords/BayesFactorsPairsTimes_019.txt', trueModel='xTiPPyTiPPzTiPPzTz') (f9f4070f-3c3f-4638-920f-b5714fd33c2b)
23:14:51 19: RemoteBayesFactor.BayesFactorRemote(bayes_threshold=100, bf_data_folder='/panfs/panasas01/phys/bf16951/QMD/ParallelDevelopment/Results/Oct_01/12_46/BayesFactorsTimeRecords/', branchID=None, host_name='node44-012', interbranch=True, log_file='/panfs/panasas01/phys/bf16951/QMD/ParallelDevelopment/Results/Oct_01/12_46/logs/NV-exp-method-sim__random--probe__QMLA_19.qmd.8794732.log', model_a_id=4, model_b_id=5, num_times_to_use=750, port_number=6319, qid=19, times_record='/panfs/panasas01/phys/bf16951/QMD/ParallelDevelopment/Results/Oct_01/12_46/BayesFactorsTimeRecords/BayesFactorsPairsTimes_019.txt', trueModel='xTiPPyTiPPzTiPPzTz') (ad8e6adb-8573-44bf-9e21-5f9f2af6a687)
23:14:51 19: RemoteBayesFactor.BayesFactorRemote(bayes_threshold=100, bf_data_folder='/panfs/panasas01/phys/bf16951/QMD/ParallelDevelopment/Results/Oct_01/12_46/BayesFactorsTimeRecords/', branchID=None, host_name='node44-012', interbranch=True, log_file='/panfs/panasas01/phys/bf16951/QMD/ParallelDevelopment/Results/Oct_01/12_46/logs/NV-exp-method-sim__random--probe__QMLA_19.qmd.8794732.log', model_a_id=7, model_b_id=10, num_times_to_use=750, port_number=6319, qid=19, times_record='/panfs/panasas01/phys/bf16951/QMD/ParallelDevelopment/Results/Oct_01/12_46/BayesFactorsTimeRecords/BayesFactorsPairsTimes_019.txt', trueModel='xTiPPyTiPPzTiPPzTz') (e632dc4f-8448-49ef-8e39-ca21c3c4a8f4)
00:07:24 19: Job OK (f9f4070f-3c3f-4638-920f-b5714fd33c2b)
00:07:24 Result will never expire, clean up result key manually
00:07:24 
00:07:24 *** Listening on 19...
00:07:24 19: RemoteBayesFactor.BayesFactorRemote(bayes_threshold=100, bf_data_folder='/panfs/panasas01/phys/bf16951/QMD/ParallelDevelopment/Results/Oct_01/12_46/BayesFactorsTimeRecords/', branchID=None, host_name='node44-012', interbranch=True, log_file='/panfs/panasas01/phys/bf16951/QMD/ParallelDevelopment/Results/Oct_01/12_46/logs/NV-exp-method-sim__random--probe__QMLA_19.qmd.8794732.log', model_a_id=12, model_b_id=16, num_times_to_use=750, port_number=6319, qid=19, times_record='/panfs/panasas01/phys/bf16951/QMD/ParallelDevelopment/Results/Oct_01/12_46/BayesFactorsTimeRecords/BayesFactorsPairsTimes_019.txt', trueModel='xTiPPyTiPPzTiPPzTz') (8ac3eaf7-2336-4f36-96ab-cdeb2e83ce29)
00:07:46 19: Job OK (c46ea53b-1279-4482-bfeb-6e10567c49af)
00:07:46 Result will never expire, clean up result key manually
00:07:46 Cleaning registries for queue: 19
00:07:46 
00:07:46 *** Listening on 19...
00:07:46 19: RemoteBayesFactor.BayesFactorRemote(bayes_threshold=100, bf_data_folder='/panfs/panasas01/phys/bf16951/QMD/ParallelDevelopment/Results/Oct_01/12_46/BayesFactorsTimeRecords/', branchID=None, host_name='node44-012', interbranch=True, log_file='/panfs/panasas01/phys/bf16951/QMD/ParallelDevelopment/Results/Oct_01/12_46/logs/NV-exp-method-sim__random--probe__QMLA_19.qmd.8794732.log', model_a_id=16, model_b_id=17, num_times_to_use=750, port_number=6319, qid=19, times_record='/panfs/panasas01/phys/bf16951/QMD/ParallelDevelopment/Results/Oct_01/12_46/BayesFactorsTimeRecords/BayesFactorsPairsTimes_019.txt', trueModel='xTiPPyTiPPzTiPPzTz') (92affcf2-23d1-4c6a-8e25-5582a42b6b16)
00:08:42 19: Job OK (e632dc4f-8448-49ef-8e39-ca21c3c4a8f4)
00:08:42 Result will never expire, clean up result key manually
00:08:42 Cleaning registries for queue: 19
00:08:42 
00:08:42 *** Listening on 19...
00:08:47 19: Job OK (e5f0d32c-a4d0-4576-9f26-278aa7a3a2ba)
00:08:47 Result will never expire, clean up result key manually
00:08:47 Cleaning registries for queue: 19
00:08:47 
00:08:47 *** Listening on 19...
00:09:23 19: Job OK (ad8e6adb-8573-44bf-9e21-5f9f2af6a687)
00:09:23 Result will never expire, clean up result key manually
00:09:23 Cleaning registries for queue: 19
00:09:23 
00:09:23 *** Listening on 19...
00:09:30 19: Job OK (ebc2737b-0c7c-44cd-88fb-925a0a0d9aa5)
00:09:30 Result will never expire, clean up result key manually
00:09:30 Cleaning registries for queue: 19
00:09:30 
00:09:30 *** Listening on 19...
00:57:29 19: Job OK (8ac3eaf7-2336-4f36-96ab-cdeb2e83ce29)
00:57:29 Result will never expire, clean up result key manually
00:57:29 Cleaning registries for queue: 19
00:57:29 
00:57:29 *** Listening on 19...
00:57:43 19: Job OK (92affcf2-23d1-4c6a-8e25-5582a42b6b16)
00:57:43 Result will never expire, clean up result key manually
00:57:43 
00:57:43 *** Listening on 19...
00:57:43 19: RemoteBayesFactor.BayesFactorRemote(bayes_threshold=100, bf_data_folder='/panfs/panasas01/phys/bf16951/QMD/ParallelDevelopment/Results/Oct_01/12_46/BayesFactorsTimeRecords/', branchID=9, host_name='node44-012', interbranch=False, log_file='/panfs/panasas01/phys/bf16951/QMD/ParallelDevelopment/Results/Oct_01/12_46/logs/NV-exp-method-sim__random--probe__QMLA_19.qmd.8794732.log', model_a_id=12.0, model_b_id=4.0, num_times_to_use=750, port_number=6319, qid=19, times_record='/panfs/panasas01/phys/bf16951/QMD/ParallelDevelopment/Results/Oct_01/12_46/BayesFactorsTimeRecords/BayesFactorsPairsTimes_019.txt', trueModel='xTiPPyTiPPzTiPPzTz') (62754423-b356-4cad-9a7b-b1958a4171ff)
00:57:43 19: RemoteBayesFactor.BayesFactorRemote(bayes_threshold=100, bf_data_folder='/panfs/panasas01/phys/bf16951/QMD/ParallelDevelopment/Results/Oct_01/12_46/BayesFactorsTimeRecords/', branchID=9, host_name='node44-012', interbranch=False, log_file='/panfs/panasas01/phys/bf16951/QMD/ParallelDevelopment/Results/Oct_01/12_46/logs/NV-exp-method-sim__random--probe__QMLA_19.qmd.8794732.log', model_a_id=12.0, model_b_id=10.0, num_times_to_use=750, port_number=6319, qid=19, times_record='/panfs/panasas01/phys/bf16951/QMD/ParallelDevelopment/Results/Oct_01/12_46/BayesFactorsTimeRecords/BayesFactorsPairsTimes_019.txt', trueModel='xTiPPyTiPPzTiPPzTz') (54b88dca-fd4b-4ece-aa45-e0591a89b284)
00:57:43 19: RemoteBayesFactor.BayesFactorRemote(bayes_threshold=100, bf_data_folder='/panfs/panasas01/phys/bf16951/QMD/ParallelDevelopment/Results/Oct_01/12_46/BayesFactorsTimeRecords/', branchID=9, host_name='node44-012', interbranch=False, log_file='/panfs/panasas01/phys/bf16951/QMD/ParallelDevelopment/Results/Oct_01/12_46/logs/NV-exp-method-sim__random--probe__QMLA_19.qmd.8794732.log', model_a_id=4.0, model_b_id=10.0, num_times_to_use=750, port_number=6319, qid=19, times_record='/panfs/panasas01/phys/bf16951/QMD/ParallelDevelopment/Results/Oct_01/12_46/BayesFactorsTimeRecords/BayesFactorsPairsTimes_019.txt', trueModel='xTiPPyTiPPzTiPPzTz') (4156225b-6269-4350-9bde-950667250f5f)
01:49:54 19: Job OK (54b88dca-fd4b-4ece-aa45-e0591a89b284)
01:49:54 Result will never expire, clean up result key manually
01:49:54 Cleaning registries for queue: 19
01:49:54 
01:49:54 *** Listening on 19...
01:50:41 19: Job OK (62754423-b356-4cad-9a7b-b1958a4171ff)
01:50:41 Result will never expire, clean up result key manually
01:50:41 Cleaning registries for queue: 19
01:50:41 
01:50:41 *** Listening on 19...
01:51:44 19: Job OK (4156225b-6269-4350-9bde-950667250f5f)
01:51:44 Result will never expire, clean up result key manually
01:51:44 Cleaning registries for queue: 19
01:51:44 
01:51:44 *** Listening on 19...
01:51:44 19: RemoteBayesFactor.BayesFactorRemote(bayes_threshold=100, bf_data_folder='/panfs/panasas01/phys/bf16951/QMD/ParallelDevelopment/Results/Oct_01/12_46/BayesFactorsTimeRecords/', branchID=None, host_name='node44-012', interbranch=True, log_file='/panfs/panasas01/phys/bf16951/QMD/ParallelDevelopment/Results/Oct_01/12_46/logs/NV-exp-method-sim__random--probe__QMLA_19.qmd.8794732.log', model_a_id=10, model_b_id=18, num_times_to_use=750, port_number=6319, qid=19, times_record='/panfs/panasas01/phys/bf16951/QMD/ParallelDevelopment/Results/Oct_01/12_46/BayesFactorsTimeRecords/BayesFactorsPairsTimes_019.txt', trueModel='xTiPPyTiPPzTiPPzTz') (fa668f26-1421-47fc-8e88-1f0589e2bd8e)
02:42:36 19: Job OK (fa668f26-1421-47fc-8e88-1f0589e2bd8e)
02:42:36 Result will never expire, clean up result key manually
02:42:36 Cleaning registries for queue: 19
02:42:36 
02:42:36 *** Listening on 19...
Error 111 connecting to node44-012:6319. Connection refused.
Error 111 connecting to node44-012:6319. Connection refused.
Error 111 connecting to node44-012:6319. Connection refused.
Error 111 connecting to node44-012:6319. Connection refused.
Error 111 connecting to node44-012:6319. Connection refused.
Error 111 connecting to node44-012:6319. Connection refused.
