00:23:43 RQ worker 'rq:worker:node33-040.99112' started, version 0.8.1
00:23:43 RQ worker 'rq:worker:node33-040.99115' started, version 0.8.1
00:23:43 RQ worker 'rq:worker:node33-040.99114' started, version 0.8.1
00:23:43 RQ worker 'rq:worker:node33-040.99113' started, version 0.8.1
00:23:43 Cleaning registries for queue: 35
00:23:43 Cleaning registries for queue: 35
00:23:43 Cleaning registries for queue: 35
00:23:43 Cleaning registries for queue: 35
00:23:43 RQ worker 'rq:worker:node33-040.99116' started, version 0.8.1
00:23:43 RQ worker 'rq:worker:node33-040.99117' started, version 0.8.1
00:23:43 
00:23:43 Cleaning registries for queue: 35
00:23:43 
00:23:43 
00:23:43 
00:23:43 Cleaning registries for queue: 35
00:23:43 *** Listening on 35...
00:23:43 *** Listening on 35...
00:23:43 *** Listening on 35...
00:23:43 *** Listening on 35...
00:23:43 
00:23:43 
00:23:43 *** Listening on 35...
00:23:43 *** Listening on 35...
00:23:54 35: RemoteModelLearning.learnModelRemote('yTi', 1.0, branchID=0, growth_generator='NV_alternative_model', host_name='node33-040', log_file='/panfs/panasas01/phys/bf16951/QMD/ParallelDevelopment/Results/Oct_01/12_46/logs/NV-exp-method-sim__random--probe__QMLA_35.qmd.8794748.log', port_number=6335, qid=35, remote=True) (2689eedc-3097-405b-a370-92c6861323ea)
00:23:54 35: RemoteModelLearning.learnModelRemote('zTi', 2.0, branchID=0, growth_generator='NV_alternative_model', host_name='node33-040', log_file='/panfs/panasas01/phys/bf16951/QMD/ParallelDevelopment/Results/Oct_01/12_46/logs/NV-exp-method-sim__random--probe__QMLA_35.qmd.8794748.log', port_number=6335, qid=35, remote=True) (c934d5fb-06a9-436b-abed-9994a28a71a8)
00:23:54 35: RemoteModelLearning.learnModelRemote('xTi', 0.0, branchID=0, growth_generator='NV_alternative_model', host_name='node33-040', log_file='/panfs/panasas01/phys/bf16951/QMD/ParallelDevelopment/Results/Oct_01/12_46/logs/NV-exp-method-sim__random--probe__QMLA_35.qmd.8794748.log', port_number=6335, qid=35, remote=True) (d40312be-1694-46f5-8310-78727691bc74)
00:49:50 35: Job OK (2689eedc-3097-405b-a370-92c6861323ea)
00:49:50 Result will never expire, clean up result key manually
00:49:50 
00:49:50 *** Listening on 35...
00:50:11 35: Job OK (d40312be-1694-46f5-8310-78727691bc74)
00:50:11 Result will never expire, clean up result key manually
00:50:11 
00:50:11 *** Listening on 35...
00:54:07 35: Job OK (c934d5fb-06a9-436b-abed-9994a28a71a8)
00:54:07 Result will never expire, clean up result key manually
00:54:07 
00:54:07 *** Listening on 35...
00:54:07 35: RemoteBayesFactor.BayesFactorRemote(bayes_threshold=100, bf_data_folder='/panfs/panasas01/phys/bf16951/QMD/ParallelDevelopment/Results/Oct_01/12_46/BayesFactorsTimeRecords/', branchID=0, host_name='node33-040', interbranch=False, log_file='/panfs/panasas01/phys/bf16951/QMD/ParallelDevelopment/Results/Oct_01/12_46/logs/NV-exp-method-sim__random--probe__QMLA_35.qmd.8794748.log', model_a_id=0, model_b_id=1, num_times_to_use=750, port_number=6335, qid=35, times_record='/panfs/panasas01/phys/bf16951/QMD/ParallelDevelopment/Results/Oct_01/12_46/BayesFactorsTimeRecords/BayesFactorsPairsTimes_035.txt', trueModel='xTiPPyTiPPzTiPPzTz') (19e75e16-438c-4472-a7e0-c5af383d3682)
00:54:07 35: RemoteBayesFactor.BayesFactorRemote(bayes_threshold=100, bf_data_folder='/panfs/panasas01/phys/bf16951/QMD/ParallelDevelopment/Results/Oct_01/12_46/BayesFactorsTimeRecords/', branchID=0, host_name='node33-040', interbranch=False, log_file='/panfs/panasas01/phys/bf16951/QMD/ParallelDevelopment/Results/Oct_01/12_46/logs/NV-exp-method-sim__random--probe__QMLA_35.qmd.8794748.log', model_a_id=0, model_b_id=2, num_times_to_use=750, port_number=6335, qid=35, times_record='/panfs/panasas01/phys/bf16951/QMD/ParallelDevelopment/Results/Oct_01/12_46/BayesFactorsTimeRecords/BayesFactorsPairsTimes_035.txt', trueModel='xTiPPyTiPPzTiPPzTz') (15de4c58-a7d5-4ae5-ac1e-373d4c758a2d)
00:54:07 35: RemoteBayesFactor.BayesFactorRemote(bayes_threshold=100, bf_data_folder='/panfs/panasas01/phys/bf16951/QMD/ParallelDevelopment/Results/Oct_01/12_46/BayesFactorsTimeRecords/', branchID=0, host_name='node33-040', interbranch=False, log_file='/panfs/panasas01/phys/bf16951/QMD/ParallelDevelopment/Results/Oct_01/12_46/logs/NV-exp-method-sim__random--probe__QMLA_35.qmd.8794748.log', model_a_id=1, model_b_id=2, num_times_to_use=750, port_number=6335, qid=35, times_record='/panfs/panasas01/phys/bf16951/QMD/ParallelDevelopment/Results/Oct_01/12_46/BayesFactorsTimeRecords/BayesFactorsPairsTimes_035.txt', trueModel='xTiPPyTiPPzTiPPzTz') (867778db-2d7f-425c-b8c0-b87a4aeb76c1)
01:44:39 35: Job OK (15de4c58-a7d5-4ae5-ac1e-373d4c758a2d)
01:44:39 Result will never expire, clean up result key manually
01:44:39 Cleaning registries for queue: 35
01:44:39 
01:44:39 *** Listening on 35...
01:46:17 35: Job OK (19e75e16-438c-4472-a7e0-c5af383d3682)
01:46:17 Result will never expire, clean up result key manually
01:46:17 Cleaning registries for queue: 35
01:46:17 
01:46:17 *** Listening on 35...
01:49:15 35: Job OK (867778db-2d7f-425c-b8c0-b87a4aeb76c1)
01:49:15 Result will never expire, clean up result key manually
01:49:15 Cleaning registries for queue: 35
01:49:15 
01:49:15 *** Listening on 35...
01:49:15 35: RemoteModelLearning.learnModelRemote('yTiPPzTi', 3.0, branchID=1, growth_generator='NV_alternative_model', host_name='node33-040', log_file='/panfs/panasas01/phys/bf16951/QMD/ParallelDevelopment/Results/Oct_01/12_46/logs/NV-exp-method-sim__random--probe__QMLA_35.qmd.8794748.log', port_number=6335, qid=35, remote=True) (fda57ace-1ecc-4506-994c-1a0b4d801d91)
01:49:15 35: RemoteModelLearning.learnModelRemote('xTiPPzTi', 4.0, branchID=1, growth_generator='NV_alternative_model', host_name='node33-040', log_file='/panfs/panasas01/phys/bf16951/QMD/ParallelDevelopment/Results/Oct_01/12_46/logs/NV-exp-method-sim__random--probe__QMLA_35.qmd.8794748.log', port_number=6335, qid=35, remote=True) (9577a6b6-7627-4ac4-88f8-2e3b276d3d10)
02:15:18 35: Job OK (fda57ace-1ecc-4506-994c-1a0b4d801d91)
02:15:18 Result will never expire, clean up result key manually
02:15:18 
02:15:18 *** Listening on 35...
02:15:21 35: Job OK (9577a6b6-7627-4ac4-88f8-2e3b276d3d10)
02:15:21 Result will never expire, clean up result key manually
02:15:21 
02:15:21 *** Listening on 35...
02:15:21 35: RemoteBayesFactor.BayesFactorRemote(bayes_threshold=100, bf_data_folder='/panfs/panasas01/phys/bf16951/QMD/ParallelDevelopment/Results/Oct_01/12_46/BayesFactorsTimeRecords/', branchID=1, host_name='node33-040', interbranch=False, log_file='/panfs/panasas01/phys/bf16951/QMD/ParallelDevelopment/Results/Oct_01/12_46/logs/NV-exp-method-sim__random--probe__QMLA_35.qmd.8794748.log', model_a_id=3, model_b_id=4, num_times_to_use=750, port_number=6335, qid=35, times_record='/panfs/panasas01/phys/bf16951/QMD/ParallelDevelopment/Results/Oct_01/12_46/BayesFactorsTimeRecords/BayesFactorsPairsTimes_035.txt', trueModel='xTiPPyTiPPzTiPPzTz') (af300b93-1f3e-416d-825e-5de0ddefb127)
03:07:01 35: Job OK (af300b93-1f3e-416d-825e-5de0ddefb127)
03:07:01 Result will never expire, clean up result key manually
03:07:01 Cleaning registries for queue: 35
03:07:01 
03:07:01 *** Listening on 35...
03:07:01 35: RemoteModelLearning.learnModelRemote('xTiPPyTiPPzTi', 5.0, branchID=2, growth_generator='NV_alternative_model', host_name='node33-040', log_file='/panfs/panasas01/phys/bf16951/QMD/ParallelDevelopment/Results/Oct_01/12_46/logs/NV-exp-method-sim__random--probe__QMLA_35.qmd.8794748.log', port_number=6335, qid=35, remote=True) (0c7f2051-e4fa-4a96-9f38-ea180a416663)
03:32:30 35: Job OK (0c7f2051-e4fa-4a96-9f38-ea180a416663)
03:32:30 Result will never expire, clean up result key manually
03:32:30 Cleaning registries for queue: 35
03:32:30 
03:32:30 *** Listening on 35...
03:32:30 35: RemoteModelLearning.learnModelRemote('xTiPPxTxPPyTiPPzTi', 6.0, branchID=3, growth_generator='NV_alternative_model', host_name='node33-040', log_file='/panfs/panasas01/phys/bf16951/QMD/ParallelDevelopment/Results/Oct_01/12_46/logs/NV-exp-method-sim__random--probe__QMLA_35.qmd.8794748.log', port_number=6335, qid=35, remote=True) (93377651-816c-47fc-8c94-38b5ab4cde2c)
03:32:30 35: RemoteModelLearning.learnModelRemote('xTiPPyTiPPzTiPPzTz', 7.0, branchID=3, growth_generator='NV_alternative_model', host_name='node33-040', log_file='/panfs/panasas01/phys/bf16951/QMD/ParallelDevelopment/Results/Oct_01/12_46/logs/NV-exp-method-sim__random--probe__QMLA_35.qmd.8794748.log', port_number=6335, qid=35, remote=True) (cabaaf77-4a0c-41b6-87ea-e661f487f6cf)
03:32:30 35: RemoteModelLearning.learnModelRemote('xTiPPyTiPPyTyPPzTi', 8.0, branchID=3, growth_generator='NV_alternative_model', host_name='node33-040', log_file='/panfs/panasas01/phys/bf16951/QMD/ParallelDevelopment/Results/Oct_01/12_46/logs/NV-exp-method-sim__random--probe__QMLA_35.qmd.8794748.log', port_number=6335, qid=35, remote=True) (f02a344a-c670-4342-983b-e9a1de8fdf07)
03:58:06 35: Job OK (f02a344a-c670-4342-983b-e9a1de8fdf07)
03:58:06 Result will never expire, clean up result key manually
03:58:06 Cleaning registries for queue: 35
03:58:06 
03:58:06 *** Listening on 35...
03:58:29 35: Job OK (93377651-816c-47fc-8c94-38b5ab4cde2c)
03:58:29 Result will never expire, clean up result key manually
03:58:29 Cleaning registries for queue: 35
03:58:29 
03:58:29 *** Listening on 35...
03:58:42 35: Job OK (cabaaf77-4a0c-41b6-87ea-e661f487f6cf)
03:58:42 Result will never expire, clean up result key manually
03:58:42 Cleaning registries for queue: 35
03:58:42 
03:58:42 *** Listening on 35...
03:58:42 35: RemoteBayesFactor.BayesFactorRemote(bayes_threshold=100, bf_data_folder='/panfs/panasas01/phys/bf16951/QMD/ParallelDevelopment/Results/Oct_01/12_46/BayesFactorsTimeRecords/', branchID=3, host_name='node33-040', interbranch=False, log_file='/panfs/panasas01/phys/bf16951/QMD/ParallelDevelopment/Results/Oct_01/12_46/logs/NV-exp-method-sim__random--probe__QMLA_35.qmd.8794748.log', model_a_id=6, model_b_id=7, num_times_to_use=750, port_number=6335, qid=35, times_record='/panfs/panasas01/phys/bf16951/QMD/ParallelDevelopment/Results/Oct_01/12_46/BayesFactorsTimeRecords/BayesFactorsPairsTimes_035.txt', trueModel='xTiPPyTiPPzTiPPzTz') (8d35f068-3116-4a3e-96c9-78d3ff91f9b6)
03:58:42 35: RemoteBayesFactor.BayesFactorRemote(bayes_threshold=100, bf_data_folder='/panfs/panasas01/phys/bf16951/QMD/ParallelDevelopment/Results/Oct_01/12_46/BayesFactorsTimeRecords/', branchID=3, host_name='node33-040', interbranch=False, log_file='/panfs/panasas01/phys/bf16951/QMD/ParallelDevelopment/Results/Oct_01/12_46/logs/NV-exp-method-sim__random--probe__QMLA_35.qmd.8794748.log', model_a_id=7, model_b_id=8, num_times_to_use=750, port_number=6335, qid=35, times_record='/panfs/panasas01/phys/bf16951/QMD/ParallelDevelopment/Results/Oct_01/12_46/BayesFactorsTimeRecords/BayesFactorsPairsTimes_035.txt', trueModel='xTiPPyTiPPzTiPPzTz') (590a5030-b6d5-44d9-97a2-d6a56cee07ec)
03:58:42 35: RemoteBayesFactor.BayesFactorRemote(bayes_threshold=100, bf_data_folder='/panfs/panasas01/phys/bf16951/QMD/ParallelDevelopment/Results/Oct_01/12_46/BayesFactorsTimeRecords/', branchID=3, host_name='node33-040', interbranch=False, log_file='/panfs/panasas01/phys/bf16951/QMD/ParallelDevelopment/Results/Oct_01/12_46/logs/NV-exp-method-sim__random--probe__QMLA_35.qmd.8794748.log', model_a_id=6, model_b_id=8, num_times_to_use=750, port_number=6335, qid=35, times_record='/panfs/panasas01/phys/bf16951/QMD/ParallelDevelopment/Results/Oct_01/12_46/BayesFactorsTimeRecords/BayesFactorsPairsTimes_035.txt', trueModel='xTiPPyTiPPzTiPPzTz') (d72cbd5d-58f9-493a-855f-d74d53ebc4da)
04:50:39 35: Job OK (8d35f068-3116-4a3e-96c9-78d3ff91f9b6)
04:50:39 Result will never expire, clean up result key manually
04:50:39 Cleaning registries for queue: 35
04:50:39 
04:50:39 *** Listening on 35...
04:50:48 35: Job OK (590a5030-b6d5-44d9-97a2-d6a56cee07ec)
04:50:48 Result will never expire, clean up result key manually
04:50:48 Cleaning registries for queue: 35
04:50:48 
04:50:48 *** Listening on 35...
04:51:07 35: Job OK (d72cbd5d-58f9-493a-855f-d74d53ebc4da)
04:51:07 Result will never expire, clean up result key manually
04:51:07 Cleaning registries for queue: 35
04:51:07 
04:51:07 *** Listening on 35...
04:51:07 35: RemoteModelLearning.learnModelRemote('xTiPPxTxPPyTiPPzTiPPzTz', 9.0, branchID=4, growth_generator='NV_alternative_model', host_name='node33-040', log_file='/panfs/panasas01/phys/bf16951/QMD/ParallelDevelopment/Results/Oct_01/12_46/logs/NV-exp-method-sim__random--probe__QMLA_35.qmd.8794748.log', port_number=6335, qid=35, remote=True) (c70d3b23-7ced-472d-b4dd-92b983dd4d49)
04:51:07 35: RemoteModelLearning.learnModelRemote('xTiPPyTiPPyTyPPzTiPPzTz', 10.0, branchID=4, growth_generator='NV_alternative_model', host_name='node33-040', log_file='/panfs/panasas01/phys/bf16951/QMD/ParallelDevelopment/Results/Oct_01/12_46/logs/NV-exp-method-sim__random--probe__QMLA_35.qmd.8794748.log', port_number=6335, qid=35, remote=True) (620a0d3a-4272-4567-9cea-8a22cbe17ccd)
05:15:55 35: Job OK (620a0d3a-4272-4567-9cea-8a22cbe17ccd)
05:15:55 Result will never expire, clean up result key manually
05:15:55 Cleaning registries for queue: 35
05:15:55 
05:15:55 *** Listening on 35...
05:16:16 35: Job OK (c70d3b23-7ced-472d-b4dd-92b983dd4d49)
05:16:16 Result will never expire, clean up result key manually
05:16:16 Cleaning registries for queue: 35
05:16:16 
05:16:16 *** Listening on 35...
05:16:16 35: RemoteBayesFactor.BayesFactorRemote(bayes_threshold=100, bf_data_folder='/panfs/panasas01/phys/bf16951/QMD/ParallelDevelopment/Results/Oct_01/12_46/BayesFactorsTimeRecords/', branchID=4, host_name='node33-040', interbranch=False, log_file='/panfs/panasas01/phys/bf16951/QMD/ParallelDevelopment/Results/Oct_01/12_46/logs/NV-exp-method-sim__random--probe__QMLA_35.qmd.8794748.log', model_a_id=9, model_b_id=10, num_times_to_use=750, port_number=6335, qid=35, times_record='/panfs/panasas01/phys/bf16951/QMD/ParallelDevelopment/Results/Oct_01/12_46/BayesFactorsTimeRecords/BayesFactorsPairsTimes_035.txt', trueModel='xTiPPyTiPPzTiPPzTz') (ee05d260-ec5f-4152-b189-c76a7ac65c88)
06:05:42 35: Job OK (ee05d260-ec5f-4152-b189-c76a7ac65c88)
06:05:42 Result will never expire, clean up result key manually
06:05:42 Cleaning registries for queue: 35
06:05:42 
06:05:42 *** Listening on 35...
06:05:42 35: RemoteModelLearning.learnModelRemote('xTiPPxTxPPyTiPPyTyPPzTiPPzTz', 11.0, branchID=5, growth_generator='NV_alternative_model', host_name='node33-040', log_file='/panfs/panasas01/phys/bf16951/QMD/ParallelDevelopment/Results/Oct_01/12_46/logs/NV-exp-method-sim__random--probe__QMLA_35.qmd.8794748.log', port_number=6335, qid=35, remote=True) (4762ac65-285b-44c7-a7be-2dde2f355c0b)
06:30:25 35: Job OK (4762ac65-285b-44c7-a7be-2dde2f355c0b)
06:30:25 Result will never expire, clean up result key manually
06:30:25 Cleaning registries for queue: 35
06:30:25 
06:30:25 *** Listening on 35...
06:30:26 35: RemoteModelLearning.learnModelRemote('xTiPPxTxPPyTiPPyTyPPyTzPPzTiPPzTz', 13.0, branchID=6, growth_generator='NV_alternative_model', host_name='node33-040', log_file='/panfs/panasas01/phys/bf16951/QMD/ParallelDevelopment/Results/Oct_01/12_46/logs/NV-exp-method-sim__random--probe__QMLA_35.qmd.8794748.log', port_number=6335, qid=35, remote=True) (dc76e973-4a15-497e-9c7f-e42e726e9e7c)
06:30:26 35: RemoteModelLearning.learnModelRemote('xTiPPxTxPPxTyPPyTiPPyTyPPzTiPPzTz', 12.0, branchID=6, growth_generator='NV_alternative_model', host_name='node33-040', log_file='/panfs/panasas01/phys/bf16951/QMD/ParallelDevelopment/Results/Oct_01/12_46/logs/NV-exp-method-sim__random--probe__QMLA_35.qmd.8794748.log', port_number=6335, qid=35, remote=True) (b2f187b5-b0e2-4d08-bac5-b1d0080bb742)
06:30:26 35: RemoteModelLearning.learnModelRemote('xTiPPxTxPPxTzPPyTiPPyTyPPzTiPPzTz', 14.0, branchID=6, growth_generator='NV_alternative_model', host_name='node33-040', log_file='/panfs/panasas01/phys/bf16951/QMD/ParallelDevelopment/Results/Oct_01/12_46/logs/NV-exp-method-sim__random--probe__QMLA_35.qmd.8794748.log', port_number=6335, qid=35, remote=True) (92338e1e-4f41-4ad8-bf13-076b584b7fac)
06:55:46 35: Job OK (b2f187b5-b0e2-4d08-bac5-b1d0080bb742)
06:55:46 Result will never expire, clean up result key manually
06:55:46 Cleaning registries for queue: 35
06:55:46 
06:55:46 *** Listening on 35...
06:55:51 35: Job OK (92338e1e-4f41-4ad8-bf13-076b584b7fac)
06:55:51 Result will never expire, clean up result key manually
06:55:51 Cleaning registries for queue: 35
06:55:51 
06:55:51 *** Listening on 35...
06:56:23 35: Job OK (dc76e973-4a15-497e-9c7f-e42e726e9e7c)
06:56:23 Result will never expire, clean up result key manually
06:56:23 Cleaning registries for queue: 35
06:56:23 
06:56:23 *** Listening on 35...
06:56:23 35: RemoteBayesFactor.BayesFactorRemote(bayes_threshold=100, bf_data_folder='/panfs/panasas01/phys/bf16951/QMD/ParallelDevelopment/Results/Oct_01/12_46/BayesFactorsTimeRecords/', branchID=6, host_name='node33-040', interbranch=False, log_file='/panfs/panasas01/phys/bf16951/QMD/ParallelDevelopment/Results/Oct_01/12_46/logs/NV-exp-method-sim__random--probe__QMLA_35.qmd.8794748.log', model_a_id=13, model_b_id=14, num_times_to_use=750, port_number=6335, qid=35, times_record='/panfs/panasas01/phys/bf16951/QMD/ParallelDevelopment/Results/Oct_01/12_46/BayesFactorsTimeRecords/BayesFactorsPairsTimes_035.txt', trueModel='xTiPPyTiPPzTiPPzTz') (b778efdd-1eed-4f94-8c5c-2a9a6a76bc02)
06:56:23 35: RemoteBayesFactor.BayesFactorRemote(bayes_threshold=100, bf_data_folder='/panfs/panasas01/phys/bf16951/QMD/ParallelDevelopment/Results/Oct_01/12_46/BayesFactorsTimeRecords/', branchID=6, host_name='node33-040', interbranch=False, log_file='/panfs/panasas01/phys/bf16951/QMD/ParallelDevelopment/Results/Oct_01/12_46/logs/NV-exp-method-sim__random--probe__QMLA_35.qmd.8794748.log', model_a_id=12, model_b_id=13, num_times_to_use=750, port_number=6335, qid=35, times_record='/panfs/panasas01/phys/bf16951/QMD/ParallelDevelopment/Results/Oct_01/12_46/BayesFactorsTimeRecords/BayesFactorsPairsTimes_035.txt', trueModel='xTiPPyTiPPzTiPPzTz') (67ac5d09-cf88-48ee-9567-2545007e3ac2)
06:56:23 35: RemoteBayesFactor.BayesFactorRemote(bayes_threshold=100, bf_data_folder='/panfs/panasas01/phys/bf16951/QMD/ParallelDevelopment/Results/Oct_01/12_46/BayesFactorsTimeRecords/', branchID=6, host_name='node33-040', interbranch=False, log_file='/panfs/panasas01/phys/bf16951/QMD/ParallelDevelopment/Results/Oct_01/12_46/logs/NV-exp-method-sim__random--probe__QMLA_35.qmd.8794748.log', model_a_id=12, model_b_id=14, num_times_to_use=750, port_number=6335, qid=35, times_record='/panfs/panasas01/phys/bf16951/QMD/ParallelDevelopment/Results/Oct_01/12_46/BayesFactorsTimeRecords/BayesFactorsPairsTimes_035.txt', trueModel='xTiPPyTiPPzTiPPzTz') (d3013846-6f05-491e-8d5e-c94456dfbf17)
07:47:07 35: Job OK (d3013846-6f05-491e-8d5e-c94456dfbf17)
07:47:07 Result will never expire, clean up result key manually
07:47:07 Cleaning registries for queue: 35
07:47:07 
07:47:07 *** Listening on 35...
07:47:20 35: Job OK (b778efdd-1eed-4f94-8c5c-2a9a6a76bc02)
07:47:20 Result will never expire, clean up result key manually
07:47:20 Cleaning registries for queue: 35
07:47:20 
07:47:20 *** Listening on 35...
07:47:57 35: Job OK (67ac5d09-cf88-48ee-9567-2545007e3ac2)
07:47:57 Result will never expire, clean up result key manually
07:47:57 Cleaning registries for queue: 35
07:47:57 
07:47:57 *** Listening on 35...
07:47:57 35: RemoteModelLearning.learnModelRemote('xTiPPxTxPPxTyPPyTiPPyTyPPyTzPPzTiPPzTz', 15.0, branchID=7, growth_generator='NV_alternative_model', host_name='node33-040', log_file='/panfs/panasas01/phys/bf16951/QMD/ParallelDevelopment/Results/Oct_01/12_46/logs/NV-exp-method-sim__random--probe__QMLA_35.qmd.8794748.log', port_number=6335, qid=35, remote=True) (00a646aa-7567-4a77-a2ab-f98a79721e75)
07:47:57 35: RemoteModelLearning.learnModelRemote('xTiPPxTxPPxTyPPxTzPPyTiPPyTyPPzTiPPzTz', 16.0, branchID=7, growth_generator='NV_alternative_model', host_name='node33-040', log_file='/panfs/panasas01/phys/bf16951/QMD/ParallelDevelopment/Results/Oct_01/12_46/logs/NV-exp-method-sim__random--probe__QMLA_35.qmd.8794748.log', port_number=6335, qid=35, remote=True) (24c16d70-e31c-492a-96fb-6262c8f16e5b)
08:12:12 35: Job OK (24c16d70-e31c-492a-96fb-6262c8f16e5b)
08:12:12 Result will never expire, clean up result key manually
08:12:12 Cleaning registries for queue: 35
08:12:12 
08:12:12 *** Listening on 35...
08:12:27 35: Job OK (00a646aa-7567-4a77-a2ab-f98a79721e75)
08:12:27 Result will never expire, clean up result key manually
08:12:27 Cleaning registries for queue: 35
08:12:27 
08:12:27 *** Listening on 35...
08:12:27 35: RemoteBayesFactor.BayesFactorRemote(bayes_threshold=100, bf_data_folder='/panfs/panasas01/phys/bf16951/QMD/ParallelDevelopment/Results/Oct_01/12_46/BayesFactorsTimeRecords/', branchID=7, host_name='node33-040', interbranch=False, log_file='/panfs/panasas01/phys/bf16951/QMD/ParallelDevelopment/Results/Oct_01/12_46/logs/NV-exp-method-sim__random--probe__QMLA_35.qmd.8794748.log', model_a_id=15, model_b_id=16, num_times_to_use=750, port_number=6335, qid=35, times_record='/panfs/panasas01/phys/bf16951/QMD/ParallelDevelopment/Results/Oct_01/12_46/BayesFactorsTimeRecords/BayesFactorsPairsTimes_035.txt', trueModel='xTiPPyTiPPzTiPPzTz') (ae38cd17-93ce-4604-a138-7e0d7e2fd6f4)
09:01:20 35: Job OK (ae38cd17-93ce-4604-a138-7e0d7e2fd6f4)
09:01:20 Result will never expire, clean up result key manually
09:01:20 Cleaning registries for queue: 35
09:01:20 
09:01:20 *** Listening on 35...
09:01:20 35: RemoteModelLearning.learnModelRemote('xTiPPxTxPPxTyPPxTzPPyTiPPyTyPPyTzPPzTiPPzTz', 17.0, branchID=8, growth_generator='NV_alternative_model', host_name='node33-040', log_file='/panfs/panasas01/phys/bf16951/QMD/ParallelDevelopment/Results/Oct_01/12_46/logs/NV-exp-method-sim__random--probe__QMLA_35.qmd.8794748.log', port_number=6335, qid=35, remote=True) (a1ab0de1-b95b-46e3-b683-1f638fabf8c8)
09:25:44 35: Job OK (a1ab0de1-b95b-46e3-b683-1f638fabf8c8)
09:25:44 Result will never expire, clean up result key manually
09:25:44 35: RemoteBayesFactor.BayesFactorRemote(bayes_threshold=100, bf_data_folder='/panfs/panasas01/phys/bf16951/QMD/ParallelDevelopment/Results/Oct_01/12_46/BayesFactorsTimeRecords/', branchID=None, host_name='node33-040', interbranch=True, log_file='/panfs/panasas01/phys/bf16951/QMD/ParallelDevelopment/Results/Oct_01/12_46/logs/NV-exp-method-sim__random--probe__QMLA_35.qmd.8794748.log', model_a_id=3, model_b_id=5, num_times_to_use=750, port_number=6335, qid=35, times_record='/panfs/panasas01/phys/bf16951/QMD/ParallelDevelopment/Results/Oct_01/12_46/BayesFactorsTimeRecords/BayesFactorsPairsTimes_035.txt', trueModel='xTiPPyTiPPzTiPPzTz') (3c087ed9-531e-4822-ba88-234d73f277e8)
09:25:44 35: RemoteBayesFactor.BayesFactorRemote(bayes_threshold=100, bf_data_folder='/panfs/panasas01/phys/bf16951/QMD/ParallelDevelopment/Results/Oct_01/12_46/BayesFactorsTimeRecords/', branchID=None, host_name='node33-040', interbranch=True, log_file='/panfs/panasas01/phys/bf16951/QMD/ParallelDevelopment/Results/Oct_01/12_46/logs/NV-exp-method-sim__random--probe__QMLA_35.qmd.8794748.log', model_a_id=5, model_b_id=7, num_times_to_use=750, port_number=6335, qid=35, times_record='/panfs/panasas01/phys/bf16951/QMD/ParallelDevelopment/Results/Oct_01/12_46/BayesFactorsTimeRecords/BayesFactorsPairsTimes_035.txt', trueModel='xTiPPyTiPPzTiPPzTz') (8b53f256-c1d9-4785-87c6-658d93992d19)
09:25:44 35: RemoteBayesFactor.BayesFactorRemote(bayes_threshold=100, bf_data_folder='/panfs/panasas01/phys/bf16951/QMD/ParallelDevelopment/Results/Oct_01/12_46/BayesFactorsTimeRecords/', branchID=None, host_name='node33-040', interbranch=True, log_file='/panfs/panasas01/phys/bf16951/QMD/ParallelDevelopment/Results/Oct_01/12_46/logs/NV-exp-method-sim__random--probe__QMLA_35.qmd.8794748.log', model_a_id=2, model_b_id=3, num_times_to_use=750, port_number=6335, qid=35, times_record='/panfs/panasas01/phys/bf16951/QMD/ParallelDevelopment/Results/Oct_01/12_46/BayesFactorsTimeRecords/BayesFactorsPairsTimes_035.txt', trueModel='xTiPPyTiPPzTiPPzTz') (297f8d47-61c1-4ab4-9db9-274090cd48d9)
09:25:44 35: RemoteBayesFactor.BayesFactorRemote(bayes_threshold=100, bf_data_folder='/panfs/panasas01/phys/bf16951/QMD/ParallelDevelopment/Results/Oct_01/12_46/BayesFactorsTimeRecords/', branchID=None, host_name='node33-040', interbranch=True, log_file='/panfs/panasas01/phys/bf16951/QMD/ParallelDevelopment/Results/Oct_01/12_46/logs/NV-exp-method-sim__random--probe__QMLA_35.qmd.8794748.log', model_a_id=7, model_b_id=10, num_times_to_use=750, port_number=6335, qid=35, times_record='/panfs/panasas01/phys/bf16951/QMD/ParallelDevelopment/Results/Oct_01/12_46/BayesFactorsTimeRecords/BayesFactorsPairsTimes_035.txt', trueModel='xTiPPyTiPPzTiPPzTz') (e36dc62e-5ed8-41ce-be49-7a66f37f5502)
09:25:44 Cleaning registries for queue: 35
09:25:44 
09:25:44 *** Listening on 35...
09:25:44 35: RemoteBayesFactor.BayesFactorRemote(bayes_threshold=100, bf_data_folder='/panfs/panasas01/phys/bf16951/QMD/ParallelDevelopment/Results/Oct_01/12_46/BayesFactorsTimeRecords/', branchID=None, host_name='node33-040', interbranch=True, log_file='/panfs/panasas01/phys/bf16951/QMD/ParallelDevelopment/Results/Oct_01/12_46/logs/NV-exp-method-sim__random--probe__QMLA_35.qmd.8794748.log', model_a_id=10, model_b_id=11, num_times_to_use=750, port_number=6335, qid=35, times_record='/panfs/panasas01/phys/bf16951/QMD/ParallelDevelopment/Results/Oct_01/12_46/BayesFactorsTimeRecords/BayesFactorsPairsTimes_035.txt', trueModel='xTiPPyTiPPzTiPPzTz') (d3dd44a0-2f7b-462a-8ac4-f83431f19ccc)
09:25:44 35: RemoteBayesFactor.BayesFactorRemote(bayes_threshold=100, bf_data_folder='/panfs/panasas01/phys/bf16951/QMD/ParallelDevelopment/Results/Oct_01/12_46/BayesFactorsTimeRecords/', branchID=None, host_name='node33-040', interbranch=True, log_file='/panfs/panasas01/phys/bf16951/QMD/ParallelDevelopment/Results/Oct_01/12_46/logs/NV-exp-method-sim__random--probe__QMLA_35.qmd.8794748.log', model_a_id=11, model_b_id=12, num_times_to_use=750, port_number=6335, qid=35, times_record='/panfs/panasas01/phys/bf16951/QMD/ParallelDevelopment/Results/Oct_01/12_46/BayesFactorsTimeRecords/BayesFactorsPairsTimes_035.txt', trueModel='xTiPPyTiPPzTiPPzTz') (75e4089d-0a74-4e05-8231-bacccf93c58e)
10:16:49 35: Job OK (d3dd44a0-2f7b-462a-8ac4-f83431f19ccc)
10:16:49 Result will never expire, clean up result key manually
10:16:49 Cleaning registries for queue: 35
10:16:49 
10:16:49 *** Listening on 35...
10:16:49 35: RemoteBayesFactor.BayesFactorRemote(bayes_threshold=100, bf_data_folder='/panfs/panasas01/phys/bf16951/QMD/ParallelDevelopment/Results/Oct_01/12_46/BayesFactorsTimeRecords/', branchID=None, host_name='node33-040', interbranch=True, log_file='/panfs/panasas01/phys/bf16951/QMD/ParallelDevelopment/Results/Oct_01/12_46/logs/NV-exp-method-sim__random--probe__QMLA_35.qmd.8794748.log', model_a_id=12, model_b_id=16, num_times_to_use=750, port_number=6335, qid=35, times_record='/panfs/panasas01/phys/bf16951/QMD/ParallelDevelopment/Results/Oct_01/12_46/BayesFactorsTimeRecords/BayesFactorsPairsTimes_035.txt', trueModel='xTiPPyTiPPzTiPPzTz') (91400027-2fd1-49b0-a9d6-82fa3336f85f)
10:17:49 35: Job OK (75e4089d-0a74-4e05-8231-bacccf93c58e)
10:17:49 Result will never expire, clean up result key manually
10:17:49 
10:17:49 *** Listening on 35...
10:17:49 35: RemoteBayesFactor.BayesFactorRemote(bayes_threshold=100, bf_data_folder='/panfs/panasas01/phys/bf16951/QMD/ParallelDevelopment/Results/Oct_01/12_46/BayesFactorsTimeRecords/', branchID=None, host_name='node33-040', interbranch=True, log_file='/panfs/panasas01/phys/bf16951/QMD/ParallelDevelopment/Results/Oct_01/12_46/logs/NV-exp-method-sim__random--probe__QMLA_35.qmd.8794748.log', model_a_id=16, model_b_id=17, num_times_to_use=750, port_number=6335, qid=35, times_record='/panfs/panasas01/phys/bf16951/QMD/ParallelDevelopment/Results/Oct_01/12_46/BayesFactorsTimeRecords/BayesFactorsPairsTimes_035.txt', trueModel='xTiPPyTiPPzTiPPzTz') (cd970dd8-710f-46ec-8105-46da0f8f70a6)
10:18:10 35: Job OK (3c087ed9-531e-4822-ba88-234d73f277e8)
10:18:10 Result will never expire, clean up result key manually
10:18:10 Cleaning registries for queue: 35
10:18:10 
10:18:10 *** Listening on 35...
10:18:12 35: Job OK (297f8d47-61c1-4ab4-9db9-274090cd48d9)
10:18:12 Result will never expire, clean up result key manually
10:18:12 Cleaning registries for queue: 35
10:18:12 
10:18:12 *** Listening on 35...
10:19:06 35: Job OK (e36dc62e-5ed8-41ce-be49-7a66f37f5502)
10:19:06 Result will never expire, clean up result key manually
10:19:06 Cleaning registries for queue: 35
10:19:06 
10:19:06 *** Listening on 35...
10:19:27 35: Job OK (8b53f256-c1d9-4785-87c6-658d93992d19)
10:19:27 Result will never expire, clean up result key manually
10:19:27 Cleaning registries for queue: 35
10:19:27 
10:19:27 *** Listening on 35...
11:05:25 35: Job OK (91400027-2fd1-49b0-a9d6-82fa3336f85f)
11:05:25 Result will never expire, clean up result key manually
11:05:25 
11:05:25 *** Listening on 35...
11:06:48 35: Job OK (cd970dd8-710f-46ec-8105-46da0f8f70a6)
11:06:48 Result will never expire, clean up result key manually
11:06:48 Cleaning registries for queue: 35
11:06:48 
11:06:48 *** Listening on 35...
11:06:48 35: RemoteBayesFactor.BayesFactorRemote(bayes_threshold=100, bf_data_folder='/panfs/panasas01/phys/bf16951/QMD/ParallelDevelopment/Results/Oct_01/12_46/BayesFactorsTimeRecords/', branchID=9, host_name='node33-040', interbranch=False, log_file='/panfs/panasas01/phys/bf16951/QMD/ParallelDevelopment/Results/Oct_01/12_46/logs/NV-exp-method-sim__random--probe__QMLA_35.qmd.8794748.log', model_a_id=3.0, model_b_id=7.0, num_times_to_use=750, port_number=6335, qid=35, times_record='/panfs/panasas01/phys/bf16951/QMD/ParallelDevelopment/Results/Oct_01/12_46/BayesFactorsTimeRecords/BayesFactorsPairsTimes_035.txt', trueModel='xTiPPyTiPPzTiPPzTz') (f02e6d25-9240-4f63-af10-8b283e5a8f04)
11:06:48 35: RemoteBayesFactor.BayesFactorRemote(bayes_threshold=100, bf_data_folder='/panfs/panasas01/phys/bf16951/QMD/ParallelDevelopment/Results/Oct_01/12_46/BayesFactorsTimeRecords/', branchID=9, host_name='node33-040', interbranch=False, log_file='/panfs/panasas01/phys/bf16951/QMD/ParallelDevelopment/Results/Oct_01/12_46/logs/NV-exp-method-sim__random--probe__QMLA_35.qmd.8794748.log', model_a_id=3.0, model_b_id=10.0, num_times_to_use=750, port_number=6335, qid=35, times_record='/panfs/panasas01/phys/bf16951/QMD/ParallelDevelopment/Results/Oct_01/12_46/BayesFactorsTimeRecords/BayesFactorsPairsTimes_035.txt', trueModel='xTiPPyTiPPzTiPPzTz') (9537d33a-7a9a-44ba-aecd-25a178fb0f9f)
11:59:50 35: Job OK (9537d33a-7a9a-44ba-aecd-25a178fb0f9f)
11:59:50 Result will never expire, clean up result key manually
11:59:50 Cleaning registries for queue: 35
11:59:50 
11:59:50 *** Listening on 35...
12:00:37 35: Job OK (f02e6d25-9240-4f63-af10-8b283e5a8f04)
12:00:37 Result will never expire, clean up result key manually
12:00:37 Cleaning registries for queue: 35
12:00:37 
12:00:37 *** Listening on 35...
12:00:38 35: RemoteBayesFactor.BayesFactorRemote(bayes_threshold=100, bf_data_folder='/panfs/panasas01/phys/bf16951/QMD/ParallelDevelopment/Results/Oct_01/12_46/BayesFactorsTimeRecords/', branchID=None, host_name='node33-040', interbranch=True, log_file='/panfs/panasas01/phys/bf16951/QMD/ParallelDevelopment/Results/Oct_01/12_46/logs/NV-exp-method-sim__random--probe__QMLA_35.qmd.8794748.log', model_a_id=10, model_b_id=18, num_times_to_use=750, port_number=6335, qid=35, times_record='/panfs/panasas01/phys/bf16951/QMD/ParallelDevelopment/Results/Oct_01/12_46/BayesFactorsTimeRecords/BayesFactorsPairsTimes_035.txt', trueModel='xTiPPyTiPPzTiPPzTz') (922d5973-c83f-4127-bb52-470f5f333335)
12:50:22 35: Job OK (922d5973-c83f-4127-bb52-470f5f333335)
12:50:22 Result will never expire, clean up result key manually
12:50:23 Cleaning registries for queue: 35
12:50:23 
12:50:23 *** Listening on 35...
Error 111 connecting to node33-040:6335. Connection refused.
Error 111 connecting to node33-040:6335. Connection refused.
Error 111 connecting to node33-040:6335. Connection refused.
Error 111 connecting to node33-040:6335. Connection refused.
Error 111 connecting to node33-040:6335. Connection refused.
Error 111 connecting to node33-040:6335. Connection refused.
