In RUN script:  -agr ising_predetermined -agr heisenberg_xyz_predetermined -agr hopping_predetermined1:39:35 [GLOBAL VARIABLES] use_experimental_data : False
1:39:35 [GLOBAL VARIABLES] growth_generation_rule : NV_alternative_model
1:39:35 [GLOBAL VARIABLES] log_file : /panfs/panasas01/phys/bf16951/QMD/ParallelDevelopment/Results/Oct_01/12_46/logs/NV-exp-method-sim__random--probe__QMLA_78.qmd.8794791.log
1:39:35 [GLOBAL VARIABLES] growth_class : <NVCentreAlternativeTrueModel.nv_centre_spin_experimental_method_alternative_true_model object at 0x2aaae0572e48>
1:39:35 [GLOBAL VARIABLES] measurement_type : n_qubit_hahn_evolution
1:39:35 [GLOBAL VARIABLES] dataset : NVB_rescale_dataset.p
1:39:35 [GLOBAL VARIABLES] alternative_growth_rules : []
1:39:35 [GLOBAL VARIABLES] multiQHL : False
1:39:35 [GLOBAL VARIABLES] models_for_qhl : []
1:39:35 [GLOBAL VARIABLES] prior_pickle_file : /panfs/panasas01/phys/bf16951/QMD/ParallelDevelopment/Results/Oct_01/12_46/prior.p
1:39:35 [GLOBAL VARIABLES] true_params_pickle_file : /panfs/panasas01/phys/bf16951/QMD/ParallelDevelopment/Results/Oct_01/12_46/true_params.p
1:39:35 [GLOBAL VARIABLES] true_operator : xTiPPyTiPPzTiPPzTz
1:39:35 [GLOBAL VARIABLES] true_op_name : xTiPPyTiPPzTiPPzTz
1:39:35 [GLOBAL VARIABLES] true_operator_class : <DataBase.operator object at 0x2aaae0572ac8>
1:39:35 [GLOBAL VARIABLES] true_op_list : [array([[ 0.+0.j,  0.+0.j,  1.+0.j,  0.+0.j],
       [ 0.+0.j,  0.+0.j,  0.+0.j,  1.+0.j],
       [ 1.+0.j,  0.+0.j,  0.+0.j,  0.+0.j],
       [ 0.+0.j,  1.+0.j,  0.+0.j,  0.+0.j]]), array([[ 0.+0.j,  0.+0.j,  0.-1.j,  0.+0.j],
       [ 0.+0.j,  0.+0.j,  0.+0.j,  0.-1.j],
       [ 0.+1.j,  0.+0.j,  0.+0.j,  0.+0.j],
       [ 0.+0.j,  0.+1.j,  0.+0.j,  0.+0.j]]), array([[ 1.+0.j,  0.+0.j,  0.+0.j,  0.+0.j],
       [ 0.+0.j,  1.+0.j,  0.+0.j,  0.+0.j],
       [ 0.+0.j,  0.+0.j, -1.+0.j, -0.+0.j],
       [ 0.+0.j,  0.+0.j, -0.+0.j, -1.+0.j]]), array([[ 1.+0.j,  0.+0.j,  0.+0.j,  0.+0.j],
       [ 0.+0.j, -1.+0.j,  0.+0.j, -0.+0.j],
       [ 0.+0.j,  0.+0.j, -1.+0.j, -0.+0.j],
       [ 0.+0.j, -0.+0.j, -0.+0.j,  1.-0.j]])]
1:39:35 [GLOBAL VARIABLES] true_params : [0.92450565, 6.00664336, 1.65998543, 0.76546868]
1:39:35 [GLOBAL VARIABLES] true_params_dict : {'xTi': 0.92450565, 'yTi': 6.00664336, 'zTi': 1.65998543, 'zTz': 0.76546868}
1:39:35 [GLOBAL VARIABLES] true_params_list : [0.92450565, 6.00664336, 1.65998543, 0.76546868]
1:39:35 [GLOBAL VARIABLES] true_hamiltonian : [[ 2.42545411+0.j          0.00000000+0.j          0.92450565-6.00664336j
   0.00000000+0.j        ]
 [ 0.00000000+0.j          0.89451675+0.j          0.00000000+0.j
   0.92450565-6.00664336j]
 [ 0.92450565+6.00664336j  0.00000000+0.j         -2.42545411+0.j
   0.00000000+0.j        ]
 [ 0.00000000+0.j          0.92450565+6.00664336j  0.00000000+0.j
  -0.89451675+0.j        ]]
1:39:35 [GLOBAL VARIABLES] qhl_test : False
1:39:35 [GLOBAL VARIABLES] further_qhl : False
1:39:35 [GLOBAL VARIABLES] do_iqle : False
1:39:35 [GLOBAL VARIABLES] do_qle : True
1:39:35 [GLOBAL VARIABLES] use_rq : True
1:39:35 [GLOBAL VARIABLES] num_runs : 1
1:39:35 [GLOBAL VARIABLES] num_tests : 1
1:39:35 [GLOBAL VARIABLES] num_qubits : 2
1:39:35 [GLOBAL VARIABLES] num_parameters : 2
1:39:35 [GLOBAL VARIABLES] num_experiments : 750
1:39:35 [GLOBAL VARIABLES] num_particles : 2500
1:39:35 [GLOBAL VARIABLES] num_times_bayes : 750
1:39:35 [GLOBAL VARIABLES] bayes_lower : 1
1:39:35 [GLOBAL VARIABLES] bayes_upper : 100
1:39:35 [GLOBAL VARIABLES] save_plots : False
1:39:35 [GLOBAL VARIABLES] store_particles_weights : False
1:39:35 [GLOBAL VARIABLES] gaussian : True
1:39:35 [GLOBAL VARIABLES] custom_prior : True
1:39:35 [GLOBAL VARIABLES] resample_threshold : 0.5
1:39:35 [GLOBAL VARIABLES] resample_a : 0.98
1:39:35 [GLOBAL VARIABLES] pgh_factor : 1.0
1:39:35 [GLOBAL VARIABLES] pgh_exponent : 1.0
1:39:35 [GLOBAL VARIABLES] increase_pgh_time : False
1:39:35 [GLOBAL VARIABLES] pickle_qmd_class : False
1:39:35 [GLOBAL VARIABLES] qmd_id : 78
1:39:35 [GLOBAL VARIABLES] host_name : node44-017
1:39:35 [GLOBAL VARIABLES] port_number : 6378
1:39:35 [GLOBAL VARIABLES] results_directory : /panfs/panasas01/phys/bf16951/QMD/ParallelDevelopment/Results/Oct_01/12_46/
1:39:35 [GLOBAL VARIABLES] rq_timeout : 200000
1:39:35 [GLOBAL VARIABLES] cumulative_csv : /panfs/panasas01/phys/bf16951/QMD/ParallelDevelopment/Results/Oct_01/12_46/cumulative.csv
1:39:35 [GLOBAL VARIABLES] data_time_offset : 180
1:39:35 [GLOBAL VARIABLES] data_max_time : 5
1:39:35 [GLOBAL VARIABLES] true_expec_path : /panfs/panasas01/phys/bf16951/QMD/ParallelDevelopment/Results/Oct_01/12_46/true_expec_vals.p
1:39:35 [GLOBAL VARIABLES] plot_probe_file : /panfs/panasas01/phys/bf16951/QMD/ParallelDevelopment/Results/Oct_01/12_46/plot_probes.p
1:39:35 [GLOBAL VARIABLES] special_probe : random
1:39:35 [GLOBAL VARIABLES] latex_mapping_file : /panfs/panasas01/phys/bf16951/QMD/ParallelDevelopment/Results/Oct_01/12_46/LatexMapping.txt
1:39:35 [GLOBAL VARIABLES] reallocate_resources : False
1:39:35 [GLOBAL VARIABLES] param_min : 0.0
1:39:35 [GLOBAL VARIABLES] param_max : 10.0
1:39:35 [GLOBAL VARIABLES] param_mean : 0.5
1:39:35 [GLOBAL VARIABLES] param_sigma : 2.0
1:39:35 [GLOBAL VARIABLES] bayes_time_binning : True
1:39:35 [GLOBAL VARIABLES] bayes_factors_use_all_exp_times : False
1:39:35 [GLOBAL VARIABLES] num_probes : 40
1:39:35 [GLOBAL VARIABLES] probe_noise_level : 0.001
1:39:35 [GLOBAL VARIABLES] updater_from_prior : False
1:39:35 [GLOBAL VARIABLES] plots_directory : /panfs/panasas01/phys/bf16951/QMD/ParallelDevelopment/Results/Oct_01/12_46/plots/
1:39:35 [GLOBAL VARIABLES] long_id : 078
1:39:35 [GLOBAL VARIABLES] results_file : /panfs/panasas01/phys/bf16951/QMD/ParallelDevelopment/Results/Oct_01/12_46/results_078.p
1:39:35 [GLOBAL VARIABLES] class_pickle_file : /panfs/panasas01/phys/bf16951/QMD/ParallelDevelopment/Results/Oct_01/12_46/qmd_class_078.p
1:39:35 [EXP] 
 QMD id 78  on host  node44-017 and port 6378 has seed 1 
 2500  particles for 750 experiments and  750 bayes updates
 Gaussian= True 
 RQ= True RQ log: /panfs/panasas01/phys/bf16951/QMD/ParallelDevelopment/Results/Oct_01/12_46/logs/NV-exp-method-sim__random--probe__QMLA_78.qmd.8794791.log 
 Bayes CSV: /panfs/panasas01/phys/bf16951/QMD/ParallelDevelopment/Results/Oct_01/12_46/cumulative.csv
1:39:35 [EXP] Generators: ['NV_alternative_model']
1:39:35 [QMD 78] Probe dict provided to QMD.
1:39:35 [QMD 78] Getting expectation values for simulated model (len 301) 
 Times computed:
 [0.0, 0.02, 0.029999999999999999, 0.050000000000000003, 0.070000000000000007, 0.080000000000000002, 0.10000000000000001, 0.12, 0.13, 0.14999999999999999, 0.17000000000000001, 0.17999999999999999, 0.20000000000000001, 0.22, 0.23000000000000001, 0.25, 0.27000000000000002, 0.28000000000000003, 0.29999999999999999, 0.32000000000000001, 0.33000000000000002, 0.34999999999999998, 0.37, 0.38, 0.40000000000000002, 0.41999999999999998, 0.42999999999999999, 0.45000000000000001, 0.46999999999999997, 0.47999999999999998, 0.5, 0.52000000000000002, 0.53000000000000003, 0.55000000000000004, 0.56999999999999995, 0.57999999999999996, 0.59999999999999998, 0.62, 0.63, 0.65000000000000002, 0.67000000000000004, 0.68000000000000005, 0.69999999999999996, 0.71999999999999997, 0.72999999999999998, 0.75, 0.77000000000000002, 0.78000000000000003, 0.80000000000000004, 0.81999999999999995, 0.82999999999999996, 0.84999999999999998, 0.87, 0.88, 0.90000000000000002, 0.92000000000000004, 0.93000000000000005, 0.94999999999999996, 0.96999999999999997, 0.97999999999999998, 1.0, 1.02, 1.03, 1.05, 1.0700000000000001, 1.0800000000000001, 1.1000000000000001, 1.1200000000000001, 1.1299999999999999, 1.1499999999999999, 1.1699999999999999, 1.1799999999999999, 1.2, 1.22, 1.23, 1.25, 1.27, 1.28, 1.3, 1.3200000000000001, 1.3300000000000001, 1.3500000000000001, 1.3700000000000001, 1.3799999999999999, 1.3999999999999999, 1.4199999999999999, 1.4299999999999999, 1.45, 1.47, 1.48, 1.5, 1.52, 1.53, 1.55, 1.5700000000000001, 1.5800000000000001, 1.6000000000000001, 1.6200000000000001, 1.6299999999999999, 1.6499999999999999, 1.6699999999999999, 1.6799999999999999, 1.7, 1.72, 1.73, 1.75, 1.77, 1.78, 1.8, 1.8200000000000001, 1.8300000000000001, 1.8500000000000001, 1.8700000000000001, 1.8799999999999999, 1.8999999999999999, 1.9199999999999999, 1.9299999999999999, 1.95, 1.97, 1.98, 2.0, 2.02, 2.0299999999999998, 2.0499999999999998, 2.0699999999999998, 2.0800000000000001, 2.1000000000000001, 2.1200000000000001, 2.1299999999999999, 2.1499999999999999, 2.1699999999999999, 2.1800000000000002, 2.2000000000000002, 2.2200000000000002, 2.23, 2.25, 2.27, 2.2799999999999998, 2.2999999999999998, 2.3199999999999998, 2.3300000000000001, 2.3500000000000001, 2.3700000000000001, 2.3799999999999999, 2.3999999999999999, 2.4199999999999999, 2.4300000000000002, 2.4500000000000002, 2.4700000000000002, 2.48, 2.5, 2.52, 2.5299999999999998, 2.5499999999999998, 2.5699999999999998, 2.5800000000000001, 2.6000000000000001, 2.6200000000000001, 2.6299999999999999, 2.6499999999999999, 2.6699999999999999, 2.6800000000000002, 2.7000000000000002, 2.7200000000000002, 2.73, 2.75, 2.77, 2.7799999999999998, 2.7999999999999998, 2.8199999999999998, 2.8300000000000001, 2.8500000000000001, 2.8700000000000001, 2.8799999999999999, 2.8999999999999999, 2.9199999999999999, 2.9300000000000002, 2.9500000000000002, 2.9700000000000002, 2.98, 3.0, 3.02, 3.0299999999999998, 3.0499999999999998, 3.0699999999999998, 3.0800000000000001, 3.1000000000000001, 3.1200000000000001, 3.1299999999999999, 3.1499999999999999, 3.1699999999999999, 3.1800000000000002, 3.2000000000000002, 3.2200000000000002, 3.23, 3.25, 3.27, 3.2799999999999998, 3.2999999999999998, 3.3199999999999998, 3.3300000000000001, 3.3500000000000001, 3.3700000000000001, 3.3799999999999999, 3.3999999999999999, 3.4199999999999999, 3.4300000000000002, 3.4500000000000002, 3.4700000000000002, 3.48, 3.5, 3.52, 3.5299999999999998, 3.5499999999999998, 3.5699999999999998, 3.5800000000000001, 3.6000000000000001, 3.6200000000000001, 3.6299999999999999, 3.6499999999999999, 3.6699999999999999, 3.6800000000000002, 3.7000000000000002, 3.7200000000000002, 3.73, 3.75, 3.77, 3.7799999999999998, 3.7999999999999998, 3.8199999999999998, 3.8300000000000001, 3.8500000000000001, 3.8700000000000001, 3.8799999999999999, 3.8999999999999999, 3.9199999999999999, 3.9300000000000002, 3.9500000000000002, 3.9700000000000002, 3.98, 4.0, 4.0199999999999996, 4.0300000000000002, 4.0499999999999998, 4.0700000000000003, 4.0800000000000001, 4.0999999999999996, 4.1200000000000001, 4.1299999999999999, 4.1500000000000004, 4.1699999999999999, 4.1799999999999997, 4.2000000000000002, 4.2199999999999998, 4.2300000000000004, 4.25, 4.2699999999999996, 4.2800000000000002, 4.2999999999999998, 4.3200000000000003, 4.3300000000000001, 4.3499999999999996, 4.3700000000000001, 4.3799999999999999, 4.4000000000000004, 4.4199999999999999, 4.4299999999999997, 4.4500000000000002, 4.4699999999999998, 4.4800000000000004, 4.5, 4.5199999999999996, 4.5300000000000002, 4.5499999999999998, 4.5700000000000003, 4.5800000000000001, 4.5999999999999996, 4.6200000000000001, 4.6299999999999999, 4.6500000000000004, 4.6699999999999999, 4.6799999999999997, 4.7000000000000002, 4.7199999999999998, 4.7300000000000004, 4.75, 4.7699999999999996, 4.7800000000000002, 4.7999999999999998, 4.8200000000000003, 4.8300000000000001, 4.8499999999999996, 4.8700000000000001, 4.8799999999999999, 4.9000000000000004, 4.9199999999999999, 4.9299999999999997, 4.9500000000000002, 4.9699999999999998, 4.9800000000000004, 5.0]
1:39:35 [QMD 78] Expectation values computed
1:39:35 [QMD 78] generator list after ensuring true generator is first: ['NV_alternative_model']
1:39:35 [QMD 78] initialising generator NV_alternative_model with models: ['xTi', 'yTi', 'zTi']
1:39:35 [QMD 78] xTi not added yet. List: []
1:39:35 [QMD 78] yTi not added yet. List: ['xTi']
1:39:35 [QMD 78] zTi not added yet. List: ['xTi', 'yTi']
1:39:35 [QMD 78] After initial branches. InitialModelIDs: {'xTi': 0, 'yTi': 1, 'zTi': 2}
1:39:35 [QMD 78] After setting up initial branches, highest branch id: 0 highest model id: 3 initial models: {}
1:39:35 [QMD 78] Retrieving databases from redis
1:39:35 [QMD 78] any job failed db: [b'Status'] Status: b'0'
1:39:35 [QMD 78] Initial op list: ['xTi', 'yTi', 'zTi']
1:39:35 [QMD 78] Specific terms for prior {}
1:39:35 [QMD 78] RunParallel= True
1:39:35 [QMD 78] Saving qmd info db to  StrictRedis<ConnectionPool<Connection<host=node44-017,port=6378,db=1>>>
1:39:35 [QMD 78] Running  QLE  for true operator  xTiPPyTiPPzTiPPzTz  with parameters :  [0.92450565, 6.00664336, 1.65998543, 0.76546868]
1:39:35 [DB] Model  xTi  not previously considered -- adding. ID: 0
1:39:35 [DB] Model  yTi  not previously considered -- adding. ID: 1
1:39:36 [DB] Model  zTi  not previously considered -- adding. ID: 2
1:39:36 [QMD 78] After initiating DB, models: {0: 'xTi', 1: 'yTi', 2: 'zTi'}
1:39:36 [QMD 78] learnModelFromBranchID branch 0 : ['xTi', 'yTi', 'zTi']
1:39:36 [QMD 78] learnModelFromBranchID. Setting active branches on redis for branch 0 to 0
1:39:36 [QMD 78] branch 0 precomputed: []
1:39:36 [QMD 78] Branch  0 has unlearned models: ['zTi', 'xTi', 'yTi']
1:39:36 [QMD 78] Model  zTi being passed to learnModel function
1:39:36 [QMD 78] Model zTi added to queue.
1:39:36 [QMD 78] Model  xTi being passed to learnModel function
1:39:36 [QMD 78] Model xTi added to queue.
1:39:36 [QMD 78] Model  yTi being passed to learnModel function
1:39:36 [QMD 78] Model yTi added to queue.
1:39:36 [QMD 78] learnModelFromBranchID finished, branch 0
1:39:36 [QMD 78] Entering while loop of spawning/comparing.
1:39:40 [QML 1] QML for  yTi
1:39:40 [QML 0] QML for  xTi
1:39:40 [QML 1] Getting prior for model: yTi Specific terms: {}
1:39:40 [QML 0] Getting prior for model: xTi Specific terms: {}
1:39:40 [QML 2] QML for  zTi
1:39:40 [QML 2] Getting prior for model: zTi Specific terms: {}
1:39:40 [QML 1] Initialization Ready
1:39:40 [RQ Learn 1.0] Time to unpickle and initialise QML class: 0.4353146553039551
1:39:40 [RQ Learn 1.0] Updating model.
1:39:40 [QML 1] Experiment 0
1:39:40 [QML 1] Initial time selected >  1.3588901033
1:39:40 [QML 0] Initialization Ready
1:39:40 [RQ Learn 0.0] Time to unpickle and initialise QML class: 0.4295945167541504
1:39:40 [RQ Learn 0.0] Updating model.
1:39:40 [QML 0] Experiment 0
1:39:40 [QML 0] Initial time selected >  0.215207223976
1:39:41 [QML 2] Initialization Ready
1:39:41 [RQ Learn 2.0] Time to unpickle and initialise QML class: 0.46432018280029297
1:39:41 [RQ Learn 2.0] Updating model.
1:39:41 [QML 2] Experiment 0
1:39:41 [QML 2] Initial time selected >  1.48574861793
1:42:11 [QML 1] Experiment 75
1:42:20 [QML 0] Experiment 75
1:43:14 [QML 2] Experiment 75
1:44:57 [QML 1] Experiment 150
1:45:4 [QML 0] Experiment 150
1:46:46 [QML 2] Experiment 150
1:47:39 [QML 1] Experiment 225
1:47:50 [QML 0] Experiment 225
1:50:20 [QML 2] Experiment 225
1:50:23 [QML 1] Experiment 300
1:50:36 [QML 0] Experiment 300
1:53:9 [QML 1] Experiment 375
1:53:24 [QML 0] Experiment 375
1:54:3 [QML 2] Experiment 300
1:55:51 [QML 1] Experiment 450
1:56:8 [QML 0] Experiment 450
1:58:11 [QML 2] Experiment 375
1:58:34 [QML 1] Experiment 525
1:58:52 [QML 0] Experiment 525
2:1:17 [QML 1] Experiment 600
2:1:36 [QML 0] Experiment 600
2:1:58 [QML 2] Experiment 450
2:3:51 [QML 1] Experiment 675
2:4:13 [QML 0] Experiment 675
2:5:49 [QML 2] Experiment 525
2:6:34 [QML 1] Results for QHL on  yTi
2:6:34 [QML 1] Final time selected > 2.45
2:6:34 [QML 1] Cumulative time.	 Datum: 0.8257219791412354 	 Update: 1611.3482384681702
2:6:34 [QML 1] Final Parameters mean and stdev (term  yTi ): [  6.53081204e+00   5.71098061e-03]
2:6:34 [RQ Learn 1.0] Time for update alone: 1613.1878259181976
2:6:34 [RQ Learn 1.0] Redis learned_models_info added to db for model: 1.0
2:6:34 [RQ Learn 1.0] Redis SET learned_models_ids: 1.0 ; set True
2:6:34 [RQ Learn 1.0] Learned. rq time: 1613.7946965694427
2:6:57 [QML 0] Results for QHL on  xTi
2:6:57 [QML 0] Final time selected > 2.45
2:6:57 [QML 0] Cumulative time.	 Datum: 0.8302135467529297 	 Update: 1634.3359153270721
2:6:57 [QML 0] Final Parameters mean and stdev (term  xTi ): [  8.10972932e+00   2.78102808e-03]
2:6:57 [RQ Learn 0.0] Time for update alone: 1636.1750271320343
2:6:57 [RQ Learn 0.0] Redis learned_models_info added to db for model: 0.0
2:6:57 [RQ Learn 0.0] Redis SET learned_models_ids: 0.0 ; set True
2:6:57 [RQ Learn 0.0] Learned. rq time: 1636.7713177204132
2:9:41 [QML 2] Experiment 600
2:12:42 [QML 2] Experiment 675
2:16:22 [QML 2] Results for QHL on  zTi
2:16:22 [QML 2] Final time selected > 2.45
2:16:22 [QML 2] Cumulative time.	 Datum: 0.8775348663330078 	 Update: 2199.327026128769
2:16:22 [QML 2] Final Parameters mean and stdev (term  zTi ): [ 2.3018296   0.00926697]
2:16:22 [RQ Learn 2.0] Time for update alone: 2201.2179386615753
2:16:22 [RQ Learn 2.0] Redis learned_models_info added to db for model: 2.0
2:16:22 [RQ Learn 2.0] Redis SET learned_models_ids: 2.0 ; set True
2:16:22 [QMD 78] All models on branch 0 have finished learning.
2:16:22 [RQ Learn 2.0] Learned. rq time: 2201.8550114631653
2:16:22[QML:Reduced 0; QMD 78] Updating learned info for model 0
2:16:22[QML:Reduced 0; QMD 78] Updated learned info for model 0
2:16:22[QML:Reduced 1; QMD 78] Updating learned info for model 1
2:16:22[QML:Reduced 1; QMD 78] Updated learned info for model 1
2:16:22[QML:Reduced 2; QMD 78] Updating learned info for model 2
2:16:22[QML:Reduced 2; QMD 78] Updated learned info for model 2
2:16:22 [QMD 78] remoteBayesFromBranchID 0 model id list: [0, 1, 2]
2:16:22 [QMD 78] Computing BF for pair 0,1
2:16:22 [QMD 78] Bayes factor calculation queued. Model IDs 0 1
2:16:22 [QMD 78] Computing BF for pair 0,2
2:16:22 [QMD 78] Bayes factor calculation queued. Model IDs 0 2
2:16:22 [QMD 78] Computing BF for pair 1,2
2:16:22 [QMD 78] Bayes factor calculation queued. Model IDs 1 2
2:16:29[QML:Bayes 0; QMD 78] Name: xTi
2:16:29[QML:Bayes 0; QMD 78] Name: xTi
2:16:29[QML:Bayes 1; QMD 78] Name: yTi
2:16:29[QML:Bayes 0; QMD 78] Time to reconstruct updater: 0.0009233951568603516
2:16:29[QML:Bayes 0; QMD 78] Prior mean: [ 8.10977703]
2:16:29[QML:Bayes 1; QMD 78] Time to reconstruct updater: 0.0009202957153320312
2:16:29[QML:Bayes 1; QMD 78] Prior mean: [ 6.5309114]
2:16:29[QML:Bayes 0; QMD 78] Time to reconstruct updater: 0.05415511131286621
2:16:29[QML:Bayes 0; QMD 78] Prior mean: [ 8.10974605]
2:16:29[QML:Bayes 1; QMD 78] Name: yTi
2:16:29[QML:Bayes 1; QMD 78] Time to reconstruct updater: 0.0007317066192626953
2:16:29[QML:Bayes 1; QMD 78] Prior mean: [ 6.53079133]
2:16:29 [RQ Bayes 0/1] Start. Branch 0
2:16:29[QML:Bayes 2; QMD 78] Name: zTi
2:16:29[QML:Bayes 2; QMD 78] Time to reconstruct updater: 0.0007371902465820312
2:16:29[QML:Bayes 2; QMD 78] Prior mean: [ 2.30172109]
2:16:29 [RQ Bayes 1/2] Start. Branch 0
2:16:29[QML:Bayes 2; QMD 78] Name: zTi
2:16:29[QML:Bayes 2; QMD 78] Time to reconstruct updater: 0.0006589889526367188
2:16:29[QML:Bayes 2; QMD 78] Prior mean: [ 2.30187939]
2:16:29 [RQ Bayes 0/2] Start. Branch 0
3:10:43 [RQ Bayes 0/1] BF computed: A:0; B:1; BF:0.0 	Reset remormalisation record: False
3:10:43 [RQ Bayes 0/1] Finished. rq time:  3254.233948945999
3:20:26 [RQ Bayes 1/2] BF computed: A:1; B:2; BF:3.1342328873932442e+218 	Reset remormalisation record: False
3:20:26 [RQ Bayes 1/2] Finished. rq time:  3837.6259577274323
3:21:55 [RQ Bayes 0/2] BF computed: A:0; B:2; BF:2.9530502733747025e+59 	Reset remormalisation record: False
3:21:55 [RQ Bayes 0/2] Finished. rq time:  3926.6548779010773
3:21:55 [QMD 78] compareModelsWithinBranch 0 active_models_in_branch_old: [0.0, 1.0, 2.0] active_models_in_branch_new: [0, 1, 2]
3:21:55 [QMD 78] [compareModelsWithinBranch 0] Point to 1 (comparison 0/1)
3:21:55 [QMD 78] [compareModelsWithinBranch 0] Point to 0 (comparison 0/2)
3:21:55 [QMD 78] [compareModelsWithinBranch 0] Point to 1 (comparison 1/2)
3:21:55 [QMD 78] Model points for branch 0 {0: 1, 1: 2, 2: 0}
3:21:55 [QMD 78] Champion of branch  0  is  yTi (1)
3:21:55 [QMD 78] Spawning. Growth rule: NV_alternative_model. Depth: 1
3:21:55 [QMD 78] After model generation for growth rule NV_alternative_model SPAWN STAGE: [None] 
new models: ['yTiPPzTi', 'xTiPPyTi']
3:21:55 [QMD 78] Branch 1 growth rule NV_alternative_model has 2 new models ['yTiPPzTi', 'xTiPPyTi']
3:21:55 [DB] Model  yTiPPzTi  not previously considered -- adding. ID: 3
3:21:55 [QMD 78] Model  yTiPPzTi 
	computed already:  False 
	ID: 3
3:21:55 [DB] Model  xTiPPyTi  not previously considered -- adding. ID: 4
3:21:55 [QMD 78] Model  xTiPPyTi 
	computed already:  False 
	ID: 4
3:21:55 [QMD 78] Num models already computed on branch  1 = 0
3:21:55 [QMD 78] Models to add to new branch ( 1 ):  ['yTiPPzTi', 'xTiPPyTi']
3:21:55 [QMD 78] learnModelFromBranchID branch 1 : ['yTiPPzTi', 'xTiPPyTi']
3:21:55 [QMD 78] learnModelFromBranchID. Setting active branches on redis for branch 1 to 0
3:21:55 [QMD 78] branch 1 precomputed: []
3:21:55 [QMD 78] Branch  1 has unlearned models: ['yTiPPzTi', 'xTiPPyTi']
3:21:55 [QMD 78] Model  yTiPPzTi being passed to learnModel function
3:21:55 [QMD 78] Model yTiPPzTi added to queue.
3:21:55 [QMD 78] Model  xTiPPyTi being passed to learnModel function
3:21:55 [QMD 78] Model xTiPPyTi added to queue.
3:21:55 [QMD 78] learnModelFromBranchID finished, branch 1
3:22:2 [QML 4] QML for  xTiPPyTi
3:22:2 [QML 3] QML for  yTiPPzTi
3:22:2 [QML 4] Getting prior for model: xTiPPyTi Specific terms: {}
3:22:2 [QML 3] Getting prior for model: yTiPPzTi Specific terms: {}
3:22:2 [QML 4] Initialization Ready
3:22:2 [QML 3] Initialization Ready
3:22:2 [RQ Learn 4.0] Time to unpickle and initialise QML class: 0.6159088611602783
3:22:2 [RQ Learn 3.0] Time to unpickle and initialise QML class: 0.6163086891174316
3:22:2 [RQ Learn 4.0] Updating model.
3:22:2 [RQ Learn 3.0] Updating model.
3:22:2 [QML 4] Experiment 0
3:22:2 [QML 3] Experiment 0
3:22:2 [QML 4] Initial time selected >  0.329417847906
3:22:2 [QML 3] Initial time selected >  0.191816080806
3:24:41 [QML 4] Experiment 75
3:24:43 [QML 3] Experiment 75
3:27:25 [QML 3] Experiment 150
3:27:28 [QML 4] Experiment 150
3:30:7 [QML 4] Experiment 225
3:30:11 [QML 3] Experiment 225
3:32:47 [QML 4] Experiment 300
3:33:0 [QML 3] Experiment 300
3:35:32 [QML 4] Experiment 375
3:35:43 [QML 3] Experiment 375
3:38:14 [QML 4] Experiment 450
3:38:28 [QML 3] Experiment 450
3:41:1 [QML 4] Experiment 525
3:41:9 [QML 3] Experiment 525
3:43:48 [QML 4] Experiment 600
3:43:50 [QML 3] Experiment 600
3:46:26 [QML 3] Experiment 675
3:46:27 [QML 4] Experiment 675
3:49:9 [QML 4] Results for QHL on  xTiPPyTi
3:49:9 [QML 4] Final time selected > 2.45
3:49:9 [QML 4] Cumulative time.	 Datum: 0.9200296401977539 	 Update: 1623.8521256446838
3:49:9 [QML 4] Final Parameters mean and stdev (term  xTi ): [ 1.48073215  0.16251329]
3:49:9 [QML 4] Final Parameters mean and stdev (term  yTi ): [ 6.01124746  0.03628242]
3:49:9 [RQ Learn 4.0] Time for update alone: 1626.5462799072266
3:49:9 [RQ Learn 4.0] Redis learned_models_info added to db for model: 4.0
3:49:9 [RQ Learn 4.0] Redis SET learned_models_ids: 4.0 ; set True
3:49:9 [RQ Learn 4.0] Learned. rq time: 1627.3533837795258
3:49:11 [QML 3] Results for QHL on  yTiPPzTi
3:49:11 [QML 3] Final time selected > 2.45
3:49:11 [QML 3] Cumulative time.	 Datum: 0.8849577903747559 	 Update: 1626.4445717334747
3:49:11 [QML 3] Final Parameters mean and stdev (term  yTi ): [ 5.98305374  0.04197646]
3:49:11 [QML 3] Final Parameters mean and stdev (term  zTi ): [ 1.74400277  0.12475753]
3:49:11 [RQ Learn 3.0] Time for update alone: 1629.0827577114105
3:49:12 [RQ Learn 3.0] Redis learned_models_info added to db for model: 3.0
3:49:12 [RQ Learn 3.0] Redis SET learned_models_ids: 3.0 ; set True
3:49:12 [QMD 78] All models on branch 1 have finished learning.
3:49:12 [RQ Learn 3.0] Learned. rq time: 1629.890125989914
3:49:12[QML:Reduced 3; QMD 78] Updating learned info for model 3
3:49:12[QML:Reduced 3; QMD 78] Updated learned info for model 3
3:49:12[QML:Reduced 4; QMD 78] Updating learned info for model 4
3:49:12[QML:Reduced 4; QMD 78] Updated learned info for model 4
3:49:12 [QMD 78] remoteBayesFromBranchID 1 model id list: [3, 4]
3:49:12 [QMD 78] Computing BF for pair 3,4
3:49:12 [QMD 78] Bayes factor calculation queued. Model IDs 3 4
3:49:19[QML:Bayes 3; QMD 78] Name: yTiPPzTi
3:49:19[QML:Bayes 3; QMD 78] Time to reconstruct updater: 0.0013434886932373047
3:49:19[QML:Bayes 3; QMD 78] Prior mean: [ 5.98442796  1.74090342]
3:49:19[QML:Bayes 4; QMD 78] Name: xTiPPyTi
3:49:19[QML:Bayes 4; QMD 78] Time to reconstruct updater: 0.0010190010070800781
3:49:19[QML:Bayes 4; QMD 78] Prior mean: [ 1.48221217  6.01110695]
3:49:19 [RQ Bayes 3/4] Start. Branch 1
4:43:6 [RQ Bayes 3/4] BF computed: A:3; B:4; BF:4.861676513547943e+23 	Reset remormalisation record: False
4:43:6 [RQ Bayes 3/4] Finished. rq time:  3227.5659263134003
4:43:6 [QMD 78] compareModelsWithinBranch 1 active_models_in_branch_old: [3.0, 4.0] active_models_in_branch_new: [3, 4]
4:43:6 [QMD 78] [compareModelsWithinBranch 1] Point to 3 (comparison 3/4)
4:43:6 [QMD 78] Model points for branch 1 {3: 1, 4: 0}
4:43:6 [QMD 78] Champion of branch  1  is  yTiPPzTi (3)
4:43:6 [QMD 78] Spawning. Growth rule: NV_alternative_model. Depth: 2
4:43:6 [QMD 78] After model generation for growth rule NV_alternative_model SPAWN STAGE: [None] 
new models: ['xTiPPyTiPPzTi']
4:43:6 [QMD 78] Branch 2 growth rule NV_alternative_model has 1 new models ['xTiPPyTiPPzTi']
4:43:6 [DB] Model  xTiPPyTiPPzTi  not previously considered -- adding. ID: 5
4:43:6 [QMD 78] Model  xTiPPyTiPPzTi 
	computed already:  False 
	ID: 5
4:43:6 [QMD 78] Num models already computed on branch  2 = 0
4:43:6 [QMD 78] Models to add to new branch ( 2 ):  ['xTiPPyTiPPzTi']
4:43:6 [QMD 78] learnModelFromBranchID branch 2 : ['xTiPPyTiPPzTi']
4:43:6 [QMD 78] learnModelFromBranchID. Setting active branches on redis for branch 2 to 0
4:43:6 [QMD 78] branch 2 precomputed: []
4:43:6 [QMD 78] Branch  2 has unlearned models: ['xTiPPyTiPPzTi']
4:43:6 [QMD 78] Model  xTiPPyTiPPzTi being passed to learnModel function
4:43:6 [QMD 78] Model xTiPPyTiPPzTi added to queue.
4:43:6 [QMD 78] learnModelFromBranchID finished, branch 2
4:43:13 [QML 5] QML for  xTiPPyTiPPzTi
4:43:13 [QML 5] Getting prior for model: xTiPPyTiPPzTi Specific terms: {}
4:43:14 [QML 5] Initialization Ready
4:43:14 [RQ Learn 5.0] Time to unpickle and initialise QML class: 0.798382043838501
4:43:14 [RQ Learn 5.0] Updating model.
4:43:14 [QML 5] Experiment 0
4:43:14 [QML 5] Initial time selected >  0.152690066037
4:45:45 [QML 5] Experiment 75
4:48:26 [QML 5] Experiment 150
4:51:10 [QML 5] Experiment 225
4:53:54 [QML 5] Experiment 300
4:56:37 [QML 5] Experiment 375
4:59:22 [QML 5] Experiment 450
5:2:9 [QML 5] Experiment 525
5:4:55 [QML 5] Experiment 600
5:7:32 [QML 5] Experiment 675
5:10:15 [QML 5] Results for QHL on  xTiPPyTiPPzTi
5:10:15 [QML 5] Final time selected > 2.45
5:10:15 [QML 5] Cumulative time.	 Datum: 0.9483909606933594 	 Update: 1618.6757040023804
5:10:15 [QML 5] Final Parameters mean and stdev (term  xTi ): [ 1.35528919  0.15024501]
5:10:15 [QML 5] Final Parameters mean and stdev (term  yTi ): [ 6.09080251  0.05292848]
5:10:15 [QML 5] Final Parameters mean and stdev (term  zTi ): [ 2.04285651  0.12965491]
5:10:15 [RQ Learn 5.0] Time for update alone: 1621.7301235198975
5:10:16 [RQ Learn 5.0] Redis learned_models_info added to db for model: 5.0
5:10:16 [RQ Learn 5.0] Redis SET learned_models_ids: 5.0 ; set True
5:10:16 [QMD 78] All models on branch 2 have finished learning.
5:10:16 [RQ Learn 5.0] Learned. rq time: 1622.7331411838531
5:10:16[QML:Reduced 5; QMD 78] Updating learned info for model 5
5:10:16[QML:Reduced 5; QMD 78] Updated learned info for model 5
5:10:16 [QMD 78] remoteBayesFromBranchID 2 model id list: [5]
5:10:16 [QMD 78] compareModelsWithinBranch 2 active_models_in_branch_old: [5.0] active_models_in_branch_new: [5]
5:10:16 [QMD 78] Model points for branch 2 {5: 0}
5:10:16 [QMD 78] Champion of branch  2  is  xTiPPyTiPPzTi (5)
5:10:16 [QMD 78] Spawning. Growth rule: NV_alternative_model. Depth: 3
5:10:16 [QMD 78] After model generation for growth rule NV_alternative_model SPAWN STAGE: [None] 
new models: ['xTiPPyTiPPyTyPPzTi', 'xTiPPxTxPPyTiPPzTi', 'xTiPPyTiPPzTiPPzTz']
5:10:16 [QMD 78] Branch 3 growth rule NV_alternative_model has 3 new models ['xTiPPyTiPPyTyPPzTi', 'xTiPPxTxPPyTiPPzTi', 'xTiPPyTiPPzTiPPzTz']
5:10:16 [DB] Model  xTiPPyTiPPyTyPPzTi  not previously considered -- adding. ID: 6
5:10:16 [QMD 78] Model  xTiPPyTiPPyTyPPzTi 
	computed already:  False 
	ID: 6
5:10:16 [DB] Model  xTiPPxTxPPyTiPPzTi  not previously considered -- adding. ID: 7
5:10:16 [QMD 78] Model  xTiPPxTxPPyTiPPzTi 
	computed already:  False 
	ID: 7
5:10:16 [DB] Model  xTiPPyTiPPzTiPPzTz  not previously considered -- adding. ID: 8
5:10:16 [QMD 78] Model  xTiPPyTiPPzTiPPzTz 
	computed already:  False 
	ID: 8
5:10:16 [QMD 78] Num models already computed on branch  3 = 0
5:10:16 [QMD 78] Models to add to new branch ( 3 ):  ['xTiPPyTiPPyTyPPzTi', 'xTiPPxTxPPyTiPPzTi', 'xTiPPyTiPPzTiPPzTz']
5:10:16 [QMD 78] learnModelFromBranchID branch 3 : ['xTiPPyTiPPyTyPPzTi', 'xTiPPxTxPPyTiPPzTi', 'xTiPPyTiPPzTiPPzTz']
5:10:16 [QMD 78] learnModelFromBranchID. Setting active branches on redis for branch 3 to 0
5:10:16 [QMD 78] branch 3 precomputed: []
5:10:16 [QMD 78] Branch  3 has unlearned models: ['xTiPPyTiPPyTyPPzTi', 'xTiPPxTxPPyTiPPzTi', 'xTiPPyTiPPzTiPPzTz']
5:10:16 [QMD 78] Model  xTiPPyTiPPyTyPPzTi being passed to learnModel function
5:10:16 [QMD 78] Model xTiPPyTiPPyTyPPzTi added to queue.
5:10:16 [QMD 78] Model  xTiPPxTxPPyTiPPzTi being passed to learnModel function
5:10:16 [QMD 78] Model xTiPPxTxPPyTiPPzTi added to queue.
5:10:16 [QMD 78] Model  xTiPPyTiPPzTiPPzTz being passed to learnModel function
5:10:16 [QMD 78] Model xTiPPyTiPPzTiPPzTz added to queue.
5:10:16 [QMD 78] learnModelFromBranchID finished, branch 3
5:10:22 [QML 6] QML for  xTiPPyTiPPyTyPPzTi
5:10:22 [QML 8] QML for  xTiPPyTiPPzTiPPzTz
5:10:22 [QML 7] QML for  xTiPPxTxPPyTiPPzTi
5:10:22 [QML 6] Getting prior for model: xTiPPyTiPPyTyPPzTi Specific terms: {}
5:10:22 [QML 8] Getting prior for model: xTiPPyTiPPzTiPPzTz Specific terms: {}
5:10:22 [QML 7] Getting prior for model: xTiPPxTxPPyTiPPzTi Specific terms: {}
5:10:23 [QML 8] Initialization Ready
5:10:23 [RQ Learn 8.0] Time to unpickle and initialise QML class: 0.8645145893096924
5:10:23 [RQ Learn 8.0] Updating model.
5:10:23 [QML 8] Experiment 0
5:10:23 [QML 8] Initial time selected >  0.0649064899463
5:10:23 [QML 7] Initialization Ready
5:10:23 [RQ Learn 7.0] Time to unpickle and initialise QML class: 0.8769228458404541
5:10:23 [RQ Learn 7.0] Updating model.
5:10:23 [QML 7] Experiment 0
5:10:23 [QML 7] Initial time selected >  0.108979194884
5:10:23 [QML 6] Initialization Ready
5:10:23 [RQ Learn 6.0] Time to unpickle and initialise QML class: 0.9775943756103516
5:10:23 [RQ Learn 6.0] Updating model.
5:10:23 [QML 6] Experiment 0
5:10:23 [QML 6] Initial time selected >  0.135873169518
5:12:52 [QML 6] Experiment 75
5:12:53 [QML 7] Experiment 75
5:12:53 [QML 8] Experiment 75
5:15:29 [QML 8] Experiment 150
5:15:31 [QML 7] Experiment 150
5:15:33 [QML 6] Experiment 150
5:18:8 [QML 8] Experiment 225
5:18:13 [QML 7] Experiment 225
5:18:16 [QML 6] Experiment 225
5:20:51 [QML 8] Experiment 300
5:20:55 [QML 7] Experiment 300
5:21:0 [QML 6] Experiment 300
5:23:33 [QML 8] Experiment 375
5:23:38 [QML 7] Experiment 375
5:23:43 [QML 6] Experiment 375
5:26:16 [QML 8] Experiment 450
5:26:20 [QML 7] Experiment 450
5:26:27 [QML 6] Experiment 450
5:29:0 [QML 8] Experiment 525
5:29:3 [QML 7] Experiment 525
5:29:11 [QML 6] Experiment 525
5:31:45 [QML 8] Experiment 600
5:31:48 [QML 7] Experiment 600
5:31:56 [QML 6] Experiment 600
5:34:23 [QML 8] Experiment 675
5:34:26 [QML 7] Experiment 675
5:34:34 [QML 6] Experiment 675
5:37:5 [QML 8] Results for QHL on  xTiPPyTiPPzTiPPzTz
5:37:5 [QML 8] Final time selected > 2.45
5:37:5 [QML 8] Cumulative time.	 Datum: 0.8500101566314697 	 Update: 1599.1229779720306
5:37:5 [QML 8] Final Parameters mean and stdev (term  xTi ): [ 0.75332439  0.25891179]
5:37:5 [QML 8] Final Parameters mean and stdev (term  yTi ): [ 6.06599538  0.05337736]
5:37:5 [QML 8] Final Parameters mean and stdev (term  zTi ): [ 1.46509698  0.1474951 ]
5:37:5 [QML 8] Final Parameters mean and stdev (term  zTz ): [ 0.83163194  0.10299663]
5:37:5 [RQ Learn 8.0] Time for update alone: 1602.3068370819092
5:37:6 [RQ Learn 8.0] Redis learned_models_info added to db for model: 8.0
5:37:6 [RQ Learn 8.0] Redis SET learned_models_ids: 8.0 ; set True
5:37:6 [RQ Learn 8.0] Learned. rq time: 1603.437115430832
5:37:10 [QML 7] Results for QHL on  xTiPPxTxPPyTiPPzTi
5:37:10 [QML 7] Final time selected > 2.45
5:37:10 [QML 7] Cumulative time.	 Datum: 0.8950276374816895 	 Update: 1603.8517699241638
5:37:10 [QML 7] Final Parameters mean and stdev (term  xTi ): [ 0.65929198  0.0996633 ]
5:37:10 [QML 7] Final Parameters mean and stdev (term  xTx ): [ 1.71810528  0.19769362]
5:37:10 [QML 7] Final Parameters mean and stdev (term  yTi ): [ 5.85456607  0.06290153]
5:37:10 [QML 7] Final Parameters mean and stdev (term  zTi ): [ 1.6113294   0.14821572]
5:37:10 [RQ Learn 7.0] Time for update alone: 1607.0638041496277
5:37:11 [RQ Learn 7.0] Redis learned_models_info added to db for model: 7.0
5:37:11 [RQ Learn 7.0] Redis SET learned_models_ids: 7.0 ; set True
5:37:11 [RQ Learn 7.0] Learned. rq time: 1608.2141227722168
5:37:16 [QML 6] Results for QHL on  xTiPPyTiPPyTyPPzTi
5:37:16 [QML 6] Final time selected > 2.45
5:37:16 [QML 6] Cumulative time.	 Datum: 0.8579120635986328 	 Update: 1609.1506900787354
5:37:16 [QML 6] Final Parameters mean and stdev (term  xTi ): [ 1.31264556  0.28466   ]
5:37:16 [QML 6] Final Parameters mean and stdev (term  yTi ): [ 5.97463279  0.11535697]
5:37:16 [QML 6] Final Parameters mean and stdev (term  yTy ): [-0.18170866  0.0257406 ]
5:37:16 [QML 6] Final Parameters mean and stdev (term  zTi ): [ 1.73291929  0.21761566]
5:37:16 [RQ Learn 6.0] Time for update alone: 1612.3447098731995
5:37:16 [RQ Learn 6.0] Redis learned_models_info added to db for model: 6.0
5:37:16 [RQ Learn 6.0] Redis SET learned_models_ids: 6.0 ; set True
5:37:16 [QMD 78] All models on branch 3 have finished learning.
5:37:16 [RQ Learn 6.0] Learned. rq time: 1613.5890729427338
5:37:16[QML:Reduced 6; QMD 78] Updating learned info for model 6
5:37:16[QML:Reduced 6; QMD 78] Updated learned info for model 6
5:37:16[QML:Reduced 7; QMD 78] Updating learned info for model 7
5:37:16[QML:Reduced 7; QMD 78] Updated learned info for model 7
5:37:16[QML:Reduced 8; QMD 78] Updating learned info for model 8
5:37:16[QML:Reduced 8; QMD 78] Updated learned info for model 8
5:37:16 [QMD 78] remoteBayesFromBranchID 3 model id list: [6, 7, 8]
5:37:16 [QMD 78] Computing BF for pair 6,7
5:37:16 [QMD 78] Bayes factor calculation queued. Model IDs 6 7
5:37:16 [QMD 78] Computing BF for pair 6,8
5:37:16 [QMD 78] Bayes factor calculation queued. Model IDs 6 8
5:37:16 [QMD 78] Computing BF for pair 7,8
5:37:16 [QMD 78] Bayes factor calculation queued. Model IDs 7 8
5:37:22[QML:Bayes 7; QMD 78] Name: xTiPPxTxPPyTiPPzTi
5:37:22[QML:Bayes 6; QMD 78] Name: xTiPPyTiPPyTyPPzTi
5:37:22[QML:Bayes 7; QMD 78] Time to reconstruct updater: 0.0017476081848144531
5:37:22[QML:Bayes 7; QMD 78] Prior mean: [ 0.6580257   1.72012408  5.85251396  1.61577182]
5:37:22[QML:Bayes 6; QMD 78] Time to reconstruct updater: 0.0018703937530517578
5:37:22[QML:Bayes 6; QMD 78] Prior mean: [ 1.31471739  5.97443273 -0.18192526  1.73156939]
5:37:23[QML:Bayes 6; QMD 78] Name: xTiPPyTiPPyTyPPzTi
5:37:23[QML:Bayes 6; QMD 78] Time to reconstruct updater: 0.0016646385192871094
5:37:23[QML:Bayes 6; QMD 78] Prior mean: [ 1.31489835  5.97385475 -0.18189674  1.73152849]
5:37:23[QML:Bayes 8; QMD 78] Name: xTiPPyTiPPzTiPPzTz
5:37:23[QML:Bayes 8; QMD 78] Time to reconstruct updater: 0.0013375282287597656
5:37:23[QML:Bayes 8; QMD 78] Name: xTiPPyTiPPzTiPPzTz
5:37:23[QML:Bayes 8; QMD 78] Prior mean: [ 0.75152809  6.06662499  1.46493041  0.83185282]
5:37:23 [RQ Bayes 7/8] Start. Branch 3
5:37:23[QML:Bayes 8; QMD 78] Time to reconstruct updater: 0.001466512680053711
5:37:23[QML:Bayes 8; QMD 78] Prior mean: [ 0.74950681  6.06566537  1.46483312  0.83312804]
5:37:23 [RQ Bayes 6/8] Start. Branch 3
5:37:23[QML:Bayes 7; QMD 78] Name: xTiPPxTxPPyTiPPzTi
5:37:23[QML:Bayes 7; QMD 78] Time to reconstruct updater: 0.0013248920440673828
5:37:23[QML:Bayes 7; QMD 78] Prior mean: [ 0.66252816  1.71081385  5.85516805  1.61649737]
5:37:23 [RQ Bayes 6/7] Start. Branch 3
6:30:42 [RQ Bayes 6/7] BF computed: A:6; B:7; BF:0.0 	Reset remormalisation record: False
6:30:42 [RQ Bayes 6/7] Finished. rq time:  3199.4795932769775
6:30:46 [RQ Bayes 7/8] BF computed: A:7; B:8; BF:0.0 	Reset remormalisation record: False
6:30:46 [RQ Bayes 7/8] Finished. rq time:  3204.0950763225555
6:31:19 [RQ Bayes 6/8] BF computed: A:6; B:8; BF:0.0 	Reset remormalisation record: False
6:31:19 [RQ Bayes 6/8] Finished. rq time:  3236.851264476776
6:31:19 [QMD 78] compareModelsWithinBranch 3 active_models_in_branch_old: [6.0, 7.0, 8.0] active_models_in_branch_new: [6, 7, 8]
6:31:19 [QMD 78] [compareModelsWithinBranch 3] Point to 7 (comparison 6/7)
6:31:19 [QMD 78] [compareModelsWithinBranch 3] Point to 8 (comparison 6/8)
6:31:19 [QMD 78] [compareModelsWithinBranch 3] Point to 8 (comparison 7/8)
6:31:19 [QMD 78] Model points for branch 3 {6: 0, 7: 1, 8: 2}
6:31:19 [QMD 78] Champion of branch  3  is  xTiPPyTiPPzTiPPzTz (8)
6:31:19 [QMD 78] Spawning. Growth rule: NV_alternative_model. Depth: 4
6:31:19 [QMD 78] After model generation for growth rule NV_alternative_model SPAWN STAGE: [None] 
new models: ['xTiPPxTxPPyTiPPzTiPPzTz', 'xTiPPyTiPPyTyPPzTiPPzTz']
6:31:19 [QMD 78] Branch 4 growth rule NV_alternative_model has 2 new models ['xTiPPxTxPPyTiPPzTiPPzTz', 'xTiPPyTiPPyTyPPzTiPPzTz']
6:31:19 [DB] Model  xTiPPxTxPPyTiPPzTiPPzTz  not previously considered -- adding. ID: 9
6:31:19 [QMD 78] Model  xTiPPxTxPPyTiPPzTiPPzTz 
	computed already:  False 
	ID: 9
6:31:19 [DB] Model  xTiPPyTiPPyTyPPzTiPPzTz  not previously considered -- adding. ID: 10
6:31:19 [QMD 78] Model  xTiPPyTiPPyTyPPzTiPPzTz 
	computed already:  False 
	ID: 10
6:31:19 [QMD 78] Num models already computed on branch  4 = 0
6:31:19 [QMD 78] Models to add to new branch ( 4 ):  ['xTiPPxTxPPyTiPPzTiPPzTz', 'xTiPPyTiPPyTyPPzTiPPzTz']
6:31:19 [QMD 78] learnModelFromBranchID branch 4 : ['xTiPPxTxPPyTiPPzTiPPzTz', 'xTiPPyTiPPyTyPPzTiPPzTz']
6:31:19 [QMD 78] learnModelFromBranchID. Setting active branches on redis for branch 4 to 0
6:31:19 [QMD 78] branch 4 precomputed: []
6:31:19 [QMD 78] Branch  4 has unlearned models: ['xTiPPxTxPPyTiPPzTiPPzTz', 'xTiPPyTiPPyTyPPzTiPPzTz']
6:31:19 [QMD 78] Model  xTiPPxTxPPyTiPPzTiPPzTz being passed to learnModel function
6:31:19 [QMD 78] Model xTiPPxTxPPyTiPPzTiPPzTz added to queue.
6:31:19 [QMD 78] Model  xTiPPyTiPPyTyPPzTiPPzTz being passed to learnModel function
6:31:19 [QMD 78] Model xTiPPyTiPPyTyPPzTiPPzTz added to queue.
6:31:19 [QMD 78] learnModelFromBranchID finished, branch 4
6:31:25 [QML 10] QML for  xTiPPyTiPPyTyPPzTiPPzTz
6:31:25 [QML 10] Getting prior for model: xTiPPyTiPPyTyPPzTiPPzTz Specific terms: {}
6:31:25 [QML 9] QML for  xTiPPxTxPPyTiPPzTiPPzTz
6:31:25 [QML 9] Getting prior for model: xTiPPxTxPPyTiPPzTiPPzTz Specific terms: {}
6:31:26 [QML 10] Initialization Ready
6:31:26 [RQ Learn 10.0] Time to unpickle and initialise QML class: 1.0084035396575928
6:31:26 [RQ Learn 10.0] Updating model.
6:31:26 [QML 10] Experiment 0
6:31:26 [QML 10] Initial time selected >  0.148829061295
6:31:26 [QML 9] Initialization Ready
6:31:26 [RQ Learn 9.0] Time to unpickle and initialise QML class: 1.0658931732177734
6:31:26 [RQ Learn 9.0] Updating model.
6:31:26 [QML 9] Experiment 0
6:31:26 [QML 9] Initial time selected >  0.0660780514272
6:33:50 [QML 10] Experiment 75
6:33:54 [QML 9] Experiment 75
6:36:15 [QML 10] Experiment 150
6:36:30 [QML 9] Experiment 150
6:38:47 [QML 10] Experiment 225
6:39:11 [QML 9] Experiment 225
6:41:23 [QML 10] Experiment 300
6:41:52 [QML 9] Experiment 300
6:44:1 [QML 10] Experiment 375
6:44:32 [QML 9] Experiment 375
6:46:40 [QML 10] Experiment 450
6:47:14 [QML 9] Experiment 450
6:49:22 [QML 10] Experiment 525
6:49:53 [QML 9] Experiment 525
6:52:7 [QML 10] Experiment 600
6:52:31 [QML 9] Experiment 600
6:54:44 [QML 10] Experiment 675
6:55:2 [QML 9] Experiment 675
6:57:28 [QML 10] Results for QHL on  xTiPPyTiPPyTyPPzTiPPzTz
6:57:28 [QML 10] Final time selected > 2.45
6:57:28 [QML 10] Cumulative time.	 Datum: 0.862788200378418 	 Update: 1558.197499036789
6:57:28 [QML 10] Final Parameters mean and stdev (term  xTi ): [ 0.48119574  0.12221746]
6:57:28 [QML 10] Final Parameters mean and stdev (term  yTi ): [ 6.11489106  0.05148832]
6:57:28 [QML 10] Final Parameters mean and stdev (term  yTy ): [ 0.09197543  0.01877021]
6:57:28 [QML 10] Final Parameters mean and stdev (term  zTi ): [ 1.45677167  0.21648249]
6:57:28 [QML 10] Final Parameters mean and stdev (term  zTz ): [ 0.80709616  0.11600794]
6:57:28 [RQ Learn 10.0] Time for update alone: 1561.7350549697876
6:57:28 [RQ Learn 10.0] Redis learned_models_info added to db for model: 10.0
6:57:28 [RQ Learn 10.0] Redis SET learned_models_ids: 10.0 ; set True
6:57:28 [RQ Learn 10.0] Learned. rq time: 1563.0297067165375
6:57:41 [QML 9] Results for QHL on  xTiPPxTxPPyTiPPzTiPPzTz
6:57:41 [QML 9] Final time selected > 2.45
6:57:41 [QML 9] Cumulative time.	 Datum: 0.8955159187316895 	 Update: 1571.2012600898743
6:57:41 [QML 9] Final Parameters mean and stdev (term  xTi ): [ 0.6295372   0.30997239]
6:57:41 [QML 9] Final Parameters mean and stdev (term  xTx ): [ 0.0110044   0.09964983]
6:57:41 [QML 9] Final Parameters mean and stdev (term  yTi ): [ 6.00000717  0.06318803]
6:57:41 [QML 9] Final Parameters mean and stdev (term  zTi ): [ 1.87120859  0.10371217]
6:57:41 [QML 9] Final Parameters mean and stdev (term  zTz ): [ 0.65026469  0.05022613]
6:57:41 [RQ Learn 9.0] Time for update alone: 1574.7630965709686
6:57:41 [RQ Learn 9.0] Redis learned_models_info added to db for model: 9.0
6:57:41 [RQ Learn 9.0] Redis SET learned_models_ids: 9.0 ; set True
6:57:41 [QMD 78] All models on branch 4 have finished learning.
6:57:41 [RQ Learn 9.0] Learned. rq time: 1576.1167407035828
6:57:41[QML:Reduced 9; QMD 78] Updating learned info for model 9
6:57:42[QML:Reduced 9; QMD 78] Updated learned info for model 9
6:57:42[QML:Reduced 10; QMD 78] Updating learned info for model 10
6:57:42[QML:Reduced 10; QMD 78] Updated learned info for model 10
6:57:42 [QMD 78] remoteBayesFromBranchID 4 model id list: [9, 10]
6:57:42 [QMD 78] Computing BF for pair 9,10
6:57:42 [QMD 78] Bayes factor calculation queued. Model IDs 9 10
6:57:48[QML:Bayes 9; QMD 78] Name: xTiPPxTxPPyTiPPzTiPPzTz
6:57:49[QML:Bayes 9; QMD 78] Time to reconstruct updater: 0.0018641948699951172
6:57:49[QML:Bayes 9; QMD 78] Prior mean: [ 0.63867402  0.01513322  5.9974579   1.8731237   0.64986083]
6:57:49[QML:Bayes 10; QMD 78] Name: xTiPPyTiPPyTyPPzTiPPzTz
6:57:49[QML:Bayes 10; QMD 78] Time to reconstruct updater: 0.0015554428100585938
6:57:49[QML:Bayes 10; QMD 78] Prior mean: [ 0.48324144  6.11330131  0.09204218  1.46291132  0.80393452]
6:57:49 [RQ Bayes 9/10] Start. Branch 4
7:50:2 [RQ Bayes 9/10] BF computed: A:9; B:10; BF:6.482597187280824e+35 	Reset remormalisation record: False
7:50:2 [RQ Bayes 9/10] Finished. rq time:  3134.084145307541
7:50:2 [QMD 78] compareModelsWithinBranch 4 active_models_in_branch_old: [9.0, 10.0] active_models_in_branch_new: [9, 10]
7:50:2 [QMD 78] [compareModelsWithinBranch 4] Point to 9 (comparison 9/10)
7:50:2 [QMD 78] Model points for branch 4 {9: 1, 10: 0}
7:50:2 [QMD 78] Champion of branch  4  is  xTiPPxTxPPyTiPPzTiPPzTz (9)
7:50:2 [QMD 78] Spawning. Growth rule: NV_alternative_model. Depth: 5
7:50:2 [QMD 78] After model generation for growth rule NV_alternative_model SPAWN STAGE: [None] 
new models: ['xTiPPxTxPPyTiPPyTyPPzTiPPzTz']
7:50:2 [QMD 78] Branch 5 growth rule NV_alternative_model has 1 new models ['xTiPPxTxPPyTiPPyTyPPzTiPPzTz']
7:50:2 [DB] Model  xTiPPxTxPPyTiPPyTyPPzTiPPzTz  not previously considered -- adding. ID: 11
7:50:2 [QMD 78] Model  xTiPPxTxPPyTiPPyTyPPzTiPPzTz 
	computed already:  False 
	ID: 11
7:50:2 [QMD 78] Num models already computed on branch  5 = 0
7:50:2 [QMD 78] Models to add to new branch ( 5 ):  ['xTiPPxTxPPyTiPPyTyPPzTiPPzTz']
7:50:2 [QMD 78] learnModelFromBranchID branch 5 : ['xTiPPxTxPPyTiPPyTyPPzTiPPzTz']
7:50:2 [QMD 78] learnModelFromBranchID. Setting active branches on redis for branch 5 to 0
7:50:2 [QMD 78] branch 5 precomputed: []
7:50:2 [QMD 78] Branch  5 has unlearned models: ['xTiPPxTxPPyTiPPyTyPPzTiPPzTz']
7:50:2 [QMD 78] Model  xTiPPxTxPPyTiPPyTyPPzTiPPzTz being passed to learnModel function
7:50:2 [QMD 78] Model xTiPPxTxPPyTiPPyTyPPzTiPPzTz added to queue.
7:50:2 [QMD 78] learnModelFromBranchID finished, branch 5
7:50:9 [QML 11] QML for  xTiPPxTxPPyTiPPyTyPPzTiPPzTz
7:50:9 [QML 11] Getting prior for model: xTiPPxTxPPyTiPPyTyPPzTiPPzTz Specific terms: {}
7:50:10 [QML 11] Initialization Ready
7:50:10 [RQ Learn 11.0] Time to unpickle and initialise QML class: 1.093125581741333
7:50:10 [RQ Learn 11.0] Updating model.
7:50:10 [QML 11] Experiment 0
7:50:10 [QML 11] Initial time selected >  0.0549044125116
7:52:35 [QML 11] Experiment 75
7:55:5 [QML 11] Experiment 150
7:57:41 [QML 11] Experiment 225
8:0:18 [QML 11] Experiment 300
8:2:56 [QML 11] Experiment 375
8:5:35 [QML 11] Experiment 450
8:8:16 [QML 11] Experiment 525
8:11:0 [QML 11] Experiment 600
8:13:36 [QML 11] Experiment 675
8:16:15 [QML 11] Results for QHL on  xTiPPxTxPPyTiPPyTyPPzTiPPzTz
8:16:15 [QML 11] Final time selected > 2.45
8:16:15 [QML 11] Cumulative time.	 Datum: 0.8718748092651367 	 Update: 1561.3749363422394
8:16:15 [QML 11] Final Parameters mean and stdev (term  xTi ): [ 0.36379503  0.10973928]
8:16:15 [QML 11] Final Parameters mean and stdev (term  xTx ): [ 2.65323534  0.10920727]
8:16:15 [QML 11] Final Parameters mean and stdev (term  yTi ): [ 5.60691878  0.05623256]
8:16:15 [QML 11] Final Parameters mean and stdev (term  yTy ): [ 0.18509811  0.02772049]
8:16:15 [QML 11] Final Parameters mean and stdev (term  zTi ): [ 1.31069427  0.06247741]
8:16:15 [QML 11] Final Parameters mean and stdev (term  zTz ): [ 0.21141925  0.06800957]
8:16:15 [RQ Learn 11.0] Time for update alone: 1565.2939336299896
8:16:16 [RQ Learn 11.0] Redis learned_models_info added to db for model: 11.0
8:16:16 [RQ Learn 11.0] Redis SET learned_models_ids: 11.0 ; set True
8:16:16 [QMD 78] All models on branch 5 have finished learning.
8:16:16 [RQ Learn 11.0] Learned. rq time: 1566.6827676296234
8:16:16[QML:Reduced 11; QMD 78] Updating learned info for model 11
8:16:16[QML:Reduced 11; QMD 78] Updated learned info for model 11
8:16:16 [QMD 78] remoteBayesFromBranchID 5 model id list: [11]
8:16:16 [QMD 78] compareModelsWithinBranch 5 active_models_in_branch_old: [11.0] active_models_in_branch_new: [11]
8:16:16 [QMD 78] Model points for branch 5 {11: 0}
8:16:16 [QMD 78] Champion of branch  5  is  xTiPPxTxPPyTiPPyTyPPzTiPPzTz (11)
8:16:16 [QMD 78] Spawning. Growth rule: NV_alternative_model. Depth: 6
8:16:16 [QMD 78] After model generation for growth rule NV_alternative_model SPAWN STAGE: [None] 
new models: ['xTiPPxTxPPxTyPPyTiPPyTyPPzTiPPzTz', 'xTiPPxTxPPyTiPPyTyPPyTzPPzTiPPzTz', 'xTiPPxTxPPxTzPPyTiPPyTyPPzTiPPzTz']
8:16:16 [QMD 78] Branch 6 growth rule NV_alternative_model has 3 new models ['xTiPPxTxPPxTyPPyTiPPyTyPPzTiPPzTz', 'xTiPPxTxPPyTiPPyTyPPyTzPPzTiPPzTz', 'xTiPPxTxPPxTzPPyTiPPyTyPPzTiPPzTz']
8:16:16 [DB] Model  xTiPPxTxPPxTyPPyTiPPyTyPPzTiPPzTz  not previously considered -- adding. ID: 12
8:16:16 [QMD 78] Model  xTiPPxTxPPxTyPPyTiPPyTyPPzTiPPzTz 
	computed already:  False 
	ID: 12
8:16:16 [DB] Model  xTiPPxTxPPyTiPPyTyPPyTzPPzTiPPzTz  not previously considered -- adding. ID: 13
8:16:16 [QMD 78] Model  xTiPPxTxPPyTiPPyTyPPyTzPPzTiPPzTz 
	computed already:  False 
	ID: 13
8:16:16 [DB] Model  xTiPPxTxPPxTzPPyTiPPyTyPPzTiPPzTz  not previously considered -- adding. ID: 14
8:16:16 [QMD 78] Model  xTiPPxTxPPxTzPPyTiPPyTyPPzTiPPzTz 
	computed already:  False 
	ID: 14
8:16:16 [QMD 78] Num models already computed on branch  6 = 0
8:16:16 [QMD 78] Models to add to new branch ( 6 ):  ['xTiPPxTxPPxTyPPyTiPPyTyPPzTiPPzTz', 'xTiPPxTxPPyTiPPyTyPPyTzPPzTiPPzTz', 'xTiPPxTxPPxTzPPyTiPPyTyPPzTiPPzTz']
8:16:16 [QMD 78] learnModelFromBranchID branch 6 : ['xTiPPxTxPPxTyPPyTiPPyTyPPzTiPPzTz', 'xTiPPxTxPPyTiPPyTyPPyTzPPzTiPPzTz', 'xTiPPxTxPPxTzPPyTiPPyTyPPzTiPPzTz']
8:16:16 [QMD 78] learnModelFromBranchID. Setting active branches on redis for branch 6 to 0
8:16:16 [QMD 78] branch 6 precomputed: []
8:16:16 [QMD 78] Branch  6 has unlearned models: ['xTiPPxTxPPxTyPPyTiPPyTyPPzTiPPzTz', 'xTiPPxTxPPyTiPPyTyPPyTzPPzTiPPzTz', 'xTiPPxTxPPxTzPPyTiPPyTyPPzTiPPzTz']
8:16:16 [QMD 78] Model  xTiPPxTxPPxTyPPyTiPPyTyPPzTiPPzTz being passed to learnModel function
8:16:16 [QMD 78] Model xTiPPxTxPPxTyPPyTiPPyTyPPzTiPPzTz added to queue.
8:16:16 [QMD 78] Model  xTiPPxTxPPyTiPPyTyPPyTzPPzTiPPzTz being passed to learnModel function
8:16:16 [QMD 78] Model xTiPPxTxPPyTiPPyTyPPyTzPPzTiPPzTz added to queue.
8:16:16 [QMD 78] Model  xTiPPxTxPPxTzPPyTiPPyTyPPzTiPPzTz being passed to learnModel function
8:16:16 [QMD 78] Model xTiPPxTxPPxTzPPyTiPPyTyPPzTiPPzTz added to queue.
8:16:16 [QMD 78] learnModelFromBranchID finished, branch 6
8:16:23 [QML 13] QML for  xTiPPxTxPPyTiPPyTyPPyTzPPzTiPPzTz
8:16:23 [QML 14] QML for  xTiPPxTxPPxTzPPyTiPPyTyPPzTiPPzTz
8:16:23 [QML 12] QML for  xTiPPxTxPPxTyPPyTiPPyTyPPzTiPPzTz
8:16:23 [QML 13] Getting prior for model: xTiPPxTxPPyTiPPyTyPPyTzPPzTiPPzTz Specific terms: {}
8:16:23 [QML 12] Getting prior for model: xTiPPxTxPPxTyPPyTiPPyTyPPzTiPPzTz Specific terms: {}
8:16:23 [QML 14] Getting prior for model: xTiPPxTxPPxTzPPyTiPPyTyPPzTiPPzTz Specific terms: {}
8:16:25 [QML 12] Initialization Ready
8:16:25 [RQ Learn 12.0] Time to unpickle and initialise QML class: 1.9664077758789062
8:16:25 [RQ Learn 12.0] Updating model.
8:16:25 [QML 12] Experiment 0
8:16:25 [QML 12] Initial time selected >  0.0660393165044
8:16:25 [QML 13] Initialization Ready
8:16:25 [RQ Learn 13.0] Time to unpickle and initialise QML class: 1.9972357749938965
8:16:25 [RQ Learn 13.0] Updating model.
8:16:25 [QML 13] Experiment 0
8:16:25 [QML 13] Initial time selected >  0.0463841834229
8:16:25 [QML 14] Initialization Ready
8:16:25 [RQ Learn 14.0] Time to unpickle and initialise QML class: 2.0051231384277344
8:16:25 [RQ Learn 14.0] Updating model.
8:16:25 [QML 14] Experiment 0
8:16:25 [QML 14] Initial time selected >  0.0823863203797
8:18:51 [QML 13] Experiment 75
8:18:52 [QML 12] Experiment 75
8:18:52 [QML 14] Experiment 75
8:21:18 [QML 14] Experiment 150
8:21:20 [QML 13] Experiment 150
8:21:21 [QML 12] Experiment 150
8:23:47 [QML 13] Experiment 225
8:23:49 [QML 14] Experiment 225
8:23:55 [QML 12] Experiment 225
8:26:19 [QML 13] Experiment 300
8:26:27 [QML 14] Experiment 300
8:26:37 [QML 12] Experiment 300
8:28:57 [QML 13] Experiment 375
8:29:10 [QML 14] Experiment 375
8:29:19 [QML 12] Experiment 375
8:31:42 [QML 13] Experiment 450
8:31:56 [QML 14] Experiment 450
8:32:2 [QML 12] Experiment 450
8:34:29 [QML 13] Experiment 525
8:34:43 [QML 14] Experiment 525
8:34:47 [QML 12] Experiment 525
8:37:13 [QML 13] Experiment 600
8:37:28 [QML 14] Experiment 600
8:37:36 [QML 12] Experiment 600
8:39:56 [QML 13] Experiment 675
8:40:9 [QML 14] Experiment 675
8:40:15 [QML 12] Experiment 675
8:42:44 [QML 13] Results for QHL on  xTiPPxTxPPyTiPPyTyPPyTzPPzTiPPzTz
8:42:44 [QML 13] Final time selected > 2.45
8:42:44 [QML 13] Cumulative time.	 Datum: 0.8884191513061523 	 Update: 1574.7626419067383
8:42:44 [QML 13] Final Parameters mean and stdev (term  xTi ): [ 1.62000618  0.13254615]
8:42:44 [QML 13] Final Parameters mean and stdev (term  xTx ): [ 4.73577895  0.10957303]
8:42:44 [QML 13] Final Parameters mean and stdev (term  yTi ): [ 6.13359494  0.08128581]
8:42:44 [QML 13] Final Parameters mean and stdev (term  yTy ): [ 1.46271183  0.11535787]
8:42:44 [QML 13] Final Parameters mean and stdev (term  yTz ): [ 0.81802015  0.09504378]
8:42:44 [QML 13] Final Parameters mean and stdev (term  zTi ): [ 2.10897119  0.12103578]
8:42:44 [QML 13] Final Parameters mean and stdev (term  zTz ): [ 0.07641791  0.14322593]
8:42:44 [RQ Learn 13.0] Time for update alone: 1579.3080277442932
8:42:45 [RQ Learn 13.0] Redis learned_models_info added to db for model: 13.0
8:42:45 [RQ Learn 13.0] Redis SET learned_models_ids: 13.0 ; set True
8:42:45 [RQ Learn 13.0] Learned. rq time: 1581.567744731903
8:42:57 [QML 14] Results for QHL on  xTiPPxTxPPxTzPPyTiPPyTyPPzTiPPzTz
8:42:57 [QML 14] Final time selected > 2.45
8:42:57 [QML 14] Cumulative time.	 Datum: 0.8973953723907471 	 Update: 1587.721533536911
8:42:57 [QML 14] Final Parameters mean and stdev (term  xTi ): [ 1.92682073  0.15988832]
8:42:57 [QML 14] Final Parameters mean and stdev (term  xTx ): [ 0.0366079   0.06394541]
8:42:57 [QML 14] Final Parameters mean and stdev (term  xTz ): [ 0.03343404  0.12147853]
8:42:57 [QML 14] Final Parameters mean and stdev (term  yTi ): [ 5.83013822  0.05145687]
8:42:57 [QML 14] Final Parameters mean and stdev (term  yTy ): [ 0.03063397  0.04369115]
8:42:57 [QML 14] Final Parameters mean and stdev (term  zTi ): [ 1.36944739  0.13823334]
8:42:57 [QML 14] Final Parameters mean and stdev (term  zTz ): [ 0.88887577  0.17761885]
8:42:57 [RQ Learn 14.0] Time for update alone: 1592.245269060135
8:42:57 [RQ Learn 14.0] Redis learned_models_info added to db for model: 14.0
8:42:57 [RQ Learn 14.0] Redis SET learned_models_ids: 14.0 ; set True
8:42:57 [RQ Learn 14.0] Learned. rq time: 1594.5067050457
8:43:1 [QML 12] Results for QHL on  xTiPPxTxPPxTyPPyTiPPyTyPPzTiPPzTz
8:43:1 [QML 12] Final time selected > 2.45
8:43:1 [QML 12] Cumulative time.	 Datum: 0.9331173896789551 	 Update: 1590.906390428543
8:43:1 [QML 12] Final Parameters mean and stdev (term  xTi ): [ 2.5320788   0.32675266]
8:43:1 [QML 12] Final Parameters mean and stdev (term  xTx ): [-0.28400346  0.2468803 ]
8:43:1 [QML 12] Final Parameters mean and stdev (term  xTy ): [ 1.48087665  0.14056311]
8:43:1 [QML 12] Final Parameters mean and stdev (term  yTi ): [ 6.93202713  0.57478555]
8:43:1 [QML 12] Final Parameters mean and stdev (term  yTy ): [ 1.06583331  0.64903424]
8:43:1 [QML 12] Final Parameters mean and stdev (term  zTi ): [ 1.47863664  0.12537831]
8:43:1 [QML 12] Final Parameters mean and stdev (term  zTz ): [ 1.35502726  0.19059888]
8:43:1 [RQ Learn 12.0] Time for update alone: 1596.1252703666687
8:43:1 [RQ Learn 12.0] Redis learned_models_info added to db for model: 12.0
8:43:1 [RQ Learn 12.0] Redis SET learned_models_ids: 12.0 ; set True
8:43:1 [QMD 78] All models on branch 6 have finished learning.
8:43:1 [RQ Learn 12.0] Learned. rq time: 1598.3456101417542
8:43:1[QML:Reduced 12; QMD 78] Updating learned info for model 12
8:43:1[QML:Reduced 12; QMD 78] Updated learned info for model 12
8:43:1[QML:Reduced 13; QMD 78] Updating learned info for model 13
8:43:2[QML:Reduced 13; QMD 78] Updated learned info for model 13
8:43:2[QML:Reduced 14; QMD 78] Updating learned info for model 14
8:43:2[QML:Reduced 14; QMD 78] Updated learned info for model 14
8:43:2 [QMD 78] remoteBayesFromBranchID 6 model id list: [12, 13, 14]
8:43:2 [QMD 78] Computing BF for pair 12,13
8:43:2 [QMD 78] Bayes factor calculation queued. Model IDs 12 13
8:43:2 [QMD 78] Computing BF for pair 12,14
8:43:2 [QMD 78] Bayes factor calculation queued. Model IDs 12 14
8:43:2 [QMD 78] Computing BF for pair 13,14
8:43:2 [QMD 78] Bayes factor calculation queued. Model IDs 13 14
8:43:8[QML:Bayes 12; QMD 78] Name: xTiPPxTxPPxTyPPyTiPPyTyPPzTiPPzTz
8:43:8[QML:Bayes 12; QMD 78] Time to reconstruct updater: 0.0022842884063720703
8:43:8[QML:Bayes 12; QMD 78] Prior mean: [ 2.53945673 -0.28418277  1.48509107  6.94536247  1.08005929  1.47454818
  1.35878131]
8:43:8[QML:Bayes 14; QMD 78] Name: xTiPPxTxPPxTzPPyTiPPyTyPPzTiPPzTz
8:43:8[QML:Bayes 14; QMD 78] Time to reconstruct updater: 0.002074718475341797
8:43:8[QML:Bayes 14; QMD 78] Prior mean: [ 1.92005265  0.03542879  0.02895433  5.83155926  0.03043694  1.37312337
  0.89064044]
8:43:8 [RQ Bayes 12/14] Start. Branch 6
8:43:8[QML:Bayes 13; QMD 78] Name: xTiPPxTxPPyTiPPyTyPPyTzPPzTiPPzTz
8:43:8[QML:Bayes 13; QMD 78] Time to reconstruct updater: 0.013585805892944336
8:43:8[QML:Bayes 13; QMD 78] Prior mean: [ 1.62116266  4.73392001  6.13226866  1.4632472   0.81871995  2.10669209
  0.0767979 ]
8:43:8[QML:Bayes 12; QMD 78] Name: xTiPPxTxPPxTyPPyTiPPyTyPPzTiPPzTz
8:43:8[QML:Bayes 12; QMD 78] Time to reconstruct updater: 0.0024251937866210938
8:43:8[QML:Bayes 12; QMD 78] Prior mean: [ 2.52356313 -0.28588147  1.47951308  6.91886629  1.05149243  1.48158508
  1.35232687]
8:43:8[QML:Bayes 14; QMD 78] Name: xTiPPxTxPPxTzPPyTiPPyTyPPzTiPPzTz
8:43:8[QML:Bayes 14; QMD 78] Time to reconstruct updater: 0.0020062923431396484
8:43:8[QML:Bayes 14; QMD 78] Prior mean: [ 1.92749565  0.03504436  0.0292552   5.82922044  0.03080706  1.3685021
  0.89427281]
8:43:8 [RQ Bayes 13/14] Start. Branch 6
8:43:9[QML:Bayes 13; QMD 78] Name: xTiPPxTxPPyTiPPyTyPPyTzPPzTiPPzTz
8:43:9[QML:Bayes 13; QMD 78] Time to reconstruct updater: 0.0021505355834960938
8:43:9[QML:Bayes 13; QMD 78] Prior mean: [ 1.62109033  4.73528657  6.13326989  1.46431439  0.81652149  2.10884084
  0.08099665]
8:43:9 [RQ Bayes 12/13] Start. Branch 6
9:35:26 [RQ Bayes 13/14] BF computed: A:13; B:14; BF:0.0 	Reset remormalisation record: False
9:35:26 [RQ Bayes 13/14] Finished. rq time:  3138.291158437729
9:35:29 [RQ Bayes 12/14] BF computed: A:12; B:14; BF:0.0 	Reset remormalisation record: False
9:35:29 [RQ Bayes 12/14] Finished. rq time:  3141.4389266967773
9:35:46 [RQ Bayes 12/13] BF computed: A:12; B:13; BF:2.9355687286865923e+38 	Reset remormalisation record: False
9:35:46 [RQ Bayes 12/13] Finished. rq time:  3157.949188232422
9:35:46 [QMD 78] compareModelsWithinBranch 6 active_models_in_branch_old: [12.0, 13.0, 14.0] active_models_in_branch_new: [12, 13, 14]
9:35:46 [QMD 78] [compareModelsWithinBranch 6] Point to 12 (comparison 12/13)
9:35:46 [QMD 78] [compareModelsWithinBranch 6] Point to 14 (comparison 12/14)
9:35:46 [QMD 78] [compareModelsWithinBranch 6] Point to 14 (comparison 13/14)
9:35:46 [QMD 78] Model points for branch 6 {12: 1, 13: 0, 14: 2}
9:35:46 [QMD 78] Champion of branch  6  is  xTiPPxTxPPxTzPPyTiPPyTyPPzTiPPzTz (14)
9:35:46 [QMD 78] Spawning. Growth rule: NV_alternative_model. Depth: 7
9:35:46 [QMD 78] After model generation for growth rule NV_alternative_model SPAWN STAGE: [None] 
new models: ['xTiPPxTxPPxTyPPxTzPPyTiPPyTyPPzTiPPzTz', 'xTiPPxTxPPxTzPPyTiPPyTyPPyTzPPzTiPPzTz']
9:35:46 [QMD 78] Branch 7 growth rule NV_alternative_model has 2 new models ['xTiPPxTxPPxTzPPyTiPPyTyPPyTzPPzTiPPzTz', 'xTiPPxTxPPxTyPPxTzPPyTiPPyTyPPzTiPPzTz']
9:35:46 [DB] Model  xTiPPxTxPPxTzPPyTiPPyTyPPyTzPPzTiPPzTz  not previously considered -- adding. ID: 15
9:35:46 [QMD 78] Model  xTiPPxTxPPxTzPPyTiPPyTyPPyTzPPzTiPPzTz 
	computed already:  False 
	ID: 15
9:35:46 [DB] Model  xTiPPxTxPPxTyPPxTzPPyTiPPyTyPPzTiPPzTz  not previously considered -- adding. ID: 16
9:35:46 [QMD 78] Model  xTiPPxTxPPxTyPPxTzPPyTiPPyTyPPzTiPPzTz 
	computed already:  False 
	ID: 16
9:35:46 [QMD 78] Num models already computed on branch  7 = 0
9:35:46 [QMD 78] Models to add to new branch ( 7 ):  ['xTiPPxTxPPxTyPPxTzPPyTiPPyTyPPzTiPPzTz', 'xTiPPxTxPPxTzPPyTiPPyTyPPyTzPPzTiPPzTz']
9:35:46 [QMD 78] learnModelFromBranchID branch 7 : ['xTiPPxTxPPxTzPPyTiPPyTyPPyTzPPzTiPPzTz', 'xTiPPxTxPPxTyPPxTzPPyTiPPyTyPPzTiPPzTz']
9:35:46 [QMD 78] learnModelFromBranchID. Setting active branches on redis for branch 7 to 0
9:35:46 [QMD 78] branch 7 precomputed: []
9:35:46 [QMD 78] Branch  7 has unlearned models: ['xTiPPxTxPPxTzPPyTiPPyTyPPyTzPPzTiPPzTz', 'xTiPPxTxPPxTyPPxTzPPyTiPPyTyPPzTiPPzTz']
9:35:46 [QMD 78] Model  xTiPPxTxPPxTzPPyTiPPyTyPPyTzPPzTiPPzTz being passed to learnModel function
9:35:46 [QMD 78] Model xTiPPxTxPPxTzPPyTiPPyTyPPyTzPPzTiPPzTz added to queue.
9:35:46 [QMD 78] Model  xTiPPxTxPPxTyPPxTzPPyTiPPyTyPPzTiPPzTz being passed to learnModel function
9:35:46 [QMD 78] Model xTiPPxTxPPxTyPPxTzPPyTiPPyTyPPzTiPPzTz added to queue.
9:35:46 [QMD 78] learnModelFromBranchID finished, branch 7
9:35:53 [QML 15] QML for  xTiPPxTxPPxTzPPyTiPPyTyPPyTzPPzTiPPzTz
9:35:53 [QML 16] QML for  xTiPPxTxPPxTyPPxTzPPyTiPPyTyPPzTiPPzTz
9:35:53 [QML 15] Getting prior for model: xTiPPxTxPPxTzPPyTiPPyTyPPyTzPPzTiPPzTz Specific terms: {}
9:35:53 [QML 16] Getting prior for model: xTiPPxTxPPxTyPPxTzPPyTiPPyTyPPzTiPPzTz Specific terms: {}
9:35:54 [QML 15] Initialization Ready
9:35:54 [RQ Learn 15.0] Time to unpickle and initialise QML class: 1.4416511058807373
9:35:54 [RQ Learn 15.0] Updating model.
9:35:54 [QML 15] Experiment 0
9:35:54 [QML 16] Initialization Ready
9:35:54 [QML 15] Initial time selected >  0.0746778093054
9:35:54 [RQ Learn 16.0] Time to unpickle and initialise QML class: 1.4439270496368408
9:35:54 [RQ Learn 16.0] Updating model.
9:35:54 [QML 16] Experiment 0
9:35:54 [QML 16] Initial time selected >  0.0564887147485
9:38:20 [QML 16] Experiment 75
9:38:20 [QML 15] Experiment 75
9:40:46 [QML 16] Experiment 150
9:40:49 [QML 15] Experiment 150
9:43:13 [QML 16] Experiment 225
9:43:18 [QML 15] Experiment 225
9:45:42 [QML 16] Experiment 300
9:45:51 [QML 15] Experiment 300
9:48:13 [QML 16] Experiment 375
9:48:26 [QML 15] Experiment 375
9:50:59 [QML 16] Experiment 450
9:51:13 [QML 15] Experiment 450
9:53:46 [QML 16] Experiment 525
9:54:0 [QML 15] Experiment 525
9:56:34 [QML 16] Experiment 600
9:56:47 [QML 15] Experiment 600
9:59:15 [QML 16] Experiment 675
9:59:27 [QML 15] Experiment 675
10:2:0 [QML 16] Results for QHL on  xTiPPxTxPPxTyPPxTzPPyTiPPyTyPPzTiPPzTz
10:2:0 [QML 16] Final time selected > 2.45
10:2:0 [QML 16] Cumulative time.	 Datum: 0.8901667594909668 	 Update: 1560.7237377166748
10:2:0 [QML 16] Final Parameters mean and stdev (term  xTi ): [ 0.97726353  0.34414259]
10:2:0 [QML 16] Final Parameters mean and stdev (term  xTx ): [ 1.5288439   0.36450444]
10:2:0 [QML 16] Final Parameters mean and stdev (term  xTy ): [ 0.98139119  0.33003155]
10:2:0 [QML 16] Final Parameters mean and stdev (term  xTz ): [ 1.37583212  0.29749966]
10:2:0 [QML 16] Final Parameters mean and stdev (term  yTi ): [ 6.90311139  0.17108248]
10:2:0 [QML 16] Final Parameters mean and stdev (term  yTy ): [ 1.1962622   0.13242625]
10:2:0 [QML 16] Final Parameters mean and stdev (term  zTi ): [ 1.3411666   0.21000233]
10:2:0 [QML 16] Final Parameters mean and stdev (term  zTz ): [ 0.75018207  0.22636509]
10:2:0 [RQ Learn 16.0] Time for update alone: 1565.80757188797
10:2:0 [RQ Learn 16.0] Redis learned_models_info added to db for model: 16.0
10:2:0 [RQ Learn 16.0] Redis SET learned_models_ids: 16.0 ; set True
10:2:0 [RQ Learn 16.0] Learned. rq time: 1567.5212965011597
10:2:12 [QML 15] Results for QHL on  xTiPPxTxPPxTzPPyTiPPyTyPPyTzPPzTiPPzTz
10:2:12 [QML 15] Final time selected > 2.45
10:2:12 [QML 15] Cumulative time.	 Datum: 0.8918848037719727 	 Update: 1572.1977665424347
10:2:12 [QML 15] Final Parameters mean and stdev (term  xTi ): [ 0.39116039  0.18176543]
10:2:12 [QML 15] Final Parameters mean and stdev (term  xTx ): [-0.036386    0.13456967]
10:2:12 [QML 15] Final Parameters mean and stdev (term  xTz ): [ 1.31841313  0.09639704]
10:2:12 [QML 15] Final Parameters mean and stdev (term  yTi ): [ 5.9615342   0.05978962]
10:2:12 [QML 15] Final Parameters mean and stdev (term  yTy ): [-0.01972261  0.0570395 ]
10:2:12 [QML 15] Final Parameters mean and stdev (term  yTz ): [-0.10336296  0.05697246]
10:2:12 [QML 15] Final Parameters mean and stdev (term  zTi ): [ 1.40450443  0.13382752]
10:2:12 [QML 15] Final Parameters mean and stdev (term  zTz ): [ 0.76533344  0.12149515]
10:2:12 [RQ Learn 15.0] Time for update alone: 1577.6330063343048
10:2:12 [RQ Learn 15.0] Redis learned_models_info added to db for model: 15.0
10:2:12 [RQ Learn 15.0] Redis SET learned_models_ids: 15.0 ; set True
10:2:12 [QMD 78] All models on branch 7 have finished learning.
10:2:12 [RQ Learn 15.0] Learned. rq time: 1579.3383378982544
10:2:12[QML:Reduced 15; QMD 78] Updating learned info for model 15
10:2:12[QML:Reduced 15; QMD 78] Updated learned info for model 15
10:2:12[QML:Reduced 16; QMD 78] Updating learned info for model 16
10:2:12[QML:Reduced 16; QMD 78] Updated learned info for model 16
10:2:12 [QMD 78] remoteBayesFromBranchID 7 model id list: [15, 16]
10:2:12 [QMD 78] Computing BF for pair 15,16
10:2:12 [QMD 78] Bayes factor calculation queued. Model IDs 15 16
10:2:19[QML:Bayes 15; QMD 78] Name: xTiPPxTxPPxTzPPyTiPPyTyPPyTzPPzTiPPzTz
10:2:19[QML:Bayes 15; QMD 78] Time to reconstruct updater: 0.01883411407470703
10:2:19[QML:Bayes 15; QMD 78] Prior mean: [ 0.38496101 -0.04191635  1.31665131  5.96096806 -0.01817558 -0.10360319
  1.40905338  0.77109927]
10:2:19[QML:Bayes 16; QMD 78] Name: xTiPPxTxPPxTyPPxTzPPyTiPPyTyPPzTiPPzTz
10:2:19[QML:Bayes 16; QMD 78] Time to reconstruct updater: 0.0021224021911621094
10:2:19[QML:Bayes 16; QMD 78] Prior mean: [ 0.97572862  1.54314294  0.97281132  1.38664373  6.90137854  1.19766614
  1.34024921  0.74248826]
10:2:19 [RQ Bayes 15/16] Start. Branch 7
10:50:54 [RQ Bayes 15/16] BF computed: A:15; B:16; BF:5.465895271965309e+28 	Reset remormalisation record: False
10:50:54 [RQ Bayes 15/16] Finished. rq time:  2915.8660180568695
10:50:54 [QMD 78] compareModelsWithinBranch 7 active_models_in_branch_old: [15.0, 16.0] active_models_in_branch_new: [15, 16]
10:50:54 [QMD 78] [compareModelsWithinBranch 7] Point to 15 (comparison 15/16)
10:50:54 [QMD 78] Model points for branch 7 {15: 1, 16: 0}
10:50:54 [QMD 78] Champion of branch  7  is  xTiPPxTxPPxTzPPyTiPPyTyPPyTzPPzTiPPzTz (15)
10:50:54 [QMD 78] Spawning. Growth rule: NV_alternative_model. Depth: 8
10:50:54 [QMD 78] After model generation for growth rule NV_alternative_model SPAWN STAGE: [None] 
new models: ['xTiPPxTxPPxTyPPxTzPPyTiPPyTyPPyTzPPzTiPPzTz']
10:50:54 [QMD 78] Branch 8 growth rule NV_alternative_model has 1 new models ['xTiPPxTxPPxTyPPxTzPPyTiPPyTyPPyTzPPzTiPPzTz']
10:50:54 [DB] Model  xTiPPxTxPPxTyPPxTzPPyTiPPyTyPPyTzPPzTiPPzTz  not previously considered -- adding. ID: 17
10:50:55 [QMD 78] Model  xTiPPxTxPPxTyPPxTzPPyTiPPyTyPPyTzPPzTiPPzTz 
	computed already:  False 
	ID: 17
10:50:55 [QMD 78] Num models already computed on branch  8 = 0
10:50:55 [QMD 78] Models to add to new branch ( 8 ):  ['xTiPPxTxPPxTyPPxTzPPyTiPPyTyPPyTzPPzTiPPzTz']
10:50:55 [QMD 78] learnModelFromBranchID branch 8 : ['xTiPPxTxPPxTyPPxTzPPyTiPPyTyPPyTzPPzTiPPzTz']
10:50:55 [QMD 78] learnModelFromBranchID. Setting active branches on redis for branch 8 to 0
10:50:55 [QMD 78] branch 8 precomputed: []
10:50:55 [QMD 78] Branch  8 has unlearned models: ['xTiPPxTxPPxTyPPxTzPPyTiPPyTyPPyTzPPzTiPPzTz']
10:50:55 [QMD 78] Model  xTiPPxTxPPxTyPPxTzPPyTiPPyTyPPyTzPPzTiPPzTz being passed to learnModel function
10:50:55 [QMD 78] Model xTiPPxTxPPxTyPPxTzPPyTiPPyTyPPyTzPPzTiPPzTz added to queue.
10:50:55 [QMD 78] learnModelFromBranchID finished, branch 8
10:50:55 [QMD 78] All trees have completed. Num complete: 1
10:51:0 [QML 17] QML for  xTiPPxTxPPxTyPPxTzPPyTiPPyTyPPyTzPPzTiPPzTz
10:51:0 [QML 17] Getting prior for model: xTiPPxTxPPxTyPPxTzPPyTiPPyTyPPyTzPPzTiPPzTz Specific terms: {}
10:51:2 [QML 17] Initialization Ready
10:51:2 [RQ Learn 17.0] Time to unpickle and initialise QML class: 1.4126238822937012
10:51:2 [RQ Learn 17.0] Updating model.
10:51:2 [QML 17] Experiment 0
10:51:2 [QML 17] Initial time selected >  0.0303641015235
10:53:19 [QML 17] Experiment 75
10:55:37 [QML 17] Experiment 150
10:57:57 [QML 17] Experiment 225
11:0:20 [QML 17] Experiment 300
11:2:47 [QML 17] Experiment 375
11:5:25 [QML 17] Experiment 450
11:8:6 [QML 17] Experiment 525
11:10:45 [QML 17] Experiment 600
11:13:20 [QML 17] Experiment 675
11:16:2 [QML 17] Results for QHL on  xTiPPxTxPPxTyPPxTzPPyTiPPyTyPPyTzPPzTiPPzTz
11:16:2 [QML 17] Final time selected > 2.45
11:16:2 [QML 17] Cumulative time.	 Datum: 0.8365612030029297 	 Update: 1494.8615922927856
11:16:2 [QML 17] Final Parameters mean and stdev (term  xTi ): [ 3.95297322  0.18907855]
11:16:2 [QML 17] Final Parameters mean and stdev (term  xTx ): [-0.09960016  0.35806488]
11:16:2 [QML 17] Final Parameters mean and stdev (term  xTy ): [ 1.86394594  0.3975153 ]
11:16:2 [QML 17] Final Parameters mean and stdev (term  xTz ): [ 1.9246495   0.33955727]
11:16:2 [QML 17] Final Parameters mean and stdev (term  yTi ): [ 7.87417522  0.25735837]
11:16:2 [QML 17] Final Parameters mean and stdev (term  yTy ): [ 1.87071658  0.1762875 ]
11:16:2 [QML 17] Final Parameters mean and stdev (term  yTz ): [ 0.41130658  0.30000639]
11:16:2 [QML 17] Final Parameters mean and stdev (term  zTi ): [ 1.11466663  0.1751951 ]
11:16:2 [QML 17] Final Parameters mean and stdev (term  zTz ): [ 0.00509309  0.40932286]
11:16:2 [RQ Learn 17.0] Time for update alone: 1500.063860654831
11:16:2 [RQ Learn 17.0] Redis learned_models_info added to db for model: 17.0
11:16:2 [RQ Learn 17.0] Redis SET learned_models_ids: 17.0 ; set True
11:16:2 [QMD 78] remoteBayesFromBranchID 8 model id list: [17]
11:16:2 [RQ Learn 17.0] Learned. rq time: 1501.74755692482
11:16:2 [QMD 78] compareModelsWithinBranch 8 active_models_in_branch_old: [17.0] active_models_in_branch_new: [17]
11:16:2 [QMD 78] Model points for branch 8 {17: 0}
11:16:2 [QMD 78] Champion of branch  8  is  xTiPPxTxPPxTyPPxTzPPyTiPPyTyPPyTzPPzTiPPzTz (17)
11:16:2 [QMD 78] Active branch champs at start of final Bayes comp: [1, 3, 5, 8, 9, 11, 14, 15, 17]
11:16:2 [QMD 78] Model 1 doesn't have a parent to compare with.
11:16:2 [QMD 78] Bayes factor calculation queued. Model IDs 1 3
11:16:2 [QMD 78] Comparing child  3 with parent 1
11:16:2 [QMD 78] Bayes factor calculation queued. Model IDs 3 5
11:16:2 [QMD 78] Comparing child  5 with parent 3
11:16:2 [QMD 78] Bayes factor calculation queued. Model IDs 5 8
11:16:2 [QMD 78] Comparing child  8 with parent 5
11:16:2 [QMD 78] Bayes factor calculation queued. Model IDs 8 9
11:16:2 [QMD 78] Comparing child  9 with parent 8
11:16:2 [QMD 78] Bayes factor calculation queued. Model IDs 9 11
11:16:2 [QMD 78] Comparing child  11 with parent 9
11:16:2 [QMD 78] Bayes factor calculation queued. Model IDs 11 14
11:16:2 [QMD 78] Comparing child  14 with parent 11
11:16:2 [QMD 78] Bayes factor calculation queued. Model IDs 14 15
11:16:2 [QMD 78] Comparing child  15 with parent 14
11:16:2 [QMD 78] Bayes factor calculation queued. Model IDs 15 17
11:16:2 [QMD 78] Comparing child  17 with parent 15
11:16:2 [QMD 78] Final Bayes Comparisons. 
Entering while loop in final bayes fnc. 
active branch champs:  [1, 3, 5, 8, 9, 11, 14, 15, 17]
11:16:2 [QMD 78] Waiting on parent/child Bayes factors.
11:16:2 [QMD 78] Waiting on parent/child Bayes factors.
11:16:8[QML:Bayes 1; QMD 78] Name: yTi
11:16:8[QML:Bayes 5; QMD 78] Name: xTiPPyTiPPzTi
11:16:8[QML:Bayes 8; QMD 78] Name: xTiPPyTiPPzTiPPzTz
11:16:8[QML:Bayes 3; QMD 78] Name: yTiPPzTi
11:16:8[QML:Bayes 9; QMD 78] Name: xTiPPxTxPPyTiPPzTiPPzTz
11:16:8[QML:Bayes 1; QMD 78] Time to reconstruct updater: 0.0009129047393798828
11:16:8[QML:Bayes 1; QMD 78] Prior mean: [ 6.53084853]
11:16:8[QML:Bayes 5; QMD 78] Time to reconstruct updater: 0.001453399658203125
11:16:8[QML:Bayes 8; QMD 78] Time to reconstruct updater: 0.0016162395477294922
11:16:8[QML:Bayes 5; QMD 78] Prior mean: [ 1.35388586  6.09049084  2.04373798]
11:16:8[QML:Bayes 8; QMD 78] Prior mean: [ 0.76029755  6.06539351  1.46564729  0.83047731]
11:16:8[QML:Bayes 11; QMD 78] Name: xTiPPxTxPPyTiPPyTyPPzTiPPzTz
11:16:8[QML:Bayes 3; QMD 78] Time to reconstruct updater: 0.0012061595916748047
11:16:8[QML:Bayes 9; QMD 78] Time to reconstruct updater: 0.0018377304077148438
11:16:8[QML:Bayes 3; QMD 78] Prior mean: [ 5.98304164  1.74502265]
11:16:8[QML:Bayes 9; QMD 78] Prior mean: [ 0.63207493  0.01442539  5.99832348  1.87192269  0.6516521 ]
11:16:8[QML:Bayes 11; QMD 78] Time to reconstruct updater: 0.002017498016357422
11:16:8[QML:Bayes 11; QMD 78] Prior mean: [ 0.3655206   2.65111991  5.6073355   0.18520623  1.31100545  0.21044199]
11:16:8[QML:Bayes 3; QMD 78] Name: yTiPPzTi
11:16:8[QML:Bayes 3; QMD 78] Time to reconstruct updater: 0.0010979175567626953
11:16:8[QML:Bayes 3; QMD 78] Prior mean: [ 5.98227017  1.74660268]
11:16:8 [RQ Bayes 1/3] Start. Branch None
11:16:8[QML:Bayes 8; QMD 78] Name: xTiPPyTiPPzTiPPzTz
11:16:8[QML:Bayes 8; QMD 78] Time to reconstruct updater: 0.0012869834899902344
11:16:8[QML:Bayes 8; QMD 78] Prior mean: [ 0.75987625  6.06557949  1.4630554   0.8321865 ]
11:16:8[QML:Bayes 9; QMD 78] Name: xTiPPxTxPPyTiPPzTiPPzTz
11:16:8 [RQ Bayes 5/8] Start. Branch None
11:16:8[QML:Bayes 9; QMD 78] Time to reconstruct updater: 0.0014655590057373047
11:16:8[QML:Bayes 9; QMD 78] Prior mean: [ 0.62208127  0.00901059  6.00110123  1.8698216   0.65036731]
11:16:8 [RQ Bayes 8/9] Start. Branch None
11:16:8[QML:Bayes 5; QMD 78] Name: xTiPPyTiPPzTi
11:16:8[QML:Bayes 5; QMD 78] Time to reconstruct updater: 0.0011858940124511719
11:16:8[QML:Bayes 5; QMD 78] Prior mean: [ 1.35155394  6.09023107  2.04741565]
11:16:8 [RQ Bayes 3/5] Start. Branch None
11:16:8[QML:Bayes 11; QMD 78] Name: xTiPPxTxPPyTiPPyTyPPzTiPPzTz
11:16:8[QML:Bayes 11; QMD 78] Time to reconstruct updater: 0.0017087459564208984
11:16:8[QML:Bayes 11; QMD 78] Prior mean: [ 0.36662983  2.64940818  5.60759562  0.18484425  1.3111817   0.21204877]
11:16:8 [RQ Bayes 9/11] Start. Branch None
11:16:8[QML:Bayes 14; QMD 78] Name: xTiPPxTxPPxTzPPyTiPPyTyPPzTiPPzTz
11:16:8[QML:Bayes 14; QMD 78] Time to reconstruct updater: 0.0018656253814697266
11:16:8[QML:Bayes 14; QMD 78] Prior mean: [ 1.92795702  0.03931835  0.03763459  5.83059211  0.03175107  1.36695821
  0.88428325]
11:16:8 [RQ Bayes 11/14] Start. Branch None
12:6:20 [RQ Bayes 9/11] BF computed: A:9; B:11; BF:2.7541406264168323e+50 	Reset remormalisation record: False
12:6:20 [RQ Bayes 9/11] Finished. rq time:  3012.4887437820435
12:6:27[QML:Bayes 14; QMD 78] Name: xTiPPxTxPPxTzPPyTiPPyTyPPzTiPPzTz
12:6:27[QML:Bayes 14; QMD 78] Time to reconstruct updater: 0.0020363330841064453
12:6:27[QML:Bayes 14; QMD 78] Prior mean: [ 1.92650379  0.03587617  0.03695697  5.83047178  0.03121833  1.37334523
  0.88112491]
12:6:27[QML:Bayes 15; QMD 78] Name: xTiPPxTxPPxTzPPyTiPPyTyPPyTzPPzTiPPzTz
12:6:27[QML:Bayes 15; QMD 78] Time to reconstruct updater: 0.001943826675415039
12:6:27[QML:Bayes 15; QMD 78] Prior mean: [ 0.39253173 -0.03757345  1.31914815  5.96152403 -0.02076944 -0.10387058
  1.39950767  0.76356381]
12:6:27 [RQ Bayes 14/15] Start. Branch None
12:6:47 [RQ Bayes 8/9] BF computed: A:8; B:9; BF:0.0 	Reset remormalisation record: False
12:6:47 [RQ Bayes 8/9] Finished. rq time:  3039.4469735622406
12:6:52[QML:Bayes 15; QMD 78] Name: xTiPPxTxPPxTzPPyTiPPyTyPPyTzPPzTiPPzTz
12:6:52[QML:Bayes 15; QMD 78] Time to reconstruct updater: 0.0022513866424560547
12:6:52[QML:Bayes 15; QMD 78] Prior mean: [ 0.39150238 -0.03307197  1.32122246  5.95998345 -0.02057277 -0.10420649
  1.4071824   0.76131847]
12:6:52[QML:Bayes 17; QMD 78] Name: xTiPPxTxPPxTyPPxTzPPyTiPPyTyPPyTzPPzTiPPzTz
12:6:52[QML:Bayes 17; QMD 78] Time to reconstruct updater: 0.0021674633026123047
12:6:52[QML:Bayes 17; QMD 78] Prior mean: [ 3.9518441  -0.10309365  1.87373723  1.9157946   7.8788968   1.86838032
  0.41702096  1.11678164  0.00977404]
12:6:52 [RQ Bayes 15/17] Start. Branch None
12:7:1 [RQ Bayes 11/14] BF computed: A:11; B:14; BF:0.0 	Reset remormalisation record: False
12:7:1 [RQ Bayes 11/14] Finished. rq time:  3053.5416181087494
12:7:4 [RQ Bayes 1/3] BF computed: A:1; B:3; BF:0.0 	Reset remormalisation record: False
12:7:4 [RQ Bayes 1/3] Finished. rq time:  3055.7882895469666
12:7:4 [QMD 78] Waiting on parent/child Bayes factors.
12:7:24 [RQ Bayes 5/8] BF computed: A:5; B:8; BF:0.0 	Reset remormalisation record: False
12:7:24 [RQ Bayes 5/8] Finished. rq time:  3075.704970598221
12:8:33 [RQ Bayes 3/5] BF computed: A:3; B:5; BF:0.0 	Reset remormalisation record: False
12:8:33 [RQ Bayes 3/5] Finished. rq time:  3145.3240740299225
12:8:33 [QMD 78] Waiting on parent/child Bayes factors.
12:8:33 [QMD 78] Waiting on parent/child Bayes factors.
12:8:33 [QMD 78] Waiting on parent/child Bayes factors.
12:8:33 [QMD 78] Waiting on parent/child Bayes factors.
12:8:33 [QMD 78] Waiting on parent/child Bayes factors.
12:56:5 [RQ Bayes 14/15] BF computed: A:14; B:15; BF:5.33072335192014e+16 	Reset remormalisation record: False
12:56:5 [RQ Bayes 14/15] Finished. rq time:  2978.403748989105
12:56:5 [QMD 78] Waiting on parent/child Bayes factors.
12:56:47 [RQ Bayes 15/17] BF computed: A:15; B:17; BF:1.346536929365294e+24 	Reset remormalisation record: False
12:56:47 [RQ Bayes 15/17] Finished. rq time:  2994.991493701935
12:56:47 [QMD 78] Parent/child Bayes factors jobs all launched.
12:56:47 [QMD 78] child doesn't have active parent
12:56:47 [QMD 78] Error: 0
12:56:47 [QMD 78] parent/child 1/3 has bf 8.967916133454299e-72
12:56:47 [QMD 78] Spawned model 3 stronger than parent; deactivating model 1
12:56:47 [QMD 78] parent/child 3/5 has bf 7.479112258088076e-14
12:56:47 [QMD 78] Spawned model 5 stronger than parent; deactivating model 3
12:56:47 [QMD 78] parent/child 5/8 has bf 4.241583797853917e-44
12:56:47 [QMD 78] Spawned model 8 stronger than parent; deactivating model 5
12:56:47 [QMD 78] parent/child 8/9 has bf 2.029303217852829e-09
12:56:47 [QMD 78] Spawned model 9 stronger than parent; deactivating model 8
12:56:47 [QMD 78] parent/child 9/11 has bf 2.7541406264168323e+50
12:56:47 [QMD 78] Parent model, 9 stronger than spawned; deactivating model 11
12:56:47 [QMD 78] parent/child 11/14 has bf 2.174328267110558e-45
12:56:47 [QMD 78] Spawned model 14 stronger than parent; deactivating model 11
12:56:47 [QMD 78] parent/child 14/15 has bf 5.330723351920141e+16
12:56:47 [QMD 78] Parent model, 14 stronger than spawned; deactivating model 15
12:56:47 [QMD 78] parent/child 15/17 has bf 1.346536929365294e+24
12:56:47 [QMD 78] Parent model, 15 stronger than spawned; deactivating model 17
12:56:47 [QMD 78] Parent/child comparisons and deactivations complete.
12:56:47 [QMD 78] Active branch champs after  parental collapse (final Bayes comp): [9, 14]
12:56:47 [QMD 78] ActiveTreeBranchChamps: {'NV_alternative_model': [9, 14]}
12:56:47 [QMD 78] Branch 9 growth rule NV_alternative_model has 2 new models ['xTiPPxTxPPyTiPPzTiPPzTz', 'xTiPPxTxPPxTzPPyTiPPyTyPPzTiPPzTz']
12:56:47 [DB] Model xTiPPxTxPPyTiPPzTiPPzTz  previously considered.
12:56:47 [QMD 78] Model  xTiPPxTxPPyTiPPzTiPPzTz 
	computed already:  True 
	ID: 9.0
12:56:47 [DB] Model xTiPPxTxPPxTzPPyTiPPyTyPPzTiPPzTz  previously considered.
12:56:47 [QMD 78] Model  xTiPPxTxPPxTzPPyTiPPyTyPPzTiPPzTz 
	computed already:  True 
	ID: 14.0
12:56:47 [QMD 78] Num models already computed on branch  9 = 2
12:56:47 [QMD 78] learnModelFromBranchID branch 9 : ['xTiPPxTxPPyTiPPzTiPPzTz', 'xTiPPxTxPPxTzPPyTiPPyTyPPzTiPPzTz']
12:56:47 [QMD 78] learnModelFromBranchID. Setting active branches on redis for branch 9 to 2
12:56:47 [QMD 78] branch 9 precomputed: ['xTiPPxTxPPyTiPPzTiPPzTz', 'xTiPPxTxPPxTzPPyTiPPyTyPPzTiPPzTz']
12:56:47 [QMD 78] Branch  9 has unlearned models: []
12:56:47 [QMD 78] learnModelFromBranchID finished, branch 9
12:56:47 [QMD 78] remoteBayesFromBranchID 9 model id list: [9.0, 14.0]
12:56:47 [QMD 78] Computing BF for pair 9,14
12:56:47 [QMD 78] Bayes factor calculation queued. Model IDs 9.0 14.0
12:56:53[QML:Bayes 9.0; QMD 78] Name: xTiPPxTxPPyTiPPzTiPPzTz
12:56:53[QML:Bayes 9.0; QMD 78] Time to reconstruct updater: 0.0018458366394042969
12:56:53[QML:Bayes 9.0; QMD 78] Prior mean: [ 0.62694363  0.00878726  6.00114945  1.87140697  0.65101819]
12:56:53[QML:Bayes 14.0; QMD 78] Name: xTiPPxTxPPxTzPPyTiPPyTyPPzTiPPzTz
12:56:53[QML:Bayes 14.0; QMD 78] Time to reconstruct updater: 0.0019350051879882812
12:56:53[QML:Bayes 14.0; QMD 78] Prior mean: [ 1.92392192  0.0338344   0.03052163  5.83029846  0.02974952  1.37256658
  0.88975549]
12:56:53 [RQ Bayes 9.0/14.0] Start. Branch 9
13:48:15 [RQ Bayes 9.0/14.0] BF computed: A:9.0; B:14.0; BF:0.0 	Reset remormalisation record: False
13:48:15 [RQ Bayes 9.0/14.0] Finished. rq time:  3082.2820785045624
13:48:15 [QMD 78] compareModelsWithinBranch 9 active_models_in_branch_old: [] active_models_in_branch_new: [9.0, 14.0]
13:48:15 [QMD 78] [compareModelsWithinBranch 9] Point to 14 (comparison 9.0/14.0)
13:48:15 [QMD 78] Model points for branch 9 {9.0: 0, 14.0: 1}
13:48:15 [QMD 78] Champion of branch  9  is  xTiPPxTxPPxTzPPyTiPPyTyPPzTiPPzTz (14)
13:48:15 [QMD 78] Ghost Branch 9 deactivating model 9.0
13:48:15 [QMD 78] F i n a l   t r e e   c o m p a r i s o n s   c o m p l e t e .
13:48:15 [QMD 78] After initial interbranch comparisons,                 remaining active branch champions: [14.0]
13:48:15 [QMD 78] Waiting on result of  Bayes comparisons from given list: [14.0]
13:48:15 [QMD 78] After final Bayes comparisons (of branch champions) {14.0: 0}
13:48:15[QML:Reduced 17; QMD 78] Updating learned info for model 17
13:48:15[QML:Reduced 17; QMD 78] Updated learned info for model 17
13:48:15 [QMD 78] Checking reducibility of champ model: xTiPPxTxPPxTzPPyTiPPyTyPPzTiPPzTz
13:48:15 [QMD 78] Some neglibible parameters found: {'xTx': 0.040000000000000001, 'xTz': 0.029999999999999999, 'yTy': 0.029999999999999999} 
Reduced champion model suggested: xTiPPyTiPPzTiPPzTz
13:48:15 [DB] Model  xTiPPyTiPPzTiPPzTz  not previously considered -- adding. ID: 18
13:48:16[QML:Reduced 18; QMD 78] Updating learned info for model 18
13:48:16[QML:Reduced 18; QMD 78] Updated learned info for model 18
13:48:16 [QMD 78] Bayes factor calculation queued. Model IDs 14 18
13:48:23[QML:Bayes 14; QMD 78] Name: xTiPPxTxPPxTzPPyTiPPyTyPPzTiPPzTz
13:48:23[QML:Bayes 14; QMD 78] Time to reconstruct updater: 0.0023088455200195312
13:48:23[QML:Bayes 14; QMD 78] Prior mean: [ 1.9293097   0.03850424  0.03650542  5.82904295  0.02932699  1.36990504
  0.88722301]
13:48:23[QML:Bayes 18; QMD 78] Name: xTiPPyTiPPzTiPPzTz
13:48:23[QML:Bayes 18; QMD 78] Time to reconstruct updater: 0.0012955665588378906
13:48:23[QML:Bayes 18; QMD 78] Prior mean: [ 1.92718269  5.82949835  1.36519774  0.89596094]
13:48:23 [RQ Bayes 14/18] Start. Branch None
