01:56:47 RQ worker 'rq:worker:node35-011.47184' started, version 0.8.1
01:56:47 RQ worker 'rq:worker:node35-011.47186' started, version 0.8.1
01:56:47 RQ worker 'rq:worker:node35-011.47187' started, version 0.8.1
01:56:47 RQ worker 'rq:worker:node35-011.47185' started, version 0.8.1
01:56:47 RQ worker 'rq:worker:node35-011.47183' started, version 0.8.1
01:56:47 Cleaning registries for queue: 89
01:56:47 Cleaning registries for queue: 89
01:56:47 Cleaning registries for queue: 89
01:56:47 Cleaning registries for queue: 89
01:56:47 Cleaning registries for queue: 89
01:56:47 
01:56:47 
01:56:47 
01:56:47 
01:56:47 *** Listening on 89...
01:56:47 *** Listening on 89...
01:56:47 
01:56:47 *** Listening on 89...
01:56:47 *** Listening on 89...
01:56:47 *** Listening on 89...
01:56:47 RQ worker 'rq:worker:node35-011.47182' started, version 0.8.1
01:56:47 Cleaning registries for queue: 89
01:56:47 
01:56:47 *** Listening on 89...
01:56:59 89: RemoteModelLearning.learnModelRemote('xTi', 0.0, branchID=0, growth_generator='NV_alternative_model', host_name='node35-011', log_file='/panfs/panasas01/phys/bf16951/QMD/ParallelDevelopment/Results/Oct_01/12_46/logs/NV-exp-method-sim__random--probe__QMLA_89.qmd.8794802.log', port_number=6389, qid=89, remote=True) (20296b34-260d-43fc-9d80-cc01be728531)
01:56:59 89: RemoteModelLearning.learnModelRemote('yTi', 1.0, branchID=0, growth_generator='NV_alternative_model', host_name='node35-011', log_file='/panfs/panasas01/phys/bf16951/QMD/ParallelDevelopment/Results/Oct_01/12_46/logs/NV-exp-method-sim__random--probe__QMLA_89.qmd.8794802.log', port_number=6389, qid=89, remote=True) (7a193b92-c688-410a-a63b-e029d5a31e0c)
01:56:59 89: RemoteModelLearning.learnModelRemote('zTi', 2.0, branchID=0, growth_generator='NV_alternative_model', host_name='node35-011', log_file='/panfs/panasas01/phys/bf16951/QMD/ParallelDevelopment/Results/Oct_01/12_46/logs/NV-exp-method-sim__random--probe__QMLA_89.qmd.8794802.log', port_number=6389, qid=89, remote=True) (b4bf7cc0-23a2-4b27-9ff7-e39bf4f421c1)
02:23:21 89: Job OK (20296b34-260d-43fc-9d80-cc01be728531)
02:23:21 Result will never expire, clean up result key manually
02:23:21 
02:23:21 *** Listening on 89...
02:23:59 89: Job OK (7a193b92-c688-410a-a63b-e029d5a31e0c)
02:23:59 Result will never expire, clean up result key manually
02:23:59 
02:23:59 *** Listening on 89...
02:24:39 89: Job OK (b4bf7cc0-23a2-4b27-9ff7-e39bf4f421c1)
02:24:39 Result will never expire, clean up result key manually
02:24:39 
02:24:39 *** Listening on 89...
02:24:39 89: RemoteBayesFactor.BayesFactorRemote(bayes_threshold=100, bf_data_folder='/panfs/panasas01/phys/bf16951/QMD/ParallelDevelopment/Results/Oct_01/12_46/BayesFactorsTimeRecords/', branchID=0, host_name='node35-011', interbranch=False, log_file='/panfs/panasas01/phys/bf16951/QMD/ParallelDevelopment/Results/Oct_01/12_46/logs/NV-exp-method-sim__random--probe__QMLA_89.qmd.8794802.log', model_a_id=0, model_b_id=2, num_times_to_use=750, port_number=6389, qid=89, times_record='/panfs/panasas01/phys/bf16951/QMD/ParallelDevelopment/Results/Oct_01/12_46/BayesFactorsTimeRecords/BayesFactorsPairsTimes_089.txt', trueModel='xTiPPyTiPPzTiPPzTz') (7ee43f4b-c1a6-45cc-9205-9e8a422cd9c8)
02:24:39 89: RemoteBayesFactor.BayesFactorRemote(bayes_threshold=100, bf_data_folder='/panfs/panasas01/phys/bf16951/QMD/ParallelDevelopment/Results/Oct_01/12_46/BayesFactorsTimeRecords/', branchID=0, host_name='node35-011', interbranch=False, log_file='/panfs/panasas01/phys/bf16951/QMD/ParallelDevelopment/Results/Oct_01/12_46/logs/NV-exp-method-sim__random--probe__QMLA_89.qmd.8794802.log', model_a_id=0, model_b_id=1, num_times_to_use=750, port_number=6389, qid=89, times_record='/panfs/panasas01/phys/bf16951/QMD/ParallelDevelopment/Results/Oct_01/12_46/BayesFactorsTimeRecords/BayesFactorsPairsTimes_089.txt', trueModel='xTiPPyTiPPzTiPPzTz') (02a17c40-df11-4d88-8d9b-6007456b9d49)
02:24:39 89: RemoteBayesFactor.BayesFactorRemote(bayes_threshold=100, bf_data_folder='/panfs/panasas01/phys/bf16951/QMD/ParallelDevelopment/Results/Oct_01/12_46/BayesFactorsTimeRecords/', branchID=0, host_name='node35-011', interbranch=False, log_file='/panfs/panasas01/phys/bf16951/QMD/ParallelDevelopment/Results/Oct_01/12_46/logs/NV-exp-method-sim__random--probe__QMLA_89.qmd.8794802.log', model_a_id=1, model_b_id=2, num_times_to_use=750, port_number=6389, qid=89, times_record='/panfs/panasas01/phys/bf16951/QMD/ParallelDevelopment/Results/Oct_01/12_46/BayesFactorsTimeRecords/BayesFactorsPairsTimes_089.txt', trueModel='xTiPPyTiPPzTiPPzTz') (36799240-699f-4a0e-9e8f-2cb1152f7d64)
03:18:13 89: Job OK (02a17c40-df11-4d88-8d9b-6007456b9d49)
03:18:13 Result will never expire, clean up result key manually
03:18:13 Cleaning registries for queue: 89
03:18:13 
03:18:13 *** Listening on 89...
03:19:41 89: Job OK (7ee43f4b-c1a6-45cc-9205-9e8a422cd9c8)
03:19:41 Result will never expire, clean up result key manually
03:19:41 Cleaning registries for queue: 89
03:19:41 
03:19:41 *** Listening on 89...
03:20:26 89: Job OK (36799240-699f-4a0e-9e8f-2cb1152f7d64)
03:20:26 Result will never expire, clean up result key manually
03:20:26 Cleaning registries for queue: 89
03:20:26 
03:20:26 *** Listening on 89...
03:20:26 89: RemoteModelLearning.learnModelRemote('yTiPPzTi', 3.0, branchID=1, growth_generator='NV_alternative_model', host_name='node35-011', log_file='/panfs/panasas01/phys/bf16951/QMD/ParallelDevelopment/Results/Oct_01/12_46/logs/NV-exp-method-sim__random--probe__QMLA_89.qmd.8794802.log', port_number=6389, qid=89, remote=True) (1810ce63-6d44-410c-b4c5-689959342f0a)
03:20:26 89: RemoteModelLearning.learnModelRemote('xTiPPzTi', 4.0, branchID=1, growth_generator='NV_alternative_model', host_name='node35-011', log_file='/panfs/panasas01/phys/bf16951/QMD/ParallelDevelopment/Results/Oct_01/12_46/logs/NV-exp-method-sim__random--probe__QMLA_89.qmd.8794802.log', port_number=6389, qid=89, remote=True) (7e9642d4-952e-4ce7-8578-10afef772035)
03:46:09 89: Job OK (7e9642d4-952e-4ce7-8578-10afef772035)
03:46:09 Result will never expire, clean up result key manually
03:46:09 Cleaning registries for queue: 89
03:46:09 
03:46:09 *** Listening on 89...
03:46:47 89: Job OK (1810ce63-6d44-410c-b4c5-689959342f0a)
03:46:47 Result will never expire, clean up result key manually
03:46:47 Cleaning registries for queue: 89
03:46:47 
03:46:47 *** Listening on 89...
03:46:47 89: RemoteBayesFactor.BayesFactorRemote(bayes_threshold=100, bf_data_folder='/panfs/panasas01/phys/bf16951/QMD/ParallelDevelopment/Results/Oct_01/12_46/BayesFactorsTimeRecords/', branchID=1, host_name='node35-011', interbranch=False, log_file='/panfs/panasas01/phys/bf16951/QMD/ParallelDevelopment/Results/Oct_01/12_46/logs/NV-exp-method-sim__random--probe__QMLA_89.qmd.8794802.log', model_a_id=3, model_b_id=4, num_times_to_use=750, port_number=6389, qid=89, times_record='/panfs/panasas01/phys/bf16951/QMD/ParallelDevelopment/Results/Oct_01/12_46/BayesFactorsTimeRecords/BayesFactorsPairsTimes_089.txt', trueModel='xTiPPyTiPPzTiPPzTz') (1911b440-eac7-4312-822d-27ba3fe567fc)
04:39:19 89: Job OK (1911b440-eac7-4312-822d-27ba3fe567fc)
04:39:19 Result will never expire, clean up result key manually
04:39:19 Cleaning registries for queue: 89
04:39:19 
04:39:19 *** Listening on 89...
04:39:19 89: RemoteModelLearning.learnModelRemote('xTiPPyTiPPzTi', 5.0, branchID=2, growth_generator='NV_alternative_model', host_name='node35-011', log_file='/panfs/panasas01/phys/bf16951/QMD/ParallelDevelopment/Results/Oct_01/12_46/logs/NV-exp-method-sim__random--probe__QMLA_89.qmd.8794802.log', port_number=6389, qid=89, remote=True) (f4b94c87-e763-4f9f-ae7f-75e2a2bca2d6)
05:05:39 89: Job OK (f4b94c87-e763-4f9f-ae7f-75e2a2bca2d6)
05:05:39 Result will never expire, clean up result key manually
05:05:39 Cleaning registries for queue: 89
05:05:39 
05:05:39 *** Listening on 89...
05:05:39 89: RemoteModelLearning.learnModelRemote('xTiPPyTiPPzTiPPzTz', 6.0, branchID=3, growth_generator='NV_alternative_model', host_name='node35-011', log_file='/panfs/panasas01/phys/bf16951/QMD/ParallelDevelopment/Results/Oct_01/12_46/logs/NV-exp-method-sim__random--probe__QMLA_89.qmd.8794802.log', port_number=6389, qid=89, remote=True) (e54c69d4-2aea-4194-9927-014060a3e6f2)
05:05:39 89: RemoteModelLearning.learnModelRemote('xTiPPxTxPPyTiPPzTi', 7.0, branchID=3, growth_generator='NV_alternative_model', host_name='node35-011', log_file='/panfs/panasas01/phys/bf16951/QMD/ParallelDevelopment/Results/Oct_01/12_46/logs/NV-exp-method-sim__random--probe__QMLA_89.qmd.8794802.log', port_number=6389, qid=89, remote=True) (5dc02562-de42-4768-ac75-9ef17768e2d3)
05:05:39 89: RemoteModelLearning.learnModelRemote('xTiPPyTiPPyTyPPzTi', 8.0, branchID=3, growth_generator='NV_alternative_model', host_name='node35-011', log_file='/panfs/panasas01/phys/bf16951/QMD/ParallelDevelopment/Results/Oct_01/12_46/logs/NV-exp-method-sim__random--probe__QMLA_89.qmd.8794802.log', port_number=6389, qid=89, remote=True) (2985b283-fdac-439f-9026-99031ce82f07)
05:31:20 89: Job OK (2985b283-fdac-439f-9026-99031ce82f07)
05:31:20 Result will never expire, clean up result key manually
05:31:20 Cleaning registries for queue: 89
05:31:20 
05:31:20 *** Listening on 89...
05:32:10 89: Job OK (5dc02562-de42-4768-ac75-9ef17768e2d3)
05:32:10 Result will never expire, clean up result key manually
05:32:10 Cleaning registries for queue: 89
05:32:10 
05:32:10 *** Listening on 89...
05:32:27 89: Job OK (e54c69d4-2aea-4194-9927-014060a3e6f2)
05:32:27 Result will never expire, clean up result key manually
05:32:27 Cleaning registries for queue: 89
05:32:27 
05:32:27 *** Listening on 89...
05:32:28 89: RemoteBayesFactor.BayesFactorRemote(bayes_threshold=100, bf_data_folder='/panfs/panasas01/phys/bf16951/QMD/ParallelDevelopment/Results/Oct_01/12_46/BayesFactorsTimeRecords/', branchID=3, host_name='node35-011', interbranch=False, log_file='/panfs/panasas01/phys/bf16951/QMD/ParallelDevelopment/Results/Oct_01/12_46/logs/NV-exp-method-sim__random--probe__QMLA_89.qmd.8794802.log', model_a_id=6, model_b_id=7, num_times_to_use=750, port_number=6389, qid=89, times_record='/panfs/panasas01/phys/bf16951/QMD/ParallelDevelopment/Results/Oct_01/12_46/BayesFactorsTimeRecords/BayesFactorsPairsTimes_089.txt', trueModel='xTiPPyTiPPzTiPPzTz') (83820d33-4504-47d3-be87-75bf899018e9)
05:32:28 89: RemoteBayesFactor.BayesFactorRemote(bayes_threshold=100, bf_data_folder='/panfs/panasas01/phys/bf16951/QMD/ParallelDevelopment/Results/Oct_01/12_46/BayesFactorsTimeRecords/', branchID=3, host_name='node35-011', interbranch=False, log_file='/panfs/panasas01/phys/bf16951/QMD/ParallelDevelopment/Results/Oct_01/12_46/logs/NV-exp-method-sim__random--probe__QMLA_89.qmd.8794802.log', model_a_id=6, model_b_id=8, num_times_to_use=750, port_number=6389, qid=89, times_record='/panfs/panasas01/phys/bf16951/QMD/ParallelDevelopment/Results/Oct_01/12_46/BayesFactorsTimeRecords/BayesFactorsPairsTimes_089.txt', trueModel='xTiPPyTiPPzTiPPzTz') (d221ceb3-646c-4b10-adab-e01a8c77ace4)
05:32:28 89: RemoteBayesFactor.BayesFactorRemote(bayes_threshold=100, bf_data_folder='/panfs/panasas01/phys/bf16951/QMD/ParallelDevelopment/Results/Oct_01/12_46/BayesFactorsTimeRecords/', branchID=3, host_name='node35-011', interbranch=False, log_file='/panfs/panasas01/phys/bf16951/QMD/ParallelDevelopment/Results/Oct_01/12_46/logs/NV-exp-method-sim__random--probe__QMLA_89.qmd.8794802.log', model_a_id=7, model_b_id=8, num_times_to_use=750, port_number=6389, qid=89, times_record='/panfs/panasas01/phys/bf16951/QMD/ParallelDevelopment/Results/Oct_01/12_46/BayesFactorsTimeRecords/BayesFactorsPairsTimes_089.txt', trueModel='xTiPPyTiPPzTiPPzTz') (d5aa2f91-7891-4285-a48a-c91eabbfe999)
06:25:32 89: Job OK (d221ceb3-646c-4b10-adab-e01a8c77ace4)
06:25:32 Result will never expire, clean up result key manually
06:25:32 Cleaning registries for queue: 89
06:25:32 
06:25:32 *** Listening on 89...
06:25:43 89: Job OK (83820d33-4504-47d3-be87-75bf899018e9)
06:25:43 Result will never expire, clean up result key manually
06:25:43 Cleaning registries for queue: 89
06:25:43 
06:25:43 *** Listening on 89...
06:25:45 89: Job OK (d5aa2f91-7891-4285-a48a-c91eabbfe999)
06:25:45 Result will never expire, clean up result key manually
06:25:45 Cleaning registries for queue: 89
06:25:45 
06:25:45 *** Listening on 89...
06:25:45 89: RemoteModelLearning.learnModelRemote('xTiPPyTiPPyTyPPzTiPPzTz', 9.0, branchID=4, growth_generator='NV_alternative_model', host_name='node35-011', log_file='/panfs/panasas01/phys/bf16951/QMD/ParallelDevelopment/Results/Oct_01/12_46/logs/NV-exp-method-sim__random--probe__QMLA_89.qmd.8794802.log', port_number=6389, qid=89, remote=True) (97951978-4160-4114-93d1-dea3f29443d8)
06:25:45 89: RemoteModelLearning.learnModelRemote('xTiPPxTxPPyTiPPzTiPPzTz', 10.0, branchID=4, growth_generator='NV_alternative_model', host_name='node35-011', log_file='/panfs/panasas01/phys/bf16951/QMD/ParallelDevelopment/Results/Oct_01/12_46/logs/NV-exp-method-sim__random--probe__QMLA_89.qmd.8794802.log', port_number=6389, qid=89, remote=True) (671f33d7-71c4-4a36-b6cc-ceded3e7891d)
06:51:39 89: Job OK (671f33d7-71c4-4a36-b6cc-ceded3e7891d)
06:51:39 Result will never expire, clean up result key manually
06:51:39 Cleaning registries for queue: 89
06:51:39 
06:51:39 *** Listening on 89...
06:51:45 89: Job OK (97951978-4160-4114-93d1-dea3f29443d8)
06:51:45 Result will never expire, clean up result key manually
06:51:45 Cleaning registries for queue: 89
06:51:45 
06:51:45 *** Listening on 89...
06:51:45 89: RemoteBayesFactor.BayesFactorRemote(bayes_threshold=100, bf_data_folder='/panfs/panasas01/phys/bf16951/QMD/ParallelDevelopment/Results/Oct_01/12_46/BayesFactorsTimeRecords/', branchID=4, host_name='node35-011', interbranch=False, log_file='/panfs/panasas01/phys/bf16951/QMD/ParallelDevelopment/Results/Oct_01/12_46/logs/NV-exp-method-sim__random--probe__QMLA_89.qmd.8794802.log', model_a_id=9, model_b_id=10, num_times_to_use=750, port_number=6389, qid=89, times_record='/panfs/panasas01/phys/bf16951/QMD/ParallelDevelopment/Results/Oct_01/12_46/BayesFactorsTimeRecords/BayesFactorsPairsTimes_089.txt', trueModel='xTiPPyTiPPzTiPPzTz') (ef0d54fb-b27a-43bb-a180-86ca9ebf702e)
07:42:53 89: Job OK (ef0d54fb-b27a-43bb-a180-86ca9ebf702e)
07:42:53 Result will never expire, clean up result key manually
07:42:53 Cleaning registries for queue: 89
07:42:53 
07:42:53 *** Listening on 89...
07:42:53 89: RemoteModelLearning.learnModelRemote('xTiPPxTxPPyTiPPyTyPPzTiPPzTz', 11.0, branchID=5, growth_generator='NV_alternative_model', host_name='node35-011', log_file='/panfs/panasas01/phys/bf16951/QMD/ParallelDevelopment/Results/Oct_01/12_46/logs/NV-exp-method-sim__random--probe__QMLA_89.qmd.8794802.log', port_number=6389, qid=89, remote=True) (f98cd078-e259-45b3-8f60-845ff1d3c778)
08:08:18 89: Job OK (f98cd078-e259-45b3-8f60-845ff1d3c778)
08:08:18 Result will never expire, clean up result key manually
08:08:18 Cleaning registries for queue: 89
08:08:18 
08:08:18 *** Listening on 89...
08:08:18 89: RemoteModelLearning.learnModelRemote('xTiPPxTxPPxTyPPyTiPPyTyPPzTiPPzTz', 12.0, branchID=6, growth_generator='NV_alternative_model', host_name='node35-011', log_file='/panfs/panasas01/phys/bf16951/QMD/ParallelDevelopment/Results/Oct_01/12_46/logs/NV-exp-method-sim__random--probe__QMLA_89.qmd.8794802.log', port_number=6389, qid=89, remote=True) (2efb4ae4-b937-42ee-bbb9-442321d7e59f)
08:08:18 89: RemoteModelLearning.learnModelRemote('xTiPPxTxPPxTzPPyTiPPyTyPPzTiPPzTz', 13.0, branchID=6, growth_generator='NV_alternative_model', host_name='node35-011', log_file='/panfs/panasas01/phys/bf16951/QMD/ParallelDevelopment/Results/Oct_01/12_46/logs/NV-exp-method-sim__random--probe__QMLA_89.qmd.8794802.log', port_number=6389, qid=89, remote=True) (cbdc1dc7-ebd2-4401-bcf1-6e1240680501)
08:08:18 89: RemoteModelLearning.learnModelRemote('xTiPPxTxPPyTiPPyTyPPyTzPPzTiPPzTz', 14.0, branchID=6, growth_generator='NV_alternative_model', host_name='node35-011', log_file='/panfs/panasas01/phys/bf16951/QMD/ParallelDevelopment/Results/Oct_01/12_46/logs/NV-exp-method-sim__random--probe__QMLA_89.qmd.8794802.log', port_number=6389, qid=89, remote=True) (c714dd3c-34e7-4d2f-9d43-c026bb49337a)
08:33:50 89: Job OK (c714dd3c-34e7-4d2f-9d43-c026bb49337a)
08:33:50 Result will never expire, clean up result key manually
08:33:50 
08:33:50 *** Listening on 89...
08:34:11 89: Job OK (2efb4ae4-b937-42ee-bbb9-442321d7e59f)
08:34:11 Result will never expire, clean up result key manually
08:34:11 Cleaning registries for queue: 89
08:34:11 
08:34:11 *** Listening on 89...
08:34:12 89: Job OK (cbdc1dc7-ebd2-4401-bcf1-6e1240680501)
08:34:12 Result will never expire, clean up result key manually
08:34:12 Cleaning registries for queue: 89
08:34:12 
08:34:12 *** Listening on 89...
08:34:12 89: RemoteBayesFactor.BayesFactorRemote(bayes_threshold=100, bf_data_folder='/panfs/panasas01/phys/bf16951/QMD/ParallelDevelopment/Results/Oct_01/12_46/BayesFactorsTimeRecords/', branchID=6, host_name='node35-011', interbranch=False, log_file='/panfs/panasas01/phys/bf16951/QMD/ParallelDevelopment/Results/Oct_01/12_46/logs/NV-exp-method-sim__random--probe__QMLA_89.qmd.8794802.log', model_a_id=13, model_b_id=14, num_times_to_use=750, port_number=6389, qid=89, times_record='/panfs/panasas01/phys/bf16951/QMD/ParallelDevelopment/Results/Oct_01/12_46/BayesFactorsTimeRecords/BayesFactorsPairsTimes_089.txt', trueModel='xTiPPyTiPPzTiPPzTz') (b569c731-a972-454c-85d2-4e6e9f28fa1e)
08:34:12 89: RemoteBayesFactor.BayesFactorRemote(bayes_threshold=100, bf_data_folder='/panfs/panasas01/phys/bf16951/QMD/ParallelDevelopment/Results/Oct_01/12_46/BayesFactorsTimeRecords/', branchID=6, host_name='node35-011', interbranch=False, log_file='/panfs/panasas01/phys/bf16951/QMD/ParallelDevelopment/Results/Oct_01/12_46/logs/NV-exp-method-sim__random--probe__QMLA_89.qmd.8794802.log', model_a_id=12, model_b_id=13, num_times_to_use=750, port_number=6389, qid=89, times_record='/panfs/panasas01/phys/bf16951/QMD/ParallelDevelopment/Results/Oct_01/12_46/BayesFactorsTimeRecords/BayesFactorsPairsTimes_089.txt', trueModel='xTiPPyTiPPzTiPPzTz') (dabedb25-c9ed-4109-a289-86b7d4ddc41f)
08:34:12 89: RemoteBayesFactor.BayesFactorRemote(bayes_threshold=100, bf_data_folder='/panfs/panasas01/phys/bf16951/QMD/ParallelDevelopment/Results/Oct_01/12_46/BayesFactorsTimeRecords/', branchID=6, host_name='node35-011', interbranch=False, log_file='/panfs/panasas01/phys/bf16951/QMD/ParallelDevelopment/Results/Oct_01/12_46/logs/NV-exp-method-sim__random--probe__QMLA_89.qmd.8794802.log', model_a_id=12, model_b_id=14, num_times_to_use=750, port_number=6389, qid=89, times_record='/panfs/panasas01/phys/bf16951/QMD/ParallelDevelopment/Results/Oct_01/12_46/BayesFactorsTimeRecords/BayesFactorsPairsTimes_089.txt', trueModel='xTiPPyTiPPzTiPPzTz') (413f4546-38a7-4809-9c77-1f1907fc3372)
09:25:31 89: Job OK (b569c731-a972-454c-85d2-4e6e9f28fa1e)
09:25:31 Result will never expire, clean up result key manually
09:25:31 Cleaning registries for queue: 89
09:25:31 
09:25:31 *** Listening on 89...
09:25:53 89: Job OK (dabedb25-c9ed-4109-a289-86b7d4ddc41f)
09:25:53 Result will never expire, clean up result key manually
09:25:53 Cleaning registries for queue: 89
09:25:53 
09:25:53 *** Listening on 89...
09:26:01 89: Job OK (413f4546-38a7-4809-9c77-1f1907fc3372)
09:26:01 Result will never expire, clean up result key manually
09:26:01 Cleaning registries for queue: 89
09:26:01 
09:26:01 *** Listening on 89...
09:26:01 89: RemoteModelLearning.learnModelRemote('xTiPPxTxPPxTyPPyTiPPyTyPPyTzPPzTiPPzTz', 15.0, branchID=7, growth_generator='NV_alternative_model', host_name='node35-011', log_file='/panfs/panasas01/phys/bf16951/QMD/ParallelDevelopment/Results/Oct_01/12_46/logs/NV-exp-method-sim__random--probe__QMLA_89.qmd.8794802.log', port_number=6389, qid=89, remote=True) (817d05fc-2996-453a-8663-b78addc35373)
09:26:01 89: RemoteModelLearning.learnModelRemote('xTiPPxTxPPxTzPPyTiPPyTyPPyTzPPzTiPPzTz', 16.0, branchID=7, growth_generator='NV_alternative_model', host_name='node35-011', log_file='/panfs/panasas01/phys/bf16951/QMD/ParallelDevelopment/Results/Oct_01/12_46/logs/NV-exp-method-sim__random--probe__QMLA_89.qmd.8794802.log', port_number=6389, qid=89, remote=True) (ab063716-9dbc-4b72-85fc-41b40a454507)
09:51:11 89: Job OK (ab063716-9dbc-4b72-85fc-41b40a454507)
09:51:11 Result will never expire, clean up result key manually
09:51:11 Cleaning registries for queue: 89
09:51:11 
09:51:11 *** Listening on 89...
09:51:16 89: Job OK (817d05fc-2996-453a-8663-b78addc35373)
09:51:16 Result will never expire, clean up result key manually
09:51:16 Cleaning registries for queue: 89
09:51:16 
09:51:16 *** Listening on 89...
09:51:16 89: RemoteBayesFactor.BayesFactorRemote(bayes_threshold=100, bf_data_folder='/panfs/panasas01/phys/bf16951/QMD/ParallelDevelopment/Results/Oct_01/12_46/BayesFactorsTimeRecords/', branchID=7, host_name='node35-011', interbranch=False, log_file='/panfs/panasas01/phys/bf16951/QMD/ParallelDevelopment/Results/Oct_01/12_46/logs/NV-exp-method-sim__random--probe__QMLA_89.qmd.8794802.log', model_a_id=15, model_b_id=16, num_times_to_use=750, port_number=6389, qid=89, times_record='/panfs/panasas01/phys/bf16951/QMD/ParallelDevelopment/Results/Oct_01/12_46/BayesFactorsTimeRecords/BayesFactorsPairsTimes_089.txt', trueModel='xTiPPyTiPPzTiPPzTz') (062e8164-1447-48fb-a6bb-08753cf3519c)
10:40:48 89: Job OK (062e8164-1447-48fb-a6bb-08753cf3519c)
10:40:48 Result will never expire, clean up result key manually
10:40:48 Cleaning registries for queue: 89
10:40:48 
10:40:48 *** Listening on 89...
10:40:48 89: RemoteModelLearning.learnModelRemote('xTiPPxTxPPxTyPPxTzPPyTiPPyTyPPyTzPPzTiPPzTz', 17.0, branchID=8, growth_generator='NV_alternative_model', host_name='node35-011', log_file='/panfs/panasas01/phys/bf16951/QMD/ParallelDevelopment/Results/Oct_01/12_46/logs/NV-exp-method-sim__random--probe__QMLA_89.qmd.8794802.log', port_number=6389, qid=89, remote=True) (52175894-5fd9-4f07-8a25-58b71ea5c6d6)
11:05:36 89: Job OK (52175894-5fd9-4f07-8a25-58b71ea5c6d6)
11:05:36 Result will never expire, clean up result key manually
11:05:36 89: RemoteBayesFactor.BayesFactorRemote(bayes_threshold=100, bf_data_folder='/panfs/panasas01/phys/bf16951/QMD/ParallelDevelopment/Results/Oct_01/12_46/BayesFactorsTimeRecords/', branchID=None, host_name='node35-011', interbranch=True, log_file='/panfs/panasas01/phys/bf16951/QMD/ParallelDevelopment/Results/Oct_01/12_46/logs/NV-exp-method-sim__random--probe__QMLA_89.qmd.8794802.log', model_a_id=2, model_b_id=3, num_times_to_use=750, port_number=6389, qid=89, times_record='/panfs/panasas01/phys/bf16951/QMD/ParallelDevelopment/Results/Oct_01/12_46/BayesFactorsTimeRecords/BayesFactorsPairsTimes_089.txt', trueModel='xTiPPyTiPPzTiPPzTz') (67c1e65f-a67a-44ae-8612-421429985ea1)
11:05:36 89: RemoteBayesFactor.BayesFactorRemote(bayes_threshold=100, bf_data_folder='/panfs/panasas01/phys/bf16951/QMD/ParallelDevelopment/Results/Oct_01/12_46/BayesFactorsTimeRecords/', branchID=None, host_name='node35-011', interbranch=True, log_file='/panfs/panasas01/phys/bf16951/QMD/ParallelDevelopment/Results/Oct_01/12_46/logs/NV-exp-method-sim__random--probe__QMLA_89.qmd.8794802.log', model_a_id=3, model_b_id=5, num_times_to_use=750, port_number=6389, qid=89, times_record='/panfs/panasas01/phys/bf16951/QMD/ParallelDevelopment/Results/Oct_01/12_46/BayesFactorsTimeRecords/BayesFactorsPairsTimes_089.txt', trueModel='xTiPPyTiPPzTiPPzTz') (19d3458e-7de2-436d-8048-9ca35def1093)
11:05:36 Cleaning registries for queue: 89
11:05:36 89: RemoteBayesFactor.BayesFactorRemote(bayes_threshold=100, bf_data_folder='/panfs/panasas01/phys/bf16951/QMD/ParallelDevelopment/Results/Oct_01/12_46/BayesFactorsTimeRecords/', branchID=None, host_name='node35-011', interbranch=True, log_file='/panfs/panasas01/phys/bf16951/QMD/ParallelDevelopment/Results/Oct_01/12_46/logs/NV-exp-method-sim__random--probe__QMLA_89.qmd.8794802.log', model_a_id=5, model_b_id=6, num_times_to_use=750, port_number=6389, qid=89, times_record='/panfs/panasas01/phys/bf16951/QMD/ParallelDevelopment/Results/Oct_01/12_46/BayesFactorsTimeRecords/BayesFactorsPairsTimes_089.txt', trueModel='xTiPPyTiPPzTiPPzTz') (f1441b68-224a-43f3-925f-159bcc35acd5)
11:05:36 
11:05:36 *** Listening on 89...
11:05:36 89: RemoteBayesFactor.BayesFactorRemote(bayes_threshold=100, bf_data_folder='/panfs/panasas01/phys/bf16951/QMD/ParallelDevelopment/Results/Oct_01/12_46/BayesFactorsTimeRecords/', branchID=None, host_name='node35-011', interbranch=True, log_file='/panfs/panasas01/phys/bf16951/QMD/ParallelDevelopment/Results/Oct_01/12_46/logs/NV-exp-method-sim__random--probe__QMLA_89.qmd.8794802.log', model_a_id=6, model_b_id=9, num_times_to_use=750, port_number=6389, qid=89, times_record='/panfs/panasas01/phys/bf16951/QMD/ParallelDevelopment/Results/Oct_01/12_46/BayesFactorsTimeRecords/BayesFactorsPairsTimes_089.txt', trueModel='xTiPPyTiPPzTiPPzTz') (f0a792c9-fe33-40e6-9a0b-76b69c0869c7)
11:05:36 89: RemoteBayesFactor.BayesFactorRemote(bayes_threshold=100, bf_data_folder='/panfs/panasas01/phys/bf16951/QMD/ParallelDevelopment/Results/Oct_01/12_46/BayesFactorsTimeRecords/', branchID=None, host_name='node35-011', interbranch=True, log_file='/panfs/panasas01/phys/bf16951/QMD/ParallelDevelopment/Results/Oct_01/12_46/logs/NV-exp-method-sim__random--probe__QMLA_89.qmd.8794802.log', model_a_id=9, model_b_id=11, num_times_to_use=750, port_number=6389, qid=89, times_record='/panfs/panasas01/phys/bf16951/QMD/ParallelDevelopment/Results/Oct_01/12_46/BayesFactorsTimeRecords/BayesFactorsPairsTimes_089.txt', trueModel='xTiPPyTiPPzTiPPzTz') (1e8146dc-7d60-45a4-8408-983572b69d24)
11:05:36 89: RemoteBayesFactor.BayesFactorRemote(bayes_threshold=100, bf_data_folder='/panfs/panasas01/phys/bf16951/QMD/ParallelDevelopment/Results/Oct_01/12_46/BayesFactorsTimeRecords/', branchID=None, host_name='node35-011', interbranch=True, log_file='/panfs/panasas01/phys/bf16951/QMD/ParallelDevelopment/Results/Oct_01/12_46/logs/NV-exp-method-sim__random--probe__QMLA_89.qmd.8794802.log', model_a_id=11, model_b_id=14, num_times_to_use=750, port_number=6389, qid=89, times_record='/panfs/panasas01/phys/bf16951/QMD/ParallelDevelopment/Results/Oct_01/12_46/BayesFactorsTimeRecords/BayesFactorsPairsTimes_089.txt', trueModel='xTiPPyTiPPzTiPPzTz') (b6605422-f1b6-4874-96cb-72a0807077f4)
11:56:32 89: Job OK (b6605422-f1b6-4874-96cb-72a0807077f4)
11:56:32 Result will never expire, clean up result key manually
11:56:32 
11:56:32 *** Listening on 89...
11:56:32 89: RemoteBayesFactor.BayesFactorRemote(bayes_threshold=100, bf_data_folder='/panfs/panasas01/phys/bf16951/QMD/ParallelDevelopment/Results/Oct_01/12_46/BayesFactorsTimeRecords/', branchID=None, host_name='node35-011', interbranch=True, log_file='/panfs/panasas01/phys/bf16951/QMD/ParallelDevelopment/Results/Oct_01/12_46/logs/NV-exp-method-sim__random--probe__QMLA_89.qmd.8794802.log', model_a_id=14, model_b_id=16, num_times_to_use=750, port_number=6389, qid=89, times_record='/panfs/panasas01/phys/bf16951/QMD/ParallelDevelopment/Results/Oct_01/12_46/BayesFactorsTimeRecords/BayesFactorsPairsTimes_089.txt', trueModel='xTiPPyTiPPzTiPPzTz') (976d562d-1d9c-409b-8f55-19d56390bf84)
11:57:24 89: Job OK (67c1e65f-a67a-44ae-8612-421429985ea1)
11:57:24 Result will never expire, clean up result key manually
11:57:24 Cleaning registries for queue: 89
11:57:24 
11:57:24 *** Listening on 89...
11:57:24 89: RemoteBayesFactor.BayesFactorRemote(bayes_threshold=100, bf_data_folder='/panfs/panasas01/phys/bf16951/QMD/ParallelDevelopment/Results/Oct_01/12_46/BayesFactorsTimeRecords/', branchID=None, host_name='node35-011', interbranch=True, log_file='/panfs/panasas01/phys/bf16951/QMD/ParallelDevelopment/Results/Oct_01/12_46/logs/NV-exp-method-sim__random--probe__QMLA_89.qmd.8794802.log', model_a_id=16, model_b_id=17, num_times_to_use=750, port_number=6389, qid=89, times_record='/panfs/panasas01/phys/bf16951/QMD/ParallelDevelopment/Results/Oct_01/12_46/BayesFactorsTimeRecords/BayesFactorsPairsTimes_089.txt', trueModel='xTiPPyTiPPzTiPPzTz') (4d0a5e53-343d-4db4-9fb9-e0647b80c79e)
11:57:28 89: Job OK (1e8146dc-7d60-45a4-8408-983572b69d24)
11:57:28 Result will never expire, clean up result key manually
11:57:28 Cleaning registries for queue: 89
11:57:28 
11:57:28 *** Listening on 89...
11:58:22 89: Job OK (f0a792c9-fe33-40e6-9a0b-76b69c0869c7)
11:58:22 Result will never expire, clean up result key manually
11:58:22 Cleaning registries for queue: 89
11:58:22 
11:58:22 *** Listening on 89...
11:59:07 89: Job OK (f1441b68-224a-43f3-925f-159bcc35acd5)
11:59:07 Result will never expire, clean up result key manually
11:59:07 Cleaning registries for queue: 89
11:59:07 
11:59:07 *** Listening on 89...
11:59:43 89: Job OK (19d3458e-7de2-436d-8048-9ca35def1093)
11:59:43 Result will never expire, clean up result key manually
11:59:43 Cleaning registries for queue: 89
11:59:43 
11:59:43 *** Listening on 89...
12:46:57 89: Job OK (976d562d-1d9c-409b-8f55-19d56390bf84)
12:46:57 Result will never expire, clean up result key manually
12:46:57 Cleaning registries for queue: 89
12:46:57 
12:46:57 *** Listening on 89...
12:46:59 89: Job OK (4d0a5e53-343d-4db4-9fb9-e0647b80c79e)
12:46:59 Result will never expire, clean up result key manually
12:46:59 
12:46:59 *** Listening on 89...
Error 111 connecting to node35-011:6389. Connection refused.
Error 111 connecting to node35-011:6389. Connection refused.
Error 111 connecting to node35-011:6389. Connection refused.
Error 111 connecting to node35-011:6389. Connection refused.
Error 111 connecting to node35-011:6389. Connection refused.
Error 111 connecting to node35-011:6389. Connection refused.
