15:59:55 RQ worker 'rq:worker:node34-034.111257' started, version 0.8.1
15:59:55 RQ worker 'rq:worker:node34-034.111258' started, version 0.8.1
15:59:55 RQ worker 'rq:worker:node34-034.111259' started, version 0.8.1
15:59:55 RQ worker 'rq:worker:node34-034.111260' started, version 0.8.1
15:59:55 RQ worker 'rq:worker:node34-034.111261' started, version 0.8.1
15:59:55 Cleaning registries for queue: 4
15:59:55 Cleaning registries for queue: 4
15:59:55 Cleaning registries for queue: 4
15:59:55 Cleaning registries for queue: 4
15:59:55 Cleaning registries for queue: 4
15:59:55 
15:59:55 
15:59:55 
15:59:55 *** Listening on 4...
15:59:55 *** Listening on 4...
15:59:55 *** Listening on 4...
15:59:55 RQ worker 'rq:worker:node34-034.111256' started, version 0.8.1
15:59:55 
15:59:55 *** Listening on 4...
15:59:55 
15:59:55 Cleaning registries for queue: 4
15:59:55 *** Listening on 4...
15:59:55 
15:59:55 *** Listening on 4...
16:00:11 4: RemoteModelLearning.learnModelRemote('yTi', 1.0, branchID=0, growth_generator='two_qubit_ising_rotation_hyperfine_transverse', host_name='node34-034', log_file='/panfs/panasas01/phys/bf16951/QMD/ParallelDevelopment/Results/Aug_21/15_59/logs/experimental_run_for_single_instance_tree_4.qmd.8644310.log', port_number=6304, qid=4, remote=True) (dc22ff3e-9a78-4ca6-89f2-7ffc6e0b8a4a)
16:00:11 4: RemoteModelLearning.learnModelRemote('xTi', 0.0, branchID=0, growth_generator='two_qubit_ising_rotation_hyperfine_transverse', host_name='node34-034', log_file='/panfs/panasas01/phys/bf16951/QMD/ParallelDevelopment/Results/Aug_21/15_59/logs/experimental_run_for_single_instance_tree_4.qmd.8644310.log', port_number=6304, qid=4, remote=True) (3697b037-5f8b-423e-b9fa-e63489a448da)
16:00:11 4: RemoteModelLearning.learnModelRemote('zTi', 2.0, branchID=0, growth_generator='two_qubit_ising_rotation_hyperfine_transverse', host_name='node34-034', log_file='/panfs/panasas01/phys/bf16951/QMD/ParallelDevelopment/Results/Aug_21/15_59/logs/experimental_run_for_single_instance_tree_4.qmd.8644310.log', port_number=6304, qid=4, remote=True) (cef1ad35-06f1-4bdc-8725-bfb238d0837a)
16:24:58 4: Job OK (3697b037-5f8b-423e-b9fa-e63489a448da)
16:24:58 Result will never expire, clean up result key manually
16:24:58 
16:24:58 *** Listening on 4...
16:25:38 4: Job OK (dc22ff3e-9a78-4ca6-89f2-7ffc6e0b8a4a)
16:25:38 Result will never expire, clean up result key manually
16:25:38 
16:25:38 *** Listening on 4...
16:32:48 4: Job OK (cef1ad35-06f1-4bdc-8725-bfb238d0837a)
16:32:48 Result will never expire, clean up result key manually
16:32:48 
16:32:48 *** Listening on 4...
16:32:48 4: RemoteBayesFactor.BayesFactorRemote(bayes_threshold=100, bf_data_folder='/panfs/panasas01/phys/bf16951/QMD/ParallelDevelopment/Results/Aug_21/15_59/BayesFactorsTimeRecords/', branchID=0, host_name='node34-034', interbranch=False, log_file='/panfs/panasas01/phys/bf16951/QMD/ParallelDevelopment/Results/Aug_21/15_59/logs/experimental_run_for_single_instance_tree_4.qmd.8644310.log', model_a_id=0, model_b_id=1, num_times_to_use=750, port_number=6304, qid=4, times_record='/panfs/panasas01/phys/bf16951/QMD/ParallelDevelopment/Results/Aug_21/15_59/BayesFactorsTimeRecords/BayesFactorsPairsTimes_004.txt', trueModel='xTiPPxTxPPyTiPPyTyPPzTiPPzTz') (0288ee41-60f2-4e36-9f96-6f6c7e201590)
16:32:48 4: RemoteBayesFactor.BayesFactorRemote(bayes_threshold=100, bf_data_folder='/panfs/panasas01/phys/bf16951/QMD/ParallelDevelopment/Results/Aug_21/15_59/BayesFactorsTimeRecords/', branchID=0, host_name='node34-034', interbranch=False, log_file='/panfs/panasas01/phys/bf16951/QMD/ParallelDevelopment/Results/Aug_21/15_59/logs/experimental_run_for_single_instance_tree_4.qmd.8644310.log', model_a_id=0, model_b_id=2, num_times_to_use=750, port_number=6304, qid=4, times_record='/panfs/panasas01/phys/bf16951/QMD/ParallelDevelopment/Results/Aug_21/15_59/BayesFactorsTimeRecords/BayesFactorsPairsTimes_004.txt', trueModel='xTiPPxTxPPyTiPPyTyPPzTiPPzTz') (810c555e-d493-4dd4-9fc8-baf0c94cc04c)
16:32:48 4: RemoteBayesFactor.BayesFactorRemote(bayes_threshold=100, bf_data_folder='/panfs/panasas01/phys/bf16951/QMD/ParallelDevelopment/Results/Aug_21/15_59/BayesFactorsTimeRecords/', branchID=0, host_name='node34-034', interbranch=False, log_file='/panfs/panasas01/phys/bf16951/QMD/ParallelDevelopment/Results/Aug_21/15_59/logs/experimental_run_for_single_instance_tree_4.qmd.8644310.log', model_a_id=1, model_b_id=2, num_times_to_use=750, port_number=6304, qid=4, times_record='/panfs/panasas01/phys/bf16951/QMD/ParallelDevelopment/Results/Aug_21/15_59/BayesFactorsTimeRecords/BayesFactorsPairsTimes_004.txt', trueModel='xTiPPxTxPPyTiPPyTyPPzTiPPzTz') (55296f9b-1abb-4628-8478-f3610fb4166a)
17:22:29 4: Job OK (0288ee41-60f2-4e36-9f96-6f6c7e201590)
17:22:29 Result will never expire, clean up result key manually
17:22:29 Cleaning registries for queue: 4
17:22:29 
17:22:29 *** Listening on 4...
17:29:28 4: Job OK (810c555e-d493-4dd4-9fc8-baf0c94cc04c)
17:29:28 Result will never expire, clean up result key manually
17:29:28 Cleaning registries for queue: 4
17:29:28 
17:29:28 *** Listening on 4...
17:30:20 4: Job OK (55296f9b-1abb-4628-8478-f3610fb4166a)
17:30:20 Result will never expire, clean up result key manually
17:30:20 Cleaning registries for queue: 4
17:30:20 
17:30:20 *** Listening on 4...
17:30:20 4: RemoteModelLearning.learnModelRemote('yTiPPzTi', 3.0, branchID=1, growth_generator='two_qubit_ising_rotation_hyperfine_transverse', host_name='node34-034', log_file='/panfs/panasas01/phys/bf16951/QMD/ParallelDevelopment/Results/Aug_21/15_59/logs/experimental_run_for_single_instance_tree_4.qmd.8644310.log', port_number=6304, qid=4, remote=True) (cd9ea8f3-1d87-4f6f-8b7a-81eae52b0141)
17:30:20 4: RemoteModelLearning.learnModelRemote('xTiPPzTi', 4.0, branchID=1, growth_generator='two_qubit_ising_rotation_hyperfine_transverse', host_name='node34-034', log_file='/panfs/panasas01/phys/bf16951/QMD/ParallelDevelopment/Results/Aug_21/15_59/logs/experimental_run_for_single_instance_tree_4.qmd.8644310.log', port_number=6304, qid=4, remote=True) (b3277ff8-f776-4116-96c9-9c03b60383ab)
17:55:13 4: Job OK (cd9ea8f3-1d87-4f6f-8b7a-81eae52b0141)
17:55:13 Result will never expire, clean up result key manually
17:55:13 Cleaning registries for queue: 4
17:55:13 
17:55:13 *** Listening on 4...
17:55:43 4: Job OK (b3277ff8-f776-4116-96c9-9c03b60383ab)
17:55:43 Result will never expire, clean up result key manually
17:55:43 Cleaning registries for queue: 4
17:55:43 
17:55:43 *** Listening on 4...
17:55:43 4: RemoteBayesFactor.BayesFactorRemote(bayes_threshold=100, bf_data_folder='/panfs/panasas01/phys/bf16951/QMD/ParallelDevelopment/Results/Aug_21/15_59/BayesFactorsTimeRecords/', branchID=1, host_name='node34-034', interbranch=False, log_file='/panfs/panasas01/phys/bf16951/QMD/ParallelDevelopment/Results/Aug_21/15_59/logs/experimental_run_for_single_instance_tree_4.qmd.8644310.log', model_a_id=3.0, model_b_id=4.0, num_times_to_use=750, port_number=6304, qid=4, times_record='/panfs/panasas01/phys/bf16951/QMD/ParallelDevelopment/Results/Aug_21/15_59/BayesFactorsTimeRecords/BayesFactorsPairsTimes_004.txt', trueModel='xTiPPxTxPPyTiPPyTyPPzTiPPzTz') (970bad48-05c6-4829-9efc-b168809b91b7)
18:45:01 4: Job OK (970bad48-05c6-4829-9efc-b168809b91b7)
18:45:01 Result will never expire, clean up result key manually
18:45:01 Cleaning registries for queue: 4
18:45:01 
18:45:01 *** Listening on 4...
18:45:01 4: RemoteModelLearning.learnModelRemote('xTiPPyTiPPzTi', 5.0, branchID=2, growth_generator='two_qubit_ising_rotation_hyperfine_transverse', host_name='node34-034', log_file='/panfs/panasas01/phys/bf16951/QMD/ParallelDevelopment/Results/Aug_21/15_59/logs/experimental_run_for_single_instance_tree_4.qmd.8644310.log', port_number=6304, qid=4, remote=True) (8fbc8793-fb62-486c-a067-bc3f702e7227)
19:09:54 4: Job OK (8fbc8793-fb62-486c-a067-bc3f702e7227)
19:09:54 Result will never expire, clean up result key manually
19:09:54 Cleaning registries for queue: 4
19:09:54 
19:09:54 *** Listening on 4...
19:09:54 4: RemoteModelLearning.learnModelRemote('xTiPPyTiPPyTyPPzTi', 6.0, branchID=3, growth_generator='two_qubit_ising_rotation_hyperfine_transverse', host_name='node34-034', log_file='/panfs/panasas01/phys/bf16951/QMD/ParallelDevelopment/Results/Aug_21/15_59/logs/experimental_run_for_single_instance_tree_4.qmd.8644310.log', port_number=6304, qid=4, remote=True) (3e75e707-b0ec-470a-ab8b-dbf7a7257c86)
19:09:54 4: RemoteModelLearning.learnModelRemote('xTiPPyTiPPzTiPPzTz', 8.0, branchID=3, growth_generator='two_qubit_ising_rotation_hyperfine_transverse', host_name='node34-034', log_file='/panfs/panasas01/phys/bf16951/QMD/ParallelDevelopment/Results/Aug_21/15_59/logs/experimental_run_for_single_instance_tree_4.qmd.8644310.log', port_number=6304, qid=4, remote=True) (ab2b9193-ee82-4b76-a385-808d31f0fce8)
19:09:54 4: RemoteModelLearning.learnModelRemote('xTiPPxTxPPyTiPPzTi', 7.0, branchID=3, growth_generator='two_qubit_ising_rotation_hyperfine_transverse', host_name='node34-034', log_file='/panfs/panasas01/phys/bf16951/QMD/ParallelDevelopment/Results/Aug_21/15_59/logs/experimental_run_for_single_instance_tree_4.qmd.8644310.log', port_number=6304, qid=4, remote=True) (e97c0f2c-c3c0-4c50-be06-cd7bf22f2826)
19:34:28 4: Job OK (e97c0f2c-c3c0-4c50-be06-cd7bf22f2826)
19:34:28 Result will never expire, clean up result key manually
19:34:28 Cleaning registries for queue: 4
19:34:28 
19:34:28 *** Listening on 4...
19:35:05 4: Job OK (ab2b9193-ee82-4b76-a385-808d31f0fce8)
19:35:05 Result will never expire, clean up result key manually
19:35:05 Cleaning registries for queue: 4
19:35:05 
19:35:05 *** Listening on 4...
19:35:12 4: Job OK (3e75e707-b0ec-470a-ab8b-dbf7a7257c86)
19:35:12 Result will never expire, clean up result key manually
19:35:12 Cleaning registries for queue: 4
19:35:12 
19:35:12 *** Listening on 4...
19:35:12 4: RemoteBayesFactor.BayesFactorRemote(bayes_threshold=100, bf_data_folder='/panfs/panasas01/phys/bf16951/QMD/ParallelDevelopment/Results/Aug_21/15_59/BayesFactorsTimeRecords/', branchID=3, host_name='node34-034', interbranch=False, log_file='/panfs/panasas01/phys/bf16951/QMD/ParallelDevelopment/Results/Aug_21/15_59/logs/experimental_run_for_single_instance_tree_4.qmd.8644310.log', model_a_id=6.0, model_b_id=7.0, num_times_to_use=750, port_number=6304, qid=4, times_record='/panfs/panasas01/phys/bf16951/QMD/ParallelDevelopment/Results/Aug_21/15_59/BayesFactorsTimeRecords/BayesFactorsPairsTimes_004.txt', trueModel='xTiPPxTxPPyTiPPyTyPPzTiPPzTz') (48919bb0-a4ec-4346-bcd8-0f8d36f67539)
19:35:12 4: RemoteBayesFactor.BayesFactorRemote(bayes_threshold=100, bf_data_folder='/panfs/panasas01/phys/bf16951/QMD/ParallelDevelopment/Results/Aug_21/15_59/BayesFactorsTimeRecords/', branchID=3, host_name='node34-034', interbranch=False, log_file='/panfs/panasas01/phys/bf16951/QMD/ParallelDevelopment/Results/Aug_21/15_59/logs/experimental_run_for_single_instance_tree_4.qmd.8644310.log', model_a_id=6.0, model_b_id=8.0, num_times_to_use=750, port_number=6304, qid=4, times_record='/panfs/panasas01/phys/bf16951/QMD/ParallelDevelopment/Results/Aug_21/15_59/BayesFactorsTimeRecords/BayesFactorsPairsTimes_004.txt', trueModel='xTiPPxTxPPyTiPPyTyPPzTiPPzTz') (4b278543-97fc-41f8-a9a6-4bd1546b64d9)
19:35:12 4: RemoteBayesFactor.BayesFactorRemote(bayes_threshold=100, bf_data_folder='/panfs/panasas01/phys/bf16951/QMD/ParallelDevelopment/Results/Aug_21/15_59/BayesFactorsTimeRecords/', branchID=3, host_name='node34-034', interbranch=False, log_file='/panfs/panasas01/phys/bf16951/QMD/ParallelDevelopment/Results/Aug_21/15_59/logs/experimental_run_for_single_instance_tree_4.qmd.8644310.log', model_a_id=7.0, model_b_id=8.0, num_times_to_use=750, port_number=6304, qid=4, times_record='/panfs/panasas01/phys/bf16951/QMD/ParallelDevelopment/Results/Aug_21/15_59/BayesFactorsTimeRecords/BayesFactorsPairsTimes_004.txt', trueModel='xTiPPxTxPPyTiPPyTyPPzTiPPzTz') (d5f7a3ab-7595-4791-9dc0-5bd88cf5530d)
20:23:53 4: Job OK (48919bb0-a4ec-4346-bcd8-0f8d36f67539)
20:23:53 Result will never expire, clean up result key manually
20:23:53 Cleaning registries for queue: 4
20:23:53 
20:23:53 *** Listening on 4...
20:23:58 4: Job OK (d5f7a3ab-7595-4791-9dc0-5bd88cf5530d)
20:23:58 Result will never expire, clean up result key manually
20:23:58 Cleaning registries for queue: 4
20:23:58 
20:23:58 *** Listening on 4...
20:24:33 4: Job OK (4b278543-97fc-41f8-a9a6-4bd1546b64d9)
20:24:33 Result will never expire, clean up result key manually
20:24:33 Cleaning registries for queue: 4
20:24:33 
20:24:33 *** Listening on 4...
20:24:34 4: RemoteModelLearning.learnModelRemote('xTiPPyTiPPyTyPPzTiPPzTz', 9.0, branchID=4, growth_generator='two_qubit_ising_rotation_hyperfine_transverse', host_name='node34-034', log_file='/panfs/panasas01/phys/bf16951/QMD/ParallelDevelopment/Results/Aug_21/15_59/logs/experimental_run_for_single_instance_tree_4.qmd.8644310.log', port_number=6304, qid=4, remote=True) (43d2f2c3-67ea-4774-a064-5289e67e77cb)
20:24:34 4: RemoteModelLearning.learnModelRemote('xTiPPxTxPPyTiPPzTiPPzTz', 10.0, branchID=4, growth_generator='two_qubit_ising_rotation_hyperfine_transverse', host_name='node34-034', log_file='/panfs/panasas01/phys/bf16951/QMD/ParallelDevelopment/Results/Aug_21/15_59/logs/experimental_run_for_single_instance_tree_4.qmd.8644310.log', port_number=6304, qid=4, remote=True) (f5c19da7-4409-4189-9eaf-b9b4eef05599)
20:48:53 4: Job OK (43d2f2c3-67ea-4774-a064-5289e67e77cb)
20:48:53 Result will never expire, clean up result key manually
20:48:53 Cleaning registries for queue: 4
20:48:53 
20:48:53 *** Listening on 4...
20:49:46 4: Job OK (f5c19da7-4409-4189-9eaf-b9b4eef05599)
20:49:46 Result will never expire, clean up result key manually
20:49:46 Cleaning registries for queue: 4
20:49:46 
20:49:46 *** Listening on 4...
20:49:46 4: RemoteBayesFactor.BayesFactorRemote(bayes_threshold=100, bf_data_folder='/panfs/panasas01/phys/bf16951/QMD/ParallelDevelopment/Results/Aug_21/15_59/BayesFactorsTimeRecords/', branchID=4, host_name='node34-034', interbranch=False, log_file='/panfs/panasas01/phys/bf16951/QMD/ParallelDevelopment/Results/Aug_21/15_59/logs/experimental_run_for_single_instance_tree_4.qmd.8644310.log', model_a_id=9.0, model_b_id=10.0, num_times_to_use=750, port_number=6304, qid=4, times_record='/panfs/panasas01/phys/bf16951/QMD/ParallelDevelopment/Results/Aug_21/15_59/BayesFactorsTimeRecords/BayesFactorsPairsTimes_004.txt', trueModel='xTiPPxTxPPyTiPPyTyPPzTiPPzTz') (1d3cdcec-0fc6-4022-88b4-1f5b7f7d467a)
21:37:41 4: Job OK (1d3cdcec-0fc6-4022-88b4-1f5b7f7d467a)
21:37:41 Result will never expire, clean up result key manually
21:37:41 Cleaning registries for queue: 4
21:37:41 
21:37:41 *** Listening on 4...
21:37:41 4: RemoteModelLearning.learnModelRemote('xTiPPxTxPPyTiPPyTyPPzTiPPzTz', 11.0, branchID=5, growth_generator='two_qubit_ising_rotation_hyperfine_transverse', host_name='node34-034', log_file='/panfs/panasas01/phys/bf16951/QMD/ParallelDevelopment/Results/Aug_21/15_59/logs/experimental_run_for_single_instance_tree_4.qmd.8644310.log', port_number=6304, qid=4, remote=True) (51545094-b0cf-4fef-a9d1-d44dcf8a71a2)
22:03:01 4: Job OK (51545094-b0cf-4fef-a9d1-d44dcf8a71a2)
22:03:01 Result will never expire, clean up result key manually
22:03:01 Cleaning registries for queue: 4
22:03:01 
22:03:01 *** Listening on 4...
22:03:01 4: RemoteModelLearning.learnModelRemote('xTiPPxTxPPxTyPPyTiPPyTyPPzTiPPzTz', 13.0, branchID=6, growth_generator='two_qubit_ising_rotation_hyperfine_transverse', host_name='node34-034', log_file='/panfs/panasas01/phys/bf16951/QMD/ParallelDevelopment/Results/Aug_21/15_59/logs/experimental_run_for_single_instance_tree_4.qmd.8644310.log', port_number=6304, qid=4, remote=True) (fe192421-ca8a-490c-9043-849869d47b7d)
22:03:01 4: RemoteModelLearning.learnModelRemote('xTiPPxTxPPxTzPPyTiPPyTyPPzTiPPzTz', 12.0, branchID=6, growth_generator='two_qubit_ising_rotation_hyperfine_transverse', host_name='node34-034', log_file='/panfs/panasas01/phys/bf16951/QMD/ParallelDevelopment/Results/Aug_21/15_59/logs/experimental_run_for_single_instance_tree_4.qmd.8644310.log', port_number=6304, qid=4, remote=True) (a283f43e-5ba4-4790-9a02-a5ed8af83925)
22:03:01 4: RemoteModelLearning.learnModelRemote('xTiPPxTxPPyTiPPyTyPPyTzPPzTiPPzTz', 14.0, branchID=6, growth_generator='two_qubit_ising_rotation_hyperfine_transverse', host_name='node34-034', log_file='/panfs/panasas01/phys/bf16951/QMD/ParallelDevelopment/Results/Aug_21/15_59/logs/experimental_run_for_single_instance_tree_4.qmd.8644310.log', port_number=6304, qid=4, remote=True) (faaba335-3e12-492c-88e8-cd326bbf0083)
22:27:30 4: Job OK (fe192421-ca8a-490c-9043-849869d47b7d)
22:27:30 Result will never expire, clean up result key manually
22:27:31 Cleaning registries for queue: 4
22:27:31 
22:27:31 *** Listening on 4...
22:27:45 4: Job OK (faaba335-3e12-492c-88e8-cd326bbf0083)
22:27:45 Result will never expire, clean up result key manually
22:27:45 Cleaning registries for queue: 4
22:27:45 
22:27:45 *** Listening on 4...
22:28:02 4: Job OK (a283f43e-5ba4-4790-9a02-a5ed8af83925)
22:28:02 Result will never expire, clean up result key manually
22:28:02 Cleaning registries for queue: 4
22:28:02 
22:28:02 *** Listening on 4...
22:28:03 4: RemoteBayesFactor.BayesFactorRemote(bayes_threshold=100, bf_data_folder='/panfs/panasas01/phys/bf16951/QMD/ParallelDevelopment/Results/Aug_21/15_59/BayesFactorsTimeRecords/', branchID=6, host_name='node34-034', interbranch=False, log_file='/panfs/panasas01/phys/bf16951/QMD/ParallelDevelopment/Results/Aug_21/15_59/logs/experimental_run_for_single_instance_tree_4.qmd.8644310.log', model_a_id=12.0, model_b_id=13.0, num_times_to_use=750, port_number=6304, qid=4, times_record='/panfs/panasas01/phys/bf16951/QMD/ParallelDevelopment/Results/Aug_21/15_59/BayesFactorsTimeRecords/BayesFactorsPairsTimes_004.txt', trueModel='xTiPPxTxPPyTiPPyTyPPzTiPPzTz') (3fdfcea5-7073-4163-bc2e-01224b218e27)
22:28:03 4: RemoteBayesFactor.BayesFactorRemote(bayes_threshold=100, bf_data_folder='/panfs/panasas01/phys/bf16951/QMD/ParallelDevelopment/Results/Aug_21/15_59/BayesFactorsTimeRecords/', branchID=6, host_name='node34-034', interbranch=False, log_file='/panfs/panasas01/phys/bf16951/QMD/ParallelDevelopment/Results/Aug_21/15_59/logs/experimental_run_for_single_instance_tree_4.qmd.8644310.log', model_a_id=12.0, model_b_id=14.0, num_times_to_use=750, port_number=6304, qid=4, times_record='/panfs/panasas01/phys/bf16951/QMD/ParallelDevelopment/Results/Aug_21/15_59/BayesFactorsTimeRecords/BayesFactorsPairsTimes_004.txt', trueModel='xTiPPxTxPPyTiPPyTyPPzTiPPzTz') (3e783e7f-70ff-4b5f-95c4-86c7f918c77b)
22:28:03 4: RemoteBayesFactor.BayesFactorRemote(bayes_threshold=100, bf_data_folder='/panfs/panasas01/phys/bf16951/QMD/ParallelDevelopment/Results/Aug_21/15_59/BayesFactorsTimeRecords/', branchID=6, host_name='node34-034', interbranch=False, log_file='/panfs/panasas01/phys/bf16951/QMD/ParallelDevelopment/Results/Aug_21/15_59/logs/experimental_run_for_single_instance_tree_4.qmd.8644310.log', model_a_id=13.0, model_b_id=14.0, num_times_to_use=750, port_number=6304, qid=4, times_record='/panfs/panasas01/phys/bf16951/QMD/ParallelDevelopment/Results/Aug_21/15_59/BayesFactorsTimeRecords/BayesFactorsPairsTimes_004.txt', trueModel='xTiPPxTxPPyTiPPyTyPPzTiPPzTz') (9097e32a-34dc-4e67-a245-934544cba256)
23:16:00 4: Job OK (3fdfcea5-7073-4163-bc2e-01224b218e27)
23:16:00 Result will never expire, clean up result key manually
23:16:00 Cleaning registries for queue: 4
23:16:00 
23:16:00 *** Listening on 4...
23:16:44 4: Job OK (9097e32a-34dc-4e67-a245-934544cba256)
23:16:44 Result will never expire, clean up result key manually
23:16:45 Cleaning registries for queue: 4
23:16:45 
23:16:45 *** Listening on 4...
23:16:59 4: Job OK (3e783e7f-70ff-4b5f-95c4-86c7f918c77b)
23:16:59 Result will never expire, clean up result key manually
23:16:59 4: RemoteBayesFactor.BayesFactorRemote(bayes_threshold=1, bf_data_folder='/panfs/panasas01/phys/bf16951/QMD/ParallelDevelopment/Results/Aug_21/15_59/BayesFactorsTimeRecords/', branchID=None, host_name='node34-034', interbranch=True, log_file='/panfs/panasas01/phys/bf16951/QMD/ParallelDevelopment/Results/Aug_21/15_59/logs/experimental_run_for_single_instance_tree_4.qmd.8644310.log', model_a_id=12.0, model_b_id=13.0, num_times_to_use=750, port_number=6304, qid=4, times_record='/panfs/panasas01/phys/bf16951/QMD/ParallelDevelopment/Results/Aug_21/15_59/BayesFactorsTimeRecords/BayesFactorsPairsTimes_004.txt', trueModel='xTiPPxTxPPyTiPPyTyPPzTiPPzTz') (874101d0-243c-4567-af51-1bf930feb553)
23:16:59 Cleaning registries for queue: 4
23:16:59 
23:16:59 *** Listening on 4...
23:16:59 4: RemoteBayesFactor.BayesFactorRemote(bayes_threshold=1, bf_data_folder='/panfs/panasas01/phys/bf16951/QMD/ParallelDevelopment/Results/Aug_21/15_59/BayesFactorsTimeRecords/', branchID=None, host_name='node34-034', interbranch=True, log_file='/panfs/panasas01/phys/bf16951/QMD/ParallelDevelopment/Results/Aug_21/15_59/logs/experimental_run_for_single_instance_tree_4.qmd.8644310.log', model_a_id=13.0, model_b_id=14.0, num_times_to_use=750, port_number=6304, qid=4, times_record='/panfs/panasas01/phys/bf16951/QMD/ParallelDevelopment/Results/Aug_21/15_59/BayesFactorsTimeRecords/BayesFactorsPairsTimes_004.txt', trueModel='xTiPPxTxPPyTiPPyTyPPzTiPPzTz') (f491c39f-7457-49f6-ba73-203d3de96e64)
23:16:59 4: RemoteBayesFactor.BayesFactorRemote(bayes_threshold=1, bf_data_folder='/panfs/panasas01/phys/bf16951/QMD/ParallelDevelopment/Results/Aug_21/15_59/BayesFactorsTimeRecords/', branchID=None, host_name='node34-034', interbranch=True, log_file='/panfs/panasas01/phys/bf16951/QMD/ParallelDevelopment/Results/Aug_21/15_59/logs/experimental_run_for_single_instance_tree_4.qmd.8644310.log', model_a_id=12.0, model_b_id=14.0, num_times_to_use=750, port_number=6304, qid=4, times_record='/panfs/panasas01/phys/bf16951/QMD/ParallelDevelopment/Results/Aug_21/15_59/BayesFactorsTimeRecords/BayesFactorsPairsTimes_004.txt', trueModel='xTiPPxTxPPyTiPPyTyPPzTiPPzTz') (fe05dcab-d918-438b-8cbc-0a701e505c5f)
00:04:48 4: Job OK (fe05dcab-d918-438b-8cbc-0a701e505c5f)
00:04:48 Result will never expire, clean up result key manually
00:04:48 Cleaning registries for queue: 4
00:04:48 
00:04:48 *** Listening on 4...
00:05:07 4: Job OK (874101d0-243c-4567-af51-1bf930feb553)
00:05:07 Result will never expire, clean up result key manually
00:05:07 Cleaning registries for queue: 4
00:05:07 
00:05:07 *** Listening on 4...
00:05:15 4: Job OK (f491c39f-7457-49f6-ba73-203d3de96e64)
00:05:15 Result will never expire, clean up result key manually
00:05:15 
00:05:15 *** Listening on 4...
00:05:15 4: RemoteModelLearning.learnModelRemote('xTiPPxTxPPxTzPPyTiPPyTyPPyTzPPzTiPPzTz', 15.0, branchID=7, growth_generator='two_qubit_ising_rotation_hyperfine_transverse', host_name='node34-034', log_file='/panfs/panasas01/phys/bf16951/QMD/ParallelDevelopment/Results/Aug_21/15_59/logs/experimental_run_for_single_instance_tree_4.qmd.8644310.log', port_number=6304, qid=4, remote=True) (6fe46afe-27e2-49aa-a1d6-b2a04e5e9294)
00:05:15 4: RemoteModelLearning.learnModelRemote('xTiPPxTxPPxTyPPxTzPPyTiPPyTyPPzTiPPzTz', 16.0, branchID=7, growth_generator='two_qubit_ising_rotation_hyperfine_transverse', host_name='node34-034', log_file='/panfs/panasas01/phys/bf16951/QMD/ParallelDevelopment/Results/Aug_21/15_59/logs/experimental_run_for_single_instance_tree_4.qmd.8644310.log', port_number=6304, qid=4, remote=True) (d465d65a-3ce1-4ba9-9aeb-8ada07c7f13d)
00:29:49 4: Job OK (d465d65a-3ce1-4ba9-9aeb-8ada07c7f13d)
00:29:49 Result will never expire, clean up result key manually
00:29:49 Cleaning registries for queue: 4
00:29:49 
00:29:49 *** Listening on 4...
00:29:56 4: Job OK (6fe46afe-27e2-49aa-a1d6-b2a04e5e9294)
00:29:56 Result will never expire, clean up result key manually
00:29:56 Cleaning registries for queue: 4
00:29:56 
00:29:56 *** Listening on 4...
00:29:56 4: RemoteBayesFactor.BayesFactorRemote(bayes_threshold=100, bf_data_folder='/panfs/panasas01/phys/bf16951/QMD/ParallelDevelopment/Results/Aug_21/15_59/BayesFactorsTimeRecords/', branchID=7, host_name='node34-034', interbranch=False, log_file='/panfs/panasas01/phys/bf16951/QMD/ParallelDevelopment/Results/Aug_21/15_59/logs/experimental_run_for_single_instance_tree_4.qmd.8644310.log', model_a_id=15.0, model_b_id=16.0, num_times_to_use=750, port_number=6304, qid=4, times_record='/panfs/panasas01/phys/bf16951/QMD/ParallelDevelopment/Results/Aug_21/15_59/BayesFactorsTimeRecords/BayesFactorsPairsTimes_004.txt', trueModel='xTiPPxTxPPyTiPPyTyPPzTiPPzTz') (08a769b6-2797-45c5-a0c8-bc3279f7f4cc)
01:18:23 4: Job OK (08a769b6-2797-45c5-a0c8-bc3279f7f4cc)
01:18:23 Result will never expire, clean up result key manually
01:18:23 Cleaning registries for queue: 4
01:18:23 
01:18:23 *** Listening on 4...
01:18:24 4: RemoteModelLearning.learnModelRemote('xTiPPxTxPPxTyPPxTzPPyTiPPyTyPPyTzPPzTiPPzTz', 17.0, branchID=8, growth_generator='two_qubit_ising_rotation_hyperfine_transverse', host_name='node34-034', log_file='/panfs/panasas01/phys/bf16951/QMD/ParallelDevelopment/Results/Aug_21/15_59/logs/experimental_run_for_single_instance_tree_4.qmd.8644310.log', port_number=6304, qid=4, remote=True) (490e9812-8ed9-4cf3-8771-7a0457bf4a24)
01:42:42 4: Job OK (490e9812-8ed9-4cf3-8771-7a0457bf4a24)
01:42:42 Result will never expire, clean up result key manually
01:42:42 4: RemoteBayesFactor.BayesFactorRemote(bayes_threshold=100, bf_data_folder='/panfs/panasas01/phys/bf16951/QMD/ParallelDevelopment/Results/Aug_21/15_59/BayesFactorsTimeRecords/', branchID=None, host_name='node34-034', interbranch=True, log_file='/panfs/panasas01/phys/bf16951/QMD/ParallelDevelopment/Results/Aug_21/15_59/logs/experimental_run_for_single_instance_tree_4.qmd.8644310.log', model_a_id=2, model_b_id=3, num_times_to_use=750, port_number=6304, qid=4, times_record='/panfs/panasas01/phys/bf16951/QMD/ParallelDevelopment/Results/Aug_21/15_59/BayesFactorsTimeRecords/BayesFactorsPairsTimes_004.txt', trueModel='xTiPPxTxPPyTiPPyTyPPzTiPPzTz') (b676ac46-5963-4564-9ffd-4cded5765e78)
01:42:42 4: RemoteBayesFactor.BayesFactorRemote(bayes_threshold=100, bf_data_folder='/panfs/panasas01/phys/bf16951/QMD/ParallelDevelopment/Results/Aug_21/15_59/BayesFactorsTimeRecords/', branchID=None, host_name='node34-034', interbranch=True, log_file='/panfs/panasas01/phys/bf16951/QMD/ParallelDevelopment/Results/Aug_21/15_59/logs/experimental_run_for_single_instance_tree_4.qmd.8644310.log', model_a_id=3, model_b_id=5, num_times_to_use=750, port_number=6304, qid=4, times_record='/panfs/panasas01/phys/bf16951/QMD/ParallelDevelopment/Results/Aug_21/15_59/BayesFactorsTimeRecords/BayesFactorsPairsTimes_004.txt', trueModel='xTiPPxTxPPyTiPPyTyPPzTiPPzTz') (ba63c07f-e773-45f5-a1d8-06cec7208805)
01:42:42 Cleaning registries for queue: 4
01:42:42 4: RemoteBayesFactor.BayesFactorRemote(bayes_threshold=100, bf_data_folder='/panfs/panasas01/phys/bf16951/QMD/ParallelDevelopment/Results/Aug_21/15_59/BayesFactorsTimeRecords/', branchID=None, host_name='node34-034', interbranch=True, log_file='/panfs/panasas01/phys/bf16951/QMD/ParallelDevelopment/Results/Aug_21/15_59/logs/experimental_run_for_single_instance_tree_4.qmd.8644310.log', model_a_id=5, model_b_id=8, num_times_to_use=750, port_number=6304, qid=4, times_record='/panfs/panasas01/phys/bf16951/QMD/ParallelDevelopment/Results/Aug_21/15_59/BayesFactorsTimeRecords/BayesFactorsPairsTimes_004.txt', trueModel='xTiPPxTxPPyTiPPyTyPPzTiPPzTz') (c0f49e4c-2f1e-4f44-889d-0820298a283a)
01:42:42 
01:42:42 *** Listening on 4...
01:42:42 4: RemoteBayesFactor.BayesFactorRemote(bayes_threshold=100, bf_data_folder='/panfs/panasas01/phys/bf16951/QMD/ParallelDevelopment/Results/Aug_21/15_59/BayesFactorsTimeRecords/', branchID=None, host_name='node34-034', interbranch=True, log_file='/panfs/panasas01/phys/bf16951/QMD/ParallelDevelopment/Results/Aug_21/15_59/logs/experimental_run_for_single_instance_tree_4.qmd.8644310.log', model_a_id=10, model_b_id=11, num_times_to_use=750, port_number=6304, qid=4, times_record='/panfs/panasas01/phys/bf16951/QMD/ParallelDevelopment/Results/Aug_21/15_59/BayesFactorsTimeRecords/BayesFactorsPairsTimes_004.txt', trueModel='xTiPPxTxPPyTiPPyTyPPzTiPPzTz') (65b11fb7-d77d-4502-96b6-83673a7fac29)
01:42:42 4: RemoteBayesFactor.BayesFactorRemote(bayes_threshold=100, bf_data_folder='/panfs/panasas01/phys/bf16951/QMD/ParallelDevelopment/Results/Aug_21/15_59/BayesFactorsTimeRecords/', branchID=None, host_name='node34-034', interbranch=True, log_file='/panfs/panasas01/phys/bf16951/QMD/ParallelDevelopment/Results/Aug_21/15_59/logs/experimental_run_for_single_instance_tree_4.qmd.8644310.log', model_a_id=11, model_b_id=13, num_times_to_use=750, port_number=6304, qid=4, times_record='/panfs/panasas01/phys/bf16951/QMD/ParallelDevelopment/Results/Aug_21/15_59/BayesFactorsTimeRecords/BayesFactorsPairsTimes_004.txt', trueModel='xTiPPxTxPPyTiPPyTyPPzTiPPzTz') (0621a88c-916d-44c0-92de-82818e2479d8)
01:42:42 4: RemoteBayesFactor.BayesFactorRemote(bayes_threshold=100, bf_data_folder='/panfs/panasas01/phys/bf16951/QMD/ParallelDevelopment/Results/Aug_21/15_59/BayesFactorsTimeRecords/', branchID=None, host_name='node34-034', interbranch=True, log_file='/panfs/panasas01/phys/bf16951/QMD/ParallelDevelopment/Results/Aug_21/15_59/logs/experimental_run_for_single_instance_tree_4.qmd.8644310.log', model_a_id=8, model_b_id=10, num_times_to_use=750, port_number=6304, qid=4, times_record='/panfs/panasas01/phys/bf16951/QMD/ParallelDevelopment/Results/Aug_21/15_59/BayesFactorsTimeRecords/BayesFactorsPairsTimes_004.txt', trueModel='xTiPPxTxPPyTiPPyTyPPzTiPPzTz') (45898e6d-aa27-4a67-a4c3-7383491ce919)
02:31:33 4: Job OK (0621a88c-916d-44c0-92de-82818e2479d8)
02:31:33 Result will never expire, clean up result key manually
02:31:33 
02:31:33 *** Listening on 4...
02:31:33 4: RemoteBayesFactor.BayesFactorRemote(bayes_threshold=100, bf_data_folder='/panfs/panasas01/phys/bf16951/QMD/ParallelDevelopment/Results/Aug_21/15_59/BayesFactorsTimeRecords/', branchID=None, host_name='node34-034', interbranch=True, log_file='/panfs/panasas01/phys/bf16951/QMD/ParallelDevelopment/Results/Aug_21/15_59/logs/experimental_run_for_single_instance_tree_4.qmd.8644310.log', model_a_id=13, model_b_id=15, num_times_to_use=750, port_number=6304, qid=4, times_record='/panfs/panasas01/phys/bf16951/QMD/ParallelDevelopment/Results/Aug_21/15_59/BayesFactorsTimeRecords/BayesFactorsPairsTimes_004.txt', trueModel='xTiPPxTxPPyTiPPyTyPPzTiPPzTz') (40b841ee-7d4e-4397-a9c2-b52a60cc2a03)
02:32:15 4: Job OK (ba63c07f-e773-45f5-a1d8-06cec7208805)
02:32:15 Result will never expire, clean up result key manually
02:32:15 Cleaning registries for queue: 4
02:32:15 
02:32:15 *** Listening on 4...
02:32:15 4: RemoteBayesFactor.BayesFactorRemote(bayes_threshold=100, bf_data_folder='/panfs/panasas01/phys/bf16951/QMD/ParallelDevelopment/Results/Aug_21/15_59/BayesFactorsTimeRecords/', branchID=None, host_name='node34-034', interbranch=True, log_file='/panfs/panasas01/phys/bf16951/QMD/ParallelDevelopment/Results/Aug_21/15_59/logs/experimental_run_for_single_instance_tree_4.qmd.8644310.log', model_a_id=15, model_b_id=17, num_times_to_use=750, port_number=6304, qid=4, times_record='/panfs/panasas01/phys/bf16951/QMD/ParallelDevelopment/Results/Aug_21/15_59/BayesFactorsTimeRecords/BayesFactorsPairsTimes_004.txt', trueModel='xTiPPxTxPPyTiPPyTyPPzTiPPzTz') (e2c43a9c-3ab5-4977-a8c5-9c9a8c90b5d5)
02:32:27 4: Job OK (65b11fb7-d77d-4502-96b6-83673a7fac29)
02:32:27 Result will never expire, clean up result key manually
02:32:27 Cleaning registries for queue: 4
02:32:27 
02:32:27 *** Listening on 4...
02:32:27 4: Job OK (c0f49e4c-2f1e-4f44-889d-0820298a283a)
02:32:27 Result will never expire, clean up result key manually
02:32:27 Cleaning registries for queue: 4
02:32:27 
02:32:27 *** Listening on 4...
02:32:50 4: Job OK (45898e6d-aa27-4a67-a4c3-7383491ce919)
02:32:50 Result will never expire, clean up result key manually
02:32:50 Cleaning registries for queue: 4
02:32:50 
02:32:50 *** Listening on 4...
02:39:03 4: Job OK (b676ac46-5963-4564-9ffd-4cded5765e78)
02:39:03 Result will never expire, clean up result key manually
02:39:03 Cleaning registries for queue: 4
02:39:03 
02:39:03 *** Listening on 4...
03:19:06 4: Job OK (40b841ee-7d4e-4397-a9c2-b52a60cc2a03)
03:19:06 Result will never expire, clean up result key manually
03:19:06 Cleaning registries for queue: 4
03:19:06 
03:19:06 *** Listening on 4...
03:19:46 4: Job OK (e2c43a9c-3ab5-4977-a8c5-9c9a8c90b5d5)
03:19:46 Result will never expire, clean up result key manually
03:19:46 
03:19:46 *** Listening on 4...
03:19:46 4: RemoteBayesFactor.BayesFactorRemote(bayes_threshold=100, bf_data_folder='/panfs/panasas01/phys/bf16951/QMD/ParallelDevelopment/Results/Aug_21/15_59/BayesFactorsTimeRecords/', branchID=9, host_name='node34-034', interbranch=False, log_file='/panfs/panasas01/phys/bf16951/QMD/ParallelDevelopment/Results/Aug_21/15_59/logs/experimental_run_for_single_instance_tree_4.qmd.8644310.log', model_a_id=3.0, model_b_id=13.0, num_times_to_use=750, port_number=6304, qid=4, times_record='/panfs/panasas01/phys/bf16951/QMD/ParallelDevelopment/Results/Aug_21/15_59/BayesFactorsTimeRecords/BayesFactorsPairsTimes_004.txt', trueModel='xTiPPxTxPPyTiPPyTyPPzTiPPzTz') (91080007-e318-4560-96bd-f6a15594107f)
03:19:46 4: RemoteBayesFactor.BayesFactorRemote(bayes_threshold=100, bf_data_folder='/panfs/panasas01/phys/bf16951/QMD/ParallelDevelopment/Results/Aug_21/15_59/BayesFactorsTimeRecords/', branchID=9, host_name='node34-034', interbranch=False, log_file='/panfs/panasas01/phys/bf16951/QMD/ParallelDevelopment/Results/Aug_21/15_59/logs/experimental_run_for_single_instance_tree_4.qmd.8644310.log', model_a_id=3.0, model_b_id=10.0, num_times_to_use=750, port_number=6304, qid=4, times_record='/panfs/panasas01/phys/bf16951/QMD/ParallelDevelopment/Results/Aug_21/15_59/BayesFactorsTimeRecords/BayesFactorsPairsTimes_004.txt', trueModel='xTiPPxTxPPyTiPPyTyPPzTiPPzTz') (eed8707c-0ea4-4f27-bf92-be2aefc1503d)
03:19:46 4: RemoteBayesFactor.BayesFactorRemote(bayes_threshold=100, bf_data_folder='/panfs/panasas01/phys/bf16951/QMD/ParallelDevelopment/Results/Aug_21/15_59/BayesFactorsTimeRecords/', branchID=9, host_name='node34-034', interbranch=False, log_file='/panfs/panasas01/phys/bf16951/QMD/ParallelDevelopment/Results/Aug_21/15_59/logs/experimental_run_for_single_instance_tree_4.qmd.8644310.log', model_a_id=3.0, model_b_id=8.0, num_times_to_use=750, port_number=6304, qid=4, times_record='/panfs/panasas01/phys/bf16951/QMD/ParallelDevelopment/Results/Aug_21/15_59/BayesFactorsTimeRecords/BayesFactorsPairsTimes_004.txt', trueModel='xTiPPxTxPPyTiPPyTyPPzTiPPzTz') (257883f0-4ee6-409b-836b-27176992f8cf)
03:19:46 4: RemoteBayesFactor.BayesFactorRemote(bayes_threshold=100, bf_data_folder='/panfs/panasas01/phys/bf16951/QMD/ParallelDevelopment/Results/Aug_21/15_59/BayesFactorsTimeRecords/', branchID=9, host_name='node34-034', interbranch=False, log_file='/panfs/panasas01/phys/bf16951/QMD/ParallelDevelopment/Results/Aug_21/15_59/logs/experimental_run_for_single_instance_tree_4.qmd.8644310.log', model_a_id=15.0, model_b_id=13.0, num_times_to_use=750, port_number=6304, qid=4, times_record='/panfs/panasas01/phys/bf16951/QMD/ParallelDevelopment/Results/Aug_21/15_59/BayesFactorsTimeRecords/BayesFactorsPairsTimes_004.txt', trueModel='xTiPPxTxPPyTiPPyTyPPzTiPPzTz') (379da91e-1f72-4302-b3f5-944337b26490)
03:19:46 4: RemoteBayesFactor.BayesFactorRemote(bayes_threshold=100, bf_data_folder='/panfs/panasas01/phys/bf16951/QMD/ParallelDevelopment/Results/Aug_21/15_59/BayesFactorsTimeRecords/', branchID=9, host_name='node34-034', interbranch=False, log_file='/panfs/panasas01/phys/bf16951/QMD/ParallelDevelopment/Results/Aug_21/15_59/logs/experimental_run_for_single_instance_tree_4.qmd.8644310.log', model_a_id=15.0, model_b_id=10.0, num_times_to_use=750, port_number=6304, qid=4, times_record='/panfs/panasas01/phys/bf16951/QMD/ParallelDevelopment/Results/Aug_21/15_59/BayesFactorsTimeRecords/BayesFactorsPairsTimes_004.txt', trueModel='xTiPPxTxPPyTiPPyTyPPzTiPPzTz') (d879e916-930a-4c51-aa8f-2b7153710099)
03:19:46 4: RemoteBayesFactor.BayesFactorRemote(bayes_threshold=100, bf_data_folder='/panfs/panasas01/phys/bf16951/QMD/ParallelDevelopment/Results/Aug_21/15_59/BayesFactorsTimeRecords/', branchID=9, host_name='node34-034', interbranch=False, log_file='/panfs/panasas01/phys/bf16951/QMD/ParallelDevelopment/Results/Aug_21/15_59/logs/experimental_run_for_single_instance_tree_4.qmd.8644310.log', model_a_id=3.0, model_b_id=15.0, num_times_to_use=750, port_number=6304, qid=4, times_record='/panfs/panasas01/phys/bf16951/QMD/ParallelDevelopment/Results/Aug_21/15_59/BayesFactorsTimeRecords/BayesFactorsPairsTimes_004.txt', trueModel='xTiPPxTxPPyTiPPyTyPPzTiPPzTz') (01427416-f16b-4070-82cc-a3454281308e)
04:08:45 4: Job OK (379da91e-1f72-4302-b3f5-944337b26490)
04:08:45 Result will never expire, clean up result key manually
04:08:45 
04:08:45 *** Listening on 4...
04:08:45 4: RemoteBayesFactor.BayesFactorRemote(bayes_threshold=100, bf_data_folder='/panfs/panasas01/phys/bf16951/QMD/ParallelDevelopment/Results/Aug_21/15_59/BayesFactorsTimeRecords/', branchID=9, host_name='node34-034', interbranch=False, log_file='/panfs/panasas01/phys/bf16951/QMD/ParallelDevelopment/Results/Aug_21/15_59/logs/experimental_run_for_single_instance_tree_4.qmd.8644310.log', model_a_id=15.0, model_b_id=8.0, num_times_to_use=750, port_number=6304, qid=4, times_record='/panfs/panasas01/phys/bf16951/QMD/ParallelDevelopment/Results/Aug_21/15_59/BayesFactorsTimeRecords/BayesFactorsPairsTimes_004.txt', trueModel='xTiPPxTxPPyTiPPyTyPPzTiPPzTz') (2084f91b-b162-4a80-a82e-6154d1c6f37f)
04:09:02 4: Job OK (91080007-e318-4560-96bd-f6a15594107f)
04:09:02 Result will never expire, clean up result key manually
04:09:02 Cleaning registries for queue: 4
04:09:02 
04:09:02 *** Listening on 4...
04:09:02 4: RemoteBayesFactor.BayesFactorRemote(bayes_threshold=100, bf_data_folder='/panfs/panasas01/phys/bf16951/QMD/ParallelDevelopment/Results/Aug_21/15_59/BayesFactorsTimeRecords/', branchID=9, host_name='node34-034', interbranch=False, log_file='/panfs/panasas01/phys/bf16951/QMD/ParallelDevelopment/Results/Aug_21/15_59/logs/experimental_run_for_single_instance_tree_4.qmd.8644310.log', model_a_id=13.0, model_b_id=10.0, num_times_to_use=750, port_number=6304, qid=4, times_record='/panfs/panasas01/phys/bf16951/QMD/ParallelDevelopment/Results/Aug_21/15_59/BayesFactorsTimeRecords/BayesFactorsPairsTimes_004.txt', trueModel='xTiPPxTxPPyTiPPyTyPPzTiPPzTz') (ed968ce7-9b2b-4653-85e6-3b6cfb5956fc)
04:09:09 4: Job OK (eed8707c-0ea4-4f27-bf92-be2aefc1503d)
04:09:09 Result will never expire, clean up result key manually
04:09:09 Cleaning registries for queue: 4
04:09:09 
04:09:09 *** Listening on 4...
04:09:09 4: RemoteBayesFactor.BayesFactorRemote(bayes_threshold=100, bf_data_folder='/panfs/panasas01/phys/bf16951/QMD/ParallelDevelopment/Results/Aug_21/15_59/BayesFactorsTimeRecords/', branchID=9, host_name='node34-034', interbranch=False, log_file='/panfs/panasas01/phys/bf16951/QMD/ParallelDevelopment/Results/Aug_21/15_59/logs/experimental_run_for_single_instance_tree_4.qmd.8644310.log', model_a_id=13.0, model_b_id=8.0, num_times_to_use=750, port_number=6304, qid=4, times_record='/panfs/panasas01/phys/bf16951/QMD/ParallelDevelopment/Results/Aug_21/15_59/BayesFactorsTimeRecords/BayesFactorsPairsTimes_004.txt', trueModel='xTiPPxTxPPyTiPPyTyPPzTiPPzTz') (8f72a64b-0521-4c6a-af8d-8580b5a9b914)
04:09:19 4: Job OK (01427416-f16b-4070-82cc-a3454281308e)
04:09:19 Result will never expire, clean up result key manually
04:09:19 Cleaning registries for queue: 4
04:09:19 
04:09:19 *** Listening on 4...
04:09:19 4: RemoteBayesFactor.BayesFactorRemote(bayes_threshold=100, bf_data_folder='/panfs/panasas01/phys/bf16951/QMD/ParallelDevelopment/Results/Aug_21/15_59/BayesFactorsTimeRecords/', branchID=9, host_name='node34-034', interbranch=False, log_file='/panfs/panasas01/phys/bf16951/QMD/ParallelDevelopment/Results/Aug_21/15_59/logs/experimental_run_for_single_instance_tree_4.qmd.8644310.log', model_a_id=10.0, model_b_id=8.0, num_times_to_use=750, port_number=6304, qid=4, times_record='/panfs/panasas01/phys/bf16951/QMD/ParallelDevelopment/Results/Aug_21/15_59/BayesFactorsTimeRecords/BayesFactorsPairsTimes_004.txt', trueModel='xTiPPxTxPPyTiPPyTyPPzTiPPzTz') (df55d8f3-0034-4e7e-9ee0-1e1b674361e0)
04:10:26 4: Job OK (257883f0-4ee6-409b-836b-27176992f8cf)
04:10:26 Result will never expire, clean up result key manually
04:10:26 Cleaning registries for queue: 4
04:10:26 
04:10:26 *** Listening on 4...
04:10:56 4: Job OK (d879e916-930a-4c51-aa8f-2b7153710099)
04:10:56 Result will never expire, clean up result key manually
04:10:56 Cleaning registries for queue: 4
04:10:56 
04:10:56 *** Listening on 4...
04:57:21 4: Job OK (ed968ce7-9b2b-4653-85e6-3b6cfb5956fc)
04:57:21 Result will never expire, clean up result key manually
04:57:21 
04:57:21 *** Listening on 4...
04:58:07 4: Job OK (2084f91b-b162-4a80-a82e-6154d1c6f37f)
04:58:07 Result will never expire, clean up result key manually
04:58:07 Cleaning registries for queue: 4
04:58:07 
04:58:07 *** Listening on 4...
04:58:21 4: Job OK (8f72a64b-0521-4c6a-af8d-8580b5a9b914)
04:58:21 Result will never expire, clean up result key manually
04:58:21 
04:58:21 *** Listening on 4...
04:59:00 4: Job OK (df55d8f3-0034-4e7e-9ee0-1e1b674361e0)
04:59:00 Result will never expire, clean up result key manually
04:59:00 
04:59:00 *** Listening on 4...
Error 111 connecting to node34-034:6304. Connection refused.
Error 111 connecting to node34-034:6304. Connection refused.
Error 111 connecting to node34-034:6304. Connection refused.
Error 111 connecting to node34-034:6304. Connection refused.
Error 111 connecting to node34-034:6304. Connection refused.
Error 111 connecting to node34-034:6304. Connection refused.
