16:01:00 RQ worker 'rq:worker:node36-004.70352' started, version 0.8.1
16:01:00 RQ worker 'rq:worker:node36-004.70354' started, version 0.8.1
16:01:00 RQ worker 'rq:worker:node36-004.70357' started, version 0.8.1
16:01:00 RQ worker 'rq:worker:node36-004.70353' started, version 0.8.1
16:01:00 RQ worker 'rq:worker:node36-004.70355' started, version 0.8.1
16:01:00 RQ worker 'rq:worker:node36-004.70356' started, version 0.8.1
16:01:00 Cleaning registries for queue: 8
16:01:00 Cleaning registries for queue: 8
16:01:00 Cleaning registries for queue: 8
16:01:00 Cleaning registries for queue: 8
16:01:00 Cleaning registries for queue: 8
16:01:00 Cleaning registries for queue: 8
16:01:00 
16:01:00 
16:01:00 
16:01:00 
16:01:00 
16:01:00 
16:01:00 *** Listening on 8...
16:01:00 *** Listening on 8...
16:01:00 *** Listening on 8...
16:01:00 *** Listening on 8...
16:01:00 *** Listening on 8...
16:01:00 *** Listening on 8...
16:01:13 8: RemoteModelLearning.learnModelRemote('xTi', 0.0, branchID=0, growth_generator='two_qubit_ising_rotation_hyperfine_transverse', host_name='node36-004', log_file='/panfs/panasas01/phys/bf16951/QMD/ParallelDevelopment/Results/Aug_21/15_59/logs/experimental_run_for_single_instance_tree_8.qmd.8644314.log', port_number=6308, qid=8, remote=True) (f6ab509d-33a8-4859-ab44-f379ff0b6a22)
16:01:13 8: RemoteModelLearning.learnModelRemote('zTi', 2.0, branchID=0, growth_generator='two_qubit_ising_rotation_hyperfine_transverse', host_name='node36-004', log_file='/panfs/panasas01/phys/bf16951/QMD/ParallelDevelopment/Results/Aug_21/15_59/logs/experimental_run_for_single_instance_tree_8.qmd.8644314.log', port_number=6308, qid=8, remote=True) (4590dce7-581d-4252-a037-2690c536aa15)
16:01:13 8: RemoteModelLearning.learnModelRemote('yTi', 1.0, branchID=0, growth_generator='two_qubit_ising_rotation_hyperfine_transverse', host_name='node36-004', log_file='/panfs/panasas01/phys/bf16951/QMD/ParallelDevelopment/Results/Aug_21/15_59/logs/experimental_run_for_single_instance_tree_8.qmd.8644314.log', port_number=6308, qid=8, remote=True) (b78f6f34-e1d1-4a48-95d0-a01fcca20eb1)
16:25:30 8: Job OK (b78f6f34-e1d1-4a48-95d0-a01fcca20eb1)
16:25:30 Result will never expire, clean up result key manually
16:25:30 
16:25:30 *** Listening on 8...
16:25:31 8: Job OK (f6ab509d-33a8-4859-ab44-f379ff0b6a22)
16:25:31 Result will never expire, clean up result key manually
16:25:31 
16:25:31 *** Listening on 8...
16:32:33 8: Job OK (4590dce7-581d-4252-a037-2690c536aa15)
16:32:33 Result will never expire, clean up result key manually
16:32:33 
16:32:33 *** Listening on 8...
16:32:33 8: RemoteBayesFactor.BayesFactorRemote(bayes_threshold=100, bf_data_folder='/panfs/panasas01/phys/bf16951/QMD/ParallelDevelopment/Results/Aug_21/15_59/BayesFactorsTimeRecords/', branchID=0, host_name='node36-004', interbranch=False, log_file='/panfs/panasas01/phys/bf16951/QMD/ParallelDevelopment/Results/Aug_21/15_59/logs/experimental_run_for_single_instance_tree_8.qmd.8644314.log', model_a_id=0, model_b_id=1, num_times_to_use=750, port_number=6308, qid=8, times_record='/panfs/panasas01/phys/bf16951/QMD/ParallelDevelopment/Results/Aug_21/15_59/BayesFactorsTimeRecords/BayesFactorsPairsTimes_008.txt', trueModel='xTiPPxTxPPyTiPPyTyPPzTiPPzTz') (5c3ad9ad-f882-40ef-bae0-8bb60e7542d5)
16:32:33 8: RemoteBayesFactor.BayesFactorRemote(bayes_threshold=100, bf_data_folder='/panfs/panasas01/phys/bf16951/QMD/ParallelDevelopment/Results/Aug_21/15_59/BayesFactorsTimeRecords/', branchID=0, host_name='node36-004', interbranch=False, log_file='/panfs/panasas01/phys/bf16951/QMD/ParallelDevelopment/Results/Aug_21/15_59/logs/experimental_run_for_single_instance_tree_8.qmd.8644314.log', model_a_id=0, model_b_id=2, num_times_to_use=750, port_number=6308, qid=8, times_record='/panfs/panasas01/phys/bf16951/QMD/ParallelDevelopment/Results/Aug_21/15_59/BayesFactorsTimeRecords/BayesFactorsPairsTimes_008.txt', trueModel='xTiPPxTxPPyTiPPyTyPPzTiPPzTz') (ba7caf4f-cc9b-4f5b-9398-f9aacac161b0)
16:32:33 8: RemoteBayesFactor.BayesFactorRemote(bayes_threshold=100, bf_data_folder='/panfs/panasas01/phys/bf16951/QMD/ParallelDevelopment/Results/Aug_21/15_59/BayesFactorsTimeRecords/', branchID=0, host_name='node36-004', interbranch=False, log_file='/panfs/panasas01/phys/bf16951/QMD/ParallelDevelopment/Results/Aug_21/15_59/logs/experimental_run_for_single_instance_tree_8.qmd.8644314.log', model_a_id=1, model_b_id=2, num_times_to_use=750, port_number=6308, qid=8, times_record='/panfs/panasas01/phys/bf16951/QMD/ParallelDevelopment/Results/Aug_21/15_59/BayesFactorsTimeRecords/BayesFactorsPairsTimes_008.txt', trueModel='xTiPPxTxPPyTiPPyTyPPzTiPPzTz') (2617844b-cdba-4f21-abf8-51597b72089a)
17:20:45 8: Job OK (5c3ad9ad-f882-40ef-bae0-8bb60e7542d5)
17:20:45 Result will never expire, clean up result key manually
17:20:45 Cleaning registries for queue: 8
17:20:45 
17:20:45 *** Listening on 8...
17:25:51 8: Job OK (ba7caf4f-cc9b-4f5b-9398-f9aacac161b0)
17:25:51 Result will never expire, clean up result key manually
17:25:51 Cleaning registries for queue: 8
17:25:51 
17:25:51 *** Listening on 8...
17:28:20 8: Job OK (2617844b-cdba-4f21-abf8-51597b72089a)
17:28:20 Result will never expire, clean up result key manually
17:28:20 Cleaning registries for queue: 8
17:28:20 
17:28:20 *** Listening on 8...
17:28:20 8: RemoteModelLearning.learnModelRemote('xTiPPzTi', 3.0, branchID=1, growth_generator='two_qubit_ising_rotation_hyperfine_transverse', host_name='node36-004', log_file='/panfs/panasas01/phys/bf16951/QMD/ParallelDevelopment/Results/Aug_21/15_59/logs/experimental_run_for_single_instance_tree_8.qmd.8644314.log', port_number=6308, qid=8, remote=True) (5cf32713-1adb-45a6-b430-b41a2919e3f2)
17:28:20 8: RemoteModelLearning.learnModelRemote('yTiPPzTi', 4.0, branchID=1, growth_generator='two_qubit_ising_rotation_hyperfine_transverse', host_name='node36-004', log_file='/panfs/panasas01/phys/bf16951/QMD/ParallelDevelopment/Results/Aug_21/15_59/logs/experimental_run_for_single_instance_tree_8.qmd.8644314.log', port_number=6308, qid=8, remote=True) (2cc774be-b1b6-4ad8-8ad1-9f37ffa1a430)
17:51:52 8: Job OK (2cc774be-b1b6-4ad8-8ad1-9f37ffa1a430)
17:51:52 Result will never expire, clean up result key manually
17:51:52 Cleaning registries for queue: 8
17:51:52 
17:51:52 *** Listening on 8...
17:51:57 8: Job OK (5cf32713-1adb-45a6-b430-b41a2919e3f2)
17:51:57 Result will never expire, clean up result key manually
17:51:57 Cleaning registries for queue: 8
17:51:57 
17:51:57 *** Listening on 8...
17:51:57 8: RemoteBayesFactor.BayesFactorRemote(bayes_threshold=100, bf_data_folder='/panfs/panasas01/phys/bf16951/QMD/ParallelDevelopment/Results/Aug_21/15_59/BayesFactorsTimeRecords/', branchID=1, host_name='node36-004', interbranch=False, log_file='/panfs/panasas01/phys/bf16951/QMD/ParallelDevelopment/Results/Aug_21/15_59/logs/experimental_run_for_single_instance_tree_8.qmd.8644314.log', model_a_id=3.0, model_b_id=4.0, num_times_to_use=750, port_number=6308, qid=8, times_record='/panfs/panasas01/phys/bf16951/QMD/ParallelDevelopment/Results/Aug_21/15_59/BayesFactorsTimeRecords/BayesFactorsPairsTimes_008.txt', trueModel='xTiPPxTxPPyTiPPyTyPPzTiPPzTz') (e88fcfde-8ba9-4514-ba47-030d618d2b05)
18:38:17 8: Job OK (e88fcfde-8ba9-4514-ba47-030d618d2b05)
18:38:17 Result will never expire, clean up result key manually
18:38:17 Cleaning registries for queue: 8
18:38:17 
18:38:17 *** Listening on 8...
18:38:17 8: RemoteModelLearning.learnModelRemote('xTiPPyTiPPzTi', 5.0, branchID=2, growth_generator='two_qubit_ising_rotation_hyperfine_transverse', host_name='node36-004', log_file='/panfs/panasas01/phys/bf16951/QMD/ParallelDevelopment/Results/Aug_21/15_59/logs/experimental_run_for_single_instance_tree_8.qmd.8644314.log', port_number=6308, qid=8, remote=True) (33062fa2-5be4-415d-b323-e54143d46ba2)
19:02:33 8: Job OK (33062fa2-5be4-415d-b323-e54143d46ba2)
19:02:33 Result will never expire, clean up result key manually
19:02:33 Cleaning registries for queue: 8
19:02:33 
19:02:33 *** Listening on 8...
19:02:33 8: RemoteModelLearning.learnModelRemote('xTiPPyTiPPzTiPPzTz', 6.0, branchID=3, growth_generator='two_qubit_ising_rotation_hyperfine_transverse', host_name='node36-004', log_file='/panfs/panasas01/phys/bf16951/QMD/ParallelDevelopment/Results/Aug_21/15_59/logs/experimental_run_for_single_instance_tree_8.qmd.8644314.log', port_number=6308, qid=8, remote=True) (bbabf394-b3ad-4f22-9ffc-92e1e4fa5d28)
19:02:33 8: RemoteModelLearning.learnModelRemote('xTiPPxTxPPyTiPPzTi', 7.0, branchID=3, growth_generator='two_qubit_ising_rotation_hyperfine_transverse', host_name='node36-004', log_file='/panfs/panasas01/phys/bf16951/QMD/ParallelDevelopment/Results/Aug_21/15_59/logs/experimental_run_for_single_instance_tree_8.qmd.8644314.log', port_number=6308, qid=8, remote=True) (ea3ce447-808c-42e1-8b52-d5cd6393a94e)
19:02:33 8: RemoteModelLearning.learnModelRemote('xTiPPyTiPPyTyPPzTi', 8.0, branchID=3, growth_generator='two_qubit_ising_rotation_hyperfine_transverse', host_name='node36-004', log_file='/panfs/panasas01/phys/bf16951/QMD/ParallelDevelopment/Results/Aug_21/15_59/logs/experimental_run_for_single_instance_tree_8.qmd.8644314.log', port_number=6308, qid=8, remote=True) (86bfa27d-c8a2-448f-9fb9-efe1f23c43e6)
19:26:31 8: Job OK (86bfa27d-c8a2-448f-9fb9-efe1f23c43e6)
19:26:31 Result will never expire, clean up result key manually
19:26:31 Cleaning registries for queue: 8
19:26:31 
19:26:31 *** Listening on 8...
19:26:55 8: Job OK (ea3ce447-808c-42e1-8b52-d5cd6393a94e)
19:26:55 Result will never expire, clean up result key manually
19:26:55 Cleaning registries for queue: 8
19:26:55 
19:26:55 *** Listening on 8...
19:27:13 8: Job OK (bbabf394-b3ad-4f22-9ffc-92e1e4fa5d28)
19:27:13 Result will never expire, clean up result key manually
19:27:13 Cleaning registries for queue: 8
19:27:13 
19:27:13 *** Listening on 8...
19:27:13 8: RemoteBayesFactor.BayesFactorRemote(bayes_threshold=100, bf_data_folder='/panfs/panasas01/phys/bf16951/QMD/ParallelDevelopment/Results/Aug_21/15_59/BayesFactorsTimeRecords/', branchID=3, host_name='node36-004', interbranch=False, log_file='/panfs/panasas01/phys/bf16951/QMD/ParallelDevelopment/Results/Aug_21/15_59/logs/experimental_run_for_single_instance_tree_8.qmd.8644314.log', model_a_id=7.0, model_b_id=8.0, num_times_to_use=750, port_number=6308, qid=8, times_record='/panfs/panasas01/phys/bf16951/QMD/ParallelDevelopment/Results/Aug_21/15_59/BayesFactorsTimeRecords/BayesFactorsPairsTimes_008.txt', trueModel='xTiPPxTxPPyTiPPyTyPPzTiPPzTz') (7cbc79da-b066-44f5-bb04-e346c6c4e4dd)
19:27:13 8: RemoteBayesFactor.BayesFactorRemote(bayes_threshold=100, bf_data_folder='/panfs/panasas01/phys/bf16951/QMD/ParallelDevelopment/Results/Aug_21/15_59/BayesFactorsTimeRecords/', branchID=3, host_name='node36-004', interbranch=False, log_file='/panfs/panasas01/phys/bf16951/QMD/ParallelDevelopment/Results/Aug_21/15_59/logs/experimental_run_for_single_instance_tree_8.qmd.8644314.log', model_a_id=6.0, model_b_id=7.0, num_times_to_use=750, port_number=6308, qid=8, times_record='/panfs/panasas01/phys/bf16951/QMD/ParallelDevelopment/Results/Aug_21/15_59/BayesFactorsTimeRecords/BayesFactorsPairsTimes_008.txt', trueModel='xTiPPxTxPPyTiPPyTyPPzTiPPzTz') (e680b9ae-f336-42a0-8b2f-82e1d0cb6110)
19:27:13 8: RemoteBayesFactor.BayesFactorRemote(bayes_threshold=100, bf_data_folder='/panfs/panasas01/phys/bf16951/QMD/ParallelDevelopment/Results/Aug_21/15_59/BayesFactorsTimeRecords/', branchID=3, host_name='node36-004', interbranch=False, log_file='/panfs/panasas01/phys/bf16951/QMD/ParallelDevelopment/Results/Aug_21/15_59/logs/experimental_run_for_single_instance_tree_8.qmd.8644314.log', model_a_id=6.0, model_b_id=8.0, num_times_to_use=750, port_number=6308, qid=8, times_record='/panfs/panasas01/phys/bf16951/QMD/ParallelDevelopment/Results/Aug_21/15_59/BayesFactorsTimeRecords/BayesFactorsPairsTimes_008.txt', trueModel='xTiPPxTxPPyTiPPyTyPPzTiPPzTz') (9c70e4f8-7afb-4b66-a933-fe8fe5d5b131)
20:15:26 8: Job OK (7cbc79da-b066-44f5-bb04-e346c6c4e4dd)
20:15:26 Result will never expire, clean up result key manually
20:15:26 
20:15:26 *** Listening on 8...
20:15:38 8: Job OK (e680b9ae-f336-42a0-8b2f-82e1d0cb6110)
20:15:38 Result will never expire, clean up result key manually
20:15:38 Cleaning registries for queue: 8
20:15:38 
20:15:38 *** Listening on 8...
20:15:51 8: Job OK (9c70e4f8-7afb-4b66-a933-fe8fe5d5b131)
20:15:51 Result will never expire, clean up result key manually
20:15:51 Cleaning registries for queue: 8
20:15:51 
20:15:51 *** Listening on 8...
20:15:51 8: RemoteModelLearning.learnModelRemote('xTiPPxTxPPyTiPPyTyPPzTi', 9.0, branchID=4, growth_generator='two_qubit_ising_rotation_hyperfine_transverse', host_name='node36-004', log_file='/panfs/panasas01/phys/bf16951/QMD/ParallelDevelopment/Results/Aug_21/15_59/logs/experimental_run_for_single_instance_tree_8.qmd.8644314.log', port_number=6308, qid=8, remote=True) (2e328b54-3ae7-4c07-94be-3873ca91d462)
20:15:51 8: RemoteModelLearning.learnModelRemote('xTiPPyTiPPyTyPPzTiPPzTz', 10.0, branchID=4, growth_generator='two_qubit_ising_rotation_hyperfine_transverse', host_name='node36-004', log_file='/panfs/panasas01/phys/bf16951/QMD/ParallelDevelopment/Results/Aug_21/15_59/logs/experimental_run_for_single_instance_tree_8.qmd.8644314.log', port_number=6308, qid=8, remote=True) (c1663738-f8ee-4df0-9bdd-9ea374d01b01)
20:39:36 8: Job OK (c1663738-f8ee-4df0-9bdd-9ea374d01b01)
20:39:36 Result will never expire, clean up result key manually
20:39:36 Cleaning registries for queue: 8
20:39:36 
20:39:36 *** Listening on 8...
20:39:55 8: Job OK (2e328b54-3ae7-4c07-94be-3873ca91d462)
20:39:55 Result will never expire, clean up result key manually
20:39:55 Cleaning registries for queue: 8
20:39:55 
20:39:55 *** Listening on 8...
20:39:55 8: RemoteBayesFactor.BayesFactorRemote(bayes_threshold=100, bf_data_folder='/panfs/panasas01/phys/bf16951/QMD/ParallelDevelopment/Results/Aug_21/15_59/BayesFactorsTimeRecords/', branchID=4, host_name='node36-004', interbranch=False, log_file='/panfs/panasas01/phys/bf16951/QMD/ParallelDevelopment/Results/Aug_21/15_59/logs/experimental_run_for_single_instance_tree_8.qmd.8644314.log', model_a_id=9.0, model_b_id=10.0, num_times_to_use=750, port_number=6308, qid=8, times_record='/panfs/panasas01/phys/bf16951/QMD/ParallelDevelopment/Results/Aug_21/15_59/BayesFactorsTimeRecords/BayesFactorsPairsTimes_008.txt', trueModel='xTiPPxTxPPyTiPPyTyPPzTiPPzTz') (04ca0ee7-e174-4453-873d-0ee1cbc02305)
21:27:11 8: Job OK (04ca0ee7-e174-4453-873d-0ee1cbc02305)
21:27:11 Result will never expire, clean up result key manually
21:27:11 Cleaning registries for queue: 8
21:27:11 
21:27:11 *** Listening on 8...
21:27:11 8: RemoteModelLearning.learnModelRemote('xTiPPxTxPPyTiPPyTyPPzTiPPzTz', 11.0, branchID=5, growth_generator='two_qubit_ising_rotation_hyperfine_transverse', host_name='node36-004', log_file='/panfs/panasas01/phys/bf16951/QMD/ParallelDevelopment/Results/Aug_21/15_59/logs/experimental_run_for_single_instance_tree_8.qmd.8644314.log', port_number=6308, qid=8, remote=True) (dd9c4fc7-a253-45c8-b2aa-a6b4cb6f366d)
21:51:16 8: Job OK (dd9c4fc7-a253-45c8-b2aa-a6b4cb6f366d)
21:51:16 Result will never expire, clean up result key manually
21:51:16 Cleaning registries for queue: 8
21:51:16 
21:51:16 *** Listening on 8...
21:51:16 8: RemoteModelLearning.learnModelRemote('xTiPPxTxPPyTiPPyTyPPyTzPPzTiPPzTz', 12.0, branchID=6, growth_generator='two_qubit_ising_rotation_hyperfine_transverse', host_name='node36-004', log_file='/panfs/panasas01/phys/bf16951/QMD/ParallelDevelopment/Results/Aug_21/15_59/logs/experimental_run_for_single_instance_tree_8.qmd.8644314.log', port_number=6308, qid=8, remote=True) (3343580e-7e8d-4477-acb6-953b1e3beeb8)
21:51:16 8: RemoteModelLearning.learnModelRemote('xTiPPxTxPPxTzPPyTiPPyTyPPzTiPPzTz', 13.0, branchID=6, growth_generator='two_qubit_ising_rotation_hyperfine_transverse', host_name='node36-004', log_file='/panfs/panasas01/phys/bf16951/QMD/ParallelDevelopment/Results/Aug_21/15_59/logs/experimental_run_for_single_instance_tree_8.qmd.8644314.log', port_number=6308, qid=8, remote=True) (47489c35-bc9b-42a5-a55d-0a726de6e3f1)
21:51:16 8: RemoteModelLearning.learnModelRemote('xTiPPxTxPPxTyPPyTiPPyTyPPzTiPPzTz', 14.0, branchID=6, growth_generator='two_qubit_ising_rotation_hyperfine_transverse', host_name='node36-004', log_file='/panfs/panasas01/phys/bf16951/QMD/ParallelDevelopment/Results/Aug_21/15_59/logs/experimental_run_for_single_instance_tree_8.qmd.8644314.log', port_number=6308, qid=8, remote=True) (53c7c455-60d4-4daf-8d2f-a4653377f032)
22:14:33 8: Job OK (3343580e-7e8d-4477-acb6-953b1e3beeb8)
22:14:33 Result will never expire, clean up result key manually
22:14:33 Cleaning registries for queue: 8
22:14:33 
22:14:33 *** Listening on 8...
22:14:44 8: Job OK (53c7c455-60d4-4daf-8d2f-a4653377f032)
22:14:44 Result will never expire, clean up result key manually
22:14:44 Cleaning registries for queue: 8
22:14:44 
22:14:44 *** Listening on 8...
22:14:47 8: Job OK (47489c35-bc9b-42a5-a55d-0a726de6e3f1)
22:14:47 Result will never expire, clean up result key manually
22:14:47 Cleaning registries for queue: 8
22:14:47 
22:14:47 *** Listening on 8...
22:14:47 8: RemoteBayesFactor.BayesFactorRemote(bayes_threshold=100, bf_data_folder='/panfs/panasas01/phys/bf16951/QMD/ParallelDevelopment/Results/Aug_21/15_59/BayesFactorsTimeRecords/', branchID=6, host_name='node36-004', interbranch=False, log_file='/panfs/panasas01/phys/bf16951/QMD/ParallelDevelopment/Results/Aug_21/15_59/logs/experimental_run_for_single_instance_tree_8.qmd.8644314.log', model_a_id=12.0, model_b_id=13.0, num_times_to_use=750, port_number=6308, qid=8, times_record='/panfs/panasas01/phys/bf16951/QMD/ParallelDevelopment/Results/Aug_21/15_59/BayesFactorsTimeRecords/BayesFactorsPairsTimes_008.txt', trueModel='xTiPPxTxPPyTiPPyTyPPzTiPPzTz') (1d91ed93-4e0a-4535-a05a-f02dccd924f1)
22:14:47 8: RemoteBayesFactor.BayesFactorRemote(bayes_threshold=100, bf_data_folder='/panfs/panasas01/phys/bf16951/QMD/ParallelDevelopment/Results/Aug_21/15_59/BayesFactorsTimeRecords/', branchID=6, host_name='node36-004', interbranch=False, log_file='/panfs/panasas01/phys/bf16951/QMD/ParallelDevelopment/Results/Aug_21/15_59/logs/experimental_run_for_single_instance_tree_8.qmd.8644314.log', model_a_id=12.0, model_b_id=14.0, num_times_to_use=750, port_number=6308, qid=8, times_record='/panfs/panasas01/phys/bf16951/QMD/ParallelDevelopment/Results/Aug_21/15_59/BayesFactorsTimeRecords/BayesFactorsPairsTimes_008.txt', trueModel='xTiPPxTxPPyTiPPyTyPPzTiPPzTz') (06855884-743c-4b80-9be2-985f47ab9379)
22:14:47 8: RemoteBayesFactor.BayesFactorRemote(bayes_threshold=100, bf_data_folder='/panfs/panasas01/phys/bf16951/QMD/ParallelDevelopment/Results/Aug_21/15_59/BayesFactorsTimeRecords/', branchID=6, host_name='node36-004', interbranch=False, log_file='/panfs/panasas01/phys/bf16951/QMD/ParallelDevelopment/Results/Aug_21/15_59/logs/experimental_run_for_single_instance_tree_8.qmd.8644314.log', model_a_id=13.0, model_b_id=14.0, num_times_to_use=750, port_number=6308, qid=8, times_record='/panfs/panasas01/phys/bf16951/QMD/ParallelDevelopment/Results/Aug_21/15_59/BayesFactorsTimeRecords/BayesFactorsPairsTimes_008.txt', trueModel='xTiPPxTxPPyTiPPyTyPPzTiPPzTz') (ebffc249-aa18-4d5e-bb27-cfc92ad2fdb3)
23:01:05 8: Job OK (06855884-743c-4b80-9be2-985f47ab9379)
23:01:05 Result will never expire, clean up result key manually
23:01:05 Cleaning registries for queue: 8
23:01:05 
23:01:05 *** Listening on 8...
23:01:32 8: Job OK (ebffc249-aa18-4d5e-bb27-cfc92ad2fdb3)
23:01:32 Result will never expire, clean up result key manually
23:01:32 Cleaning registries for queue: 8
23:01:32 
23:01:32 *** Listening on 8...
23:01:54 8: Job OK (1d91ed93-4e0a-4535-a05a-f02dccd924f1)
23:01:54 Result will never expire, clean up result key manually
23:01:54 Cleaning registries for queue: 8
23:01:54 
23:01:54 *** Listening on 8...
23:01:54 8: RemoteModelLearning.learnModelRemote('xTiPPxTxPPxTyPPxTzPPyTiPPyTyPPzTiPPzTz', 15.0, branchID=7, growth_generator='two_qubit_ising_rotation_hyperfine_transverse', host_name='node36-004', log_file='/panfs/panasas01/phys/bf16951/QMD/ParallelDevelopment/Results/Aug_21/15_59/logs/experimental_run_for_single_instance_tree_8.qmd.8644314.log', port_number=6308, qid=8, remote=True) (5d82d01e-1ca2-4717-9f2c-d893bd485ad4)
23:01:54 8: RemoteModelLearning.learnModelRemote('xTiPPxTxPPxTyPPyTiPPyTyPPyTzPPzTiPPzTz', 16.0, branchID=7, growth_generator='two_qubit_ising_rotation_hyperfine_transverse', host_name='node36-004', log_file='/panfs/panasas01/phys/bf16951/QMD/ParallelDevelopment/Results/Aug_21/15_59/logs/experimental_run_for_single_instance_tree_8.qmd.8644314.log', port_number=6308, qid=8, remote=True) (241583d7-18cf-4747-8026-22c193c00feb)
23:25:09 8: Job OK (241583d7-18cf-4747-8026-22c193c00feb)
23:25:09 Result will never expire, clean up result key manually
23:25:09 Cleaning registries for queue: 8
23:25:09 
23:25:09 *** Listening on 8...
23:25:17 8: Job OK (5d82d01e-1ca2-4717-9f2c-d893bd485ad4)
23:25:17 Result will never expire, clean up result key manually
23:25:17 Cleaning registries for queue: 8
23:25:17 
23:25:17 *** Listening on 8...
23:25:17 8: RemoteBayesFactor.BayesFactorRemote(bayes_threshold=100, bf_data_folder='/panfs/panasas01/phys/bf16951/QMD/ParallelDevelopment/Results/Aug_21/15_59/BayesFactorsTimeRecords/', branchID=7, host_name='node36-004', interbranch=False, log_file='/panfs/panasas01/phys/bf16951/QMD/ParallelDevelopment/Results/Aug_21/15_59/logs/experimental_run_for_single_instance_tree_8.qmd.8644314.log', model_a_id=15.0, model_b_id=16.0, num_times_to_use=750, port_number=6308, qid=8, times_record='/panfs/panasas01/phys/bf16951/QMD/ParallelDevelopment/Results/Aug_21/15_59/BayesFactorsTimeRecords/BayesFactorsPairsTimes_008.txt', trueModel='xTiPPxTxPPyTiPPyTyPPzTiPPzTz') (7357b87b-f0c9-410b-8365-dffb2b4bb3ae)
00:11:26 8: Job OK (7357b87b-f0c9-410b-8365-dffb2b4bb3ae)
00:11:26 Result will never expire, clean up result key manually
00:11:26 Cleaning registries for queue: 8
00:11:26 
00:11:26 *** Listening on 8...
00:11:26 8: RemoteModelLearning.learnModelRemote('xTiPPxTxPPxTyPPxTzPPyTiPPyTyPPyTzPPzTiPPzTz', 17.0, branchID=8, growth_generator='two_qubit_ising_rotation_hyperfine_transverse', host_name='node36-004', log_file='/panfs/panasas01/phys/bf16951/QMD/ParallelDevelopment/Results/Aug_21/15_59/logs/experimental_run_for_single_instance_tree_8.qmd.8644314.log', port_number=6308, qid=8, remote=True) (c2c5b0bc-372b-40f3-b1f4-54b1c577d487)
00:34:20 8: Job OK (c2c5b0bc-372b-40f3-b1f4-54b1c577d487)
00:34:20 Result will never expire, clean up result key manually
00:34:20 8: RemoteBayesFactor.BayesFactorRemote(bayes_threshold=100, bf_data_folder='/panfs/panasas01/phys/bf16951/QMD/ParallelDevelopment/Results/Aug_21/15_59/BayesFactorsTimeRecords/', branchID=None, host_name='node36-004', interbranch=True, log_file='/panfs/panasas01/phys/bf16951/QMD/ParallelDevelopment/Results/Aug_21/15_59/logs/experimental_run_for_single_instance_tree_8.qmd.8644314.log', model_a_id=2, model_b_id=3, num_times_to_use=750, port_number=6308, qid=8, times_record='/panfs/panasas01/phys/bf16951/QMD/ParallelDevelopment/Results/Aug_21/15_59/BayesFactorsTimeRecords/BayesFactorsPairsTimes_008.txt', trueModel='xTiPPxTxPPyTiPPyTyPPzTiPPzTz') (55b41ce9-96d8-46e9-a542-de07767d41cd)
00:34:20 8: RemoteBayesFactor.BayesFactorRemote(bayes_threshold=100, bf_data_folder='/panfs/panasas01/phys/bf16951/QMD/ParallelDevelopment/Results/Aug_21/15_59/BayesFactorsTimeRecords/', branchID=None, host_name='node36-004', interbranch=True, log_file='/panfs/panasas01/phys/bf16951/QMD/ParallelDevelopment/Results/Aug_21/15_59/logs/experimental_run_for_single_instance_tree_8.qmd.8644314.log', model_a_id=3, model_b_id=5, num_times_to_use=750, port_number=6308, qid=8, times_record='/panfs/panasas01/phys/bf16951/QMD/ParallelDevelopment/Results/Aug_21/15_59/BayesFactorsTimeRecords/BayesFactorsPairsTimes_008.txt', trueModel='xTiPPxTxPPyTiPPyTyPPzTiPPzTz') (9704d7a1-8e82-4952-9891-0ee4421f381a)
00:34:20 8: RemoteBayesFactor.BayesFactorRemote(bayes_threshold=100, bf_data_folder='/panfs/panasas01/phys/bf16951/QMD/ParallelDevelopment/Results/Aug_21/15_59/BayesFactorsTimeRecords/', branchID=None, host_name='node36-004', interbranch=True, log_file='/panfs/panasas01/phys/bf16951/QMD/ParallelDevelopment/Results/Aug_21/15_59/logs/experimental_run_for_single_instance_tree_8.qmd.8644314.log', model_a_id=5, model_b_id=8, num_times_to_use=750, port_number=6308, qid=8, times_record='/panfs/panasas01/phys/bf16951/QMD/ParallelDevelopment/Results/Aug_21/15_59/BayesFactorsTimeRecords/BayesFactorsPairsTimes_008.txt', trueModel='xTiPPxTxPPyTiPPyTyPPzTiPPzTz') (bdf142f9-6b3b-4185-92e4-586881cc0ea0)
00:34:20 8: RemoteBayesFactor.BayesFactorRemote(bayes_threshold=100, bf_data_folder='/panfs/panasas01/phys/bf16951/QMD/ParallelDevelopment/Results/Aug_21/15_59/BayesFactorsTimeRecords/', branchID=None, host_name='node36-004', interbranch=True, log_file='/panfs/panasas01/phys/bf16951/QMD/ParallelDevelopment/Results/Aug_21/15_59/logs/experimental_run_for_single_instance_tree_8.qmd.8644314.log', model_a_id=8, model_b_id=10, num_times_to_use=750, port_number=6308, qid=8, times_record='/panfs/panasas01/phys/bf16951/QMD/ParallelDevelopment/Results/Aug_21/15_59/BayesFactorsTimeRecords/BayesFactorsPairsTimes_008.txt', trueModel='xTiPPxTxPPyTiPPyTyPPzTiPPzTz') (6c9d305b-8627-48e8-a8f0-3eebcb625c17)
00:34:20 Cleaning registries for queue: 8
00:34:20 8: RemoteBayesFactor.BayesFactorRemote(bayes_threshold=100, bf_data_folder='/panfs/panasas01/phys/bf16951/QMD/ParallelDevelopment/Results/Aug_21/15_59/BayesFactorsTimeRecords/', branchID=None, host_name='node36-004', interbranch=True, log_file='/panfs/panasas01/phys/bf16951/QMD/ParallelDevelopment/Results/Aug_21/15_59/logs/experimental_run_for_single_instance_tree_8.qmd.8644314.log', model_a_id=10, model_b_id=11, num_times_to_use=750, port_number=6308, qid=8, times_record='/panfs/panasas01/phys/bf16951/QMD/ParallelDevelopment/Results/Aug_21/15_59/BayesFactorsTimeRecords/BayesFactorsPairsTimes_008.txt', trueModel='xTiPPxTxPPyTiPPyTyPPzTiPPzTz') (04b812dc-d185-461c-a043-5660b7105aad)
00:34:20 
00:34:20 *** Listening on 8...
00:34:20 8: RemoteBayesFactor.BayesFactorRemote(bayes_threshold=100, bf_data_folder='/panfs/panasas01/phys/bf16951/QMD/ParallelDevelopment/Results/Aug_21/15_59/BayesFactorsTimeRecords/', branchID=None, host_name='node36-004', interbranch=True, log_file='/panfs/panasas01/phys/bf16951/QMD/ParallelDevelopment/Results/Aug_21/15_59/logs/experimental_run_for_single_instance_tree_8.qmd.8644314.log', model_a_id=11, model_b_id=14, num_times_to_use=750, port_number=6308, qid=8, times_record='/panfs/panasas01/phys/bf16951/QMD/ParallelDevelopment/Results/Aug_21/15_59/BayesFactorsTimeRecords/BayesFactorsPairsTimes_008.txt', trueModel='xTiPPxTxPPyTiPPyTyPPzTiPPzTz') (7604ac3a-9196-4a22-97ca-6a6051bdfc7e)
01:22:02 8: Job OK (04b812dc-d185-461c-a043-5660b7105aad)
01:22:02 Result will never expire, clean up result key manually
01:22:02 Cleaning registries for queue: 8
01:22:02 
01:22:02 *** Listening on 8...
01:22:02 8: RemoteBayesFactor.BayesFactorRemote(bayes_threshold=100, bf_data_folder='/panfs/panasas01/phys/bf16951/QMD/ParallelDevelopment/Results/Aug_21/15_59/BayesFactorsTimeRecords/', branchID=None, host_name='node36-004', interbranch=True, log_file='/panfs/panasas01/phys/bf16951/QMD/ParallelDevelopment/Results/Aug_21/15_59/logs/experimental_run_for_single_instance_tree_8.qmd.8644314.log', model_a_id=14, model_b_id=16, num_times_to_use=750, port_number=6308, qid=8, times_record='/panfs/panasas01/phys/bf16951/QMD/ParallelDevelopment/Results/Aug_21/15_59/BayesFactorsTimeRecords/BayesFactorsPairsTimes_008.txt', trueModel='xTiPPxTxPPyTiPPyTyPPzTiPPzTz') (ffc9eaed-ca69-4b26-8b5c-928be7ee28bf)
01:22:22 8: Job OK (6c9d305b-8627-48e8-a8f0-3eebcb625c17)
01:22:22 Result will never expire, clean up result key manually
01:22:22 Cleaning registries for queue: 8
01:22:22 
01:22:22 *** Listening on 8...
01:22:22 8: RemoteBayesFactor.BayesFactorRemote(bayes_threshold=100, bf_data_folder='/panfs/panasas01/phys/bf16951/QMD/ParallelDevelopment/Results/Aug_21/15_59/BayesFactorsTimeRecords/', branchID=None, host_name='node36-004', interbranch=True, log_file='/panfs/panasas01/phys/bf16951/QMD/ParallelDevelopment/Results/Aug_21/15_59/logs/experimental_run_for_single_instance_tree_8.qmd.8644314.log', model_a_id=16, model_b_id=17, num_times_to_use=750, port_number=6308, qid=8, times_record='/panfs/panasas01/phys/bf16951/QMD/ParallelDevelopment/Results/Aug_21/15_59/BayesFactorsTimeRecords/BayesFactorsPairsTimes_008.txt', trueModel='xTiPPxTxPPyTiPPyTyPPzTiPPzTz') (86a28d7a-088b-4cf8-9c28-faf4321cac03)
01:22:51 8: Job OK (9704d7a1-8e82-4952-9891-0ee4421f381a)
01:22:51 Result will never expire, clean up result key manually
01:22:51 Cleaning registries for queue: 8
01:22:51 
01:22:51 *** Listening on 8...
01:22:57 8: Job OK (7604ac3a-9196-4a22-97ca-6a6051bdfc7e)
01:22:57 Result will never expire, clean up result key manually
01:22:57 
01:22:57 *** Listening on 8...
01:23:07 8: Job OK (bdf142f9-6b3b-4185-92e4-586881cc0ea0)
01:23:07 Result will never expire, clean up result key manually
01:23:07 Cleaning registries for queue: 8
01:23:07 
01:23:07 *** Listening on 8...
01:30:04 8: Job OK (55b41ce9-96d8-46e9-a542-de07767d41cd)
01:30:04 Result will never expire, clean up result key manually
01:30:04 Cleaning registries for queue: 8
01:30:04 
01:30:04 *** Listening on 8...
02:07:31 8: Job OK (ffc9eaed-ca69-4b26-8b5c-928be7ee28bf)
02:07:31 Result will never expire, clean up result key manually
02:07:31 
02:07:31 *** Listening on 8...
02:07:54 8: Job OK (86a28d7a-088b-4cf8-9c28-faf4321cac03)
02:07:54 Result will never expire, clean up result key manually
02:07:54 
02:07:54 *** Listening on 8...
02:07:54 8: RemoteBayesFactor.BayesFactorRemote(bayes_threshold=100, bf_data_folder='/panfs/panasas01/phys/bf16951/QMD/ParallelDevelopment/Results/Aug_21/15_59/BayesFactorsTimeRecords/', branchID=9, host_name='node36-004', interbranch=False, log_file='/panfs/panasas01/phys/bf16951/QMD/ParallelDevelopment/Results/Aug_21/15_59/logs/experimental_run_for_single_instance_tree_8.qmd.8644314.log', model_a_id=17.0, model_b_id=16.0, num_times_to_use=750, port_number=6308, qid=8, times_record='/panfs/panasas01/phys/bf16951/QMD/ParallelDevelopment/Results/Aug_21/15_59/BayesFactorsTimeRecords/BayesFactorsPairsTimes_008.txt', trueModel='xTiPPxTxPPyTiPPyTyPPzTiPPzTz') (625776dc-4c31-41c8-84eb-b422e73d7cc0)
02:07:54 8: RemoteBayesFactor.BayesFactorRemote(bayes_threshold=100, bf_data_folder='/panfs/panasas01/phys/bf16951/QMD/ParallelDevelopment/Results/Aug_21/15_59/BayesFactorsTimeRecords/', branchID=9, host_name='node36-004', interbranch=False, log_file='/panfs/panasas01/phys/bf16951/QMD/ParallelDevelopment/Results/Aug_21/15_59/logs/experimental_run_for_single_instance_tree_8.qmd.8644314.log', model_a_id=17.0, model_b_id=11.0, num_times_to_use=750, port_number=6308, qid=8, times_record='/panfs/panasas01/phys/bf16951/QMD/ParallelDevelopment/Results/Aug_21/15_59/BayesFactorsTimeRecords/BayesFactorsPairsTimes_008.txt', trueModel='xTiPPxTxPPyTiPPyTyPPzTiPPzTz') (482e22c4-fb3f-4cea-8bf0-ae60a4ed6df2)
02:07:54 8: RemoteBayesFactor.BayesFactorRemote(bayes_threshold=100, bf_data_folder='/panfs/panasas01/phys/bf16951/QMD/ParallelDevelopment/Results/Aug_21/15_59/BayesFactorsTimeRecords/', branchID=9, host_name='node36-004', interbranch=False, log_file='/panfs/panasas01/phys/bf16951/QMD/ParallelDevelopment/Results/Aug_21/15_59/logs/experimental_run_for_single_instance_tree_8.qmd.8644314.log', model_a_id=17.0, model_b_id=3.0, num_times_to_use=750, port_number=6308, qid=8, times_record='/panfs/panasas01/phys/bf16951/QMD/ParallelDevelopment/Results/Aug_21/15_59/BayesFactorsTimeRecords/BayesFactorsPairsTimes_008.txt', trueModel='xTiPPxTxPPyTiPPyTyPPzTiPPzTz') (b51c4a9c-5ad9-4e2f-8987-9ec82812c658)
02:07:54 8: RemoteBayesFactor.BayesFactorRemote(bayes_threshold=100, bf_data_folder='/panfs/panasas01/phys/bf16951/QMD/ParallelDevelopment/Results/Aug_21/15_59/BayesFactorsTimeRecords/', branchID=9, host_name='node36-004', interbranch=False, log_file='/panfs/panasas01/phys/bf16951/QMD/ParallelDevelopment/Results/Aug_21/15_59/logs/experimental_run_for_single_instance_tree_8.qmd.8644314.log', model_a_id=17.0, model_b_id=8.0, num_times_to_use=750, port_number=6308, qid=8, times_record='/panfs/panasas01/phys/bf16951/QMD/ParallelDevelopment/Results/Aug_21/15_59/BayesFactorsTimeRecords/BayesFactorsPairsTimes_008.txt', trueModel='xTiPPxTxPPyTiPPyTyPPzTiPPzTz') (e67074f6-22e2-4e92-9f6c-3020eca9f161)
02:07:54 8: RemoteBayesFactor.BayesFactorRemote(bayes_threshold=100, bf_data_folder='/panfs/panasas01/phys/bf16951/QMD/ParallelDevelopment/Results/Aug_21/15_59/BayesFactorsTimeRecords/', branchID=9, host_name='node36-004', interbranch=False, log_file='/panfs/panasas01/phys/bf16951/QMD/ParallelDevelopment/Results/Aug_21/15_59/logs/experimental_run_for_single_instance_tree_8.qmd.8644314.log', model_a_id=17.0, model_b_id=10.0, num_times_to_use=750, port_number=6308, qid=8, times_record='/panfs/panasas01/phys/bf16951/QMD/ParallelDevelopment/Results/Aug_21/15_59/BayesFactorsTimeRecords/BayesFactorsPairsTimes_008.txt', trueModel='xTiPPxTxPPyTiPPyTyPPzTiPPzTz') (8f113a20-9d34-4d34-9a34-9119b9ea2d7f)
02:07:54 8: RemoteBayesFactor.BayesFactorRemote(bayes_threshold=100, bf_data_folder='/panfs/panasas01/phys/bf16951/QMD/ParallelDevelopment/Results/Aug_21/15_59/BayesFactorsTimeRecords/', branchID=9, host_name='node36-004', interbranch=False, log_file='/panfs/panasas01/phys/bf16951/QMD/ParallelDevelopment/Results/Aug_21/15_59/logs/experimental_run_for_single_instance_tree_8.qmd.8644314.log', model_a_id=16.0, model_b_id=11.0, num_times_to_use=750, port_number=6308, qid=8, times_record='/panfs/panasas01/phys/bf16951/QMD/ParallelDevelopment/Results/Aug_21/15_59/BayesFactorsTimeRecords/BayesFactorsPairsTimes_008.txt', trueModel='xTiPPxTxPPyTiPPyTyPPzTiPPzTz') (42c81a69-9b26-4b33-9eaf-889e9d29a175)
02:55:23 8: Job OK (625776dc-4c31-41c8-84eb-b422e73d7cc0)
02:55:23 Result will never expire, clean up result key manually
02:55:23 Cleaning registries for queue: 8
02:55:23 
02:55:23 *** Listening on 8...
02:55:23 8: RemoteBayesFactor.BayesFactorRemote(bayes_threshold=100, bf_data_folder='/panfs/panasas01/phys/bf16951/QMD/ParallelDevelopment/Results/Aug_21/15_59/BayesFactorsTimeRecords/', branchID=9, host_name='node36-004', interbranch=False, log_file='/panfs/panasas01/phys/bf16951/QMD/ParallelDevelopment/Results/Aug_21/15_59/logs/experimental_run_for_single_instance_tree_8.qmd.8644314.log', model_a_id=16.0, model_b_id=3.0, num_times_to_use=750, port_number=6308, qid=8, times_record='/panfs/panasas01/phys/bf16951/QMD/ParallelDevelopment/Results/Aug_21/15_59/BayesFactorsTimeRecords/BayesFactorsPairsTimes_008.txt', trueModel='xTiPPxTxPPyTiPPyTyPPzTiPPzTz') (a66ef50a-5ab4-479e-805d-6881790f126e)
02:55:58 8: Job OK (42c81a69-9b26-4b33-9eaf-889e9d29a175)
02:55:58 Result will never expire, clean up result key manually
02:55:58 Cleaning registries for queue: 8
02:55:58 
02:55:58 *** Listening on 8...
02:55:58 8: RemoteBayesFactor.BayesFactorRemote(bayes_threshold=100, bf_data_folder='/panfs/panasas01/phys/bf16951/QMD/ParallelDevelopment/Results/Aug_21/15_59/BayesFactorsTimeRecords/', branchID=9, host_name='node36-004', interbranch=False, log_file='/panfs/panasas01/phys/bf16951/QMD/ParallelDevelopment/Results/Aug_21/15_59/logs/experimental_run_for_single_instance_tree_8.qmd.8644314.log', model_a_id=16.0, model_b_id=8.0, num_times_to_use=750, port_number=6308, qid=8, times_record='/panfs/panasas01/phys/bf16951/QMD/ParallelDevelopment/Results/Aug_21/15_59/BayesFactorsTimeRecords/BayesFactorsPairsTimes_008.txt', trueModel='xTiPPxTxPPyTiPPyTyPPzTiPPzTz') (c764d697-96cd-4d8a-aea5-3c5c85d0746a)
02:56:04 8: Job OK (b51c4a9c-5ad9-4e2f-8987-9ec82812c658)
02:56:04 Result will never expire, clean up result key manually
02:56:04 Cleaning registries for queue: 8
02:56:04 
02:56:04 *** Listening on 8...
02:56:04 8: RemoteBayesFactor.BayesFactorRemote(bayes_threshold=100, bf_data_folder='/panfs/panasas01/phys/bf16951/QMD/ParallelDevelopment/Results/Aug_21/15_59/BayesFactorsTimeRecords/', branchID=9, host_name='node36-004', interbranch=False, log_file='/panfs/panasas01/phys/bf16951/QMD/ParallelDevelopment/Results/Aug_21/15_59/logs/experimental_run_for_single_instance_tree_8.qmd.8644314.log', model_a_id=16.0, model_b_id=10.0, num_times_to_use=750, port_number=6308, qid=8, times_record='/panfs/panasas01/phys/bf16951/QMD/ParallelDevelopment/Results/Aug_21/15_59/BayesFactorsTimeRecords/BayesFactorsPairsTimes_008.txt', trueModel='xTiPPxTxPPyTiPPyTyPPzTiPPzTz') (0aadd1ea-61d6-437a-86a0-f27a9bc945c7)
02:56:05 8: Job OK (8f113a20-9d34-4d34-9a34-9119b9ea2d7f)
02:56:05 Result will never expire, clean up result key manually
02:56:05 Cleaning registries for queue: 8
02:56:05 
02:56:05 *** Listening on 8...
02:56:05 8: RemoteBayesFactor.BayesFactorRemote(bayes_threshold=100, bf_data_folder='/panfs/panasas01/phys/bf16951/QMD/ParallelDevelopment/Results/Aug_21/15_59/BayesFactorsTimeRecords/', branchID=9, host_name='node36-004', interbranch=False, log_file='/panfs/panasas01/phys/bf16951/QMD/ParallelDevelopment/Results/Aug_21/15_59/logs/experimental_run_for_single_instance_tree_8.qmd.8644314.log', model_a_id=11.0, model_b_id=3.0, num_times_to_use=750, port_number=6308, qid=8, times_record='/panfs/panasas01/phys/bf16951/QMD/ParallelDevelopment/Results/Aug_21/15_59/BayesFactorsTimeRecords/BayesFactorsPairsTimes_008.txt', trueModel='xTiPPxTxPPyTiPPyTyPPzTiPPzTz') (6c8d022b-5ea6-498f-98ac-50ccd7ea050b)
02:56:43 8: Job OK (e67074f6-22e2-4e92-9f6c-3020eca9f161)
02:56:43 Result will never expire, clean up result key manually
02:56:43 Cleaning registries for queue: 8
02:56:43 
02:56:43 *** Listening on 8...
02:56:43 8: RemoteBayesFactor.BayesFactorRemote(bayes_threshold=100, bf_data_folder='/panfs/panasas01/phys/bf16951/QMD/ParallelDevelopment/Results/Aug_21/15_59/BayesFactorsTimeRecords/', branchID=9, host_name='node36-004', interbranch=False, log_file='/panfs/panasas01/phys/bf16951/QMD/ParallelDevelopment/Results/Aug_21/15_59/logs/experimental_run_for_single_instance_tree_8.qmd.8644314.log', model_a_id=11.0, model_b_id=8.0, num_times_to_use=750, port_number=6308, qid=8, times_record='/panfs/panasas01/phys/bf16951/QMD/ParallelDevelopment/Results/Aug_21/15_59/BayesFactorsTimeRecords/BayesFactorsPairsTimes_008.txt', trueModel='xTiPPxTxPPyTiPPyTyPPzTiPPzTz') (3c32496c-2966-4d98-8f8c-48d7c85497ad)
02:56:47 8: Job OK (482e22c4-fb3f-4cea-8bf0-ae60a4ed6df2)
02:56:47 Result will never expire, clean up result key manually
02:56:47 Cleaning registries for queue: 8
02:56:47 
02:56:47 *** Listening on 8...
02:56:47 8: RemoteBayesFactor.BayesFactorRemote(bayes_threshold=100, bf_data_folder='/panfs/panasas01/phys/bf16951/QMD/ParallelDevelopment/Results/Aug_21/15_59/BayesFactorsTimeRecords/', branchID=9, host_name='node36-004', interbranch=False, log_file='/panfs/panasas01/phys/bf16951/QMD/ParallelDevelopment/Results/Aug_21/15_59/logs/experimental_run_for_single_instance_tree_8.qmd.8644314.log', model_a_id=11.0, model_b_id=10.0, num_times_to_use=750, port_number=6308, qid=8, times_record='/panfs/panasas01/phys/bf16951/QMD/ParallelDevelopment/Results/Aug_21/15_59/BayesFactorsTimeRecords/BayesFactorsPairsTimes_008.txt', trueModel='xTiPPxTxPPyTiPPyTyPPzTiPPzTz') (11876661-b964-4ab1-8299-7ed1a92f66c3)
03:43:31 8: Job OK (a66ef50a-5ab4-479e-805d-6881790f126e)
03:43:31 Result will never expire, clean up result key manually
03:43:31 
03:43:31 *** Listening on 8...
03:43:31 8: RemoteBayesFactor.BayesFactorRemote(bayes_threshold=100, bf_data_folder='/panfs/panasas01/phys/bf16951/QMD/ParallelDevelopment/Results/Aug_21/15_59/BayesFactorsTimeRecords/', branchID=9, host_name='node36-004', interbranch=False, log_file='/panfs/panasas01/phys/bf16951/QMD/ParallelDevelopment/Results/Aug_21/15_59/logs/experimental_run_for_single_instance_tree_8.qmd.8644314.log', model_a_id=3.0, model_b_id=8.0, num_times_to_use=750, port_number=6308, qid=8, times_record='/panfs/panasas01/phys/bf16951/QMD/ParallelDevelopment/Results/Aug_21/15_59/BayesFactorsTimeRecords/BayesFactorsPairsTimes_008.txt', trueModel='xTiPPxTxPPyTiPPyTyPPzTiPPzTz') (bdd02930-802a-4dc8-99f9-26574eaa09c9)
03:43:53 8: Job OK (0aadd1ea-61d6-437a-86a0-f27a9bc945c7)
03:43:53 Result will never expire, clean up result key manually
03:43:53 
03:43:53 *** Listening on 8...
03:43:53 8: RemoteBayesFactor.BayesFactorRemote(bayes_threshold=100, bf_data_folder='/panfs/panasas01/phys/bf16951/QMD/ParallelDevelopment/Results/Aug_21/15_59/BayesFactorsTimeRecords/', branchID=9, host_name='node36-004', interbranch=False, log_file='/panfs/panasas01/phys/bf16951/QMD/ParallelDevelopment/Results/Aug_21/15_59/logs/experimental_run_for_single_instance_tree_8.qmd.8644314.log', model_a_id=3.0, model_b_id=10.0, num_times_to_use=750, port_number=6308, qid=8, times_record='/panfs/panasas01/phys/bf16951/QMD/ParallelDevelopment/Results/Aug_21/15_59/BayesFactorsTimeRecords/BayesFactorsPairsTimes_008.txt', trueModel='xTiPPxTxPPyTiPPyTyPPzTiPPzTz') (29332329-0ca2-4748-b7aa-5588c869339a)
03:44:04 8: Job OK (6c8d022b-5ea6-498f-98ac-50ccd7ea050b)
03:44:04 Result will never expire, clean up result key manually
03:44:04 
03:44:04 *** Listening on 8...
03:44:04 8: RemoteBayesFactor.BayesFactorRemote(bayes_threshold=100, bf_data_folder='/panfs/panasas01/phys/bf16951/QMD/ParallelDevelopment/Results/Aug_21/15_59/BayesFactorsTimeRecords/', branchID=9, host_name='node36-004', interbranch=False, log_file='/panfs/panasas01/phys/bf16951/QMD/ParallelDevelopment/Results/Aug_21/15_59/logs/experimental_run_for_single_instance_tree_8.qmd.8644314.log', model_a_id=8.0, model_b_id=10.0, num_times_to_use=750, port_number=6308, qid=8, times_record='/panfs/panasas01/phys/bf16951/QMD/ParallelDevelopment/Results/Aug_21/15_59/BayesFactorsTimeRecords/BayesFactorsPairsTimes_008.txt', trueModel='xTiPPxTxPPyTiPPyTyPPzTiPPzTz') (3048c495-fdcb-4491-9248-870d376d7cec)
03:44:21 8: Job OK (c764d697-96cd-4d8a-aea5-3c5c85d0746a)
03:44:21 Result will never expire, clean up result key manually
03:44:21 
03:44:21 *** Listening on 8...
03:45:52 8: Job OK (3c32496c-2966-4d98-8f8c-48d7c85497ad)
03:45:52 Result will never expire, clean up result key manually
03:45:52 
03:45:52 *** Listening on 8...
03:45:59 8: Job OK (11876661-b964-4ab1-8299-7ed1a92f66c3)
03:45:59 Result will never expire, clean up result key manually
03:45:59 
03:45:59 *** Listening on 8...
04:31:03 8: Job OK (bdd02930-802a-4dc8-99f9-26574eaa09c9)
04:31:03 Result will never expire, clean up result key manually
04:31:03 Cleaning registries for queue: 8
04:31:03 
04:31:03 *** Listening on 8...
04:31:04 8: Job OK (29332329-0ca2-4748-b7aa-5588c869339a)
04:31:04 Result will never expire, clean up result key manually
04:31:04 Cleaning registries for queue: 8
04:31:04 
04:31:04 *** Listening on 8...
04:31:24 8: Job OK (3048c495-fdcb-4491-9248-870d376d7cec)
04:31:24 Result will never expire, clean up result key manually
04:31:24 Cleaning registries for queue: 8
04:31:24 
04:31:24 *** Listening on 8...
Error 111 connecting to node36-004:6308. Connection refused.
Error 111 connecting to node36-004:6308. Connection refused.
Error 111 connecting to node36-004:6308. Connection refused.
Error 111 connecting to node36-004:6308. Connection refused.
Error 111 connecting to node36-004:6308. Connection refused.
Error 111 connecting to node36-004:6308. Connection refused.
