15:59:55 RQ worker 'rq:worker:node34-028.68485' started, version 0.8.1
15:59:55 RQ worker 'rq:worker:node34-028.68489' started, version 0.8.1
15:59:55 RQ worker 'rq:worker:node34-028.68490' started, version 0.8.1
15:59:55 RQ worker 'rq:worker:node34-028.68486' started, version 0.8.1
15:59:55 RQ worker 'rq:worker:node34-028.68488' started, version 0.8.1
15:59:55 RQ worker 'rq:worker:node34-028.68487' started, version 0.8.1
15:59:55 Cleaning registries for queue: 3
15:59:55 Cleaning registries for queue: 3
15:59:55 Cleaning registries for queue: 3
15:59:55 Cleaning registries for queue: 3
15:59:55 Cleaning registries for queue: 3
15:59:55 Cleaning registries for queue: 3
15:59:55 
15:59:55 
15:59:55 
15:59:55 *** Listening on 3...
15:59:55 *** Listening on 3...
15:59:55 *** Listening on 3...
15:59:55 
15:59:55 
15:59:55 
15:59:55 *** Listening on 3...
15:59:55 *** Listening on 3...
15:59:55 *** Listening on 3...
16:00:09 3: RemoteModelLearning.learnModelRemote('xTi', 0.0, branchID=0, growth_generator='two_qubit_ising_rotation_hyperfine_transverse', host_name='node34-028', log_file='/panfs/panasas01/phys/bf16951/QMD/ParallelDevelopment/Results/Aug_21/15_59/logs/experimental_run_for_single_instance_tree_3.qmd.8644309.log', port_number=6303, qid=3, remote=True) (b1c10b51-e1ac-4451-862d-c5237a089757)
16:00:09 3: RemoteModelLearning.learnModelRemote('yTi', 1.0, branchID=0, growth_generator='two_qubit_ising_rotation_hyperfine_transverse', host_name='node34-028', log_file='/panfs/panasas01/phys/bf16951/QMD/ParallelDevelopment/Results/Aug_21/15_59/logs/experimental_run_for_single_instance_tree_3.qmd.8644309.log', port_number=6303, qid=3, remote=True) (066bf26b-2ddb-4e3a-a71c-b0de05b18c25)
16:00:09 3: RemoteModelLearning.learnModelRemote('zTi', 2.0, branchID=0, growth_generator='two_qubit_ising_rotation_hyperfine_transverse', host_name='node34-028', log_file='/panfs/panasas01/phys/bf16951/QMD/ParallelDevelopment/Results/Aug_21/15_59/logs/experimental_run_for_single_instance_tree_3.qmd.8644309.log', port_number=6303, qid=3, remote=True) (8f3c5568-4fbe-435b-9b56-89e49aa7a717)
16:23:45 3: Job OK (b1c10b51-e1ac-4451-862d-c5237a089757)
16:23:45 Result will never expire, clean up result key manually
16:23:45 
16:23:45 *** Listening on 3...
16:24:17 3: Job OK (066bf26b-2ddb-4e3a-a71c-b0de05b18c25)
16:24:17 Result will never expire, clean up result key manually
16:24:17 
16:24:17 *** Listening on 3...
16:30:48 3: Job OK (8f3c5568-4fbe-435b-9b56-89e49aa7a717)
16:30:48 Result will never expire, clean up result key manually
16:30:48 
16:30:48 *** Listening on 3...
16:30:48 3: RemoteBayesFactor.BayesFactorRemote(bayes_threshold=100, bf_data_folder='/panfs/panasas01/phys/bf16951/QMD/ParallelDevelopment/Results/Aug_21/15_59/BayesFactorsTimeRecords/', branchID=0, host_name='node34-028', interbranch=False, log_file='/panfs/panasas01/phys/bf16951/QMD/ParallelDevelopment/Results/Aug_21/15_59/logs/experimental_run_for_single_instance_tree_3.qmd.8644309.log', model_a_id=0, model_b_id=1, num_times_to_use=750, port_number=6303, qid=3, times_record='/panfs/panasas01/phys/bf16951/QMD/ParallelDevelopment/Results/Aug_21/15_59/BayesFactorsTimeRecords/BayesFactorsPairsTimes_003.txt', trueModel='xTiPPxTxPPyTiPPyTyPPzTiPPzTz') (35007c30-7d13-4002-a9aa-f749b8ad6152)
16:30:48 3: RemoteBayesFactor.BayesFactorRemote(bayes_threshold=100, bf_data_folder='/panfs/panasas01/phys/bf16951/QMD/ParallelDevelopment/Results/Aug_21/15_59/BayesFactorsTimeRecords/', branchID=0, host_name='node34-028', interbranch=False, log_file='/panfs/panasas01/phys/bf16951/QMD/ParallelDevelopment/Results/Aug_21/15_59/logs/experimental_run_for_single_instance_tree_3.qmd.8644309.log', model_a_id=0, model_b_id=2, num_times_to_use=750, port_number=6303, qid=3, times_record='/panfs/panasas01/phys/bf16951/QMD/ParallelDevelopment/Results/Aug_21/15_59/BayesFactorsTimeRecords/BayesFactorsPairsTimes_003.txt', trueModel='xTiPPxTxPPyTiPPyTyPPzTiPPzTz') (ea70f5c0-e117-4d77-ba31-fc1c245fc017)
16:30:48 3: RemoteBayesFactor.BayesFactorRemote(bayes_threshold=100, bf_data_folder='/panfs/panasas01/phys/bf16951/QMD/ParallelDevelopment/Results/Aug_21/15_59/BayesFactorsTimeRecords/', branchID=0, host_name='node34-028', interbranch=False, log_file='/panfs/panasas01/phys/bf16951/QMD/ParallelDevelopment/Results/Aug_21/15_59/logs/experimental_run_for_single_instance_tree_3.qmd.8644309.log', model_a_id=1, model_b_id=2, num_times_to_use=750, port_number=6303, qid=3, times_record='/panfs/panasas01/phys/bf16951/QMD/ParallelDevelopment/Results/Aug_21/15_59/BayesFactorsTimeRecords/BayesFactorsPairsTimes_003.txt', trueModel='xTiPPxTxPPyTiPPyTyPPzTiPPzTz') (47af9bdb-769e-45bc-b7a6-4c51b34bd0fd)
17:18:45 3: Job OK (35007c30-7d13-4002-a9aa-f749b8ad6152)
17:18:45 Result will never expire, clean up result key manually
17:18:45 Cleaning registries for queue: 3
17:18:45 
17:18:45 *** Listening on 3...
17:24:01 3: Job OK (ea70f5c0-e117-4d77-ba31-fc1c245fc017)
17:24:01 Result will never expire, clean up result key manually
17:24:01 Cleaning registries for queue: 3
17:24:01 
17:24:01 *** Listening on 3...
17:25:46 3: Job OK (47af9bdb-769e-45bc-b7a6-4c51b34bd0fd)
17:25:46 Result will never expire, clean up result key manually
17:25:46 Cleaning registries for queue: 3
17:25:46 
17:25:46 *** Listening on 3...
17:25:47 3: RemoteModelLearning.learnModelRemote('xTiPPyTi', 3.0, branchID=1, growth_generator='two_qubit_ising_rotation_hyperfine_transverse', host_name='node34-028', log_file='/panfs/panasas01/phys/bf16951/QMD/ParallelDevelopment/Results/Aug_21/15_59/logs/experimental_run_for_single_instance_tree_3.qmd.8644309.log', port_number=6303, qid=3, remote=True) (00238456-90e2-4f66-a692-e881df2c551b)
17:25:47 3: RemoteModelLearning.learnModelRemote('yTiPPzTi', 4.0, branchID=1, growth_generator='two_qubit_ising_rotation_hyperfine_transverse', host_name='node34-028', log_file='/panfs/panasas01/phys/bf16951/QMD/ParallelDevelopment/Results/Aug_21/15_59/logs/experimental_run_for_single_instance_tree_3.qmd.8644309.log', port_number=6303, qid=3, remote=True) (463a0dbb-09be-4eec-b5b4-0f99c27ac34a)
17:49:33 3: Job OK (463a0dbb-09be-4eec-b5b4-0f99c27ac34a)
17:49:33 Result will never expire, clean up result key manually
17:49:33 
17:49:33 *** Listening on 3...
17:49:49 3: Job OK (00238456-90e2-4f66-a692-e881df2c551b)
17:49:49 Result will never expire, clean up result key manually
17:49:49 Cleaning registries for queue: 3
17:49:49 
17:49:49 *** Listening on 3...
17:49:50 3: RemoteBayesFactor.BayesFactorRemote(bayes_threshold=100, bf_data_folder='/panfs/panasas01/phys/bf16951/QMD/ParallelDevelopment/Results/Aug_21/15_59/BayesFactorsTimeRecords/', branchID=1, host_name='node34-028', interbranch=False, log_file='/panfs/panasas01/phys/bf16951/QMD/ParallelDevelopment/Results/Aug_21/15_59/logs/experimental_run_for_single_instance_tree_3.qmd.8644309.log', model_a_id=3.0, model_b_id=4.0, num_times_to_use=750, port_number=6303, qid=3, times_record='/panfs/panasas01/phys/bf16951/QMD/ParallelDevelopment/Results/Aug_21/15_59/BayesFactorsTimeRecords/BayesFactorsPairsTimes_003.txt', trueModel='xTiPPxTxPPyTiPPyTyPPzTiPPzTz') (b979683c-e3c7-4a6b-b560-7d14f86d2c49)
18:37:11 3: Job OK (b979683c-e3c7-4a6b-b560-7d14f86d2c49)
18:37:11 Result will never expire, clean up result key manually
18:37:11 Cleaning registries for queue: 3
18:37:11 
18:37:11 *** Listening on 3...
18:37:11 3: RemoteModelLearning.learnModelRemote('xTiPPyTiPPzTi', 5.0, branchID=2, growth_generator='two_qubit_ising_rotation_hyperfine_transverse', host_name='node34-028', log_file='/panfs/panasas01/phys/bf16951/QMD/ParallelDevelopment/Results/Aug_21/15_59/logs/experimental_run_for_single_instance_tree_3.qmd.8644309.log', port_number=6303, qid=3, remote=True) (6a8e62d8-86d8-4112-9a06-d73185c14ac0)
19:01:08 3: Job OK (6a8e62d8-86d8-4112-9a06-d73185c14ac0)
19:01:08 Result will never expire, clean up result key manually
19:01:08 Cleaning registries for queue: 3
19:01:08 
19:01:08 *** Listening on 3...
19:01:09 3: RemoteModelLearning.learnModelRemote('xTiPPyTiPPyTyPPzTi', 6.0, branchID=3, growth_generator='two_qubit_ising_rotation_hyperfine_transverse', host_name='node34-028', log_file='/panfs/panasas01/phys/bf16951/QMD/ParallelDevelopment/Results/Aug_21/15_59/logs/experimental_run_for_single_instance_tree_3.qmd.8644309.log', port_number=6303, qid=3, remote=True) (e908985e-5d7b-4e19-bf2e-8f38b1e1240f)
19:01:09 3: RemoteModelLearning.learnModelRemote('xTiPPyTiPPzTiPPzTz', 7.0, branchID=3, growth_generator='two_qubit_ising_rotation_hyperfine_transverse', host_name='node34-028', log_file='/panfs/panasas01/phys/bf16951/QMD/ParallelDevelopment/Results/Aug_21/15_59/logs/experimental_run_for_single_instance_tree_3.qmd.8644309.log', port_number=6303, qid=3, remote=True) (3453d282-799d-45e1-9bcb-eeb262345e49)
19:01:09 3: RemoteModelLearning.learnModelRemote('xTiPPxTxPPyTiPPzTi', 8.0, branchID=3, growth_generator='two_qubit_ising_rotation_hyperfine_transverse', host_name='node34-028', log_file='/panfs/panasas01/phys/bf16951/QMD/ParallelDevelopment/Results/Aug_21/15_59/logs/experimental_run_for_single_instance_tree_3.qmd.8644309.log', port_number=6303, qid=3, remote=True) (c3afc0c4-7cf4-4227-9684-07e8f0784745)
19:25:12 3: Job OK (e908985e-5d7b-4e19-bf2e-8f38b1e1240f)
19:25:12 Result will never expire, clean up result key manually
19:25:12 
19:25:12 *** Listening on 3...
19:25:14 3: Job OK (c3afc0c4-7cf4-4227-9684-07e8f0784745)
19:25:14 Result will never expire, clean up result key manually
19:25:14 Cleaning registries for queue: 3
19:25:14 
19:25:14 *** Listening on 3...
19:25:23 3: Job OK (3453d282-799d-45e1-9bcb-eeb262345e49)
19:25:23 Result will never expire, clean up result key manually
19:25:23 Cleaning registries for queue: 3
19:25:23 
19:25:23 *** Listening on 3...
19:25:23 3: RemoteBayesFactor.BayesFactorRemote(bayes_threshold=100, bf_data_folder='/panfs/panasas01/phys/bf16951/QMD/ParallelDevelopment/Results/Aug_21/15_59/BayesFactorsTimeRecords/', branchID=3, host_name='node34-028', interbranch=False, log_file='/panfs/panasas01/phys/bf16951/QMD/ParallelDevelopment/Results/Aug_21/15_59/logs/experimental_run_for_single_instance_tree_3.qmd.8644309.log', model_a_id=6.0, model_b_id=7.0, num_times_to_use=750, port_number=6303, qid=3, times_record='/panfs/panasas01/phys/bf16951/QMD/ParallelDevelopment/Results/Aug_21/15_59/BayesFactorsTimeRecords/BayesFactorsPairsTimes_003.txt', trueModel='xTiPPxTxPPyTiPPyTyPPzTiPPzTz') (4c13aa19-644d-4a20-99d8-8f3c669358ac)
19:25:23 3: RemoteBayesFactor.BayesFactorRemote(bayes_threshold=100, bf_data_folder='/panfs/panasas01/phys/bf16951/QMD/ParallelDevelopment/Results/Aug_21/15_59/BayesFactorsTimeRecords/', branchID=3, host_name='node34-028', interbranch=False, log_file='/panfs/panasas01/phys/bf16951/QMD/ParallelDevelopment/Results/Aug_21/15_59/logs/experimental_run_for_single_instance_tree_3.qmd.8644309.log', model_a_id=6.0, model_b_id=8.0, num_times_to_use=750, port_number=6303, qid=3, times_record='/panfs/panasas01/phys/bf16951/QMD/ParallelDevelopment/Results/Aug_21/15_59/BayesFactorsTimeRecords/BayesFactorsPairsTimes_003.txt', trueModel='xTiPPxTxPPyTiPPyTyPPzTiPPzTz') (2e345037-916d-499b-b3f8-a83b3296f1ec)
19:25:23 3: RemoteBayesFactor.BayesFactorRemote(bayes_threshold=100, bf_data_folder='/panfs/panasas01/phys/bf16951/QMD/ParallelDevelopment/Results/Aug_21/15_59/BayesFactorsTimeRecords/', branchID=3, host_name='node34-028', interbranch=False, log_file='/panfs/panasas01/phys/bf16951/QMD/ParallelDevelopment/Results/Aug_21/15_59/logs/experimental_run_for_single_instance_tree_3.qmd.8644309.log', model_a_id=7.0, model_b_id=8.0, num_times_to_use=750, port_number=6303, qid=3, times_record='/panfs/panasas01/phys/bf16951/QMD/ParallelDevelopment/Results/Aug_21/15_59/BayesFactorsTimeRecords/BayesFactorsPairsTimes_003.txt', trueModel='xTiPPxTxPPyTiPPyTyPPzTiPPzTz') (6b10438c-c713-42aa-87ac-c9ea9b713996)
20:13:12 3: Job OK (2e345037-916d-499b-b3f8-a83b3296f1ec)
20:13:12 Result will never expire, clean up result key manually
20:13:12 Cleaning registries for queue: 3
20:13:12 
20:13:12 *** Listening on 3...
20:13:23 3: Job OK (6b10438c-c713-42aa-87ac-c9ea9b713996)
20:13:23 Result will never expire, clean up result key manually
20:13:23 Cleaning registries for queue: 3
20:13:23 
20:13:23 *** Listening on 3...
20:13:30 3: Job OK (4c13aa19-644d-4a20-99d8-8f3c669358ac)
20:13:30 Result will never expire, clean up result key manually
20:13:30 Cleaning registries for queue: 3
20:13:30 
20:13:30 *** Listening on 3...
20:13:30 3: RemoteModelLearning.learnModelRemote('xTiPPxTxPPyTiPPyTyPPzTi', 9.0, branchID=4, growth_generator='two_qubit_ising_rotation_hyperfine_transverse', host_name='node34-028', log_file='/panfs/panasas01/phys/bf16951/QMD/ParallelDevelopment/Results/Aug_21/15_59/logs/experimental_run_for_single_instance_tree_3.qmd.8644309.log', port_number=6303, qid=3, remote=True) (ad533928-217c-4f8f-b67f-d80a423c7e51)
20:13:30 3: RemoteModelLearning.learnModelRemote('xTiPPyTiPPyTyPPzTiPPzTz', 10.0, branchID=4, growth_generator='two_qubit_ising_rotation_hyperfine_transverse', host_name='node34-028', log_file='/panfs/panasas01/phys/bf16951/QMD/ParallelDevelopment/Results/Aug_21/15_59/logs/experimental_run_for_single_instance_tree_3.qmd.8644309.log', port_number=6303, qid=3, remote=True) (694312d8-189a-4616-bba6-ba76a240b87f)
20:36:47 3: Job OK (694312d8-189a-4616-bba6-ba76a240b87f)
20:36:47 Result will never expire, clean up result key manually
20:36:47 Cleaning registries for queue: 3
20:36:47 
20:36:47 *** Listening on 3...
20:37:24 3: Job OK (ad533928-217c-4f8f-b67f-d80a423c7e51)
20:37:24 Result will never expire, clean up result key manually
20:37:24 
20:37:24 *** Listening on 3...
20:37:24 3: RemoteBayesFactor.BayesFactorRemote(bayes_threshold=100, bf_data_folder='/panfs/panasas01/phys/bf16951/QMD/ParallelDevelopment/Results/Aug_21/15_59/BayesFactorsTimeRecords/', branchID=4, host_name='node34-028', interbranch=False, log_file='/panfs/panasas01/phys/bf16951/QMD/ParallelDevelopment/Results/Aug_21/15_59/logs/experimental_run_for_single_instance_tree_3.qmd.8644309.log', model_a_id=9.0, model_b_id=10.0, num_times_to_use=750, port_number=6303, qid=3, times_record='/panfs/panasas01/phys/bf16951/QMD/ParallelDevelopment/Results/Aug_21/15_59/BayesFactorsTimeRecords/BayesFactorsPairsTimes_003.txt', trueModel='xTiPPxTxPPyTiPPyTyPPzTiPPzTz') (c94d5b6a-7320-41a5-b128-4887f40ecfc7)
21:23:18 3: Job OK (c94d5b6a-7320-41a5-b128-4887f40ecfc7)
21:23:18 Result will never expire, clean up result key manually
21:23:18 Cleaning registries for queue: 3
21:23:18 
21:23:18 *** Listening on 3...
21:23:18 3: RemoteModelLearning.learnModelRemote('xTiPPxTxPPyTiPPyTyPPzTiPPzTz', 11.0, branchID=5, growth_generator='two_qubit_ising_rotation_hyperfine_transverse', host_name='node34-028', log_file='/panfs/panasas01/phys/bf16951/QMD/ParallelDevelopment/Results/Aug_21/15_59/logs/experimental_run_for_single_instance_tree_3.qmd.8644309.log', port_number=6303, qid=3, remote=True) (b2c6bc39-3bba-4888-8e29-d76a7b05ca62)
21:47:09 3: Job OK (b2c6bc39-3bba-4888-8e29-d76a7b05ca62)
21:47:09 Result will never expire, clean up result key manually
21:47:09 Cleaning registries for queue: 3
21:47:09 
21:47:09 *** Listening on 3...
21:47:09 3: RemoteModelLearning.learnModelRemote('xTiPPxTxPPxTzPPyTiPPyTyPPzTiPPzTz', 12.0, branchID=6, growth_generator='two_qubit_ising_rotation_hyperfine_transverse', host_name='node34-028', log_file='/panfs/panasas01/phys/bf16951/QMD/ParallelDevelopment/Results/Aug_21/15_59/logs/experimental_run_for_single_instance_tree_3.qmd.8644309.log', port_number=6303, qid=3, remote=True) (9cf5a65a-5a0c-4340-b868-9d80e47f1740)
21:47:09 3: RemoteModelLearning.learnModelRemote('xTiPPxTxPPxTyPPyTiPPyTyPPzTiPPzTz', 13.0, branchID=6, growth_generator='two_qubit_ising_rotation_hyperfine_transverse', host_name='node34-028', log_file='/panfs/panasas01/phys/bf16951/QMD/ParallelDevelopment/Results/Aug_21/15_59/logs/experimental_run_for_single_instance_tree_3.qmd.8644309.log', port_number=6303, qid=3, remote=True) (110bc81c-abde-4271-8e69-d1b53f42e122)
21:47:09 3: RemoteModelLearning.learnModelRemote('xTiPPxTxPPyTiPPyTyPPyTzPPzTiPPzTz', 14.0, branchID=6, growth_generator='two_qubit_ising_rotation_hyperfine_transverse', host_name='node34-028', log_file='/panfs/panasas01/phys/bf16951/QMD/ParallelDevelopment/Results/Aug_21/15_59/logs/experimental_run_for_single_instance_tree_3.qmd.8644309.log', port_number=6303, qid=3, remote=True) (3eecc95b-987d-496c-ad3f-7ca2e22919ff)
22:10:27 3: Job OK (110bc81c-abde-4271-8e69-d1b53f42e122)
22:10:27 Result will never expire, clean up result key manually
22:10:27 Cleaning registries for queue: 3
22:10:27 
22:10:27 *** Listening on 3...
22:10:45 3: Job OK (3eecc95b-987d-496c-ad3f-7ca2e22919ff)
22:10:45 Result will never expire, clean up result key manually
22:10:45 Cleaning registries for queue: 3
22:10:45 
22:10:45 *** Listening on 3...
22:10:50 3: Job OK (9cf5a65a-5a0c-4340-b868-9d80e47f1740)
22:10:50 Result will never expire, clean up result key manually
22:10:50 
22:10:50 *** Listening on 3...
22:10:50 3: RemoteBayesFactor.BayesFactorRemote(bayes_threshold=100, bf_data_folder='/panfs/panasas01/phys/bf16951/QMD/ParallelDevelopment/Results/Aug_21/15_59/BayesFactorsTimeRecords/', branchID=6, host_name='node34-028', interbranch=False, log_file='/panfs/panasas01/phys/bf16951/QMD/ParallelDevelopment/Results/Aug_21/15_59/logs/experimental_run_for_single_instance_tree_3.qmd.8644309.log', model_a_id=12.0, model_b_id=13.0, num_times_to_use=750, port_number=6303, qid=3, times_record='/panfs/panasas01/phys/bf16951/QMD/ParallelDevelopment/Results/Aug_21/15_59/BayesFactorsTimeRecords/BayesFactorsPairsTimes_003.txt', trueModel='xTiPPxTxPPyTiPPyTyPPzTiPPzTz') (64a82c0b-1479-4f6c-af5a-5b01955842f9)
22:10:50 3: RemoteBayesFactor.BayesFactorRemote(bayes_threshold=100, bf_data_folder='/panfs/panasas01/phys/bf16951/QMD/ParallelDevelopment/Results/Aug_21/15_59/BayesFactorsTimeRecords/', branchID=6, host_name='node34-028', interbranch=False, log_file='/panfs/panasas01/phys/bf16951/QMD/ParallelDevelopment/Results/Aug_21/15_59/logs/experimental_run_for_single_instance_tree_3.qmd.8644309.log', model_a_id=12.0, model_b_id=14.0, num_times_to_use=750, port_number=6303, qid=3, times_record='/panfs/panasas01/phys/bf16951/QMD/ParallelDevelopment/Results/Aug_21/15_59/BayesFactorsTimeRecords/BayesFactorsPairsTimes_003.txt', trueModel='xTiPPxTxPPyTiPPyTyPPzTiPPzTz') (a1996845-5ec7-4558-8886-08885cafe997)
22:10:50 3: RemoteBayesFactor.BayesFactorRemote(bayes_threshold=100, bf_data_folder='/panfs/panasas01/phys/bf16951/QMD/ParallelDevelopment/Results/Aug_21/15_59/BayesFactorsTimeRecords/', branchID=6, host_name='node34-028', interbranch=False, log_file='/panfs/panasas01/phys/bf16951/QMD/ParallelDevelopment/Results/Aug_21/15_59/logs/experimental_run_for_single_instance_tree_3.qmd.8644309.log', model_a_id=13.0, model_b_id=14.0, num_times_to_use=750, port_number=6303, qid=3, times_record='/panfs/panasas01/phys/bf16951/QMD/ParallelDevelopment/Results/Aug_21/15_59/BayesFactorsTimeRecords/BayesFactorsPairsTimes_003.txt', trueModel='xTiPPxTxPPyTiPPyTyPPzTiPPzTz') (ee85aaae-7031-46bc-8569-866ac6c0802e)
22:57:04 3: Job OK (ee85aaae-7031-46bc-8569-866ac6c0802e)
22:57:04 Result will never expire, clean up result key manually
22:57:04 Cleaning registries for queue: 3
22:57:04 
22:57:04 *** Listening on 3...
22:57:08 3: Job OK (64a82c0b-1479-4f6c-af5a-5b01955842f9)
22:57:08 Result will never expire, clean up result key manually
22:57:08 Cleaning registries for queue: 3
22:57:08 
22:57:08 *** Listening on 3...
22:57:31 3: Job OK (a1996845-5ec7-4558-8886-08885cafe997)
22:57:31 Result will never expire, clean up result key manually
22:57:31 Cleaning registries for queue: 3
22:57:31 
22:57:31 *** Listening on 3...
22:57:31 3: RemoteModelLearning.learnModelRemote('xTiPPxTxPPxTyPPyTiPPyTyPPyTzPPzTiPPzTz', 15.0, branchID=7, growth_generator='two_qubit_ising_rotation_hyperfine_transverse', host_name='node34-028', log_file='/panfs/panasas01/phys/bf16951/QMD/ParallelDevelopment/Results/Aug_21/15_59/logs/experimental_run_for_single_instance_tree_3.qmd.8644309.log', port_number=6303, qid=3, remote=True) (3f7414c5-f747-4e0e-a1db-b31d9e58e4b3)
22:57:31 3: RemoteModelLearning.learnModelRemote('xTiPPxTxPPxTyPPxTzPPyTiPPyTyPPzTiPPzTz', 16.0, branchID=7, growth_generator='two_qubit_ising_rotation_hyperfine_transverse', host_name='node34-028', log_file='/panfs/panasas01/phys/bf16951/QMD/ParallelDevelopment/Results/Aug_21/15_59/logs/experimental_run_for_single_instance_tree_3.qmd.8644309.log', port_number=6303, qid=3, remote=True) (566ac15c-007d-4896-a2e8-36a2c3d84771)
23:20:04 3: Job OK (3f7414c5-f747-4e0e-a1db-b31d9e58e4b3)
23:20:04 Result will never expire, clean up result key manually
23:20:04 Cleaning registries for queue: 3
23:20:04 
23:20:04 *** Listening on 3...
23:21:25 3: Job OK (566ac15c-007d-4896-a2e8-36a2c3d84771)
23:21:25 Result will never expire, clean up result key manually
23:21:25 Cleaning registries for queue: 3
23:21:25 
23:21:25 *** Listening on 3...
23:21:25 3: RemoteBayesFactor.BayesFactorRemote(bayes_threshold=100, bf_data_folder='/panfs/panasas01/phys/bf16951/QMD/ParallelDevelopment/Results/Aug_21/15_59/BayesFactorsTimeRecords/', branchID=7, host_name='node34-028', interbranch=False, log_file='/panfs/panasas01/phys/bf16951/QMD/ParallelDevelopment/Results/Aug_21/15_59/logs/experimental_run_for_single_instance_tree_3.qmd.8644309.log', model_a_id=15.0, model_b_id=16.0, num_times_to_use=750, port_number=6303, qid=3, times_record='/panfs/panasas01/phys/bf16951/QMD/ParallelDevelopment/Results/Aug_21/15_59/BayesFactorsTimeRecords/BayesFactorsPairsTimes_003.txt', trueModel='xTiPPxTxPPyTiPPyTyPPzTiPPzTz') (1e0d8dd4-b838-4082-b63e-318bb2a0e14d)
00:07:05 3: Job OK (1e0d8dd4-b838-4082-b63e-318bb2a0e14d)
00:07:05 Result will never expire, clean up result key manually
00:07:05 Cleaning registries for queue: 3
00:07:05 
00:07:05 *** Listening on 3...
00:07:05 3: RemoteModelLearning.learnModelRemote('xTiPPxTxPPxTyPPxTzPPyTiPPyTyPPyTzPPzTiPPzTz', 17.0, branchID=8, growth_generator='two_qubit_ising_rotation_hyperfine_transverse', host_name='node34-028', log_file='/panfs/panasas01/phys/bf16951/QMD/ParallelDevelopment/Results/Aug_21/15_59/logs/experimental_run_for_single_instance_tree_3.qmd.8644309.log', port_number=6303, qid=3, remote=True) (5b111330-f68b-444b-8bd2-6415ad394a19)
00:29:51 3: Job OK (5b111330-f68b-444b-8bd2-6415ad394a19)
00:29:51 Result will never expire, clean up result key manually
00:29:51 3: RemoteBayesFactor.BayesFactorRemote(bayes_threshold=100, bf_data_folder='/panfs/panasas01/phys/bf16951/QMD/ParallelDevelopment/Results/Aug_21/15_59/BayesFactorsTimeRecords/', branchID=None, host_name='node34-028', interbranch=True, log_file='/panfs/panasas01/phys/bf16951/QMD/ParallelDevelopment/Results/Aug_21/15_59/logs/experimental_run_for_single_instance_tree_3.qmd.8644309.log', model_a_id=1, model_b_id=3, num_times_to_use=750, port_number=6303, qid=3, times_record='/panfs/panasas01/phys/bf16951/QMD/ParallelDevelopment/Results/Aug_21/15_59/BayesFactorsTimeRecords/BayesFactorsPairsTimes_003.txt', trueModel='xTiPPxTxPPyTiPPyTyPPzTiPPzTz') (7daee123-40ef-424e-8ce4-f5318c3b6a0c)
00:29:51 3: RemoteBayesFactor.BayesFactorRemote(bayes_threshold=100, bf_data_folder='/panfs/panasas01/phys/bf16951/QMD/ParallelDevelopment/Results/Aug_21/15_59/BayesFactorsTimeRecords/', branchID=None, host_name='node34-028', interbranch=True, log_file='/panfs/panasas01/phys/bf16951/QMD/ParallelDevelopment/Results/Aug_21/15_59/logs/experimental_run_for_single_instance_tree_3.qmd.8644309.log', model_a_id=3, model_b_id=5, num_times_to_use=750, port_number=6303, qid=3, times_record='/panfs/panasas01/phys/bf16951/QMD/ParallelDevelopment/Results/Aug_21/15_59/BayesFactorsTimeRecords/BayesFactorsPairsTimes_003.txt', trueModel='xTiPPxTxPPyTiPPyTyPPzTiPPzTz') (60214626-0565-41ef-9522-87bb952351e2)
00:29:51 3: RemoteBayesFactor.BayesFactorRemote(bayes_threshold=100, bf_data_folder='/panfs/panasas01/phys/bf16951/QMD/ParallelDevelopment/Results/Aug_21/15_59/BayesFactorsTimeRecords/', branchID=None, host_name='node34-028', interbranch=True, log_file='/panfs/panasas01/phys/bf16951/QMD/ParallelDevelopment/Results/Aug_21/15_59/logs/experimental_run_for_single_instance_tree_3.qmd.8644309.log', model_a_id=5, model_b_id=6, num_times_to_use=750, port_number=6303, qid=3, times_record='/panfs/panasas01/phys/bf16951/QMD/ParallelDevelopment/Results/Aug_21/15_59/BayesFactorsTimeRecords/BayesFactorsPairsTimes_003.txt', trueModel='xTiPPxTxPPyTiPPyTyPPzTiPPzTz') (63af5566-455e-4d25-82a2-9c51e5d950b2)
00:29:51 Cleaning registries for queue: 3
00:29:51 3: RemoteBayesFactor.BayesFactorRemote(bayes_threshold=100, bf_data_folder='/panfs/panasas01/phys/bf16951/QMD/ParallelDevelopment/Results/Aug_21/15_59/BayesFactorsTimeRecords/', branchID=None, host_name='node34-028', interbranch=True, log_file='/panfs/panasas01/phys/bf16951/QMD/ParallelDevelopment/Results/Aug_21/15_59/logs/experimental_run_for_single_instance_tree_3.qmd.8644309.log', model_a_id=10, model_b_id=11, num_times_to_use=750, port_number=6303, qid=3, times_record='/panfs/panasas01/phys/bf16951/QMD/ParallelDevelopment/Results/Aug_21/15_59/BayesFactorsTimeRecords/BayesFactorsPairsTimes_003.txt', trueModel='xTiPPxTxPPyTiPPyTyPPzTiPPzTz') (65251d69-b91d-406b-8828-0bad1de7a9ae)
00:29:51 
00:29:51 *** Listening on 3...
00:29:51 3: RemoteBayesFactor.BayesFactorRemote(bayes_threshold=100, bf_data_folder='/panfs/panasas01/phys/bf16951/QMD/ParallelDevelopment/Results/Aug_21/15_59/BayesFactorsTimeRecords/', branchID=None, host_name='node34-028', interbranch=True, log_file='/panfs/panasas01/phys/bf16951/QMD/ParallelDevelopment/Results/Aug_21/15_59/logs/experimental_run_for_single_instance_tree_3.qmd.8644309.log', model_a_id=11, model_b_id=13, num_times_to_use=750, port_number=6303, qid=3, times_record='/panfs/panasas01/phys/bf16951/QMD/ParallelDevelopment/Results/Aug_21/15_59/BayesFactorsTimeRecords/BayesFactorsPairsTimes_003.txt', trueModel='xTiPPxTxPPyTiPPyTyPPzTiPPzTz') (d2785d65-3ca3-4815-810c-b9622dd22b35)
00:29:51 3: RemoteBayesFactor.BayesFactorRemote(bayes_threshold=100, bf_data_folder='/panfs/panasas01/phys/bf16951/QMD/ParallelDevelopment/Results/Aug_21/15_59/BayesFactorsTimeRecords/', branchID=None, host_name='node34-028', interbranch=True, log_file='/panfs/panasas01/phys/bf16951/QMD/ParallelDevelopment/Results/Aug_21/15_59/logs/experimental_run_for_single_instance_tree_3.qmd.8644309.log', model_a_id=6, model_b_id=10, num_times_to_use=750, port_number=6303, qid=3, times_record='/panfs/panasas01/phys/bf16951/QMD/ParallelDevelopment/Results/Aug_21/15_59/BayesFactorsTimeRecords/BayesFactorsPairsTimes_003.txt', trueModel='xTiPPxTxPPyTiPPyTyPPzTiPPzTz') (80bd9f9c-e33f-4a85-84d6-b0ba06094de7)
01:17:14 3: Job OK (65251d69-b91d-406b-8828-0bad1de7a9ae)
01:17:14 Result will never expire, clean up result key manually
01:17:14 Cleaning registries for queue: 3
01:17:14 
01:17:14 *** Listening on 3...
01:17:14 3: RemoteBayesFactor.BayesFactorRemote(bayes_threshold=100, bf_data_folder='/panfs/panasas01/phys/bf16951/QMD/ParallelDevelopment/Results/Aug_21/15_59/BayesFactorsTimeRecords/', branchID=None, host_name='node34-028', interbranch=True, log_file='/panfs/panasas01/phys/bf16951/QMD/ParallelDevelopment/Results/Aug_21/15_59/logs/experimental_run_for_single_instance_tree_3.qmd.8644309.log', model_a_id=13, model_b_id=15, num_times_to_use=750, port_number=6303, qid=3, times_record='/panfs/panasas01/phys/bf16951/QMD/ParallelDevelopment/Results/Aug_21/15_59/BayesFactorsTimeRecords/BayesFactorsPairsTimes_003.txt', trueModel='xTiPPxTxPPyTiPPyTyPPzTiPPzTz') (915c7e1d-cb93-45a5-a132-50bf02ddb059)
01:17:24 3: Job OK (80bd9f9c-e33f-4a85-84d6-b0ba06094de7)
01:17:24 Result will never expire, clean up result key manually
01:17:24 Cleaning registries for queue: 3
01:17:24 
01:17:24 *** Listening on 3...
01:17:24 3: RemoteBayesFactor.BayesFactorRemote(bayes_threshold=100, bf_data_folder='/panfs/panasas01/phys/bf16951/QMD/ParallelDevelopment/Results/Aug_21/15_59/BayesFactorsTimeRecords/', branchID=None, host_name='node34-028', interbranch=True, log_file='/panfs/panasas01/phys/bf16951/QMD/ParallelDevelopment/Results/Aug_21/15_59/logs/experimental_run_for_single_instance_tree_3.qmd.8644309.log', model_a_id=15, model_b_id=17, num_times_to_use=750, port_number=6303, qid=3, times_record='/panfs/panasas01/phys/bf16951/QMD/ParallelDevelopment/Results/Aug_21/15_59/BayesFactorsTimeRecords/BayesFactorsPairsTimes_003.txt', trueModel='xTiPPxTxPPyTiPPyTyPPzTiPPzTz') (010c7123-3834-4fa1-bfbc-9e98cdd44405)
01:17:50 3: Job OK (d2785d65-3ca3-4815-810c-b9622dd22b35)
01:17:50 Result will never expire, clean up result key manually
01:17:50 
01:17:50 *** Listening on 3...
01:18:26 3: Job OK (63af5566-455e-4d25-82a2-9c51e5d950b2)
01:18:26 Result will never expire, clean up result key manually
01:18:26 Cleaning registries for queue: 3
01:18:26 
01:18:26 *** Listening on 3...
01:19:01 3: Job OK (7daee123-40ef-424e-8ce4-f5318c3b6a0c)
01:19:01 Result will never expire, clean up result key manually
01:19:01 Cleaning registries for queue: 3
01:19:01 
01:19:01 *** Listening on 3...
01:19:12 3: Job OK (60214626-0565-41ef-9522-87bb952351e2)
01:19:12 Result will never expire, clean up result key manually
01:19:12 Cleaning registries for queue: 3
01:19:12 
01:19:12 *** Listening on 3...
02:02:49 3: Job OK (010c7123-3834-4fa1-bfbc-9e98cdd44405)
02:02:49 Result will never expire, clean up result key manually
02:02:49 
02:02:49 *** Listening on 3...
02:03:04 3: Job OK (915c7e1d-cb93-45a5-a132-50bf02ddb059)
02:03:04 Result will never expire, clean up result key manually
02:03:04 
02:03:04 *** Listening on 3...
02:03:04 3: RemoteBayesFactor.BayesFactorRemote(bayes_threshold=100, bf_data_folder='/panfs/panasas01/phys/bf16951/QMD/ParallelDevelopment/Results/Aug_21/15_59/BayesFactorsTimeRecords/', branchID=9, host_name='node34-028', interbranch=False, log_file='/panfs/panasas01/phys/bf16951/QMD/ParallelDevelopment/Results/Aug_21/15_59/logs/experimental_run_for_single_instance_tree_3.qmd.8644309.log', model_a_id=3.0, model_b_id=6.0, num_times_to_use=750, port_number=6303, qid=3, times_record='/panfs/panasas01/phys/bf16951/QMD/ParallelDevelopment/Results/Aug_21/15_59/BayesFactorsTimeRecords/BayesFactorsPairsTimes_003.txt', trueModel='xTiPPxTxPPyTiPPyTyPPzTiPPzTz') (c2a382ff-b6a5-4ad1-abcc-d01d369b46c1)
02:03:04 3: RemoteBayesFactor.BayesFactorRemote(bayes_threshold=100, bf_data_folder='/panfs/panasas01/phys/bf16951/QMD/ParallelDevelopment/Results/Aug_21/15_59/BayesFactorsTimeRecords/', branchID=9, host_name='node34-028', interbranch=False, log_file='/panfs/panasas01/phys/bf16951/QMD/ParallelDevelopment/Results/Aug_21/15_59/logs/experimental_run_for_single_instance_tree_3.qmd.8644309.log', model_a_id=3.0, model_b_id=15.0, num_times_to_use=750, port_number=6303, qid=3, times_record='/panfs/panasas01/phys/bf16951/QMD/ParallelDevelopment/Results/Aug_21/15_59/BayesFactorsTimeRecords/BayesFactorsPairsTimes_003.txt', trueModel='xTiPPxTxPPyTiPPyTyPPzTiPPzTz') (0d0ee139-455a-4d50-bd24-dfd8fdeb322e)
02:03:04 3: RemoteBayesFactor.BayesFactorRemote(bayes_threshold=100, bf_data_folder='/panfs/panasas01/phys/bf16951/QMD/ParallelDevelopment/Results/Aug_21/15_59/BayesFactorsTimeRecords/', branchID=9, host_name='node34-028', interbranch=False, log_file='/panfs/panasas01/phys/bf16951/QMD/ParallelDevelopment/Results/Aug_21/15_59/logs/experimental_run_for_single_instance_tree_3.qmd.8644309.log', model_a_id=3.0, model_b_id=10.0, num_times_to_use=750, port_number=6303, qid=3, times_record='/panfs/panasas01/phys/bf16951/QMD/ParallelDevelopment/Results/Aug_21/15_59/BayesFactorsTimeRecords/BayesFactorsPairsTimes_003.txt', trueModel='xTiPPxTxPPyTiPPyTyPPzTiPPzTz') (7953ae20-4d3f-46b3-b4e2-a540ef07e629)
02:03:04 3: RemoteBayesFactor.BayesFactorRemote(bayes_threshold=100, bf_data_folder='/panfs/panasas01/phys/bf16951/QMD/ParallelDevelopment/Results/Aug_21/15_59/BayesFactorsTimeRecords/', branchID=9, host_name='node34-028', interbranch=False, log_file='/panfs/panasas01/phys/bf16951/QMD/ParallelDevelopment/Results/Aug_21/15_59/logs/experimental_run_for_single_instance_tree_3.qmd.8644309.log', model_a_id=3.0, model_b_id=17.0, num_times_to_use=750, port_number=6303, qid=3, times_record='/panfs/panasas01/phys/bf16951/QMD/ParallelDevelopment/Results/Aug_21/15_59/BayesFactorsTimeRecords/BayesFactorsPairsTimes_003.txt', trueModel='xTiPPxTxPPyTiPPyTyPPzTiPPzTz') (ab01d16d-696d-445b-8461-6e9d5e52c179)
02:03:04 3: RemoteBayesFactor.BayesFactorRemote(bayes_threshold=100, bf_data_folder='/panfs/panasas01/phys/bf16951/QMD/ParallelDevelopment/Results/Aug_21/15_59/BayesFactorsTimeRecords/', branchID=9, host_name='node34-028', interbranch=False, log_file='/panfs/panasas01/phys/bf16951/QMD/ParallelDevelopment/Results/Aug_21/15_59/logs/experimental_run_for_single_instance_tree_3.qmd.8644309.log', model_a_id=6.0, model_b_id=15.0, num_times_to_use=750, port_number=6303, qid=3, times_record='/panfs/panasas01/phys/bf16951/QMD/ParallelDevelopment/Results/Aug_21/15_59/BayesFactorsTimeRecords/BayesFactorsPairsTimes_003.txt', trueModel='xTiPPxTxPPyTiPPyTyPPzTiPPzTz') (3e44c1dc-65e1-4c88-81d9-1109ec90c5ad)
02:03:04 3: RemoteBayesFactor.BayesFactorRemote(bayes_threshold=100, bf_data_folder='/panfs/panasas01/phys/bf16951/QMD/ParallelDevelopment/Results/Aug_21/15_59/BayesFactorsTimeRecords/', branchID=9, host_name='node34-028', interbranch=False, log_file='/panfs/panasas01/phys/bf16951/QMD/ParallelDevelopment/Results/Aug_21/15_59/logs/experimental_run_for_single_instance_tree_3.qmd.8644309.log', model_a_id=6.0, model_b_id=10.0, num_times_to_use=750, port_number=6303, qid=3, times_record='/panfs/panasas01/phys/bf16951/QMD/ParallelDevelopment/Results/Aug_21/15_59/BayesFactorsTimeRecords/BayesFactorsPairsTimes_003.txt', trueModel='xTiPPxTxPPyTiPPyTyPPzTiPPzTz') (329c8428-e761-4752-bfcb-7a5de5337bff)
02:51:35 3: Job OK (329c8428-e761-4752-bfcb-7a5de5337bff)
02:51:35 Result will never expire, clean up result key manually
02:51:35 Cleaning registries for queue: 3
02:51:35 
02:51:35 *** Listening on 3...
02:51:35 3: RemoteBayesFactor.BayesFactorRemote(bayes_threshold=100, bf_data_folder='/panfs/panasas01/phys/bf16951/QMD/ParallelDevelopment/Results/Aug_21/15_59/BayesFactorsTimeRecords/', branchID=9, host_name='node34-028', interbranch=False, log_file='/panfs/panasas01/phys/bf16951/QMD/ParallelDevelopment/Results/Aug_21/15_59/logs/experimental_run_for_single_instance_tree_3.qmd.8644309.log', model_a_id=6.0, model_b_id=17.0, num_times_to_use=750, port_number=6303, qid=3, times_record='/panfs/panasas01/phys/bf16951/QMD/ParallelDevelopment/Results/Aug_21/15_59/BayesFactorsTimeRecords/BayesFactorsPairsTimes_003.txt', trueModel='xTiPPxTxPPyTiPPyTyPPzTiPPzTz') (ed31224f-a4e2-4aa3-88ce-ed6bde0eefe8)
02:51:35 3: Job OK (0d0ee139-455a-4d50-bd24-dfd8fdeb322e)
02:51:35 Result will never expire, clean up result key manually
02:51:35 Cleaning registries for queue: 3
02:51:35 
02:51:35 *** Listening on 3...
02:51:35 3: RemoteBayesFactor.BayesFactorRemote(bayes_threshold=100, bf_data_folder='/panfs/panasas01/phys/bf16951/QMD/ParallelDevelopment/Results/Aug_21/15_59/BayesFactorsTimeRecords/', branchID=9, host_name='node34-028', interbranch=False, log_file='/panfs/panasas01/phys/bf16951/QMD/ParallelDevelopment/Results/Aug_21/15_59/logs/experimental_run_for_single_instance_tree_3.qmd.8644309.log', model_a_id=15.0, model_b_id=10.0, num_times_to_use=750, port_number=6303, qid=3, times_record='/panfs/panasas01/phys/bf16951/QMD/ParallelDevelopment/Results/Aug_21/15_59/BayesFactorsTimeRecords/BayesFactorsPairsTimes_003.txt', trueModel='xTiPPxTxPPyTiPPyTyPPzTiPPzTz') (9558e5b2-50d6-4dd4-84c3-825174f447a0)
02:51:36 3: Job OK (3e44c1dc-65e1-4c88-81d9-1109ec90c5ad)
02:51:36 Result will never expire, clean up result key manually
02:51:36 Cleaning registries for queue: 3
02:51:36 
02:51:36 *** Listening on 3...
02:51:36 3: RemoteBayesFactor.BayesFactorRemote(bayes_threshold=100, bf_data_folder='/panfs/panasas01/phys/bf16951/QMD/ParallelDevelopment/Results/Aug_21/15_59/BayesFactorsTimeRecords/', branchID=9, host_name='node34-028', interbranch=False, log_file='/panfs/panasas01/phys/bf16951/QMD/ParallelDevelopment/Results/Aug_21/15_59/logs/experimental_run_for_single_instance_tree_3.qmd.8644309.log', model_a_id=15.0, model_b_id=17.0, num_times_to_use=750, port_number=6303, qid=3, times_record='/panfs/panasas01/phys/bf16951/QMD/ParallelDevelopment/Results/Aug_21/15_59/BayesFactorsTimeRecords/BayesFactorsPairsTimes_003.txt', trueModel='xTiPPxTxPPyTiPPyTyPPzTiPPzTz') (a590c91a-b9c8-4726-bfc2-a2ab897a5bed)
02:51:53 3: Job OK (ab01d16d-696d-445b-8461-6e9d5e52c179)
02:51:53 Result will never expire, clean up result key manually
02:51:53 Cleaning registries for queue: 3
02:51:53 
02:51:53 *** Listening on 3...
02:51:53 3: RemoteBayesFactor.BayesFactorRemote(bayes_threshold=100, bf_data_folder='/panfs/panasas01/phys/bf16951/QMD/ParallelDevelopment/Results/Aug_21/15_59/BayesFactorsTimeRecords/', branchID=9, host_name='node34-028', interbranch=False, log_file='/panfs/panasas01/phys/bf16951/QMD/ParallelDevelopment/Results/Aug_21/15_59/logs/experimental_run_for_single_instance_tree_3.qmd.8644309.log', model_a_id=10.0, model_b_id=17.0, num_times_to_use=750, port_number=6303, qid=3, times_record='/panfs/panasas01/phys/bf16951/QMD/ParallelDevelopment/Results/Aug_21/15_59/BayesFactorsTimeRecords/BayesFactorsPairsTimes_003.txt', trueModel='xTiPPxTxPPyTiPPyTyPPzTiPPzTz') (88129fca-f017-4758-b985-3fa4e4457181)
02:52:09 3: Job OK (7953ae20-4d3f-46b3-b4e2-a540ef07e629)
02:52:09 Result will never expire, clean up result key manually
02:52:09 Cleaning registries for queue: 3
02:52:09 
02:52:09 *** Listening on 3...
02:52:36 3: Job OK (c2a382ff-b6a5-4ad1-abcc-d01d369b46c1)
02:52:36 Result will never expire, clean up result key manually
02:52:36 Cleaning registries for queue: 3
02:52:36 
02:52:36 *** Listening on 3...
03:38:18 3: Job OK (a590c91a-b9c8-4726-bfc2-a2ab897a5bed)
03:38:18 Result will never expire, clean up result key manually
03:38:18 
03:38:18 *** Listening on 3...
03:38:38 3: Job OK (9558e5b2-50d6-4dd4-84c3-825174f447a0)
03:38:38 Result will never expire, clean up result key manually
03:38:38 
03:38:38 *** Listening on 3...
03:38:45 3: Job OK (88129fca-f017-4758-b985-3fa4e4457181)
03:38:45 Result will never expire, clean up result key manually
03:38:45 
03:38:45 *** Listening on 3...
03:39:28 3: Job OK (ed31224f-a4e2-4aa3-88ce-ed6bde0eefe8)
03:39:28 Result will never expire, clean up result key manually
03:39:28 
03:39:28 *** Listening on 3...
03:39:28 3: RemoteBayesFactor.BayesFactorRemote(bayes_threshold=1, bf_data_folder='/panfs/panasas01/phys/bf16951/QMD/ParallelDevelopment/Results/Aug_21/15_59/BayesFactorsTimeRecords/', branchID=None, host_name='node34-028', interbranch=True, log_file='/panfs/panasas01/phys/bf16951/QMD/ParallelDevelopment/Results/Aug_21/15_59/logs/experimental_run_for_single_instance_tree_3.qmd.8644309.log', model_a_id=6.0, model_b_id=15.0, num_times_to_use=750, port_number=6303, qid=3, times_record='/panfs/panasas01/phys/bf16951/QMD/ParallelDevelopment/Results/Aug_21/15_59/BayesFactorsTimeRecords/BayesFactorsPairsTimes_003.txt', trueModel='xTiPPxTxPPyTiPPyTyPPzTiPPzTz') (c43546f2-0e80-4334-9d21-6bac8d9f61a9)
03:39:28 3: RemoteBayesFactor.BayesFactorRemote(bayes_threshold=1, bf_data_folder='/panfs/panasas01/phys/bf16951/QMD/ParallelDevelopment/Results/Aug_21/15_59/BayesFactorsTimeRecords/', branchID=None, host_name='node34-028', interbranch=True, log_file='/panfs/panasas01/phys/bf16951/QMD/ParallelDevelopment/Results/Aug_21/15_59/logs/experimental_run_for_single_instance_tree_3.qmd.8644309.log', model_a_id=6.0, model_b_id=17.0, num_times_to_use=750, port_number=6303, qid=3, times_record='/panfs/panasas01/phys/bf16951/QMD/ParallelDevelopment/Results/Aug_21/15_59/BayesFactorsTimeRecords/BayesFactorsPairsTimes_003.txt', trueModel='xTiPPxTxPPyTiPPyTyPPzTiPPzTz') (be74362a-aaa5-4590-915c-3a98402bc359)
03:39:28 3: RemoteBayesFactor.BayesFactorRemote(bayes_threshold=1, bf_data_folder='/panfs/panasas01/phys/bf16951/QMD/ParallelDevelopment/Results/Aug_21/15_59/BayesFactorsTimeRecords/', branchID=None, host_name='node34-028', interbranch=True, log_file='/panfs/panasas01/phys/bf16951/QMD/ParallelDevelopment/Results/Aug_21/15_59/logs/experimental_run_for_single_instance_tree_3.qmd.8644309.log', model_a_id=15.0, model_b_id=17.0, num_times_to_use=750, port_number=6303, qid=3, times_record='/panfs/panasas01/phys/bf16951/QMD/ParallelDevelopment/Results/Aug_21/15_59/BayesFactorsTimeRecords/BayesFactorsPairsTimes_003.txt', trueModel='xTiPPxTxPPyTiPPyTyPPzTiPPzTz') (e227c1e8-c479-46aa-b880-1cd801c8f152)
04:24:59 3: Job OK (e227c1e8-c479-46aa-b880-1cd801c8f152)
04:24:59 Result will never expire, clean up result key manually
04:24:59 Cleaning registries for queue: 3
04:24:59 
04:24:59 *** Listening on 3...
04:25:44 3: Job OK (be74362a-aaa5-4590-915c-3a98402bc359)
04:25:44 Result will never expire, clean up result key manually
04:25:44 Cleaning registries for queue: 3
04:25:44 
04:25:44 *** Listening on 3...
04:26:03 3: Job OK (c43546f2-0e80-4334-9d21-6bac8d9f61a9)
04:26:03 Result will never expire, clean up result key manually
04:26:03 Cleaning registries for queue: 3
04:26:03 
04:26:03 *** Listening on 3...
Error 111 connecting to node34-028:6303. Connection refused.
Error 111 connecting to node34-028:6303. Connection refused.
Error 111 connecting to node34-028:6303. Connection refused.
Error 111 connecting to node34-028:6303. Connection refused.
Error 111 connecting to node34-028:6303. Connection refused.
Error 111 connecting to node34-028:6303. Connection refused.
