16:00:28 RQ worker 'rq:worker:node44-023.79785' started, version 0.8.1
16:00:28 RQ worker 'rq:worker:node44-023.79786' started, version 0.8.1
16:00:28 RQ worker 'rq:worker:node44-023.79787' started, version 0.8.1
16:00:28 RQ worker 'rq:worker:node44-023.79788' started, version 0.8.1
16:00:28 RQ worker 'rq:worker:node44-023.79789' started, version 0.8.1
16:00:28 Cleaning registries for queue: 6
16:00:28 Cleaning registries for queue: 6
16:00:28 Cleaning registries for queue: 6
16:00:28 Cleaning registries for queue: 6
16:00:28 Cleaning registries for queue: 6
16:00:28 
16:00:28 
16:00:28 *** Listening on 6...
16:00:28 RQ worker 'rq:worker:node44-023.79784' started, version 0.8.1
16:00:28 *** Listening on 6...
16:00:28 
16:00:28 
16:00:28 
16:00:28 *** Listening on 6...
16:00:28 *** Listening on 6...
16:00:28 *** Listening on 6...
16:00:28 Cleaning registries for queue: 6
16:00:28 
16:00:28 *** Listening on 6...
16:00:39 6: RemoteModelLearning.learnModelRemote('yTi', 1.0, branchID=0, growth_generator='two_qubit_ising_rotation_hyperfine_transverse', host_name='node44-023', log_file='/panfs/panasas01/phys/bf16951/QMD/ParallelDevelopment/Results/Aug_21/15_59/logs/experimental_run_for_single_instance_tree_6.qmd.8644312.log', port_number=6306, qid=6, remote=True) (9fd98d5d-0f18-47f3-87b8-380914e2754f)
16:00:39 6: RemoteModelLearning.learnModelRemote('xTi', 0.0, branchID=0, growth_generator='two_qubit_ising_rotation_hyperfine_transverse', host_name='node44-023', log_file='/panfs/panasas01/phys/bf16951/QMD/ParallelDevelopment/Results/Aug_21/15_59/logs/experimental_run_for_single_instance_tree_6.qmd.8644312.log', port_number=6306, qid=6, remote=True) (37bbadb7-cf09-424c-8093-061e89c77a48)
16:00:39 6: RemoteModelLearning.learnModelRemote('zTi', 2.0, branchID=0, growth_generator='two_qubit_ising_rotation_hyperfine_transverse', host_name='node44-023', log_file='/panfs/panasas01/phys/bf16951/QMD/ParallelDevelopment/Results/Aug_21/15_59/logs/experimental_run_for_single_instance_tree_6.qmd.8644312.log', port_number=6306, qid=6, remote=True) (a8467614-b630-4bca-af18-36340b0cc194)
16:25:34 6: Job OK (37bbadb7-cf09-424c-8093-061e89c77a48)
16:25:34 Result will never expire, clean up result key manually
16:25:34 
16:25:34 *** Listening on 6...
16:26:04 6: Job OK (9fd98d5d-0f18-47f3-87b8-380914e2754f)
16:26:04 Result will never expire, clean up result key manually
16:26:04 
16:26:04 *** Listening on 6...
16:33:49 6: Job OK (a8467614-b630-4bca-af18-36340b0cc194)
16:33:49 Result will never expire, clean up result key manually
16:33:49 
16:33:49 *** Listening on 6...
16:33:49 6: RemoteBayesFactor.BayesFactorRemote(bayes_threshold=100, bf_data_folder='/panfs/panasas01/phys/bf16951/QMD/ParallelDevelopment/Results/Aug_21/15_59/BayesFactorsTimeRecords/', branchID=0, host_name='node44-023', interbranch=False, log_file='/panfs/panasas01/phys/bf16951/QMD/ParallelDevelopment/Results/Aug_21/15_59/logs/experimental_run_for_single_instance_tree_6.qmd.8644312.log', model_a_id=0, model_b_id=1, num_times_to_use=750, port_number=6306, qid=6, times_record='/panfs/panasas01/phys/bf16951/QMD/ParallelDevelopment/Results/Aug_21/15_59/BayesFactorsTimeRecords/BayesFactorsPairsTimes_006.txt', trueModel='xTiPPxTxPPyTiPPyTyPPzTiPPzTz') (da635999-9ba3-4d43-94fc-118f82c7b698)
16:33:49 6: RemoteBayesFactor.BayesFactorRemote(bayes_threshold=100, bf_data_folder='/panfs/panasas01/phys/bf16951/QMD/ParallelDevelopment/Results/Aug_21/15_59/BayesFactorsTimeRecords/', branchID=0, host_name='node44-023', interbranch=False, log_file='/panfs/panasas01/phys/bf16951/QMD/ParallelDevelopment/Results/Aug_21/15_59/logs/experimental_run_for_single_instance_tree_6.qmd.8644312.log', model_a_id=1, model_b_id=2, num_times_to_use=750, port_number=6306, qid=6, times_record='/panfs/panasas01/phys/bf16951/QMD/ParallelDevelopment/Results/Aug_21/15_59/BayesFactorsTimeRecords/BayesFactorsPairsTimes_006.txt', trueModel='xTiPPxTxPPyTiPPyTyPPzTiPPzTz') (d29a7d57-4968-40bf-9a90-7f2ae3dffd35)
16:33:49 6: RemoteBayesFactor.BayesFactorRemote(bayes_threshold=100, bf_data_folder='/panfs/panasas01/phys/bf16951/QMD/ParallelDevelopment/Results/Aug_21/15_59/BayesFactorsTimeRecords/', branchID=0, host_name='node44-023', interbranch=False, log_file='/panfs/panasas01/phys/bf16951/QMD/ParallelDevelopment/Results/Aug_21/15_59/logs/experimental_run_for_single_instance_tree_6.qmd.8644312.log', model_a_id=0, model_b_id=2, num_times_to_use=750, port_number=6306, qid=6, times_record='/panfs/panasas01/phys/bf16951/QMD/ParallelDevelopment/Results/Aug_21/15_59/BayesFactorsTimeRecords/BayesFactorsPairsTimes_006.txt', trueModel='xTiPPxTxPPyTiPPyTyPPzTiPPzTz') (95d36cf5-a3fd-4782-b13e-bc6bee0abeaa)
17:23:43 6: Job OK (da635999-9ba3-4d43-94fc-118f82c7b698)
17:23:43 Result will never expire, clean up result key manually
17:23:43 Cleaning registries for queue: 6
17:23:43 
17:23:43 *** Listening on 6...
17:28:49 6: Job OK (95d36cf5-a3fd-4782-b13e-bc6bee0abeaa)
17:28:49 Result will never expire, clean up result key manually
17:28:49 Cleaning registries for queue: 6
17:28:49 
17:28:49 *** Listening on 6...
17:32:04 6: Job OK (d29a7d57-4968-40bf-9a90-7f2ae3dffd35)
17:32:04 Result will never expire, clean up result key manually
17:32:04 Cleaning registries for queue: 6
17:32:04 
17:32:04 *** Listening on 6...
17:32:04 6: RemoteModelLearning.learnModelRemote('yTiPPzTi', 3.0, branchID=1, growth_generator='two_qubit_ising_rotation_hyperfine_transverse', host_name='node44-023', log_file='/panfs/panasas01/phys/bf16951/QMD/ParallelDevelopment/Results/Aug_21/15_59/logs/experimental_run_for_single_instance_tree_6.qmd.8644312.log', port_number=6306, qid=6, remote=True) (daa6aaf8-71d2-471b-beb4-0c383e8b1a14)
17:32:04 6: RemoteModelLearning.learnModelRemote('xTiPPzTi', 4.0, branchID=1, growth_generator='two_qubit_ising_rotation_hyperfine_transverse', host_name='node44-023', log_file='/panfs/panasas01/phys/bf16951/QMD/ParallelDevelopment/Results/Aug_21/15_59/logs/experimental_run_for_single_instance_tree_6.qmd.8644312.log', port_number=6306, qid=6, remote=True) (b201c643-0252-4ed5-8537-58c32fdff45d)
17:56:29 6: Job OK (daa6aaf8-71d2-471b-beb4-0c383e8b1a14)
17:56:29 Result will never expire, clean up result key manually
17:56:29 Cleaning registries for queue: 6
17:56:29 
17:56:29 *** Listening on 6...
17:57:14 6: Job OK (b201c643-0252-4ed5-8537-58c32fdff45d)
17:57:14 Result will never expire, clean up result key manually
17:57:14 Cleaning registries for queue: 6
17:57:14 
17:57:14 *** Listening on 6...
17:57:14 6: RemoteBayesFactor.BayesFactorRemote(bayes_threshold=100, bf_data_folder='/panfs/panasas01/phys/bf16951/QMD/ParallelDevelopment/Results/Aug_21/15_59/BayesFactorsTimeRecords/', branchID=1, host_name='node44-023', interbranch=False, log_file='/panfs/panasas01/phys/bf16951/QMD/ParallelDevelopment/Results/Aug_21/15_59/logs/experimental_run_for_single_instance_tree_6.qmd.8644312.log', model_a_id=3.0, model_b_id=4.0, num_times_to_use=750, port_number=6306, qid=6, times_record='/panfs/panasas01/phys/bf16951/QMD/ParallelDevelopment/Results/Aug_21/15_59/BayesFactorsTimeRecords/BayesFactorsPairsTimes_006.txt', trueModel='xTiPPxTxPPyTiPPyTyPPzTiPPzTz') (9a95ec2a-6260-4819-a08a-a543513ccc51)
18:45:05 6: Job OK (9a95ec2a-6260-4819-a08a-a543513ccc51)
18:45:05 Result will never expire, clean up result key manually
18:45:05 Cleaning registries for queue: 6
18:45:05 
18:45:05 *** Listening on 6...
18:45:05 6: RemoteModelLearning.learnModelRemote('xTiPPyTiPPzTi', 5.0, branchID=2, growth_generator='two_qubit_ising_rotation_hyperfine_transverse', host_name='node44-023', log_file='/panfs/panasas01/phys/bf16951/QMD/ParallelDevelopment/Results/Aug_21/15_59/logs/experimental_run_for_single_instance_tree_6.qmd.8644312.log', port_number=6306, qid=6, remote=True) (1116aaa7-aac9-4510-83f2-45a8b52eb735)
19:10:00 6: Job OK (1116aaa7-aac9-4510-83f2-45a8b52eb735)
19:10:00 Result will never expire, clean up result key manually
19:10:00 Cleaning registries for queue: 6
19:10:00 
19:10:00 *** Listening on 6...
19:10:00 6: RemoteModelLearning.learnModelRemote('xTiPPxTxPPyTiPPzTi', 6.0, branchID=3, growth_generator='two_qubit_ising_rotation_hyperfine_transverse', host_name='node44-023', log_file='/panfs/panasas01/phys/bf16951/QMD/ParallelDevelopment/Results/Aug_21/15_59/logs/experimental_run_for_single_instance_tree_6.qmd.8644312.log', port_number=6306, qid=6, remote=True) (d265da60-4430-4865-9709-58b8158940fd)
19:10:00 6: RemoteModelLearning.learnModelRemote('xTiPPyTiPPyTyPPzTi', 7.0, branchID=3, growth_generator='two_qubit_ising_rotation_hyperfine_transverse', host_name='node44-023', log_file='/panfs/panasas01/phys/bf16951/QMD/ParallelDevelopment/Results/Aug_21/15_59/logs/experimental_run_for_single_instance_tree_6.qmd.8644312.log', port_number=6306, qid=6, remote=True) (41c96d4e-8391-480f-bcec-8f8b408395e0)
19:10:00 6: RemoteModelLearning.learnModelRemote('xTiPPyTiPPzTiPPzTz', 8.0, branchID=3, growth_generator='two_qubit_ising_rotation_hyperfine_transverse', host_name='node44-023', log_file='/panfs/panasas01/phys/bf16951/QMD/ParallelDevelopment/Results/Aug_21/15_59/logs/experimental_run_for_single_instance_tree_6.qmd.8644312.log', port_number=6306, qid=6, remote=True) (31c0fed7-b97b-4fa7-a187-d3cb90aa6cae)
19:34:56 6: Job OK (d265da60-4430-4865-9709-58b8158940fd)
19:34:56 Result will never expire, clean up result key manually
19:34:56 Cleaning registries for queue: 6
19:34:56 
19:34:56 *** Listening on 6...
19:34:57 6: Job OK (41c96d4e-8391-480f-bcec-8f8b408395e0)
19:34:57 Result will never expire, clean up result key manually
19:34:57 Cleaning registries for queue: 6
19:34:57 
19:34:57 *** Listening on 6...
19:36:00 6: Job OK (31c0fed7-b97b-4fa7-a187-d3cb90aa6cae)
19:36:00 Result will never expire, clean up result key manually
19:36:00 Cleaning registries for queue: 6
19:36:00 
19:36:00 *** Listening on 6...
19:36:00 6: RemoteBayesFactor.BayesFactorRemote(bayes_threshold=100, bf_data_folder='/panfs/panasas01/phys/bf16951/QMD/ParallelDevelopment/Results/Aug_21/15_59/BayesFactorsTimeRecords/', branchID=3, host_name='node44-023', interbranch=False, log_file='/panfs/panasas01/phys/bf16951/QMD/ParallelDevelopment/Results/Aug_21/15_59/logs/experimental_run_for_single_instance_tree_6.qmd.8644312.log', model_a_id=6.0, model_b_id=8.0, num_times_to_use=750, port_number=6306, qid=6, times_record='/panfs/panasas01/phys/bf16951/QMD/ParallelDevelopment/Results/Aug_21/15_59/BayesFactorsTimeRecords/BayesFactorsPairsTimes_006.txt', trueModel='xTiPPxTxPPyTiPPyTyPPzTiPPzTz') (2ca67ffa-22ea-4400-9e29-02ccdcd3657f)
19:36:00 6: RemoteBayesFactor.BayesFactorRemote(bayes_threshold=100, bf_data_folder='/panfs/panasas01/phys/bf16951/QMD/ParallelDevelopment/Results/Aug_21/15_59/BayesFactorsTimeRecords/', branchID=3, host_name='node44-023', interbranch=False, log_file='/panfs/panasas01/phys/bf16951/QMD/ParallelDevelopment/Results/Aug_21/15_59/logs/experimental_run_for_single_instance_tree_6.qmd.8644312.log', model_a_id=6.0, model_b_id=7.0, num_times_to_use=750, port_number=6306, qid=6, times_record='/panfs/panasas01/phys/bf16951/QMD/ParallelDevelopment/Results/Aug_21/15_59/BayesFactorsTimeRecords/BayesFactorsPairsTimes_006.txt', trueModel='xTiPPxTxPPyTiPPyTyPPzTiPPzTz') (0361df1d-800a-4db3-9634-c1c69a578578)
19:36:00 6: RemoteBayesFactor.BayesFactorRemote(bayes_threshold=100, bf_data_folder='/panfs/panasas01/phys/bf16951/QMD/ParallelDevelopment/Results/Aug_21/15_59/BayesFactorsTimeRecords/', branchID=3, host_name='node44-023', interbranch=False, log_file='/panfs/panasas01/phys/bf16951/QMD/ParallelDevelopment/Results/Aug_21/15_59/logs/experimental_run_for_single_instance_tree_6.qmd.8644312.log', model_a_id=7.0, model_b_id=8.0, num_times_to_use=750, port_number=6306, qid=6, times_record='/panfs/panasas01/phys/bf16951/QMD/ParallelDevelopment/Results/Aug_21/15_59/BayesFactorsTimeRecords/BayesFactorsPairsTimes_006.txt', trueModel='xTiPPxTxPPyTiPPyTyPPzTiPPzTz') (ee1d3cc8-b503-4404-bf8d-87ba0e20c8f4)
20:26:03 6: Job OK (0361df1d-800a-4db3-9634-c1c69a578578)
20:26:03 Result will never expire, clean up result key manually
20:26:03 Cleaning registries for queue: 6
20:26:03 
20:26:03 *** Listening on 6...
20:26:03 6: Job OK (2ca67ffa-22ea-4400-9e29-02ccdcd3657f)
20:26:03 Result will never expire, clean up result key manually
20:26:03 Cleaning registries for queue: 6
20:26:03 
20:26:03 *** Listening on 6...
20:26:09 6: Job OK (ee1d3cc8-b503-4404-bf8d-87ba0e20c8f4)
20:26:09 Result will never expire, clean up result key manually
20:26:09 Cleaning registries for queue: 6
20:26:09 
20:26:09 *** Listening on 6...
20:26:09 6: RemoteModelLearning.learnModelRemote('xTiPPxTxPPyTiPPyTyPPzTi', 9.0, branchID=4, growth_generator='two_qubit_ising_rotation_hyperfine_transverse', host_name='node44-023', log_file='/panfs/panasas01/phys/bf16951/QMD/ParallelDevelopment/Results/Aug_21/15_59/logs/experimental_run_for_single_instance_tree_6.qmd.8644312.log', port_number=6306, qid=6, remote=True) (83ce0f57-fd85-49ba-baf2-275fe719ff8b)
20:26:09 6: RemoteModelLearning.learnModelRemote('xTiPPyTiPPyTyPPzTiPPzTz', 10.0, branchID=4, growth_generator='two_qubit_ising_rotation_hyperfine_transverse', host_name='node44-023', log_file='/panfs/panasas01/phys/bf16951/QMD/ParallelDevelopment/Results/Aug_21/15_59/logs/experimental_run_for_single_instance_tree_6.qmd.8644312.log', port_number=6306, qid=6, remote=True) (f374d2b9-26fc-409b-b9b3-dd084542cbcb)
20:50:25 6: Job OK (f374d2b9-26fc-409b-b9b3-dd084542cbcb)
20:50:25 Result will never expire, clean up result key manually
20:50:25 Cleaning registries for queue: 6
20:50:25 
20:50:25 *** Listening on 6...
20:51:18 6: Job OK (83ce0f57-fd85-49ba-baf2-275fe719ff8b)
20:51:18 Result will never expire, clean up result key manually
20:51:18 Cleaning registries for queue: 6
20:51:18 
20:51:18 *** Listening on 6...
20:51:18 6: RemoteBayesFactor.BayesFactorRemote(bayes_threshold=100, bf_data_folder='/panfs/panasas01/phys/bf16951/QMD/ParallelDevelopment/Results/Aug_21/15_59/BayesFactorsTimeRecords/', branchID=4, host_name='node44-023', interbranch=False, log_file='/panfs/panasas01/phys/bf16951/QMD/ParallelDevelopment/Results/Aug_21/15_59/logs/experimental_run_for_single_instance_tree_6.qmd.8644312.log', model_a_id=9.0, model_b_id=10.0, num_times_to_use=750, port_number=6306, qid=6, times_record='/panfs/panasas01/phys/bf16951/QMD/ParallelDevelopment/Results/Aug_21/15_59/BayesFactorsTimeRecords/BayesFactorsPairsTimes_006.txt', trueModel='xTiPPxTxPPyTiPPyTyPPzTiPPzTz') (dc26f193-97b7-4642-baa3-376e1e819f1b)
21:41:02 6: Job OK (dc26f193-97b7-4642-baa3-376e1e819f1b)
21:41:02 Result will never expire, clean up result key manually
21:41:02 Cleaning registries for queue: 6
21:41:02 
21:41:02 *** Listening on 6...
21:41:02 6: RemoteModelLearning.learnModelRemote('xTiPPxTxPPyTiPPyTyPPzTiPPzTz', 11.0, branchID=5, growth_generator='two_qubit_ising_rotation_hyperfine_transverse', host_name='node44-023', log_file='/panfs/panasas01/phys/bf16951/QMD/ParallelDevelopment/Results/Aug_21/15_59/logs/experimental_run_for_single_instance_tree_6.qmd.8644312.log', port_number=6306, qid=6, remote=True) (eff972c9-de87-44d5-a098-3caf3f67d654)
22:05:13 6: Job OK (eff972c9-de87-44d5-a098-3caf3f67d654)
22:05:13 Result will never expire, clean up result key manually
22:05:13 Cleaning registries for queue: 6
22:05:13 
22:05:13 *** Listening on 6...
22:05:13 6: RemoteModelLearning.learnModelRemote('xTiPPxTxPPxTyPPyTiPPyTyPPzTiPPzTz', 12.0, branchID=6, growth_generator='two_qubit_ising_rotation_hyperfine_transverse', host_name='node44-023', log_file='/panfs/panasas01/phys/bf16951/QMD/ParallelDevelopment/Results/Aug_21/15_59/logs/experimental_run_for_single_instance_tree_6.qmd.8644312.log', port_number=6306, qid=6, remote=True) (50c358fd-14de-4090-baf0-7b363929e28f)
22:05:13 6: RemoteModelLearning.learnModelRemote('xTiPPxTxPPxTzPPyTiPPyTyPPzTiPPzTz', 13.0, branchID=6, growth_generator='two_qubit_ising_rotation_hyperfine_transverse', host_name='node44-023', log_file='/panfs/panasas01/phys/bf16951/QMD/ParallelDevelopment/Results/Aug_21/15_59/logs/experimental_run_for_single_instance_tree_6.qmd.8644312.log', port_number=6306, qid=6, remote=True) (61302213-2645-43f9-88d5-86eeca2d98c7)
22:05:13 6: RemoteModelLearning.learnModelRemote('xTiPPxTxPPyTiPPyTyPPyTzPPzTiPPzTz', 14.0, branchID=6, growth_generator='two_qubit_ising_rotation_hyperfine_transverse', host_name='node44-023', log_file='/panfs/panasas01/phys/bf16951/QMD/ParallelDevelopment/Results/Aug_21/15_59/logs/experimental_run_for_single_instance_tree_6.qmd.8644312.log', port_number=6306, qid=6, remote=True) (d297d7ad-f548-4805-8730-a55e2326f8ed)
22:29:42 6: Job OK (50c358fd-14de-4090-baf0-7b363929e28f)
22:29:42 Result will never expire, clean up result key manually
22:29:42 Cleaning registries for queue: 6
22:29:42 
22:29:42 *** Listening on 6...
22:29:46 6: Job OK (d297d7ad-f548-4805-8730-a55e2326f8ed)
22:29:46 Result will never expire, clean up result key manually
22:29:46 Cleaning registries for queue: 6
22:29:46 
22:29:46 *** Listening on 6...
22:30:05 6: Job OK (61302213-2645-43f9-88d5-86eeca2d98c7)
22:30:05 Result will never expire, clean up result key manually
22:30:05 Cleaning registries for queue: 6
22:30:05 
22:30:05 *** Listening on 6...
22:30:05 6: RemoteBayesFactor.BayesFactorRemote(bayes_threshold=100, bf_data_folder='/panfs/panasas01/phys/bf16951/QMD/ParallelDevelopment/Results/Aug_21/15_59/BayesFactorsTimeRecords/', branchID=6, host_name='node44-023', interbranch=False, log_file='/panfs/panasas01/phys/bf16951/QMD/ParallelDevelopment/Results/Aug_21/15_59/logs/experimental_run_for_single_instance_tree_6.qmd.8644312.log', model_a_id=12.0, model_b_id=13.0, num_times_to_use=750, port_number=6306, qid=6, times_record='/panfs/panasas01/phys/bf16951/QMD/ParallelDevelopment/Results/Aug_21/15_59/BayesFactorsTimeRecords/BayesFactorsPairsTimes_006.txt', trueModel='xTiPPxTxPPyTiPPyTyPPzTiPPzTz') (0977f51a-fd68-437f-a9ea-78ab6d25045f)
22:30:05 6: RemoteBayesFactor.BayesFactorRemote(bayes_threshold=100, bf_data_folder='/panfs/panasas01/phys/bf16951/QMD/ParallelDevelopment/Results/Aug_21/15_59/BayesFactorsTimeRecords/', branchID=6, host_name='node44-023', interbranch=False, log_file='/panfs/panasas01/phys/bf16951/QMD/ParallelDevelopment/Results/Aug_21/15_59/logs/experimental_run_for_single_instance_tree_6.qmd.8644312.log', model_a_id=12.0, model_b_id=14.0, num_times_to_use=750, port_number=6306, qid=6, times_record='/panfs/panasas01/phys/bf16951/QMD/ParallelDevelopment/Results/Aug_21/15_59/BayesFactorsTimeRecords/BayesFactorsPairsTimes_006.txt', trueModel='xTiPPxTxPPyTiPPyTyPPzTiPPzTz') (f574e00b-a8c0-4d16-954b-d775d65d442b)
22:30:05 6: RemoteBayesFactor.BayesFactorRemote(bayes_threshold=100, bf_data_folder='/panfs/panasas01/phys/bf16951/QMD/ParallelDevelopment/Results/Aug_21/15_59/BayesFactorsTimeRecords/', branchID=6, host_name='node44-023', interbranch=False, log_file='/panfs/panasas01/phys/bf16951/QMD/ParallelDevelopment/Results/Aug_21/15_59/logs/experimental_run_for_single_instance_tree_6.qmd.8644312.log', model_a_id=13.0, model_b_id=14.0, num_times_to_use=750, port_number=6306, qid=6, times_record='/panfs/panasas01/phys/bf16951/QMD/ParallelDevelopment/Results/Aug_21/15_59/BayesFactorsTimeRecords/BayesFactorsPairsTimes_006.txt', trueModel='xTiPPxTxPPyTiPPyTyPPzTiPPzTz') (a32f017b-46f3-44cf-95dc-60d7f34ec37b)
23:18:16 6: Job OK (0977f51a-fd68-437f-a9ea-78ab6d25045f)
23:18:16 Result will never expire, clean up result key manually
23:18:16 Cleaning registries for queue: 6
23:18:16 
23:18:16 *** Listening on 6...
23:18:17 6: Job OK (a32f017b-46f3-44cf-95dc-60d7f34ec37b)
23:18:17 Result will never expire, clean up result key manually
23:18:17 Cleaning registries for queue: 6
23:18:17 
23:18:17 *** Listening on 6...
23:20:45 6: Job OK (f574e00b-a8c0-4d16-954b-d775d65d442b)
23:20:45 Result will never expire, clean up result key manually
23:20:45 Cleaning registries for queue: 6
23:20:45 
23:20:45 *** Listening on 6...
23:20:45 6: RemoteModelLearning.learnModelRemote('xTiPPxTxPPxTzPPyTiPPyTyPPyTzPPzTiPPzTz', 15.0, branchID=7, growth_generator='two_qubit_ising_rotation_hyperfine_transverse', host_name='node44-023', log_file='/panfs/panasas01/phys/bf16951/QMD/ParallelDevelopment/Results/Aug_21/15_59/logs/experimental_run_for_single_instance_tree_6.qmd.8644312.log', port_number=6306, qid=6, remote=True) (86fb8042-8a5d-4480-9120-90e81e1fb496)
23:20:45 6: RemoteModelLearning.learnModelRemote('xTiPPxTxPPxTyPPyTiPPyTyPPyTzPPzTiPPzTz', 16.0, branchID=7, growth_generator='two_qubit_ising_rotation_hyperfine_transverse', host_name='node44-023', log_file='/panfs/panasas01/phys/bf16951/QMD/ParallelDevelopment/Results/Aug_21/15_59/logs/experimental_run_for_single_instance_tree_6.qmd.8644312.log', port_number=6306, qid=6, remote=True) (5baeaff9-9046-406b-b6bb-e1ea88488408)
23:44:51 6: Job OK (5baeaff9-9046-406b-b6bb-e1ea88488408)
23:44:51 Result will never expire, clean up result key manually
23:44:51 Cleaning registries for queue: 6
23:44:51 
23:44:51 *** Listening on 6...
23:44:58 6: Job OK (86fb8042-8a5d-4480-9120-90e81e1fb496)
23:44:58 Result will never expire, clean up result key manually
23:44:58 Cleaning registries for queue: 6
23:44:58 
23:44:58 *** Listening on 6...
23:44:58 6: RemoteBayesFactor.BayesFactorRemote(bayes_threshold=100, bf_data_folder='/panfs/panasas01/phys/bf16951/QMD/ParallelDevelopment/Results/Aug_21/15_59/BayesFactorsTimeRecords/', branchID=7, host_name='node44-023', interbranch=False, log_file='/panfs/panasas01/phys/bf16951/QMD/ParallelDevelopment/Results/Aug_21/15_59/logs/experimental_run_for_single_instance_tree_6.qmd.8644312.log', model_a_id=15.0, model_b_id=16.0, num_times_to_use=750, port_number=6306, qid=6, times_record='/panfs/panasas01/phys/bf16951/QMD/ParallelDevelopment/Results/Aug_21/15_59/BayesFactorsTimeRecords/BayesFactorsPairsTimes_006.txt', trueModel='xTiPPxTxPPyTiPPyTyPPzTiPPzTz') (e372848f-0508-40f4-8b0d-dd741cfec848)
00:32:46 6: Job OK (e372848f-0508-40f4-8b0d-dd741cfec848)
00:32:46 Result will never expire, clean up result key manually
00:32:46 Cleaning registries for queue: 6
00:32:46 
00:32:46 *** Listening on 6...
00:32:47 6: RemoteModelLearning.learnModelRemote('xTiPPxTxPPxTyPPxTzPPyTiPPyTyPPyTzPPzTiPPzTz', 17.0, branchID=8, growth_generator='two_qubit_ising_rotation_hyperfine_transverse', host_name='node44-023', log_file='/panfs/panasas01/phys/bf16951/QMD/ParallelDevelopment/Results/Aug_21/15_59/logs/experimental_run_for_single_instance_tree_6.qmd.8644312.log', port_number=6306, qid=6, remote=True) (bc2258d0-4d1c-4b68-ad00-55f538eb6521)
00:57:24 6: Job OK (bc2258d0-4d1c-4b68-ad00-55f538eb6521)
00:57:24 Result will never expire, clean up result key manually
00:57:24 6: RemoteBayesFactor.BayesFactorRemote(bayes_threshold=100, bf_data_folder='/panfs/panasas01/phys/bf16951/QMD/ParallelDevelopment/Results/Aug_21/15_59/BayesFactorsTimeRecords/', branchID=None, host_name='node44-023', interbranch=True, log_file='/panfs/panasas01/phys/bf16951/QMD/ParallelDevelopment/Results/Aug_21/15_59/logs/experimental_run_for_single_instance_tree_6.qmd.8644312.log', model_a_id=2, model_b_id=3, num_times_to_use=750, port_number=6306, qid=6, times_record='/panfs/panasas01/phys/bf16951/QMD/ParallelDevelopment/Results/Aug_21/15_59/BayesFactorsTimeRecords/BayesFactorsPairsTimes_006.txt', trueModel='xTiPPxTxPPyTiPPyTyPPzTiPPzTz') (bd3bf925-5b0b-48d5-94b1-d9bc5c010345)
00:57:24 6: RemoteBayesFactor.BayesFactorRemote(bayes_threshold=100, bf_data_folder='/panfs/panasas01/phys/bf16951/QMD/ParallelDevelopment/Results/Aug_21/15_59/BayesFactorsTimeRecords/', branchID=None, host_name='node44-023', interbranch=True, log_file='/panfs/panasas01/phys/bf16951/QMD/ParallelDevelopment/Results/Aug_21/15_59/logs/experimental_run_for_single_instance_tree_6.qmd.8644312.log', model_a_id=3, model_b_id=5, num_times_to_use=750, port_number=6306, qid=6, times_record='/panfs/panasas01/phys/bf16951/QMD/ParallelDevelopment/Results/Aug_21/15_59/BayesFactorsTimeRecords/BayesFactorsPairsTimes_006.txt', trueModel='xTiPPxTxPPyTiPPyTyPPzTiPPzTz') (6e93915f-d8ad-40c5-a129-5dd4d10235ec)
00:57:24 6: RemoteBayesFactor.BayesFactorRemote(bayes_threshold=100, bf_data_folder='/panfs/panasas01/phys/bf16951/QMD/ParallelDevelopment/Results/Aug_21/15_59/BayesFactorsTimeRecords/', branchID=None, host_name='node44-023', interbranch=True, log_file='/panfs/panasas01/phys/bf16951/QMD/ParallelDevelopment/Results/Aug_21/15_59/logs/experimental_run_for_single_instance_tree_6.qmd.8644312.log', model_a_id=5, model_b_id=7, num_times_to_use=750, port_number=6306, qid=6, times_record='/panfs/panasas01/phys/bf16951/QMD/ParallelDevelopment/Results/Aug_21/15_59/BayesFactorsTimeRecords/BayesFactorsPairsTimes_006.txt', trueModel='xTiPPxTxPPyTiPPyTyPPzTiPPzTz') (aafb69a7-ead9-4249-ba4a-042540404cc9)
00:57:24 6: RemoteBayesFactor.BayesFactorRemote(bayes_threshold=100, bf_data_folder='/panfs/panasas01/phys/bf16951/QMD/ParallelDevelopment/Results/Aug_21/15_59/BayesFactorsTimeRecords/', branchID=None, host_name='node44-023', interbranch=True, log_file='/panfs/panasas01/phys/bf16951/QMD/ParallelDevelopment/Results/Aug_21/15_59/logs/experimental_run_for_single_instance_tree_6.qmd.8644312.log', model_a_id=7, model_b_id=10, num_times_to_use=750, port_number=6306, qid=6, times_record='/panfs/panasas01/phys/bf16951/QMD/ParallelDevelopment/Results/Aug_21/15_59/BayesFactorsTimeRecords/BayesFactorsPairsTimes_006.txt', trueModel='xTiPPxTxPPyTiPPyTyPPzTiPPzTz') (67beb59c-fb87-48b5-a612-17e670b619c0)
00:57:24 Cleaning registries for queue: 6
00:57:24 
00:57:24 *** Listening on 6...
00:57:24 6: RemoteBayesFactor.BayesFactorRemote(bayes_threshold=100, bf_data_folder='/panfs/panasas01/phys/bf16951/QMD/ParallelDevelopment/Results/Aug_21/15_59/BayesFactorsTimeRecords/', branchID=None, host_name='node44-023', interbranch=True, log_file='/panfs/panasas01/phys/bf16951/QMD/ParallelDevelopment/Results/Aug_21/15_59/logs/experimental_run_for_single_instance_tree_6.qmd.8644312.log', model_a_id=11, model_b_id=14, num_times_to_use=750, port_number=6306, qid=6, times_record='/panfs/panasas01/phys/bf16951/QMD/ParallelDevelopment/Results/Aug_21/15_59/BayesFactorsTimeRecords/BayesFactorsPairsTimes_006.txt', trueModel='xTiPPxTxPPyTiPPyTyPPzTiPPzTz') (004bac94-bed9-4d1a-aa53-857e9ecdd9f6)
00:57:24 6: RemoteBayesFactor.BayesFactorRemote(bayes_threshold=100, bf_data_folder='/panfs/panasas01/phys/bf16951/QMD/ParallelDevelopment/Results/Aug_21/15_59/BayesFactorsTimeRecords/', branchID=None, host_name='node44-023', interbranch=True, log_file='/panfs/panasas01/phys/bf16951/QMD/ParallelDevelopment/Results/Aug_21/15_59/logs/experimental_run_for_single_instance_tree_6.qmd.8644312.log', model_a_id=10, model_b_id=11, num_times_to_use=750, port_number=6306, qid=6, times_record='/panfs/panasas01/phys/bf16951/QMD/ParallelDevelopment/Results/Aug_21/15_59/BayesFactorsTimeRecords/BayesFactorsPairsTimes_006.txt', trueModel='xTiPPxTxPPyTiPPyTyPPzTiPPzTz') (d763ad46-8e46-4431-a54f-b3a127ffd10c)
01:45:34 6: Job OK (d763ad46-8e46-4431-a54f-b3a127ffd10c)
01:45:34 Result will never expire, clean up result key manually
01:45:34 Cleaning registries for queue: 6
01:45:34 
01:45:34 *** Listening on 6...
01:45:34 6: RemoteBayesFactor.BayesFactorRemote(bayes_threshold=100, bf_data_folder='/panfs/panasas01/phys/bf16951/QMD/ParallelDevelopment/Results/Aug_21/15_59/BayesFactorsTimeRecords/', branchID=None, host_name='node44-023', interbranch=True, log_file='/panfs/panasas01/phys/bf16951/QMD/ParallelDevelopment/Results/Aug_21/15_59/logs/experimental_run_for_single_instance_tree_6.qmd.8644312.log', model_a_id=14, model_b_id=16, num_times_to_use=750, port_number=6306, qid=6, times_record='/panfs/panasas01/phys/bf16951/QMD/ParallelDevelopment/Results/Aug_21/15_59/BayesFactorsTimeRecords/BayesFactorsPairsTimes_006.txt', trueModel='xTiPPxTxPPyTiPPyTyPPzTiPPzTz') (a0625e75-7a6c-4baa-9883-84f8271f4398)
01:46:13 6: Job OK (67beb59c-fb87-48b5-a612-17e670b619c0)
01:46:13 Result will never expire, clean up result key manually
01:46:13 Cleaning registries for queue: 6
01:46:13 
01:46:13 *** Listening on 6...
01:46:13 6: RemoteBayesFactor.BayesFactorRemote(bayes_threshold=100, bf_data_folder='/panfs/panasas01/phys/bf16951/QMD/ParallelDevelopment/Results/Aug_21/15_59/BayesFactorsTimeRecords/', branchID=None, host_name='node44-023', interbranch=True, log_file='/panfs/panasas01/phys/bf16951/QMD/ParallelDevelopment/Results/Aug_21/15_59/logs/experimental_run_for_single_instance_tree_6.qmd.8644312.log', model_a_id=16, model_b_id=17, num_times_to_use=750, port_number=6306, qid=6, times_record='/panfs/panasas01/phys/bf16951/QMD/ParallelDevelopment/Results/Aug_21/15_59/BayesFactorsTimeRecords/BayesFactorsPairsTimes_006.txt', trueModel='xTiPPxTxPPyTiPPyTyPPzTiPPzTz') (e1526481-970f-45cb-bd22-99087ab4c6d0)
01:46:17 6: Job OK (6e93915f-d8ad-40c5-a129-5dd4d10235ec)
01:46:17 Result will never expire, clean up result key manually
01:46:17 Cleaning registries for queue: 6
01:46:17 
01:46:17 *** Listening on 6...
01:47:52 6: Job OK (004bac94-bed9-4d1a-aa53-857e9ecdd9f6)
01:47:52 Result will never expire, clean up result key manually
01:47:52 
01:47:52 *** Listening on 6...
01:48:29 6: Job OK (aafb69a7-ead9-4249-ba4a-042540404cc9)
01:48:29 Result will never expire, clean up result key manually
01:48:29 Cleaning registries for queue: 6
01:48:29 
01:48:29 *** Listening on 6...
01:52:22 6: Job OK (bd3bf925-5b0b-48d5-94b1-d9bc5c010345)
01:52:22 Result will never expire, clean up result key manually
01:52:22 Cleaning registries for queue: 6
01:52:22 
01:52:22 *** Listening on 6...
02:32:50 6: Job OK (a0625e75-7a6c-4baa-9883-84f8271f4398)
02:32:50 Result will never expire, clean up result key manually
02:32:50 
02:32:50 *** Listening on 6...
02:32:55 6: Job OK (e1526481-970f-45cb-bd22-99087ab4c6d0)
02:32:55 Result will never expire, clean up result key manually
02:32:55 
02:32:55 *** Listening on 6...
02:32:55 6: RemoteBayesFactor.BayesFactorRemote(bayes_threshold=100, bf_data_folder='/panfs/panasas01/phys/bf16951/QMD/ParallelDevelopment/Results/Aug_21/15_59/BayesFactorsTimeRecords/', branchID=9, host_name='node44-023', interbranch=False, log_file='/panfs/panasas01/phys/bf16951/QMD/ParallelDevelopment/Results/Aug_21/15_59/logs/experimental_run_for_single_instance_tree_6.qmd.8644312.log', model_a_id=11.0, model_b_id=17.0, num_times_to_use=750, port_number=6306, qid=6, times_record='/panfs/panasas01/phys/bf16951/QMD/ParallelDevelopment/Results/Aug_21/15_59/BayesFactorsTimeRecords/BayesFactorsPairsTimes_006.txt', trueModel='xTiPPxTxPPyTiPPyTyPPzTiPPzTz') (4cfae140-b199-494d-b2d7-ae838c7acfc8)
02:32:55 6: RemoteBayesFactor.BayesFactorRemote(bayes_threshold=100, bf_data_folder='/panfs/panasas01/phys/bf16951/QMD/ParallelDevelopment/Results/Aug_21/15_59/BayesFactorsTimeRecords/', branchID=9, host_name='node44-023', interbranch=False, log_file='/panfs/panasas01/phys/bf16951/QMD/ParallelDevelopment/Results/Aug_21/15_59/logs/experimental_run_for_single_instance_tree_6.qmd.8644312.log', model_a_id=11.0, model_b_id=7.0, num_times_to_use=750, port_number=6306, qid=6, times_record='/panfs/panasas01/phys/bf16951/QMD/ParallelDevelopment/Results/Aug_21/15_59/BayesFactorsTimeRecords/BayesFactorsPairsTimes_006.txt', trueModel='xTiPPxTxPPyTiPPyTyPPzTiPPzTz') (62f9788e-aca3-42ab-9fe7-7e726ddcfe25)
02:32:55 6: RemoteBayesFactor.BayesFactorRemote(bayes_threshold=100, bf_data_folder='/panfs/panasas01/phys/bf16951/QMD/ParallelDevelopment/Results/Aug_21/15_59/BayesFactorsTimeRecords/', branchID=9, host_name='node44-023', interbranch=False, log_file='/panfs/panasas01/phys/bf16951/QMD/ParallelDevelopment/Results/Aug_21/15_59/logs/experimental_run_for_single_instance_tree_6.qmd.8644312.log', model_a_id=11.0, model_b_id=10.0, num_times_to_use=750, port_number=6306, qid=6, times_record='/panfs/panasas01/phys/bf16951/QMD/ParallelDevelopment/Results/Aug_21/15_59/BayesFactorsTimeRecords/BayesFactorsPairsTimes_006.txt', trueModel='xTiPPxTxPPyTiPPyTyPPzTiPPzTz') (a236c6ff-5dc3-4b99-8a8e-00841fbe998b)
02:32:55 6: RemoteBayesFactor.BayesFactorRemote(bayes_threshold=100, bf_data_folder='/panfs/panasas01/phys/bf16951/QMD/ParallelDevelopment/Results/Aug_21/15_59/BayesFactorsTimeRecords/', branchID=9, host_name='node44-023', interbranch=False, log_file='/panfs/panasas01/phys/bf16951/QMD/ParallelDevelopment/Results/Aug_21/15_59/logs/experimental_run_for_single_instance_tree_6.qmd.8644312.log', model_a_id=11.0, model_b_id=16.0, num_times_to_use=750, port_number=6306, qid=6, times_record='/panfs/panasas01/phys/bf16951/QMD/ParallelDevelopment/Results/Aug_21/15_59/BayesFactorsTimeRecords/BayesFactorsPairsTimes_006.txt', trueModel='xTiPPxTxPPyTiPPyTyPPzTiPPzTz') (79588456-7e50-46e6-a27b-cb15552785b7)
02:32:55 6: RemoteBayesFactor.BayesFactorRemote(bayes_threshold=100, bf_data_folder='/panfs/panasas01/phys/bf16951/QMD/ParallelDevelopment/Results/Aug_21/15_59/BayesFactorsTimeRecords/', branchID=9, host_name='node44-023', interbranch=False, log_file='/panfs/panasas01/phys/bf16951/QMD/ParallelDevelopment/Results/Aug_21/15_59/logs/experimental_run_for_single_instance_tree_6.qmd.8644312.log', model_a_id=16.0, model_b_id=17.0, num_times_to_use=750, port_number=6306, qid=6, times_record='/panfs/panasas01/phys/bf16951/QMD/ParallelDevelopment/Results/Aug_21/15_59/BayesFactorsTimeRecords/BayesFactorsPairsTimes_006.txt', trueModel='xTiPPxTxPPyTiPPyTyPPzTiPPzTz') (f0e97e51-4bbc-417c-8e97-655f7ceb9e44)
02:32:55 6: RemoteBayesFactor.BayesFactorRemote(bayes_threshold=100, bf_data_folder='/panfs/panasas01/phys/bf16951/QMD/ParallelDevelopment/Results/Aug_21/15_59/BayesFactorsTimeRecords/', branchID=9, host_name='node44-023', interbranch=False, log_file='/panfs/panasas01/phys/bf16951/QMD/ParallelDevelopment/Results/Aug_21/15_59/logs/experimental_run_for_single_instance_tree_6.qmd.8644312.log', model_a_id=11.0, model_b_id=3.0, num_times_to_use=750, port_number=6306, qid=6, times_record='/panfs/panasas01/phys/bf16951/QMD/ParallelDevelopment/Results/Aug_21/15_59/BayesFactorsTimeRecords/BayesFactorsPairsTimes_006.txt', trueModel='xTiPPxTxPPyTiPPyTyPPzTiPPzTz') (f38c61c2-9516-4f77-8f8b-356871fc23ed)
03:22:35 6: Job OK (f38c61c2-9516-4f77-8f8b-356871fc23ed)
03:22:35 Result will never expire, clean up result key manually
03:22:35 Cleaning registries for queue: 6
03:22:35 
03:22:35 *** Listening on 6...
03:22:35 6: RemoteBayesFactor.BayesFactorRemote(bayes_threshold=100, bf_data_folder='/panfs/panasas01/phys/bf16951/QMD/ParallelDevelopment/Results/Aug_21/15_59/BayesFactorsTimeRecords/', branchID=9, host_name='node44-023', interbranch=False, log_file='/panfs/panasas01/phys/bf16951/QMD/ParallelDevelopment/Results/Aug_21/15_59/logs/experimental_run_for_single_instance_tree_6.qmd.8644312.log', model_a_id=16.0, model_b_id=7.0, num_times_to_use=750, port_number=6306, qid=6, times_record='/panfs/panasas01/phys/bf16951/QMD/ParallelDevelopment/Results/Aug_21/15_59/BayesFactorsTimeRecords/BayesFactorsPairsTimes_006.txt', trueModel='xTiPPxTxPPyTiPPyTyPPzTiPPzTz') (b09c6b7a-445c-4da6-9850-842190f70833)
03:22:51 6: Job OK (62f9788e-aca3-42ab-9fe7-7e726ddcfe25)
03:22:51 Result will never expire, clean up result key manually
03:22:51 Cleaning registries for queue: 6
03:22:51 
03:22:51 *** Listening on 6...
03:22:51 6: RemoteBayesFactor.BayesFactorRemote(bayes_threshold=100, bf_data_folder='/panfs/panasas01/phys/bf16951/QMD/ParallelDevelopment/Results/Aug_21/15_59/BayesFactorsTimeRecords/', branchID=9, host_name='node44-023', interbranch=False, log_file='/panfs/panasas01/phys/bf16951/QMD/ParallelDevelopment/Results/Aug_21/15_59/logs/experimental_run_for_single_instance_tree_6.qmd.8644312.log', model_a_id=16.0, model_b_id=3.0, num_times_to_use=750, port_number=6306, qid=6, times_record='/panfs/panasas01/phys/bf16951/QMD/ParallelDevelopment/Results/Aug_21/15_59/BayesFactorsTimeRecords/BayesFactorsPairsTimes_006.txt', trueModel='xTiPPxTxPPyTiPPyTyPPzTiPPzTz') (69b1b384-3a5a-457f-8ea3-17824b2c9779)
03:25:13 6: Job OK (a236c6ff-5dc3-4b99-8a8e-00841fbe998b)
03:25:13 Result will never expire, clean up result key manually
03:25:13 Cleaning registries for queue: 6
03:25:13 
03:25:13 *** Listening on 6...
03:25:13 6: RemoteBayesFactor.BayesFactorRemote(bayes_threshold=100, bf_data_folder='/panfs/panasas01/phys/bf16951/QMD/ParallelDevelopment/Results/Aug_21/15_59/BayesFactorsTimeRecords/', branchID=9, host_name='node44-023', interbranch=False, log_file='/panfs/panasas01/phys/bf16951/QMD/ParallelDevelopment/Results/Aug_21/15_59/logs/experimental_run_for_single_instance_tree_6.qmd.8644312.log', model_a_id=16.0, model_b_id=10.0, num_times_to_use=750, port_number=6306, qid=6, times_record='/panfs/panasas01/phys/bf16951/QMD/ParallelDevelopment/Results/Aug_21/15_59/BayesFactorsTimeRecords/BayesFactorsPairsTimes_006.txt', trueModel='xTiPPxTxPPyTiPPyTyPPzTiPPzTz') (1d4bea13-8b9d-4661-9a7e-6cb4763cb077)
03:27:06 6: Job OK (f0e97e51-4bbc-417c-8e97-655f7ceb9e44)
03:27:06 Result will never expire, clean up result key manually
03:27:06 Cleaning registries for queue: 6
03:27:06 
03:27:06 *** Listening on 6...
03:27:06 6: RemoteBayesFactor.BayesFactorRemote(bayes_threshold=100, bf_data_folder='/panfs/panasas01/phys/bf16951/QMD/ParallelDevelopment/Results/Aug_21/15_59/BayesFactorsTimeRecords/', branchID=9, host_name='node44-023', interbranch=False, log_file='/panfs/panasas01/phys/bf16951/QMD/ParallelDevelopment/Results/Aug_21/15_59/logs/experimental_run_for_single_instance_tree_6.qmd.8644312.log', model_a_id=17.0, model_b_id=7.0, num_times_to_use=750, port_number=6306, qid=6, times_record='/panfs/panasas01/phys/bf16951/QMD/ParallelDevelopment/Results/Aug_21/15_59/BayesFactorsTimeRecords/BayesFactorsPairsTimes_006.txt', trueModel='xTiPPxTxPPyTiPPyTyPPzTiPPzTz') (1a8bc67f-f239-40cb-b0d1-b2a57f13bf0e)
03:27:08 6: Job OK (4cfae140-b199-494d-b2d7-ae838c7acfc8)
03:27:08 Result will never expire, clean up result key manually
03:27:08 Cleaning registries for queue: 6
03:27:08 
03:27:08 *** Listening on 6...
03:27:08 6: RemoteBayesFactor.BayesFactorRemote(bayes_threshold=100, bf_data_folder='/panfs/panasas01/phys/bf16951/QMD/ParallelDevelopment/Results/Aug_21/15_59/BayesFactorsTimeRecords/', branchID=9, host_name='node44-023', interbranch=False, log_file='/panfs/panasas01/phys/bf16951/QMD/ParallelDevelopment/Results/Aug_21/15_59/logs/experimental_run_for_single_instance_tree_6.qmd.8644312.log', model_a_id=17.0, model_b_id=3.0, num_times_to_use=750, port_number=6306, qid=6, times_record='/panfs/panasas01/phys/bf16951/QMD/ParallelDevelopment/Results/Aug_21/15_59/BayesFactorsTimeRecords/BayesFactorsPairsTimes_006.txt', trueModel='xTiPPxTxPPyTiPPyTyPPzTiPPzTz') (309cb1cb-a129-4c69-af5e-c404d9b5d212)
03:28:10 6: Job OK (79588456-7e50-46e6-a27b-cb15552785b7)
03:28:10 Result will never expire, clean up result key manually
03:28:10 Cleaning registries for queue: 6
03:28:10 
03:28:10 *** Listening on 6...
03:28:10 6: RemoteBayesFactor.BayesFactorRemote(bayes_threshold=100, bf_data_folder='/panfs/panasas01/phys/bf16951/QMD/ParallelDevelopment/Results/Aug_21/15_59/BayesFactorsTimeRecords/', branchID=9, host_name='node44-023', interbranch=False, log_file='/panfs/panasas01/phys/bf16951/QMD/ParallelDevelopment/Results/Aug_21/15_59/logs/experimental_run_for_single_instance_tree_6.qmd.8644312.log', model_a_id=17.0, model_b_id=10.0, num_times_to_use=750, port_number=6306, qid=6, times_record='/panfs/panasas01/phys/bf16951/QMD/ParallelDevelopment/Results/Aug_21/15_59/BayesFactorsTimeRecords/BayesFactorsPairsTimes_006.txt', trueModel='xTiPPxTxPPyTiPPyTyPPzTiPPzTz') (3919dc0d-905c-4805-84e9-0d13068a0ee2)
04:13:43 6: Job OK (69b1b384-3a5a-457f-8ea3-17824b2c9779)
04:13:43 Result will never expire, clean up result key manually
04:13:43 
04:13:43 *** Listening on 6...
04:13:43 6: RemoteBayesFactor.BayesFactorRemote(bayes_threshold=100, bf_data_folder='/panfs/panasas01/phys/bf16951/QMD/ParallelDevelopment/Results/Aug_21/15_59/BayesFactorsTimeRecords/', branchID=9, host_name='node44-023', interbranch=False, log_file='/panfs/panasas01/phys/bf16951/QMD/ParallelDevelopment/Results/Aug_21/15_59/logs/experimental_run_for_single_instance_tree_6.qmd.8644312.log', model_a_id=7.0, model_b_id=3.0, num_times_to_use=750, port_number=6306, qid=6, times_record='/panfs/panasas01/phys/bf16951/QMD/ParallelDevelopment/Results/Aug_21/15_59/BayesFactorsTimeRecords/BayesFactorsPairsTimes_006.txt', trueModel='xTiPPxTxPPyTiPPyTyPPzTiPPzTz') (ce43c519-60b2-4237-85f3-def23a1086c5)
04:13:43 6: Job OK (b09c6b7a-445c-4da6-9850-842190f70833)
04:13:43 Result will never expire, clean up result key manually
04:13:43 
04:13:43 *** Listening on 6...
04:13:43 6: RemoteBayesFactor.BayesFactorRemote(bayes_threshold=100, bf_data_folder='/panfs/panasas01/phys/bf16951/QMD/ParallelDevelopment/Results/Aug_21/15_59/BayesFactorsTimeRecords/', branchID=9, host_name='node44-023', interbranch=False, log_file='/panfs/panasas01/phys/bf16951/QMD/ParallelDevelopment/Results/Aug_21/15_59/logs/experimental_run_for_single_instance_tree_6.qmd.8644312.log', model_a_id=7.0, model_b_id=10.0, num_times_to_use=750, port_number=6306, qid=6, times_record='/panfs/panasas01/phys/bf16951/QMD/ParallelDevelopment/Results/Aug_21/15_59/BayesFactorsTimeRecords/BayesFactorsPairsTimes_006.txt', trueModel='xTiPPxTxPPyTiPPyTyPPzTiPPzTz') (56f08a7f-0693-4edc-9dd5-d9cccf9fb0c5)
04:15:34 6: Job OK (1d4bea13-8b9d-4661-9a7e-6cb4763cb077)
04:15:34 Result will never expire, clean up result key manually
04:15:34 
04:15:34 *** Listening on 6...
04:15:34 6: RemoteBayesFactor.BayesFactorRemote(bayes_threshold=100, bf_data_folder='/panfs/panasas01/phys/bf16951/QMD/ParallelDevelopment/Results/Aug_21/15_59/BayesFactorsTimeRecords/', branchID=9, host_name='node44-023', interbranch=False, log_file='/panfs/panasas01/phys/bf16951/QMD/ParallelDevelopment/Results/Aug_21/15_59/logs/experimental_run_for_single_instance_tree_6.qmd.8644312.log', model_a_id=3.0, model_b_id=10.0, num_times_to_use=750, port_number=6306, qid=6, times_record='/panfs/panasas01/phys/bf16951/QMD/ParallelDevelopment/Results/Aug_21/15_59/BayesFactorsTimeRecords/BayesFactorsPairsTimes_006.txt', trueModel='xTiPPxTxPPyTiPPyTyPPzTiPPzTz') (07f3cba3-4daf-480c-b5ee-e421aca8abbc)
04:19:34 6: Job OK (3919dc0d-905c-4805-84e9-0d13068a0ee2)
04:19:34 Result will never expire, clean up result key manually
04:19:34 
04:19:34 *** Listening on 6...
04:19:46 6: Job OK (309cb1cb-a129-4c69-af5e-c404d9b5d212)
04:19:46 Result will never expire, clean up result key manually
04:19:46 
04:19:46 *** Listening on 6...
04:20:08 6: Job OK (1a8bc67f-f239-40cb-b0d1-b2a57f13bf0e)
04:20:08 Result will never expire, clean up result key manually
04:20:08 
04:20:08 *** Listening on 6...
05:03:11 6: Job OK (56f08a7f-0693-4edc-9dd5-d9cccf9fb0c5)
05:03:11 Result will never expire, clean up result key manually
05:03:11 Cleaning registries for queue: 6
05:03:11 
05:03:11 *** Listening on 6...
05:03:38 6: Job OK (ce43c519-60b2-4237-85f3-def23a1086c5)
05:03:38 Result will never expire, clean up result key manually
05:03:38 Cleaning registries for queue: 6
05:03:38 
05:03:38 *** Listening on 6...
05:04:51 6: Job OK (07f3cba3-4daf-480c-b5ee-e421aca8abbc)
05:04:51 Result will never expire, clean up result key manually
05:04:51 Cleaning registries for queue: 6
05:04:51 
05:04:51 *** Listening on 6...
Error 111 connecting to node44-023:6306. Connection refused.
Error 111 connecting to node44-023:6306. Connection refused.
Error 111 connecting to node44-023:6306. Connection refused.
Error 111 connecting to node44-023:6306. Connection refused.
Error 111 connecting to node44-023:6306. Connection refused.
Error 111 connecting to node44-023:6306. Connection refused.
