12:43:15 RQ worker 'rq:worker:node33-031.40765' started, version 0.8.1
12:43:15 RQ worker 'rq:worker:node33-031.40761' started, version 0.8.1
12:43:15 RQ worker 'rq:worker:node33-031.40762' started, version 0.8.1
12:43:15 RQ worker 'rq:worker:node33-031.40763' started, version 0.8.1
12:43:15 RQ worker 'rq:worker:node33-031.40764' started, version 0.8.1
12:43:15 Cleaning registries for queue: 16
12:43:15 Cleaning registries for queue: 16
12:43:15 Cleaning registries for queue: 16
12:43:15 Cleaning registries for queue: 16
12:43:15 Cleaning registries for queue: 16
12:43:15 
12:43:15 
12:43:15 
12:43:15 
12:43:15 *** Listening on 16...
12:43:15 *** Listening on 16...
12:43:15 RQ worker 'rq:worker:node33-031.40766' started, version 0.8.1
12:43:15 *** Listening on 16...
12:43:15 
12:43:15 *** Listening on 16...
12:43:15 *** Listening on 16...
12:43:15 Cleaning registries for queue: 16
12:43:15 
12:43:15 *** Listening on 16...
12:43:26 16: RemoteModelLearning.learnModelRemote('zTi', 2.0, branchID=0, growth_generator='two_qubit_ising_rotation_hyperfine_transverse', host_name='node33-031', log_file='/panfs/panasas01/phys/bf16951/QMD/ParallelDevelopment/Results/Oct_01/12_39/logs/NV-exp-method-sim__random-phase--probe__QMLA_16.qmd.8794613.log', port_number=6316, qid=16, remote=True) (676a2c93-8d58-42f3-8783-479993b8ce5d)
12:43:26 16: RemoteModelLearning.learnModelRemote('yTi', 1.0, branchID=0, growth_generator='two_qubit_ising_rotation_hyperfine_transverse', host_name='node33-031', log_file='/panfs/panasas01/phys/bf16951/QMD/ParallelDevelopment/Results/Oct_01/12_39/logs/NV-exp-method-sim__random-phase--probe__QMLA_16.qmd.8794613.log', port_number=6316, qid=16, remote=True) (f69ad0f0-1168-49c4-b125-6dbef0671691)
12:43:26 16: RemoteModelLearning.learnModelRemote('xTi', 0.0, branchID=0, growth_generator='two_qubit_ising_rotation_hyperfine_transverse', host_name='node33-031', log_file='/panfs/panasas01/phys/bf16951/QMD/ParallelDevelopment/Results/Oct_01/12_39/logs/NV-exp-method-sim__random-phase--probe__QMLA_16.qmd.8794613.log', port_number=6316, qid=16, remote=True) (1047cd7c-450b-482f-832a-36dc3d180a95)
13:07:40 16: Job OK (1047cd7c-450b-482f-832a-36dc3d180a95)
13:07:40 Result will never expire, clean up result key manually
13:07:40 
13:07:40 *** Listening on 16...
/cm/shared/languages/Anaconda3-5.0.1-PHYS015202/lib/python3.6/site-packages/qinfer/utils.py:268: ApproximationWarning: Numerical error in covariance estimation causing positive semidefinite violation.
  warnings.warn('Numerical error in covariance estimation causing positive semidefinite violation.', ApproximationWarning)
./QML.py:666: RuntimeWarning: invalid value encountered in sqrt
  np.diag(self.Updater.est_covariance_mtx())
13:10:44 16: Job OK (f69ad0f0-1168-49c4-b125-6dbef0671691)
13:10:44 Result will never expire, clean up result key manually
13:10:44 
13:10:44 *** Listening on 16...
13:19:44 16: Job OK (676a2c93-8d58-42f3-8783-479993b8ce5d)
13:19:44 Result will never expire, clean up result key manually
13:19:44 
13:19:44 *** Listening on 16...
13:19:44 16: RemoteBayesFactor.BayesFactorRemote(bayes_threshold=100, bf_data_folder='/panfs/panasas01/phys/bf16951/QMD/ParallelDevelopment/Results/Oct_01/12_39/BayesFactorsTimeRecords/', branchID=0, host_name='node33-031', interbranch=False, log_file='/panfs/panasas01/phys/bf16951/QMD/ParallelDevelopment/Results/Oct_01/12_39/logs/NV-exp-method-sim__random-phase--probe__QMLA_16.qmd.8794613.log', model_a_id=0, model_b_id=1, num_times_to_use=750, port_number=6316, qid=16, times_record='/panfs/panasas01/phys/bf16951/QMD/ParallelDevelopment/Results/Oct_01/12_39/BayesFactorsTimeRecords/BayesFactorsPairsTimes_016.txt', trueModel='xTiPPyTiPPzTiPPzTz') (85bf7d7b-36f1-450e-883d-178bac842b2c)
13:19:44 16: RemoteBayesFactor.BayesFactorRemote(bayes_threshold=100, bf_data_folder='/panfs/panasas01/phys/bf16951/QMD/ParallelDevelopment/Results/Oct_01/12_39/BayesFactorsTimeRecords/', branchID=0, host_name='node33-031', interbranch=False, log_file='/panfs/panasas01/phys/bf16951/QMD/ParallelDevelopment/Results/Oct_01/12_39/logs/NV-exp-method-sim__random-phase--probe__QMLA_16.qmd.8794613.log', model_a_id=0, model_b_id=2, num_times_to_use=750, port_number=6316, qid=16, times_record='/panfs/panasas01/phys/bf16951/QMD/ParallelDevelopment/Results/Oct_01/12_39/BayesFactorsTimeRecords/BayesFactorsPairsTimes_016.txt', trueModel='xTiPPyTiPPzTiPPzTz') (5c8ca8c0-948b-4fa5-ab88-f3dfa4e8a5a8)
13:19:44 16: RemoteBayesFactor.BayesFactorRemote(bayes_threshold=100, bf_data_folder='/panfs/panasas01/phys/bf16951/QMD/ParallelDevelopment/Results/Oct_01/12_39/BayesFactorsTimeRecords/', branchID=0, host_name='node33-031', interbranch=False, log_file='/panfs/panasas01/phys/bf16951/QMD/ParallelDevelopment/Results/Oct_01/12_39/logs/NV-exp-method-sim__random-phase--probe__QMLA_16.qmd.8794613.log', model_a_id=1, model_b_id=2, num_times_to_use=750, port_number=6316, qid=16, times_record='/panfs/panasas01/phys/bf16951/QMD/ParallelDevelopment/Results/Oct_01/12_39/BayesFactorsTimeRecords/BayesFactorsPairsTimes_016.txt', trueModel='xTiPPyTiPPzTiPPzTz') (a2c0a654-b33e-4a13-b704-fb8a5e469e92)
14:10:40 16: Job OK (85bf7d7b-36f1-450e-883d-178bac842b2c)
14:10:40 Result will never expire, clean up result key manually
14:10:40 Cleaning registries for queue: 16
14:10:40 
14:10:40 *** Listening on 16...
14:20:49 16: Job OK (5c8ca8c0-948b-4fa5-ab88-f3dfa4e8a5a8)
14:20:49 Result will never expire, clean up result key manually
14:20:49 Cleaning registries for queue: 16
14:20:49 
14:20:49 *** Listening on 16...
14:28:00 16: Job OK (a2c0a654-b33e-4a13-b704-fb8a5e469e92)
14:28:00 Result will never expire, clean up result key manually
14:28:00 Cleaning registries for queue: 16
14:28:00 
14:28:00 *** Listening on 16...
14:28:01 16: RemoteModelLearning.learnModelRemote('yTiPPzTi', 3.0, branchID=1, growth_generator='two_qubit_ising_rotation_hyperfine_transverse', host_name='node33-031', log_file='/panfs/panasas01/phys/bf16951/QMD/ParallelDevelopment/Results/Oct_01/12_39/logs/NV-exp-method-sim__random-phase--probe__QMLA_16.qmd.8794613.log', port_number=6316, qid=16, remote=True) (bb3c7acd-d345-42e6-9512-e357d52fe948)
14:28:01 16: RemoteModelLearning.learnModelRemote('xTiPPyTi', 4.0, branchID=1, growth_generator='two_qubit_ising_rotation_hyperfine_transverse', host_name='node33-031', log_file='/panfs/panasas01/phys/bf16951/QMD/ParallelDevelopment/Results/Oct_01/12_39/logs/NV-exp-method-sim__random-phase--probe__QMLA_16.qmd.8794613.log', port_number=6316, qid=16, remote=True) (d82167be-efa0-49de-a955-7a987170110f)
14:54:40 16: Job OK (bb3c7acd-d345-42e6-9512-e357d52fe948)
14:54:40 Result will never expire, clean up result key manually
14:54:40 
14:54:40 *** Listening on 16...
14:54:50 16: Job OK (d82167be-efa0-49de-a955-7a987170110f)
14:54:50 Result will never expire, clean up result key manually
14:54:50 Cleaning registries for queue: 16
14:54:50 
14:54:50 *** Listening on 16...
14:54:50 16: RemoteBayesFactor.BayesFactorRemote(bayes_threshold=100, bf_data_folder='/panfs/panasas01/phys/bf16951/QMD/ParallelDevelopment/Results/Oct_01/12_39/BayesFactorsTimeRecords/', branchID=1, host_name='node33-031', interbranch=False, log_file='/panfs/panasas01/phys/bf16951/QMD/ParallelDevelopment/Results/Oct_01/12_39/logs/NV-exp-method-sim__random-phase--probe__QMLA_16.qmd.8794613.log', model_a_id=3, model_b_id=4, num_times_to_use=750, port_number=6316, qid=16, times_record='/panfs/panasas01/phys/bf16951/QMD/ParallelDevelopment/Results/Oct_01/12_39/BayesFactorsTimeRecords/BayesFactorsPairsTimes_016.txt', trueModel='xTiPPyTiPPzTiPPzTz') (7a790ff9-a3c5-4ca1-ac50-31b9e3b31155)
15:47:26 16: Job OK (7a790ff9-a3c5-4ca1-ac50-31b9e3b31155)
15:47:26 Result will never expire, clean up result key manually
15:47:26 Cleaning registries for queue: 16
15:47:26 
15:47:26 *** Listening on 16...
15:47:26 16: RemoteModelLearning.learnModelRemote('xTiPPyTiPPzTi', 5.0, branchID=2, growth_generator='two_qubit_ising_rotation_hyperfine_transverse', host_name='node33-031', log_file='/panfs/panasas01/phys/bf16951/QMD/ParallelDevelopment/Results/Oct_01/12_39/logs/NV-exp-method-sim__random-phase--probe__QMLA_16.qmd.8794613.log', port_number=6316, qid=16, remote=True) (0a816170-ab4b-4f15-bf77-a4345335bda3)
16:13:49 16: Job OK (0a816170-ab4b-4f15-bf77-a4345335bda3)
16:13:49 Result will never expire, clean up result key manually
16:13:49 Cleaning registries for queue: 16
16:13:49 
16:13:49 *** Listening on 16...
16:13:49 16: RemoteModelLearning.learnModelRemote('xTiPPxTxPPyTiPPzTi', 6.0, branchID=3, growth_generator='two_qubit_ising_rotation_hyperfine_transverse', host_name='node33-031', log_file='/panfs/panasas01/phys/bf16951/QMD/ParallelDevelopment/Results/Oct_01/12_39/logs/NV-exp-method-sim__random-phase--probe__QMLA_16.qmd.8794613.log', port_number=6316, qid=16, remote=True) (09a59437-8b57-4878-a0b4-d9ee2ffcba5e)
16:13:50 16: RemoteModelLearning.learnModelRemote('xTiPPyTiPPzTiPPzTz', 8.0, branchID=3, growth_generator='two_qubit_ising_rotation_hyperfine_transverse', host_name='node33-031', log_file='/panfs/panasas01/phys/bf16951/QMD/ParallelDevelopment/Results/Oct_01/12_39/logs/NV-exp-method-sim__random-phase--probe__QMLA_16.qmd.8794613.log', port_number=6316, qid=16, remote=True) (54c2dab1-b80b-4444-914a-5fed514f8b73)
16:13:50 16: RemoteModelLearning.learnModelRemote('xTiPPyTiPPyTyPPzTi', 7.0, branchID=3, growth_generator='two_qubit_ising_rotation_hyperfine_transverse', host_name='node33-031', log_file='/panfs/panasas01/phys/bf16951/QMD/ParallelDevelopment/Results/Oct_01/12_39/logs/NV-exp-method-sim__random-phase--probe__QMLA_16.qmd.8794613.log', port_number=6316, qid=16, remote=True) (a3596525-4414-42ed-a7f9-141430128817)
16:40:04 16: Job OK (a3596525-4414-42ed-a7f9-141430128817)
16:40:04 Result will never expire, clean up result key manually
16:40:04 Cleaning registries for queue: 16
16:40:04 
16:40:04 *** Listening on 16...
16:40:28 16: Job OK (54c2dab1-b80b-4444-914a-5fed514f8b73)
16:40:28 Result will never expire, clean up result key manually
16:40:28 Cleaning registries for queue: 16
16:40:28 
16:40:28 *** Listening on 16...
16:40:35 16: Job OK (09a59437-8b57-4878-a0b4-d9ee2ffcba5e)
16:40:35 Result will never expire, clean up result key manually
16:40:35 Cleaning registries for queue: 16
16:40:35 
16:40:35 *** Listening on 16...
16:40:36 16: RemoteBayesFactor.BayesFactorRemote(bayes_threshold=100, bf_data_folder='/panfs/panasas01/phys/bf16951/QMD/ParallelDevelopment/Results/Oct_01/12_39/BayesFactorsTimeRecords/', branchID=3, host_name='node33-031', interbranch=False, log_file='/panfs/panasas01/phys/bf16951/QMD/ParallelDevelopment/Results/Oct_01/12_39/logs/NV-exp-method-sim__random-phase--probe__QMLA_16.qmd.8794613.log', model_a_id=6, model_b_id=8, num_times_to_use=750, port_number=6316, qid=16, times_record='/panfs/panasas01/phys/bf16951/QMD/ParallelDevelopment/Results/Oct_01/12_39/BayesFactorsTimeRecords/BayesFactorsPairsTimes_016.txt', trueModel='xTiPPyTiPPzTiPPzTz') (2b624cd6-77c5-48f5-be29-151195d6847a)
16:40:36 16: RemoteBayesFactor.BayesFactorRemote(bayes_threshold=100, bf_data_folder='/panfs/panasas01/phys/bf16951/QMD/ParallelDevelopment/Results/Oct_01/12_39/BayesFactorsTimeRecords/', branchID=3, host_name='node33-031', interbranch=False, log_file='/panfs/panasas01/phys/bf16951/QMD/ParallelDevelopment/Results/Oct_01/12_39/logs/NV-exp-method-sim__random-phase--probe__QMLA_16.qmd.8794613.log', model_a_id=6, model_b_id=7, num_times_to_use=750, port_number=6316, qid=16, times_record='/panfs/panasas01/phys/bf16951/QMD/ParallelDevelopment/Results/Oct_01/12_39/BayesFactorsTimeRecords/BayesFactorsPairsTimes_016.txt', trueModel='xTiPPyTiPPzTiPPzTz') (ccc963f1-935f-4db7-ab7d-ea5d1345aded)
16:40:36 16: RemoteBayesFactor.BayesFactorRemote(bayes_threshold=100, bf_data_folder='/panfs/panasas01/phys/bf16951/QMD/ParallelDevelopment/Results/Oct_01/12_39/BayesFactorsTimeRecords/', branchID=3, host_name='node33-031', interbranch=False, log_file='/panfs/panasas01/phys/bf16951/QMD/ParallelDevelopment/Results/Oct_01/12_39/logs/NV-exp-method-sim__random-phase--probe__QMLA_16.qmd.8794613.log', model_a_id=7, model_b_id=8, num_times_to_use=750, port_number=6316, qid=16, times_record='/panfs/panasas01/phys/bf16951/QMD/ParallelDevelopment/Results/Oct_01/12_39/BayesFactorsTimeRecords/BayesFactorsPairsTimes_016.txt', trueModel='xTiPPyTiPPzTiPPzTz') (e895715d-41ad-4563-a299-8e5ee98c4019)
17:32:48 16: Job OK (ccc963f1-935f-4db7-ab7d-ea5d1345aded)
17:32:48 Result will never expire, clean up result key manually
17:32:48 Cleaning registries for queue: 16
17:32:48 
17:32:48 *** Listening on 16...
17:32:55 16: Job OK (e895715d-41ad-4563-a299-8e5ee98c4019)
17:32:55 Result will never expire, clean up result key manually
17:32:55 Cleaning registries for queue: 16
17:32:55 
17:32:55 *** Listening on 16...
17:32:59 16: Job OK (2b624cd6-77c5-48f5-be29-151195d6847a)
17:32:59 Result will never expire, clean up result key manually
17:32:59 Cleaning registries for queue: 16
17:32:59 
17:32:59 *** Listening on 16...
17:33:00 16: RemoteModelLearning.learnModelRemote('xTiPPyTiPPyTyPPzTiPPzTz', 9.0, branchID=4, growth_generator='two_qubit_ising_rotation_hyperfine_transverse', host_name='node33-031', log_file='/panfs/panasas01/phys/bf16951/QMD/ParallelDevelopment/Results/Oct_01/12_39/logs/NV-exp-method-sim__random-phase--probe__QMLA_16.qmd.8794613.log', port_number=6316, qid=16, remote=True) (45b59c25-606e-4259-8f87-74cccfe43302)
17:33:00 16: RemoteModelLearning.learnModelRemote('xTiPPxTxPPyTiPPzTiPPzTz', 10.0, branchID=4, growth_generator='two_qubit_ising_rotation_hyperfine_transverse', host_name='node33-031', log_file='/panfs/panasas01/phys/bf16951/QMD/ParallelDevelopment/Results/Oct_01/12_39/logs/NV-exp-method-sim__random-phase--probe__QMLA_16.qmd.8794613.log', port_number=6316, qid=16, remote=True) (bf7efaea-32ca-4a30-bf47-df2bc0a9ca4f)
17:58:35 16: Job OK (bf7efaea-32ca-4a30-bf47-df2bc0a9ca4f)
17:58:35 Result will never expire, clean up result key manually
17:58:35 Cleaning registries for queue: 16
17:58:35 
17:58:35 *** Listening on 16...
17:58:48 16: Job OK (45b59c25-606e-4259-8f87-74cccfe43302)
17:58:48 Result will never expire, clean up result key manually
17:58:48 Cleaning registries for queue: 16
17:58:48 
17:58:48 *** Listening on 16...
17:58:48 16: RemoteBayesFactor.BayesFactorRemote(bayes_threshold=100, bf_data_folder='/panfs/panasas01/phys/bf16951/QMD/ParallelDevelopment/Results/Oct_01/12_39/BayesFactorsTimeRecords/', branchID=4, host_name='node33-031', interbranch=False, log_file='/panfs/panasas01/phys/bf16951/QMD/ParallelDevelopment/Results/Oct_01/12_39/logs/NV-exp-method-sim__random-phase--probe__QMLA_16.qmd.8794613.log', model_a_id=9, model_b_id=10, num_times_to_use=750, port_number=6316, qid=16, times_record='/panfs/panasas01/phys/bf16951/QMD/ParallelDevelopment/Results/Oct_01/12_39/BayesFactorsTimeRecords/BayesFactorsPairsTimes_016.txt', trueModel='xTiPPyTiPPzTiPPzTz') (d9cb60c9-ef5f-4924-9876-8c5725ae7ff9)
18:48:52 16: Job OK (d9cb60c9-ef5f-4924-9876-8c5725ae7ff9)
18:48:52 Result will never expire, clean up result key manually
18:48:52 Cleaning registries for queue: 16
18:48:52 
18:48:52 *** Listening on 16...
18:48:52 16: RemoteModelLearning.learnModelRemote('xTiPPxTxPPyTiPPyTyPPzTiPPzTz', 11.0, branchID=5, growth_generator='two_qubit_ising_rotation_hyperfine_transverse', host_name='node33-031', log_file='/panfs/panasas01/phys/bf16951/QMD/ParallelDevelopment/Results/Oct_01/12_39/logs/NV-exp-method-sim__random-phase--probe__QMLA_16.qmd.8794613.log', port_number=6316, qid=16, remote=True) (982a7a25-5901-44f8-9b69-d44a819d274f)
19:13:50 16: Job OK (982a7a25-5901-44f8-9b69-d44a819d274f)
19:13:50 Result will never expire, clean up result key manually
19:13:50 Cleaning registries for queue: 16
19:13:50 
19:13:50 *** Listening on 16...
19:13:50 16: RemoteModelLearning.learnModelRemote('xTiPPxTxPPyTiPPyTyPPyTzPPzTiPPzTz', 13.0, branchID=6, growth_generator='two_qubit_ising_rotation_hyperfine_transverse', host_name='node33-031', log_file='/panfs/panasas01/phys/bf16951/QMD/ParallelDevelopment/Results/Oct_01/12_39/logs/NV-exp-method-sim__random-phase--probe__QMLA_16.qmd.8794613.log', port_number=6316, qid=16, remote=True) (f2af7b27-7d89-416a-9309-0c48f915738f)
19:13:51 16: RemoteModelLearning.learnModelRemote('xTiPPxTxPPxTyPPyTiPPyTyPPzTiPPzTz', 12.0, branchID=6, growth_generator='two_qubit_ising_rotation_hyperfine_transverse', host_name='node33-031', log_file='/panfs/panasas01/phys/bf16951/QMD/ParallelDevelopment/Results/Oct_01/12_39/logs/NV-exp-method-sim__random-phase--probe__QMLA_16.qmd.8794613.log', port_number=6316, qid=16, remote=True) (7c32f2e6-f1cb-47d4-8ef2-42a599ea7347)
19:13:51 16: RemoteModelLearning.learnModelRemote('xTiPPxTxPPxTzPPyTiPPyTyPPzTiPPzTz', 14.0, branchID=6, growth_generator='two_qubit_ising_rotation_hyperfine_transverse', host_name='node33-031', log_file='/panfs/panasas01/phys/bf16951/QMD/ParallelDevelopment/Results/Oct_01/12_39/logs/NV-exp-method-sim__random-phase--probe__QMLA_16.qmd.8794613.log', port_number=6316, qid=16, remote=True) (f87185f5-70e8-4924-9db5-f0d0822acfd6)
19:39:34 16: Job OK (f87185f5-70e8-4924-9db5-f0d0822acfd6)
19:39:34 Result will never expire, clean up result key manually
19:39:34 Cleaning registries for queue: 16
19:39:34 
19:39:34 *** Listening on 16...
19:39:51 16: Job OK (7c32f2e6-f1cb-47d4-8ef2-42a599ea7347)
19:39:51 Result will never expire, clean up result key manually
19:39:51 Cleaning registries for queue: 16
19:39:51 
19:39:51 *** Listening on 16...
19:40:00 16: Job OK (f2af7b27-7d89-416a-9309-0c48f915738f)
19:40:00 Result will never expire, clean up result key manually
19:40:00 Cleaning registries for queue: 16
19:40:00 
19:40:00 *** Listening on 16...
19:40:01 16: RemoteBayesFactor.BayesFactorRemote(bayes_threshold=100, bf_data_folder='/panfs/panasas01/phys/bf16951/QMD/ParallelDevelopment/Results/Oct_01/12_39/BayesFactorsTimeRecords/', branchID=6, host_name='node33-031', interbranch=False, log_file='/panfs/panasas01/phys/bf16951/QMD/ParallelDevelopment/Results/Oct_01/12_39/logs/NV-exp-method-sim__random-phase--probe__QMLA_16.qmd.8794613.log', model_a_id=12, model_b_id=14, num_times_to_use=750, port_number=6316, qid=16, times_record='/panfs/panasas01/phys/bf16951/QMD/ParallelDevelopment/Results/Oct_01/12_39/BayesFactorsTimeRecords/BayesFactorsPairsTimes_016.txt', trueModel='xTiPPyTiPPzTiPPzTz') (01605906-f8cd-4193-9145-faa9c8e7612f)
19:40:01 16: RemoteBayesFactor.BayesFactorRemote(bayes_threshold=100, bf_data_folder='/panfs/panasas01/phys/bf16951/QMD/ParallelDevelopment/Results/Oct_01/12_39/BayesFactorsTimeRecords/', branchID=6, host_name='node33-031', interbranch=False, log_file='/panfs/panasas01/phys/bf16951/QMD/ParallelDevelopment/Results/Oct_01/12_39/logs/NV-exp-method-sim__random-phase--probe__QMLA_16.qmd.8794613.log', model_a_id=12, model_b_id=13, num_times_to_use=750, port_number=6316, qid=16, times_record='/panfs/panasas01/phys/bf16951/QMD/ParallelDevelopment/Results/Oct_01/12_39/BayesFactorsTimeRecords/BayesFactorsPairsTimes_016.txt', trueModel='xTiPPyTiPPzTiPPzTz') (8b2e29b4-27ff-4104-ac6a-793945ba2034)
19:40:01 16: RemoteBayesFactor.BayesFactorRemote(bayes_threshold=100, bf_data_folder='/panfs/panasas01/phys/bf16951/QMD/ParallelDevelopment/Results/Oct_01/12_39/BayesFactorsTimeRecords/', branchID=6, host_name='node33-031', interbranch=False, log_file='/panfs/panasas01/phys/bf16951/QMD/ParallelDevelopment/Results/Oct_01/12_39/logs/NV-exp-method-sim__random-phase--probe__QMLA_16.qmd.8794613.log', model_a_id=13, model_b_id=14, num_times_to_use=750, port_number=6316, qid=16, times_record='/panfs/panasas01/phys/bf16951/QMD/ParallelDevelopment/Results/Oct_01/12_39/BayesFactorsTimeRecords/BayesFactorsPairsTimes_016.txt', trueModel='xTiPPyTiPPzTiPPzTz') (2d75f80a-c1a6-48d6-a3e5-523478328e33)
20:30:59 16: Job OK (2d75f80a-c1a6-48d6-a3e5-523478328e33)
20:30:59 Result will never expire, clean up result key manually
20:30:59 Cleaning registries for queue: 16
20:30:59 
20:30:59 *** Listening on 16...
20:31:17 16: Job OK (8b2e29b4-27ff-4104-ac6a-793945ba2034)
20:31:17 Result will never expire, clean up result key manually
20:31:17 Cleaning registries for queue: 16
20:31:17 
20:31:17 *** Listening on 16...
20:31:30 16: Job OK (01605906-f8cd-4193-9145-faa9c8e7612f)
20:31:30 Result will never expire, clean up result key manually
20:31:30 Cleaning registries for queue: 16
20:31:30 
20:31:30 *** Listening on 16...
20:31:30 16: RemoteModelLearning.learnModelRemote('xTiPPxTxPPxTyPPxTzPPyTiPPyTyPPzTiPPzTz', 15.0, branchID=7, growth_generator='two_qubit_ising_rotation_hyperfine_transverse', host_name='node33-031', log_file='/panfs/panasas01/phys/bf16951/QMD/ParallelDevelopment/Results/Oct_01/12_39/logs/NV-exp-method-sim__random-phase--probe__QMLA_16.qmd.8794613.log', port_number=6316, qid=16, remote=True) (801c5138-2d4b-4431-9396-d4bf1b9e260b)
20:31:30 16: RemoteModelLearning.learnModelRemote('xTiPPxTxPPxTyPPyTiPPyTyPPyTzPPzTiPPzTz', 16.0, branchID=7, growth_generator='two_qubit_ising_rotation_hyperfine_transverse', host_name='node33-031', log_file='/panfs/panasas01/phys/bf16951/QMD/ParallelDevelopment/Results/Oct_01/12_39/logs/NV-exp-method-sim__random-phase--probe__QMLA_16.qmd.8794613.log', port_number=6316, qid=16, remote=True) (eff46e36-76de-42b6-8fa0-3669cf51f68f)
20:57:03 16: Job OK (801c5138-2d4b-4431-9396-d4bf1b9e260b)
20:57:03 Result will never expire, clean up result key manually
20:57:03 Cleaning registries for queue: 16
20:57:03 
20:57:03 *** Listening on 16...
20:57:23 16: Job OK (eff46e36-76de-42b6-8fa0-3669cf51f68f)
20:57:23 Result will never expire, clean up result key manually
20:57:23 Cleaning registries for queue: 16
20:57:23 
20:57:23 *** Listening on 16...
20:57:24 16: RemoteBayesFactor.BayesFactorRemote(bayes_threshold=100, bf_data_folder='/panfs/panasas01/phys/bf16951/QMD/ParallelDevelopment/Results/Oct_01/12_39/BayesFactorsTimeRecords/', branchID=7, host_name='node33-031', interbranch=False, log_file='/panfs/panasas01/phys/bf16951/QMD/ParallelDevelopment/Results/Oct_01/12_39/logs/NV-exp-method-sim__random-phase--probe__QMLA_16.qmd.8794613.log', model_a_id=15, model_b_id=16, num_times_to_use=750, port_number=6316, qid=16, times_record='/panfs/panasas01/phys/bf16951/QMD/ParallelDevelopment/Results/Oct_01/12_39/BayesFactorsTimeRecords/BayesFactorsPairsTimes_016.txt', trueModel='xTiPPyTiPPzTiPPzTz') (7e2566ec-2ced-4c12-922f-511977a89faf)
21:47:06 16: Job OK (7e2566ec-2ced-4c12-922f-511977a89faf)
21:47:06 Result will never expire, clean up result key manually
21:47:06 Cleaning registries for queue: 16
21:47:06 
21:47:06 *** Listening on 16...
21:47:06 16: RemoteModelLearning.learnModelRemote('xTiPPxTxPPxTyPPxTzPPyTiPPyTyPPyTzPPzTiPPzTz', 17.0, branchID=8, growth_generator='two_qubit_ising_rotation_hyperfine_transverse', host_name='node33-031', log_file='/panfs/panasas01/phys/bf16951/QMD/ParallelDevelopment/Results/Oct_01/12_39/logs/NV-exp-method-sim__random-phase--probe__QMLA_16.qmd.8794613.log', port_number=6316, qid=16, remote=True) (e6493fd2-3815-46c6-8a10-09e5ee522dbb)
22:13:07 16: Job OK (e6493fd2-3815-46c6-8a10-09e5ee522dbb)
22:13:07 Result will never expire, clean up result key manually
22:13:07 Cleaning registries for queue: 16
22:13:07 
22:13:07 *** Listening on 16...
22:13:07 16: RemoteBayesFactor.BayesFactorRemote(bayes_threshold=100, bf_data_folder='/panfs/panasas01/phys/bf16951/QMD/ParallelDevelopment/Results/Oct_01/12_39/BayesFactorsTimeRecords/', branchID=None, host_name='node33-031', interbranch=True, log_file='/panfs/panasas01/phys/bf16951/QMD/ParallelDevelopment/Results/Oct_01/12_39/logs/NV-exp-method-sim__random-phase--probe__QMLA_16.qmd.8794613.log', model_a_id=8, model_b_id=10, num_times_to_use=750, port_number=6316, qid=16, times_record='/panfs/panasas01/phys/bf16951/QMD/ParallelDevelopment/Results/Oct_01/12_39/BayesFactorsTimeRecords/BayesFactorsPairsTimes_016.txt', trueModel='xTiPPyTiPPzTiPPzTz') (fe3de5bc-49d0-4ac6-927a-64bb6d12ed55)
22:13:07 16: RemoteBayesFactor.BayesFactorRemote(bayes_threshold=100, bf_data_folder='/panfs/panasas01/phys/bf16951/QMD/ParallelDevelopment/Results/Oct_01/12_39/BayesFactorsTimeRecords/', branchID=None, host_name='node33-031', interbranch=True, log_file='/panfs/panasas01/phys/bf16951/QMD/ParallelDevelopment/Results/Oct_01/12_39/logs/NV-exp-method-sim__random-phase--probe__QMLA_16.qmd.8794613.log', model_a_id=5, model_b_id=8, num_times_to_use=750, port_number=6316, qid=16, times_record='/panfs/panasas01/phys/bf16951/QMD/ParallelDevelopment/Results/Oct_01/12_39/BayesFactorsTimeRecords/BayesFactorsPairsTimes_016.txt', trueModel='xTiPPyTiPPzTiPPzTz') (fd1ef6be-e0cb-4acd-b76a-614d2e09db00)
22:13:07 16: RemoteBayesFactor.BayesFactorRemote(bayes_threshold=100, bf_data_folder='/panfs/panasas01/phys/bf16951/QMD/ParallelDevelopment/Results/Oct_01/12_39/BayesFactorsTimeRecords/', branchID=None, host_name='node33-031', interbranch=True, log_file='/panfs/panasas01/phys/bf16951/QMD/ParallelDevelopment/Results/Oct_01/12_39/logs/NV-exp-method-sim__random-phase--probe__QMLA_16.qmd.8794613.log', model_a_id=1, model_b_id=4, num_times_to_use=750, port_number=6316, qid=16, times_record='/panfs/panasas01/phys/bf16951/QMD/ParallelDevelopment/Results/Oct_01/12_39/BayesFactorsTimeRecords/BayesFactorsPairsTimes_016.txt', trueModel='xTiPPyTiPPzTiPPzTz') (9b784e60-2967-4043-8e55-4049ea5f665a)
22:13:07 16: RemoteBayesFactor.BayesFactorRemote(bayes_threshold=100, bf_data_folder='/panfs/panasas01/phys/bf16951/QMD/ParallelDevelopment/Results/Oct_01/12_39/BayesFactorsTimeRecords/', branchID=None, host_name='node33-031', interbranch=True, log_file='/panfs/panasas01/phys/bf16951/QMD/ParallelDevelopment/Results/Oct_01/12_39/logs/NV-exp-method-sim__random-phase--probe__QMLA_16.qmd.8794613.log', model_a_id=10, model_b_id=11, num_times_to_use=750, port_number=6316, qid=16, times_record='/panfs/panasas01/phys/bf16951/QMD/ParallelDevelopment/Results/Oct_01/12_39/BayesFactorsTimeRecords/BayesFactorsPairsTimes_016.txt', trueModel='xTiPPyTiPPzTiPPzTz') (d473121b-461b-451b-9470-e962659dc4ab)
22:13:07 16: RemoteBayesFactor.BayesFactorRemote(bayes_threshold=100, bf_data_folder='/panfs/panasas01/phys/bf16951/QMD/ParallelDevelopment/Results/Oct_01/12_39/BayesFactorsTimeRecords/', branchID=None, host_name='node33-031', interbranch=True, log_file='/panfs/panasas01/phys/bf16951/QMD/ParallelDevelopment/Results/Oct_01/12_39/logs/NV-exp-method-sim__random-phase--probe__QMLA_16.qmd.8794613.log', model_a_id=4, model_b_id=5, num_times_to_use=750, port_number=6316, qid=16, times_record='/panfs/panasas01/phys/bf16951/QMD/ParallelDevelopment/Results/Oct_01/12_39/BayesFactorsTimeRecords/BayesFactorsPairsTimes_016.txt', trueModel='xTiPPyTiPPzTiPPzTz') (3940e74e-3d7e-4d5b-b24c-c9c6476ca78c)
22:13:07 16: RemoteBayesFactor.BayesFactorRemote(bayes_threshold=100, bf_data_folder='/panfs/panasas01/phys/bf16951/QMD/ParallelDevelopment/Results/Oct_01/12_39/BayesFactorsTimeRecords/', branchID=None, host_name='node33-031', interbranch=True, log_file='/panfs/panasas01/phys/bf16951/QMD/ParallelDevelopment/Results/Oct_01/12_39/logs/NV-exp-method-sim__random-phase--probe__QMLA_16.qmd.8794613.log', model_a_id=11, model_b_id=12, num_times_to_use=750, port_number=6316, qid=16, times_record='/panfs/panasas01/phys/bf16951/QMD/ParallelDevelopment/Results/Oct_01/12_39/BayesFactorsTimeRecords/BayesFactorsPairsTimes_016.txt', trueModel='xTiPPyTiPPzTiPPzTz') (7b071c42-4632-4562-8bcb-a5e2edbe191c)
23:05:47 16: Job OK (d473121b-461b-451b-9470-e962659dc4ab)
23:05:47 Result will never expire, clean up result key manually
23:05:47 Cleaning registries for queue: 16
23:05:47 
23:05:47 *** Listening on 16...
23:05:47 16: RemoteBayesFactor.BayesFactorRemote(bayes_threshold=100, bf_data_folder='/panfs/panasas01/phys/bf16951/QMD/ParallelDevelopment/Results/Oct_01/12_39/BayesFactorsTimeRecords/', branchID=None, host_name='node33-031', interbranch=True, log_file='/panfs/panasas01/phys/bf16951/QMD/ParallelDevelopment/Results/Oct_01/12_39/logs/NV-exp-method-sim__random-phase--probe__QMLA_16.qmd.8794613.log', model_a_id=12, model_b_id=16, num_times_to_use=750, port_number=6316, qid=16, times_record='/panfs/panasas01/phys/bf16951/QMD/ParallelDevelopment/Results/Oct_01/12_39/BayesFactorsTimeRecords/BayesFactorsPairsTimes_016.txt', trueModel='xTiPPyTiPPzTiPPzTz') (7afc2ada-76f3-4116-9f91-f4ba66171230)
23:06:07 16: Job OK (7b071c42-4632-4562-8bcb-a5e2edbe191c)
23:06:07 Result will never expire, clean up result key manually
23:06:07 
23:06:07 *** Listening on 16...
23:06:07 16: RemoteBayesFactor.BayesFactorRemote(bayes_threshold=100, bf_data_folder='/panfs/panasas01/phys/bf16951/QMD/ParallelDevelopment/Results/Oct_01/12_39/BayesFactorsTimeRecords/', branchID=None, host_name='node33-031', interbranch=True, log_file='/panfs/panasas01/phys/bf16951/QMD/ParallelDevelopment/Results/Oct_01/12_39/logs/NV-exp-method-sim__random-phase--probe__QMLA_16.qmd.8794613.log', model_a_id=16, model_b_id=17, num_times_to_use=750, port_number=6316, qid=16, times_record='/panfs/panasas01/phys/bf16951/QMD/ParallelDevelopment/Results/Oct_01/12_39/BayesFactorsTimeRecords/BayesFactorsPairsTimes_016.txt', trueModel='xTiPPyTiPPzTiPPzTz') (0bebe2d1-7734-479e-9af6-9e04d4210561)
23:06:52 16: Job OK (fe3de5bc-49d0-4ac6-927a-64bb6d12ed55)
23:06:52 Result will never expire, clean up result key manually
23:06:52 Cleaning registries for queue: 16
23:06:52 
23:06:52 *** Listening on 16...
23:07:03 16: Job OK (fd1ef6be-e0cb-4acd-b76a-614d2e09db00)
23:07:03 Result will never expire, clean up result key manually
23:07:03 Cleaning registries for queue: 16
23:07:03 
23:07:03 *** Listening on 16...
23:08:52 16: Job OK (3940e74e-3d7e-4d5b-b24c-c9c6476ca78c)
23:08:52 Result will never expire, clean up result key manually
23:08:52 Cleaning registries for queue: 16
23:08:52 
23:08:52 *** Listening on 16...
23:09:21 16: Job OK (9b784e60-2967-4043-8e55-4049ea5f665a)
23:09:21 Result will never expire, clean up result key manually
23:09:21 Cleaning registries for queue: 16
23:09:21 
23:09:21 *** Listening on 16...
00:06:59 16: Job OK (7afc2ada-76f3-4116-9f91-f4ba66171230)
00:06:59 Result will never expire, clean up result key manually
00:06:59 Cleaning registries for queue: 16
00:06:59 
00:06:59 *** Listening on 16...
00:07:48 16: Job OK (0bebe2d1-7734-479e-9af6-9e04d4210561)
00:07:48 Result will never expire, clean up result key manually
00:07:48 Cleaning registries for queue: 16
00:07:48 
00:07:48 *** Listening on 16...
00:07:48 16: RemoteBayesFactor.BayesFactorRemote(bayes_threshold=100, bf_data_folder='/panfs/panasas01/phys/bf16951/QMD/ParallelDevelopment/Results/Oct_01/12_39/BayesFactorsTimeRecords/', branchID=9, host_name='node33-031', interbranch=False, log_file='/panfs/panasas01/phys/bf16951/QMD/ParallelDevelopment/Results/Oct_01/12_39/logs/NV-exp-method-sim__random-phase--probe__QMLA_16.qmd.8794613.log', model_a_id=12.0, model_b_id=8.0, num_times_to_use=750, port_number=6316, qid=16, times_record='/panfs/panasas01/phys/bf16951/QMD/ParallelDevelopment/Results/Oct_01/12_39/BayesFactorsTimeRecords/BayesFactorsPairsTimes_016.txt', trueModel='xTiPPyTiPPzTiPPzTz') (414f4ca6-3c2e-460c-9b22-8d5ca2da8b83)
00:07:48 16: RemoteBayesFactor.BayesFactorRemote(bayes_threshold=100, bf_data_folder='/panfs/panasas01/phys/bf16951/QMD/ParallelDevelopment/Results/Oct_01/12_39/BayesFactorsTimeRecords/', branchID=9, host_name='node33-031', interbranch=False, log_file='/panfs/panasas01/phys/bf16951/QMD/ParallelDevelopment/Results/Oct_01/12_39/logs/NV-exp-method-sim__random-phase--probe__QMLA_16.qmd.8794613.log', model_a_id=12.0, model_b_id=4.0, num_times_to_use=750, port_number=6316, qid=16, times_record='/panfs/panasas01/phys/bf16951/QMD/ParallelDevelopment/Results/Oct_01/12_39/BayesFactorsTimeRecords/BayesFactorsPairsTimes_016.txt', trueModel='xTiPPyTiPPzTiPPzTz') (5ddce9cb-d75d-4b9f-a8e3-4c26e0f9d0e4)
00:07:48 16: RemoteBayesFactor.BayesFactorRemote(bayes_threshold=100, bf_data_folder='/panfs/panasas01/phys/bf16951/QMD/ParallelDevelopment/Results/Oct_01/12_39/BayesFactorsTimeRecords/', branchID=9, host_name='node33-031', interbranch=False, log_file='/panfs/panasas01/phys/bf16951/QMD/ParallelDevelopment/Results/Oct_01/12_39/logs/NV-exp-method-sim__random-phase--probe__QMLA_16.qmd.8794613.log', model_a_id=4.0, model_b_id=17.0, num_times_to_use=750, port_number=6316, qid=16, times_record='/panfs/panasas01/phys/bf16951/QMD/ParallelDevelopment/Results/Oct_01/12_39/BayesFactorsTimeRecords/BayesFactorsPairsTimes_016.txt', trueModel='xTiPPyTiPPzTiPPzTz') (d2359930-d496-4514-bf6c-8723d1f5ed23)
00:07:48 16: RemoteBayesFactor.BayesFactorRemote(bayes_threshold=100, bf_data_folder='/panfs/panasas01/phys/bf16951/QMD/ParallelDevelopment/Results/Oct_01/12_39/BayesFactorsTimeRecords/', branchID=9, host_name='node33-031', interbranch=False, log_file='/panfs/panasas01/phys/bf16951/QMD/ParallelDevelopment/Results/Oct_01/12_39/logs/NV-exp-method-sim__random-phase--probe__QMLA_16.qmd.8794613.log', model_a_id=12.0, model_b_id=17.0, num_times_to_use=750, port_number=6316, qid=16, times_record='/panfs/panasas01/phys/bf16951/QMD/ParallelDevelopment/Results/Oct_01/12_39/BayesFactorsTimeRecords/BayesFactorsPairsTimes_016.txt', trueModel='xTiPPyTiPPzTiPPzTz') (b8fdec5c-4bb3-482d-8653-853e4478ce82)
00:07:48 16: RemoteBayesFactor.BayesFactorRemote(bayes_threshold=100, bf_data_folder='/panfs/panasas01/phys/bf16951/QMD/ParallelDevelopment/Results/Oct_01/12_39/BayesFactorsTimeRecords/', branchID=9, host_name='node33-031', interbranch=False, log_file='/panfs/panasas01/phys/bf16951/QMD/ParallelDevelopment/Results/Oct_01/12_39/logs/NV-exp-method-sim__random-phase--probe__QMLA_16.qmd.8794613.log', model_a_id=4.0, model_b_id=8.0, num_times_to_use=750, port_number=6316, qid=16, times_record='/panfs/panasas01/phys/bf16951/QMD/ParallelDevelopment/Results/Oct_01/12_39/BayesFactorsTimeRecords/BayesFactorsPairsTimes_016.txt', trueModel='xTiPPyTiPPzTiPPzTz') (8319bf6c-30b5-46c7-ac44-52910df050e6)
00:07:48 16: RemoteBayesFactor.BayesFactorRemote(bayes_threshold=100, bf_data_folder='/panfs/panasas01/phys/bf16951/QMD/ParallelDevelopment/Results/Oct_01/12_39/BayesFactorsTimeRecords/', branchID=9, host_name='node33-031', interbranch=False, log_file='/panfs/panasas01/phys/bf16951/QMD/ParallelDevelopment/Results/Oct_01/12_39/logs/NV-exp-method-sim__random-phase--probe__QMLA_16.qmd.8794613.log', model_a_id=17.0, model_b_id=8.0, num_times_to_use=750, port_number=6316, qid=16, times_record='/panfs/panasas01/phys/bf16951/QMD/ParallelDevelopment/Results/Oct_01/12_39/BayesFactorsTimeRecords/BayesFactorsPairsTimes_016.txt', trueModel='xTiPPyTiPPzTiPPzTz') (2727de37-288e-450c-be1b-9d3921e23a24)
01:02:21 16: Job OK (8319bf6c-30b5-46c7-ac44-52910df050e6)
01:02:21 Result will never expire, clean up result key manually
01:02:21 Cleaning registries for queue: 16
01:02:21 
01:02:21 *** Listening on 16...
01:02:26 16: Job OK (414f4ca6-3c2e-460c-9b22-8d5ca2da8b83)
01:02:26 Result will never expire, clean up result key manually
01:02:26 Cleaning registries for queue: 16
01:02:26 
01:02:26 *** Listening on 16...
01:03:17 16: Job OK (d2359930-d496-4514-bf6c-8723d1f5ed23)
01:03:17 Result will never expire, clean up result key manually
01:03:17 
01:03:17 *** Listening on 16...
01:04:25 16: Job OK (2727de37-288e-450c-be1b-9d3921e23a24)
01:04:25 Result will never expire, clean up result key manually
01:04:25 
01:04:25 *** Listening on 16...
01:04:39 16: Job OK (b8fdec5c-4bb3-482d-8653-853e4478ce82)
01:04:39 Result will never expire, clean up result key manually
01:04:39 Cleaning registries for queue: 16
01:04:39 
01:04:39 *** Listening on 16...
01:05:16 16: Job OK (5ddce9cb-d75d-4b9f-a8e3-4c26e0f9d0e4)
01:05:16 Result will never expire, clean up result key manually
01:05:16 Cleaning registries for queue: 16
01:05:16 
01:05:16 *** Listening on 16...
Error 111 connecting to node33-031:6316. Connection refused.
Error 111 connecting to node33-031:6316. Connection refused.
Error 111 connecting to node33-031:6316. Connection refused.
Error 111 connecting to node33-031:6316. Connection refused.
Error 111 connecting to node33-031:6316. Connection refused.
Error 111 connecting to node33-031:6316. Connection refused.
