12:46:04 RQ worker 'rq:worker:node45-012.62830' started, version 0.8.1
12:46:04 RQ worker 'rq:worker:node45-012.62828' started, version 0.8.1
12:46:04 RQ worker 'rq:worker:node45-012.62829' started, version 0.8.1
12:46:04 RQ worker 'rq:worker:node45-012.62827' started, version 0.8.1
12:46:04 RQ worker 'rq:worker:node45-012.62826' started, version 0.8.1
12:46:04 RQ worker 'rq:worker:node45-012.62825' started, version 0.8.1
12:46:04 Cleaning registries for queue: 31
12:46:04 Cleaning registries for queue: 31
12:46:04 Cleaning registries for queue: 31
12:46:04 Cleaning registries for queue: 31
12:46:04 Cleaning registries for queue: 31
12:46:04 Cleaning registries for queue: 31
12:46:04 
12:46:04 
12:46:04 
12:46:04 *** Listening on 31...
12:46:04 *** Listening on 31...
12:46:04 
12:46:04 *** Listening on 31...
12:46:04 *** Listening on 31...
12:46:04 
12:46:04 
12:46:04 *** Listening on 31...
12:46:04 *** Listening on 31...
12:46:16 31: RemoteModelLearning.learnModelRemote('xTi', 0.0, branchID=0, growth_generator='two_qubit_ising_rotation_hyperfine_transverse', host_name='node45-012', log_file='/panfs/panasas01/phys/bf16951/QMD/ParallelDevelopment/Results/Oct_01/12_39/logs/NV-exp-method-sim__random-phase--probe__QMLA_31.qmd.8794628.log', port_number=6331, qid=31, remote=True) (eb2903bf-5200-4f0d-8158-b5e32db86c85)
12:46:16 31: RemoteModelLearning.learnModelRemote('zTi', 2.0, branchID=0, growth_generator='two_qubit_ising_rotation_hyperfine_transverse', host_name='node45-012', log_file='/panfs/panasas01/phys/bf16951/QMD/ParallelDevelopment/Results/Oct_01/12_39/logs/NV-exp-method-sim__random-phase--probe__QMLA_31.qmd.8794628.log', port_number=6331, qid=31, remote=True) (0c1457c2-e463-4d0b-920d-cf2c23f472a5)
12:46:16 31: RemoteModelLearning.learnModelRemote('yTi', 1.0, branchID=0, growth_generator='two_qubit_ising_rotation_hyperfine_transverse', host_name='node45-012', log_file='/panfs/panasas01/phys/bf16951/QMD/ParallelDevelopment/Results/Oct_01/12_39/logs/NV-exp-method-sim__random-phase--probe__QMLA_31.qmd.8794628.log', port_number=6331, qid=31, remote=True) (4b15e37c-928d-481d-b22c-7f43c788baef)
/cm/shared/languages/Anaconda3-5.0.1-PHYS015202/lib/python3.6/site-packages/qinfer/utils.py:268: ApproximationWarning: Numerical error in covariance estimation causing positive semidefinite violation.
  warnings.warn('Numerical error in covariance estimation causing positive semidefinite violation.', ApproximationWarning)
./QML.py:666: RuntimeWarning: invalid value encountered in sqrt
  np.diag(self.Updater.est_covariance_mtx())
13:12:20 31: Job OK (4b15e37c-928d-481d-b22c-7f43c788baef)
13:12:20 Result will never expire, clean up result key manually
13:12:20 
13:12:20 *** Listening on 31...
13:12:31 31: Job OK (eb2903bf-5200-4f0d-8158-b5e32db86c85)
13:12:31 Result will never expire, clean up result key manually
13:12:31 
13:12:31 *** Listening on 31...
13:21:34 31: Job OK (0c1457c2-e463-4d0b-920d-cf2c23f472a5)
13:21:34 Result will never expire, clean up result key manually
13:21:34 
13:21:34 *** Listening on 31...
13:21:34 31: RemoteBayesFactor.BayesFactorRemote(bayes_threshold=100, bf_data_folder='/panfs/panasas01/phys/bf16951/QMD/ParallelDevelopment/Results/Oct_01/12_39/BayesFactorsTimeRecords/', branchID=0, host_name='node45-012', interbranch=False, log_file='/panfs/panasas01/phys/bf16951/QMD/ParallelDevelopment/Results/Oct_01/12_39/logs/NV-exp-method-sim__random-phase--probe__QMLA_31.qmd.8794628.log', model_a_id=0, model_b_id=1, num_times_to_use=750, port_number=6331, qid=31, times_record='/panfs/panasas01/phys/bf16951/QMD/ParallelDevelopment/Results/Oct_01/12_39/BayesFactorsTimeRecords/BayesFactorsPairsTimes_031.txt', trueModel='xTiPPyTiPPzTiPPzTz') (e5af98e2-0408-4231-a450-057546f98191)
13:21:34 31: RemoteBayesFactor.BayesFactorRemote(bayes_threshold=100, bf_data_folder='/panfs/panasas01/phys/bf16951/QMD/ParallelDevelopment/Results/Oct_01/12_39/BayesFactorsTimeRecords/', branchID=0, host_name='node45-012', interbranch=False, log_file='/panfs/panasas01/phys/bf16951/QMD/ParallelDevelopment/Results/Oct_01/12_39/logs/NV-exp-method-sim__random-phase--probe__QMLA_31.qmd.8794628.log', model_a_id=0, model_b_id=2, num_times_to_use=750, port_number=6331, qid=31, times_record='/panfs/panasas01/phys/bf16951/QMD/ParallelDevelopment/Results/Oct_01/12_39/BayesFactorsTimeRecords/BayesFactorsPairsTimes_031.txt', trueModel='xTiPPyTiPPzTiPPzTz') (701b884a-dc93-4986-9a44-40374c46b03f)
13:21:34 31: RemoteBayesFactor.BayesFactorRemote(bayes_threshold=100, bf_data_folder='/panfs/panasas01/phys/bf16951/QMD/ParallelDevelopment/Results/Oct_01/12_39/BayesFactorsTimeRecords/', branchID=0, host_name='node45-012', interbranch=False, log_file='/panfs/panasas01/phys/bf16951/QMD/ParallelDevelopment/Results/Oct_01/12_39/logs/NV-exp-method-sim__random-phase--probe__QMLA_31.qmd.8794628.log', model_a_id=1, model_b_id=2, num_times_to_use=750, port_number=6331, qid=31, times_record='/panfs/panasas01/phys/bf16951/QMD/ParallelDevelopment/Results/Oct_01/12_39/BayesFactorsTimeRecords/BayesFactorsPairsTimes_031.txt', trueModel='xTiPPyTiPPzTiPPzTz') (68cbbf0a-74fb-49de-92bd-6c4adabbf2db)
14:14:45 31: Job OK (e5af98e2-0408-4231-a450-057546f98191)
14:14:45 Result will never expire, clean up result key manually
14:14:45 Cleaning registries for queue: 31
14:14:45 
14:14:45 *** Listening on 31...
14:24:17 31: Job OK (701b884a-dc93-4986-9a44-40374c46b03f)
14:24:17 Result will never expire, clean up result key manually
14:24:17 Cleaning registries for queue: 31
14:24:17 
14:24:17 *** Listening on 31...
14:29:11 31: Job OK (68cbbf0a-74fb-49de-92bd-6c4adabbf2db)
14:29:11 Result will never expire, clean up result key manually
14:29:11 Cleaning registries for queue: 31
14:29:11 
14:29:11 *** Listening on 31...
14:29:11 31: RemoteModelLearning.learnModelRemote('yTiPPzTi', 3.0, branchID=1, growth_generator='two_qubit_ising_rotation_hyperfine_transverse', host_name='node45-012', log_file='/panfs/panasas01/phys/bf16951/QMD/ParallelDevelopment/Results/Oct_01/12_39/logs/NV-exp-method-sim__random-phase--probe__QMLA_31.qmd.8794628.log', port_number=6331, qid=31, remote=True) (0eb85b9a-292c-4e70-81c5-715dbb76fb99)
14:29:11 31: RemoteModelLearning.learnModelRemote('xTiPPzTi', 4.0, branchID=1, growth_generator='two_qubit_ising_rotation_hyperfine_transverse', host_name='node45-012', log_file='/panfs/panasas01/phys/bf16951/QMD/ParallelDevelopment/Results/Oct_01/12_39/logs/NV-exp-method-sim__random-phase--probe__QMLA_31.qmd.8794628.log', port_number=6331, qid=31, remote=True) (772251e1-f0e1-48e6-844c-56b4ee2af984)
14:54:06 31: Job OK (772251e1-f0e1-48e6-844c-56b4ee2af984)
14:54:06 Result will never expire, clean up result key manually
14:54:06 Cleaning registries for queue: 31
14:54:06 
14:54:06 *** Listening on 31...
14:54:54 31: Job OK (0eb85b9a-292c-4e70-81c5-715dbb76fb99)
14:54:54 Result will never expire, clean up result key manually
14:54:55 
14:54:55 *** Listening on 31...
14:54:55 31: RemoteBayesFactor.BayesFactorRemote(bayes_threshold=100, bf_data_folder='/panfs/panasas01/phys/bf16951/QMD/ParallelDevelopment/Results/Oct_01/12_39/BayesFactorsTimeRecords/', branchID=1, host_name='node45-012', interbranch=False, log_file='/panfs/panasas01/phys/bf16951/QMD/ParallelDevelopment/Results/Oct_01/12_39/logs/NV-exp-method-sim__random-phase--probe__QMLA_31.qmd.8794628.log', model_a_id=3, model_b_id=4, num_times_to_use=750, port_number=6331, qid=31, times_record='/panfs/panasas01/phys/bf16951/QMD/ParallelDevelopment/Results/Oct_01/12_39/BayesFactorsTimeRecords/BayesFactorsPairsTimes_031.txt', trueModel='xTiPPyTiPPzTiPPzTz') (410f308e-9bbe-47d8-b9e3-b69d392718e8)
15:45:04 31: Job OK (410f308e-9bbe-47d8-b9e3-b69d392718e8)
15:45:04 Result will never expire, clean up result key manually
15:45:04 Cleaning registries for queue: 31
15:45:04 
15:45:04 *** Listening on 31...
15:45:04 31: RemoteModelLearning.learnModelRemote('xTiPPyTiPPzTi', 5.0, branchID=2, growth_generator='two_qubit_ising_rotation_hyperfine_transverse', host_name='node45-012', log_file='/panfs/panasas01/phys/bf16951/QMD/ParallelDevelopment/Results/Oct_01/12_39/logs/NV-exp-method-sim__random-phase--probe__QMLA_31.qmd.8794628.log', port_number=6331, qid=31, remote=True) (7957e2de-16c5-4b8b-9f78-766a093de1c3)
16:16:35 31: Job OK (7957e2de-16c5-4b8b-9f78-766a093de1c3)
16:16:35 Result will never expire, clean up result key manually
16:16:35 Cleaning registries for queue: 31
16:16:35 
16:16:35 *** Listening on 31...
16:16:36 31: RemoteModelLearning.learnModelRemote('xTiPPxTxPPyTiPPzTi', 6.0, branchID=3, growth_generator='two_qubit_ising_rotation_hyperfine_transverse', host_name='node45-012', log_file='/panfs/panasas01/phys/bf16951/QMD/ParallelDevelopment/Results/Oct_01/12_39/logs/NV-exp-method-sim__random-phase--probe__QMLA_31.qmd.8794628.log', port_number=6331, qid=31, remote=True) (f39374dd-5ddd-4b7b-bdb1-dc0e5e10ddcd)
16:16:36 31: RemoteModelLearning.learnModelRemote('xTiPPyTiPPyTyPPzTi', 7.0, branchID=3, growth_generator='two_qubit_ising_rotation_hyperfine_transverse', host_name='node45-012', log_file='/panfs/panasas01/phys/bf16951/QMD/ParallelDevelopment/Results/Oct_01/12_39/logs/NV-exp-method-sim__random-phase--probe__QMLA_31.qmd.8794628.log', port_number=6331, qid=31, remote=True) (e1c57ee1-0a7d-4802-b0bb-be2e35e451d2)
16:16:36 31: RemoteModelLearning.learnModelRemote('xTiPPyTiPPzTiPPzTz', 8.0, branchID=3, growth_generator='two_qubit_ising_rotation_hyperfine_transverse', host_name='node45-012', log_file='/panfs/panasas01/phys/bf16951/QMD/ParallelDevelopment/Results/Oct_01/12_39/logs/NV-exp-method-sim__random-phase--probe__QMLA_31.qmd.8794628.log', port_number=6331, qid=31, remote=True) (ee863aa9-95e0-4f5b-b28a-342193cfe48f)
16:41:38 31: Job OK (e1c57ee1-0a7d-4802-b0bb-be2e35e451d2)
16:41:38 Result will never expire, clean up result key manually
16:41:38 Cleaning registries for queue: 31
16:41:38 
16:41:38 *** Listening on 31...
16:42:11 31: Job OK (f39374dd-5ddd-4b7b-bdb1-dc0e5e10ddcd)
16:42:11 Result will never expire, clean up result key manually
16:42:11 Cleaning registries for queue: 31
16:42:11 
16:42:11 *** Listening on 31...
16:43:45 31: Job OK (ee863aa9-95e0-4f5b-b28a-342193cfe48f)
16:43:45 Result will never expire, clean up result key manually
16:43:45 Cleaning registries for queue: 31
16:43:45 
16:43:45 *** Listening on 31...
16:43:45 31: RemoteBayesFactor.BayesFactorRemote(bayes_threshold=100, bf_data_folder='/panfs/panasas01/phys/bf16951/QMD/ParallelDevelopment/Results/Oct_01/12_39/BayesFactorsTimeRecords/', branchID=3, host_name='node45-012', interbranch=False, log_file='/panfs/panasas01/phys/bf16951/QMD/ParallelDevelopment/Results/Oct_01/12_39/logs/NV-exp-method-sim__random-phase--probe__QMLA_31.qmd.8794628.log', model_a_id=6, model_b_id=7, num_times_to_use=750, port_number=6331, qid=31, times_record='/panfs/panasas01/phys/bf16951/QMD/ParallelDevelopment/Results/Oct_01/12_39/BayesFactorsTimeRecords/BayesFactorsPairsTimes_031.txt', trueModel='xTiPPyTiPPzTiPPzTz') (334186f4-d639-4d02-aae6-3bb6644bedea)
16:43:45 31: RemoteBayesFactor.BayesFactorRemote(bayes_threshold=100, bf_data_folder='/panfs/panasas01/phys/bf16951/QMD/ParallelDevelopment/Results/Oct_01/12_39/BayesFactorsTimeRecords/', branchID=3, host_name='node45-012', interbranch=False, log_file='/panfs/panasas01/phys/bf16951/QMD/ParallelDevelopment/Results/Oct_01/12_39/logs/NV-exp-method-sim__random-phase--probe__QMLA_31.qmd.8794628.log', model_a_id=6, model_b_id=8, num_times_to_use=750, port_number=6331, qid=31, times_record='/panfs/panasas01/phys/bf16951/QMD/ParallelDevelopment/Results/Oct_01/12_39/BayesFactorsTimeRecords/BayesFactorsPairsTimes_031.txt', trueModel='xTiPPyTiPPzTiPPzTz') (daccf1cf-44e3-495a-892b-2c5ba4bc350b)
16:43:45 31: RemoteBayesFactor.BayesFactorRemote(bayes_threshold=100, bf_data_folder='/panfs/panasas01/phys/bf16951/QMD/ParallelDevelopment/Results/Oct_01/12_39/BayesFactorsTimeRecords/', branchID=3, host_name='node45-012', interbranch=False, log_file='/panfs/panasas01/phys/bf16951/QMD/ParallelDevelopment/Results/Oct_01/12_39/logs/NV-exp-method-sim__random-phase--probe__QMLA_31.qmd.8794628.log', model_a_id=7, model_b_id=8, num_times_to_use=750, port_number=6331, qid=31, times_record='/panfs/panasas01/phys/bf16951/QMD/ParallelDevelopment/Results/Oct_01/12_39/BayesFactorsTimeRecords/BayesFactorsPairsTimes_031.txt', trueModel='xTiPPyTiPPzTiPPzTz') (a4624efa-fee9-44ff-b6dc-c5096ab4f2ad)
17:34:26 31: Job OK (a4624efa-fee9-44ff-b6dc-c5096ab4f2ad)
17:34:26 Result will never expire, clean up result key manually
17:34:26 
17:34:26 *** Listening on 31...
17:35:00 31: Job OK (334186f4-d639-4d02-aae6-3bb6644bedea)
17:35:00 Result will never expire, clean up result key manually
17:35:00 Cleaning registries for queue: 31
17:35:00 
17:35:00 *** Listening on 31...
17:37:27 31: Job OK (daccf1cf-44e3-495a-892b-2c5ba4bc350b)
17:37:27 Result will never expire, clean up result key manually
17:37:27 Cleaning registries for queue: 31
17:37:27 
17:37:27 *** Listening on 31...
17:37:27 31: RemoteModelLearning.learnModelRemote('xTiPPxTxPPyTiPPzTiPPzTz', 9.0, branchID=4, growth_generator='two_qubit_ising_rotation_hyperfine_transverse', host_name='node45-012', log_file='/panfs/panasas01/phys/bf16951/QMD/ParallelDevelopment/Results/Oct_01/12_39/logs/NV-exp-method-sim__random-phase--probe__QMLA_31.qmd.8794628.log', port_number=6331, qid=31, remote=True) (738e72a5-2e20-4786-8935-cdeb784a3619)
17:37:27 31: RemoteModelLearning.learnModelRemote('xTiPPxTxPPyTiPPyTyPPzTi', 10.0, branchID=4, growth_generator='two_qubit_ising_rotation_hyperfine_transverse', host_name='node45-012', log_file='/panfs/panasas01/phys/bf16951/QMD/ParallelDevelopment/Results/Oct_01/12_39/logs/NV-exp-method-sim__random-phase--probe__QMLA_31.qmd.8794628.log', port_number=6331, qid=31, remote=True) (0e665270-aa09-4e8b-912d-0df435795f37)
18:02:29 31: Job OK (0e665270-aa09-4e8b-912d-0df435795f37)
18:02:29 Result will never expire, clean up result key manually
18:02:29 Cleaning registries for queue: 31
18:02:29 
18:02:29 *** Listening on 31...
18:03:56 31: Job OK (738e72a5-2e20-4786-8935-cdeb784a3619)
18:03:56 Result will never expire, clean up result key manually
18:03:56 Cleaning registries for queue: 31
18:03:56 
18:03:56 *** Listening on 31...
18:03:57 31: RemoteBayesFactor.BayesFactorRemote(bayes_threshold=100, bf_data_folder='/panfs/panasas01/phys/bf16951/QMD/ParallelDevelopment/Results/Oct_01/12_39/BayesFactorsTimeRecords/', branchID=4, host_name='node45-012', interbranch=False, log_file='/panfs/panasas01/phys/bf16951/QMD/ParallelDevelopment/Results/Oct_01/12_39/logs/NV-exp-method-sim__random-phase--probe__QMLA_31.qmd.8794628.log', model_a_id=9, model_b_id=10, num_times_to_use=750, port_number=6331, qid=31, times_record='/panfs/panasas01/phys/bf16951/QMD/ParallelDevelopment/Results/Oct_01/12_39/BayesFactorsTimeRecords/BayesFactorsPairsTimes_031.txt', trueModel='xTiPPyTiPPzTiPPzTz') (f6a77e9a-eedd-42fd-98e9-faa12657a6d0)
18:55:32 31: Job OK (f6a77e9a-eedd-42fd-98e9-faa12657a6d0)
18:55:32 Result will never expire, clean up result key manually
18:55:32 Cleaning registries for queue: 31
18:55:32 
18:55:32 *** Listening on 31...
18:55:32 31: RemoteModelLearning.learnModelRemote('xTiPPxTxPPyTiPPyTyPPzTiPPzTz', 11.0, branchID=5, growth_generator='two_qubit_ising_rotation_hyperfine_transverse', host_name='node45-012', log_file='/panfs/panasas01/phys/bf16951/QMD/ParallelDevelopment/Results/Oct_01/12_39/logs/NV-exp-method-sim__random-phase--probe__QMLA_31.qmd.8794628.log', port_number=6331, qid=31, remote=True) (54150f7d-90e6-49f1-95f8-2e7fb0387668)
19:21:05 31: Job OK (54150f7d-90e6-49f1-95f8-2e7fb0387668)
19:21:05 Result will never expire, clean up result key manually
19:21:05 Cleaning registries for queue: 31
19:21:05 
19:21:05 *** Listening on 31...
19:21:07 31: RemoteModelLearning.learnModelRemote('xTiPPxTxPPxTzPPyTiPPyTyPPzTiPPzTz', 12.0, branchID=6, growth_generator='two_qubit_ising_rotation_hyperfine_transverse', host_name='node45-012', log_file='/panfs/panasas01/phys/bf16951/QMD/ParallelDevelopment/Results/Oct_01/12_39/logs/NV-exp-method-sim__random-phase--probe__QMLA_31.qmd.8794628.log', port_number=6331, qid=31, remote=True) (da342829-ff0b-48e3-892a-d1b83819de20)
19:21:07 31: RemoteModelLearning.learnModelRemote('xTiPPxTxPPyTiPPyTyPPyTzPPzTiPPzTz', 13.0, branchID=6, growth_generator='two_qubit_ising_rotation_hyperfine_transverse', host_name='node45-012', log_file='/panfs/panasas01/phys/bf16951/QMD/ParallelDevelopment/Results/Oct_01/12_39/logs/NV-exp-method-sim__random-phase--probe__QMLA_31.qmd.8794628.log', port_number=6331, qid=31, remote=True) (99570120-c497-44d4-8147-e7343bfdf538)
19:21:07 31: RemoteModelLearning.learnModelRemote('xTiPPxTxPPxTyPPyTiPPyTyPPzTiPPzTz', 14.0, branchID=6, growth_generator='two_qubit_ising_rotation_hyperfine_transverse', host_name='node45-012', log_file='/panfs/panasas01/phys/bf16951/QMD/ParallelDevelopment/Results/Oct_01/12_39/logs/NV-exp-method-sim__random-phase--probe__QMLA_31.qmd.8794628.log', port_number=6331, qid=31, remote=True) (108385e7-c64d-4f0e-91b5-998ce2a9ed97)
19:47:07 31: Job OK (99570120-c497-44d4-8147-e7343bfdf538)
19:47:07 Result will never expire, clean up result key manually
19:47:07 Cleaning registries for queue: 31
19:47:07 
19:47:07 *** Listening on 31...
19:47:23 31: Job OK (da342829-ff0b-48e3-892a-d1b83819de20)
19:47:23 Result will never expire, clean up result key manually
19:47:23 Cleaning registries for queue: 31
19:47:23 
19:47:23 *** Listening on 31...
19:47:31 31: Job OK (108385e7-c64d-4f0e-91b5-998ce2a9ed97)
19:47:31 Result will never expire, clean up result key manually
19:47:31 Cleaning registries for queue: 31
19:47:31 
19:47:31 *** Listening on 31...
19:47:31 31: RemoteBayesFactor.BayesFactorRemote(bayes_threshold=100, bf_data_folder='/panfs/panasas01/phys/bf16951/QMD/ParallelDevelopment/Results/Oct_01/12_39/BayesFactorsTimeRecords/', branchID=6, host_name='node45-012', interbranch=False, log_file='/panfs/panasas01/phys/bf16951/QMD/ParallelDevelopment/Results/Oct_01/12_39/logs/NV-exp-method-sim__random-phase--probe__QMLA_31.qmd.8794628.log', model_a_id=12, model_b_id=14, num_times_to_use=750, port_number=6331, qid=31, times_record='/panfs/panasas01/phys/bf16951/QMD/ParallelDevelopment/Results/Oct_01/12_39/BayesFactorsTimeRecords/BayesFactorsPairsTimes_031.txt', trueModel='xTiPPyTiPPzTiPPzTz') (68a513da-d256-4eea-9785-043b680c3335)
19:47:31 31: RemoteBayesFactor.BayesFactorRemote(bayes_threshold=100, bf_data_folder='/panfs/panasas01/phys/bf16951/QMD/ParallelDevelopment/Results/Oct_01/12_39/BayesFactorsTimeRecords/', branchID=6, host_name='node45-012', interbranch=False, log_file='/panfs/panasas01/phys/bf16951/QMD/ParallelDevelopment/Results/Oct_01/12_39/logs/NV-exp-method-sim__random-phase--probe__QMLA_31.qmd.8794628.log', model_a_id=12, model_b_id=13, num_times_to_use=750, port_number=6331, qid=31, times_record='/panfs/panasas01/phys/bf16951/QMD/ParallelDevelopment/Results/Oct_01/12_39/BayesFactorsTimeRecords/BayesFactorsPairsTimes_031.txt', trueModel='xTiPPyTiPPzTiPPzTz') (fcaaae2f-bfec-48ff-934a-b156f47dff65)
19:47:31 31: RemoteBayesFactor.BayesFactorRemote(bayes_threshold=100, bf_data_folder='/panfs/panasas01/phys/bf16951/QMD/ParallelDevelopment/Results/Oct_01/12_39/BayesFactorsTimeRecords/', branchID=6, host_name='node45-012', interbranch=False, log_file='/panfs/panasas01/phys/bf16951/QMD/ParallelDevelopment/Results/Oct_01/12_39/logs/NV-exp-method-sim__random-phase--probe__QMLA_31.qmd.8794628.log', model_a_id=13, model_b_id=14, num_times_to_use=750, port_number=6331, qid=31, times_record='/panfs/panasas01/phys/bf16951/QMD/ParallelDevelopment/Results/Oct_01/12_39/BayesFactorsTimeRecords/BayesFactorsPairsTimes_031.txt', trueModel='xTiPPyTiPPzTiPPzTz') (3e5e128d-315c-4078-a0e4-2abc2de2490c)
20:37:19 31: Job OK (3e5e128d-315c-4078-a0e4-2abc2de2490c)
20:37:19 Result will never expire, clean up result key manually
20:37:19 Cleaning registries for queue: 31
20:37:19 
20:37:19 *** Listening on 31...
20:38:10 31: Job OK (68a513da-d256-4eea-9785-043b680c3335)
20:38:10 Result will never expire, clean up result key manually
20:38:10 Cleaning registries for queue: 31
20:38:10 
20:38:10 *** Listening on 31...
20:39:09 31: Job OK (fcaaae2f-bfec-48ff-934a-b156f47dff65)
20:39:09 Result will never expire, clean up result key manually
20:39:09 Cleaning registries for queue: 31
20:39:09 
20:39:09 *** Listening on 31...
20:39:10 31: RemoteModelLearning.learnModelRemote('xTiPPxTxPPxTzPPyTiPPyTyPPyTzPPzTiPPzTz', 15.0, branchID=7, growth_generator='two_qubit_ising_rotation_hyperfine_transverse', host_name='node45-012', log_file='/panfs/panasas01/phys/bf16951/QMD/ParallelDevelopment/Results/Oct_01/12_39/logs/NV-exp-method-sim__random-phase--probe__QMLA_31.qmd.8794628.log', port_number=6331, qid=31, remote=True) (0e84002d-6b2b-46ee-b5b9-13c698183f01)
20:39:10 31: RemoteModelLearning.learnModelRemote('xTiPPxTxPPxTyPPxTzPPyTiPPyTyPPzTiPPzTz', 16.0, branchID=7, growth_generator='two_qubit_ising_rotation_hyperfine_transverse', host_name='node45-012', log_file='/panfs/panasas01/phys/bf16951/QMD/ParallelDevelopment/Results/Oct_01/12_39/logs/NV-exp-method-sim__random-phase--probe__QMLA_31.qmd.8794628.log', port_number=6331, qid=31, remote=True) (1ec64931-5bd5-4cf9-8a4f-06364682f4ec)
21:04:18 31: Job OK (1ec64931-5bd5-4cf9-8a4f-06364682f4ec)
21:04:18 Result will never expire, clean up result key manually
21:04:18 Cleaning registries for queue: 31
21:04:18 
21:04:18 *** Listening on 31...
21:05:30 31: Job OK (0e84002d-6b2b-46ee-b5b9-13c698183f01)
21:05:30 Result will never expire, clean up result key manually
21:05:30 Cleaning registries for queue: 31
21:05:30 
21:05:30 *** Listening on 31...
21:05:30 31: RemoteBayesFactor.BayesFactorRemote(bayes_threshold=100, bf_data_folder='/panfs/panasas01/phys/bf16951/QMD/ParallelDevelopment/Results/Oct_01/12_39/BayesFactorsTimeRecords/', branchID=7, host_name='node45-012', interbranch=False, log_file='/panfs/panasas01/phys/bf16951/QMD/ParallelDevelopment/Results/Oct_01/12_39/logs/NV-exp-method-sim__random-phase--probe__QMLA_31.qmd.8794628.log', model_a_id=15, model_b_id=16, num_times_to_use=750, port_number=6331, qid=31, times_record='/panfs/panasas01/phys/bf16951/QMD/ParallelDevelopment/Results/Oct_01/12_39/BayesFactorsTimeRecords/BayesFactorsPairsTimes_031.txt', trueModel='xTiPPyTiPPzTiPPzTz') (458dfac8-c699-4c7b-bd56-8692ac25af69)
21:55:25 31: Job OK (458dfac8-c699-4c7b-bd56-8692ac25af69)
21:55:25 Result will never expire, clean up result key manually
21:55:25 Cleaning registries for queue: 31
21:55:25 
21:55:25 *** Listening on 31...
21:55:25 31: RemoteModelLearning.learnModelRemote('xTiPPxTxPPxTyPPxTzPPyTiPPyTyPPyTzPPzTiPPzTz', 17.0, branchID=8, growth_generator='two_qubit_ising_rotation_hyperfine_transverse', host_name='node45-012', log_file='/panfs/panasas01/phys/bf16951/QMD/ParallelDevelopment/Results/Oct_01/12_39/logs/NV-exp-method-sim__random-phase--probe__QMLA_31.qmd.8794628.log', port_number=6331, qid=31, remote=True) (b12a21ba-d25f-41cd-ae39-f10dfba6c3e9)
22:20:38 31: Job OK (b12a21ba-d25f-41cd-ae39-f10dfba6c3e9)
22:20:38 Result will never expire, clean up result key manually
22:20:38 31: RemoteBayesFactor.BayesFactorRemote(bayes_threshold=100, bf_data_folder='/panfs/panasas01/phys/bf16951/QMD/ParallelDevelopment/Results/Oct_01/12_39/BayesFactorsTimeRecords/', branchID=None, host_name='node45-012', interbranch=True, log_file='/panfs/panasas01/phys/bf16951/QMD/ParallelDevelopment/Results/Oct_01/12_39/logs/NV-exp-method-sim__random-phase--probe__QMLA_31.qmd.8794628.log', model_a_id=5, model_b_id=6, num_times_to_use=750, port_number=6331, qid=31, times_record='/panfs/panasas01/phys/bf16951/QMD/ParallelDevelopment/Results/Oct_01/12_39/BayesFactorsTimeRecords/BayesFactorsPairsTimes_031.txt', trueModel='xTiPPyTiPPzTiPPzTz') (88e1ebc4-caea-4798-a1f4-34e7a521e0cf)
22:20:38 31: RemoteBayesFactor.BayesFactorRemote(bayes_threshold=100, bf_data_folder='/panfs/panasas01/phys/bf16951/QMD/ParallelDevelopment/Results/Oct_01/12_39/BayesFactorsTimeRecords/', branchID=None, host_name='node45-012', interbranch=True, log_file='/panfs/panasas01/phys/bf16951/QMD/ParallelDevelopment/Results/Oct_01/12_39/logs/NV-exp-method-sim__random-phase--probe__QMLA_31.qmd.8794628.log', model_a_id=6, model_b_id=9, num_times_to_use=750, port_number=6331, qid=31, times_record='/panfs/panasas01/phys/bf16951/QMD/ParallelDevelopment/Results/Oct_01/12_39/BayesFactorsTimeRecords/BayesFactorsPairsTimes_031.txt', trueModel='xTiPPyTiPPzTiPPzTz') (e7c56e88-1b0e-4f3f-9f9a-aaeab1a4ce4b)
22:20:38 31: RemoteBayesFactor.BayesFactorRemote(bayes_threshold=100, bf_data_folder='/panfs/panasas01/phys/bf16951/QMD/ParallelDevelopment/Results/Oct_01/12_39/BayesFactorsTimeRecords/', branchID=None, host_name='node45-012', interbranch=True, log_file='/panfs/panasas01/phys/bf16951/QMD/ParallelDevelopment/Results/Oct_01/12_39/logs/NV-exp-method-sim__random-phase--probe__QMLA_31.qmd.8794628.log', model_a_id=9, model_b_id=11, num_times_to_use=750, port_number=6331, qid=31, times_record='/panfs/panasas01/phys/bf16951/QMD/ParallelDevelopment/Results/Oct_01/12_39/BayesFactorsTimeRecords/BayesFactorsPairsTimes_031.txt', trueModel='xTiPPyTiPPzTiPPzTz') (0762a07a-cb5f-4f4d-9ae0-bf55790daacd)
22:20:38 31: RemoteBayesFactor.BayesFactorRemote(bayes_threshold=100, bf_data_folder='/panfs/panasas01/phys/bf16951/QMD/ParallelDevelopment/Results/Oct_01/12_39/BayesFactorsTimeRecords/', branchID=None, host_name='node45-012', interbranch=True, log_file='/panfs/panasas01/phys/bf16951/QMD/ParallelDevelopment/Results/Oct_01/12_39/logs/NV-exp-method-sim__random-phase--probe__QMLA_31.qmd.8794628.log', model_a_id=2, model_b_id=3, num_times_to_use=750, port_number=6331, qid=31, times_record='/panfs/panasas01/phys/bf16951/QMD/ParallelDevelopment/Results/Oct_01/12_39/BayesFactorsTimeRecords/BayesFactorsPairsTimes_031.txt', trueModel='xTiPPyTiPPzTiPPzTz') (21326486-03f1-4453-9ed7-4c61fcef9acb)
22:20:38 31: RemoteBayesFactor.BayesFactorRemote(bayes_threshold=100, bf_data_folder='/panfs/panasas01/phys/bf16951/QMD/ParallelDevelopment/Results/Oct_01/12_39/BayesFactorsTimeRecords/', branchID=None, host_name='node45-012', interbranch=True, log_file='/panfs/panasas01/phys/bf16951/QMD/ParallelDevelopment/Results/Oct_01/12_39/logs/NV-exp-method-sim__random-phase--probe__QMLA_31.qmd.8794628.log', model_a_id=3, model_b_id=5, num_times_to_use=750, port_number=6331, qid=31, times_record='/panfs/panasas01/phys/bf16951/QMD/ParallelDevelopment/Results/Oct_01/12_39/BayesFactorsTimeRecords/BayesFactorsPairsTimes_031.txt', trueModel='xTiPPyTiPPzTiPPzTz') (58440660-2488-4384-9cc0-853439fac8cd)
22:20:38 Cleaning registries for queue: 31
22:20:38 
22:20:38 *** Listening on 31...
22:20:38 31: RemoteBayesFactor.BayesFactorRemote(bayes_threshold=100, bf_data_folder='/panfs/panasas01/phys/bf16951/QMD/ParallelDevelopment/Results/Oct_01/12_39/BayesFactorsTimeRecords/', branchID=None, host_name='node45-012', interbranch=True, log_file='/panfs/panasas01/phys/bf16951/QMD/ParallelDevelopment/Results/Oct_01/12_39/logs/NV-exp-method-sim__random-phase--probe__QMLA_31.qmd.8794628.log', model_a_id=11, model_b_id=12, num_times_to_use=750, port_number=6331, qid=31, times_record='/panfs/panasas01/phys/bf16951/QMD/ParallelDevelopment/Results/Oct_01/12_39/BayesFactorsTimeRecords/BayesFactorsPairsTimes_031.txt', trueModel='xTiPPyTiPPzTiPPzTz') (574b204c-c801-4811-a93c-e32e98c2b91a)
23:13:02 31: Job OK (e7c56e88-1b0e-4f3f-9f9a-aaeab1a4ce4b)
23:13:02 Result will never expire, clean up result key manually
23:13:02 Cleaning registries for queue: 31
23:13:02 
23:13:02 *** Listening on 31...
23:13:02 31: RemoteBayesFactor.BayesFactorRemote(bayes_threshold=100, bf_data_folder='/panfs/panasas01/phys/bf16951/QMD/ParallelDevelopment/Results/Oct_01/12_39/BayesFactorsTimeRecords/', branchID=None, host_name='node45-012', interbranch=True, log_file='/panfs/panasas01/phys/bf16951/QMD/ParallelDevelopment/Results/Oct_01/12_39/logs/NV-exp-method-sim__random-phase--probe__QMLA_31.qmd.8794628.log', model_a_id=12, model_b_id=16, num_times_to_use=750, port_number=6331, qid=31, times_record='/panfs/panasas01/phys/bf16951/QMD/ParallelDevelopment/Results/Oct_01/12_39/BayesFactorsTimeRecords/BayesFactorsPairsTimes_031.txt', trueModel='xTiPPyTiPPzTiPPzTz') (8226b92f-765f-4de5-9a75-f1022bfabb45)
23:13:07 31: Job OK (0762a07a-cb5f-4f4d-9ae0-bf55790daacd)
23:13:07 Result will never expire, clean up result key manually
23:13:07 Cleaning registries for queue: 31
23:13:07 
23:13:07 *** Listening on 31...
23:13:07 31: RemoteBayesFactor.BayesFactorRemote(bayes_threshold=100, bf_data_folder='/panfs/panasas01/phys/bf16951/QMD/ParallelDevelopment/Results/Oct_01/12_39/BayesFactorsTimeRecords/', branchID=None, host_name='node45-012', interbranch=True, log_file='/panfs/panasas01/phys/bf16951/QMD/ParallelDevelopment/Results/Oct_01/12_39/logs/NV-exp-method-sim__random-phase--probe__QMLA_31.qmd.8794628.log', model_a_id=16, model_b_id=17, num_times_to_use=750, port_number=6331, qid=31, times_record='/panfs/panasas01/phys/bf16951/QMD/ParallelDevelopment/Results/Oct_01/12_39/BayesFactorsTimeRecords/BayesFactorsPairsTimes_031.txt', trueModel='xTiPPyTiPPzTiPPzTz') (1a82ce94-4344-4c30-9803-51f45db9e303)
23:13:09 31: Job OK (574b204c-c801-4811-a93c-e32e98c2b91a)
23:13:09 Result will never expire, clean up result key manually
23:13:09 
23:13:09 *** Listening on 31...
23:14:04 31: Job OK (88e1ebc4-caea-4798-a1f4-34e7a521e0cf)
23:14:04 Result will never expire, clean up result key manually
23:14:04 Cleaning registries for queue: 31
23:14:04 
23:14:04 *** Listening on 31...
23:15:31 31: Job OK (58440660-2488-4384-9cc0-853439fac8cd)
23:15:31 Result will never expire, clean up result key manually
23:15:31 Cleaning registries for queue: 31
23:15:31 
23:15:31 *** Listening on 31...
23:23:13 31: Job OK (21326486-03f1-4453-9ed7-4c61fcef9acb)
23:23:13 Result will never expire, clean up result key manually
23:23:13 Cleaning registries for queue: 31
23:23:13 
23:23:13 *** Listening on 31...
00:02:27 31: Job OK (8226b92f-765f-4de5-9a75-f1022bfabb45)
00:02:27 Result will never expire, clean up result key manually
00:02:27 
00:02:27 *** Listening on 31...
00:03:30 31: Job OK (1a82ce94-4344-4c30-9803-51f45db9e303)
00:03:30 Result will never expire, clean up result key manually
00:03:30 
00:03:30 *** Listening on 31...
00:03:30 31: RemoteBayesFactor.BayesFactorRemote(bayes_threshold=100, bf_data_folder='/panfs/panasas01/phys/bf16951/QMD/ParallelDevelopment/Results/Oct_01/12_39/BayesFactorsTimeRecords/', branchID=9, host_name='node45-012', interbranch=False, log_file='/panfs/panasas01/phys/bf16951/QMD/ParallelDevelopment/Results/Oct_01/12_39/logs/NV-exp-method-sim__random-phase--probe__QMLA_31.qmd.8794628.log', model_a_id=3.0, model_b_id=9.0, num_times_to_use=750, port_number=6331, qid=31, times_record='/panfs/panasas01/phys/bf16951/QMD/ParallelDevelopment/Results/Oct_01/12_39/BayesFactorsTimeRecords/BayesFactorsPairsTimes_031.txt', trueModel='xTiPPyTiPPzTiPPzTz') (9e1f1e18-2336-431f-adca-f01a17e8238d)
00:03:30 31: RemoteBayesFactor.BayesFactorRemote(bayes_threshold=100, bf_data_folder='/panfs/panasas01/phys/bf16951/QMD/ParallelDevelopment/Results/Oct_01/12_39/BayesFactorsTimeRecords/', branchID=9, host_name='node45-012', interbranch=False, log_file='/panfs/panasas01/phys/bf16951/QMD/ParallelDevelopment/Results/Oct_01/12_39/logs/NV-exp-method-sim__random-phase--probe__QMLA_31.qmd.8794628.log', model_a_id=3.0, model_b_id=16.0, num_times_to_use=750, port_number=6331, qid=31, times_record='/panfs/panasas01/phys/bf16951/QMD/ParallelDevelopment/Results/Oct_01/12_39/BayesFactorsTimeRecords/BayesFactorsPairsTimes_031.txt', trueModel='xTiPPyTiPPzTiPPzTz') (6f5689f5-4ca1-4c64-846f-d97d63c8432b)
00:03:30 31: RemoteBayesFactor.BayesFactorRemote(bayes_threshold=100, bf_data_folder='/panfs/panasas01/phys/bf16951/QMD/ParallelDevelopment/Results/Oct_01/12_39/BayesFactorsTimeRecords/', branchID=9, host_name='node45-012', interbranch=False, log_file='/panfs/panasas01/phys/bf16951/QMD/ParallelDevelopment/Results/Oct_01/12_39/logs/NV-exp-method-sim__random-phase--probe__QMLA_31.qmd.8794628.log', model_a_id=9.0, model_b_id=16.0, num_times_to_use=750, port_number=6331, qid=31, times_record='/panfs/panasas01/phys/bf16951/QMD/ParallelDevelopment/Results/Oct_01/12_39/BayesFactorsTimeRecords/BayesFactorsPairsTimes_031.txt', trueModel='xTiPPyTiPPzTiPPzTz') (d8f15346-78c0-4353-8234-f79876ae525e)
00:03:30 31: RemoteBayesFactor.BayesFactorRemote(bayes_threshold=100, bf_data_folder='/panfs/panasas01/phys/bf16951/QMD/ParallelDevelopment/Results/Oct_01/12_39/BayesFactorsTimeRecords/', branchID=9, host_name='node45-012', interbranch=False, log_file='/panfs/panasas01/phys/bf16951/QMD/ParallelDevelopment/Results/Oct_01/12_39/logs/NV-exp-method-sim__random-phase--probe__QMLA_31.qmd.8794628.log', model_a_id=6.0, model_b_id=16.0, num_times_to_use=750, port_number=6331, qid=31, times_record='/panfs/panasas01/phys/bf16951/QMD/ParallelDevelopment/Results/Oct_01/12_39/BayesFactorsTimeRecords/BayesFactorsPairsTimes_031.txt', trueModel='xTiPPyTiPPzTiPPzTz') (2ddec4ec-23ac-4e4e-89f2-1722b01732f0)
00:03:30 31: RemoteBayesFactor.BayesFactorRemote(bayes_threshold=100, bf_data_folder='/panfs/panasas01/phys/bf16951/QMD/ParallelDevelopment/Results/Oct_01/12_39/BayesFactorsTimeRecords/', branchID=9, host_name='node45-012', interbranch=False, log_file='/panfs/panasas01/phys/bf16951/QMD/ParallelDevelopment/Results/Oct_01/12_39/logs/NV-exp-method-sim__random-phase--probe__QMLA_31.qmd.8794628.log', model_a_id=3.0, model_b_id=6.0, num_times_to_use=750, port_number=6331, qid=31, times_record='/panfs/panasas01/phys/bf16951/QMD/ParallelDevelopment/Results/Oct_01/12_39/BayesFactorsTimeRecords/BayesFactorsPairsTimes_031.txt', trueModel='xTiPPyTiPPzTiPPzTz') (6e4d4fd1-29c1-41c6-9684-3f1be2572ff9)
00:55:23 31: Job OK (d8f15346-78c0-4353-8234-f79876ae525e)
00:55:23 Result will never expire, clean up result key manually
00:55:23 Cleaning registries for queue: 31
00:55:23 
00:55:23 *** Listening on 31...
00:56:07 31: Job OK (2ddec4ec-23ac-4e4e-89f2-1722b01732f0)
00:56:07 Result will never expire, clean up result key manually
00:56:08 Cleaning registries for queue: 31
00:56:08 
00:56:08 *** Listening on 31...
00:56:50 31: Job OK (6f5689f5-4ca1-4c64-846f-d97d63c8432b)
00:56:50 Result will never expire, clean up result key manually
00:56:50 Cleaning registries for queue: 31
00:56:50 
00:56:50 *** Listening on 31...
00:57:26 31: Job OK (6e4d4fd1-29c1-41c6-9684-3f1be2572ff9)
00:57:26 Result will never expire, clean up result key manually
00:57:26 Cleaning registries for queue: 31
00:57:26 
00:57:26 *** Listening on 31...
00:57:27 31: Job OK (9e1f1e18-2336-431f-adca-f01a17e8238d)
00:57:27 Result will never expire, clean up result key manually
00:57:27 Cleaning registries for queue: 31
00:57:27 
00:57:27 *** Listening on 31...
Error 111 connecting to node45-012:6331. Connection refused.
Error 111 connecting to node45-012:6331. Connection refused.
Error 111 connecting to node45-012:6331. Connection refused.
Error 111 connecting to node45-012:6331. Connection refused.
Error 111 connecting to node45-012:6331. Connection refused.
Error 111 connecting to node45-012:6331. Connection refused.
