12:41:32 RQ worker 'rq:worker:node34-032.98061' started, version 0.8.1
12:41:32 RQ worker 'rq:worker:node34-032.98062' started, version 0.8.1
12:41:32 RQ worker 'rq:worker:node34-032.98057' started, version 0.8.1
12:41:32 RQ worker 'rq:worker:node34-032.98058' started, version 0.8.1
12:41:32 RQ worker 'rq:worker:node34-032.98059' started, version 0.8.1
12:41:32 RQ worker 'rq:worker:node34-032.98060' started, version 0.8.1
12:41:32 Cleaning registries for queue: 7
12:41:32 Cleaning registries for queue: 7
12:41:32 Cleaning registries for queue: 7
12:41:32 Cleaning registries for queue: 7
12:41:32 Cleaning registries for queue: 7
12:41:32 Cleaning registries for queue: 7
12:41:32 
12:41:32 *** Listening on 7...
12:41:32 
12:41:32 *** Listening on 7...
12:41:32 
12:41:32 
12:41:32 *** Listening on 7...
12:41:32 
12:41:32 *** Listening on 7...
12:41:32 
12:41:32 *** Listening on 7...
12:41:32 *** Listening on 7...
12:41:44 7: RemoteModelLearning.learnModelRemote('yTi', 1.0, branchID=0, growth_generator='two_qubit_ising_rotation_hyperfine_transverse', host_name='node34-032', log_file='/panfs/panasas01/phys/bf16951/QMD/ParallelDevelopment/Results/Oct_01/12_39/logs/NV-exp-method-sim__random-phase--probe__QMLA_7.qmd.8794604.log', port_number=6307, qid=7, remote=True) (d57562ca-0f1c-4bf6-a18d-6c958d320038)
12:41:44 7: RemoteModelLearning.learnModelRemote('xTi', 0.0, branchID=0, growth_generator='two_qubit_ising_rotation_hyperfine_transverse', host_name='node34-032', log_file='/panfs/panasas01/phys/bf16951/QMD/ParallelDevelopment/Results/Oct_01/12_39/logs/NV-exp-method-sim__random-phase--probe__QMLA_7.qmd.8794604.log', port_number=6307, qid=7, remote=True) (b2aa6760-db10-4fe4-b327-543e579dea72)
12:41:44 7: RemoteModelLearning.learnModelRemote('zTi', 2.0, branchID=0, growth_generator='two_qubit_ising_rotation_hyperfine_transverse', host_name='node34-032', log_file='/panfs/panasas01/phys/bf16951/QMD/ParallelDevelopment/Results/Oct_01/12_39/logs/NV-exp-method-sim__random-phase--probe__QMLA_7.qmd.8794604.log', port_number=6307, qid=7, remote=True) (fad66533-b49d-4487-a5f7-a829fbe27cf5)
13:06:01 7: Job OK (b2aa6760-db10-4fe4-b327-543e579dea72)
13:06:01 Result will never expire, clean up result key manually
13:06:01 
13:06:01 *** Listening on 7...
13:09:56 7: Job OK (d57562ca-0f1c-4bf6-a18d-6c958d320038)
13:09:56 Result will never expire, clean up result key manually
13:09:56 
13:09:56 *** Listening on 7...
13:19:36 7: Job OK (fad66533-b49d-4487-a5f7-a829fbe27cf5)
13:19:36 Result will never expire, clean up result key manually
13:19:36 
13:19:36 *** Listening on 7...
13:19:37 7: RemoteBayesFactor.BayesFactorRemote(bayes_threshold=100, bf_data_folder='/panfs/panasas01/phys/bf16951/QMD/ParallelDevelopment/Results/Oct_01/12_39/BayesFactorsTimeRecords/', branchID=0, host_name='node34-032', interbranch=False, log_file='/panfs/panasas01/phys/bf16951/QMD/ParallelDevelopment/Results/Oct_01/12_39/logs/NV-exp-method-sim__random-phase--probe__QMLA_7.qmd.8794604.log', model_a_id=0, model_b_id=1, num_times_to_use=750, port_number=6307, qid=7, times_record='/panfs/panasas01/phys/bf16951/QMD/ParallelDevelopment/Results/Oct_01/12_39/BayesFactorsTimeRecords/BayesFactorsPairsTimes_007.txt', trueModel='xTiPPyTiPPzTiPPzTz') (9d5e1b03-8d25-44df-995b-73819d3577a0)
13:19:37 7: RemoteBayesFactor.BayesFactorRemote(bayes_threshold=100, bf_data_folder='/panfs/panasas01/phys/bf16951/QMD/ParallelDevelopment/Results/Oct_01/12_39/BayesFactorsTimeRecords/', branchID=0, host_name='node34-032', interbranch=False, log_file='/panfs/panasas01/phys/bf16951/QMD/ParallelDevelopment/Results/Oct_01/12_39/logs/NV-exp-method-sim__random-phase--probe__QMLA_7.qmd.8794604.log', model_a_id=0, model_b_id=2, num_times_to_use=750, port_number=6307, qid=7, times_record='/panfs/panasas01/phys/bf16951/QMD/ParallelDevelopment/Results/Oct_01/12_39/BayesFactorsTimeRecords/BayesFactorsPairsTimes_007.txt', trueModel='xTiPPyTiPPzTiPPzTz') (bdc2b382-143c-4fd4-b61c-cbdd833ddd56)
13:19:37 7: RemoteBayesFactor.BayesFactorRemote(bayes_threshold=100, bf_data_folder='/panfs/panasas01/phys/bf16951/QMD/ParallelDevelopment/Results/Oct_01/12_39/BayesFactorsTimeRecords/', branchID=0, host_name='node34-032', interbranch=False, log_file='/panfs/panasas01/phys/bf16951/QMD/ParallelDevelopment/Results/Oct_01/12_39/logs/NV-exp-method-sim__random-phase--probe__QMLA_7.qmd.8794604.log', model_a_id=1, model_b_id=2, num_times_to_use=750, port_number=6307, qid=7, times_record='/panfs/panasas01/phys/bf16951/QMD/ParallelDevelopment/Results/Oct_01/12_39/BayesFactorsTimeRecords/BayesFactorsPairsTimes_007.txt', trueModel='xTiPPyTiPPzTiPPzTz') (8657bff4-5086-4927-9e26-aa7ce6d8d4d3)
14:12:13 7: Job OK (9d5e1b03-8d25-44df-995b-73819d3577a0)
14:12:13 Result will never expire, clean up result key manually
14:12:13 Cleaning registries for queue: 7
14:12:13 
14:12:13 *** Listening on 7...
14:19:28 7: Job OK (bdc2b382-143c-4fd4-b61c-cbdd833ddd56)
14:19:28 Result will never expire, clean up result key manually
14:19:28 Cleaning registries for queue: 7
14:19:28 
14:19:28 *** Listening on 7...
14:27:51 7: Job OK (8657bff4-5086-4927-9e26-aa7ce6d8d4d3)
14:27:51 Result will never expire, clean up result key manually
14:27:51 Cleaning registries for queue: 7
14:27:51 
14:27:51 *** Listening on 7...
14:27:51 7: RemoteModelLearning.learnModelRemote('yTiPPzTi', 3.0, branchID=1, growth_generator='two_qubit_ising_rotation_hyperfine_transverse', host_name='node34-032', log_file='/panfs/panasas01/phys/bf16951/QMD/ParallelDevelopment/Results/Oct_01/12_39/logs/NV-exp-method-sim__random-phase--probe__QMLA_7.qmd.8794604.log', port_number=6307, qid=7, remote=True) (983f1b89-7d26-49eb-9086-b1d3049df307)
14:27:51 7: RemoteModelLearning.learnModelRemote('xTiPPzTi', 4.0, branchID=1, growth_generator='two_qubit_ising_rotation_hyperfine_transverse', host_name='node34-032', log_file='/panfs/panasas01/phys/bf16951/QMD/ParallelDevelopment/Results/Oct_01/12_39/logs/NV-exp-method-sim__random-phase--probe__QMLA_7.qmd.8794604.log', port_number=6307, qid=7, remote=True) (04a59557-b8c4-4e77-a6be-1182eee5bf88)
14:54:43 7: Job OK (04a59557-b8c4-4e77-a6be-1182eee5bf88)
14:54:43 Result will never expire, clean up result key manually
14:54:43 Cleaning registries for queue: 7
14:54:43 
14:54:43 *** Listening on 7...
14:55:20 7: Job OK (983f1b89-7d26-49eb-9086-b1d3049df307)
14:55:20 Result will never expire, clean up result key manually
14:55:20 Cleaning registries for queue: 7
14:55:20 
14:55:20 *** Listening on 7...
14:55:20 7: RemoteBayesFactor.BayesFactorRemote(bayes_threshold=100, bf_data_folder='/panfs/panasas01/phys/bf16951/QMD/ParallelDevelopment/Results/Oct_01/12_39/BayesFactorsTimeRecords/', branchID=1, host_name='node34-032', interbranch=False, log_file='/panfs/panasas01/phys/bf16951/QMD/ParallelDevelopment/Results/Oct_01/12_39/logs/NV-exp-method-sim__random-phase--probe__QMLA_7.qmd.8794604.log', model_a_id=3, model_b_id=4, num_times_to_use=750, port_number=6307, qid=7, times_record='/panfs/panasas01/phys/bf16951/QMD/ParallelDevelopment/Results/Oct_01/12_39/BayesFactorsTimeRecords/BayesFactorsPairsTimes_007.txt', trueModel='xTiPPyTiPPzTiPPzTz') (3eda210f-c52f-4b57-a27f-810fb353d0ab)
15:47:16 7: Job OK (3eda210f-c52f-4b57-a27f-810fb353d0ab)
15:47:16 Result will never expire, clean up result key manually
15:47:16 Cleaning registries for queue: 7
15:47:16 
15:47:16 *** Listening on 7...
15:47:16 7: RemoteModelLearning.learnModelRemote('xTiPPyTiPPzTi', 5.0, branchID=2, growth_generator='two_qubit_ising_rotation_hyperfine_transverse', host_name='node34-032', log_file='/panfs/panasas01/phys/bf16951/QMD/ParallelDevelopment/Results/Oct_01/12_39/logs/NV-exp-method-sim__random-phase--probe__QMLA_7.qmd.8794604.log', port_number=6307, qid=7, remote=True) (ce9b87fd-f1ac-412e-ba9c-fff744f3c4b4)
16:17:08 7: Job OK (ce9b87fd-f1ac-412e-ba9c-fff744f3c4b4)
16:17:08 Result will never expire, clean up result key manually
16:17:08 Cleaning registries for queue: 7
16:17:08 
16:17:08 *** Listening on 7...
16:17:08 7: RemoteModelLearning.learnModelRemote('xTiPPyTiPPyTyPPzTi', 6.0, branchID=3, growth_generator='two_qubit_ising_rotation_hyperfine_transverse', host_name='node34-032', log_file='/panfs/panasas01/phys/bf16951/QMD/ParallelDevelopment/Results/Oct_01/12_39/logs/NV-exp-method-sim__random-phase--probe__QMLA_7.qmd.8794604.log', port_number=6307, qid=7, remote=True) (d316a80f-1728-43fb-b5a2-a72b3161246a)
16:17:08 7: RemoteModelLearning.learnModelRemote('xTiPPxTxPPyTiPPzTi', 7.0, branchID=3, growth_generator='two_qubit_ising_rotation_hyperfine_transverse', host_name='node34-032', log_file='/panfs/panasas01/phys/bf16951/QMD/ParallelDevelopment/Results/Oct_01/12_39/logs/NV-exp-method-sim__random-phase--probe__QMLA_7.qmd.8794604.log', port_number=6307, qid=7, remote=True) (53d5182c-afe3-4267-8119-d75101555b90)
16:17:08 7: RemoteModelLearning.learnModelRemote('xTiPPyTiPPzTiPPzTz', 8.0, branchID=3, growth_generator='two_qubit_ising_rotation_hyperfine_transverse', host_name='node34-032', log_file='/panfs/panasas01/phys/bf16951/QMD/ParallelDevelopment/Results/Oct_01/12_39/logs/NV-exp-method-sim__random-phase--probe__QMLA_7.qmd.8794604.log', port_number=6307, qid=7, remote=True) (033deffc-1c32-4c7a-9f2e-9b6ef973e8e9)
16:43:51 7: Job OK (033deffc-1c32-4c7a-9f2e-9b6ef973e8e9)
16:43:51 Result will never expire, clean up result key manually
16:43:51 Cleaning registries for queue: 7
16:43:51 
16:43:51 *** Listening on 7...
16:44:45 7: Job OK (53d5182c-afe3-4267-8119-d75101555b90)
16:44:45 Result will never expire, clean up result key manually
16:44:45 Cleaning registries for queue: 7
16:44:45 
16:44:45 *** Listening on 7...
16:44:45 7: Job OK (d316a80f-1728-43fb-b5a2-a72b3161246a)
16:44:45 Result will never expire, clean up result key manually
16:44:45 
16:44:45 *** Listening on 7...
16:44:46 7: RemoteBayesFactor.BayesFactorRemote(bayes_threshold=100, bf_data_folder='/panfs/panasas01/phys/bf16951/QMD/ParallelDevelopment/Results/Oct_01/12_39/BayesFactorsTimeRecords/', branchID=3, host_name='node34-032', interbranch=False, log_file='/panfs/panasas01/phys/bf16951/QMD/ParallelDevelopment/Results/Oct_01/12_39/logs/NV-exp-method-sim__random-phase--probe__QMLA_7.qmd.8794604.log', model_a_id=6, model_b_id=7, num_times_to_use=750, port_number=6307, qid=7, times_record='/panfs/panasas01/phys/bf16951/QMD/ParallelDevelopment/Results/Oct_01/12_39/BayesFactorsTimeRecords/BayesFactorsPairsTimes_007.txt', trueModel='xTiPPyTiPPzTiPPzTz') (3faa5897-3a2d-432b-b60c-3a5db98a8f6a)
16:44:46 7: RemoteBayesFactor.BayesFactorRemote(bayes_threshold=100, bf_data_folder='/panfs/panasas01/phys/bf16951/QMD/ParallelDevelopment/Results/Oct_01/12_39/BayesFactorsTimeRecords/', branchID=3, host_name='node34-032', interbranch=False, log_file='/panfs/panasas01/phys/bf16951/QMD/ParallelDevelopment/Results/Oct_01/12_39/logs/NV-exp-method-sim__random-phase--probe__QMLA_7.qmd.8794604.log', model_a_id=6, model_b_id=8, num_times_to_use=750, port_number=6307, qid=7, times_record='/panfs/panasas01/phys/bf16951/QMD/ParallelDevelopment/Results/Oct_01/12_39/BayesFactorsTimeRecords/BayesFactorsPairsTimes_007.txt', trueModel='xTiPPyTiPPzTiPPzTz') (2721dee1-64ab-4517-9334-ead72ac85c78)
16:44:46 7: RemoteBayesFactor.BayesFactorRemote(bayes_threshold=100, bf_data_folder='/panfs/panasas01/phys/bf16951/QMD/ParallelDevelopment/Results/Oct_01/12_39/BayesFactorsTimeRecords/', branchID=3, host_name='node34-032', interbranch=False, log_file='/panfs/panasas01/phys/bf16951/QMD/ParallelDevelopment/Results/Oct_01/12_39/logs/NV-exp-method-sim__random-phase--probe__QMLA_7.qmd.8794604.log', model_a_id=7, model_b_id=8, num_times_to_use=750, port_number=6307, qid=7, times_record='/panfs/panasas01/phys/bf16951/QMD/ParallelDevelopment/Results/Oct_01/12_39/BayesFactorsTimeRecords/BayesFactorsPairsTimes_007.txt', trueModel='xTiPPyTiPPzTiPPzTz') (478a814a-4b72-48a2-acb7-32c4fbd1b3ba)
17:37:27 7: Job OK (2721dee1-64ab-4517-9334-ead72ac85c78)
17:37:27 Result will never expire, clean up result key manually
17:37:27 Cleaning registries for queue: 7
17:37:27 
17:37:27 *** Listening on 7...
17:38:14 7: Job OK (3faa5897-3a2d-432b-b60c-3a5db98a8f6a)
17:38:14 Result will never expire, clean up result key manually
17:38:14 Cleaning registries for queue: 7
17:38:14 
17:38:14 *** Listening on 7...
17:38:55 7: Job OK (478a814a-4b72-48a2-acb7-32c4fbd1b3ba)
17:38:55 Result will never expire, clean up result key manually
17:38:55 Cleaning registries for queue: 7
17:38:55 
17:38:55 *** Listening on 7...
17:38:55 7: RemoteModelLearning.learnModelRemote('xTiPPyTiPPyTyPPzTiPPzTz', 9.0, branchID=4, growth_generator='two_qubit_ising_rotation_hyperfine_transverse', host_name='node34-032', log_file='/panfs/panasas01/phys/bf16951/QMD/ParallelDevelopment/Results/Oct_01/12_39/logs/NV-exp-method-sim__random-phase--probe__QMLA_7.qmd.8794604.log', port_number=6307, qid=7, remote=True) (3823ea1c-4d88-4048-9996-5835e1747f16)
17:38:55 7: RemoteModelLearning.learnModelRemote('xTiPPxTxPPyTiPPzTiPPzTz', 10.0, branchID=4, growth_generator='two_qubit_ising_rotation_hyperfine_transverse', host_name='node34-032', log_file='/panfs/panasas01/phys/bf16951/QMD/ParallelDevelopment/Results/Oct_01/12_39/logs/NV-exp-method-sim__random-phase--probe__QMLA_7.qmd.8794604.log', port_number=6307, qid=7, remote=True) (2ef0c80a-8ec3-4653-a824-4f471ad595ec)
18:04:53 7: Job OK (2ef0c80a-8ec3-4653-a824-4f471ad595ec)
18:04:53 Result will never expire, clean up result key manually
18:04:53 Cleaning registries for queue: 7
18:04:53 
18:04:53 *** Listening on 7...
18:04:58 7: Job OK (3823ea1c-4d88-4048-9996-5835e1747f16)
18:04:58 Result will never expire, clean up result key manually
18:04:58 
18:04:58 *** Listening on 7...
18:04:58 7: RemoteBayesFactor.BayesFactorRemote(bayes_threshold=100, bf_data_folder='/panfs/panasas01/phys/bf16951/QMD/ParallelDevelopment/Results/Oct_01/12_39/BayesFactorsTimeRecords/', branchID=4, host_name='node34-032', interbranch=False, log_file='/panfs/panasas01/phys/bf16951/QMD/ParallelDevelopment/Results/Oct_01/12_39/logs/NV-exp-method-sim__random-phase--probe__QMLA_7.qmd.8794604.log', model_a_id=9, model_b_id=10, num_times_to_use=750, port_number=6307, qid=7, times_record='/panfs/panasas01/phys/bf16951/QMD/ParallelDevelopment/Results/Oct_01/12_39/BayesFactorsTimeRecords/BayesFactorsPairsTimes_007.txt', trueModel='xTiPPyTiPPzTiPPzTz') (0e2c2c2c-d45c-4195-99bc-4f9506865a2d)
19:02:34 7: Job OK (0e2c2c2c-d45c-4195-99bc-4f9506865a2d)
19:02:34 Result will never expire, clean up result key manually
19:02:34 Cleaning registries for queue: 7
19:02:34 
19:02:34 *** Listening on 7...
19:02:34 7: RemoteModelLearning.learnModelRemote('xTiPPxTxPPyTiPPyTyPPzTiPPzTz', 11.0, branchID=5, growth_generator='two_qubit_ising_rotation_hyperfine_transverse', host_name='node34-032', log_file='/panfs/panasas01/phys/bf16951/QMD/ParallelDevelopment/Results/Oct_01/12_39/logs/NV-exp-method-sim__random-phase--probe__QMLA_7.qmd.8794604.log', port_number=6307, qid=7, remote=True) (0580cfad-b4aa-4ee5-82ba-20a5701e77e1)
19:32:32 7: Job OK (0580cfad-b4aa-4ee5-82ba-20a5701e77e1)
19:32:32 Result will never expire, clean up result key manually
19:32:32 Cleaning registries for queue: 7
19:32:32 
19:32:32 *** Listening on 7...
19:32:32 7: RemoteModelLearning.learnModelRemote('xTiPPxTxPPxTzPPyTiPPyTyPPzTiPPzTz', 12.0, branchID=6, growth_generator='two_qubit_ising_rotation_hyperfine_transverse', host_name='node34-032', log_file='/panfs/panasas01/phys/bf16951/QMD/ParallelDevelopment/Results/Oct_01/12_39/logs/NV-exp-method-sim__random-phase--probe__QMLA_7.qmd.8794604.log', port_number=6307, qid=7, remote=True) (8f0a8d0e-4c06-466f-babe-928c09443699)
19:32:32 7: RemoteModelLearning.learnModelRemote('xTiPPxTxPPyTiPPyTyPPyTzPPzTiPPzTz', 14.0, branchID=6, growth_generator='two_qubit_ising_rotation_hyperfine_transverse', host_name='node34-032', log_file='/panfs/panasas01/phys/bf16951/QMD/ParallelDevelopment/Results/Oct_01/12_39/logs/NV-exp-method-sim__random-phase--probe__QMLA_7.qmd.8794604.log', port_number=6307, qid=7, remote=True) (dbdbc985-757a-4e2a-9a4b-e66972e706d3)
19:32:32 7: RemoteModelLearning.learnModelRemote('xTiPPxTxPPxTyPPyTiPPyTyPPzTiPPzTz', 13.0, branchID=6, growth_generator='two_qubit_ising_rotation_hyperfine_transverse', host_name='node34-032', log_file='/panfs/panasas01/phys/bf16951/QMD/ParallelDevelopment/Results/Oct_01/12_39/logs/NV-exp-method-sim__random-phase--probe__QMLA_7.qmd.8794604.log', port_number=6307, qid=7, remote=True) (31f8d3a2-a125-4978-9ea5-f626a7ca058b)
20:08:19 7: Job OK (31f8d3a2-a125-4978-9ea5-f626a7ca058b)
20:08:19 Result will never expire, clean up result key manually
20:08:19 Cleaning registries for queue: 7
20:08:19 
20:08:19 *** Listening on 7...
20:09:53 7: Job OK (dbdbc985-757a-4e2a-9a4b-e66972e706d3)
20:09:53 Result will never expire, clean up result key manually
20:09:53 Cleaning registries for queue: 7
20:09:53 
20:09:53 *** Listening on 7...
20:10:24 7: Job OK (8f0a8d0e-4c06-466f-babe-928c09443699)
20:10:24 Result will never expire, clean up result key manually
20:10:24 Cleaning registries for queue: 7
20:10:24 
20:10:24 *** Listening on 7...
20:10:25 7: RemoteBayesFactor.BayesFactorRemote(bayes_threshold=100, bf_data_folder='/panfs/panasas01/phys/bf16951/QMD/ParallelDevelopment/Results/Oct_01/12_39/BayesFactorsTimeRecords/', branchID=6, host_name='node34-032', interbranch=False, log_file='/panfs/panasas01/phys/bf16951/QMD/ParallelDevelopment/Results/Oct_01/12_39/logs/NV-exp-method-sim__random-phase--probe__QMLA_7.qmd.8794604.log', model_a_id=12, model_b_id=13, num_times_to_use=750, port_number=6307, qid=7, times_record='/panfs/panasas01/phys/bf16951/QMD/ParallelDevelopment/Results/Oct_01/12_39/BayesFactorsTimeRecords/BayesFactorsPairsTimes_007.txt', trueModel='xTiPPyTiPPzTiPPzTz') (cda2c553-8772-486d-9b1d-8799c08f7cd3)
20:10:25 7: RemoteBayesFactor.BayesFactorRemote(bayes_threshold=100, bf_data_folder='/panfs/panasas01/phys/bf16951/QMD/ParallelDevelopment/Results/Oct_01/12_39/BayesFactorsTimeRecords/', branchID=6, host_name='node34-032', interbranch=False, log_file='/panfs/panasas01/phys/bf16951/QMD/ParallelDevelopment/Results/Oct_01/12_39/logs/NV-exp-method-sim__random-phase--probe__QMLA_7.qmd.8794604.log', model_a_id=12, model_b_id=14, num_times_to_use=750, port_number=6307, qid=7, times_record='/panfs/panasas01/phys/bf16951/QMD/ParallelDevelopment/Results/Oct_01/12_39/BayesFactorsTimeRecords/BayesFactorsPairsTimes_007.txt', trueModel='xTiPPyTiPPzTiPPzTz') (337d017f-0dca-4d3c-9557-42bf8503ca51)
20:10:25 7: RemoteBayesFactor.BayesFactorRemote(bayes_threshold=100, bf_data_folder='/panfs/panasas01/phys/bf16951/QMD/ParallelDevelopment/Results/Oct_01/12_39/BayesFactorsTimeRecords/', branchID=6, host_name='node34-032', interbranch=False, log_file='/panfs/panasas01/phys/bf16951/QMD/ParallelDevelopment/Results/Oct_01/12_39/logs/NV-exp-method-sim__random-phase--probe__QMLA_7.qmd.8794604.log', model_a_id=13, model_b_id=14, num_times_to_use=750, port_number=6307, qid=7, times_record='/panfs/panasas01/phys/bf16951/QMD/ParallelDevelopment/Results/Oct_01/12_39/BayesFactorsTimeRecords/BayesFactorsPairsTimes_007.txt', trueModel='xTiPPyTiPPzTiPPzTz') (4f8efe03-a38a-42cb-8f93-27a654ad4f5e)
21:02:04 7: Job OK (4f8efe03-a38a-42cb-8f93-27a654ad4f5e)
21:02:04 Result will never expire, clean up result key manually
21:02:04 
21:02:04 *** Listening on 7...
21:06:15 7: Job OK (cda2c553-8772-486d-9b1d-8799c08f7cd3)
21:06:15 Result will never expire, clean up result key manually
21:06:15 Cleaning registries for queue: 7
21:06:15 
21:06:15 *** Listening on 7...
21:06:31 7: Job OK (337d017f-0dca-4d3c-9557-42bf8503ca51)
21:06:31 Result will never expire, clean up result key manually
21:06:31 Cleaning registries for queue: 7
21:06:31 
21:06:31 *** Listening on 7...
21:06:31 7: RemoteModelLearning.learnModelRemote('xTiPPxTxPPxTyPPyTiPPyTyPPyTzPPzTiPPzTz', 15.0, branchID=7, growth_generator='two_qubit_ising_rotation_hyperfine_transverse', host_name='node34-032', log_file='/panfs/panasas01/phys/bf16951/QMD/ParallelDevelopment/Results/Oct_01/12_39/logs/NV-exp-method-sim__random-phase--probe__QMLA_7.qmd.8794604.log', port_number=6307, qid=7, remote=True) (f17868ff-2578-4959-8dd7-c1a744ea9b5d)
21:06:31 7: RemoteModelLearning.learnModelRemote('xTiPPxTxPPxTzPPyTiPPyTyPPyTzPPzTiPPzTz', 16.0, branchID=7, growth_generator='two_qubit_ising_rotation_hyperfine_transverse', host_name='node34-032', log_file='/panfs/panasas01/phys/bf16951/QMD/ParallelDevelopment/Results/Oct_01/12_39/logs/NV-exp-method-sim__random-phase--probe__QMLA_7.qmd.8794604.log', port_number=6307, qid=7, remote=True) (92ff6b98-881b-44e0-bd25-f9c088202369)
21:39:53 7: Job OK (f17868ff-2578-4959-8dd7-c1a744ea9b5d)
21:39:53 Result will never expire, clean up result key manually
21:39:53 Cleaning registries for queue: 7
21:39:53 
21:39:53 *** Listening on 7...
21:41:26 7: Job OK (92ff6b98-881b-44e0-bd25-f9c088202369)
21:41:26 Result will never expire, clean up result key manually
21:41:26 Cleaning registries for queue: 7
21:41:26 
21:41:26 *** Listening on 7...
21:41:26 7: RemoteBayesFactor.BayesFactorRemote(bayes_threshold=100, bf_data_folder='/panfs/panasas01/phys/bf16951/QMD/ParallelDevelopment/Results/Oct_01/12_39/BayesFactorsTimeRecords/', branchID=7, host_name='node34-032', interbranch=False, log_file='/panfs/panasas01/phys/bf16951/QMD/ParallelDevelopment/Results/Oct_01/12_39/logs/NV-exp-method-sim__random-phase--probe__QMLA_7.qmd.8794604.log', model_a_id=15, model_b_id=16, num_times_to_use=750, port_number=6307, qid=7, times_record='/panfs/panasas01/phys/bf16951/QMD/ParallelDevelopment/Results/Oct_01/12_39/BayesFactorsTimeRecords/BayesFactorsPairsTimes_007.txt', trueModel='xTiPPyTiPPzTiPPzTz') (915ea855-0d3c-4720-9896-4855417b6902)
22:32:09 7: Job OK (915ea855-0d3c-4720-9896-4855417b6902)
22:32:09 Result will never expire, clean up result key manually
22:32:09 Cleaning registries for queue: 7
22:32:09 
22:32:09 *** Listening on 7...
22:32:09 7: RemoteModelLearning.learnModelRemote('xTiPPxTxPPxTyPPxTzPPyTiPPyTyPPyTzPPzTiPPzTz', 17.0, branchID=8, growth_generator='two_qubit_ising_rotation_hyperfine_transverse', host_name='node34-032', log_file='/panfs/panasas01/phys/bf16951/QMD/ParallelDevelopment/Results/Oct_01/12_39/logs/NV-exp-method-sim__random-phase--probe__QMLA_7.qmd.8794604.log', port_number=6307, qid=7, remote=True) (df17e3aa-6df2-4900-b9ff-1667016b0dea)
22:57:48 7: Job OK (df17e3aa-6df2-4900-b9ff-1667016b0dea)
22:57:48 Result will never expire, clean up result key manually
22:57:48 7: RemoteBayesFactor.BayesFactorRemote(bayes_threshold=100, bf_data_folder='/panfs/panasas01/phys/bf16951/QMD/ParallelDevelopment/Results/Oct_01/12_39/BayesFactorsTimeRecords/', branchID=None, host_name='node34-032', interbranch=True, log_file='/panfs/panasas01/phys/bf16951/QMD/ParallelDevelopment/Results/Oct_01/12_39/logs/NV-exp-method-sim__random-phase--probe__QMLA_7.qmd.8794604.log', model_a_id=5, model_b_id=8, num_times_to_use=750, port_number=6307, qid=7, times_record='/panfs/panasas01/phys/bf16951/QMD/ParallelDevelopment/Results/Oct_01/12_39/BayesFactorsTimeRecords/BayesFactorsPairsTimes_007.txt', trueModel='xTiPPyTiPPzTiPPzTz') (e61291c6-2f36-447c-a987-2c2b9b0e1484)
22:57:48 Cleaning registries for queue: 7
22:57:48 7: RemoteBayesFactor.BayesFactorRemote(bayes_threshold=100, bf_data_folder='/panfs/panasas01/phys/bf16951/QMD/ParallelDevelopment/Results/Oct_01/12_39/BayesFactorsTimeRecords/', branchID=None, host_name='node34-032', interbranch=True, log_file='/panfs/panasas01/phys/bf16951/QMD/ParallelDevelopment/Results/Oct_01/12_39/logs/NV-exp-method-sim__random-phase--probe__QMLA_7.qmd.8794604.log', model_a_id=8, model_b_id=9, num_times_to_use=750, port_number=6307, qid=7, times_record='/panfs/panasas01/phys/bf16951/QMD/ParallelDevelopment/Results/Oct_01/12_39/BayesFactorsTimeRecords/BayesFactorsPairsTimes_007.txt', trueModel='xTiPPyTiPPzTiPPzTz') (41fe68b7-da27-4709-9578-a81257089f75)
22:57:48 
22:57:48 *** Listening on 7...
22:57:48 7: RemoteBayesFactor.BayesFactorRemote(bayes_threshold=100, bf_data_folder='/panfs/panasas01/phys/bf16951/QMD/ParallelDevelopment/Results/Oct_01/12_39/BayesFactorsTimeRecords/', branchID=None, host_name='node34-032', interbranch=True, log_file='/panfs/panasas01/phys/bf16951/QMD/ParallelDevelopment/Results/Oct_01/12_39/logs/NV-exp-method-sim__random-phase--probe__QMLA_7.qmd.8794604.log', model_a_id=11, model_b_id=14, num_times_to_use=750, port_number=6307, qid=7, times_record='/panfs/panasas01/phys/bf16951/QMD/ParallelDevelopment/Results/Oct_01/12_39/BayesFactorsTimeRecords/BayesFactorsPairsTimes_007.txt', trueModel='xTiPPyTiPPzTiPPzTz') (7feb771b-6d94-4290-a931-f513f04c5f9e)
22:57:48 7: RemoteBayesFactor.BayesFactorRemote(bayes_threshold=100, bf_data_folder='/panfs/panasas01/phys/bf16951/QMD/ParallelDevelopment/Results/Oct_01/12_39/BayesFactorsTimeRecords/', branchID=None, host_name='node34-032', interbranch=True, log_file='/panfs/panasas01/phys/bf16951/QMD/ParallelDevelopment/Results/Oct_01/12_39/logs/NV-exp-method-sim__random-phase--probe__QMLA_7.qmd.8794604.log', model_a_id=2, model_b_id=4, num_times_to_use=750, port_number=6307, qid=7, times_record='/panfs/panasas01/phys/bf16951/QMD/ParallelDevelopment/Results/Oct_01/12_39/BayesFactorsTimeRecords/BayesFactorsPairsTimes_007.txt', trueModel='xTiPPyTiPPzTiPPzTz') (0ede6f1d-584d-4115-8d77-dd6992342fbc)
22:57:48 7: RemoteBayesFactor.BayesFactorRemote(bayes_threshold=100, bf_data_folder='/panfs/panasas01/phys/bf16951/QMD/ParallelDevelopment/Results/Oct_01/12_39/BayesFactorsTimeRecords/', branchID=None, host_name='node34-032', interbranch=True, log_file='/panfs/panasas01/phys/bf16951/QMD/ParallelDevelopment/Results/Oct_01/12_39/logs/NV-exp-method-sim__random-phase--probe__QMLA_7.qmd.8794604.log', model_a_id=4, model_b_id=5, num_times_to_use=750, port_number=6307, qid=7, times_record='/panfs/panasas01/phys/bf16951/QMD/ParallelDevelopment/Results/Oct_01/12_39/BayesFactorsTimeRecords/BayesFactorsPairsTimes_007.txt', trueModel='xTiPPyTiPPzTiPPzTz') (7dda4b26-f74c-4a9d-af1b-4b19f187e9d0)
22:57:48 7: RemoteBayesFactor.BayesFactorRemote(bayes_threshold=100, bf_data_folder='/panfs/panasas01/phys/bf16951/QMD/ParallelDevelopment/Results/Oct_01/12_39/BayesFactorsTimeRecords/', branchID=None, host_name='node34-032', interbranch=True, log_file='/panfs/panasas01/phys/bf16951/QMD/ParallelDevelopment/Results/Oct_01/12_39/logs/NV-exp-method-sim__random-phase--probe__QMLA_7.qmd.8794604.log', model_a_id=9, model_b_id=11, num_times_to_use=750, port_number=6307, qid=7, times_record='/panfs/panasas01/phys/bf16951/QMD/ParallelDevelopment/Results/Oct_01/12_39/BayesFactorsTimeRecords/BayesFactorsPairsTimes_007.txt', trueModel='xTiPPyTiPPzTiPPzTz') (a0537798-31e5-4d81-b236-a26ed13eb447)
23:49:23 7: Job OK (7feb771b-6d94-4290-a931-f513f04c5f9e)
23:49:23 Result will never expire, clean up result key manually
23:49:23 
23:49:23 *** Listening on 7...
23:49:23 7: RemoteBayesFactor.BayesFactorRemote(bayes_threshold=100, bf_data_folder='/panfs/panasas01/phys/bf16951/QMD/ParallelDevelopment/Results/Oct_01/12_39/BayesFactorsTimeRecords/', branchID=None, host_name='node34-032', interbranch=True, log_file='/panfs/panasas01/phys/bf16951/QMD/ParallelDevelopment/Results/Oct_01/12_39/logs/NV-exp-method-sim__random-phase--probe__QMLA_7.qmd.8794604.log', model_a_id=14, model_b_id=16, num_times_to_use=750, port_number=6307, qid=7, times_record='/panfs/panasas01/phys/bf16951/QMD/ParallelDevelopment/Results/Oct_01/12_39/BayesFactorsTimeRecords/BayesFactorsPairsTimes_007.txt', trueModel='xTiPPyTiPPzTiPPzTz') (7f1fa83f-03c8-4e4d-9100-2b92e7ac1f53)
23:50:26 7: Job OK (a0537798-31e5-4d81-b236-a26ed13eb447)
23:50:26 Result will never expire, clean up result key manually
23:50:26 Cleaning registries for queue: 7
23:50:26 
23:50:26 *** Listening on 7...
23:50:26 7: RemoteBayesFactor.BayesFactorRemote(bayes_threshold=100, bf_data_folder='/panfs/panasas01/phys/bf16951/QMD/ParallelDevelopment/Results/Oct_01/12_39/BayesFactorsTimeRecords/', branchID=None, host_name='node34-032', interbranch=True, log_file='/panfs/panasas01/phys/bf16951/QMD/ParallelDevelopment/Results/Oct_01/12_39/logs/NV-exp-method-sim__random-phase--probe__QMLA_7.qmd.8794604.log', model_a_id=16, model_b_id=17, num_times_to_use=750, port_number=6307, qid=7, times_record='/panfs/panasas01/phys/bf16951/QMD/ParallelDevelopment/Results/Oct_01/12_39/BayesFactorsTimeRecords/BayesFactorsPairsTimes_007.txt', trueModel='xTiPPyTiPPzTiPPzTz') (6747bfbd-9e2b-4b34-a3a4-492f23b9c95b)
23:51:18 7: Job OK (7dda4b26-f74c-4a9d-af1b-4b19f187e9d0)
23:51:18 Result will never expire, clean up result key manually
23:51:18 Cleaning registries for queue: 7
23:51:18 
23:51:18 *** Listening on 7...
23:51:45 7: Job OK (e61291c6-2f36-447c-a987-2c2b9b0e1484)
23:51:45 Result will never expire, clean up result key manually
23:51:45 Cleaning registries for queue: 7
23:51:45 
23:51:45 *** Listening on 7...
23:51:56 7: Job OK (41fe68b7-da27-4709-9578-a81257089f75)
23:51:56 Result will never expire, clean up result key manually
23:51:57 Cleaning registries for queue: 7
23:51:57 
23:51:57 *** Listening on 7...
00:00:04 7: Job OK (0ede6f1d-584d-4115-8d77-dd6992342fbc)
00:00:04 Result will never expire, clean up result key manually
00:00:04 Cleaning registries for queue: 7
00:00:04 
00:00:04 *** Listening on 7...
00:40:12 7: Job OK (7f1fa83f-03c8-4e4d-9100-2b92e7ac1f53)
00:40:12 Result will never expire, clean up result key manually
00:40:12 Cleaning registries for queue: 7
00:40:12 
00:40:12 *** Listening on 7...
00:41:38 7: Job OK (6747bfbd-9e2b-4b34-a3a4-492f23b9c95b)
00:41:38 Result will never expire, clean up result key manually
00:41:38 
00:41:38 *** Listening on 7...
00:41:38 7: RemoteBayesFactor.BayesFactorRemote(bayes_threshold=100, bf_data_folder='/panfs/panasas01/phys/bf16951/QMD/ParallelDevelopment/Results/Oct_01/12_39/BayesFactorsTimeRecords/', branchID=9, host_name='node34-032', interbranch=False, log_file='/panfs/panasas01/phys/bf16951/QMD/ParallelDevelopment/Results/Oct_01/12_39/logs/NV-exp-method-sim__random-phase--probe__QMLA_7.qmd.8794604.log', model_a_id=17.0, model_b_id=4.0, num_times_to_use=750, port_number=6307, qid=7, times_record='/panfs/panasas01/phys/bf16951/QMD/ParallelDevelopment/Results/Oct_01/12_39/BayesFactorsTimeRecords/BayesFactorsPairsTimes_007.txt', trueModel='xTiPPyTiPPzTiPPzTz') (4fd5e933-4f94-4f30-8781-993b54e9bf94)
00:41:38 7: RemoteBayesFactor.BayesFactorRemote(bayes_threshold=100, bf_data_folder='/panfs/panasas01/phys/bf16951/QMD/ParallelDevelopment/Results/Oct_01/12_39/BayesFactorsTimeRecords/', branchID=9, host_name='node34-032', interbranch=False, log_file='/panfs/panasas01/phys/bf16951/QMD/ParallelDevelopment/Results/Oct_01/12_39/logs/NV-exp-method-sim__random-phase--probe__QMLA_7.qmd.8794604.log', model_a_id=8.0, model_b_id=16.0, num_times_to_use=750, port_number=6307, qid=7, times_record='/panfs/panasas01/phys/bf16951/QMD/ParallelDevelopment/Results/Oct_01/12_39/BayesFactorsTimeRecords/BayesFactorsPairsTimes_007.txt', trueModel='xTiPPyTiPPzTiPPzTz') (170224d4-1432-4465-8e34-fe752b4f96ac)
00:41:38 7: RemoteBayesFactor.BayesFactorRemote(bayes_threshold=100, bf_data_folder='/panfs/panasas01/phys/bf16951/QMD/ParallelDevelopment/Results/Oct_01/12_39/BayesFactorsTimeRecords/', branchID=9, host_name='node34-032', interbranch=False, log_file='/panfs/panasas01/phys/bf16951/QMD/ParallelDevelopment/Results/Oct_01/12_39/logs/NV-exp-method-sim__random-phase--probe__QMLA_7.qmd.8794604.log', model_a_id=17.0, model_b_id=8.0, num_times_to_use=750, port_number=6307, qid=7, times_record='/panfs/panasas01/phys/bf16951/QMD/ParallelDevelopment/Results/Oct_01/12_39/BayesFactorsTimeRecords/BayesFactorsPairsTimes_007.txt', trueModel='xTiPPyTiPPzTiPPzTz') (9ed2ff02-182b-464e-96cc-a7910102633d)
00:41:38 7: RemoteBayesFactor.BayesFactorRemote(bayes_threshold=100, bf_data_folder='/panfs/panasas01/phys/bf16951/QMD/ParallelDevelopment/Results/Oct_01/12_39/BayesFactorsTimeRecords/', branchID=9, host_name='node34-032', interbranch=False, log_file='/panfs/panasas01/phys/bf16951/QMD/ParallelDevelopment/Results/Oct_01/12_39/logs/NV-exp-method-sim__random-phase--probe__QMLA_7.qmd.8794604.log', model_a_id=8.0, model_b_id=4.0, num_times_to_use=750, port_number=6307, qid=7, times_record='/panfs/panasas01/phys/bf16951/QMD/ParallelDevelopment/Results/Oct_01/12_39/BayesFactorsTimeRecords/BayesFactorsPairsTimes_007.txt', trueModel='xTiPPyTiPPzTiPPzTz') (0e19d748-ebac-4ceb-98ce-0da04a524060)
00:41:38 7: RemoteBayesFactor.BayesFactorRemote(bayes_threshold=100, bf_data_folder='/panfs/panasas01/phys/bf16951/QMD/ParallelDevelopment/Results/Oct_01/12_39/BayesFactorsTimeRecords/', branchID=9, host_name='node34-032', interbranch=False, log_file='/panfs/panasas01/phys/bf16951/QMD/ParallelDevelopment/Results/Oct_01/12_39/logs/NV-exp-method-sim__random-phase--probe__QMLA_7.qmd.8794604.log', model_a_id=16.0, model_b_id=4.0, num_times_to_use=750, port_number=6307, qid=7, times_record='/panfs/panasas01/phys/bf16951/QMD/ParallelDevelopment/Results/Oct_01/12_39/BayesFactorsTimeRecords/BayesFactorsPairsTimes_007.txt', trueModel='xTiPPyTiPPzTiPPzTz') (5368b93f-a7f4-4fb2-84b3-1213b93f2ecb)
01:36:07 7: Job OK (0e19d748-ebac-4ceb-98ce-0da04a524060)
01:36:07 Result will never expire, clean up result key manually
01:36:07 Cleaning registries for queue: 7
01:36:07 
01:36:07 *** Listening on 7...
01:36:26 7: Job OK (5368b93f-a7f4-4fb2-84b3-1213b93f2ecb)
01:36:26 Result will never expire, clean up result key manually
01:36:26 
01:36:26 *** Listening on 7...
01:36:34 7: Job OK (4fd5e933-4f94-4f30-8781-993b54e9bf94)
01:36:34 Result will never expire, clean up result key manually
01:36:34 Cleaning registries for queue: 7
01:36:34 
01:36:34 *** Listening on 7...
01:36:44 7: Job OK (170224d4-1432-4465-8e34-fe752b4f96ac)
01:36:44 Result will never expire, clean up result key manually
01:36:44 Cleaning registries for queue: 7
01:36:44 
01:36:44 *** Listening on 7...
01:37:19 7: Job OK (9ed2ff02-182b-464e-96cc-a7910102633d)
01:37:19 Result will never expire, clean up result key manually
01:37:19 Cleaning registries for queue: 7
01:37:19 
01:37:19 *** Listening on 7...
Error 111 connecting to node34-032:6307. Connection refused.
Error 111 connecting to node34-032:6307. Connection refused.
Error 111 connecting to node34-032:6307. Connection refused.
Error 111 connecting to node34-032:6307. Connection refused.
Error 111 connecting to node34-032:6307. Connection refused.
Error 111 connecting to node34-032:6307. Connection refused.
