12:44:23 RQ worker 'rq:worker:node46-019.98775' started, version 0.8.1
12:44:23 RQ worker 'rq:worker:node46-019.98776' started, version 0.8.1
12:44:23 RQ worker 'rq:worker:node46-019.98778' started, version 0.8.1
12:44:23 RQ worker 'rq:worker:node46-019.98777' started, version 0.8.1
12:44:23 RQ worker 'rq:worker:node46-019.98780' started, version 0.8.1
12:44:23 Cleaning registries for queue: 23
12:44:23 Cleaning registries for queue: 23
12:44:23 Cleaning registries for queue: 23
12:44:23 Cleaning registries for queue: 23
12:44:23 Cleaning registries for queue: 23
12:44:23 
12:44:23 
12:44:23 
12:44:23 
12:44:23 *** Listening on 23...
12:44:23 *** Listening on 23...
12:44:23 *** Listening on 23...
12:44:23 *** Listening on 23...
12:44:23 
12:44:23 *** Listening on 23...
12:44:23 RQ worker 'rq:worker:node46-019.98779' started, version 0.8.1
12:44:23 Cleaning registries for queue: 23
12:44:23 
12:44:23 *** Listening on 23...
12:44:35 23: RemoteModelLearning.learnModelRemote('yTi', 1.0, branchID=0, growth_generator='two_qubit_ising_rotation_hyperfine_transverse', host_name='node46-019', log_file='/panfs/panasas01/phys/bf16951/QMD/ParallelDevelopment/Results/Oct_01/12_39/logs/NV-exp-method-sim__random-phase--probe__QMLA_23.qmd.8794620.log', port_number=6323, qid=23, remote=True) (e9f01143-4034-4669-b60c-bede9b7e5169)
12:44:35 23: RemoteModelLearning.learnModelRemote('zTi', 2.0, branchID=0, growth_generator='two_qubit_ising_rotation_hyperfine_transverse', host_name='node46-019', log_file='/panfs/panasas01/phys/bf16951/QMD/ParallelDevelopment/Results/Oct_01/12_39/logs/NV-exp-method-sim__random-phase--probe__QMLA_23.qmd.8794620.log', port_number=6323, qid=23, remote=True) (201d1b55-654b-41b9-a5cd-809045bf1872)
12:44:35 23: RemoteModelLearning.learnModelRemote('xTi', 0.0, branchID=0, growth_generator='two_qubit_ising_rotation_hyperfine_transverse', host_name='node46-019', log_file='/panfs/panasas01/phys/bf16951/QMD/ParallelDevelopment/Results/Oct_01/12_39/logs/NV-exp-method-sim__random-phase--probe__QMLA_23.qmd.8794620.log', port_number=6323, qid=23, remote=True) (44b88a1c-0712-4a46-9f4b-15c6def5d2e7)
13:12:28 23: Job OK (e9f01143-4034-4669-b60c-bede9b7e5169)
13:12:28 Result will never expire, clean up result key manually
13:12:28 
13:12:28 *** Listening on 23...
13:12:55 23: Job OK (44b88a1c-0712-4a46-9f4b-15c6def5d2e7)
13:12:55 Result will never expire, clean up result key manually
13:12:55 
13:12:55 *** Listening on 23...
13:23:02 23: Job OK (201d1b55-654b-41b9-a5cd-809045bf1872)
13:23:02 Result will never expire, clean up result key manually
13:23:02 
13:23:02 *** Listening on 23...
13:23:02 23: RemoteBayesFactor.BayesFactorRemote(bayes_threshold=100, bf_data_folder='/panfs/panasas01/phys/bf16951/QMD/ParallelDevelopment/Results/Oct_01/12_39/BayesFactorsTimeRecords/', branchID=0, host_name='node46-019', interbranch=False, log_file='/panfs/panasas01/phys/bf16951/QMD/ParallelDevelopment/Results/Oct_01/12_39/logs/NV-exp-method-sim__random-phase--probe__QMLA_23.qmd.8794620.log', model_a_id=0, model_b_id=1, num_times_to_use=750, port_number=6323, qid=23, times_record='/panfs/panasas01/phys/bf16951/QMD/ParallelDevelopment/Results/Oct_01/12_39/BayesFactorsTimeRecords/BayesFactorsPairsTimes_023.txt', trueModel='xTiPPyTiPPzTiPPzTz') (1c00b3aa-b6cd-4a75-85dc-be617ea2fad6)
13:23:02 23: RemoteBayesFactor.BayesFactorRemote(bayes_threshold=100, bf_data_folder='/panfs/panasas01/phys/bf16951/QMD/ParallelDevelopment/Results/Oct_01/12_39/BayesFactorsTimeRecords/', branchID=0, host_name='node46-019', interbranch=False, log_file='/panfs/panasas01/phys/bf16951/QMD/ParallelDevelopment/Results/Oct_01/12_39/logs/NV-exp-method-sim__random-phase--probe__QMLA_23.qmd.8794620.log', model_a_id=0, model_b_id=2, num_times_to_use=750, port_number=6323, qid=23, times_record='/panfs/panasas01/phys/bf16951/QMD/ParallelDevelopment/Results/Oct_01/12_39/BayesFactorsTimeRecords/BayesFactorsPairsTimes_023.txt', trueModel='xTiPPyTiPPzTiPPzTz') (76346582-d322-40b1-8375-9b9bbfc9976e)
13:23:02 23: RemoteBayesFactor.BayesFactorRemote(bayes_threshold=100, bf_data_folder='/panfs/panasas01/phys/bf16951/QMD/ParallelDevelopment/Results/Oct_01/12_39/BayesFactorsTimeRecords/', branchID=0, host_name='node46-019', interbranch=False, log_file='/panfs/panasas01/phys/bf16951/QMD/ParallelDevelopment/Results/Oct_01/12_39/logs/NV-exp-method-sim__random-phase--probe__QMLA_23.qmd.8794620.log', model_a_id=1, model_b_id=2, num_times_to_use=750, port_number=6323, qid=23, times_record='/panfs/panasas01/phys/bf16951/QMD/ParallelDevelopment/Results/Oct_01/12_39/BayesFactorsTimeRecords/BayesFactorsPairsTimes_023.txt', trueModel='xTiPPyTiPPzTiPPzTz') (6d2edcae-162d-456d-b031-62061ba8d60e)
14:37:35 23: Job OK (1c00b3aa-b6cd-4a75-85dc-be617ea2fad6)
14:37:35 Result will never expire, clean up result key manually
14:37:35 Cleaning registries for queue: 23
14:37:35 
14:37:35 *** Listening on 23...
14:50:44 23: Job OK (6d2edcae-162d-456d-b031-62061ba8d60e)
14:50:44 Result will never expire, clean up result key manually
14:50:44 Cleaning registries for queue: 23
14:50:44 
14:50:44 *** Listening on 23...
14:55:24 23: Job OK (76346582-d322-40b1-8375-9b9bbfc9976e)
14:55:24 Result will never expire, clean up result key manually
14:55:24 Cleaning registries for queue: 23
14:55:24 
14:55:24 *** Listening on 23...
14:55:24 23: RemoteModelLearning.learnModelRemote('yTiPPzTi', 3.0, branchID=1, growth_generator='two_qubit_ising_rotation_hyperfine_transverse', host_name='node46-019', log_file='/panfs/panasas01/phys/bf16951/QMD/ParallelDevelopment/Results/Oct_01/12_39/logs/NV-exp-method-sim__random-phase--probe__QMLA_23.qmd.8794620.log', port_number=6323, qid=23, remote=True) (da4ae30a-d8de-496e-8d02-f71499da099f)
14:55:24 23: RemoteModelLearning.learnModelRemote('xTiPPzTi', 4.0, branchID=1, growth_generator='two_qubit_ising_rotation_hyperfine_transverse', host_name='node46-019', log_file='/panfs/panasas01/phys/bf16951/QMD/ParallelDevelopment/Results/Oct_01/12_39/logs/NV-exp-method-sim__random-phase--probe__QMLA_23.qmd.8794620.log', port_number=6323, qid=23, remote=True) (1e2d7d5f-c676-44ee-a61a-2f7f46104cb5)
15:32:48 23: Job OK (1e2d7d5f-c676-44ee-a61a-2f7f46104cb5)
15:32:48 Result will never expire, clean up result key manually
15:32:48 Cleaning registries for queue: 23
15:32:48 
15:32:48 *** Listening on 23...
15:33:52 23: Job OK (da4ae30a-d8de-496e-8d02-f71499da099f)
15:33:52 Result will never expire, clean up result key manually
15:33:52 
15:33:52 *** Listening on 23...
15:33:53 23: RemoteBayesFactor.BayesFactorRemote(bayes_threshold=100, bf_data_folder='/panfs/panasas01/phys/bf16951/QMD/ParallelDevelopment/Results/Oct_01/12_39/BayesFactorsTimeRecords/', branchID=1, host_name='node46-019', interbranch=False, log_file='/panfs/panasas01/phys/bf16951/QMD/ParallelDevelopment/Results/Oct_01/12_39/logs/NV-exp-method-sim__random-phase--probe__QMLA_23.qmd.8794620.log', model_a_id=3, model_b_id=4, num_times_to_use=750, port_number=6323, qid=23, times_record='/panfs/panasas01/phys/bf16951/QMD/ParallelDevelopment/Results/Oct_01/12_39/BayesFactorsTimeRecords/BayesFactorsPairsTimes_023.txt', trueModel='xTiPPyTiPPzTiPPzTz') (0dfbc86b-37c9-4654-a8b3-771f40250478)
16:28:29 23: Job OK (0dfbc86b-37c9-4654-a8b3-771f40250478)
16:28:29 Result will never expire, clean up result key manually
16:28:29 Cleaning registries for queue: 23
16:28:29 
16:28:29 *** Listening on 23...
16:28:29 23: RemoteModelLearning.learnModelRemote('xTiPPyTiPPzTi', 5.0, branchID=2, growth_generator='two_qubit_ising_rotation_hyperfine_transverse', host_name='node46-019', log_file='/panfs/panasas01/phys/bf16951/QMD/ParallelDevelopment/Results/Oct_01/12_39/logs/NV-exp-method-sim__random-phase--probe__QMLA_23.qmd.8794620.log', port_number=6323, qid=23, remote=True) (26d2b956-2af9-434d-b53a-a3b4967ad4ab)
17:10:25 23: Job OK (26d2b956-2af9-434d-b53a-a3b4967ad4ab)
17:10:25 Result will never expire, clean up result key manually
17:10:25 Cleaning registries for queue: 23
17:10:25 
17:10:25 *** Listening on 23...
17:10:25 23: RemoteModelLearning.learnModelRemote('xTiPPxTxPPyTiPPzTi', 6.0, branchID=3, growth_generator='two_qubit_ising_rotation_hyperfine_transverse', host_name='node46-019', log_file='/panfs/panasas01/phys/bf16951/QMD/ParallelDevelopment/Results/Oct_01/12_39/logs/NV-exp-method-sim__random-phase--probe__QMLA_23.qmd.8794620.log', port_number=6323, qid=23, remote=True) (781c3f13-ab89-4d06-b4e4-ab254811a83d)
17:10:25 23: RemoteModelLearning.learnModelRemote('xTiPPyTiPPyTyPPzTi', 8.0, branchID=3, growth_generator='two_qubit_ising_rotation_hyperfine_transverse', host_name='node46-019', log_file='/panfs/panasas01/phys/bf16951/QMD/ParallelDevelopment/Results/Oct_01/12_39/logs/NV-exp-method-sim__random-phase--probe__QMLA_23.qmd.8794620.log', port_number=6323, qid=23, remote=True) (2f029aa6-481e-4bd5-8ae6-d599034d5e29)
17:10:25 23: RemoteModelLearning.learnModelRemote('xTiPPyTiPPzTiPPzTz', 7.0, branchID=3, growth_generator='two_qubit_ising_rotation_hyperfine_transverse', host_name='node46-019', log_file='/panfs/panasas01/phys/bf16951/QMD/ParallelDevelopment/Results/Oct_01/12_39/logs/NV-exp-method-sim__random-phase--probe__QMLA_23.qmd.8794620.log', port_number=6323, qid=23, remote=True) (031c4f9c-9e44-4c91-8f1a-142e3a750a82)
17:44:06 23: Job OK (781c3f13-ab89-4d06-b4e4-ab254811a83d)
17:44:06 Result will never expire, clean up result key manually
17:44:06 Cleaning registries for queue: 23
17:44:06 
17:44:06 *** Listening on 23...
17:44:18 23: Job OK (2f029aa6-481e-4bd5-8ae6-d599034d5e29)
17:44:18 Result will never expire, clean up result key manually
17:44:18 Cleaning registries for queue: 23
17:44:18 
17:44:18 *** Listening on 23...
17:45:22 23: Job OK (031c4f9c-9e44-4c91-8f1a-142e3a750a82)
17:45:22 Result will never expire, clean up result key manually
17:45:22 Cleaning registries for queue: 23
17:45:22 
17:45:22 *** Listening on 23...
17:45:23 23: RemoteBayesFactor.BayesFactorRemote(bayes_threshold=100, bf_data_folder='/panfs/panasas01/phys/bf16951/QMD/ParallelDevelopment/Results/Oct_01/12_39/BayesFactorsTimeRecords/', branchID=3, host_name='node46-019', interbranch=False, log_file='/panfs/panasas01/phys/bf16951/QMD/ParallelDevelopment/Results/Oct_01/12_39/logs/NV-exp-method-sim__random-phase--probe__QMLA_23.qmd.8794620.log', model_a_id=6, model_b_id=7, num_times_to_use=750, port_number=6323, qid=23, times_record='/panfs/panasas01/phys/bf16951/QMD/ParallelDevelopment/Results/Oct_01/12_39/BayesFactorsTimeRecords/BayesFactorsPairsTimes_023.txt', trueModel='xTiPPyTiPPzTiPPzTz') (7bdc03a6-3ce7-46e2-8693-f7aa156a7676)
17:45:23 23: RemoteBayesFactor.BayesFactorRemote(bayes_threshold=100, bf_data_folder='/panfs/panasas01/phys/bf16951/QMD/ParallelDevelopment/Results/Oct_01/12_39/BayesFactorsTimeRecords/', branchID=3, host_name='node46-019', interbranch=False, log_file='/panfs/panasas01/phys/bf16951/QMD/ParallelDevelopment/Results/Oct_01/12_39/logs/NV-exp-method-sim__random-phase--probe__QMLA_23.qmd.8794620.log', model_a_id=6, model_b_id=8, num_times_to_use=750, port_number=6323, qid=23, times_record='/panfs/panasas01/phys/bf16951/QMD/ParallelDevelopment/Results/Oct_01/12_39/BayesFactorsTimeRecords/BayesFactorsPairsTimes_023.txt', trueModel='xTiPPyTiPPzTiPPzTz') (79cd6e22-45e9-4b06-b866-ff3b9c21cd16)
17:45:23 23: RemoteBayesFactor.BayesFactorRemote(bayes_threshold=100, bf_data_folder='/panfs/panasas01/phys/bf16951/QMD/ParallelDevelopment/Results/Oct_01/12_39/BayesFactorsTimeRecords/', branchID=3, host_name='node46-019', interbranch=False, log_file='/panfs/panasas01/phys/bf16951/QMD/ParallelDevelopment/Results/Oct_01/12_39/logs/NV-exp-method-sim__random-phase--probe__QMLA_23.qmd.8794620.log', model_a_id=7, model_b_id=8, num_times_to_use=750, port_number=6323, qid=23, times_record='/panfs/panasas01/phys/bf16951/QMD/ParallelDevelopment/Results/Oct_01/12_39/BayesFactorsTimeRecords/BayesFactorsPairsTimes_023.txt', trueModel='xTiPPyTiPPzTiPPzTz') (4c427db5-3981-468e-b5b9-2011bb842c6d)
18:48:44 23: Job OK (79cd6e22-45e9-4b06-b866-ff3b9c21cd16)
18:48:44 Result will never expire, clean up result key manually
18:48:44 Cleaning registries for queue: 23
18:48:44 
18:48:44 *** Listening on 23...
18:48:50 23: Job OK (4c427db5-3981-468e-b5b9-2011bb842c6d)
18:48:50 Result will never expire, clean up result key manually
18:48:50 Cleaning registries for queue: 23
18:48:50 
18:48:50 *** Listening on 23...
18:48:53 23: Job OK (7bdc03a6-3ce7-46e2-8693-f7aa156a7676)
18:48:53 Result will never expire, clean up result key manually
18:48:53 Cleaning registries for queue: 23
18:48:53 
18:48:53 *** Listening on 23...
18:48:53 23: RemoteModelLearning.learnModelRemote('xTiPPyTiPPyTyPPzTiPPzTz', 9.0, branchID=4, growth_generator='two_qubit_ising_rotation_hyperfine_transverse', host_name='node46-019', log_file='/panfs/panasas01/phys/bf16951/QMD/ParallelDevelopment/Results/Oct_01/12_39/logs/NV-exp-method-sim__random-phase--probe__QMLA_23.qmd.8794620.log', port_number=6323, qid=23, remote=True) (27021825-aee4-4b87-902f-66ba63b5313b)
18:48:53 23: RemoteModelLearning.learnModelRemote('xTiPPxTxPPyTiPPzTiPPzTz', 10.0, branchID=4, growth_generator='two_qubit_ising_rotation_hyperfine_transverse', host_name='node46-019', log_file='/panfs/panasas01/phys/bf16951/QMD/ParallelDevelopment/Results/Oct_01/12_39/logs/NV-exp-method-sim__random-phase--probe__QMLA_23.qmd.8794620.log', port_number=6323, qid=23, remote=True) (54305ae1-2a8e-43d0-8e47-1a00751013e9)
19:14:19 23: Job OK (27021825-aee4-4b87-902f-66ba63b5313b)
19:14:19 Result will never expire, clean up result key manually
19:14:19 Cleaning registries for queue: 23
19:14:19 
19:14:19 *** Listening on 23...
19:15:01 23: Job OK (54305ae1-2a8e-43d0-8e47-1a00751013e9)
19:15:01 Result will never expire, clean up result key manually
19:15:01 Cleaning registries for queue: 23
19:15:01 
19:15:01 *** Listening on 23...
19:15:02 23: RemoteBayesFactor.BayesFactorRemote(bayes_threshold=100, bf_data_folder='/panfs/panasas01/phys/bf16951/QMD/ParallelDevelopment/Results/Oct_01/12_39/BayesFactorsTimeRecords/', branchID=4, host_name='node46-019', interbranch=False, log_file='/panfs/panasas01/phys/bf16951/QMD/ParallelDevelopment/Results/Oct_01/12_39/logs/NV-exp-method-sim__random-phase--probe__QMLA_23.qmd.8794620.log', model_a_id=9, model_b_id=10, num_times_to_use=750, port_number=6323, qid=23, times_record='/panfs/panasas01/phys/bf16951/QMD/ParallelDevelopment/Results/Oct_01/12_39/BayesFactorsTimeRecords/BayesFactorsPairsTimes_023.txt', trueModel='xTiPPyTiPPzTiPPzTz') (86168712-5623-46ea-9d7f-2f5a3dd843c3)
20:13:26 23: Job OK (86168712-5623-46ea-9d7f-2f5a3dd843c3)
20:13:26 Result will never expire, clean up result key manually
20:13:26 Cleaning registries for queue: 23
20:13:26 
20:13:26 *** Listening on 23...
20:13:26 23: RemoteModelLearning.learnModelRemote('xTiPPxTxPPyTiPPyTyPPzTiPPzTz', 11.0, branchID=5, growth_generator='two_qubit_ising_rotation_hyperfine_transverse', host_name='node46-019', log_file='/panfs/panasas01/phys/bf16951/QMD/ParallelDevelopment/Results/Oct_01/12_39/logs/NV-exp-method-sim__random-phase--probe__QMLA_23.qmd.8794620.log', port_number=6323, qid=23, remote=True) (2f2f96cd-8d24-436c-a7ca-8a2db46e7a1a)
20:39:06 23: Job OK (2f2f96cd-8d24-436c-a7ca-8a2db46e7a1a)
20:39:06 Result will never expire, clean up result key manually
20:39:06 Cleaning registries for queue: 23
20:39:06 
20:39:06 *** Listening on 23...
20:39:06 23: RemoteModelLearning.learnModelRemote('xTiPPxTxPPxTzPPyTiPPyTyPPzTiPPzTz', 13.0, branchID=6, growth_generator='two_qubit_ising_rotation_hyperfine_transverse', host_name='node46-019', log_file='/panfs/panasas01/phys/bf16951/QMD/ParallelDevelopment/Results/Oct_01/12_39/logs/NV-exp-method-sim__random-phase--probe__QMLA_23.qmd.8794620.log', port_number=6323, qid=23, remote=True) (b7ac0c0b-e0b4-42a3-a06a-cd83ca399f0e)
20:39:06 23: RemoteModelLearning.learnModelRemote('xTiPPxTxPPyTiPPyTyPPyTzPPzTiPPzTz', 12.0, branchID=6, growth_generator='two_qubit_ising_rotation_hyperfine_transverse', host_name='node46-019', log_file='/panfs/panasas01/phys/bf16951/QMD/ParallelDevelopment/Results/Oct_01/12_39/logs/NV-exp-method-sim__random-phase--probe__QMLA_23.qmd.8794620.log', port_number=6323, qid=23, remote=True) (2f999853-a55e-4359-b051-7e0d16f3d0f1)
20:39:06 23: RemoteModelLearning.learnModelRemote('xTiPPxTxPPxTyPPyTiPPyTyPPzTiPPzTz', 14.0, branchID=6, growth_generator='two_qubit_ising_rotation_hyperfine_transverse', host_name='node46-019', log_file='/panfs/panasas01/phys/bf16951/QMD/ParallelDevelopment/Results/Oct_01/12_39/logs/NV-exp-method-sim__random-phase--probe__QMLA_23.qmd.8794620.log', port_number=6323, qid=23, remote=True) (61e89d7c-6d79-43aa-925a-41b147f417d3)
21:13:00 23: Job OK (61e89d7c-6d79-43aa-925a-41b147f417d3)
21:13:00 Result will never expire, clean up result key manually
21:13:00 Cleaning registries for queue: 23
21:13:00 
21:13:00 *** Listening on 23...
21:13:17 23: Job OK (2f999853-a55e-4359-b051-7e0d16f3d0f1)
21:13:17 Result will never expire, clean up result key manually
21:13:17 Cleaning registries for queue: 23
21:13:17 
21:13:17 *** Listening on 23...
21:13:35 23: Job OK (b7ac0c0b-e0b4-42a3-a06a-cd83ca399f0e)
21:13:35 Result will never expire, clean up result key manually
21:13:35 Cleaning registries for queue: 23
21:13:35 
21:13:35 *** Listening on 23...
21:13:36 23: RemoteBayesFactor.BayesFactorRemote(bayes_threshold=100, bf_data_folder='/panfs/panasas01/phys/bf16951/QMD/ParallelDevelopment/Results/Oct_01/12_39/BayesFactorsTimeRecords/', branchID=6, host_name='node46-019', interbranch=False, log_file='/panfs/panasas01/phys/bf16951/QMD/ParallelDevelopment/Results/Oct_01/12_39/logs/NV-exp-method-sim__random-phase--probe__QMLA_23.qmd.8794620.log', model_a_id=12, model_b_id=13, num_times_to_use=750, port_number=6323, qid=23, times_record='/panfs/panasas01/phys/bf16951/QMD/ParallelDevelopment/Results/Oct_01/12_39/BayesFactorsTimeRecords/BayesFactorsPairsTimes_023.txt', trueModel='xTiPPyTiPPzTiPPzTz') (a80482db-61ae-4dcb-bbd2-b7fd5fa3b594)
21:13:36 23: RemoteBayesFactor.BayesFactorRemote(bayes_threshold=100, bf_data_folder='/panfs/panasas01/phys/bf16951/QMD/ParallelDevelopment/Results/Oct_01/12_39/BayesFactorsTimeRecords/', branchID=6, host_name='node46-019', interbranch=False, log_file='/panfs/panasas01/phys/bf16951/QMD/ParallelDevelopment/Results/Oct_01/12_39/logs/NV-exp-method-sim__random-phase--probe__QMLA_23.qmd.8794620.log', model_a_id=12, model_b_id=14, num_times_to_use=750, port_number=6323, qid=23, times_record='/panfs/panasas01/phys/bf16951/QMD/ParallelDevelopment/Results/Oct_01/12_39/BayesFactorsTimeRecords/BayesFactorsPairsTimes_023.txt', trueModel='xTiPPyTiPPzTiPPzTz') (c13c94e1-6e77-4b67-b3ae-9f0a9ae26a1e)
21:13:36 23: RemoteBayesFactor.BayesFactorRemote(bayes_threshold=100, bf_data_folder='/panfs/panasas01/phys/bf16951/QMD/ParallelDevelopment/Results/Oct_01/12_39/BayesFactorsTimeRecords/', branchID=6, host_name='node46-019', interbranch=False, log_file='/panfs/panasas01/phys/bf16951/QMD/ParallelDevelopment/Results/Oct_01/12_39/logs/NV-exp-method-sim__random-phase--probe__QMLA_23.qmd.8794620.log', model_a_id=13, model_b_id=14, num_times_to_use=750, port_number=6323, qid=23, times_record='/panfs/panasas01/phys/bf16951/QMD/ParallelDevelopment/Results/Oct_01/12_39/BayesFactorsTimeRecords/BayesFactorsPairsTimes_023.txt', trueModel='xTiPPyTiPPzTiPPzTz') (af70f71e-b8d7-4d3f-ac09-63c8b28de251)
22:15:18 23: Job OK (a80482db-61ae-4dcb-bbd2-b7fd5fa3b594)
22:15:18 Result will never expire, clean up result key manually
22:15:18 Cleaning registries for queue: 23
22:15:18 
22:15:18 *** Listening on 23...
22:15:36 23: Job OK (af70f71e-b8d7-4d3f-ac09-63c8b28de251)
22:15:36 Result will never expire, clean up result key manually
22:15:36 Cleaning registries for queue: 23
22:15:36 
22:15:36 *** Listening on 23...
22:17:41 23: Job OK (c13c94e1-6e77-4b67-b3ae-9f0a9ae26a1e)
22:17:41 Result will never expire, clean up result key manually
22:17:41 Cleaning registries for queue: 23
22:17:41 
22:17:41 *** Listening on 23...
22:17:41 23: RemoteModelLearning.learnModelRemote('xTiPPxTxPPxTyPPyTiPPyTyPPyTzPPzTiPPzTz', 15.0, branchID=7, growth_generator='two_qubit_ising_rotation_hyperfine_transverse', host_name='node46-019', log_file='/panfs/panasas01/phys/bf16951/QMD/ParallelDevelopment/Results/Oct_01/12_39/logs/NV-exp-method-sim__random-phase--probe__QMLA_23.qmd.8794620.log', port_number=6323, qid=23, remote=True) (32c00479-9695-47ff-84dd-9a792cd0a1f0)
22:17:41 23: RemoteModelLearning.learnModelRemote('xTiPPxTxPPxTzPPyTiPPyTyPPyTzPPzTiPPzTz', 16.0, branchID=7, growth_generator='two_qubit_ising_rotation_hyperfine_transverse', host_name='node46-019', log_file='/panfs/panasas01/phys/bf16951/QMD/ParallelDevelopment/Results/Oct_01/12_39/logs/NV-exp-method-sim__random-phase--probe__QMLA_23.qmd.8794620.log', port_number=6323, qid=23, remote=True) (2a1cabac-9423-439a-a33c-0f01a7448aae)
22:43:11 23: Job OK (32c00479-9695-47ff-84dd-9a792cd0a1f0)
22:43:11 Result will never expire, clean up result key manually
22:43:11 Cleaning registries for queue: 23
22:43:11 
22:43:11 *** Listening on 23...
22:44:41 23: Job OK (2a1cabac-9423-439a-a33c-0f01a7448aae)
22:44:41 Result will never expire, clean up result key manually
22:44:41 Cleaning registries for queue: 23
22:44:41 
22:44:41 *** Listening on 23...
22:44:41 23: RemoteBayesFactor.BayesFactorRemote(bayes_threshold=100, bf_data_folder='/panfs/panasas01/phys/bf16951/QMD/ParallelDevelopment/Results/Oct_01/12_39/BayesFactorsTimeRecords/', branchID=7, host_name='node46-019', interbranch=False, log_file='/panfs/panasas01/phys/bf16951/QMD/ParallelDevelopment/Results/Oct_01/12_39/logs/NV-exp-method-sim__random-phase--probe__QMLA_23.qmd.8794620.log', model_a_id=15, model_b_id=16, num_times_to_use=750, port_number=6323, qid=23, times_record='/panfs/panasas01/phys/bf16951/QMD/ParallelDevelopment/Results/Oct_01/12_39/BayesFactorsTimeRecords/BayesFactorsPairsTimes_023.txt', trueModel='xTiPPyTiPPzTiPPzTz') (feefe1d5-ab83-45af-b316-bd5531242d8f)
23:39:37 23: Job OK (feefe1d5-ab83-45af-b316-bd5531242d8f)
23:39:37 Result will never expire, clean up result key manually
23:39:37 Cleaning registries for queue: 23
23:39:37 
23:39:37 *** Listening on 23...
23:39:37 23: RemoteModelLearning.learnModelRemote('xTiPPxTxPPxTyPPxTzPPyTiPPyTyPPyTzPPzTiPPzTz', 17.0, branchID=8, growth_generator='two_qubit_ising_rotation_hyperfine_transverse', host_name='node46-019', log_file='/panfs/panasas01/phys/bf16951/QMD/ParallelDevelopment/Results/Oct_01/12_39/logs/NV-exp-method-sim__random-phase--probe__QMLA_23.qmd.8794620.log', port_number=6323, qid=23, remote=True) (5792eef8-5724-4a60-ae5b-215bdf749870)
00:12:47 23: Job OK (5792eef8-5724-4a60-ae5b-215bdf749870)
00:12:47 Result will never expire, clean up result key manually
00:12:47 Cleaning registries for queue: 23
00:12:47 23: RemoteBayesFactor.BayesFactorRemote(bayes_threshold=100, bf_data_folder='/panfs/panasas01/phys/bf16951/QMD/ParallelDevelopment/Results/Oct_01/12_39/BayesFactorsTimeRecords/', branchID=None, host_name='node46-019', interbranch=True, log_file='/panfs/panasas01/phys/bf16951/QMD/ParallelDevelopment/Results/Oct_01/12_39/logs/NV-exp-method-sim__random-phase--probe__QMLA_23.qmd.8794620.log', model_a_id=4, model_b_id=5, num_times_to_use=750, port_number=6323, qid=23, times_record='/panfs/panasas01/phys/bf16951/QMD/ParallelDevelopment/Results/Oct_01/12_39/BayesFactorsTimeRecords/BayesFactorsPairsTimes_023.txt', trueModel='xTiPPyTiPPzTiPPzTz') (a0a6d9b8-ae06-48fb-a396-b0d17cacef9b)
00:12:47 
00:12:47 *** Listening on 23...
00:12:47 23: RemoteBayesFactor.BayesFactorRemote(bayes_threshold=100, bf_data_folder='/panfs/panasas01/phys/bf16951/QMD/ParallelDevelopment/Results/Oct_01/12_39/BayesFactorsTimeRecords/', branchID=None, host_name='node46-019', interbranch=True, log_file='/panfs/panasas01/phys/bf16951/QMD/ParallelDevelopment/Results/Oct_01/12_39/logs/NV-exp-method-sim__random-phase--probe__QMLA_23.qmd.8794620.log', model_a_id=2, model_b_id=4, num_times_to_use=750, port_number=6323, qid=23, times_record='/panfs/panasas01/phys/bf16951/QMD/ParallelDevelopment/Results/Oct_01/12_39/BayesFactorsTimeRecords/BayesFactorsPairsTimes_023.txt', trueModel='xTiPPyTiPPzTiPPzTz') (5636f1eb-8c94-4ad8-ae01-9c0a93dbbb0d)
00:12:47 23: RemoteBayesFactor.BayesFactorRemote(bayes_threshold=100, bf_data_folder='/panfs/panasas01/phys/bf16951/QMD/ParallelDevelopment/Results/Oct_01/12_39/BayesFactorsTimeRecords/', branchID=None, host_name='node46-019', interbranch=True, log_file='/panfs/panasas01/phys/bf16951/QMD/ParallelDevelopment/Results/Oct_01/12_39/logs/NV-exp-method-sim__random-phase--probe__QMLA_23.qmd.8794620.log', model_a_id=5, model_b_id=7, num_times_to_use=750, port_number=6323, qid=23, times_record='/panfs/panasas01/phys/bf16951/QMD/ParallelDevelopment/Results/Oct_01/12_39/BayesFactorsTimeRecords/BayesFactorsPairsTimes_023.txt', trueModel='xTiPPyTiPPzTiPPzTz') (1f962c8f-ff78-4705-806c-7df212500de4)
00:12:47 23: RemoteBayesFactor.BayesFactorRemote(bayes_threshold=100, bf_data_folder='/panfs/panasas01/phys/bf16951/QMD/ParallelDevelopment/Results/Oct_01/12_39/BayesFactorsTimeRecords/', branchID=None, host_name='node46-019', interbranch=True, log_file='/panfs/panasas01/phys/bf16951/QMD/ParallelDevelopment/Results/Oct_01/12_39/logs/NV-exp-method-sim__random-phase--probe__QMLA_23.qmd.8794620.log', model_a_id=11, model_b_id=12, num_times_to_use=750, port_number=6323, qid=23, times_record='/panfs/panasas01/phys/bf16951/QMD/ParallelDevelopment/Results/Oct_01/12_39/BayesFactorsTimeRecords/BayesFactorsPairsTimes_023.txt', trueModel='xTiPPyTiPPzTiPPzTz') (4e8e9808-192c-40f1-9fc0-77e09a21b716)
00:12:47 23: RemoteBayesFactor.BayesFactorRemote(bayes_threshold=100, bf_data_folder='/panfs/panasas01/phys/bf16951/QMD/ParallelDevelopment/Results/Oct_01/12_39/BayesFactorsTimeRecords/', branchID=None, host_name='node46-019', interbranch=True, log_file='/panfs/panasas01/phys/bf16951/QMD/ParallelDevelopment/Results/Oct_01/12_39/logs/NV-exp-method-sim__random-phase--probe__QMLA_23.qmd.8794620.log', model_a_id=7, model_b_id=9, num_times_to_use=750, port_number=6323, qid=23, times_record='/panfs/panasas01/phys/bf16951/QMD/ParallelDevelopment/Results/Oct_01/12_39/BayesFactorsTimeRecords/BayesFactorsPairsTimes_023.txt', trueModel='xTiPPyTiPPzTiPPzTz') (9b08a153-73ee-4965-bb38-3b25e834c544)
00:12:47 23: RemoteBayesFactor.BayesFactorRemote(bayes_threshold=100, bf_data_folder='/panfs/panasas01/phys/bf16951/QMD/ParallelDevelopment/Results/Oct_01/12_39/BayesFactorsTimeRecords/', branchID=None, host_name='node46-019', interbranch=True, log_file='/panfs/panasas01/phys/bf16951/QMD/ParallelDevelopment/Results/Oct_01/12_39/logs/NV-exp-method-sim__random-phase--probe__QMLA_23.qmd.8794620.log', model_a_id=9, model_b_id=11, num_times_to_use=750, port_number=6323, qid=23, times_record='/panfs/panasas01/phys/bf16951/QMD/ParallelDevelopment/Results/Oct_01/12_39/BayesFactorsTimeRecords/BayesFactorsPairsTimes_023.txt', trueModel='xTiPPyTiPPzTiPPzTz') (07404ef5-50bd-40f2-a3d7-23aad07e059f)
01:08:08 23: Job OK (07404ef5-50bd-40f2-a3d7-23aad07e059f)
01:08:08 Result will never expire, clean up result key manually
01:08:08 Cleaning registries for queue: 23
01:08:08 
01:08:08 *** Listening on 23...
01:08:08 23: RemoteBayesFactor.BayesFactorRemote(bayes_threshold=100, bf_data_folder='/panfs/panasas01/phys/bf16951/QMD/ParallelDevelopment/Results/Oct_01/12_39/BayesFactorsTimeRecords/', branchID=None, host_name='node46-019', interbranch=True, log_file='/panfs/panasas01/phys/bf16951/QMD/ParallelDevelopment/Results/Oct_01/12_39/logs/NV-exp-method-sim__random-phase--probe__QMLA_23.qmd.8794620.log', model_a_id=12, model_b_id=16, num_times_to_use=750, port_number=6323, qid=23, times_record='/panfs/panasas01/phys/bf16951/QMD/ParallelDevelopment/Results/Oct_01/12_39/BayesFactorsTimeRecords/BayesFactorsPairsTimes_023.txt', trueModel='xTiPPyTiPPzTiPPzTz') (2cde807b-56ae-46ba-a58f-092925bd4d72)
01:08:20 23: Job OK (4e8e9808-192c-40f1-9fc0-77e09a21b716)
01:08:20 Result will never expire, clean up result key manually
01:08:20 
01:08:20 *** Listening on 23...
01:08:20 23: RemoteBayesFactor.BayesFactorRemote(bayes_threshold=100, bf_data_folder='/panfs/panasas01/phys/bf16951/QMD/ParallelDevelopment/Results/Oct_01/12_39/BayesFactorsTimeRecords/', branchID=None, host_name='node46-019', interbranch=True, log_file='/panfs/panasas01/phys/bf16951/QMD/ParallelDevelopment/Results/Oct_01/12_39/logs/NV-exp-method-sim__random-phase--probe__QMLA_23.qmd.8794620.log', model_a_id=16, model_b_id=17, num_times_to_use=750, port_number=6323, qid=23, times_record='/panfs/panasas01/phys/bf16951/QMD/ParallelDevelopment/Results/Oct_01/12_39/BayesFactorsTimeRecords/BayesFactorsPairsTimes_023.txt', trueModel='xTiPPyTiPPzTiPPzTz') (d0b090da-57c9-4963-ad58-f61b6a8d32ce)
01:09:31 23: Job OK (9b08a153-73ee-4965-bb38-3b25e834c544)
01:09:31 Result will never expire, clean up result key manually
01:09:31 Cleaning registries for queue: 23
01:09:31 
01:09:31 *** Listening on 23...
01:09:51 23: Job OK (1f962c8f-ff78-4705-806c-7df212500de4)
01:09:51 Result will never expire, clean up result key manually
01:09:51 Cleaning registries for queue: 23
01:09:51 
01:09:51 *** Listening on 23...
01:10:04 23: Job OK (a0a6d9b8-ae06-48fb-a396-b0d17cacef9b)
01:10:04 Result will never expire, clean up result key manually
01:10:04 Cleaning registries for queue: 23
01:10:04 
01:10:04 *** Listening on 23...
01:18:20 23: Job OK (5636f1eb-8c94-4ad8-ae01-9c0a93dbbb0d)
01:18:20 Result will never expire, clean up result key manually
01:18:20 Cleaning registries for queue: 23
01:18:20 
01:18:20 *** Listening on 23...
02:04:36 23: Job OK (2cde807b-56ae-46ba-a58f-092925bd4d72)
02:04:36 Result will never expire, clean up result key manually
02:04:36 
02:04:36 *** Listening on 23...
02:04:40 23: Job OK (d0b090da-57c9-4963-ad58-f61b6a8d32ce)
02:04:40 Result will never expire, clean up result key manually
02:04:40 Cleaning registries for queue: 23
02:04:40 
02:04:40 *** Listening on 23...
02:04:40 23: RemoteBayesFactor.BayesFactorRemote(bayes_threshold=100, bf_data_folder='/panfs/panasas01/phys/bf16951/QMD/ParallelDevelopment/Results/Oct_01/12_39/BayesFactorsTimeRecords/', branchID=9, host_name='node46-019', interbranch=False, log_file='/panfs/panasas01/phys/bf16951/QMD/ParallelDevelopment/Results/Oct_01/12_39/logs/NV-exp-method-sim__random-phase--probe__QMLA_23.qmd.8794620.log', model_a_id=17.0, model_b_id=4.0, num_times_to_use=750, port_number=6323, qid=23, times_record='/panfs/panasas01/phys/bf16951/QMD/ParallelDevelopment/Results/Oct_01/12_39/BayesFactorsTimeRecords/BayesFactorsPairsTimes_023.txt', trueModel='xTiPPyTiPPzTiPPzTz') (0f871699-69a8-4a75-a503-8ee31d06b4cc)
02:04:40 23: RemoteBayesFactor.BayesFactorRemote(bayes_threshold=100, bf_data_folder='/panfs/panasas01/phys/bf16951/QMD/ParallelDevelopment/Results/Oct_01/12_39/BayesFactorsTimeRecords/', branchID=9, host_name='node46-019', interbranch=False, log_file='/panfs/panasas01/phys/bf16951/QMD/ParallelDevelopment/Results/Oct_01/12_39/logs/NV-exp-method-sim__random-phase--probe__QMLA_23.qmd.8794620.log', model_a_id=17.0, model_b_id=7.0, num_times_to_use=750, port_number=6323, qid=23, times_record='/panfs/panasas01/phys/bf16951/QMD/ParallelDevelopment/Results/Oct_01/12_39/BayesFactorsTimeRecords/BayesFactorsPairsTimes_023.txt', trueModel='xTiPPyTiPPzTiPPzTz') (32ea38f7-1590-432c-abbd-1e18b9e7f8eb)
02:04:40 23: RemoteBayesFactor.BayesFactorRemote(bayes_threshold=100, bf_data_folder='/panfs/panasas01/phys/bf16951/QMD/ParallelDevelopment/Results/Oct_01/12_39/BayesFactorsTimeRecords/', branchID=9, host_name='node46-019', interbranch=False, log_file='/panfs/panasas01/phys/bf16951/QMD/ParallelDevelopment/Results/Oct_01/12_39/logs/NV-exp-method-sim__random-phase--probe__QMLA_23.qmd.8794620.log', model_a_id=16.0, model_b_id=4.0, num_times_to_use=750, port_number=6323, qid=23, times_record='/panfs/panasas01/phys/bf16951/QMD/ParallelDevelopment/Results/Oct_01/12_39/BayesFactorsTimeRecords/BayesFactorsPairsTimes_023.txt', trueModel='xTiPPyTiPPzTiPPzTz') (b089f9f1-9881-4c03-b5bc-ae8575e9e02a)
02:04:40 23: RemoteBayesFactor.BayesFactorRemote(bayes_threshold=100, bf_data_folder='/panfs/panasas01/phys/bf16951/QMD/ParallelDevelopment/Results/Oct_01/12_39/BayesFactorsTimeRecords/', branchID=9, host_name='node46-019', interbranch=False, log_file='/panfs/panasas01/phys/bf16951/QMD/ParallelDevelopment/Results/Oct_01/12_39/logs/NV-exp-method-sim__random-phase--probe__QMLA_23.qmd.8794620.log', model_a_id=16.0, model_b_id=7.0, num_times_to_use=750, port_number=6323, qid=23, times_record='/panfs/panasas01/phys/bf16951/QMD/ParallelDevelopment/Results/Oct_01/12_39/BayesFactorsTimeRecords/BayesFactorsPairsTimes_023.txt', trueModel='xTiPPyTiPPzTiPPzTz') (8a2919e1-f647-4864-b1db-4cfd0a583258)
02:04:40 23: RemoteBayesFactor.BayesFactorRemote(bayes_threshold=100, bf_data_folder='/panfs/panasas01/phys/bf16951/QMD/ParallelDevelopment/Results/Oct_01/12_39/BayesFactorsTimeRecords/', branchID=9, host_name='node46-019', interbranch=False, log_file='/panfs/panasas01/phys/bf16951/QMD/ParallelDevelopment/Results/Oct_01/12_39/logs/NV-exp-method-sim__random-phase--probe__QMLA_23.qmd.8794620.log', model_a_id=4.0, model_b_id=7.0, num_times_to_use=750, port_number=6323, qid=23, times_record='/panfs/panasas01/phys/bf16951/QMD/ParallelDevelopment/Results/Oct_01/12_39/BayesFactorsTimeRecords/BayesFactorsPairsTimes_023.txt', trueModel='xTiPPyTiPPzTiPPzTz') (b984417b-59e2-49a5-a493-e66476e28781)
02:57:59 23: Job OK (b984417b-59e2-49a5-a493-e66476e28781)
02:57:59 Result will never expire, clean up result key manually
02:57:59 Cleaning registries for queue: 23
02:57:59 
02:57:59 *** Listening on 23...
02:58:00 23: Job OK (b089f9f1-9881-4c03-b5bc-ae8575e9e02a)
02:58:00 Result will never expire, clean up result key manually
02:58:00 Cleaning registries for queue: 23
02:58:00 
02:58:00 *** Listening on 23...
02:58:11 23: Job OK (0f871699-69a8-4a75-a503-8ee31d06b4cc)
02:58:11 Result will never expire, clean up result key manually
02:58:11 Cleaning registries for queue: 23
02:58:11 
02:58:11 *** Listening on 23...
02:58:28 23: Job OK (32ea38f7-1590-432c-abbd-1e18b9e7f8eb)
02:58:28 Result will never expire, clean up result key manually
02:58:28 Cleaning registries for queue: 23
02:58:28 
02:58:28 *** Listening on 23...
02:58:42 23: Job OK (8a2919e1-f647-4864-b1db-4cfd0a583258)
02:58:42 Result will never expire, clean up result key manually
02:58:42 Cleaning registries for queue: 23
02:58:42 
02:58:42 *** Listening on 23...
Error 111 connecting to node46-019:6323. Connection refused.
Error 111 connecting to node46-019:6323. Connection refused.
Error 111 connecting to node46-019:6323. Connection refused.
Error 111 connecting to node46-019:6323. Connection refused.
Error 111 connecting to node46-019:6323. Connection refused.
Error 111 connecting to node46-019:6323. Connection refused.
