12:48:53 RQ worker 'rq:worker:node34-025.35411' started, version 0.8.1
12:48:53 RQ worker 'rq:worker:node34-025.35410' started, version 0.8.1
12:48:53 RQ worker 'rq:worker:node34-025.35409' started, version 0.8.1
12:48:53 RQ worker 'rq:worker:node34-025.35407' started, version 0.8.1
12:48:53 RQ worker 'rq:worker:node34-025.35408' started, version 0.8.1
12:48:53 Cleaning registries for queue: 46
12:48:53 Cleaning registries for queue: 46
12:48:53 Cleaning registries for queue: 46
12:48:53 Cleaning registries for queue: 46
12:48:53 Cleaning registries for queue: 46
12:48:53 
12:48:53 
12:48:53 *** Listening on 46...
12:48:53 *** Listening on 46...
12:48:53 
12:48:53 
12:48:53 
12:48:53 *** Listening on 46...
12:48:53 *** Listening on 46...
12:48:53 *** Listening on 46...
12:48:53 RQ worker 'rq:worker:node34-025.35406' started, version 0.8.1
12:48:53 Cleaning registries for queue: 46
12:48:53 
12:48:53 *** Listening on 46...
12:49:05 46: RemoteModelLearning.learnModelRemote('xTi', 0.0, branchID=0, growth_generator='two_qubit_ising_rotation_hyperfine_transverse', host_name='node34-025', log_file='/panfs/panasas01/phys/bf16951/QMD/ParallelDevelopment/Results/Oct_01/12_39/logs/NV-exp-method-sim__random-phase--probe__QMLA_46.qmd.8794643.log', port_number=6346, qid=46, remote=True) (d4d3e890-09da-4711-b2b6-83737a555a8c)
12:49:05 46: RemoteModelLearning.learnModelRemote('yTi', 1.0, branchID=0, growth_generator='two_qubit_ising_rotation_hyperfine_transverse', host_name='node34-025', log_file='/panfs/panasas01/phys/bf16951/QMD/ParallelDevelopment/Results/Oct_01/12_39/logs/NV-exp-method-sim__random-phase--probe__QMLA_46.qmd.8794643.log', port_number=6346, qid=46, remote=True) (9aca9e86-920f-49ba-9c93-e3ce7474c1da)
12:49:05 46: RemoteModelLearning.learnModelRemote('zTi', 2.0, branchID=0, growth_generator='two_qubit_ising_rotation_hyperfine_transverse', host_name='node34-025', log_file='/panfs/panasas01/phys/bf16951/QMD/ParallelDevelopment/Results/Oct_01/12_39/logs/NV-exp-method-sim__random-phase--probe__QMLA_46.qmd.8794643.log', port_number=6346, qid=46, remote=True) (27890491-378e-4b77-b5ca-b2f8f7da4da0)
13:13:22 46: Job OK (d4d3e890-09da-4711-b2b6-83737a555a8c)
13:13:22 Result will never expire, clean up result key manually
13:13:22 
13:13:22 *** Listening on 46...
/cm/shared/languages/Anaconda3-5.0.1-PHYS015202/lib/python3.6/site-packages/qinfer/utils.py:268: ApproximationWarning: Numerical error in covariance estimation causing positive semidefinite violation.
  warnings.warn('Numerical error in covariance estimation causing positive semidefinite violation.', ApproximationWarning)
./QML.py:666: RuntimeWarning: invalid value encountered in sqrt
  np.diag(self.Updater.est_covariance_mtx())
/cm/shared/languages/Anaconda3-5.0.1-PHYS015202/lib/python3.6/site-packages/qinfer/resamplers.py:260: ResamplerWarning: Covariance has zero norm; adding in small covariance in resampler. Consider increasing n_particles to improve covariance estimates.
  ResamplerWarning
13:16:13 46: Job OK (9aca9e86-920f-49ba-9c93-e3ce7474c1da)
13:16:13 Result will never expire, clean up result key manually
13:16:13 
13:16:13 *** Listening on 46...
13:24:43 46: Job OK (27890491-378e-4b77-b5ca-b2f8f7da4da0)
13:24:43 Result will never expire, clean up result key manually
13:24:43 
13:24:43 *** Listening on 46...
13:24:43 46: RemoteBayesFactor.BayesFactorRemote(bayes_threshold=100, bf_data_folder='/panfs/panasas01/phys/bf16951/QMD/ParallelDevelopment/Results/Oct_01/12_39/BayesFactorsTimeRecords/', branchID=0, host_name='node34-025', interbranch=False, log_file='/panfs/panasas01/phys/bf16951/QMD/ParallelDevelopment/Results/Oct_01/12_39/logs/NV-exp-method-sim__random-phase--probe__QMLA_46.qmd.8794643.log', model_a_id=0, model_b_id=1, num_times_to_use=750, port_number=6346, qid=46, times_record='/panfs/panasas01/phys/bf16951/QMD/ParallelDevelopment/Results/Oct_01/12_39/BayesFactorsTimeRecords/BayesFactorsPairsTimes_046.txt', trueModel='xTiPPyTiPPzTiPPzTz') (773ea000-b5a6-4cf5-8dc0-2b266a3999dd)
13:24:43 46: RemoteBayesFactor.BayesFactorRemote(bayes_threshold=100, bf_data_folder='/panfs/panasas01/phys/bf16951/QMD/ParallelDevelopment/Results/Oct_01/12_39/BayesFactorsTimeRecords/', branchID=0, host_name='node34-025', interbranch=False, log_file='/panfs/panasas01/phys/bf16951/QMD/ParallelDevelopment/Results/Oct_01/12_39/logs/NV-exp-method-sim__random-phase--probe__QMLA_46.qmd.8794643.log', model_a_id=1, model_b_id=2, num_times_to_use=750, port_number=6346, qid=46, times_record='/panfs/panasas01/phys/bf16951/QMD/ParallelDevelopment/Results/Oct_01/12_39/BayesFactorsTimeRecords/BayesFactorsPairsTimes_046.txt', trueModel='xTiPPyTiPPzTiPPzTz') (8d5952a5-8123-4270-b548-daa06526d0ac)
13:24:43 46: RemoteBayesFactor.BayesFactorRemote(bayes_threshold=100, bf_data_folder='/panfs/panasas01/phys/bf16951/QMD/ParallelDevelopment/Results/Oct_01/12_39/BayesFactorsTimeRecords/', branchID=0, host_name='node34-025', interbranch=False, log_file='/panfs/panasas01/phys/bf16951/QMD/ParallelDevelopment/Results/Oct_01/12_39/logs/NV-exp-method-sim__random-phase--probe__QMLA_46.qmd.8794643.log', model_a_id=0, model_b_id=2, num_times_to_use=750, port_number=6346, qid=46, times_record='/panfs/panasas01/phys/bf16951/QMD/ParallelDevelopment/Results/Oct_01/12_39/BayesFactorsTimeRecords/BayesFactorsPairsTimes_046.txt', trueModel='xTiPPyTiPPzTiPPzTz') (fd7a9baa-83d7-4f9d-b02b-f9ca59f827f1)
14:17:12 46: Job OK (773ea000-b5a6-4cf5-8dc0-2b266a3999dd)
14:17:12 Result will never expire, clean up result key manually
14:17:12 Cleaning registries for queue: 46
14:17:12 
14:17:12 *** Listening on 46...
14:24:17 46: Job OK (fd7a9baa-83d7-4f9d-b02b-f9ca59f827f1)
14:24:17 Result will never expire, clean up result key manually
14:24:17 Cleaning registries for queue: 46
14:24:17 
14:24:17 *** Listening on 46...
14:34:15 46: Job OK (8d5952a5-8123-4270-b548-daa06526d0ac)
14:34:15 Result will never expire, clean up result key manually
14:34:15 Cleaning registries for queue: 46
14:34:15 
14:34:15 *** Listening on 46...
14:34:15 46: RemoteModelLearning.learnModelRemote('xTiPPzTi', 4.0, branchID=1, growth_generator='two_qubit_ising_rotation_hyperfine_transverse', host_name='node34-025', log_file='/panfs/panasas01/phys/bf16951/QMD/ParallelDevelopment/Results/Oct_01/12_39/logs/NV-exp-method-sim__random-phase--probe__QMLA_46.qmd.8794643.log', port_number=6346, qid=46, remote=True) (1a391915-3c69-4fdd-a5d1-90dde6861c62)
14:34:15 46: RemoteModelLearning.learnModelRemote('yTiPPzTi', 3.0, branchID=1, growth_generator='two_qubit_ising_rotation_hyperfine_transverse', host_name='node34-025', log_file='/panfs/panasas01/phys/bf16951/QMD/ParallelDevelopment/Results/Oct_01/12_39/logs/NV-exp-method-sim__random-phase--probe__QMLA_46.qmd.8794643.log', port_number=6346, qid=46, remote=True) (c74b7c69-b5a2-46f5-8a1b-0c37465be54b)
15:00:34 46: Job OK (c74b7c69-b5a2-46f5-8a1b-0c37465be54b)
15:00:34 Result will never expire, clean up result key manually
15:00:34 Cleaning registries for queue: 46
15:00:34 
15:00:34 *** Listening on 46...
15:00:35 46: Job OK (1a391915-3c69-4fdd-a5d1-90dde6861c62)
15:00:35 Result will never expire, clean up result key manually
15:00:35 
15:00:35 *** Listening on 46...
15:00:35 46: RemoteBayesFactor.BayesFactorRemote(bayes_threshold=100, bf_data_folder='/panfs/panasas01/phys/bf16951/QMD/ParallelDevelopment/Results/Oct_01/12_39/BayesFactorsTimeRecords/', branchID=1, host_name='node34-025', interbranch=False, log_file='/panfs/panasas01/phys/bf16951/QMD/ParallelDevelopment/Results/Oct_01/12_39/logs/NV-exp-method-sim__random-phase--probe__QMLA_46.qmd.8794643.log', model_a_id=3, model_b_id=4, num_times_to_use=750, port_number=6346, qid=46, times_record='/panfs/panasas01/phys/bf16951/QMD/ParallelDevelopment/Results/Oct_01/12_39/BayesFactorsTimeRecords/BayesFactorsPairsTimes_046.txt', trueModel='xTiPPyTiPPzTiPPzTz') (83c5153d-9a2b-4b76-95a4-4d93c0d41059)
15:52:15 46: Job OK (83c5153d-9a2b-4b76-95a4-4d93c0d41059)
15:52:15 Result will never expire, clean up result key manually
15:52:15 Cleaning registries for queue: 46
15:52:15 
15:52:15 *** Listening on 46...
15:52:15 46: RemoteModelLearning.learnModelRemote('xTiPPyTiPPzTi', 5.0, branchID=2, growth_generator='two_qubit_ising_rotation_hyperfine_transverse', host_name='node34-025', log_file='/panfs/panasas01/phys/bf16951/QMD/ParallelDevelopment/Results/Oct_01/12_39/logs/NV-exp-method-sim__random-phase--probe__QMLA_46.qmd.8794643.log', port_number=6346, qid=46, remote=True) (56b92777-0e0d-4128-b3f3-e0f94990c66b)
16:18:02 46: Job OK (56b92777-0e0d-4128-b3f3-e0f94990c66b)
16:18:02 Result will never expire, clean up result key manually
16:18:02 Cleaning registries for queue: 46
16:18:02 
16:18:02 *** Listening on 46...
16:18:02 46: RemoteModelLearning.learnModelRemote('xTiPPyTiPPyTyPPzTi', 6.0, branchID=3, growth_generator='two_qubit_ising_rotation_hyperfine_transverse', host_name='node34-025', log_file='/panfs/panasas01/phys/bf16951/QMD/ParallelDevelopment/Results/Oct_01/12_39/logs/NV-exp-method-sim__random-phase--probe__QMLA_46.qmd.8794643.log', port_number=6346, qid=46, remote=True) (589172be-b5e6-42d4-b999-9a4d6f8f0812)
16:18:02 46: RemoteModelLearning.learnModelRemote('xTiPPxTxPPyTiPPzTi', 8.0, branchID=3, growth_generator='two_qubit_ising_rotation_hyperfine_transverse', host_name='node34-025', log_file='/panfs/panasas01/phys/bf16951/QMD/ParallelDevelopment/Results/Oct_01/12_39/logs/NV-exp-method-sim__random-phase--probe__QMLA_46.qmd.8794643.log', port_number=6346, qid=46, remote=True) (6d757cac-00d9-4318-ab16-c33b89134c4f)
16:18:02 46: RemoteModelLearning.learnModelRemote('xTiPPyTiPPzTiPPzTz', 7.0, branchID=3, growth_generator='two_qubit_ising_rotation_hyperfine_transverse', host_name='node34-025', log_file='/panfs/panasas01/phys/bf16951/QMD/ParallelDevelopment/Results/Oct_01/12_39/logs/NV-exp-method-sim__random-phase--probe__QMLA_46.qmd.8794643.log', port_number=6346, qid=46, remote=True) (c7c846a7-1973-4010-a614-a3b2bf993979)
16:43:23 46: Job OK (589172be-b5e6-42d4-b999-9a4d6f8f0812)
16:43:23 Result will never expire, clean up result key manually
16:43:23 Cleaning registries for queue: 46
16:43:23 
16:43:23 *** Listening on 46...
16:43:58 46: Job OK (6d757cac-00d9-4318-ab16-c33b89134c4f)
16:43:58 Result will never expire, clean up result key manually
16:43:58 Cleaning registries for queue: 46
16:43:58 
16:43:58 *** Listening on 46...
16:44:30 46: Job OK (c7c846a7-1973-4010-a614-a3b2bf993979)
16:44:30 Result will never expire, clean up result key manually
16:44:30 Cleaning registries for queue: 46
16:44:30 
16:44:30 *** Listening on 46...
16:44:30 46: RemoteBayesFactor.BayesFactorRemote(bayes_threshold=100, bf_data_folder='/panfs/panasas01/phys/bf16951/QMD/ParallelDevelopment/Results/Oct_01/12_39/BayesFactorsTimeRecords/', branchID=3, host_name='node34-025', interbranch=False, log_file='/panfs/panasas01/phys/bf16951/QMD/ParallelDevelopment/Results/Oct_01/12_39/logs/NV-exp-method-sim__random-phase--probe__QMLA_46.qmd.8794643.log', model_a_id=6, model_b_id=8, num_times_to_use=750, port_number=6346, qid=46, times_record='/panfs/panasas01/phys/bf16951/QMD/ParallelDevelopment/Results/Oct_01/12_39/BayesFactorsTimeRecords/BayesFactorsPairsTimes_046.txt', trueModel='xTiPPyTiPPzTiPPzTz') (31b2fb6f-0ff2-4979-ba53-46a8b491dbff)
16:44:30 46: RemoteBayesFactor.BayesFactorRemote(bayes_threshold=100, bf_data_folder='/panfs/panasas01/phys/bf16951/QMD/ParallelDevelopment/Results/Oct_01/12_39/BayesFactorsTimeRecords/', branchID=3, host_name='node34-025', interbranch=False, log_file='/panfs/panasas01/phys/bf16951/QMD/ParallelDevelopment/Results/Oct_01/12_39/logs/NV-exp-method-sim__random-phase--probe__QMLA_46.qmd.8794643.log', model_a_id=7, model_b_id=8, num_times_to_use=750, port_number=6346, qid=46, times_record='/panfs/panasas01/phys/bf16951/QMD/ParallelDevelopment/Results/Oct_01/12_39/BayesFactorsTimeRecords/BayesFactorsPairsTimes_046.txt', trueModel='xTiPPyTiPPzTiPPzTz') (66da0f6b-ab67-4719-b228-082368b8de9f)
16:44:30 46: RemoteBayesFactor.BayesFactorRemote(bayes_threshold=100, bf_data_folder='/panfs/panasas01/phys/bf16951/QMD/ParallelDevelopment/Results/Oct_01/12_39/BayesFactorsTimeRecords/', branchID=3, host_name='node34-025', interbranch=False, log_file='/panfs/panasas01/phys/bf16951/QMD/ParallelDevelopment/Results/Oct_01/12_39/logs/NV-exp-method-sim__random-phase--probe__QMLA_46.qmd.8794643.log', model_a_id=6, model_b_id=7, num_times_to_use=750, port_number=6346, qid=46, times_record='/panfs/panasas01/phys/bf16951/QMD/ParallelDevelopment/Results/Oct_01/12_39/BayesFactorsTimeRecords/BayesFactorsPairsTimes_046.txt', trueModel='xTiPPyTiPPzTiPPzTz') (6a4459b5-46df-41cb-8ed1-01dd226d7ed6)
17:36:16 46: Job OK (66da0f6b-ab67-4719-b228-082368b8de9f)
17:36:16 Result will never expire, clean up result key manually
17:36:16 
17:36:16 *** Listening on 46...
17:36:21 46: Job OK (31b2fb6f-0ff2-4979-ba53-46a8b491dbff)
17:36:21 Result will never expire, clean up result key manually
17:36:21 Cleaning registries for queue: 46
17:36:21 
17:36:21 *** Listening on 46...
17:43:01 46: Job OK (6a4459b5-46df-41cb-8ed1-01dd226d7ed6)
17:43:01 Result will never expire, clean up result key manually
17:43:01 Cleaning registries for queue: 46
17:43:01 
17:43:01 *** Listening on 46...
17:43:01 46: RemoteModelLearning.learnModelRemote('xTiPPxTxPPyTiPPzTiPPzTz', 9.0, branchID=4, growth_generator='two_qubit_ising_rotation_hyperfine_transverse', host_name='node34-025', log_file='/panfs/panasas01/phys/bf16951/QMD/ParallelDevelopment/Results/Oct_01/12_39/logs/NV-exp-method-sim__random-phase--probe__QMLA_46.qmd.8794643.log', port_number=6346, qid=46, remote=True) (0b260ded-d7d3-4417-a474-fcf3b072bbba)
17:43:01 46: RemoteModelLearning.learnModelRemote('xTiPPyTiPPyTyPPzTiPPzTz', 10.0, branchID=4, growth_generator='two_qubit_ising_rotation_hyperfine_transverse', host_name='node34-025', log_file='/panfs/panasas01/phys/bf16951/QMD/ParallelDevelopment/Results/Oct_01/12_39/logs/NV-exp-method-sim__random-phase--probe__QMLA_46.qmd.8794643.log', port_number=6346, qid=46, remote=True) (7541d532-0034-4c28-8321-e0a0c97fa824)
18:08:27 46: Job OK (0b260ded-d7d3-4417-a474-fcf3b072bbba)
18:08:27 Result will never expire, clean up result key manually
18:08:27 Cleaning registries for queue: 46
18:08:27 
18:08:27 *** Listening on 46...
18:08:40 46: Job OK (7541d532-0034-4c28-8321-e0a0c97fa824)
18:08:40 Result will never expire, clean up result key manually
18:08:40 Cleaning registries for queue: 46
18:08:40 
18:08:40 *** Listening on 46...
18:08:40 46: RemoteBayesFactor.BayesFactorRemote(bayes_threshold=100, bf_data_folder='/panfs/panasas01/phys/bf16951/QMD/ParallelDevelopment/Results/Oct_01/12_39/BayesFactorsTimeRecords/', branchID=4, host_name='node34-025', interbranch=False, log_file='/panfs/panasas01/phys/bf16951/QMD/ParallelDevelopment/Results/Oct_01/12_39/logs/NV-exp-method-sim__random-phase--probe__QMLA_46.qmd.8794643.log', model_a_id=9, model_b_id=10, num_times_to_use=750, port_number=6346, qid=46, times_record='/panfs/panasas01/phys/bf16951/QMD/ParallelDevelopment/Results/Oct_01/12_39/BayesFactorsTimeRecords/BayesFactorsPairsTimes_046.txt', trueModel='xTiPPyTiPPzTiPPzTz') (8c6e957a-b9ce-4b6b-bc22-d7913c057d06)
18:59:18 46: Job OK (8c6e957a-b9ce-4b6b-bc22-d7913c057d06)
18:59:18 Result will never expire, clean up result key manually
18:59:18 Cleaning registries for queue: 46
18:59:18 
18:59:18 *** Listening on 46...
18:59:18 46: RemoteModelLearning.learnModelRemote('xTiPPxTxPPyTiPPyTyPPzTiPPzTz', 11.0, branchID=5, growth_generator='two_qubit_ising_rotation_hyperfine_transverse', host_name='node34-025', log_file='/panfs/panasas01/phys/bf16951/QMD/ParallelDevelopment/Results/Oct_01/12_39/logs/NV-exp-method-sim__random-phase--probe__QMLA_46.qmd.8794643.log', port_number=6346, qid=46, remote=True) (153de587-8bd9-409b-9050-f0ab734f1d9f)
19:24:44 46: Job OK (153de587-8bd9-409b-9050-f0ab734f1d9f)
19:24:44 Result will never expire, clean up result key manually
19:24:44 Cleaning registries for queue: 46
19:24:44 
19:24:44 *** Listening on 46...
19:24:44 46: RemoteModelLearning.learnModelRemote('xTiPPxTxPPyTiPPyTyPPyTzPPzTiPPzTz', 12.0, branchID=6, growth_generator='two_qubit_ising_rotation_hyperfine_transverse', host_name='node34-025', log_file='/panfs/panasas01/phys/bf16951/QMD/ParallelDevelopment/Results/Oct_01/12_39/logs/NV-exp-method-sim__random-phase--probe__QMLA_46.qmd.8794643.log', port_number=6346, qid=46, remote=True) (4b3395dd-b1a0-4272-9017-ff3df0c4f254)
19:24:44 46: RemoteModelLearning.learnModelRemote('xTiPPxTxPPxTyPPyTiPPyTyPPzTiPPzTz', 13.0, branchID=6, growth_generator='two_qubit_ising_rotation_hyperfine_transverse', host_name='node34-025', log_file='/panfs/panasas01/phys/bf16951/QMD/ParallelDevelopment/Results/Oct_01/12_39/logs/NV-exp-method-sim__random-phase--probe__QMLA_46.qmd.8794643.log', port_number=6346, qid=46, remote=True) (6a2af65b-b0f9-4133-bc95-d50474255e11)
19:24:44 46: RemoteModelLearning.learnModelRemote('xTiPPxTxPPxTzPPyTiPPyTyPPzTiPPzTz', 14.0, branchID=6, growth_generator='two_qubit_ising_rotation_hyperfine_transverse', host_name='node34-025', log_file='/panfs/panasas01/phys/bf16951/QMD/ParallelDevelopment/Results/Oct_01/12_39/logs/NV-exp-method-sim__random-phase--probe__QMLA_46.qmd.8794643.log', port_number=6346, qid=46, remote=True) (1bded31f-02a1-4703-be0f-b43621b6d30a)
19:50:47 46: Job OK (6a2af65b-b0f9-4133-bc95-d50474255e11)
19:50:47 Result will never expire, clean up result key manually
19:50:47 Cleaning registries for queue: 46
19:50:47 
19:50:47 *** Listening on 46...
19:51:11 46: Job OK (1bded31f-02a1-4703-be0f-b43621b6d30a)
19:51:11 Result will never expire, clean up result key manually
19:51:11 Cleaning registries for queue: 46
19:51:11 
19:51:11 *** Listening on 46...
19:51:33 46: Job OK (4b3395dd-b1a0-4272-9017-ff3df0c4f254)
19:51:33 Result will never expire, clean up result key manually
19:51:33 Cleaning registries for queue: 46
19:51:33 
19:51:33 *** Listening on 46...
19:51:33 46: RemoteBayesFactor.BayesFactorRemote(bayes_threshold=100, bf_data_folder='/panfs/panasas01/phys/bf16951/QMD/ParallelDevelopment/Results/Oct_01/12_39/BayesFactorsTimeRecords/', branchID=6, host_name='node34-025', interbranch=False, log_file='/panfs/panasas01/phys/bf16951/QMD/ParallelDevelopment/Results/Oct_01/12_39/logs/NV-exp-method-sim__random-phase--probe__QMLA_46.qmd.8794643.log', model_a_id=12, model_b_id=13, num_times_to_use=750, port_number=6346, qid=46, times_record='/panfs/panasas01/phys/bf16951/QMD/ParallelDevelopment/Results/Oct_01/12_39/BayesFactorsTimeRecords/BayesFactorsPairsTimes_046.txt', trueModel='xTiPPyTiPPzTiPPzTz') (d8a7fde2-eaea-4cb4-a768-ea894cc43fde)
19:51:33 46: RemoteBayesFactor.BayesFactorRemote(bayes_threshold=100, bf_data_folder='/panfs/panasas01/phys/bf16951/QMD/ParallelDevelopment/Results/Oct_01/12_39/BayesFactorsTimeRecords/', branchID=6, host_name='node34-025', interbranch=False, log_file='/panfs/panasas01/phys/bf16951/QMD/ParallelDevelopment/Results/Oct_01/12_39/logs/NV-exp-method-sim__random-phase--probe__QMLA_46.qmd.8794643.log', model_a_id=13, model_b_id=14, num_times_to_use=750, port_number=6346, qid=46, times_record='/panfs/panasas01/phys/bf16951/QMD/ParallelDevelopment/Results/Oct_01/12_39/BayesFactorsTimeRecords/BayesFactorsPairsTimes_046.txt', trueModel='xTiPPyTiPPzTiPPzTz') (c16d3d6e-796f-4013-811e-a80d58c73bb7)
19:51:33 46: RemoteBayesFactor.BayesFactorRemote(bayes_threshold=100, bf_data_folder='/panfs/panasas01/phys/bf16951/QMD/ParallelDevelopment/Results/Oct_01/12_39/BayesFactorsTimeRecords/', branchID=6, host_name='node34-025', interbranch=False, log_file='/panfs/panasas01/phys/bf16951/QMD/ParallelDevelopment/Results/Oct_01/12_39/logs/NV-exp-method-sim__random-phase--probe__QMLA_46.qmd.8794643.log', model_a_id=12, model_b_id=14, num_times_to_use=750, port_number=6346, qid=46, times_record='/panfs/panasas01/phys/bf16951/QMD/ParallelDevelopment/Results/Oct_01/12_39/BayesFactorsTimeRecords/BayesFactorsPairsTimes_046.txt', trueModel='xTiPPyTiPPzTiPPzTz') (525da737-aaf5-47a3-9c68-bad0386e5545)
20:42:55 46: Job OK (c16d3d6e-796f-4013-811e-a80d58c73bb7)
20:42:55 Result will never expire, clean up result key manually
20:42:55 Cleaning registries for queue: 46
20:42:55 
20:42:55 *** Listening on 46...
20:43:45 46: Job OK (525da737-aaf5-47a3-9c68-bad0386e5545)
20:43:45 Result will never expire, clean up result key manually
20:43:45 Cleaning registries for queue: 46
20:43:45 
20:43:45 *** Listening on 46...
20:43:50 46: Job OK (d8a7fde2-eaea-4cb4-a768-ea894cc43fde)
20:43:50 Result will never expire, clean up result key manually
20:43:50 Cleaning registries for queue: 46
20:43:50 
20:43:50 *** Listening on 46...
20:43:50 46: RemoteModelLearning.learnModelRemote('xTiPPxTxPPxTyPPxTzPPyTiPPyTyPPzTiPPzTz', 15.0, branchID=7, growth_generator='two_qubit_ising_rotation_hyperfine_transverse', host_name='node34-025', log_file='/panfs/panasas01/phys/bf16951/QMD/ParallelDevelopment/Results/Oct_01/12_39/logs/NV-exp-method-sim__random-phase--probe__QMLA_46.qmd.8794643.log', port_number=6346, qid=46, remote=True) (f6cc0c3e-0374-405b-b172-254f305bce48)
20:43:50 46: RemoteModelLearning.learnModelRemote('xTiPPxTxPPxTzPPyTiPPyTyPPyTzPPzTiPPzTz', 16.0, branchID=7, growth_generator='two_qubit_ising_rotation_hyperfine_transverse', host_name='node34-025', log_file='/panfs/panasas01/phys/bf16951/QMD/ParallelDevelopment/Results/Oct_01/12_39/logs/NV-exp-method-sim__random-phase--probe__QMLA_46.qmd.8794643.log', port_number=6346, qid=46, remote=True) (84ea8d16-6e62-4da7-8a79-fb21a86b273a)
21:09:12 46: Job OK (84ea8d16-6e62-4da7-8a79-fb21a86b273a)
21:09:12 Result will never expire, clean up result key manually
21:09:12 Cleaning registries for queue: 46
21:09:12 
21:09:12 *** Listening on 46...
21:09:49 46: Job OK (f6cc0c3e-0374-405b-b172-254f305bce48)
21:09:49 Result will never expire, clean up result key manually
21:09:49 Cleaning registries for queue: 46
21:09:49 
21:09:49 *** Listening on 46...
21:09:49 46: RemoteBayesFactor.BayesFactorRemote(bayes_threshold=100, bf_data_folder='/panfs/panasas01/phys/bf16951/QMD/ParallelDevelopment/Results/Oct_01/12_39/BayesFactorsTimeRecords/', branchID=7, host_name='node34-025', interbranch=False, log_file='/panfs/panasas01/phys/bf16951/QMD/ParallelDevelopment/Results/Oct_01/12_39/logs/NV-exp-method-sim__random-phase--probe__QMLA_46.qmd.8794643.log', model_a_id=15, model_b_id=16, num_times_to_use=750, port_number=6346, qid=46, times_record='/panfs/panasas01/phys/bf16951/QMD/ParallelDevelopment/Results/Oct_01/12_39/BayesFactorsTimeRecords/BayesFactorsPairsTimes_046.txt', trueModel='xTiPPyTiPPzTiPPzTz') (6c1dbe51-0721-4039-97ab-577daf072211)
22:00:32 46: Job OK (6c1dbe51-0721-4039-97ab-577daf072211)
22:00:32 Result will never expire, clean up result key manually
22:00:32 Cleaning registries for queue: 46
22:00:32 
22:00:32 *** Listening on 46...
22:00:32 46: RemoteModelLearning.learnModelRemote('xTiPPxTxPPxTyPPxTzPPyTiPPyTyPPyTzPPzTiPPzTz', 17.0, branchID=8, growth_generator='two_qubit_ising_rotation_hyperfine_transverse', host_name='node34-025', log_file='/panfs/panasas01/phys/bf16951/QMD/ParallelDevelopment/Results/Oct_01/12_39/logs/NV-exp-method-sim__random-phase--probe__QMLA_46.qmd.8794643.log', port_number=6346, qid=46, remote=True) (6beb55b1-4777-451f-841d-3f3a67180db1)
22:26:34 46: Job OK (6beb55b1-4777-451f-841d-3f3a67180db1)
22:26:34 Result will never expire, clean up result key manually
22:26:34 Cleaning registries for queue: 46
22:26:34 
22:26:34 *** Listening on 46...
22:26:34 46: RemoteBayesFactor.BayesFactorRemote(bayes_threshold=100, bf_data_folder='/panfs/panasas01/phys/bf16951/QMD/ParallelDevelopment/Results/Oct_01/12_39/BayesFactorsTimeRecords/', branchID=None, host_name='node34-025', interbranch=True, log_file='/panfs/panasas01/phys/bf16951/QMD/ParallelDevelopment/Results/Oct_01/12_39/logs/NV-exp-method-sim__random-phase--probe__QMLA_46.qmd.8794643.log', model_a_id=5, model_b_id=7, num_times_to_use=750, port_number=6346, qid=46, times_record='/panfs/panasas01/phys/bf16951/QMD/ParallelDevelopment/Results/Oct_01/12_39/BayesFactorsTimeRecords/BayesFactorsPairsTimes_046.txt', trueModel='xTiPPyTiPPzTiPPzTz') (c541035a-54a7-4949-9335-1820bdc9b726)
22:26:34 46: RemoteBayesFactor.BayesFactorRemote(bayes_threshold=100, bf_data_folder='/panfs/panasas01/phys/bf16951/QMD/ParallelDevelopment/Results/Oct_01/12_39/BayesFactorsTimeRecords/', branchID=None, host_name='node34-025', interbranch=True, log_file='/panfs/panasas01/phys/bf16951/QMD/ParallelDevelopment/Results/Oct_01/12_39/logs/NV-exp-method-sim__random-phase--probe__QMLA_46.qmd.8794643.log', model_a_id=7, model_b_id=9, num_times_to_use=750, port_number=6346, qid=46, times_record='/panfs/panasas01/phys/bf16951/QMD/ParallelDevelopment/Results/Oct_01/12_39/BayesFactorsTimeRecords/BayesFactorsPairsTimes_046.txt', trueModel='xTiPPyTiPPzTiPPzTz') (8f4f9913-e674-4142-a9d6-7b27da7f91ba)
22:26:34 46: RemoteBayesFactor.BayesFactorRemote(bayes_threshold=100, bf_data_folder='/panfs/panasas01/phys/bf16951/QMD/ParallelDevelopment/Results/Oct_01/12_39/BayesFactorsTimeRecords/', branchID=None, host_name='node34-025', interbranch=True, log_file='/panfs/panasas01/phys/bf16951/QMD/ParallelDevelopment/Results/Oct_01/12_39/logs/NV-exp-method-sim__random-phase--probe__QMLA_46.qmd.8794643.log', model_a_id=11, model_b_id=14, num_times_to_use=750, port_number=6346, qid=46, times_record='/panfs/panasas01/phys/bf16951/QMD/ParallelDevelopment/Results/Oct_01/12_39/BayesFactorsTimeRecords/BayesFactorsPairsTimes_046.txt', trueModel='xTiPPyTiPPzTiPPzTz') (4129c9b2-629f-490f-9f06-dda604631b6b)
22:26:34 46: RemoteBayesFactor.BayesFactorRemote(bayes_threshold=100, bf_data_folder='/panfs/panasas01/phys/bf16951/QMD/ParallelDevelopment/Results/Oct_01/12_39/BayesFactorsTimeRecords/', branchID=None, host_name='node34-025', interbranch=True, log_file='/panfs/panasas01/phys/bf16951/QMD/ParallelDevelopment/Results/Oct_01/12_39/logs/NV-exp-method-sim__random-phase--probe__QMLA_46.qmd.8794643.log', model_a_id=2, model_b_id=4, num_times_to_use=750, port_number=6346, qid=46, times_record='/panfs/panasas01/phys/bf16951/QMD/ParallelDevelopment/Results/Oct_01/12_39/BayesFactorsTimeRecords/BayesFactorsPairsTimes_046.txt', trueModel='xTiPPyTiPPzTiPPzTz') (aeeded03-c4c8-41ce-8cb3-724a956735e9)
22:26:34 46: RemoteBayesFactor.BayesFactorRemote(bayes_threshold=100, bf_data_folder='/panfs/panasas01/phys/bf16951/QMD/ParallelDevelopment/Results/Oct_01/12_39/BayesFactorsTimeRecords/', branchID=None, host_name='node34-025', interbranch=True, log_file='/panfs/panasas01/phys/bf16951/QMD/ParallelDevelopment/Results/Oct_01/12_39/logs/NV-exp-method-sim__random-phase--probe__QMLA_46.qmd.8794643.log', model_a_id=4, model_b_id=5, num_times_to_use=750, port_number=6346, qid=46, times_record='/panfs/panasas01/phys/bf16951/QMD/ParallelDevelopment/Results/Oct_01/12_39/BayesFactorsTimeRecords/BayesFactorsPairsTimes_046.txt', trueModel='xTiPPyTiPPzTiPPzTz') (0f702537-0738-4859-928e-47eb57997726)
22:26:34 46: RemoteBayesFactor.BayesFactorRemote(bayes_threshold=100, bf_data_folder='/panfs/panasas01/phys/bf16951/QMD/ParallelDevelopment/Results/Oct_01/12_39/BayesFactorsTimeRecords/', branchID=None, host_name='node34-025', interbranch=True, log_file='/panfs/panasas01/phys/bf16951/QMD/ParallelDevelopment/Results/Oct_01/12_39/logs/NV-exp-method-sim__random-phase--probe__QMLA_46.qmd.8794643.log', model_a_id=9, model_b_id=11, num_times_to_use=750, port_number=6346, qid=46, times_record='/panfs/panasas01/phys/bf16951/QMD/ParallelDevelopment/Results/Oct_01/12_39/BayesFactorsTimeRecords/BayesFactorsPairsTimes_046.txt', trueModel='xTiPPyTiPPzTiPPzTz') (b5b20035-dffd-4737-9780-620cfb19df96)
23:20:20 46: Job OK (c541035a-54a7-4949-9335-1820bdc9b726)
23:20:20 Result will never expire, clean up result key manually
23:20:20 Cleaning registries for queue: 46
23:20:20 
23:20:20 *** Listening on 46...
23:20:20 46: RemoteBayesFactor.BayesFactorRemote(bayes_threshold=100, bf_data_folder='/panfs/panasas01/phys/bf16951/QMD/ParallelDevelopment/Results/Oct_01/12_39/BayesFactorsTimeRecords/', branchID=None, host_name='node34-025', interbranch=True, log_file='/panfs/panasas01/phys/bf16951/QMD/ParallelDevelopment/Results/Oct_01/12_39/logs/NV-exp-method-sim__random-phase--probe__QMLA_46.qmd.8794643.log', model_a_id=14, model_b_id=15, num_times_to_use=750, port_number=6346, qid=46, times_record='/panfs/panasas01/phys/bf16951/QMD/ParallelDevelopment/Results/Oct_01/12_39/BayesFactorsTimeRecords/BayesFactorsPairsTimes_046.txt', trueModel='xTiPPyTiPPzTiPPzTz') (bca1a387-d8c5-4814-9b21-a5bf1f0050cb)
23:21:39 46: Job OK (8f4f9913-e674-4142-a9d6-7b27da7f91ba)
23:21:39 Result will never expire, clean up result key manually
23:21:39 Cleaning registries for queue: 46
23:21:39 
23:21:39 *** Listening on 46...
23:21:39 46: RemoteBayesFactor.BayesFactorRemote(bayes_threshold=100, bf_data_folder='/panfs/panasas01/phys/bf16951/QMD/ParallelDevelopment/Results/Oct_01/12_39/BayesFactorsTimeRecords/', branchID=None, host_name='node34-025', interbranch=True, log_file='/panfs/panasas01/phys/bf16951/QMD/ParallelDevelopment/Results/Oct_01/12_39/logs/NV-exp-method-sim__random-phase--probe__QMLA_46.qmd.8794643.log', model_a_id=15, model_b_id=17, num_times_to_use=750, port_number=6346, qid=46, times_record='/panfs/panasas01/phys/bf16951/QMD/ParallelDevelopment/Results/Oct_01/12_39/BayesFactorsTimeRecords/BayesFactorsPairsTimes_046.txt', trueModel='xTiPPyTiPPzTiPPzTz') (f14d2993-d81e-4640-9d2f-68547313577f)
23:21:47 46: Job OK (4129c9b2-629f-490f-9f06-dda604631b6b)
23:21:47 Result will never expire, clean up result key manually
23:21:47 
23:21:47 *** Listening on 46...
23:21:53 46: Job OK (0f702537-0738-4859-928e-47eb57997726)
23:21:53 Result will never expire, clean up result key manually
23:21:53 Cleaning registries for queue: 46
23:21:53 
23:21:53 *** Listening on 46...
23:30:04 46: Job OK (b5b20035-dffd-4737-9780-620cfb19df96)
23:30:04 Result will never expire, clean up result key manually
23:30:04 Cleaning registries for queue: 46
23:30:04 
23:30:04 *** Listening on 46...
23:35:20 46: Job OK (aeeded03-c4c8-41ce-8cb3-724a956735e9)
23:35:20 Result will never expire, clean up result key manually
23:35:20 Cleaning registries for queue: 46
23:35:20 
23:35:20 *** Listening on 46...
00:10:16 46: Job OK (bca1a387-d8c5-4814-9b21-a5bf1f0050cb)
00:10:16 Result will never expire, clean up result key manually
00:10:16 
00:10:16 *** Listening on 46...
00:12:11 46: Job OK (f14d2993-d81e-4640-9d2f-68547313577f)
00:12:11 Result will never expire, clean up result key manually
00:12:11 
00:12:11 *** Listening on 46...
00:12:11 46: RemoteBayesFactor.BayesFactorRemote(bayes_threshold=100, bf_data_folder='/panfs/panasas01/phys/bf16951/QMD/ParallelDevelopment/Results/Oct_01/12_39/BayesFactorsTimeRecords/', branchID=9, host_name='node34-025', interbranch=False, log_file='/panfs/panasas01/phys/bf16951/QMD/ParallelDevelopment/Results/Oct_01/12_39/logs/NV-exp-method-sim__random-phase--probe__QMLA_46.qmd.8794643.log', model_a_id=7.0, model_b_id=14.0, num_times_to_use=750, port_number=6346, qid=46, times_record='/panfs/panasas01/phys/bf16951/QMD/ParallelDevelopment/Results/Oct_01/12_39/BayesFactorsTimeRecords/BayesFactorsPairsTimes_046.txt', trueModel='xTiPPyTiPPzTiPPzTz') (5ce46ae6-50cc-46c7-bc21-3dc8b1fe298a)
00:12:11 46: RemoteBayesFactor.BayesFactorRemote(bayes_threshold=100, bf_data_folder='/panfs/panasas01/phys/bf16951/QMD/ParallelDevelopment/Results/Oct_01/12_39/BayesFactorsTimeRecords/', branchID=9, host_name='node34-025', interbranch=False, log_file='/panfs/panasas01/phys/bf16951/QMD/ParallelDevelopment/Results/Oct_01/12_39/logs/NV-exp-method-sim__random-phase--probe__QMLA_46.qmd.8794643.log', model_a_id=7.0, model_b_id=4.0, num_times_to_use=750, port_number=6346, qid=46, times_record='/panfs/panasas01/phys/bf16951/QMD/ParallelDevelopment/Results/Oct_01/12_39/BayesFactorsTimeRecords/BayesFactorsPairsTimes_046.txt', trueModel='xTiPPyTiPPzTiPPzTz') (61a64917-eb57-4c7d-b6ca-90f8a8242509)
00:12:11 46: RemoteBayesFactor.BayesFactorRemote(bayes_threshold=100, bf_data_folder='/panfs/panasas01/phys/bf16951/QMD/ParallelDevelopment/Results/Oct_01/12_39/BayesFactorsTimeRecords/', branchID=9, host_name='node34-025', interbranch=False, log_file='/panfs/panasas01/phys/bf16951/QMD/ParallelDevelopment/Results/Oct_01/12_39/logs/NV-exp-method-sim__random-phase--probe__QMLA_46.qmd.8794643.log', model_a_id=14.0, model_b_id=17.0, num_times_to_use=750, port_number=6346, qid=46, times_record='/panfs/panasas01/phys/bf16951/QMD/ParallelDevelopment/Results/Oct_01/12_39/BayesFactorsTimeRecords/BayesFactorsPairsTimes_046.txt', trueModel='xTiPPyTiPPzTiPPzTz') (155a8f54-51fa-43ef-9fd0-8f78f8dac12c)
00:12:11 46: RemoteBayesFactor.BayesFactorRemote(bayes_threshold=100, bf_data_folder='/panfs/panasas01/phys/bf16951/QMD/ParallelDevelopment/Results/Oct_01/12_39/BayesFactorsTimeRecords/', branchID=9, host_name='node34-025', interbranch=False, log_file='/panfs/panasas01/phys/bf16951/QMD/ParallelDevelopment/Results/Oct_01/12_39/logs/NV-exp-method-sim__random-phase--probe__QMLA_46.qmd.8794643.log', model_a_id=7.0, model_b_id=17.0, num_times_to_use=750, port_number=6346, qid=46, times_record='/panfs/panasas01/phys/bf16951/QMD/ParallelDevelopment/Results/Oct_01/12_39/BayesFactorsTimeRecords/BayesFactorsPairsTimes_046.txt', trueModel='xTiPPyTiPPzTiPPzTz') (9cfa3a23-3376-4e77-b6c9-ffa52cd2bea4)
00:12:11 46: RemoteBayesFactor.BayesFactorRemote(bayes_threshold=100, bf_data_folder='/panfs/panasas01/phys/bf16951/QMD/ParallelDevelopment/Results/Oct_01/12_39/BayesFactorsTimeRecords/', branchID=9, host_name='node34-025', interbranch=False, log_file='/panfs/panasas01/phys/bf16951/QMD/ParallelDevelopment/Results/Oct_01/12_39/logs/NV-exp-method-sim__random-phase--probe__QMLA_46.qmd.8794643.log', model_a_id=14.0, model_b_id=4.0, num_times_to_use=750, port_number=6346, qid=46, times_record='/panfs/panasas01/phys/bf16951/QMD/ParallelDevelopment/Results/Oct_01/12_39/BayesFactorsTimeRecords/BayesFactorsPairsTimes_046.txt', trueModel='xTiPPyTiPPzTiPPzTz') (64e2705b-69a4-403d-9ac3-eac244d77be7)
00:12:11 46: RemoteBayesFactor.BayesFactorRemote(bayes_threshold=100, bf_data_folder='/panfs/panasas01/phys/bf16951/QMD/ParallelDevelopment/Results/Oct_01/12_39/BayesFactorsTimeRecords/', branchID=9, host_name='node34-025', interbranch=False, log_file='/panfs/panasas01/phys/bf16951/QMD/ParallelDevelopment/Results/Oct_01/12_39/logs/NV-exp-method-sim__random-phase--probe__QMLA_46.qmd.8794643.log', model_a_id=17.0, model_b_id=4.0, num_times_to_use=750, port_number=6346, qid=46, times_record='/panfs/panasas01/phys/bf16951/QMD/ParallelDevelopment/Results/Oct_01/12_39/BayesFactorsTimeRecords/BayesFactorsPairsTimes_046.txt', trueModel='xTiPPyTiPPzTiPPzTz') (777ead76-8210-48ed-ae5e-671536fd47da)
01:04:37 46: Job OK (155a8f54-51fa-43ef-9fd0-8f78f8dac12c)
01:04:37 Result will never expire, clean up result key manually
01:04:37 Cleaning registries for queue: 46
01:04:37 
01:04:37 *** Listening on 46...
01:05:48 46: Job OK (61a64917-eb57-4c7d-b6ca-90f8a8242509)
01:05:48 Result will never expire, clean up result key manually
01:05:48 Cleaning registries for queue: 46
01:05:48 
01:05:48 *** Listening on 46...
01:05:56 46: Job OK (777ead76-8210-48ed-ae5e-671536fd47da)
01:05:56 Result will never expire, clean up result key manually
01:05:56 Cleaning registries for queue: 46
01:05:56 
01:05:56 *** Listening on 46...
01:06:10 46: Job OK (9cfa3a23-3376-4e77-b6c9-ffa52cd2bea4)
01:06:10 Result will never expire, clean up result key manually
01:06:10 Cleaning registries for queue: 46
01:06:10 
01:06:10 *** Listening on 46...
01:06:55 46: Job OK (64e2705b-69a4-403d-9ac3-eac244d77be7)
01:06:55 Result will never expire, clean up result key manually
01:06:55 Cleaning registries for queue: 46
01:06:55 
01:06:55 *** Listening on 46...
01:07:28 46: Job OK (5ce46ae6-50cc-46c7-bc21-3dc8b1fe298a)
01:07:28 Result will never expire, clean up result key manually
01:07:28 Cleaning registries for queue: 46
01:07:28 
01:07:28 *** Listening on 46...
01:07:29 46: RemoteBayesFactor.BayesFactorRemote(bayes_threshold=100, bf_data_folder='/panfs/panasas01/phys/bf16951/QMD/ParallelDevelopment/Results/Oct_01/12_39/BayesFactorsTimeRecords/', branchID=None, host_name='node34-025', interbranch=True, log_file='/panfs/panasas01/phys/bf16951/QMD/ParallelDevelopment/Results/Oct_01/12_39/logs/NV-exp-method-sim__random-phase--probe__QMLA_46.qmd.8794643.log', model_a_id=7, model_b_id=18, num_times_to_use=750, port_number=6346, qid=46, times_record='/panfs/panasas01/phys/bf16951/QMD/ParallelDevelopment/Results/Oct_01/12_39/BayesFactorsTimeRecords/BayesFactorsPairsTimes_046.txt', trueModel='xTiPPyTiPPzTiPPzTz') (de7f4352-d541-4da8-b2d8-51137a973d46)
01:58:50 46: Job OK (de7f4352-d541-4da8-b2d8-51137a973d46)
01:58:50 Result will never expire, clean up result key manually
01:58:50 
01:58:50 *** Listening on 46...
Error 111 connecting to node34-025:6346. Connection refused.
Error 111 connecting to node34-025:6346. Connection refused.
Error 111 connecting to node34-025:6346. Connection refused.
Error 111 connecting to node34-025:6346. Connection refused.
Error 111 connecting to node34-025:6346. Connection refused.
Error 111 connecting to node34-025:6346. Connection refused.
