12:55:32 RQ worker 'rq:worker:node44-021.53822' started, version 0.8.1
12:55:32 RQ worker 'rq:worker:node44-021.53815' started, version 0.8.1
12:55:32 RQ worker 'rq:worker:node44-021.53816' started, version 0.8.1
12:55:32 RQ worker 'rq:worker:node44-021.53817' started, version 0.8.1
12:55:32 RQ worker 'rq:worker:node44-021.53819' started, version 0.8.1
12:55:32 Cleaning registries for queue: 77
12:55:32 Cleaning registries for queue: 77
12:55:32 Cleaning registries for queue: 77
12:55:32 Cleaning registries for queue: 77
12:55:32 Cleaning registries for queue: 77
12:55:32 
12:55:32 
12:55:32 *** Listening on 77...
12:55:32 
12:55:32 
12:55:32 
12:55:32 *** Listening on 77...
12:55:32 *** Listening on 77...
12:55:32 *** Listening on 77...
12:55:32 *** Listening on 77...
12:55:32 RQ worker 'rq:worker:node44-021.53820' started, version 0.8.1
12:55:32 Cleaning registries for queue: 77
12:55:32 
12:55:32 *** Listening on 77...
12:55:44 77: RemoteModelLearning.learnModelRemote('yTi', 1.0, branchID=0, growth_generator='two_qubit_ising_rotation_hyperfine_transverse', host_name='node44-021', log_file='/panfs/panasas01/phys/bf16951/QMD/ParallelDevelopment/Results/Oct_01/12_39/logs/NV-exp-method-sim__random-phase--probe__QMLA_77.qmd.8794674.log', port_number=6377, qid=77, remote=True) (26b81135-6796-4300-a4e7-d3339b3fa5a1)
12:55:44 77: RemoteModelLearning.learnModelRemote('zTi', 2.0, branchID=0, growth_generator='two_qubit_ising_rotation_hyperfine_transverse', host_name='node44-021', log_file='/panfs/panasas01/phys/bf16951/QMD/ParallelDevelopment/Results/Oct_01/12_39/logs/NV-exp-method-sim__random-phase--probe__QMLA_77.qmd.8794674.log', port_number=6377, qid=77, remote=True) (cc5d1f8d-d602-4532-a3d7-8b5d9c71a097)
12:55:44 77: RemoteModelLearning.learnModelRemote('xTi', 0.0, branchID=0, growth_generator='two_qubit_ising_rotation_hyperfine_transverse', host_name='node44-021', log_file='/panfs/panasas01/phys/bf16951/QMD/ParallelDevelopment/Results/Oct_01/12_39/logs/NV-exp-method-sim__random-phase--probe__QMLA_77.qmd.8794674.log', port_number=6377, qid=77, remote=True) (7d98b23e-c4c5-4584-afa2-03b929e6da7e)
13:19:26 77: Job OK (7d98b23e-c4c5-4584-afa2-03b929e6da7e)
13:19:26 Result will never expire, clean up result key manually
13:19:26 
13:19:26 *** Listening on 77...
13:23:13 77: Job OK (26b81135-6796-4300-a4e7-d3339b3fa5a1)
13:23:13 Result will never expire, clean up result key manually
13:23:13 
13:23:13 *** Listening on 77...
13:29:58 77: Job OK (cc5d1f8d-d602-4532-a3d7-8b5d9c71a097)
13:29:58 Result will never expire, clean up result key manually
13:29:58 
13:29:58 *** Listening on 77...
13:29:59 77: RemoteBayesFactor.BayesFactorRemote(bayes_threshold=100, bf_data_folder='/panfs/panasas01/phys/bf16951/QMD/ParallelDevelopment/Results/Oct_01/12_39/BayesFactorsTimeRecords/', branchID=0, host_name='node44-021', interbranch=False, log_file='/panfs/panasas01/phys/bf16951/QMD/ParallelDevelopment/Results/Oct_01/12_39/logs/NV-exp-method-sim__random-phase--probe__QMLA_77.qmd.8794674.log', model_a_id=0, model_b_id=1, num_times_to_use=750, port_number=6377, qid=77, times_record='/panfs/panasas01/phys/bf16951/QMD/ParallelDevelopment/Results/Oct_01/12_39/BayesFactorsTimeRecords/BayesFactorsPairsTimes_077.txt', trueModel='xTiPPyTiPPzTiPPzTz') (f815e880-6e49-4334-b200-723a85ca32bf)
13:29:59 77: RemoteBayesFactor.BayesFactorRemote(bayes_threshold=100, bf_data_folder='/panfs/panasas01/phys/bf16951/QMD/ParallelDevelopment/Results/Oct_01/12_39/BayesFactorsTimeRecords/', branchID=0, host_name='node44-021', interbranch=False, log_file='/panfs/panasas01/phys/bf16951/QMD/ParallelDevelopment/Results/Oct_01/12_39/logs/NV-exp-method-sim__random-phase--probe__QMLA_77.qmd.8794674.log', model_a_id=1, model_b_id=2, num_times_to_use=750, port_number=6377, qid=77, times_record='/panfs/panasas01/phys/bf16951/QMD/ParallelDevelopment/Results/Oct_01/12_39/BayesFactorsTimeRecords/BayesFactorsPairsTimes_077.txt', trueModel='xTiPPyTiPPzTiPPzTz') (a7856cff-c138-42d0-b1df-3aefdac8a580)
13:29:59 77: RemoteBayesFactor.BayesFactorRemote(bayes_threshold=100, bf_data_folder='/panfs/panasas01/phys/bf16951/QMD/ParallelDevelopment/Results/Oct_01/12_39/BayesFactorsTimeRecords/', branchID=0, host_name='node44-021', interbranch=False, log_file='/panfs/panasas01/phys/bf16951/QMD/ParallelDevelopment/Results/Oct_01/12_39/logs/NV-exp-method-sim__random-phase--probe__QMLA_77.qmd.8794674.log', model_a_id=0, model_b_id=2, num_times_to_use=750, port_number=6377, qid=77, times_record='/panfs/panasas01/phys/bf16951/QMD/ParallelDevelopment/Results/Oct_01/12_39/BayesFactorsTimeRecords/BayesFactorsPairsTimes_077.txt', trueModel='xTiPPyTiPPzTiPPzTz') (0bf35589-7edd-46bf-9e51-ef7b7dd72403)
14:21:27 77: Job OK (f815e880-6e49-4334-b200-723a85ca32bf)
14:21:27 Result will never expire, clean up result key manually
14:21:27 Cleaning registries for queue: 77
14:21:27 
14:21:27 *** Listening on 77...
14:29:50 77: Job OK (0bf35589-7edd-46bf-9e51-ef7b7dd72403)
14:29:50 Result will never expire, clean up result key manually
14:29:50 Cleaning registries for queue: 77
14:29:50 
14:29:50 *** Listening on 77...
14:37:24 77: Job OK (a7856cff-c138-42d0-b1df-3aefdac8a580)
14:37:24 Result will never expire, clean up result key manually
14:37:24 Cleaning registries for queue: 77
14:37:24 
14:37:24 *** Listening on 77...
14:37:24 77: RemoteModelLearning.learnModelRemote('xTiPPzTi', 4.0, branchID=1, growth_generator='two_qubit_ising_rotation_hyperfine_transverse', host_name='node44-021', log_file='/panfs/panasas01/phys/bf16951/QMD/ParallelDevelopment/Results/Oct_01/12_39/logs/NV-exp-method-sim__random-phase--probe__QMLA_77.qmd.8794674.log', port_number=6377, qid=77, remote=True) (68ac6fcc-8e96-4e88-b33e-c114efb19ceb)
14:37:24 77: RemoteModelLearning.learnModelRemote('yTiPPzTi', 3.0, branchID=1, growth_generator='two_qubit_ising_rotation_hyperfine_transverse', host_name='node44-021', log_file='/panfs/panasas01/phys/bf16951/QMD/ParallelDevelopment/Results/Oct_01/12_39/logs/NV-exp-method-sim__random-phase--probe__QMLA_77.qmd.8794674.log', port_number=6377, qid=77, remote=True) (10611099-fb07-453d-8733-aa4cbb876096)
15:04:00 77: Job OK (10611099-fb07-453d-8733-aa4cbb876096)
15:04:00 Result will never expire, clean up result key manually
15:04:00 Cleaning registries for queue: 77
15:04:00 
15:04:00 *** Listening on 77...
15:04:25 77: Job OK (68ac6fcc-8e96-4e88-b33e-c114efb19ceb)
15:04:25 Result will never expire, clean up result key manually
15:04:25 
15:04:25 *** Listening on 77...
15:04:25 77: RemoteBayesFactor.BayesFactorRemote(bayes_threshold=100, bf_data_folder='/panfs/panasas01/phys/bf16951/QMD/ParallelDevelopment/Results/Oct_01/12_39/BayesFactorsTimeRecords/', branchID=1, host_name='node44-021', interbranch=False, log_file='/panfs/panasas01/phys/bf16951/QMD/ParallelDevelopment/Results/Oct_01/12_39/logs/NV-exp-method-sim__random-phase--probe__QMLA_77.qmd.8794674.log', model_a_id=3, model_b_id=4, num_times_to_use=750, port_number=6377, qid=77, times_record='/panfs/panasas01/phys/bf16951/QMD/ParallelDevelopment/Results/Oct_01/12_39/BayesFactorsTimeRecords/BayesFactorsPairsTimes_077.txt', trueModel='xTiPPyTiPPzTiPPzTz') (b962a273-486a-41b1-a00f-993885f78eb5)
15:55:25 77: Job OK (b962a273-486a-41b1-a00f-993885f78eb5)
15:55:25 Result will never expire, clean up result key manually
15:55:25 Cleaning registries for queue: 77
15:55:25 
15:55:25 *** Listening on 77...
15:55:25 77: RemoteModelLearning.learnModelRemote('xTiPPyTiPPzTi', 5.0, branchID=2, growth_generator='two_qubit_ising_rotation_hyperfine_transverse', host_name='node44-021', log_file='/panfs/panasas01/phys/bf16951/QMD/ParallelDevelopment/Results/Oct_01/12_39/logs/NV-exp-method-sim__random-phase--probe__QMLA_77.qmd.8794674.log', port_number=6377, qid=77, remote=True) (6a857b84-71b1-488e-bef2-16b12bbb57e9)
16:21:35 77: Job OK (6a857b84-71b1-488e-bef2-16b12bbb57e9)
16:21:35 Result will never expire, clean up result key manually
16:21:35 Cleaning registries for queue: 77
16:21:35 
16:21:35 *** Listening on 77...
16:21:35 77: RemoteModelLearning.learnModelRemote('xTiPPxTxPPyTiPPzTi', 6.0, branchID=3, growth_generator='two_qubit_ising_rotation_hyperfine_transverse', host_name='node44-021', log_file='/panfs/panasas01/phys/bf16951/QMD/ParallelDevelopment/Results/Oct_01/12_39/logs/NV-exp-method-sim__random-phase--probe__QMLA_77.qmd.8794674.log', port_number=6377, qid=77, remote=True) (356b4268-2479-4539-86bd-60b0c5392f01)
16:21:35 77: RemoteModelLearning.learnModelRemote('xTiPPyTiPPyTyPPzTi', 7.0, branchID=3, growth_generator='two_qubit_ising_rotation_hyperfine_transverse', host_name='node44-021', log_file='/panfs/panasas01/phys/bf16951/QMD/ParallelDevelopment/Results/Oct_01/12_39/logs/NV-exp-method-sim__random-phase--probe__QMLA_77.qmd.8794674.log', port_number=6377, qid=77, remote=True) (7bff3f3a-2ace-4136-a7db-f5f0e2e659c4)
16:21:35 77: RemoteModelLearning.learnModelRemote('xTiPPyTiPPzTiPPzTz', 8.0, branchID=3, growth_generator='two_qubit_ising_rotation_hyperfine_transverse', host_name='node44-021', log_file='/panfs/panasas01/phys/bf16951/QMD/ParallelDevelopment/Results/Oct_01/12_39/logs/NV-exp-method-sim__random-phase--probe__QMLA_77.qmd.8794674.log', port_number=6377, qid=77, remote=True) (70317320-925f-419e-acbf-69182649fb8e)
16:47:24 77: Job OK (7bff3f3a-2ace-4136-a7db-f5f0e2e659c4)
16:47:24 Result will never expire, clean up result key manually
16:47:24 Cleaning registries for queue: 77
16:47:24 
16:47:24 *** Listening on 77...
16:47:37 77: Job OK (356b4268-2479-4539-86bd-60b0c5392f01)
16:47:37 Result will never expire, clean up result key manually
16:47:37 Cleaning registries for queue: 77
16:47:37 
16:47:37 *** Listening on 77...
16:47:49 77: Job OK (70317320-925f-419e-acbf-69182649fb8e)
16:47:49 Result will never expire, clean up result key manually
16:47:49 Cleaning registries for queue: 77
16:47:49 
16:47:49 *** Listening on 77...
16:47:50 77: RemoteBayesFactor.BayesFactorRemote(bayes_threshold=100, bf_data_folder='/panfs/panasas01/phys/bf16951/QMD/ParallelDevelopment/Results/Oct_01/12_39/BayesFactorsTimeRecords/', branchID=3, host_name='node44-021', interbranch=False, log_file='/panfs/panasas01/phys/bf16951/QMD/ParallelDevelopment/Results/Oct_01/12_39/logs/NV-exp-method-sim__random-phase--probe__QMLA_77.qmd.8794674.log', model_a_id=6, model_b_id=7, num_times_to_use=750, port_number=6377, qid=77, times_record='/panfs/panasas01/phys/bf16951/QMD/ParallelDevelopment/Results/Oct_01/12_39/BayesFactorsTimeRecords/BayesFactorsPairsTimes_077.txt', trueModel='xTiPPyTiPPzTiPPzTz') (83ce070f-7407-4890-9a59-5fb216640e0e)
16:47:50 77: RemoteBayesFactor.BayesFactorRemote(bayes_threshold=100, bf_data_folder='/panfs/panasas01/phys/bf16951/QMD/ParallelDevelopment/Results/Oct_01/12_39/BayesFactorsTimeRecords/', branchID=3, host_name='node44-021', interbranch=False, log_file='/panfs/panasas01/phys/bf16951/QMD/ParallelDevelopment/Results/Oct_01/12_39/logs/NV-exp-method-sim__random-phase--probe__QMLA_77.qmd.8794674.log', model_a_id=6, model_b_id=8, num_times_to_use=750, port_number=6377, qid=77, times_record='/panfs/panasas01/phys/bf16951/QMD/ParallelDevelopment/Results/Oct_01/12_39/BayesFactorsTimeRecords/BayesFactorsPairsTimes_077.txt', trueModel='xTiPPyTiPPzTiPPzTz') (3526582d-d85f-4995-b75e-de423b2c8fb8)
16:47:50 77: RemoteBayesFactor.BayesFactorRemote(bayes_threshold=100, bf_data_folder='/panfs/panasas01/phys/bf16951/QMD/ParallelDevelopment/Results/Oct_01/12_39/BayesFactorsTimeRecords/', branchID=3, host_name='node44-021', interbranch=False, log_file='/panfs/panasas01/phys/bf16951/QMD/ParallelDevelopment/Results/Oct_01/12_39/logs/NV-exp-method-sim__random-phase--probe__QMLA_77.qmd.8794674.log', model_a_id=7, model_b_id=8, num_times_to_use=750, port_number=6377, qid=77, times_record='/panfs/panasas01/phys/bf16951/QMD/ParallelDevelopment/Results/Oct_01/12_39/BayesFactorsTimeRecords/BayesFactorsPairsTimes_077.txt', trueModel='xTiPPyTiPPzTiPPzTz') (c9d5361d-bd55-48fa-94e1-058c11287386)
17:40:03 77: Job OK (c9d5361d-bd55-48fa-94e1-058c11287386)
17:40:03 Result will never expire, clean up result key manually
17:40:03 Cleaning registries for queue: 77
17:40:03 
17:40:03 *** Listening on 77...
17:40:03 77: Job OK (83ce070f-7407-4890-9a59-5fb216640e0e)
17:40:03 Result will never expire, clean up result key manually
17:40:03 Cleaning registries for queue: 77
17:40:03 
17:40:03 *** Listening on 77...
17:40:08 77: Job OK (3526582d-d85f-4995-b75e-de423b2c8fb8)
17:40:08 Result will never expire, clean up result key manually
17:40:08 Cleaning registries for queue: 77
17:40:08 
17:40:08 *** Listening on 77...
17:40:08 77: RemoteModelLearning.learnModelRemote('xTiPPxTxPPyTiPPzTiPPzTz', 9.0, branchID=4, growth_generator='two_qubit_ising_rotation_hyperfine_transverse', host_name='node44-021', log_file='/panfs/panasas01/phys/bf16951/QMD/ParallelDevelopment/Results/Oct_01/12_39/logs/NV-exp-method-sim__random-phase--probe__QMLA_77.qmd.8794674.log', port_number=6377, qid=77, remote=True) (43dac9db-9fc6-4583-886a-4023250684c8)
17:40:08 77: RemoteModelLearning.learnModelRemote('xTiPPyTiPPyTyPPzTiPPzTz', 10.0, branchID=4, growth_generator='two_qubit_ising_rotation_hyperfine_transverse', host_name='node44-021', log_file='/panfs/panasas01/phys/bf16951/QMD/ParallelDevelopment/Results/Oct_01/12_39/logs/NV-exp-method-sim__random-phase--probe__QMLA_77.qmd.8794674.log', port_number=6377, qid=77, remote=True) (1ff6dcfd-051e-4d3b-8311-5381659f22b2)
18:05:08 77: Job OK (1ff6dcfd-051e-4d3b-8311-5381659f22b2)
18:05:08 Result will never expire, clean up result key manually
18:05:08 Cleaning registries for queue: 77
18:05:08 
18:05:08 *** Listening on 77...
18:05:35 77: Job OK (43dac9db-9fc6-4583-886a-4023250684c8)
18:05:35 Result will never expire, clean up result key manually
18:05:35 Cleaning registries for queue: 77
18:05:35 
18:05:35 *** Listening on 77...
18:05:36 77: RemoteBayesFactor.BayesFactorRemote(bayes_threshold=100, bf_data_folder='/panfs/panasas01/phys/bf16951/QMD/ParallelDevelopment/Results/Oct_01/12_39/BayesFactorsTimeRecords/', branchID=4, host_name='node44-021', interbranch=False, log_file='/panfs/panasas01/phys/bf16951/QMD/ParallelDevelopment/Results/Oct_01/12_39/logs/NV-exp-method-sim__random-phase--probe__QMLA_77.qmd.8794674.log', model_a_id=9, model_b_id=10, num_times_to_use=750, port_number=6377, qid=77, times_record='/panfs/panasas01/phys/bf16951/QMD/ParallelDevelopment/Results/Oct_01/12_39/BayesFactorsTimeRecords/BayesFactorsPairsTimes_077.txt', trueModel='xTiPPyTiPPzTiPPzTz') (9044918c-080d-4794-8851-71b373551152)
18:54:24 77: Job OK (9044918c-080d-4794-8851-71b373551152)
18:54:24 Result will never expire, clean up result key manually
18:54:24 Cleaning registries for queue: 77
18:54:24 
18:54:24 *** Listening on 77...
18:54:24 77: RemoteModelLearning.learnModelRemote('xTiPPxTxPPyTiPPyTyPPzTiPPzTz', 11.0, branchID=5, growth_generator='two_qubit_ising_rotation_hyperfine_transverse', host_name='node44-021', log_file='/panfs/panasas01/phys/bf16951/QMD/ParallelDevelopment/Results/Oct_01/12_39/logs/NV-exp-method-sim__random-phase--probe__QMLA_77.qmd.8794674.log', port_number=6377, qid=77, remote=True) (5fb81547-c092-4cb8-a91f-f5c4545eb956)
19:19:28 77: Job OK (5fb81547-c092-4cb8-a91f-f5c4545eb956)
19:19:28 Result will never expire, clean up result key manually
19:19:28 Cleaning registries for queue: 77
19:19:28 
19:19:28 *** Listening on 77...
19:19:28 77: RemoteModelLearning.learnModelRemote('xTiPPxTxPPyTiPPyTyPPyTzPPzTiPPzTz', 12.0, branchID=6, growth_generator='two_qubit_ising_rotation_hyperfine_transverse', host_name='node44-021', log_file='/panfs/panasas01/phys/bf16951/QMD/ParallelDevelopment/Results/Oct_01/12_39/logs/NV-exp-method-sim__random-phase--probe__QMLA_77.qmd.8794674.log', port_number=6377, qid=77, remote=True) (0e2703f3-0d68-4d52-b386-e0d147151381)
19:19:28 77: RemoteModelLearning.learnModelRemote('xTiPPxTxPPxTyPPyTiPPyTyPPzTiPPzTz', 13.0, branchID=6, growth_generator='two_qubit_ising_rotation_hyperfine_transverse', host_name='node44-021', log_file='/panfs/panasas01/phys/bf16951/QMD/ParallelDevelopment/Results/Oct_01/12_39/logs/NV-exp-method-sim__random-phase--probe__QMLA_77.qmd.8794674.log', port_number=6377, qid=77, remote=True) (83fc435d-49fe-4161-99ca-a1f6ead736ee)
19:19:28 77: RemoteModelLearning.learnModelRemote('xTiPPxTxPPxTzPPyTiPPyTyPPzTiPPzTz', 14.0, branchID=6, growth_generator='two_qubit_ising_rotation_hyperfine_transverse', host_name='node44-021', log_file='/panfs/panasas01/phys/bf16951/QMD/ParallelDevelopment/Results/Oct_01/12_39/logs/NV-exp-method-sim__random-phase--probe__QMLA_77.qmd.8794674.log', port_number=6377, qid=77, remote=True) (6363d3b1-38e4-4ac7-bafa-37941e03af17)
19:44:54 77: Job OK (0e2703f3-0d68-4d52-b386-e0d147151381)
19:44:54 Result will never expire, clean up result key manually
19:44:54 Cleaning registries for queue: 77
19:44:54 
19:44:54 *** Listening on 77...
19:46:03 77: Job OK (83fc435d-49fe-4161-99ca-a1f6ead736ee)
19:46:03 Result will never expire, clean up result key manually
19:46:03 Cleaning registries for queue: 77
19:46:03 
19:46:03 *** Listening on 77...
19:48:20 77: Job OK (6363d3b1-38e4-4ac7-bafa-37941e03af17)
19:48:20 Result will never expire, clean up result key manually
19:48:20 Cleaning registries for queue: 77
19:48:20 
19:48:20 *** Listening on 77...
19:48:21 77: RemoteBayesFactor.BayesFactorRemote(bayes_threshold=100, bf_data_folder='/panfs/panasas01/phys/bf16951/QMD/ParallelDevelopment/Results/Oct_01/12_39/BayesFactorsTimeRecords/', branchID=6, host_name='node44-021', interbranch=False, log_file='/panfs/panasas01/phys/bf16951/QMD/ParallelDevelopment/Results/Oct_01/12_39/logs/NV-exp-method-sim__random-phase--probe__QMLA_77.qmd.8794674.log', model_a_id=12, model_b_id=13, num_times_to_use=750, port_number=6377, qid=77, times_record='/panfs/panasas01/phys/bf16951/QMD/ParallelDevelopment/Results/Oct_01/12_39/BayesFactorsTimeRecords/BayesFactorsPairsTimes_077.txt', trueModel='xTiPPyTiPPzTiPPzTz') (8df195b7-9895-42bd-8097-31508d4f8558)
19:48:21 77: RemoteBayesFactor.BayesFactorRemote(bayes_threshold=100, bf_data_folder='/panfs/panasas01/phys/bf16951/QMD/ParallelDevelopment/Results/Oct_01/12_39/BayesFactorsTimeRecords/', branchID=6, host_name='node44-021', interbranch=False, log_file='/panfs/panasas01/phys/bf16951/QMD/ParallelDevelopment/Results/Oct_01/12_39/logs/NV-exp-method-sim__random-phase--probe__QMLA_77.qmd.8794674.log', model_a_id=12, model_b_id=14, num_times_to_use=750, port_number=6377, qid=77, times_record='/panfs/panasas01/phys/bf16951/QMD/ParallelDevelopment/Results/Oct_01/12_39/BayesFactorsTimeRecords/BayesFactorsPairsTimes_077.txt', trueModel='xTiPPyTiPPzTiPPzTz') (8116c7c2-d593-420f-ada9-7648d99a5d41)
19:48:21 77: RemoteBayesFactor.BayesFactorRemote(bayes_threshold=100, bf_data_folder='/panfs/panasas01/phys/bf16951/QMD/ParallelDevelopment/Results/Oct_01/12_39/BayesFactorsTimeRecords/', branchID=6, host_name='node44-021', interbranch=False, log_file='/panfs/panasas01/phys/bf16951/QMD/ParallelDevelopment/Results/Oct_01/12_39/logs/NV-exp-method-sim__random-phase--probe__QMLA_77.qmd.8794674.log', model_a_id=13, model_b_id=14, num_times_to_use=750, port_number=6377, qid=77, times_record='/panfs/panasas01/phys/bf16951/QMD/ParallelDevelopment/Results/Oct_01/12_39/BayesFactorsTimeRecords/BayesFactorsPairsTimes_077.txt', trueModel='xTiPPyTiPPzTiPPzTz') (683766bc-8eed-4e59-b1a3-e975d74e4a9b)
20:38:48 77: Job OK (8116c7c2-d593-420f-ada9-7648d99a5d41)
20:38:48 Result will never expire, clean up result key manually
20:38:48 Cleaning registries for queue: 77
20:38:48 
20:38:48 *** Listening on 77...
20:39:45 77: Job OK (683766bc-8eed-4e59-b1a3-e975d74e4a9b)
20:39:45 Result will never expire, clean up result key manually
20:39:45 
20:39:45 *** Listening on 77...
20:40:28 77: Job OK (8df195b7-9895-42bd-8097-31508d4f8558)
20:40:28 Result will never expire, clean up result key manually
20:40:28 Cleaning registries for queue: 77
20:40:28 
20:40:28 *** Listening on 77...
20:40:28 77: RemoteModelLearning.learnModelRemote('xTiPPxTxPPxTzPPyTiPPyTyPPyTzPPzTiPPzTz', 15.0, branchID=7, growth_generator='two_qubit_ising_rotation_hyperfine_transverse', host_name='node44-021', log_file='/panfs/panasas01/phys/bf16951/QMD/ParallelDevelopment/Results/Oct_01/12_39/logs/NV-exp-method-sim__random-phase--probe__QMLA_77.qmd.8794674.log', port_number=6377, qid=77, remote=True) (3d31c75f-d3a8-4617-ab43-9c291c78780b)
20:40:28 77: RemoteModelLearning.learnModelRemote('xTiPPxTxPPxTyPPxTzPPyTiPPyTyPPzTiPPzTz', 16.0, branchID=7, growth_generator='two_qubit_ising_rotation_hyperfine_transverse', host_name='node44-021', log_file='/panfs/panasas01/phys/bf16951/QMD/ParallelDevelopment/Results/Oct_01/12_39/logs/NV-exp-method-sim__random-phase--probe__QMLA_77.qmd.8794674.log', port_number=6377, qid=77, remote=True) (f367ea61-7c61-40ae-8074-32a2cae357b9)
21:05:47 77: Job OK (3d31c75f-d3a8-4617-ab43-9c291c78780b)
21:05:47 Result will never expire, clean up result key manually
21:05:47 Cleaning registries for queue: 77
21:05:47 
21:05:47 *** Listening on 77...
21:05:54 77: Job OK (f367ea61-7c61-40ae-8074-32a2cae357b9)
21:05:54 Result will never expire, clean up result key manually
21:05:54 Cleaning registries for queue: 77
21:05:54 
21:05:54 *** Listening on 77...
21:05:54 77: RemoteBayesFactor.BayesFactorRemote(bayes_threshold=100, bf_data_folder='/panfs/panasas01/phys/bf16951/QMD/ParallelDevelopment/Results/Oct_01/12_39/BayesFactorsTimeRecords/', branchID=7, host_name='node44-021', interbranch=False, log_file='/panfs/panasas01/phys/bf16951/QMD/ParallelDevelopment/Results/Oct_01/12_39/logs/NV-exp-method-sim__random-phase--probe__QMLA_77.qmd.8794674.log', model_a_id=15, model_b_id=16, num_times_to_use=750, port_number=6377, qid=77, times_record='/panfs/panasas01/phys/bf16951/QMD/ParallelDevelopment/Results/Oct_01/12_39/BayesFactorsTimeRecords/BayesFactorsPairsTimes_077.txt', trueModel='xTiPPyTiPPzTiPPzTz') (55998162-4809-43c7-80f2-fd3a4ec3324f)
21:54:32 77: Job OK (55998162-4809-43c7-80f2-fd3a4ec3324f)
21:54:32 Result will never expire, clean up result key manually
21:54:32 Cleaning registries for queue: 77
21:54:32 
21:54:32 *** Listening on 77...
21:54:32 77: RemoteModelLearning.learnModelRemote('xTiPPxTxPPxTyPPxTzPPyTiPPyTyPPyTzPPzTiPPzTz', 17.0, branchID=8, growth_generator='two_qubit_ising_rotation_hyperfine_transverse', host_name='node44-021', log_file='/panfs/panasas01/phys/bf16951/QMD/ParallelDevelopment/Results/Oct_01/12_39/logs/NV-exp-method-sim__random-phase--probe__QMLA_77.qmd.8794674.log', port_number=6377, qid=77, remote=True) (c2094905-3cef-4ab3-80d9-2f697612bd6c)
22:19:16 77: Job OK (c2094905-3cef-4ab3-80d9-2f697612bd6c)
22:19:16 Result will never expire, clean up result key manually
22:19:16 77: RemoteBayesFactor.BayesFactorRemote(bayes_threshold=100, bf_data_folder='/panfs/panasas01/phys/bf16951/QMD/ParallelDevelopment/Results/Oct_01/12_39/BayesFactorsTimeRecords/', branchID=None, host_name='node44-021', interbranch=True, log_file='/panfs/panasas01/phys/bf16951/QMD/ParallelDevelopment/Results/Oct_01/12_39/logs/NV-exp-method-sim__random-phase--probe__QMLA_77.qmd.8794674.log', model_a_id=2, model_b_id=4, num_times_to_use=750, port_number=6377, qid=77, times_record='/panfs/panasas01/phys/bf16951/QMD/ParallelDevelopment/Results/Oct_01/12_39/BayesFactorsTimeRecords/BayesFactorsPairsTimes_077.txt', trueModel='xTiPPyTiPPzTiPPzTz') (40d8e8a6-3480-457f-91f3-6308f0d4aab5)
22:19:16 77: RemoteBayesFactor.BayesFactorRemote(bayes_threshold=100, bf_data_folder='/panfs/panasas01/phys/bf16951/QMD/ParallelDevelopment/Results/Oct_01/12_39/BayesFactorsTimeRecords/', branchID=None, host_name='node44-021', interbranch=True, log_file='/panfs/panasas01/phys/bf16951/QMD/ParallelDevelopment/Results/Oct_01/12_39/logs/NV-exp-method-sim__random-phase--probe__QMLA_77.qmd.8794674.log', model_a_id=4, model_b_id=5, num_times_to_use=750, port_number=6377, qid=77, times_record='/panfs/panasas01/phys/bf16951/QMD/ParallelDevelopment/Results/Oct_01/12_39/BayesFactorsTimeRecords/BayesFactorsPairsTimes_077.txt', trueModel='xTiPPyTiPPzTiPPzTz') (55c0fe41-4d10-4c65-b184-240a68037a1c)
22:19:16 77: RemoteBayesFactor.BayesFactorRemote(bayes_threshold=100, bf_data_folder='/panfs/panasas01/phys/bf16951/QMD/ParallelDevelopment/Results/Oct_01/12_39/BayesFactorsTimeRecords/', branchID=None, host_name='node44-021', interbranch=True, log_file='/panfs/panasas01/phys/bf16951/QMD/ParallelDevelopment/Results/Oct_01/12_39/logs/NV-exp-method-sim__random-phase--probe__QMLA_77.qmd.8794674.log', model_a_id=5, model_b_id=8, num_times_to_use=750, port_number=6377, qid=77, times_record='/panfs/panasas01/phys/bf16951/QMD/ParallelDevelopment/Results/Oct_01/12_39/BayesFactorsTimeRecords/BayesFactorsPairsTimes_077.txt', trueModel='xTiPPyTiPPzTiPPzTz') (0a655ed0-7f31-4d6e-8cbc-46cd19b6206c)
22:19:16 Cleaning registries for queue: 77
22:19:16 
22:19:16 *** Listening on 77...
22:19:16 77: RemoteBayesFactor.BayesFactorRemote(bayes_threshold=100, bf_data_folder='/panfs/panasas01/phys/bf16951/QMD/ParallelDevelopment/Results/Oct_01/12_39/BayesFactorsTimeRecords/', branchID=None, host_name='node44-021', interbranch=True, log_file='/panfs/panasas01/phys/bf16951/QMD/ParallelDevelopment/Results/Oct_01/12_39/logs/NV-exp-method-sim__random-phase--probe__QMLA_77.qmd.8794674.log', model_a_id=9, model_b_id=11, num_times_to_use=750, port_number=6377, qid=77, times_record='/panfs/panasas01/phys/bf16951/QMD/ParallelDevelopment/Results/Oct_01/12_39/BayesFactorsTimeRecords/BayesFactorsPairsTimes_077.txt', trueModel='xTiPPyTiPPzTiPPzTz') (0c278069-41d8-447c-9f4d-4e08ab847352)
22:19:16 77: RemoteBayesFactor.BayesFactorRemote(bayes_threshold=100, bf_data_folder='/panfs/panasas01/phys/bf16951/QMD/ParallelDevelopment/Results/Oct_01/12_39/BayesFactorsTimeRecords/', branchID=None, host_name='node44-021', interbranch=True, log_file='/panfs/panasas01/phys/bf16951/QMD/ParallelDevelopment/Results/Oct_01/12_39/logs/NV-exp-method-sim__random-phase--probe__QMLA_77.qmd.8794674.log', model_a_id=11, model_b_id=14, num_times_to_use=750, port_number=6377, qid=77, times_record='/panfs/panasas01/phys/bf16951/QMD/ParallelDevelopment/Results/Oct_01/12_39/BayesFactorsTimeRecords/BayesFactorsPairsTimes_077.txt', trueModel='xTiPPyTiPPzTiPPzTz') (99ef0745-fa4a-45bc-a8b2-86ffb89be216)
22:19:16 77: RemoteBayesFactor.BayesFactorRemote(bayes_threshold=100, bf_data_folder='/panfs/panasas01/phys/bf16951/QMD/ParallelDevelopment/Results/Oct_01/12_39/BayesFactorsTimeRecords/', branchID=None, host_name='node44-021', interbranch=True, log_file='/panfs/panasas01/phys/bf16951/QMD/ParallelDevelopment/Results/Oct_01/12_39/logs/NV-exp-method-sim__random-phase--probe__QMLA_77.qmd.8794674.log', model_a_id=8, model_b_id=9, num_times_to_use=750, port_number=6377, qid=77, times_record='/panfs/panasas01/phys/bf16951/QMD/ParallelDevelopment/Results/Oct_01/12_39/BayesFactorsTimeRecords/BayesFactorsPairsTimes_077.txt', trueModel='xTiPPyTiPPzTiPPzTz') (dafbad33-3cf1-4ac3-96e1-7f950010e476)
23:10:47 77: Job OK (99ef0745-fa4a-45bc-a8b2-86ffb89be216)
23:10:47 Result will never expire, clean up result key manually
23:10:47 
23:10:47 *** Listening on 77...
23:10:47 77: RemoteBayesFactor.BayesFactorRemote(bayes_threshold=100, bf_data_folder='/panfs/panasas01/phys/bf16951/QMD/ParallelDevelopment/Results/Oct_01/12_39/BayesFactorsTimeRecords/', branchID=None, host_name='node44-021', interbranch=True, log_file='/panfs/panasas01/phys/bf16951/QMD/ParallelDevelopment/Results/Oct_01/12_39/logs/NV-exp-method-sim__random-phase--probe__QMLA_77.qmd.8794674.log', model_a_id=14, model_b_id=15, num_times_to_use=750, port_number=6377, qid=77, times_record='/panfs/panasas01/phys/bf16951/QMD/ParallelDevelopment/Results/Oct_01/12_39/BayesFactorsTimeRecords/BayesFactorsPairsTimes_077.txt', trueModel='xTiPPyTiPPzTiPPzTz') (c4548cff-ca61-453f-9bef-c16d505f41c7)
23:11:18 77: Job OK (0c278069-41d8-447c-9f4d-4e08ab847352)
23:11:18 Result will never expire, clean up result key manually
23:11:18 Cleaning registries for queue: 77
23:11:18 
23:11:18 *** Listening on 77...
23:11:18 77: RemoteBayesFactor.BayesFactorRemote(bayes_threshold=100, bf_data_folder='/panfs/panasas01/phys/bf16951/QMD/ParallelDevelopment/Results/Oct_01/12_39/BayesFactorsTimeRecords/', branchID=None, host_name='node44-021', interbranch=True, log_file='/panfs/panasas01/phys/bf16951/QMD/ParallelDevelopment/Results/Oct_01/12_39/logs/NV-exp-method-sim__random-phase--probe__QMLA_77.qmd.8794674.log', model_a_id=15, model_b_id=17, num_times_to_use=750, port_number=6377, qid=77, times_record='/panfs/panasas01/phys/bf16951/QMD/ParallelDevelopment/Results/Oct_01/12_39/BayesFactorsTimeRecords/BayesFactorsPairsTimes_077.txt', trueModel='xTiPPyTiPPzTiPPzTz') (233f04bb-931f-4c50-b64f-66eb5de3a72c)
23:11:51 77: Job OK (dafbad33-3cf1-4ac3-96e1-7f950010e476)
23:11:51 Result will never expire, clean up result key manually
23:11:51 Cleaning registries for queue: 77
23:11:51 
23:11:51 *** Listening on 77...
23:12:36 77: Job OK (55c0fe41-4d10-4c65-b184-240a68037a1c)
23:12:36 Result will never expire, clean up result key manually
23:12:36 Cleaning registries for queue: 77
23:12:36 
23:12:36 *** Listening on 77...
23:12:47 77: Job OK (0a655ed0-7f31-4d6e-8cbc-46cd19b6206c)
23:12:47 Result will never expire, clean up result key manually
23:12:47 Cleaning registries for queue: 77
23:12:47 
23:12:47 *** Listening on 77...
23:20:24 77: Job OK (40d8e8a6-3480-457f-91f3-6308f0d4aab5)
23:20:24 Result will never expire, clean up result key manually
23:20:24 Cleaning registries for queue: 77
23:20:24 
23:20:24 *** Listening on 77...
23:59:29 77: Job OK (c4548cff-ca61-453f-9bef-c16d505f41c7)
23:59:29 Result will never expire, clean up result key manually
23:59:29 Cleaning registries for queue: 77
23:59:29 
23:59:29 *** Listening on 77...
00:00:43 77: Job OK (233f04bb-931f-4c50-b64f-66eb5de3a72c)
00:00:43 Result will never expire, clean up result key manually
00:00:43 
00:00:43 *** Listening on 77...
00:00:43 77: RemoteBayesFactor.BayesFactorRemote(bayes_threshold=100, bf_data_folder='/panfs/panasas01/phys/bf16951/QMD/ParallelDevelopment/Results/Oct_01/12_39/BayesFactorsTimeRecords/', branchID=9, host_name='node44-021', interbranch=False, log_file='/panfs/panasas01/phys/bf16951/QMD/ParallelDevelopment/Results/Oct_01/12_39/logs/NV-exp-method-sim__random-phase--probe__QMLA_77.qmd.8794674.log', model_a_id=11.0, model_b_id=17.0, num_times_to_use=750, port_number=6377, qid=77, times_record='/panfs/panasas01/phys/bf16951/QMD/ParallelDevelopment/Results/Oct_01/12_39/BayesFactorsTimeRecords/BayesFactorsPairsTimes_077.txt', trueModel='xTiPPyTiPPzTiPPzTz') (5de7168b-226c-425a-beb2-a4b0cd4b70ea)
00:00:43 77: RemoteBayesFactor.BayesFactorRemote(bayes_threshold=100, bf_data_folder='/panfs/panasas01/phys/bf16951/QMD/ParallelDevelopment/Results/Oct_01/12_39/BayesFactorsTimeRecords/', branchID=9, host_name='node44-021', interbranch=False, log_file='/panfs/panasas01/phys/bf16951/QMD/ParallelDevelopment/Results/Oct_01/12_39/logs/NV-exp-method-sim__random-phase--probe__QMLA_77.qmd.8794674.log', model_a_id=11.0, model_b_id=4.0, num_times_to_use=750, port_number=6377, qid=77, times_record='/panfs/panasas01/phys/bf16951/QMD/ParallelDevelopment/Results/Oct_01/12_39/BayesFactorsTimeRecords/BayesFactorsPairsTimes_077.txt', trueModel='xTiPPyTiPPzTiPPzTz') (b06771d3-eae4-495f-a8fc-d65de56a5883)
00:00:43 77: RemoteBayesFactor.BayesFactorRemote(bayes_threshold=100, bf_data_folder='/panfs/panasas01/phys/bf16951/QMD/ParallelDevelopment/Results/Oct_01/12_39/BayesFactorsTimeRecords/', branchID=9, host_name='node44-021', interbranch=False, log_file='/panfs/panasas01/phys/bf16951/QMD/ParallelDevelopment/Results/Oct_01/12_39/logs/NV-exp-method-sim__random-phase--probe__QMLA_77.qmd.8794674.log', model_a_id=9.0, model_b_id=17.0, num_times_to_use=750, port_number=6377, qid=77, times_record='/panfs/panasas01/phys/bf16951/QMD/ParallelDevelopment/Results/Oct_01/12_39/BayesFactorsTimeRecords/BayesFactorsPairsTimes_077.txt', trueModel='xTiPPyTiPPzTiPPzTz') (63bd96a7-1691-4bbb-834a-5c149b8c7de4)
00:00:43 77: RemoteBayesFactor.BayesFactorRemote(bayes_threshold=100, bf_data_folder='/panfs/panasas01/phys/bf16951/QMD/ParallelDevelopment/Results/Oct_01/12_39/BayesFactorsTimeRecords/', branchID=9, host_name='node44-021', interbranch=False, log_file='/panfs/panasas01/phys/bf16951/QMD/ParallelDevelopment/Results/Oct_01/12_39/logs/NV-exp-method-sim__random-phase--probe__QMLA_77.qmd.8794674.log', model_a_id=9.0, model_b_id=4.0, num_times_to_use=750, port_number=6377, qid=77, times_record='/panfs/panasas01/phys/bf16951/QMD/ParallelDevelopment/Results/Oct_01/12_39/BayesFactorsTimeRecords/BayesFactorsPairsTimes_077.txt', trueModel='xTiPPyTiPPzTiPPzTz') (5eeb10d8-5e64-455b-80a3-8f321df697e3)
00:00:43 77: RemoteBayesFactor.BayesFactorRemote(bayes_threshold=100, bf_data_folder='/panfs/panasas01/phys/bf16951/QMD/ParallelDevelopment/Results/Oct_01/12_39/BayesFactorsTimeRecords/', branchID=9, host_name='node44-021', interbranch=False, log_file='/panfs/panasas01/phys/bf16951/QMD/ParallelDevelopment/Results/Oct_01/12_39/logs/NV-exp-method-sim__random-phase--probe__QMLA_77.qmd.8794674.log', model_a_id=17.0, model_b_id=4.0, num_times_to_use=750, port_number=6377, qid=77, times_record='/panfs/panasas01/phys/bf16951/QMD/ParallelDevelopment/Results/Oct_01/12_39/BayesFactorsTimeRecords/BayesFactorsPairsTimes_077.txt', trueModel='xTiPPyTiPPzTiPPzTz') (1305adcc-da7b-4036-ae97-908b0b0f1bb4)
00:53:02 77: Job OK (63bd96a7-1691-4bbb-834a-5c149b8c7de4)
00:53:02 Result will never expire, clean up result key manually
00:53:02 
00:53:02 *** Listening on 77...
00:53:11 77: Job OK (5de7168b-226c-425a-beb2-a4b0cd4b70ea)
00:53:11 Result will never expire, clean up result key manually
00:53:11 Cleaning registries for queue: 77
00:53:11 
00:53:11 *** Listening on 77...
00:53:36 77: Job OK (1305adcc-da7b-4036-ae97-908b0b0f1bb4)
00:53:36 Result will never expire, clean up result key manually
00:53:36 Cleaning registries for queue: 77
00:53:36 
00:53:36 *** Listening on 77...
00:53:44 77: Job OK (5eeb10d8-5e64-455b-80a3-8f321df697e3)
00:53:44 Result will never expire, clean up result key manually
00:53:44 Cleaning registries for queue: 77
00:53:44 
00:53:44 *** Listening on 77...
00:55:37 77: Job OK (b06771d3-eae4-495f-a8fc-d65de56a5883)
00:55:37 Result will never expire, clean up result key manually
00:55:37 Cleaning registries for queue: 77
00:55:37 
00:55:37 *** Listening on 77...
Error 111 connecting to node44-021:6377. Connection refused.
Error 111 connecting to node44-021:6377. Connection refused.
Error 111 connecting to node44-021:6377. Connection refused.
Error 111 connecting to node44-021:6377. Connection refused.
Error 111 connecting to node44-021:6377. Connection refused.
Error 111 connecting to node44-021:6377. Connection refused.
