12:50:32 RQ worker 'rq:worker:node35-043.15116' started, version 0.8.1
12:50:32 Cleaning registries for queue: 55
12:50:32 
12:50:32 *** Listening on 55...
12:50:32 RQ worker 'rq:worker:node35-043.15115' started, version 0.8.1
12:50:32 Cleaning registries for queue: 55
12:50:32 
12:50:32 *** Listening on 55...
12:50:32 RQ worker 'rq:worker:node35-043.15112' started, version 0.8.1
12:50:32 RQ worker 'rq:worker:node35-043.15113' started, version 0.8.1
12:50:32 RQ worker 'rq:worker:node35-043.15114' started, version 0.8.1
12:50:32 Cleaning registries for queue: 55
12:50:32 Cleaning registries for queue: 55
12:50:32 Cleaning registries for queue: 55
12:50:32 
12:50:32 
12:50:32 *** Listening on 55...
12:50:32 *** Listening on 55...
12:50:32 
12:50:32 *** Listening on 55...
12:50:32 RQ worker 'rq:worker:node35-043.15111' started, version 0.8.1
12:50:32 Cleaning registries for queue: 55
12:50:32 
12:50:32 *** Listening on 55...
12:50:43 55: RemoteModelLearning.learnModelRemote('zTi', 2.0, branchID=0, growth_generator='two_qubit_ising_rotation_hyperfine_transverse', host_name='node35-043', log_file='/panfs/panasas01/phys/bf16951/QMD/ParallelDevelopment/Results/Oct_01/12_39/logs/NV-exp-method-sim__random-phase--probe__QMLA_55.qmd.8794652.log', port_number=6355, qid=55, remote=True) (f3c41a78-f0ee-4ac0-ace6-89b9b06bf7e4)
12:50:43 55: RemoteModelLearning.learnModelRemote('yTi', 1.0, branchID=0, growth_generator='two_qubit_ising_rotation_hyperfine_transverse', host_name='node35-043', log_file='/panfs/panasas01/phys/bf16951/QMD/ParallelDevelopment/Results/Oct_01/12_39/logs/NV-exp-method-sim__random-phase--probe__QMLA_55.qmd.8794652.log', port_number=6355, qid=55, remote=True) (26dcc5b6-534e-406e-82c1-4a556d0a25d9)
12:50:43 55: RemoteModelLearning.learnModelRemote('xTi', 0.0, branchID=0, growth_generator='two_qubit_ising_rotation_hyperfine_transverse', host_name='node35-043', log_file='/panfs/panasas01/phys/bf16951/QMD/ParallelDevelopment/Results/Oct_01/12_39/logs/NV-exp-method-sim__random-phase--probe__QMLA_55.qmd.8794652.log', port_number=6355, qid=55, remote=True) (a913815b-614d-4eb0-895d-bcc9bfb7c2b3)
13:13:07 55: Job OK (a913815b-614d-4eb0-895d-bcc9bfb7c2b3)
13:13:07 Result will never expire, clean up result key manually
13:13:07 
13:13:07 *** Listening on 55...
/cm/shared/languages/Anaconda3-5.0.1-PHYS015202/lib/python3.6/site-packages/qinfer/utils.py:268: ApproximationWarning: Numerical error in covariance estimation causing positive semidefinite violation.
  warnings.warn('Numerical error in covariance estimation causing positive semidefinite violation.', ApproximationWarning)
./QML.py:666: RuntimeWarning: invalid value encountered in sqrt
  np.diag(self.Updater.est_covariance_mtx())
13:18:01 55: Job OK (26dcc5b6-534e-406e-82c1-4a556d0a25d9)
13:18:01 Result will never expire, clean up result key manually
13:18:01 
13:18:01 *** Listening on 55...
13:28:52 55: Job OK (f3c41a78-f0ee-4ac0-ace6-89b9b06bf7e4)
13:28:52 Result will never expire, clean up result key manually
13:28:52 
13:28:52 *** Listening on 55...
13:28:53 55: RemoteBayesFactor.BayesFactorRemote(bayes_threshold=100, bf_data_folder='/panfs/panasas01/phys/bf16951/QMD/ParallelDevelopment/Results/Oct_01/12_39/BayesFactorsTimeRecords/', branchID=0, host_name='node35-043', interbranch=False, log_file='/panfs/panasas01/phys/bf16951/QMD/ParallelDevelopment/Results/Oct_01/12_39/logs/NV-exp-method-sim__random-phase--probe__QMLA_55.qmd.8794652.log', model_a_id=0, model_b_id=2, num_times_to_use=750, port_number=6355, qid=55, times_record='/panfs/panasas01/phys/bf16951/QMD/ParallelDevelopment/Results/Oct_01/12_39/BayesFactorsTimeRecords/BayesFactorsPairsTimes_055.txt', trueModel='xTiPPyTiPPzTiPPzTz') (53cc4ffa-54c7-477f-b02f-3e9e18d1bb42)
13:28:53 55: RemoteBayesFactor.BayesFactorRemote(bayes_threshold=100, bf_data_folder='/panfs/panasas01/phys/bf16951/QMD/ParallelDevelopment/Results/Oct_01/12_39/BayesFactorsTimeRecords/', branchID=0, host_name='node35-043', interbranch=False, log_file='/panfs/panasas01/phys/bf16951/QMD/ParallelDevelopment/Results/Oct_01/12_39/logs/NV-exp-method-sim__random-phase--probe__QMLA_55.qmd.8794652.log', model_a_id=0, model_b_id=1, num_times_to_use=750, port_number=6355, qid=55, times_record='/panfs/panasas01/phys/bf16951/QMD/ParallelDevelopment/Results/Oct_01/12_39/BayesFactorsTimeRecords/BayesFactorsPairsTimes_055.txt', trueModel='xTiPPyTiPPzTiPPzTz') (b19578fc-cbf5-4fa0-9e4b-1024da60a3cf)
13:28:53 55: RemoteBayesFactor.BayesFactorRemote(bayes_threshold=100, bf_data_folder='/panfs/panasas01/phys/bf16951/QMD/ParallelDevelopment/Results/Oct_01/12_39/BayesFactorsTimeRecords/', branchID=0, host_name='node35-043', interbranch=False, log_file='/panfs/panasas01/phys/bf16951/QMD/ParallelDevelopment/Results/Oct_01/12_39/logs/NV-exp-method-sim__random-phase--probe__QMLA_55.qmd.8794652.log', model_a_id=1, model_b_id=2, num_times_to_use=750, port_number=6355, qid=55, times_record='/panfs/panasas01/phys/bf16951/QMD/ParallelDevelopment/Results/Oct_01/12_39/BayesFactorsTimeRecords/BayesFactorsPairsTimes_055.txt', trueModel='xTiPPyTiPPzTiPPzTz') (be4ec0ea-e494-4e8a-824e-3f65e0b01f91)
14:17:15 55: Job OK (b19578fc-cbf5-4fa0-9e4b-1024da60a3cf)
14:17:15 Result will never expire, clean up result key manually
14:17:15 Cleaning registries for queue: 55
14:17:15 
14:17:15 *** Listening on 55...
14:36:47 55: Job OK (53cc4ffa-54c7-477f-b02f-3e9e18d1bb42)
14:36:47 Result will never expire, clean up result key manually
14:36:47 Cleaning registries for queue: 55
14:36:47 
14:36:47 *** Listening on 55...
14:41:49 55: Job OK (be4ec0ea-e494-4e8a-824e-3f65e0b01f91)
14:41:49 Result will never expire, clean up result key manually
14:41:49 Cleaning registries for queue: 55
14:41:49 
14:41:49 *** Listening on 55...
14:41:49 55: RemoteModelLearning.learnModelRemote('xTiPPyTi', 3.0, branchID=1, growth_generator='two_qubit_ising_rotation_hyperfine_transverse', host_name='node35-043', log_file='/panfs/panasas01/phys/bf16951/QMD/ParallelDevelopment/Results/Oct_01/12_39/logs/NV-exp-method-sim__random-phase--probe__QMLA_55.qmd.8794652.log', port_number=6355, qid=55, remote=True) (83566532-3203-4079-917b-de6de342e379)
14:41:49 55: RemoteModelLearning.learnModelRemote('yTiPPzTi', 4.0, branchID=1, growth_generator='two_qubit_ising_rotation_hyperfine_transverse', host_name='node35-043', log_file='/panfs/panasas01/phys/bf16951/QMD/ParallelDevelopment/Results/Oct_01/12_39/logs/NV-exp-method-sim__random-phase--probe__QMLA_55.qmd.8794652.log', port_number=6355, qid=55, remote=True) (71a4ea9c-c989-4a8c-a3a6-4ac6f45957ce)
15:07:17 55: Job OK (71a4ea9c-c989-4a8c-a3a6-4ac6f45957ce)
15:07:17 Result will never expire, clean up result key manually
15:07:17 Cleaning registries for queue: 55
15:07:17 
15:07:17 *** Listening on 55...
15:07:51 55: Job OK (83566532-3203-4079-917b-de6de342e379)
15:07:51 Result will never expire, clean up result key manually
15:07:51 
15:07:51 *** Listening on 55...
15:07:51 55: RemoteBayesFactor.BayesFactorRemote(bayes_threshold=100, bf_data_folder='/panfs/panasas01/phys/bf16951/QMD/ParallelDevelopment/Results/Oct_01/12_39/BayesFactorsTimeRecords/', branchID=1, host_name='node35-043', interbranch=False, log_file='/panfs/panasas01/phys/bf16951/QMD/ParallelDevelopment/Results/Oct_01/12_39/logs/NV-exp-method-sim__random-phase--probe__QMLA_55.qmd.8794652.log', model_a_id=3, model_b_id=4, num_times_to_use=750, port_number=6355, qid=55, times_record='/panfs/panasas01/phys/bf16951/QMD/ParallelDevelopment/Results/Oct_01/12_39/BayesFactorsTimeRecords/BayesFactorsPairsTimes_055.txt', trueModel='xTiPPyTiPPzTiPPzTz') (78e553de-36fb-44d7-8c1c-b1f8ad2722ad)
15:58:42 55: Job OK (78e553de-36fb-44d7-8c1c-b1f8ad2722ad)
15:58:42 Result will never expire, clean up result key manually
15:58:42 Cleaning registries for queue: 55
15:58:42 
15:58:42 *** Listening on 55...
15:58:42 55: RemoteModelLearning.learnModelRemote('xTiPPyTiPPzTi', 5.0, branchID=2, growth_generator='two_qubit_ising_rotation_hyperfine_transverse', host_name='node35-043', log_file='/panfs/panasas01/phys/bf16951/QMD/ParallelDevelopment/Results/Oct_01/12_39/logs/NV-exp-method-sim__random-phase--probe__QMLA_55.qmd.8794652.log', port_number=6355, qid=55, remote=True) (b175061a-a0b7-488a-b2f7-e912d8f84591)
16:24:22 55: Job OK (b175061a-a0b7-488a-b2f7-e912d8f84591)
16:24:22 Result will never expire, clean up result key manually
16:24:22 Cleaning registries for queue: 55
16:24:22 
16:24:22 *** Listening on 55...
16:24:23 55: RemoteModelLearning.learnModelRemote('xTiPPyTiPPzTiPPzTz', 6.0, branchID=3, growth_generator='two_qubit_ising_rotation_hyperfine_transverse', host_name='node35-043', log_file='/panfs/panasas01/phys/bf16951/QMD/ParallelDevelopment/Results/Oct_01/12_39/logs/NV-exp-method-sim__random-phase--probe__QMLA_55.qmd.8794652.log', port_number=6355, qid=55, remote=True) (9c0f3ec4-8829-4737-8bce-e2475ad12d60)
16:24:23 55: RemoteModelLearning.learnModelRemote('xTiPPxTxPPyTiPPzTi', 7.0, branchID=3, growth_generator='two_qubit_ising_rotation_hyperfine_transverse', host_name='node35-043', log_file='/panfs/panasas01/phys/bf16951/QMD/ParallelDevelopment/Results/Oct_01/12_39/logs/NV-exp-method-sim__random-phase--probe__QMLA_55.qmd.8794652.log', port_number=6355, qid=55, remote=True) (ec21f23c-8841-4d2f-8e3a-124c3b6e66ce)
16:24:23 55: RemoteModelLearning.learnModelRemote('xTiPPyTiPPyTyPPzTi', 8.0, branchID=3, growth_generator='two_qubit_ising_rotation_hyperfine_transverse', host_name='node35-043', log_file='/panfs/panasas01/phys/bf16951/QMD/ParallelDevelopment/Results/Oct_01/12_39/logs/NV-exp-method-sim__random-phase--probe__QMLA_55.qmd.8794652.log', port_number=6355, qid=55, remote=True) (f65c50b5-d1a4-409e-a59a-951eebd053e9)
16:49:50 55: Job OK (f65c50b5-d1a4-409e-a59a-951eebd053e9)
16:49:50 Result will never expire, clean up result key manually
16:49:50 
16:49:50 *** Listening on 55...
16:50:06 55: Job OK (9c0f3ec4-8829-4737-8bce-e2475ad12d60)
16:50:06 Result will never expire, clean up result key manually
16:50:06 Cleaning registries for queue: 55
16:50:06 
16:50:06 *** Listening on 55...
16:50:38 55: Job OK (ec21f23c-8841-4d2f-8e3a-124c3b6e66ce)
16:50:38 Result will never expire, clean up result key manually
16:50:38 Cleaning registries for queue: 55
16:50:38 
16:50:38 *** Listening on 55...
16:50:38 55: RemoteBayesFactor.BayesFactorRemote(bayes_threshold=100, bf_data_folder='/panfs/panasas01/phys/bf16951/QMD/ParallelDevelopment/Results/Oct_01/12_39/BayesFactorsTimeRecords/', branchID=3, host_name='node35-043', interbranch=False, log_file='/panfs/panasas01/phys/bf16951/QMD/ParallelDevelopment/Results/Oct_01/12_39/logs/NV-exp-method-sim__random-phase--probe__QMLA_55.qmd.8794652.log', model_a_id=7, model_b_id=8, num_times_to_use=750, port_number=6355, qid=55, times_record='/panfs/panasas01/phys/bf16951/QMD/ParallelDevelopment/Results/Oct_01/12_39/BayesFactorsTimeRecords/BayesFactorsPairsTimes_055.txt', trueModel='xTiPPyTiPPzTiPPzTz') (5e5c21ec-db51-4d7f-b3a7-19a0fa832408)
16:50:38 55: RemoteBayesFactor.BayesFactorRemote(bayes_threshold=100, bf_data_folder='/panfs/panasas01/phys/bf16951/QMD/ParallelDevelopment/Results/Oct_01/12_39/BayesFactorsTimeRecords/', branchID=3, host_name='node35-043', interbranch=False, log_file='/panfs/panasas01/phys/bf16951/QMD/ParallelDevelopment/Results/Oct_01/12_39/logs/NV-exp-method-sim__random-phase--probe__QMLA_55.qmd.8794652.log', model_a_id=6, model_b_id=7, num_times_to_use=750, port_number=6355, qid=55, times_record='/panfs/panasas01/phys/bf16951/QMD/ParallelDevelopment/Results/Oct_01/12_39/BayesFactorsTimeRecords/BayesFactorsPairsTimes_055.txt', trueModel='xTiPPyTiPPzTiPPzTz') (213a78e4-dbdc-48a6-ba7e-7e3c6e1353b5)
16:50:38 55: RemoteBayesFactor.BayesFactorRemote(bayes_threshold=100, bf_data_folder='/panfs/panasas01/phys/bf16951/QMD/ParallelDevelopment/Results/Oct_01/12_39/BayesFactorsTimeRecords/', branchID=3, host_name='node35-043', interbranch=False, log_file='/panfs/panasas01/phys/bf16951/QMD/ParallelDevelopment/Results/Oct_01/12_39/logs/NV-exp-method-sim__random-phase--probe__QMLA_55.qmd.8794652.log', model_a_id=6, model_b_id=8, num_times_to_use=750, port_number=6355, qid=55, times_record='/panfs/panasas01/phys/bf16951/QMD/ParallelDevelopment/Results/Oct_01/12_39/BayesFactorsTimeRecords/BayesFactorsPairsTimes_055.txt', trueModel='xTiPPyTiPPzTiPPzTz') (7293bdae-768a-4952-b4e7-39b2b401592a)
17:41:28 55: Job OK (213a78e4-dbdc-48a6-ba7e-7e3c6e1353b5)
17:41:28 Result will never expire, clean up result key manually
17:41:28 Cleaning registries for queue: 55
17:41:28 
17:41:28 *** Listening on 55...
17:41:30 55: Job OK (7293bdae-768a-4952-b4e7-39b2b401592a)
17:41:30 Result will never expire, clean up result key manually
17:41:30 Cleaning registries for queue: 55
17:41:30 
17:41:30 *** Listening on 55...
17:41:44 55: Job OK (5e5c21ec-db51-4d7f-b3a7-19a0fa832408)
17:41:44 Result will never expire, clean up result key manually
17:41:44 Cleaning registries for queue: 55
17:41:44 
17:41:44 *** Listening on 55...
17:41:44 55: RemoteModelLearning.learnModelRemote('xTiPPyTiPPyTyPPzTiPPzTz', 9.0, branchID=4, growth_generator='two_qubit_ising_rotation_hyperfine_transverse', host_name='node35-043', log_file='/panfs/panasas01/phys/bf16951/QMD/ParallelDevelopment/Results/Oct_01/12_39/logs/NV-exp-method-sim__random-phase--probe__QMLA_55.qmd.8794652.log', port_number=6355, qid=55, remote=True) (7b0dd7b8-cc4d-4616-bab2-49cb1b97cfc7)
17:41:44 55: RemoteModelLearning.learnModelRemote('xTiPPxTxPPyTiPPzTiPPzTz', 10.0, branchID=4, growth_generator='two_qubit_ising_rotation_hyperfine_transverse', host_name='node35-043', log_file='/panfs/panasas01/phys/bf16951/QMD/ParallelDevelopment/Results/Oct_01/12_39/logs/NV-exp-method-sim__random-phase--probe__QMLA_55.qmd.8794652.log', port_number=6355, qid=55, remote=True) (eac40328-665d-4e26-9ab8-c1773282e481)
18:06:17 55: Job OK (eac40328-665d-4e26-9ab8-c1773282e481)
18:06:17 Result will never expire, clean up result key manually
18:06:17 Cleaning registries for queue: 55
18:06:17 
18:06:17 *** Listening on 55...
18:06:48 55: Job OK (7b0dd7b8-cc4d-4616-bab2-49cb1b97cfc7)
18:06:48 Result will never expire, clean up result key manually
18:06:48 Cleaning registries for queue: 55
18:06:48 
18:06:48 *** Listening on 55...
18:06:48 55: RemoteBayesFactor.BayesFactorRemote(bayes_threshold=100, bf_data_folder='/panfs/panasas01/phys/bf16951/QMD/ParallelDevelopment/Results/Oct_01/12_39/BayesFactorsTimeRecords/', branchID=4, host_name='node35-043', interbranch=False, log_file='/panfs/panasas01/phys/bf16951/QMD/ParallelDevelopment/Results/Oct_01/12_39/logs/NV-exp-method-sim__random-phase--probe__QMLA_55.qmd.8794652.log', model_a_id=9, model_b_id=10, num_times_to_use=750, port_number=6355, qid=55, times_record='/panfs/panasas01/phys/bf16951/QMD/ParallelDevelopment/Results/Oct_01/12_39/BayesFactorsTimeRecords/BayesFactorsPairsTimes_055.txt', trueModel='xTiPPyTiPPzTiPPzTz') (ed951cdd-75f3-43e4-9a7d-abbb32294ef3)
18:56:11 55: Job OK (ed951cdd-75f3-43e4-9a7d-abbb32294ef3)
18:56:11 Result will never expire, clean up result key manually
18:56:11 Cleaning registries for queue: 55
18:56:11 
18:56:11 *** Listening on 55...
18:56:11 55: RemoteModelLearning.learnModelRemote('xTiPPxTxPPyTiPPyTyPPzTiPPzTz', 11.0, branchID=5, growth_generator='two_qubit_ising_rotation_hyperfine_transverse', host_name='node35-043', log_file='/panfs/panasas01/phys/bf16951/QMD/ParallelDevelopment/Results/Oct_01/12_39/logs/NV-exp-method-sim__random-phase--probe__QMLA_55.qmd.8794652.log', port_number=6355, qid=55, remote=True) (748de546-256e-4ecc-97d5-a9c609f05300)
19:21:14 55: Job OK (748de546-256e-4ecc-97d5-a9c609f05300)
19:21:14 Result will never expire, clean up result key manually
19:21:14 Cleaning registries for queue: 55
19:21:14 
19:21:14 *** Listening on 55...
19:21:14 55: RemoteModelLearning.learnModelRemote('xTiPPxTxPPxTyPPyTiPPyTyPPzTiPPzTz', 12.0, branchID=6, growth_generator='two_qubit_ising_rotation_hyperfine_transverse', host_name='node35-043', log_file='/panfs/panasas01/phys/bf16951/QMD/ParallelDevelopment/Results/Oct_01/12_39/logs/NV-exp-method-sim__random-phase--probe__QMLA_55.qmd.8794652.log', port_number=6355, qid=55, remote=True) (de64c938-0bc4-4116-9eae-ab4b2a7d977e)
19:21:14 55: RemoteModelLearning.learnModelRemote('xTiPPxTxPPyTiPPyTyPPyTzPPzTiPPzTz', 13.0, branchID=6, growth_generator='two_qubit_ising_rotation_hyperfine_transverse', host_name='node35-043', log_file='/panfs/panasas01/phys/bf16951/QMD/ParallelDevelopment/Results/Oct_01/12_39/logs/NV-exp-method-sim__random-phase--probe__QMLA_55.qmd.8794652.log', port_number=6355, qid=55, remote=True) (d3d78e37-e3dd-4ed2-9cc8-831f8e9d572a)
19:21:14 55: RemoteModelLearning.learnModelRemote('xTiPPxTxPPxTzPPyTiPPyTyPPzTiPPzTz', 14.0, branchID=6, growth_generator='two_qubit_ising_rotation_hyperfine_transverse', host_name='node35-043', log_file='/panfs/panasas01/phys/bf16951/QMD/ParallelDevelopment/Results/Oct_01/12_39/logs/NV-exp-method-sim__random-phase--probe__QMLA_55.qmd.8794652.log', port_number=6355, qid=55, remote=True) (ffb91d5e-8ef3-4c46-b9cc-7a1369c84b20)
19:46:25 55: Job OK (ffb91d5e-8ef3-4c46-b9cc-7a1369c84b20)
19:46:25 Result will never expire, clean up result key manually
19:46:25 Cleaning registries for queue: 55
19:46:25 
19:46:25 *** Listening on 55...
19:46:49 55: Job OK (de64c938-0bc4-4116-9eae-ab4b2a7d977e)
19:46:49 Result will never expire, clean up result key manually
19:46:49 Cleaning registries for queue: 55
19:46:49 
19:46:49 *** Listening on 55...
19:46:51 55: Job OK (d3d78e37-e3dd-4ed2-9cc8-831f8e9d572a)
19:46:51 Result will never expire, clean up result key manually
19:46:51 Cleaning registries for queue: 55
19:46:51 
19:46:51 *** Listening on 55...
19:46:52 55: RemoteBayesFactor.BayesFactorRemote(bayes_threshold=100, bf_data_folder='/panfs/panasas01/phys/bf16951/QMD/ParallelDevelopment/Results/Oct_01/12_39/BayesFactorsTimeRecords/', branchID=6, host_name='node35-043', interbranch=False, log_file='/panfs/panasas01/phys/bf16951/QMD/ParallelDevelopment/Results/Oct_01/12_39/logs/NV-exp-method-sim__random-phase--probe__QMLA_55.qmd.8794652.log', model_a_id=12, model_b_id=14, num_times_to_use=750, port_number=6355, qid=55, times_record='/panfs/panasas01/phys/bf16951/QMD/ParallelDevelopment/Results/Oct_01/12_39/BayesFactorsTimeRecords/BayesFactorsPairsTimes_055.txt', trueModel='xTiPPyTiPPzTiPPzTz') (761eec60-12c7-439e-b2bd-f699df7e8f13)
19:46:52 55: RemoteBayesFactor.BayesFactorRemote(bayes_threshold=100, bf_data_folder='/panfs/panasas01/phys/bf16951/QMD/ParallelDevelopment/Results/Oct_01/12_39/BayesFactorsTimeRecords/', branchID=6, host_name='node35-043', interbranch=False, log_file='/panfs/panasas01/phys/bf16951/QMD/ParallelDevelopment/Results/Oct_01/12_39/logs/NV-exp-method-sim__random-phase--probe__QMLA_55.qmd.8794652.log', model_a_id=13, model_b_id=14, num_times_to_use=750, port_number=6355, qid=55, times_record='/panfs/panasas01/phys/bf16951/QMD/ParallelDevelopment/Results/Oct_01/12_39/BayesFactorsTimeRecords/BayesFactorsPairsTimes_055.txt', trueModel='xTiPPyTiPPzTiPPzTz') (df90679f-4a14-4011-9e06-293f42257f2b)
19:46:52 55: RemoteBayesFactor.BayesFactorRemote(bayes_threshold=100, bf_data_folder='/panfs/panasas01/phys/bf16951/QMD/ParallelDevelopment/Results/Oct_01/12_39/BayesFactorsTimeRecords/', branchID=6, host_name='node35-043', interbranch=False, log_file='/panfs/panasas01/phys/bf16951/QMD/ParallelDevelopment/Results/Oct_01/12_39/logs/NV-exp-method-sim__random-phase--probe__QMLA_55.qmd.8794652.log', model_a_id=12, model_b_id=13, num_times_to_use=750, port_number=6355, qid=55, times_record='/panfs/panasas01/phys/bf16951/QMD/ParallelDevelopment/Results/Oct_01/12_39/BayesFactorsTimeRecords/BayesFactorsPairsTimes_055.txt', trueModel='xTiPPyTiPPzTiPPzTz') (6d1bc320-a7f0-4556-9d3f-b55e1491b5ca)
20:36:50 55: Job OK (6d1bc320-a7f0-4556-9d3f-b55e1491b5ca)
20:36:50 Result will never expire, clean up result key manually
20:36:50 Cleaning registries for queue: 55
20:36:50 
20:36:50 *** Listening on 55...
20:36:53 55: Job OK (df90679f-4a14-4011-9e06-293f42257f2b)
20:36:53 Result will never expire, clean up result key manually
20:36:53 Cleaning registries for queue: 55
20:36:53 
20:36:53 *** Listening on 55...
20:36:56 55: Job OK (761eec60-12c7-439e-b2bd-f699df7e8f13)
20:36:56 Result will never expire, clean up result key manually
20:36:56 Cleaning registries for queue: 55
20:36:56 
20:36:56 *** Listening on 55...
20:36:56 55: RemoteModelLearning.learnModelRemote('xTiPPxTxPPxTyPPyTiPPyTyPPyTzPPzTiPPzTz', 15.0, branchID=7, growth_generator='two_qubit_ising_rotation_hyperfine_transverse', host_name='node35-043', log_file='/panfs/panasas01/phys/bf16951/QMD/ParallelDevelopment/Results/Oct_01/12_39/logs/NV-exp-method-sim__random-phase--probe__QMLA_55.qmd.8794652.log', port_number=6355, qid=55, remote=True) (6c520afc-8db1-41e0-ac44-f06e53e8cbc2)
20:36:56 55: RemoteModelLearning.learnModelRemote('xTiPPxTxPPxTzPPyTiPPyTyPPyTzPPzTiPPzTz', 16.0, branchID=7, growth_generator='two_qubit_ising_rotation_hyperfine_transverse', host_name='node35-043', log_file='/panfs/panasas01/phys/bf16951/QMD/ParallelDevelopment/Results/Oct_01/12_39/logs/NV-exp-method-sim__random-phase--probe__QMLA_55.qmd.8794652.log', port_number=6355, qid=55, remote=True) (6bbabcb2-a985-4522-93ee-5e89e400983f)
21:01:27 55: Job OK (6c520afc-8db1-41e0-ac44-f06e53e8cbc2)
21:01:27 Result will never expire, clean up result key manually
21:01:27 Cleaning registries for queue: 55
21:01:27 
21:01:27 *** Listening on 55...
21:01:37 55: Job OK (6bbabcb2-a985-4522-93ee-5e89e400983f)
21:01:37 Result will never expire, clean up result key manually
21:01:37 Cleaning registries for queue: 55
21:01:37 
21:01:37 *** Listening on 55...
21:01:37 55: RemoteBayesFactor.BayesFactorRemote(bayes_threshold=100, bf_data_folder='/panfs/panasas01/phys/bf16951/QMD/ParallelDevelopment/Results/Oct_01/12_39/BayesFactorsTimeRecords/', branchID=7, host_name='node35-043', interbranch=False, log_file='/panfs/panasas01/phys/bf16951/QMD/ParallelDevelopment/Results/Oct_01/12_39/logs/NV-exp-method-sim__random-phase--probe__QMLA_55.qmd.8794652.log', model_a_id=15, model_b_id=16, num_times_to_use=750, port_number=6355, qid=55, times_record='/panfs/panasas01/phys/bf16951/QMD/ParallelDevelopment/Results/Oct_01/12_39/BayesFactorsTimeRecords/BayesFactorsPairsTimes_055.txt', trueModel='xTiPPyTiPPzTiPPzTz') (0d4adae1-52ca-48d1-92f6-cef9e89f886e)
21:49:46 55: Job OK (0d4adae1-52ca-48d1-92f6-cef9e89f886e)
21:49:46 Result will never expire, clean up result key manually
21:49:46 Cleaning registries for queue: 55
21:49:46 
21:49:46 *** Listening on 55...
21:49:46 55: RemoteModelLearning.learnModelRemote('xTiPPxTxPPxTyPPxTzPPyTiPPyTyPPyTzPPzTiPPzTz', 17.0, branchID=8, growth_generator='two_qubit_ising_rotation_hyperfine_transverse', host_name='node35-043', log_file='/panfs/panasas01/phys/bf16951/QMD/ParallelDevelopment/Results/Oct_01/12_39/logs/NV-exp-method-sim__random-phase--probe__QMLA_55.qmd.8794652.log', port_number=6355, qid=55, remote=True) (e29f0ee3-955b-41e6-8a74-ca29a17a85d3)
22:14:06 55: Job OK (e29f0ee3-955b-41e6-8a74-ca29a17a85d3)
22:14:06 Result will never expire, clean up result key manually
22:14:06 55: RemoteBayesFactor.BayesFactorRemote(bayes_threshold=100, bf_data_folder='/panfs/panasas01/phys/bf16951/QMD/ParallelDevelopment/Results/Oct_01/12_39/BayesFactorsTimeRecords/', branchID=None, host_name='node35-043', interbranch=True, log_file='/panfs/panasas01/phys/bf16951/QMD/ParallelDevelopment/Results/Oct_01/12_39/logs/NV-exp-method-sim__random-phase--probe__QMLA_55.qmd.8794652.log', model_a_id=3, model_b_id=5, num_times_to_use=750, port_number=6355, qid=55, times_record='/panfs/panasas01/phys/bf16951/QMD/ParallelDevelopment/Results/Oct_01/12_39/BayesFactorsTimeRecords/BayesFactorsPairsTimes_055.txt', trueModel='xTiPPyTiPPzTiPPzTz') (910c3ed6-dab0-44cf-812a-d937bb5cb494)
22:14:06 55: RemoteBayesFactor.BayesFactorRemote(bayes_threshold=100, bf_data_folder='/panfs/panasas01/phys/bf16951/QMD/ParallelDevelopment/Results/Oct_01/12_39/BayesFactorsTimeRecords/', branchID=None, host_name='node35-043', interbranch=True, log_file='/panfs/panasas01/phys/bf16951/QMD/ParallelDevelopment/Results/Oct_01/12_39/logs/NV-exp-method-sim__random-phase--probe__QMLA_55.qmd.8794652.log', model_a_id=5, model_b_id=6, num_times_to_use=750, port_number=6355, qid=55, times_record='/panfs/panasas01/phys/bf16951/QMD/ParallelDevelopment/Results/Oct_01/12_39/BayesFactorsTimeRecords/BayesFactorsPairsTimes_055.txt', trueModel='xTiPPyTiPPzTiPPzTz') (075d1feb-68a7-43bd-8cd4-3e76fed7c35b)
22:14:06 Cleaning registries for queue: 55
22:14:06 55: RemoteBayesFactor.BayesFactorRemote(bayes_threshold=100, bf_data_folder='/panfs/panasas01/phys/bf16951/QMD/ParallelDevelopment/Results/Oct_01/12_39/BayesFactorsTimeRecords/', branchID=None, host_name='node35-043', interbranch=True, log_file='/panfs/panasas01/phys/bf16951/QMD/ParallelDevelopment/Results/Oct_01/12_39/logs/NV-exp-method-sim__random-phase--probe__QMLA_55.qmd.8794652.log', model_a_id=6, model_b_id=9, num_times_to_use=750, port_number=6355, qid=55, times_record='/panfs/panasas01/phys/bf16951/QMD/ParallelDevelopment/Results/Oct_01/12_39/BayesFactorsTimeRecords/BayesFactorsPairsTimes_055.txt', trueModel='xTiPPyTiPPzTiPPzTz') (1368f339-a1fc-49e2-aa82-e73f2e8d7563)
22:14:06 
22:14:06 *** Listening on 55...
22:14:06 55: RemoteBayesFactor.BayesFactorRemote(bayes_threshold=100, bf_data_folder='/panfs/panasas01/phys/bf16951/QMD/ParallelDevelopment/Results/Oct_01/12_39/BayesFactorsTimeRecords/', branchID=None, host_name='node35-043', interbranch=True, log_file='/panfs/panasas01/phys/bf16951/QMD/ParallelDevelopment/Results/Oct_01/12_39/logs/NV-exp-method-sim__random-phase--probe__QMLA_55.qmd.8794652.log', model_a_id=1, model_b_id=3, num_times_to_use=750, port_number=6355, qid=55, times_record='/panfs/panasas01/phys/bf16951/QMD/ParallelDevelopment/Results/Oct_01/12_39/BayesFactorsTimeRecords/BayesFactorsPairsTimes_055.txt', trueModel='xTiPPyTiPPzTiPPzTz') (df6c63ad-6d32-4dce-b415-8ce68aafbe77)
22:14:06 55: RemoteBayesFactor.BayesFactorRemote(bayes_threshold=100, bf_data_folder='/panfs/panasas01/phys/bf16951/QMD/ParallelDevelopment/Results/Oct_01/12_39/BayesFactorsTimeRecords/', branchID=None, host_name='node35-043', interbranch=True, log_file='/panfs/panasas01/phys/bf16951/QMD/ParallelDevelopment/Results/Oct_01/12_39/logs/NV-exp-method-sim__random-phase--probe__QMLA_55.qmd.8794652.log', model_a_id=11, model_b_id=13, num_times_to_use=750, port_number=6355, qid=55, times_record='/panfs/panasas01/phys/bf16951/QMD/ParallelDevelopment/Results/Oct_01/12_39/BayesFactorsTimeRecords/BayesFactorsPairsTimes_055.txt', trueModel='xTiPPyTiPPzTiPPzTz') (0ee58659-7878-4600-92b1-3a7be5dadd2b)
22:14:06 55: RemoteBayesFactor.BayesFactorRemote(bayes_threshold=100, bf_data_folder='/panfs/panasas01/phys/bf16951/QMD/ParallelDevelopment/Results/Oct_01/12_39/BayesFactorsTimeRecords/', branchID=None, host_name='node35-043', interbranch=True, log_file='/panfs/panasas01/phys/bf16951/QMD/ParallelDevelopment/Results/Oct_01/12_39/logs/NV-exp-method-sim__random-phase--probe__QMLA_55.qmd.8794652.log', model_a_id=9, model_b_id=11, num_times_to_use=750, port_number=6355, qid=55, times_record='/panfs/panasas01/phys/bf16951/QMD/ParallelDevelopment/Results/Oct_01/12_39/BayesFactorsTimeRecords/BayesFactorsPairsTimes_055.txt', trueModel='xTiPPyTiPPzTiPPzTz') (bae908e0-0119-4db7-8bcd-03efba68eb08)
23:05:11 55: Job OK (0ee58659-7878-4600-92b1-3a7be5dadd2b)
23:05:11 Result will never expire, clean up result key manually
23:05:11 
23:05:11 *** Listening on 55...
23:05:11 55: RemoteBayesFactor.BayesFactorRemote(bayes_threshold=100, bf_data_folder='/panfs/panasas01/phys/bf16951/QMD/ParallelDevelopment/Results/Oct_01/12_39/BayesFactorsTimeRecords/', branchID=None, host_name='node35-043', interbranch=True, log_file='/panfs/panasas01/phys/bf16951/QMD/ParallelDevelopment/Results/Oct_01/12_39/logs/NV-exp-method-sim__random-phase--probe__QMLA_55.qmd.8794652.log', model_a_id=13, model_b_id=16, num_times_to_use=750, port_number=6355, qid=55, times_record='/panfs/panasas01/phys/bf16951/QMD/ParallelDevelopment/Results/Oct_01/12_39/BayesFactorsTimeRecords/BayesFactorsPairsTimes_055.txt', trueModel='xTiPPyTiPPzTiPPzTz') (ae8b4cad-ed6a-4440-be8b-f28ff308af1d)
23:05:41 55: Job OK (bae908e0-0119-4db7-8bcd-03efba68eb08)
23:05:41 Result will never expire, clean up result key manually
23:05:41 Cleaning registries for queue: 55
23:05:41 
23:05:41 *** Listening on 55...
23:05:41 55: RemoteBayesFactor.BayesFactorRemote(bayes_threshold=100, bf_data_folder='/panfs/panasas01/phys/bf16951/QMD/ParallelDevelopment/Results/Oct_01/12_39/BayesFactorsTimeRecords/', branchID=None, host_name='node35-043', interbranch=True, log_file='/panfs/panasas01/phys/bf16951/QMD/ParallelDevelopment/Results/Oct_01/12_39/logs/NV-exp-method-sim__random-phase--probe__QMLA_55.qmd.8794652.log', model_a_id=16, model_b_id=17, num_times_to_use=750, port_number=6355, qid=55, times_record='/panfs/panasas01/phys/bf16951/QMD/ParallelDevelopment/Results/Oct_01/12_39/BayesFactorsTimeRecords/BayesFactorsPairsTimes_055.txt', trueModel='xTiPPyTiPPzTiPPzTz') (3db51d09-c77a-4ee9-b2fd-986faa556dad)
23:06:00 55: Job OK (1368f339-a1fc-49e2-aa82-e73f2e8d7563)
23:06:00 Result will never expire, clean up result key manually
23:06:00 Cleaning registries for queue: 55
23:06:00 
23:06:00 *** Listening on 55...
23:06:32 55: Job OK (075d1feb-68a7-43bd-8cd4-3e76fed7c35b)
23:06:32 Result will never expire, clean up result key manually
23:06:32 Cleaning registries for queue: 55
23:06:32 
23:06:32 *** Listening on 55...
23:07:19 55: Job OK (910c3ed6-dab0-44cf-812a-d937bb5cb494)
23:07:19 Result will never expire, clean up result key manually
23:07:19 Cleaning registries for queue: 55
23:07:19 
23:07:19 *** Listening on 55...
23:08:15 55: Job OK (df6c63ad-6d32-4dce-b415-8ce68aafbe77)
23:08:15 Result will never expire, clean up result key manually
23:08:15 Cleaning registries for queue: 55
23:08:15 
23:08:15 *** Listening on 55...
23:54:18 55: Job OK (ae8b4cad-ed6a-4440-be8b-f28ff308af1d)
23:54:18 Result will never expire, clean up result key manually
23:54:18 Cleaning registries for queue: 55
23:54:18 
23:54:18 *** Listening on 55...
23:55:19 55: Job OK (3db51d09-c77a-4ee9-b2fd-986faa556dad)
23:55:19 Result will never expire, clean up result key manually
23:55:19 
23:55:19 *** Listening on 55...
23:55:19 55: RemoteBayesFactor.BayesFactorRemote(bayes_threshold=100, bf_data_folder='/panfs/panasas01/phys/bf16951/QMD/ParallelDevelopment/Results/Oct_01/12_39/BayesFactorsTimeRecords/', branchID=9, host_name='node35-043', interbranch=False, log_file='/panfs/panasas01/phys/bf16951/QMD/ParallelDevelopment/Results/Oct_01/12_39/logs/NV-exp-method-sim__random-phase--probe__QMLA_55.qmd.8794652.log', model_a_id=16.0, model_b_id=6.0, num_times_to_use=750, port_number=6355, qid=55, times_record='/panfs/panasas01/phys/bf16951/QMD/ParallelDevelopment/Results/Oct_01/12_39/BayesFactorsTimeRecords/BayesFactorsPairsTimes_055.txt', trueModel='xTiPPyTiPPzTiPPzTz') (f199f37e-1543-4800-a754-2d795209145d)
00:47:38 55: Job OK (f199f37e-1543-4800-a754-2d795209145d)
00:47:38 Result will never expire, clean up result key manually
00:47:38 Cleaning registries for queue: 55
00:47:38 
00:47:38 *** Listening on 55...
Error 111 connecting to node35-043:6355. Connection refused.
Error 111 connecting to node35-043:6355. Connection refused.
Error 111 connecting to node35-043:6355. Connection refused.
Error 111 connecting to node35-043:6355. Connection refused.
Error 111 connecting to node35-043:6355. Connection refused.
Error 111 connecting to node35-043:6355. Connection refused.
