12:40:25 RQ worker 'rq:worker:node33-012.53825' started, version 0.8.1
12:40:25 RQ worker 'rq:worker:node33-012.53829' started, version 0.8.1
12:40:25 RQ worker 'rq:worker:node33-012.53826' started, version 0.8.1
12:40:25 RQ worker 'rq:worker:node33-012.53827' started, version 0.8.1
12:40:25 RQ worker 'rq:worker:node33-012.53828' started, version 0.8.1
12:40:25 RQ worker 'rq:worker:node33-012.53830' started, version 0.8.1
12:40:25 Cleaning registries for queue: 2
12:40:25 Cleaning registries for queue: 2
12:40:25 Cleaning registries for queue: 2
12:40:25 Cleaning registries for queue: 2
12:40:25 Cleaning registries for queue: 2
12:40:25 Cleaning registries for queue: 2
12:40:25 
12:40:25 
12:40:25 
12:40:25 
12:40:25 
12:40:25 *** Listening on 2...
12:40:25 *** Listening on 2...
12:40:25 *** Listening on 2...
12:40:25 *** Listening on 2...
12:40:25 *** Listening on 2...
12:40:25 
12:40:25 *** Listening on 2...
12:40:37 2: RemoteModelLearning.learnModelRemote('xTi', 0.0, branchID=0, growth_generator='two_qubit_ising_rotation_hyperfine_transverse', host_name='node33-012', log_file='/panfs/panasas01/phys/bf16951/QMD/ParallelDevelopment/Results/Oct_01/12_39/logs/NV-exp-method-sim__random-phase--probe__QMLA_2.qmd.8794599.log', port_number=6302, qid=2, remote=True) (90bbb475-6bc4-43ed-9001-e4114e57c9de)
12:40:37 2: RemoteModelLearning.learnModelRemote('zTi', 2.0, branchID=0, growth_generator='two_qubit_ising_rotation_hyperfine_transverse', host_name='node33-012', log_file='/panfs/panasas01/phys/bf16951/QMD/ParallelDevelopment/Results/Oct_01/12_39/logs/NV-exp-method-sim__random-phase--probe__QMLA_2.qmd.8794599.log', port_number=6302, qid=2, remote=True) (1360beb0-59dd-4445-b931-b6bde6bb0fca)
12:40:38 2: RemoteModelLearning.learnModelRemote('yTi', 1.0, branchID=0, growth_generator='two_qubit_ising_rotation_hyperfine_transverse', host_name='node33-012', log_file='/panfs/panasas01/phys/bf16951/QMD/ParallelDevelopment/Results/Oct_01/12_39/logs/NV-exp-method-sim__random-phase--probe__QMLA_2.qmd.8794599.log', port_number=6302, qid=2, remote=True) (7256fed2-3470-4f17-9467-8fd652cba05e)
13:07:26 2: Job OK (7256fed2-3470-4f17-9467-8fd652cba05e)
13:07:26 Result will never expire, clean up result key manually
13:07:26 
13:07:26 *** Listening on 2...
13:08:04 2: Job OK (90bbb475-6bc4-43ed-9001-e4114e57c9de)
13:08:04 Result will never expire, clean up result key manually
13:08:04 
13:08:04 *** Listening on 2...
13:15:46 2: Job OK (1360beb0-59dd-4445-b931-b6bde6bb0fca)
13:15:46 Result will never expire, clean up result key manually
13:15:46 
13:15:46 *** Listening on 2...
13:15:46 2: RemoteBayesFactor.BayesFactorRemote(bayes_threshold=100, bf_data_folder='/panfs/panasas01/phys/bf16951/QMD/ParallelDevelopment/Results/Oct_01/12_39/BayesFactorsTimeRecords/', branchID=0, host_name='node33-012', interbranch=False, log_file='/panfs/panasas01/phys/bf16951/QMD/ParallelDevelopment/Results/Oct_01/12_39/logs/NV-exp-method-sim__random-phase--probe__QMLA_2.qmd.8794599.log', model_a_id=0, model_b_id=2, num_times_to_use=750, port_number=6302, qid=2, times_record='/panfs/panasas01/phys/bf16951/QMD/ParallelDevelopment/Results/Oct_01/12_39/BayesFactorsTimeRecords/BayesFactorsPairsTimes_002.txt', trueModel='xTiPPyTiPPzTiPPzTz') (06b16cb2-afbb-4b34-88da-6ccfcdbff368)
13:15:46 2: RemoteBayesFactor.BayesFactorRemote(bayes_threshold=100, bf_data_folder='/panfs/panasas01/phys/bf16951/QMD/ParallelDevelopment/Results/Oct_01/12_39/BayesFactorsTimeRecords/', branchID=0, host_name='node33-012', interbranch=False, log_file='/panfs/panasas01/phys/bf16951/QMD/ParallelDevelopment/Results/Oct_01/12_39/logs/NV-exp-method-sim__random-phase--probe__QMLA_2.qmd.8794599.log', model_a_id=0, model_b_id=1, num_times_to_use=750, port_number=6302, qid=2, times_record='/panfs/panasas01/phys/bf16951/QMD/ParallelDevelopment/Results/Oct_01/12_39/BayesFactorsTimeRecords/BayesFactorsPairsTimes_002.txt', trueModel='xTiPPyTiPPzTiPPzTz') (abc25639-c9bc-447d-848b-10fb6a351f21)
13:15:46 2: RemoteBayesFactor.BayesFactorRemote(bayes_threshold=100, bf_data_folder='/panfs/panasas01/phys/bf16951/QMD/ParallelDevelopment/Results/Oct_01/12_39/BayesFactorsTimeRecords/', branchID=0, host_name='node33-012', interbranch=False, log_file='/panfs/panasas01/phys/bf16951/QMD/ParallelDevelopment/Results/Oct_01/12_39/logs/NV-exp-method-sim__random-phase--probe__QMLA_2.qmd.8794599.log', model_a_id=1, model_b_id=2, num_times_to_use=750, port_number=6302, qid=2, times_record='/panfs/panasas01/phys/bf16951/QMD/ParallelDevelopment/Results/Oct_01/12_39/BayesFactorsTimeRecords/BayesFactorsPairsTimes_002.txt', trueModel='xTiPPyTiPPzTiPPzTz') (bbd9e0e5-fc30-4351-967c-26c91afa7f35)
14:34:48 2: Job OK (abc25639-c9bc-447d-848b-10fb6a351f21)
14:34:48 Result will never expire, clean up result key manually
14:34:48 Cleaning registries for queue: 2
14:34:48 
14:34:48 *** Listening on 2...
14:39:43 2: Job OK (06b16cb2-afbb-4b34-88da-6ccfcdbff368)
14:39:43 Result will never expire, clean up result key manually
14:39:43 Cleaning registries for queue: 2
14:39:43 
14:39:43 *** Listening on 2...
14:49:48 2: Job OK (bbd9e0e5-fc30-4351-967c-26c91afa7f35)
14:49:48 Result will never expire, clean up result key manually
14:49:48 Cleaning registries for queue: 2
14:49:48 
14:49:48 *** Listening on 2...
14:49:48 2: RemoteModelLearning.learnModelRemote('xTiPPzTi', 3.0, branchID=1, growth_generator='two_qubit_ising_rotation_hyperfine_transverse', host_name='node33-012', log_file='/panfs/panasas01/phys/bf16951/QMD/ParallelDevelopment/Results/Oct_01/12_39/logs/NV-exp-method-sim__random-phase--probe__QMLA_2.qmd.8794599.log', port_number=6302, qid=2, remote=True) (2d9b592b-47e2-41f2-ab9a-8b339124e6ef)
14:49:48 2: RemoteModelLearning.learnModelRemote('yTiPPzTi', 4.0, branchID=1, growth_generator='two_qubit_ising_rotation_hyperfine_transverse', host_name='node33-012', log_file='/panfs/panasas01/phys/bf16951/QMD/ParallelDevelopment/Results/Oct_01/12_39/logs/NV-exp-method-sim__random-phase--probe__QMLA_2.qmd.8794599.log', port_number=6302, qid=2, remote=True) (58a6b140-0ddd-4646-bdf4-71d1da8ecbe5)
15:24:11 2: Job OK (2d9b592b-47e2-41f2-ab9a-8b339124e6ef)
15:24:11 Result will never expire, clean up result key manually
15:24:11 Cleaning registries for queue: 2
15:24:11 
15:24:11 *** Listening on 2...
15:25:32 2: Job OK (58a6b140-0ddd-4646-bdf4-71d1da8ecbe5)
15:25:32 Result will never expire, clean up result key manually
15:25:32 
15:25:32 *** Listening on 2...
15:25:32 2: RemoteBayesFactor.BayesFactorRemote(bayes_threshold=100, bf_data_folder='/panfs/panasas01/phys/bf16951/QMD/ParallelDevelopment/Results/Oct_01/12_39/BayesFactorsTimeRecords/', branchID=1, host_name='node33-012', interbranch=False, log_file='/panfs/panasas01/phys/bf16951/QMD/ParallelDevelopment/Results/Oct_01/12_39/logs/NV-exp-method-sim__random-phase--probe__QMLA_2.qmd.8794599.log', model_a_id=3, model_b_id=4, num_times_to_use=750, port_number=6302, qid=2, times_record='/panfs/panasas01/phys/bf16951/QMD/ParallelDevelopment/Results/Oct_01/12_39/BayesFactorsTimeRecords/BayesFactorsPairsTimes_002.txt', trueModel='xTiPPyTiPPzTiPPzTz') (f87e418b-e397-424e-b8fc-2655f7596e0a)
16:30:04 2: Job OK (f87e418b-e397-424e-b8fc-2655f7596e0a)
16:30:04 Result will never expire, clean up result key manually
16:30:04 Cleaning registries for queue: 2
16:30:04 
16:30:04 *** Listening on 2...
16:30:05 2: RemoteModelLearning.learnModelRemote('xTiPPyTiPPzTi', 5.0, branchID=2, growth_generator='two_qubit_ising_rotation_hyperfine_transverse', host_name='node33-012', log_file='/panfs/panasas01/phys/bf16951/QMD/ParallelDevelopment/Results/Oct_01/12_39/logs/NV-exp-method-sim__random-phase--probe__QMLA_2.qmd.8794599.log', port_number=6302, qid=2, remote=True) (1cec9e9f-d65b-4570-a8de-e380a09e7928)
17:04:01 2: Job OK (1cec9e9f-d65b-4570-a8de-e380a09e7928)
17:04:01 Result will never expire, clean up result key manually
17:04:01 Cleaning registries for queue: 2
17:04:01 
17:04:01 *** Listening on 2...
17:04:01 2: RemoteModelLearning.learnModelRemote('xTiPPyTiPPyTyPPzTi', 6.0, branchID=3, growth_generator='two_qubit_ising_rotation_hyperfine_transverse', host_name='node33-012', log_file='/panfs/panasas01/phys/bf16951/QMD/ParallelDevelopment/Results/Oct_01/12_39/logs/NV-exp-method-sim__random-phase--probe__QMLA_2.qmd.8794599.log', port_number=6302, qid=2, remote=True) (b0789d90-96d4-413a-b158-1e2c3ea72466)
17:04:01 2: RemoteModelLearning.learnModelRemote('xTiPPxTxPPyTiPPzTi', 7.0, branchID=3, growth_generator='two_qubit_ising_rotation_hyperfine_transverse', host_name='node33-012', log_file='/panfs/panasas01/phys/bf16951/QMD/ParallelDevelopment/Results/Oct_01/12_39/logs/NV-exp-method-sim__random-phase--probe__QMLA_2.qmd.8794599.log', port_number=6302, qid=2, remote=True) (8a8e63e5-291e-4edc-a6ac-4da350df2ba0)
17:04:01 2: RemoteModelLearning.learnModelRemote('xTiPPyTiPPzTiPPzTz', 8.0, branchID=3, growth_generator='two_qubit_ising_rotation_hyperfine_transverse', host_name='node33-012', log_file='/panfs/panasas01/phys/bf16951/QMD/ParallelDevelopment/Results/Oct_01/12_39/logs/NV-exp-method-sim__random-phase--probe__QMLA_2.qmd.8794599.log', port_number=6302, qid=2, remote=True) (744793d5-bfb4-4292-9985-b1c54766f260)
17:29:27 2: Job OK (b0789d90-96d4-413a-b158-1e2c3ea72466)
17:29:27 Result will never expire, clean up result key manually
17:29:27 Cleaning registries for queue: 2
17:29:27 
17:29:27 *** Listening on 2...
17:29:45 2: Job OK (8a8e63e5-291e-4edc-a6ac-4da350df2ba0)
17:29:45 Result will never expire, clean up result key manually
17:29:45 
17:29:45 *** Listening on 2...
17:31:56 2: Job OK (744793d5-bfb4-4292-9985-b1c54766f260)
17:31:56 Result will never expire, clean up result key manually
17:31:56 Cleaning registries for queue: 2
17:31:56 
17:31:56 *** Listening on 2...
17:31:56 2: RemoteBayesFactor.BayesFactorRemote(bayes_threshold=100, bf_data_folder='/panfs/panasas01/phys/bf16951/QMD/ParallelDevelopment/Results/Oct_01/12_39/BayesFactorsTimeRecords/', branchID=3, host_name='node33-012', interbranch=False, log_file='/panfs/panasas01/phys/bf16951/QMD/ParallelDevelopment/Results/Oct_01/12_39/logs/NV-exp-method-sim__random-phase--probe__QMLA_2.qmd.8794599.log', model_a_id=7, model_b_id=8, num_times_to_use=750, port_number=6302, qid=2, times_record='/panfs/panasas01/phys/bf16951/QMD/ParallelDevelopment/Results/Oct_01/12_39/BayesFactorsTimeRecords/BayesFactorsPairsTimes_002.txt', trueModel='xTiPPyTiPPzTiPPzTz') (532546d6-2c38-42c0-8362-120d7f040c18)
17:31:56 2: RemoteBayesFactor.BayesFactorRemote(bayes_threshold=100, bf_data_folder='/panfs/panasas01/phys/bf16951/QMD/ParallelDevelopment/Results/Oct_01/12_39/BayesFactorsTimeRecords/', branchID=3, host_name='node33-012', interbranch=False, log_file='/panfs/panasas01/phys/bf16951/QMD/ParallelDevelopment/Results/Oct_01/12_39/logs/NV-exp-method-sim__random-phase--probe__QMLA_2.qmd.8794599.log', model_a_id=6, model_b_id=7, num_times_to_use=750, port_number=6302, qid=2, times_record='/panfs/panasas01/phys/bf16951/QMD/ParallelDevelopment/Results/Oct_01/12_39/BayesFactorsTimeRecords/BayesFactorsPairsTimes_002.txt', trueModel='xTiPPyTiPPzTiPPzTz') (c812f336-9f6d-4b6f-9a2a-1044cf58660f)
17:31:56 2: RemoteBayesFactor.BayesFactorRemote(bayes_threshold=100, bf_data_folder='/panfs/panasas01/phys/bf16951/QMD/ParallelDevelopment/Results/Oct_01/12_39/BayesFactorsTimeRecords/', branchID=3, host_name='node33-012', interbranch=False, log_file='/panfs/panasas01/phys/bf16951/QMD/ParallelDevelopment/Results/Oct_01/12_39/logs/NV-exp-method-sim__random-phase--probe__QMLA_2.qmd.8794599.log', model_a_id=6, model_b_id=8, num_times_to_use=750, port_number=6302, qid=2, times_record='/panfs/panasas01/phys/bf16951/QMD/ParallelDevelopment/Results/Oct_01/12_39/BayesFactorsTimeRecords/BayesFactorsPairsTimes_002.txt', trueModel='xTiPPyTiPPzTiPPzTz') (3e735a1b-8280-4d89-9f52-3978c397ef18)
18:23:45 2: Job OK (c812f336-9f6d-4b6f-9a2a-1044cf58660f)
18:23:45 Result will never expire, clean up result key manually
18:23:45 Cleaning registries for queue: 2
18:23:45 
18:23:45 *** Listening on 2...
18:24:28 2: Job OK (3e735a1b-8280-4d89-9f52-3978c397ef18)
18:24:28 Result will never expire, clean up result key manually
18:24:28 Cleaning registries for queue: 2
18:24:28 
18:24:28 *** Listening on 2...
18:24:57 2: Job OK (532546d6-2c38-42c0-8362-120d7f040c18)
18:24:57 Result will never expire, clean up result key manually
18:24:57 
18:24:57 *** Listening on 2...
18:24:57 2: RemoteModelLearning.learnModelRemote('xTiPPyTiPPyTyPPzTiPPzTz', 9.0, branchID=4, growth_generator='two_qubit_ising_rotation_hyperfine_transverse', host_name='node33-012', log_file='/panfs/panasas01/phys/bf16951/QMD/ParallelDevelopment/Results/Oct_01/12_39/logs/NV-exp-method-sim__random-phase--probe__QMLA_2.qmd.8794599.log', port_number=6302, qid=2, remote=True) (01cbf534-f269-4c81-b2ea-cb33b1c67d11)
18:24:57 2: RemoteModelLearning.learnModelRemote('xTiPPxTxPPyTiPPzTiPPzTz', 10.0, branchID=4, growth_generator='two_qubit_ising_rotation_hyperfine_transverse', host_name='node33-012', log_file='/panfs/panasas01/phys/bf16951/QMD/ParallelDevelopment/Results/Oct_01/12_39/logs/NV-exp-method-sim__random-phase--probe__QMLA_2.qmd.8794599.log', port_number=6302, qid=2, remote=True) (f1473bda-c61c-4ebc-a5c8-98cd9058ecd2)
18:51:02 2: Job OK (f1473bda-c61c-4ebc-a5c8-98cd9058ecd2)
18:51:02 Result will never expire, clean up result key manually
18:51:02 Cleaning registries for queue: 2
18:51:02 
18:51:02 *** Listening on 2...
18:51:51 2: Job OK (01cbf534-f269-4c81-b2ea-cb33b1c67d11)
18:51:51 Result will never expire, clean up result key manually
18:51:51 Cleaning registries for queue: 2
18:51:51 
18:51:51 *** Listening on 2...
18:51:52 2: RemoteBayesFactor.BayesFactorRemote(bayes_threshold=100, bf_data_folder='/panfs/panasas01/phys/bf16951/QMD/ParallelDevelopment/Results/Oct_01/12_39/BayesFactorsTimeRecords/', branchID=4, host_name='node33-012', interbranch=False, log_file='/panfs/panasas01/phys/bf16951/QMD/ParallelDevelopment/Results/Oct_01/12_39/logs/NV-exp-method-sim__random-phase--probe__QMLA_2.qmd.8794599.log', model_a_id=9, model_b_id=10, num_times_to_use=750, port_number=6302, qid=2, times_record='/panfs/panasas01/phys/bf16951/QMD/ParallelDevelopment/Results/Oct_01/12_39/BayesFactorsTimeRecords/BayesFactorsPairsTimes_002.txt', trueModel='xTiPPyTiPPzTiPPzTz') (606cbd5e-501b-4287-a21b-b8dd8ce41f4c)
19:44:41 2: Job OK (606cbd5e-501b-4287-a21b-b8dd8ce41f4c)
19:44:41 Result will never expire, clean up result key manually
19:44:41 Cleaning registries for queue: 2
19:44:41 
19:44:41 *** Listening on 2...
19:44:41 2: RemoteModelLearning.learnModelRemote('xTiPPxTxPPyTiPPyTyPPzTiPPzTz', 11.0, branchID=5, growth_generator='two_qubit_ising_rotation_hyperfine_transverse', host_name='node33-012', log_file='/panfs/panasas01/phys/bf16951/QMD/ParallelDevelopment/Results/Oct_01/12_39/logs/NV-exp-method-sim__random-phase--probe__QMLA_2.qmd.8794599.log', port_number=6302, qid=2, remote=True) (e26012cd-5716-4e0f-a003-42823f816994)
20:10:35 2: Job OK (e26012cd-5716-4e0f-a003-42823f816994)
20:10:35 Result will never expire, clean up result key manually
20:10:35 Cleaning registries for queue: 2
20:10:35 
20:10:35 *** Listening on 2...
20:10:36 2: RemoteModelLearning.learnModelRemote('xTiPPxTxPPxTzPPyTiPPyTyPPzTiPPzTz', 12.0, branchID=6, growth_generator='two_qubit_ising_rotation_hyperfine_transverse', host_name='node33-012', log_file='/panfs/panasas01/phys/bf16951/QMD/ParallelDevelopment/Results/Oct_01/12_39/logs/NV-exp-method-sim__random-phase--probe__QMLA_2.qmd.8794599.log', port_number=6302, qid=2, remote=True) (158f39dc-bcf5-483e-9111-100270f8e76e)
20:10:36 2: RemoteModelLearning.learnModelRemote('xTiPPxTxPPyTiPPyTyPPyTzPPzTiPPzTz', 13.0, branchID=6, growth_generator='two_qubit_ising_rotation_hyperfine_transverse', host_name='node33-012', log_file='/panfs/panasas01/phys/bf16951/QMD/ParallelDevelopment/Results/Oct_01/12_39/logs/NV-exp-method-sim__random-phase--probe__QMLA_2.qmd.8794599.log', port_number=6302, qid=2, remote=True) (d823bd8b-330e-4e32-a6c1-2889bf8ec43d)
20:10:36 2: RemoteModelLearning.learnModelRemote('xTiPPxTxPPxTyPPyTiPPyTyPPzTiPPzTz', 14.0, branchID=6, growth_generator='two_qubit_ising_rotation_hyperfine_transverse', host_name='node33-012', log_file='/panfs/panasas01/phys/bf16951/QMD/ParallelDevelopment/Results/Oct_01/12_39/logs/NV-exp-method-sim__random-phase--probe__QMLA_2.qmd.8794599.log', port_number=6302, qid=2, remote=True) (995796b8-8a85-4bb6-a131-e8a8aa6598a6)
20:36:34 2: Job OK (d823bd8b-330e-4e32-a6c1-2889bf8ec43d)
20:36:34 Result will never expire, clean up result key manually
20:36:34 Cleaning registries for queue: 2
20:36:34 
20:36:34 *** Listening on 2...
20:36:35 2: Job OK (158f39dc-bcf5-483e-9111-100270f8e76e)
20:36:35 Result will never expire, clean up result key manually
20:36:35 Cleaning registries for queue: 2
20:36:35 
20:36:35 *** Listening on 2...
20:36:51 2: Job OK (995796b8-8a85-4bb6-a131-e8a8aa6598a6)
20:36:51 Result will never expire, clean up result key manually
20:36:51 Cleaning registries for queue: 2
20:36:51 
20:36:51 *** Listening on 2...
20:36:51 2: RemoteBayesFactor.BayesFactorRemote(bayes_threshold=100, bf_data_folder='/panfs/panasas01/phys/bf16951/QMD/ParallelDevelopment/Results/Oct_01/12_39/BayesFactorsTimeRecords/', branchID=6, host_name='node33-012', interbranch=False, log_file='/panfs/panasas01/phys/bf16951/QMD/ParallelDevelopment/Results/Oct_01/12_39/logs/NV-exp-method-sim__random-phase--probe__QMLA_2.qmd.8794599.log', model_a_id=12, model_b_id=14, num_times_to_use=750, port_number=6302, qid=2, times_record='/panfs/panasas01/phys/bf16951/QMD/ParallelDevelopment/Results/Oct_01/12_39/BayesFactorsTimeRecords/BayesFactorsPairsTimes_002.txt', trueModel='xTiPPyTiPPzTiPPzTz') (ee70b4a7-8a52-4396-8ef7-85531a5a034c)
20:36:51 2: RemoteBayesFactor.BayesFactorRemote(bayes_threshold=100, bf_data_folder='/panfs/panasas01/phys/bf16951/QMD/ParallelDevelopment/Results/Oct_01/12_39/BayesFactorsTimeRecords/', branchID=6, host_name='node33-012', interbranch=False, log_file='/panfs/panasas01/phys/bf16951/QMD/ParallelDevelopment/Results/Oct_01/12_39/logs/NV-exp-method-sim__random-phase--probe__QMLA_2.qmd.8794599.log', model_a_id=12, model_b_id=13, num_times_to_use=750, port_number=6302, qid=2, times_record='/panfs/panasas01/phys/bf16951/QMD/ParallelDevelopment/Results/Oct_01/12_39/BayesFactorsTimeRecords/BayesFactorsPairsTimes_002.txt', trueModel='xTiPPyTiPPzTiPPzTz') (6f31d864-642f-461c-8b03-d020ff38fc85)
20:36:51 2: RemoteBayesFactor.BayesFactorRemote(bayes_threshold=100, bf_data_folder='/panfs/panasas01/phys/bf16951/QMD/ParallelDevelopment/Results/Oct_01/12_39/BayesFactorsTimeRecords/', branchID=6, host_name='node33-012', interbranch=False, log_file='/panfs/panasas01/phys/bf16951/QMD/ParallelDevelopment/Results/Oct_01/12_39/logs/NV-exp-method-sim__random-phase--probe__QMLA_2.qmd.8794599.log', model_a_id=13, model_b_id=14, num_times_to_use=750, port_number=6302, qid=2, times_record='/panfs/panasas01/phys/bf16951/QMD/ParallelDevelopment/Results/Oct_01/12_39/BayesFactorsTimeRecords/BayesFactorsPairsTimes_002.txt', trueModel='xTiPPyTiPPzTiPPzTz') (33902db5-4d58-4b5b-ab59-cd3e4c6ae580)
21:28:01 2: Job OK (ee70b4a7-8a52-4396-8ef7-85531a5a034c)
21:28:01 Result will never expire, clean up result key manually
21:28:01 Cleaning registries for queue: 2
21:28:01 
21:28:01 *** Listening on 2...
21:30:38 2: Job OK (33902db5-4d58-4b5b-ab59-cd3e4c6ae580)
21:30:38 Result will never expire, clean up result key manually
21:30:38 Cleaning registries for queue: 2
21:30:38 
21:30:38 *** Listening on 2...
21:31:03 2: Job OK (6f31d864-642f-461c-8b03-d020ff38fc85)
21:31:03 Result will never expire, clean up result key manually
21:31:03 Cleaning registries for queue: 2
21:31:03 
21:31:03 *** Listening on 2...
21:31:03 2: RemoteModelLearning.learnModelRemote('xTiPPxTxPPxTyPPyTiPPyTyPPyTzPPzTiPPzTz', 15.0, branchID=7, growth_generator='two_qubit_ising_rotation_hyperfine_transverse', host_name='node33-012', log_file='/panfs/panasas01/phys/bf16951/QMD/ParallelDevelopment/Results/Oct_01/12_39/logs/NV-exp-method-sim__random-phase--probe__QMLA_2.qmd.8794599.log', port_number=6302, qid=2, remote=True) (0e98b3cf-548e-434d-aebc-795dcc7b12b4)
21:31:03 2: RemoteModelLearning.learnModelRemote('xTiPPxTxPPxTyPPxTzPPyTiPPyTyPPzTiPPzTz', 16.0, branchID=7, growth_generator='two_qubit_ising_rotation_hyperfine_transverse', host_name='node33-012', log_file='/panfs/panasas01/phys/bf16951/QMD/ParallelDevelopment/Results/Oct_01/12_39/logs/NV-exp-method-sim__random-phase--probe__QMLA_2.qmd.8794599.log', port_number=6302, qid=2, remote=True) (fa46317c-80d5-4a80-a0db-378dcbf89ac5)
21:56:48 2: Job OK (fa46317c-80d5-4a80-a0db-378dcbf89ac5)
21:56:48 Result will never expire, clean up result key manually
21:56:49 Cleaning registries for queue: 2
21:56:49 
21:56:49 *** Listening on 2...
21:57:00 2: Job OK (0e98b3cf-548e-434d-aebc-795dcc7b12b4)
21:57:00 Result will never expire, clean up result key manually
21:57:00 
21:57:00 *** Listening on 2...
21:57:00 2: RemoteBayesFactor.BayesFactorRemote(bayes_threshold=100, bf_data_folder='/panfs/panasas01/phys/bf16951/QMD/ParallelDevelopment/Results/Oct_01/12_39/BayesFactorsTimeRecords/', branchID=7, host_name='node33-012', interbranch=False, log_file='/panfs/panasas01/phys/bf16951/QMD/ParallelDevelopment/Results/Oct_01/12_39/logs/NV-exp-method-sim__random-phase--probe__QMLA_2.qmd.8794599.log', model_a_id=15, model_b_id=16, num_times_to_use=750, port_number=6302, qid=2, times_record='/panfs/panasas01/phys/bf16951/QMD/ParallelDevelopment/Results/Oct_01/12_39/BayesFactorsTimeRecords/BayesFactorsPairsTimes_002.txt', trueModel='xTiPPyTiPPzTiPPzTz') (252f9ade-92c5-40b8-8a23-bc4e95274dc5)
22:48:27 2: Job OK (252f9ade-92c5-40b8-8a23-bc4e95274dc5)
22:48:27 Result will never expire, clean up result key manually
22:48:27 Cleaning registries for queue: 2
22:48:27 
22:48:27 *** Listening on 2...
22:48:27 2: RemoteModelLearning.learnModelRemote('xTiPPxTxPPxTyPPxTzPPyTiPPyTyPPyTzPPzTiPPzTz', 17.0, branchID=8, growth_generator='two_qubit_ising_rotation_hyperfine_transverse', host_name='node33-012', log_file='/panfs/panasas01/phys/bf16951/QMD/ParallelDevelopment/Results/Oct_01/12_39/logs/NV-exp-method-sim__random-phase--probe__QMLA_2.qmd.8794599.log', port_number=6302, qid=2, remote=True) (743e0936-111b-47fd-9029-b1b9f4b4fcfd)
23:14:07 2: Job OK (743e0936-111b-47fd-9029-b1b9f4b4fcfd)
23:14:07 Result will never expire, clean up result key manually
23:14:07 2: RemoteBayesFactor.BayesFactorRemote(bayes_threshold=100, bf_data_folder='/panfs/panasas01/phys/bf16951/QMD/ParallelDevelopment/Results/Oct_01/12_39/BayesFactorsTimeRecords/', branchID=None, host_name='node33-012', interbranch=True, log_file='/panfs/panasas01/phys/bf16951/QMD/ParallelDevelopment/Results/Oct_01/12_39/logs/NV-exp-method-sim__random-phase--probe__QMLA_2.qmd.8794599.log', model_a_id=2, model_b_id=3, num_times_to_use=750, port_number=6302, qid=2, times_record='/panfs/panasas01/phys/bf16951/QMD/ParallelDevelopment/Results/Oct_01/12_39/BayesFactorsTimeRecords/BayesFactorsPairsTimes_002.txt', trueModel='xTiPPyTiPPzTiPPzTz') (e2125cd2-c7d3-4406-9868-fc0ed300228b)
23:14:07 2: RemoteBayesFactor.BayesFactorRemote(bayes_threshold=100, bf_data_folder='/panfs/panasas01/phys/bf16951/QMD/ParallelDevelopment/Results/Oct_01/12_39/BayesFactorsTimeRecords/', branchID=None, host_name='node33-012', interbranch=True, log_file='/panfs/panasas01/phys/bf16951/QMD/ParallelDevelopment/Results/Oct_01/12_39/logs/NV-exp-method-sim__random-phase--probe__QMLA_2.qmd.8794599.log', model_a_id=3, model_b_id=5, num_times_to_use=750, port_number=6302, qid=2, times_record='/panfs/panasas01/phys/bf16951/QMD/ParallelDevelopment/Results/Oct_01/12_39/BayesFactorsTimeRecords/BayesFactorsPairsTimes_002.txt', trueModel='xTiPPyTiPPzTiPPzTz') (f0ea17fb-c6b0-4ff6-9e5e-9001b37eb88c)
23:14:07 Cleaning registries for queue: 2
23:14:07 
23:14:07 *** Listening on 2...
23:14:07 2: RemoteBayesFactor.BayesFactorRemote(bayes_threshold=100, bf_data_folder='/panfs/panasas01/phys/bf16951/QMD/ParallelDevelopment/Results/Oct_01/12_39/BayesFactorsTimeRecords/', branchID=None, host_name='node33-012', interbranch=True, log_file='/panfs/panasas01/phys/bf16951/QMD/ParallelDevelopment/Results/Oct_01/12_39/logs/NV-exp-method-sim__random-phase--probe__QMLA_2.qmd.8794599.log', model_a_id=8, model_b_id=9, num_times_to_use=750, port_number=6302, qid=2, times_record='/panfs/panasas01/phys/bf16951/QMD/ParallelDevelopment/Results/Oct_01/12_39/BayesFactorsTimeRecords/BayesFactorsPairsTimes_002.txt', trueModel='xTiPPyTiPPzTiPPzTz') (aef8e5a3-1ce6-4d18-a133-85beee7cf26a)
23:14:07 2: RemoteBayesFactor.BayesFactorRemote(bayes_threshold=100, bf_data_folder='/panfs/panasas01/phys/bf16951/QMD/ParallelDevelopment/Results/Oct_01/12_39/BayesFactorsTimeRecords/', branchID=None, host_name='node33-012', interbranch=True, log_file='/panfs/panasas01/phys/bf16951/QMD/ParallelDevelopment/Results/Oct_01/12_39/logs/NV-exp-method-sim__random-phase--probe__QMLA_2.qmd.8794599.log', model_a_id=11, model_b_id=14, num_times_to_use=750, port_number=6302, qid=2, times_record='/panfs/panasas01/phys/bf16951/QMD/ParallelDevelopment/Results/Oct_01/12_39/BayesFactorsTimeRecords/BayesFactorsPairsTimes_002.txt', trueModel='xTiPPyTiPPzTiPPzTz') (bdcdd745-00cd-4551-9556-411ebeabdc68)
23:14:07 2: RemoteBayesFactor.BayesFactorRemote(bayes_threshold=100, bf_data_folder='/panfs/panasas01/phys/bf16951/QMD/ParallelDevelopment/Results/Oct_01/12_39/BayesFactorsTimeRecords/', branchID=None, host_name='node33-012', interbranch=True, log_file='/panfs/panasas01/phys/bf16951/QMD/ParallelDevelopment/Results/Oct_01/12_39/logs/NV-exp-method-sim__random-phase--probe__QMLA_2.qmd.8794599.log', model_a_id=5, model_b_id=8, num_times_to_use=750, port_number=6302, qid=2, times_record='/panfs/panasas01/phys/bf16951/QMD/ParallelDevelopment/Results/Oct_01/12_39/BayesFactorsTimeRecords/BayesFactorsPairsTimes_002.txt', trueModel='xTiPPyTiPPzTiPPzTz') (bc46660e-66fb-49dc-b7f4-a58eb83cf2ce)
23:14:07 2: RemoteBayesFactor.BayesFactorRemote(bayes_threshold=100, bf_data_folder='/panfs/panasas01/phys/bf16951/QMD/ParallelDevelopment/Results/Oct_01/12_39/BayesFactorsTimeRecords/', branchID=None, host_name='node33-012', interbranch=True, log_file='/panfs/panasas01/phys/bf16951/QMD/ParallelDevelopment/Results/Oct_01/12_39/logs/NV-exp-method-sim__random-phase--probe__QMLA_2.qmd.8794599.log', model_a_id=9, model_b_id=11, num_times_to_use=750, port_number=6302, qid=2, times_record='/panfs/panasas01/phys/bf16951/QMD/ParallelDevelopment/Results/Oct_01/12_39/BayesFactorsTimeRecords/BayesFactorsPairsTimes_002.txt', trueModel='xTiPPyTiPPzTiPPzTz') (3fba1565-37da-49ef-acdf-cf398f55cbf1)
00:04:39 2: Job OK (bdcdd745-00cd-4551-9556-411ebeabdc68)
00:04:39 Result will never expire, clean up result key manually
00:04:39 
00:04:39 *** Listening on 2...
00:04:39 2: RemoteBayesFactor.BayesFactorRemote(bayes_threshold=100, bf_data_folder='/panfs/panasas01/phys/bf16951/QMD/ParallelDevelopment/Results/Oct_01/12_39/BayesFactorsTimeRecords/', branchID=None, host_name='node33-012', interbranch=True, log_file='/panfs/panasas01/phys/bf16951/QMD/ParallelDevelopment/Results/Oct_01/12_39/logs/NV-exp-method-sim__random-phase--probe__QMLA_2.qmd.8794599.log', model_a_id=14, model_b_id=16, num_times_to_use=750, port_number=6302, qid=2, times_record='/panfs/panasas01/phys/bf16951/QMD/ParallelDevelopment/Results/Oct_01/12_39/BayesFactorsTimeRecords/BayesFactorsPairsTimes_002.txt', trueModel='xTiPPyTiPPzTiPPzTz') (2dbef71c-0515-41d8-8a7c-67b20b2e3393)
00:05:06 2: Job OK (3fba1565-37da-49ef-acdf-cf398f55cbf1)
00:05:06 Result will never expire, clean up result key manually
00:05:06 Cleaning registries for queue: 2
00:05:06 
00:05:06 *** Listening on 2...
00:05:06 2: RemoteBayesFactor.BayesFactorRemote(bayes_threshold=100, bf_data_folder='/panfs/panasas01/phys/bf16951/QMD/ParallelDevelopment/Results/Oct_01/12_39/BayesFactorsTimeRecords/', branchID=None, host_name='node33-012', interbranch=True, log_file='/panfs/panasas01/phys/bf16951/QMD/ParallelDevelopment/Results/Oct_01/12_39/logs/NV-exp-method-sim__random-phase--probe__QMLA_2.qmd.8794599.log', model_a_id=16, model_b_id=17, num_times_to_use=750, port_number=6302, qid=2, times_record='/panfs/panasas01/phys/bf16951/QMD/ParallelDevelopment/Results/Oct_01/12_39/BayesFactorsTimeRecords/BayesFactorsPairsTimes_002.txt', trueModel='xTiPPyTiPPzTiPPzTz') (49828b9f-6711-48ef-b9c2-2926b16ba5d3)
00:05:53 2: Job OK (aef8e5a3-1ce6-4d18-a133-85beee7cf26a)
00:05:53 Result will never expire, clean up result key manually
00:05:53 Cleaning registries for queue: 2
00:05:53 
00:05:53 *** Listening on 2...
00:06:10 2: Job OK (f0ea17fb-c6b0-4ff6-9e5e-9001b37eb88c)
00:06:10 Result will never expire, clean up result key manually
00:06:10 Cleaning registries for queue: 2
00:06:10 
00:06:10 *** Listening on 2...
00:06:27 2: Job OK (bc46660e-66fb-49dc-b7f4-a58eb83cf2ce)
00:06:27 Result will never expire, clean up result key manually
00:06:27 Cleaning registries for queue: 2
00:06:27 
00:06:27 *** Listening on 2...
00:13:27 2: Job OK (e2125cd2-c7d3-4406-9868-fc0ed300228b)
00:13:27 Result will never expire, clean up result key manually
00:13:27 Cleaning registries for queue: 2
00:13:27 
00:13:27 *** Listening on 2...
00:55:42 2: Job OK (2dbef71c-0515-41d8-8a7c-67b20b2e3393)
00:55:42 Result will never expire, clean up result key manually
00:55:42 Cleaning registries for queue: 2
00:55:42 
00:55:42 *** Listening on 2...
00:56:15 2: Job OK (49828b9f-6711-48ef-b9c2-2926b16ba5d3)
00:56:15 Result will never expire, clean up result key manually
00:56:15 
00:56:15 *** Listening on 2...
00:56:15 2: RemoteBayesFactor.BayesFactorRemote(bayes_threshold=100, bf_data_folder='/panfs/panasas01/phys/bf16951/QMD/ParallelDevelopment/Results/Oct_01/12_39/BayesFactorsTimeRecords/', branchID=9, host_name='node33-012', interbranch=False, log_file='/panfs/panasas01/phys/bf16951/QMD/ParallelDevelopment/Results/Oct_01/12_39/logs/NV-exp-method-sim__random-phase--probe__QMLA_2.qmd.8794599.log', model_a_id=17.0, model_b_id=8.0, num_times_to_use=750, port_number=6302, qid=2, times_record='/panfs/panasas01/phys/bf16951/QMD/ParallelDevelopment/Results/Oct_01/12_39/BayesFactorsTimeRecords/BayesFactorsPairsTimes_002.txt', trueModel='xTiPPyTiPPzTiPPzTz') (597a4417-6a9d-4e24-97b2-d50fd80e44e8)
00:56:15 2: RemoteBayesFactor.BayesFactorRemote(bayes_threshold=100, bf_data_folder='/panfs/panasas01/phys/bf16951/QMD/ParallelDevelopment/Results/Oct_01/12_39/BayesFactorsTimeRecords/', branchID=9, host_name='node33-012', interbranch=False, log_file='/panfs/panasas01/phys/bf16951/QMD/ParallelDevelopment/Results/Oct_01/12_39/logs/NV-exp-method-sim__random-phase--probe__QMLA_2.qmd.8794599.log', model_a_id=3.0, model_b_id=8.0, num_times_to_use=750, port_number=6302, qid=2, times_record='/panfs/panasas01/phys/bf16951/QMD/ParallelDevelopment/Results/Oct_01/12_39/BayesFactorsTimeRecords/BayesFactorsPairsTimes_002.txt', trueModel='xTiPPyTiPPzTiPPzTz') (21d4f59e-71c2-4c20-a192-40833764d40d)
00:56:15 2: RemoteBayesFactor.BayesFactorRemote(bayes_threshold=100, bf_data_folder='/panfs/panasas01/phys/bf16951/QMD/ParallelDevelopment/Results/Oct_01/12_39/BayesFactorsTimeRecords/', branchID=9, host_name='node33-012', interbranch=False, log_file='/panfs/panasas01/phys/bf16951/QMD/ParallelDevelopment/Results/Oct_01/12_39/logs/NV-exp-method-sim__random-phase--probe__QMLA_2.qmd.8794599.log', model_a_id=17.0, model_b_id=3.0, num_times_to_use=750, port_number=6302, qid=2, times_record='/panfs/panasas01/phys/bf16951/QMD/ParallelDevelopment/Results/Oct_01/12_39/BayesFactorsTimeRecords/BayesFactorsPairsTimes_002.txt', trueModel='xTiPPyTiPPzTiPPzTz') (f0395d49-5c1f-4126-b08c-4e0a62ea22c7)
01:48:11 2: Job OK (f0395d49-5c1f-4126-b08c-4e0a62ea22c7)
01:48:11 Result will never expire, clean up result key manually
01:48:11 Cleaning registries for queue: 2
01:48:11 
01:48:11 *** Listening on 2...
01:48:43 2: Job OK (21d4f59e-71c2-4c20-a192-40833764d40d)
01:48:43 Result will never expire, clean up result key manually
01:48:43 Cleaning registries for queue: 2
01:48:43 
01:48:43 *** Listening on 2...
01:48:49 2: Job OK (597a4417-6a9d-4e24-97b2-d50fd80e44e8)
01:48:49 Result will never expire, clean up result key manually
01:48:49 Cleaning registries for queue: 2
01:48:49 
01:48:49 *** Listening on 2...
Error 111 connecting to node33-012:6302. Connection refused.
Error 111 connecting to node33-012:6302. Connection refused.
Error 111 connecting to node33-012:6302. Connection refused.
Error 111 connecting to node33-012:6302. Connection refused.
Error 111 connecting to node33-012:6302. Connection refused.
Error 111 connecting to node33-012:6302. Connection refused.
