12:45:31 RQ worker 'rq:worker:node45-016.119943' started, version 0.8.1
12:45:31 RQ worker 'rq:worker:node45-016.119944' started, version 0.8.1
12:45:31 RQ worker 'rq:worker:node45-016.119940' started, version 0.8.1
12:45:31 RQ worker 'rq:worker:node45-016.119941' started, version 0.8.1
12:45:31 RQ worker 'rq:worker:node45-016.119939' started, version 0.8.1
12:45:31 RQ worker 'rq:worker:node45-016.119942' started, version 0.8.1
12:45:31 Cleaning registries for queue: 29
12:45:31 Cleaning registries for queue: 29
12:45:31 Cleaning registries for queue: 29
12:45:31 Cleaning registries for queue: 29
12:45:31 Cleaning registries for queue: 29
12:45:31 Cleaning registries for queue: 29
12:45:31 
12:45:31 
12:45:31 *** Listening on 29...
12:45:31 *** Listening on 29...
12:45:31 
12:45:31 
12:45:31 
12:45:31 
12:45:31 *** Listening on 29...
12:45:31 *** Listening on 29...
12:45:31 *** Listening on 29...
12:45:31 *** Listening on 29...
12:45:42 29: RemoteModelLearning.learnModelRemote('yTi', 1.0, branchID=0, growth_generator='two_qubit_ising_rotation_hyperfine_transverse', host_name='node45-016', log_file='/panfs/panasas01/phys/bf16951/QMD/ParallelDevelopment/Results/Oct_01/12_39/logs/NV-exp-method-sim__random-phase--probe__QMLA_29.qmd.8794626.log', port_number=6329, qid=29, remote=True) (bb543ef7-8db7-451d-a728-046766267c76)
12:45:42 29: RemoteModelLearning.learnModelRemote('xTi', 0.0, branchID=0, growth_generator='two_qubit_ising_rotation_hyperfine_transverse', host_name='node45-016', log_file='/panfs/panasas01/phys/bf16951/QMD/ParallelDevelopment/Results/Oct_01/12_39/logs/NV-exp-method-sim__random-phase--probe__QMLA_29.qmd.8794626.log', port_number=6329, qid=29, remote=True) (924d16f3-63cb-410e-bd2f-611cc7a17160)
12:45:42 29: RemoteModelLearning.learnModelRemote('zTi', 2.0, branchID=0, growth_generator='two_qubit_ising_rotation_hyperfine_transverse', host_name='node45-016', log_file='/panfs/panasas01/phys/bf16951/QMD/ParallelDevelopment/Results/Oct_01/12_39/logs/NV-exp-method-sim__random-phase--probe__QMLA_29.qmd.8794626.log', port_number=6329, qid=29, remote=True) (a29b3024-06c5-4bf6-ab15-988e56875098)
13:08:45 29: Job OK (924d16f3-63cb-410e-bd2f-611cc7a17160)
13:08:45 Result will never expire, clean up result key manually
13:08:45 
13:08:45 *** Listening on 29...
13:12:04 29: Job OK (bb543ef7-8db7-451d-a728-046766267c76)
13:12:04 Result will never expire, clean up result key manually
13:12:04 
13:12:04 *** Listening on 29...
13:21:21 29: Job OK (a29b3024-06c5-4bf6-ab15-988e56875098)
13:21:21 Result will never expire, clean up result key manually
13:21:21 
13:21:21 *** Listening on 29...
13:21:21 29: RemoteBayesFactor.BayesFactorRemote(bayes_threshold=100, bf_data_folder='/panfs/panasas01/phys/bf16951/QMD/ParallelDevelopment/Results/Oct_01/12_39/BayesFactorsTimeRecords/', branchID=0, host_name='node45-016', interbranch=False, log_file='/panfs/panasas01/phys/bf16951/QMD/ParallelDevelopment/Results/Oct_01/12_39/logs/NV-exp-method-sim__random-phase--probe__QMLA_29.qmd.8794626.log', model_a_id=1, model_b_id=2, num_times_to_use=750, port_number=6329, qid=29, times_record='/panfs/panasas01/phys/bf16951/QMD/ParallelDevelopment/Results/Oct_01/12_39/BayesFactorsTimeRecords/BayesFactorsPairsTimes_029.txt', trueModel='xTiPPyTiPPzTiPPzTz') (451d3f6c-daa5-4f7d-aa3c-aa95cf406515)
13:21:21 29: RemoteBayesFactor.BayesFactorRemote(bayes_threshold=100, bf_data_folder='/panfs/panasas01/phys/bf16951/QMD/ParallelDevelopment/Results/Oct_01/12_39/BayesFactorsTimeRecords/', branchID=0, host_name='node45-016', interbranch=False, log_file='/panfs/panasas01/phys/bf16951/QMD/ParallelDevelopment/Results/Oct_01/12_39/logs/NV-exp-method-sim__random-phase--probe__QMLA_29.qmd.8794626.log', model_a_id=0, model_b_id=1, num_times_to_use=750, port_number=6329, qid=29, times_record='/panfs/panasas01/phys/bf16951/QMD/ParallelDevelopment/Results/Oct_01/12_39/BayesFactorsTimeRecords/BayesFactorsPairsTimes_029.txt', trueModel='xTiPPyTiPPzTiPPzTz') (77dece31-c152-42db-aebe-ef71f52a6d66)
13:21:21 29: RemoteBayesFactor.BayesFactorRemote(bayes_threshold=100, bf_data_folder='/panfs/panasas01/phys/bf16951/QMD/ParallelDevelopment/Results/Oct_01/12_39/BayesFactorsTimeRecords/', branchID=0, host_name='node45-016', interbranch=False, log_file='/panfs/panasas01/phys/bf16951/QMD/ParallelDevelopment/Results/Oct_01/12_39/logs/NV-exp-method-sim__random-phase--probe__QMLA_29.qmd.8794626.log', model_a_id=0, model_b_id=2, num_times_to_use=750, port_number=6329, qid=29, times_record='/panfs/panasas01/phys/bf16951/QMD/ParallelDevelopment/Results/Oct_01/12_39/BayesFactorsTimeRecords/BayesFactorsPairsTimes_029.txt', trueModel='xTiPPyTiPPzTiPPzTz') (ad8c7557-a623-4a02-9c85-743d0acbdf01)
14:10:16 29: Job OK (77dece31-c152-42db-aebe-ef71f52a6d66)
14:10:16 Result will never expire, clean up result key manually
14:10:17 Cleaning registries for queue: 29
14:10:17 
14:10:17 *** Listening on 29...
14:25:12 29: Job OK (ad8c7557-a623-4a02-9c85-743d0acbdf01)
14:25:12 Result will never expire, clean up result key manually
14:25:12 Cleaning registries for queue: 29
14:25:12 
14:25:12 *** Listening on 29...
14:25:57 29: Job OK (451d3f6c-daa5-4f7d-aa3c-aa95cf406515)
14:25:57 Result will never expire, clean up result key manually
14:25:57 Cleaning registries for queue: 29
14:25:57 
14:25:57 *** Listening on 29...
14:25:57 29: RemoteModelLearning.learnModelRemote('xTiPPzTi', 3.0, branchID=1, growth_generator='two_qubit_ising_rotation_hyperfine_transverse', host_name='node45-016', log_file='/panfs/panasas01/phys/bf16951/QMD/ParallelDevelopment/Results/Oct_01/12_39/logs/NV-exp-method-sim__random-phase--probe__QMLA_29.qmd.8794626.log', port_number=6329, qid=29, remote=True) (70a89c1b-fa8c-4e20-a223-b0d3d743d19e)
14:25:58 29: RemoteModelLearning.learnModelRemote('yTiPPzTi', 4.0, branchID=1, growth_generator='two_qubit_ising_rotation_hyperfine_transverse', host_name='node45-016', log_file='/panfs/panasas01/phys/bf16951/QMD/ParallelDevelopment/Results/Oct_01/12_39/logs/NV-exp-method-sim__random-phase--probe__QMLA_29.qmd.8794626.log', port_number=6329, qid=29, remote=True) (c3359a9c-b326-49a2-9482-6333b3997edc)
14:51:38 29: Job OK (70a89c1b-fa8c-4e20-a223-b0d3d743d19e)
14:51:38 Result will never expire, clean up result key manually
14:51:38 Cleaning registries for queue: 29
14:51:38 
14:51:38 *** Listening on 29...
14:52:29 29: Job OK (c3359a9c-b326-49a2-9482-6333b3997edc)
14:52:29 Result will never expire, clean up result key manually
14:52:29 Cleaning registries for queue: 29
14:52:29 
14:52:29 *** Listening on 29...
14:52:30 29: RemoteBayesFactor.BayesFactorRemote(bayes_threshold=100, bf_data_folder='/panfs/panasas01/phys/bf16951/QMD/ParallelDevelopment/Results/Oct_01/12_39/BayesFactorsTimeRecords/', branchID=1, host_name='node45-016', interbranch=False, log_file='/panfs/panasas01/phys/bf16951/QMD/ParallelDevelopment/Results/Oct_01/12_39/logs/NV-exp-method-sim__random-phase--probe__QMLA_29.qmd.8794626.log', model_a_id=3, model_b_id=4, num_times_to_use=750, port_number=6329, qid=29, times_record='/panfs/panasas01/phys/bf16951/QMD/ParallelDevelopment/Results/Oct_01/12_39/BayesFactorsTimeRecords/BayesFactorsPairsTimes_029.txt', trueModel='xTiPPyTiPPzTiPPzTz') (0c40cdff-73f4-44d1-bda5-8b35875588c5)
15:44:11 29: Job OK (0c40cdff-73f4-44d1-bda5-8b35875588c5)
15:44:11 Result will never expire, clean up result key manually
15:44:11 Cleaning registries for queue: 29
15:44:11 
15:44:11 *** Listening on 29...
15:44:11 29: RemoteModelLearning.learnModelRemote('xTiPPyTiPPzTi', 5.0, branchID=2, growth_generator='two_qubit_ising_rotation_hyperfine_transverse', host_name='node45-016', log_file='/panfs/panasas01/phys/bf16951/QMD/ParallelDevelopment/Results/Oct_01/12_39/logs/NV-exp-method-sim__random-phase--probe__QMLA_29.qmd.8794626.log', port_number=6329, qid=29, remote=True) (f9702ad3-c537-4ffc-9020-2f16e172d42d)
16:10:53 29: Job OK (f9702ad3-c537-4ffc-9020-2f16e172d42d)
16:10:53 Result will never expire, clean up result key manually
16:10:53 Cleaning registries for queue: 29
16:10:53 
16:10:53 *** Listening on 29...
16:10:53 29: RemoteModelLearning.learnModelRemote('xTiPPyTiPPzTiPPzTz', 6.0, branchID=3, growth_generator='two_qubit_ising_rotation_hyperfine_transverse', host_name='node45-016', log_file='/panfs/panasas01/phys/bf16951/QMD/ParallelDevelopment/Results/Oct_01/12_39/logs/NV-exp-method-sim__random-phase--probe__QMLA_29.qmd.8794626.log', port_number=6329, qid=29, remote=True) (471fde1c-0cbb-4ab1-befc-f1c2883a2d26)
16:10:53 29: RemoteModelLearning.learnModelRemote('xTiPPyTiPPyTyPPzTi', 7.0, branchID=3, growth_generator='two_qubit_ising_rotation_hyperfine_transverse', host_name='node45-016', log_file='/panfs/panasas01/phys/bf16951/QMD/ParallelDevelopment/Results/Oct_01/12_39/logs/NV-exp-method-sim__random-phase--probe__QMLA_29.qmd.8794626.log', port_number=6329, qid=29, remote=True) (d743df2e-f39f-416a-84f6-40102a939574)
16:10:53 29: RemoteModelLearning.learnModelRemote('xTiPPxTxPPyTiPPzTi', 8.0, branchID=3, growth_generator='two_qubit_ising_rotation_hyperfine_transverse', host_name='node45-016', log_file='/panfs/panasas01/phys/bf16951/QMD/ParallelDevelopment/Results/Oct_01/12_39/logs/NV-exp-method-sim__random-phase--probe__QMLA_29.qmd.8794626.log', port_number=6329, qid=29, remote=True) (3db41920-d567-4eb8-9b74-9b284364ff83)
16:36:37 29: Job OK (d743df2e-f39f-416a-84f6-40102a939574)
16:36:37 Result will never expire, clean up result key manually
16:36:37 
16:36:37 *** Listening on 29...
16:37:47 29: Job OK (3db41920-d567-4eb8-9b74-9b284364ff83)
16:37:47 Result will never expire, clean up result key manually
16:37:47 Cleaning registries for queue: 29
16:37:47 
16:37:47 *** Listening on 29...
16:38:13 29: Job OK (471fde1c-0cbb-4ab1-befc-f1c2883a2d26)
16:38:13 Result will never expire, clean up result key manually
16:38:13 Cleaning registries for queue: 29
16:38:13 
16:38:13 *** Listening on 29...
16:38:13 29: RemoteBayesFactor.BayesFactorRemote(bayes_threshold=100, bf_data_folder='/panfs/panasas01/phys/bf16951/QMD/ParallelDevelopment/Results/Oct_01/12_39/BayesFactorsTimeRecords/', branchID=3, host_name='node45-016', interbranch=False, log_file='/panfs/panasas01/phys/bf16951/QMD/ParallelDevelopment/Results/Oct_01/12_39/logs/NV-exp-method-sim__random-phase--probe__QMLA_29.qmd.8794626.log', model_a_id=6, model_b_id=8, num_times_to_use=750, port_number=6329, qid=29, times_record='/panfs/panasas01/phys/bf16951/QMD/ParallelDevelopment/Results/Oct_01/12_39/BayesFactorsTimeRecords/BayesFactorsPairsTimes_029.txt', trueModel='xTiPPyTiPPzTiPPzTz') (b97cef85-1bd6-46e5-88ba-b7b59b9381e1)
16:38:13 29: RemoteBayesFactor.BayesFactorRemote(bayes_threshold=100, bf_data_folder='/panfs/panasas01/phys/bf16951/QMD/ParallelDevelopment/Results/Oct_01/12_39/BayesFactorsTimeRecords/', branchID=3, host_name='node45-016', interbranch=False, log_file='/panfs/panasas01/phys/bf16951/QMD/ParallelDevelopment/Results/Oct_01/12_39/logs/NV-exp-method-sim__random-phase--probe__QMLA_29.qmd.8794626.log', model_a_id=6, model_b_id=7, num_times_to_use=750, port_number=6329, qid=29, times_record='/panfs/panasas01/phys/bf16951/QMD/ParallelDevelopment/Results/Oct_01/12_39/BayesFactorsTimeRecords/BayesFactorsPairsTimes_029.txt', trueModel='xTiPPyTiPPzTiPPzTz') (73b12dae-d988-439f-8704-25ae1f74e13c)
16:38:13 29: RemoteBayesFactor.BayesFactorRemote(bayes_threshold=100, bf_data_folder='/panfs/panasas01/phys/bf16951/QMD/ParallelDevelopment/Results/Oct_01/12_39/BayesFactorsTimeRecords/', branchID=3, host_name='node45-016', interbranch=False, log_file='/panfs/panasas01/phys/bf16951/QMD/ParallelDevelopment/Results/Oct_01/12_39/logs/NV-exp-method-sim__random-phase--probe__QMLA_29.qmd.8794626.log', model_a_id=7, model_b_id=8, num_times_to_use=750, port_number=6329, qid=29, times_record='/panfs/panasas01/phys/bf16951/QMD/ParallelDevelopment/Results/Oct_01/12_39/BayesFactorsTimeRecords/BayesFactorsPairsTimes_029.txt', trueModel='xTiPPyTiPPzTiPPzTz') (d1cb0cf7-3283-4162-898a-88569547aa52)
17:28:59 29: Job OK (73b12dae-d988-439f-8704-25ae1f74e13c)
17:28:59 Result will never expire, clean up result key manually
17:28:59 Cleaning registries for queue: 29
17:28:59 
17:28:59 *** Listening on 29...
17:29:40 29: Job OK (b97cef85-1bd6-46e5-88ba-b7b59b9381e1)
17:29:40 Result will never expire, clean up result key manually
17:29:40 Cleaning registries for queue: 29
17:29:40 
17:29:40 *** Listening on 29...
17:30:49 29: Job OK (d1cb0cf7-3283-4162-898a-88569547aa52)
17:30:49 Result will never expire, clean up result key manually
17:30:49 Cleaning registries for queue: 29
17:30:49 
17:30:49 *** Listening on 29...
17:30:49 29: RemoteModelLearning.learnModelRemote('xTiPPxTxPPyTiPPzTiPPzTz', 9.0, branchID=4, growth_generator='two_qubit_ising_rotation_hyperfine_transverse', host_name='node45-016', log_file='/panfs/panasas01/phys/bf16951/QMD/ParallelDevelopment/Results/Oct_01/12_39/logs/NV-exp-method-sim__random-phase--probe__QMLA_29.qmd.8794626.log', port_number=6329, qid=29, remote=True) (22284637-28d5-456d-be4d-ba02f7aaf803)
17:30:49 29: RemoteModelLearning.learnModelRemote('xTiPPyTiPPyTyPPzTiPPzTz', 10.0, branchID=4, growth_generator='two_qubit_ising_rotation_hyperfine_transverse', host_name='node45-016', log_file='/panfs/panasas01/phys/bf16951/QMD/ParallelDevelopment/Results/Oct_01/12_39/logs/NV-exp-method-sim__random-phase--probe__QMLA_29.qmd.8794626.log', port_number=6329, qid=29, remote=True) (051f54a1-fd49-4f06-a5ca-c2a0ef666a39)
17:56:28 29: Job OK (051f54a1-fd49-4f06-a5ca-c2a0ef666a39)
17:56:28 Result will never expire, clean up result key manually
17:56:28 Cleaning registries for queue: 29
17:56:28 
17:56:28 *** Listening on 29...
17:57:16 29: Job OK (22284637-28d5-456d-be4d-ba02f7aaf803)
17:57:16 Result will never expire, clean up result key manually
17:57:16 Cleaning registries for queue: 29
17:57:16 
17:57:16 *** Listening on 29...
17:57:16 29: RemoteBayesFactor.BayesFactorRemote(bayes_threshold=100, bf_data_folder='/panfs/panasas01/phys/bf16951/QMD/ParallelDevelopment/Results/Oct_01/12_39/BayesFactorsTimeRecords/', branchID=4, host_name='node45-016', interbranch=False, log_file='/panfs/panasas01/phys/bf16951/QMD/ParallelDevelopment/Results/Oct_01/12_39/logs/NV-exp-method-sim__random-phase--probe__QMLA_29.qmd.8794626.log', model_a_id=9, model_b_id=10, num_times_to_use=750, port_number=6329, qid=29, times_record='/panfs/panasas01/phys/bf16951/QMD/ParallelDevelopment/Results/Oct_01/12_39/BayesFactorsTimeRecords/BayesFactorsPairsTimes_029.txt', trueModel='xTiPPyTiPPzTiPPzTz') (e573aa15-b0ff-4ac0-b0a9-9ff24381792c)
18:46:26 29: Job OK (e573aa15-b0ff-4ac0-b0a9-9ff24381792c)
18:46:26 Result will never expire, clean up result key manually
18:46:26 Cleaning registries for queue: 29
18:46:26 
18:46:26 *** Listening on 29...
18:46:26 29: RemoteModelLearning.learnModelRemote('xTiPPxTxPPyTiPPyTyPPzTiPPzTz', 11.0, branchID=5, growth_generator='two_qubit_ising_rotation_hyperfine_transverse', host_name='node45-016', log_file='/panfs/panasas01/phys/bf16951/QMD/ParallelDevelopment/Results/Oct_01/12_39/logs/NV-exp-method-sim__random-phase--probe__QMLA_29.qmd.8794626.log', port_number=6329, qid=29, remote=True) (d4a58ad5-2300-4538-b64d-cb037756690c)
19:12:51 29: Job OK (d4a58ad5-2300-4538-b64d-cb037756690c)
19:12:51 Result will never expire, clean up result key manually
19:12:51 Cleaning registries for queue: 29
19:12:51 
19:12:51 *** Listening on 29...
19:12:52 29: RemoteModelLearning.learnModelRemote('xTiPPxTxPPyTiPPyTyPPyTzPPzTiPPzTz', 12.0, branchID=6, growth_generator='two_qubit_ising_rotation_hyperfine_transverse', host_name='node45-016', log_file='/panfs/panasas01/phys/bf16951/QMD/ParallelDevelopment/Results/Oct_01/12_39/logs/NV-exp-method-sim__random-phase--probe__QMLA_29.qmd.8794626.log', port_number=6329, qid=29, remote=True) (782f6fc1-8188-42f4-9f2a-e3bdd4f7e57c)
19:12:52 29: RemoteModelLearning.learnModelRemote('xTiPPxTxPPxTyPPyTiPPyTyPPzTiPPzTz', 14.0, branchID=6, growth_generator='two_qubit_ising_rotation_hyperfine_transverse', host_name='node45-016', log_file='/panfs/panasas01/phys/bf16951/QMD/ParallelDevelopment/Results/Oct_01/12_39/logs/NV-exp-method-sim__random-phase--probe__QMLA_29.qmd.8794626.log', port_number=6329, qid=29, remote=True) (69b4ee1f-3634-4840-b986-b04ac3706f6b)
19:12:52 29: RemoteModelLearning.learnModelRemote('xTiPPxTxPPxTzPPyTiPPyTyPPzTiPPzTz', 13.0, branchID=6, growth_generator='two_qubit_ising_rotation_hyperfine_transverse', host_name='node45-016', log_file='/panfs/panasas01/phys/bf16951/QMD/ParallelDevelopment/Results/Oct_01/12_39/logs/NV-exp-method-sim__random-phase--probe__QMLA_29.qmd.8794626.log', port_number=6329, qid=29, remote=True) (057143c6-2e60-4b4c-9a45-47bca46a04a2)
19:38:44 29: Job OK (782f6fc1-8188-42f4-9f2a-e3bdd4f7e57c)
19:38:44 Result will never expire, clean up result key manually
19:38:44 Cleaning registries for queue: 29
19:38:44 
19:38:44 *** Listening on 29...
19:38:44 29: Job OK (057143c6-2e60-4b4c-9a45-47bca46a04a2)
19:38:44 Result will never expire, clean up result key manually
19:38:44 Cleaning registries for queue: 29
19:38:44 
19:38:44 *** Listening on 29...
19:38:58 29: Job OK (69b4ee1f-3634-4840-b986-b04ac3706f6b)
19:38:58 Result will never expire, clean up result key manually
19:38:59 
19:38:59 *** Listening on 29...
19:38:59 29: RemoteBayesFactor.BayesFactorRemote(bayes_threshold=100, bf_data_folder='/panfs/panasas01/phys/bf16951/QMD/ParallelDevelopment/Results/Oct_01/12_39/BayesFactorsTimeRecords/', branchID=6, host_name='node45-016', interbranch=False, log_file='/panfs/panasas01/phys/bf16951/QMD/ParallelDevelopment/Results/Oct_01/12_39/logs/NV-exp-method-sim__random-phase--probe__QMLA_29.qmd.8794626.log', model_a_id=12, model_b_id=13, num_times_to_use=750, port_number=6329, qid=29, times_record='/panfs/panasas01/phys/bf16951/QMD/ParallelDevelopment/Results/Oct_01/12_39/BayesFactorsTimeRecords/BayesFactorsPairsTimes_029.txt', trueModel='xTiPPyTiPPzTiPPzTz') (7ee6232d-88fd-4f61-814d-c1036dcba592)
19:38:59 29: RemoteBayesFactor.BayesFactorRemote(bayes_threshold=100, bf_data_folder='/panfs/panasas01/phys/bf16951/QMD/ParallelDevelopment/Results/Oct_01/12_39/BayesFactorsTimeRecords/', branchID=6, host_name='node45-016', interbranch=False, log_file='/panfs/panasas01/phys/bf16951/QMD/ParallelDevelopment/Results/Oct_01/12_39/logs/NV-exp-method-sim__random-phase--probe__QMLA_29.qmd.8794626.log', model_a_id=12, model_b_id=14, num_times_to_use=750, port_number=6329, qid=29, times_record='/panfs/panasas01/phys/bf16951/QMD/ParallelDevelopment/Results/Oct_01/12_39/BayesFactorsTimeRecords/BayesFactorsPairsTimes_029.txt', trueModel='xTiPPyTiPPzTiPPzTz') (3e9fc87b-8570-4544-a598-7d79a2ebf427)
19:38:59 29: RemoteBayesFactor.BayesFactorRemote(bayes_threshold=100, bf_data_folder='/panfs/panasas01/phys/bf16951/QMD/ParallelDevelopment/Results/Oct_01/12_39/BayesFactorsTimeRecords/', branchID=6, host_name='node45-016', interbranch=False, log_file='/panfs/panasas01/phys/bf16951/QMD/ParallelDevelopment/Results/Oct_01/12_39/logs/NV-exp-method-sim__random-phase--probe__QMLA_29.qmd.8794626.log', model_a_id=13, model_b_id=14, num_times_to_use=750, port_number=6329, qid=29, times_record='/panfs/panasas01/phys/bf16951/QMD/ParallelDevelopment/Results/Oct_01/12_39/BayesFactorsTimeRecords/BayesFactorsPairsTimes_029.txt', trueModel='xTiPPyTiPPzTiPPzTz') (07baacb1-a346-45d8-820f-b7bb711da86e)
20:30:01 29: Job OK (7ee6232d-88fd-4f61-814d-c1036dcba592)
20:30:01 Result will never expire, clean up result key manually
20:30:01 Cleaning registries for queue: 29
20:30:01 
20:30:01 *** Listening on 29...
20:30:21 29: Job OK (07baacb1-a346-45d8-820f-b7bb711da86e)
20:30:21 Result will never expire, clean up result key manually
20:30:21 Cleaning registries for queue: 29
20:30:21 
20:30:21 *** Listening on 29...
20:30:41 29: Job OK (3e9fc87b-8570-4544-a598-7d79a2ebf427)
20:30:41 Result will never expire, clean up result key manually
20:30:41 Cleaning registries for queue: 29
20:30:41 
20:30:41 *** Listening on 29...
20:30:41 29: RemoteModelLearning.learnModelRemote('xTiPPxTxPPxTzPPyTiPPyTyPPyTzPPzTiPPzTz', 15.0, branchID=7, growth_generator='two_qubit_ising_rotation_hyperfine_transverse', host_name='node45-016', log_file='/panfs/panasas01/phys/bf16951/QMD/ParallelDevelopment/Results/Oct_01/12_39/logs/NV-exp-method-sim__random-phase--probe__QMLA_29.qmd.8794626.log', port_number=6329, qid=29, remote=True) (d48707ce-6ac3-4073-979c-0b1a96c7bb12)
20:30:41 29: RemoteModelLearning.learnModelRemote('xTiPPxTxPPxTyPPyTiPPyTyPPyTzPPzTiPPzTz', 16.0, branchID=7, growth_generator='two_qubit_ising_rotation_hyperfine_transverse', host_name='node45-016', log_file='/panfs/panasas01/phys/bf16951/QMD/ParallelDevelopment/Results/Oct_01/12_39/logs/NV-exp-method-sim__random-phase--probe__QMLA_29.qmd.8794626.log', port_number=6329, qid=29, remote=True) (7b45a0b8-841e-417f-bce5-5e243098d93d)
20:56:24 29: Job OK (7b45a0b8-841e-417f-bce5-5e243098d93d)
20:56:24 Result will never expire, clean up result key manually
20:56:24 Cleaning registries for queue: 29
20:56:24 
20:56:24 *** Listening on 29...
20:56:26 29: Job OK (d48707ce-6ac3-4073-979c-0b1a96c7bb12)
20:56:26 Result will never expire, clean up result key manually
20:56:26 Cleaning registries for queue: 29
20:56:26 
20:56:26 *** Listening on 29...
20:56:26 29: RemoteBayesFactor.BayesFactorRemote(bayes_threshold=100, bf_data_folder='/panfs/panasas01/phys/bf16951/QMD/ParallelDevelopment/Results/Oct_01/12_39/BayesFactorsTimeRecords/', branchID=7, host_name='node45-016', interbranch=False, log_file='/panfs/panasas01/phys/bf16951/QMD/ParallelDevelopment/Results/Oct_01/12_39/logs/NV-exp-method-sim__random-phase--probe__QMLA_29.qmd.8794626.log', model_a_id=15, model_b_id=16, num_times_to_use=750, port_number=6329, qid=29, times_record='/panfs/panasas01/phys/bf16951/QMD/ParallelDevelopment/Results/Oct_01/12_39/BayesFactorsTimeRecords/BayesFactorsPairsTimes_029.txt', trueModel='xTiPPyTiPPzTiPPzTz') (6a52b73f-d3f2-442a-b580-2d1b5ad4f2fa)
21:46:59 29: Job OK (6a52b73f-d3f2-442a-b580-2d1b5ad4f2fa)
21:46:59 Result will never expire, clean up result key manually
21:46:59 Cleaning registries for queue: 29
21:46:59 
21:46:59 *** Listening on 29...
21:46:59 29: RemoteModelLearning.learnModelRemote('xTiPPxTxPPxTyPPxTzPPyTiPPyTyPPyTzPPzTiPPzTz', 17.0, branchID=8, growth_generator='two_qubit_ising_rotation_hyperfine_transverse', host_name='node45-016', log_file='/panfs/panasas01/phys/bf16951/QMD/ParallelDevelopment/Results/Oct_01/12_39/logs/NV-exp-method-sim__random-phase--probe__QMLA_29.qmd.8794626.log', port_number=6329, qid=29, remote=True) (16a74f51-70b0-4f6c-ac88-582e3dffc0ab)
22:12:11 29: Job OK (16a74f51-70b0-4f6c-ac88-582e3dffc0ab)
22:12:11 Result will never expire, clean up result key manually
22:12:11 29: RemoteBayesFactor.BayesFactorRemote(bayes_threshold=100, bf_data_folder='/panfs/panasas01/phys/bf16951/QMD/ParallelDevelopment/Results/Oct_01/12_39/BayesFactorsTimeRecords/', branchID=None, host_name='node45-016', interbranch=True, log_file='/panfs/panasas01/phys/bf16951/QMD/ParallelDevelopment/Results/Oct_01/12_39/logs/NV-exp-method-sim__random-phase--probe__QMLA_29.qmd.8794626.log', model_a_id=3, model_b_id=5, num_times_to_use=750, port_number=6329, qid=29, times_record='/panfs/panasas01/phys/bf16951/QMD/ParallelDevelopment/Results/Oct_01/12_39/BayesFactorsTimeRecords/BayesFactorsPairsTimes_029.txt', trueModel='xTiPPyTiPPzTiPPzTz') (8f9ff275-897c-4cfc-a0db-41a98eafea0b)
22:12:11 29: RemoteBayesFactor.BayesFactorRemote(bayes_threshold=100, bf_data_folder='/panfs/panasas01/phys/bf16951/QMD/ParallelDevelopment/Results/Oct_01/12_39/BayesFactorsTimeRecords/', branchID=None, host_name='node45-016', interbranch=True, log_file='/panfs/panasas01/phys/bf16951/QMD/ParallelDevelopment/Results/Oct_01/12_39/logs/NV-exp-method-sim__random-phase--probe__QMLA_29.qmd.8794626.log', model_a_id=5, model_b_id=6, num_times_to_use=750, port_number=6329, qid=29, times_record='/panfs/panasas01/phys/bf16951/QMD/ParallelDevelopment/Results/Oct_01/12_39/BayesFactorsTimeRecords/BayesFactorsPairsTimes_029.txt', trueModel='xTiPPyTiPPzTiPPzTz') (cec23270-e762-464e-808a-07db97a01b4e)
22:12:11 29: RemoteBayesFactor.BayesFactorRemote(bayes_threshold=100, bf_data_folder='/panfs/panasas01/phys/bf16951/QMD/ParallelDevelopment/Results/Oct_01/12_39/BayesFactorsTimeRecords/', branchID=None, host_name='node45-016', interbranch=True, log_file='/panfs/panasas01/phys/bf16951/QMD/ParallelDevelopment/Results/Oct_01/12_39/logs/NV-exp-method-sim__random-phase--probe__QMLA_29.qmd.8794626.log', model_a_id=6, model_b_id=9, num_times_to_use=750, port_number=6329, qid=29, times_record='/panfs/panasas01/phys/bf16951/QMD/ParallelDevelopment/Results/Oct_01/12_39/BayesFactorsTimeRecords/BayesFactorsPairsTimes_029.txt', trueModel='xTiPPyTiPPzTiPPzTz') (9046fbb4-86e5-4c30-93c6-151b55547330)
22:12:11 29: RemoteBayesFactor.BayesFactorRemote(bayes_threshold=100, bf_data_folder='/panfs/panasas01/phys/bf16951/QMD/ParallelDevelopment/Results/Oct_01/12_39/BayesFactorsTimeRecords/', branchID=None, host_name='node45-016', interbranch=True, log_file='/panfs/panasas01/phys/bf16951/QMD/ParallelDevelopment/Results/Oct_01/12_39/logs/NV-exp-method-sim__random-phase--probe__QMLA_29.qmd.8794626.log', model_a_id=9, model_b_id=11, num_times_to_use=750, port_number=6329, qid=29, times_record='/panfs/panasas01/phys/bf16951/QMD/ParallelDevelopment/Results/Oct_01/12_39/BayesFactorsTimeRecords/BayesFactorsPairsTimes_029.txt', trueModel='xTiPPyTiPPzTiPPzTz') (86638252-e099-420b-b1dd-ccff723ca6d6)
22:12:11 29: RemoteBayesFactor.BayesFactorRemote(bayes_threshold=100, bf_data_folder='/panfs/panasas01/phys/bf16951/QMD/ParallelDevelopment/Results/Oct_01/12_39/BayesFactorsTimeRecords/', branchID=None, host_name='node45-016', interbranch=True, log_file='/panfs/panasas01/phys/bf16951/QMD/ParallelDevelopment/Results/Oct_01/12_39/logs/NV-exp-method-sim__random-phase--probe__QMLA_29.qmd.8794626.log', model_a_id=2, model_b_id=3, num_times_to_use=750, port_number=6329, qid=29, times_record='/panfs/panasas01/phys/bf16951/QMD/ParallelDevelopment/Results/Oct_01/12_39/BayesFactorsTimeRecords/BayesFactorsPairsTimes_029.txt', trueModel='xTiPPyTiPPzTiPPzTz') (566e80b2-29c4-493e-9e33-fd496ee981f9)
22:12:11 Cleaning registries for queue: 29
22:12:11 
22:12:11 *** Listening on 29...
22:12:11 29: RemoteBayesFactor.BayesFactorRemote(bayes_threshold=100, bf_data_folder='/panfs/panasas01/phys/bf16951/QMD/ParallelDevelopment/Results/Oct_01/12_39/BayesFactorsTimeRecords/', branchID=None, host_name='node45-016', interbranch=True, log_file='/panfs/panasas01/phys/bf16951/QMD/ParallelDevelopment/Results/Oct_01/12_39/logs/NV-exp-method-sim__random-phase--probe__QMLA_29.qmd.8794626.log', model_a_id=11, model_b_id=12, num_times_to_use=750, port_number=6329, qid=29, times_record='/panfs/panasas01/phys/bf16951/QMD/ParallelDevelopment/Results/Oct_01/12_39/BayesFactorsTimeRecords/BayesFactorsPairsTimes_029.txt', trueModel='xTiPPyTiPPzTiPPzTz') (0e901808-23f9-47c8-9dc3-1752831068bb)
23:03:47 29: Job OK (0e901808-23f9-47c8-9dc3-1752831068bb)
23:03:47 Result will never expire, clean up result key manually
23:03:47 
23:03:47 *** Listening on 29...
23:03:47 29: RemoteBayesFactor.BayesFactorRemote(bayes_threshold=100, bf_data_folder='/panfs/panasas01/phys/bf16951/QMD/ParallelDevelopment/Results/Oct_01/12_39/BayesFactorsTimeRecords/', branchID=None, host_name='node45-016', interbranch=True, log_file='/panfs/panasas01/phys/bf16951/QMD/ParallelDevelopment/Results/Oct_01/12_39/logs/NV-exp-method-sim__random-phase--probe__QMLA_29.qmd.8794626.log', model_a_id=12, model_b_id=16, num_times_to_use=750, port_number=6329, qid=29, times_record='/panfs/panasas01/phys/bf16951/QMD/ParallelDevelopment/Results/Oct_01/12_39/BayesFactorsTimeRecords/BayesFactorsPairsTimes_029.txt', trueModel='xTiPPyTiPPzTiPPzTz') (ac32aba2-2605-402d-821b-6aab771fb9e7)
23:04:19 29: Job OK (86638252-e099-420b-b1dd-ccff723ca6d6)
23:04:19 Result will never expire, clean up result key manually
23:04:19 Cleaning registries for queue: 29
23:04:19 
23:04:19 *** Listening on 29...
23:04:19 29: RemoteBayesFactor.BayesFactorRemote(bayes_threshold=100, bf_data_folder='/panfs/panasas01/phys/bf16951/QMD/ParallelDevelopment/Results/Oct_01/12_39/BayesFactorsTimeRecords/', branchID=None, host_name='node45-016', interbranch=True, log_file='/panfs/panasas01/phys/bf16951/QMD/ParallelDevelopment/Results/Oct_01/12_39/logs/NV-exp-method-sim__random-phase--probe__QMLA_29.qmd.8794626.log', model_a_id=16, model_b_id=17, num_times_to_use=750, port_number=6329, qid=29, times_record='/panfs/panasas01/phys/bf16951/QMD/ParallelDevelopment/Results/Oct_01/12_39/BayesFactorsTimeRecords/BayesFactorsPairsTimes_029.txt', trueModel='xTiPPyTiPPzTiPPzTz') (baeb3e4f-9982-43ef-8a96-8ad5c178022d)
23:05:13 29: Job OK (9046fbb4-86e5-4c30-93c6-151b55547330)
23:05:13 Result will never expire, clean up result key manually
23:05:13 Cleaning registries for queue: 29
23:05:13 
23:05:13 *** Listening on 29...
23:06:26 29: Job OK (cec23270-e762-464e-808a-07db97a01b4e)
23:06:26 Result will never expire, clean up result key manually
23:06:26 Cleaning registries for queue: 29
23:06:26 
23:06:26 *** Listening on 29...
23:06:30 29: Job OK (8f9ff275-897c-4cfc-a0db-41a98eafea0b)
23:06:30 Result will never expire, clean up result key manually
23:06:30 Cleaning registries for queue: 29
23:06:30 
23:06:30 *** Listening on 29...
23:13:42 29: Job OK (566e80b2-29c4-493e-9e33-fd496ee981f9)
23:13:42 Result will never expire, clean up result key manually
23:13:42 Cleaning registries for queue: 29
23:13:42 
23:13:42 *** Listening on 29...
23:54:35 29: Job OK (ac32aba2-2605-402d-821b-6aab771fb9e7)
23:54:35 Result will never expire, clean up result key manually
23:54:35 Cleaning registries for queue: 29
23:54:35 
23:54:35 *** Listening on 29...
23:55:02 29: Job OK (baeb3e4f-9982-43ef-8a96-8ad5c178022d)
23:55:02 Result will never expire, clean up result key manually
23:55:02 
23:55:02 *** Listening on 29...
23:55:02 29: RemoteBayesFactor.BayesFactorRemote(bayes_threshold=100, bf_data_folder='/panfs/panasas01/phys/bf16951/QMD/ParallelDevelopment/Results/Oct_01/12_39/BayesFactorsTimeRecords/', branchID=9, host_name='node45-016', interbranch=False, log_file='/panfs/panasas01/phys/bf16951/QMD/ParallelDevelopment/Results/Oct_01/12_39/logs/NV-exp-method-sim__random-phase--probe__QMLA_29.qmd.8794626.log', model_a_id=3.0, model_b_id=6.0, num_times_to_use=750, port_number=6329, qid=29, times_record='/panfs/panasas01/phys/bf16951/QMD/ParallelDevelopment/Results/Oct_01/12_39/BayesFactorsTimeRecords/BayesFactorsPairsTimes_029.txt', trueModel='xTiPPyTiPPzTiPPzTz') (b7e42589-30bf-4812-a286-248d1da7acf9)
23:55:02 29: RemoteBayesFactor.BayesFactorRemote(bayes_threshold=100, bf_data_folder='/panfs/panasas01/phys/bf16951/QMD/ParallelDevelopment/Results/Oct_01/12_39/BayesFactorsTimeRecords/', branchID=9, host_name='node45-016', interbranch=False, log_file='/panfs/panasas01/phys/bf16951/QMD/ParallelDevelopment/Results/Oct_01/12_39/logs/NV-exp-method-sim__random-phase--probe__QMLA_29.qmd.8794626.log', model_a_id=3.0, model_b_id=12.0, num_times_to_use=750, port_number=6329, qid=29, times_record='/panfs/panasas01/phys/bf16951/QMD/ParallelDevelopment/Results/Oct_01/12_39/BayesFactorsTimeRecords/BayesFactorsPairsTimes_029.txt', trueModel='xTiPPyTiPPzTiPPzTz') (e2c842ee-dc54-4081-90a8-e0c93f0a83c9)
23:55:02 29: RemoteBayesFactor.BayesFactorRemote(bayes_threshold=100, bf_data_folder='/panfs/panasas01/phys/bf16951/QMD/ParallelDevelopment/Results/Oct_01/12_39/BayesFactorsTimeRecords/', branchID=9, host_name='node45-016', interbranch=False, log_file='/panfs/panasas01/phys/bf16951/QMD/ParallelDevelopment/Results/Oct_01/12_39/logs/NV-exp-method-sim__random-phase--probe__QMLA_29.qmd.8794626.log', model_a_id=3.0, model_b_id=17.0, num_times_to_use=750, port_number=6329, qid=29, times_record='/panfs/panasas01/phys/bf16951/QMD/ParallelDevelopment/Results/Oct_01/12_39/BayesFactorsTimeRecords/BayesFactorsPairsTimes_029.txt', trueModel='xTiPPyTiPPzTiPPzTz') (13504d9a-4b26-4ee4-904b-95fce532e095)
23:55:02 29: RemoteBayesFactor.BayesFactorRemote(bayes_threshold=100, bf_data_folder='/panfs/panasas01/phys/bf16951/QMD/ParallelDevelopment/Results/Oct_01/12_39/BayesFactorsTimeRecords/', branchID=9, host_name='node45-016', interbranch=False, log_file='/panfs/panasas01/phys/bf16951/QMD/ParallelDevelopment/Results/Oct_01/12_39/logs/NV-exp-method-sim__random-phase--probe__QMLA_29.qmd.8794626.log', model_a_id=17.0, model_b_id=12.0, num_times_to_use=750, port_number=6329, qid=29, times_record='/panfs/panasas01/phys/bf16951/QMD/ParallelDevelopment/Results/Oct_01/12_39/BayesFactorsTimeRecords/BayesFactorsPairsTimes_029.txt', trueModel='xTiPPyTiPPzTiPPzTz') (c2cbb31e-d1ca-4309-849e-023607ed3daf)
23:55:02 29: RemoteBayesFactor.BayesFactorRemote(bayes_threshold=100, bf_data_folder='/panfs/panasas01/phys/bf16951/QMD/ParallelDevelopment/Results/Oct_01/12_39/BayesFactorsTimeRecords/', branchID=9, host_name='node45-016', interbranch=False, log_file='/panfs/panasas01/phys/bf16951/QMD/ParallelDevelopment/Results/Oct_01/12_39/logs/NV-exp-method-sim__random-phase--probe__QMLA_29.qmd.8794626.log', model_a_id=6.0, model_b_id=12.0, num_times_to_use=750, port_number=6329, qid=29, times_record='/panfs/panasas01/phys/bf16951/QMD/ParallelDevelopment/Results/Oct_01/12_39/BayesFactorsTimeRecords/BayesFactorsPairsTimes_029.txt', trueModel='xTiPPyTiPPzTiPPzTz') (e414ec54-fcb1-4db9-9f5a-a4b8bd562152)
23:55:02 29: RemoteBayesFactor.BayesFactorRemote(bayes_threshold=100, bf_data_folder='/panfs/panasas01/phys/bf16951/QMD/ParallelDevelopment/Results/Oct_01/12_39/BayesFactorsTimeRecords/', branchID=9, host_name='node45-016', interbranch=False, log_file='/panfs/panasas01/phys/bf16951/QMD/ParallelDevelopment/Results/Oct_01/12_39/logs/NV-exp-method-sim__random-phase--probe__QMLA_29.qmd.8794626.log', model_a_id=17.0, model_b_id=6.0, num_times_to_use=750, port_number=6329, qid=29, times_record='/panfs/panasas01/phys/bf16951/QMD/ParallelDevelopment/Results/Oct_01/12_39/BayesFactorsTimeRecords/BayesFactorsPairsTimes_029.txt', trueModel='xTiPPyTiPPzTiPPzTz') (34b7b1ca-db03-4514-9d45-6eef8afa6fc1)
00:47:14 29: Job OK (c2cbb31e-d1ca-4309-849e-023607ed3daf)
00:47:14 Result will never expire, clean up result key manually
00:47:14 
00:47:14 *** Listening on 29...
00:47:53 29: Job OK (13504d9a-4b26-4ee4-904b-95fce532e095)
00:47:53 Result will never expire, clean up result key manually
00:47:53 Cleaning registries for queue: 29
00:47:53 
00:47:53 *** Listening on 29...
00:48:16 29: Job OK (b7e42589-30bf-4812-a286-248d1da7acf9)
00:48:16 Result will never expire, clean up result key manually
00:48:16 Cleaning registries for queue: 29
00:48:16 
00:48:16 *** Listening on 29...
00:48:44 29: Job OK (e2c842ee-dc54-4081-90a8-e0c93f0a83c9)
00:48:44 Result will never expire, clean up result key manually
00:48:44 Cleaning registries for queue: 29
00:48:44 
00:48:44 *** Listening on 29...
00:49:21 29: Job OK (e414ec54-fcb1-4db9-9f5a-a4b8bd562152)
00:49:21 Result will never expire, clean up result key manually
00:49:21 Cleaning registries for queue: 29
00:49:21 
00:49:21 *** Listening on 29...
00:49:48 29: Job OK (34b7b1ca-db03-4514-9d45-6eef8afa6fc1)
00:49:48 Result will never expire, clean up result key manually
00:49:48 Cleaning registries for queue: 29
00:49:48 
00:49:48 *** Listening on 29...
Error 111 connecting to node45-016:6329. Connection refused.
Error 111 connecting to node45-016:6329. Connection refused.
Error 111 connecting to node45-016:6329. Connection refused.
Error 111 connecting to node45-016:6329. Connection refused.
Error 111 connecting to node45-016:6329. Connection refused.
Error 111 connecting to node45-016:6329. Connection refused.
