In RUN script:  -agr ising_predetermined -agr heisenberg_xyz_predetermined -agr hopping_predetermined12:53:2 [GLOBAL VARIABLES] use_experimental_data : False
12:53:2 [GLOBAL VARIABLES] growth_generation_rule : two_qubit_ising_rotation_hyperfine_transverse
12:53:2 [GLOBAL VARIABLES] log_file : /panfs/panasas01/phys/bf16951/QMD/ParallelDevelopment/Results/Oct_01/12_39/logs/NV-exp-method-sim__random-phase--probe__QMLA_65.qmd.8794662.log
12:53:2 [GLOBAL VARIABLES] growth_class : <NVCentreExperimentGrowthRules.nv_centre_spin_experimental_method object at 0x2aaae0572e80>
12:53:2 [GLOBAL VARIABLES] measurement_type : n_qubit_hahn_evolution
12:53:2 [GLOBAL VARIABLES] dataset : NVB_rescale_dataset.p
12:53:2 [GLOBAL VARIABLES] alternative_growth_rules : []
12:53:2 [GLOBAL VARIABLES] multiQHL : False
12:53:2 [GLOBAL VARIABLES] models_for_qhl : []
12:53:2 [GLOBAL VARIABLES] prior_pickle_file : /panfs/panasas01/phys/bf16951/QMD/ParallelDevelopment/Results/Oct_01/12_39/prior.p
12:53:2 [GLOBAL VARIABLES] true_params_pickle_file : /panfs/panasas01/phys/bf16951/QMD/ParallelDevelopment/Results/Oct_01/12_39/true_params.p
12:53:2 [GLOBAL VARIABLES] true_operator : xTiPPyTiPPzTiPPzTz
12:53:2 [GLOBAL VARIABLES] true_op_name : xTiPPyTiPPzTiPPzTz
12:53:2 [GLOBAL VARIABLES] true_operator_class : <DataBase.operator object at 0x2aaae0572b00>
12:53:2 [GLOBAL VARIABLES] true_op_list : [array([[ 0.+0.j,  0.+0.j,  1.+0.j,  0.+0.j],
       [ 0.+0.j,  0.+0.j,  0.+0.j,  1.+0.j],
       [ 1.+0.j,  0.+0.j,  0.+0.j,  0.+0.j],
       [ 0.+0.j,  1.+0.j,  0.+0.j,  0.+0.j]]), array([[ 0.+0.j,  0.+0.j,  0.-1.j,  0.+0.j],
       [ 0.+0.j,  0.+0.j,  0.+0.j,  0.-1.j],
       [ 0.+1.j,  0.+0.j,  0.+0.j,  0.+0.j],
       [ 0.+0.j,  0.+1.j,  0.+0.j,  0.+0.j]]), array([[ 1.+0.j,  0.+0.j,  0.+0.j,  0.+0.j],
       [ 0.+0.j,  1.+0.j,  0.+0.j,  0.+0.j],
       [ 0.+0.j,  0.+0.j, -1.+0.j, -0.+0.j],
       [ 0.+0.j,  0.+0.j, -0.+0.j, -1.+0.j]]), array([[ 1.+0.j,  0.+0.j,  0.+0.j,  0.+0.j],
       [ 0.+0.j, -1.+0.j,  0.+0.j, -0.+0.j],
       [ 0.+0.j,  0.+0.j, -1.+0.j, -0.+0.j],
       [ 0.+0.j, -0.+0.j, -0.+0.j,  1.-0.j]])]
12:53:2 [GLOBAL VARIABLES] true_params : [0.92450565, 6.00664336, 1.65998543, 0.76546868]
12:53:2 [GLOBAL VARIABLES] true_params_dict : {'xTi': 0.92450565, 'yTi': 6.00664336, 'zTi': 1.65998543, 'zTz': 0.76546868}
12:53:2 [GLOBAL VARIABLES] true_params_list : [0.92450565, 6.00664336, 1.65998543, 0.76546868]
12:53:2 [GLOBAL VARIABLES] true_hamiltonian : [[ 2.42545411+0.j          0.00000000+0.j          0.92450565-6.00664336j
   0.00000000+0.j        ]
 [ 0.00000000+0.j          0.89451675+0.j          0.00000000+0.j
   0.92450565-6.00664336j]
 [ 0.92450565+6.00664336j  0.00000000+0.j         -2.42545411+0.j
   0.00000000+0.j        ]
 [ 0.00000000+0.j          0.92450565+6.00664336j  0.00000000+0.j
  -0.89451675+0.j        ]]
12:53:2 [GLOBAL VARIABLES] qhl_test : False
12:53:2 [GLOBAL VARIABLES] further_qhl : False
12:53:2 [GLOBAL VARIABLES] do_iqle : False
12:53:2 [GLOBAL VARIABLES] do_qle : True
12:53:2 [GLOBAL VARIABLES] use_rq : True
12:53:2 [GLOBAL VARIABLES] num_runs : 1
12:53:2 [GLOBAL VARIABLES] num_tests : 1
12:53:2 [GLOBAL VARIABLES] num_qubits : 2
12:53:2 [GLOBAL VARIABLES] num_parameters : 2
12:53:2 [GLOBAL VARIABLES] num_experiments : 750
12:53:2 [GLOBAL VARIABLES] num_particles : 2500
12:53:2 [GLOBAL VARIABLES] num_times_bayes : 750
12:53:2 [GLOBAL VARIABLES] bayes_lower : 1
12:53:2 [GLOBAL VARIABLES] bayes_upper : 100
12:53:2 [GLOBAL VARIABLES] save_plots : False
12:53:2 [GLOBAL VARIABLES] store_particles_weights : False
12:53:2 [GLOBAL VARIABLES] gaussian : True
12:53:2 [GLOBAL VARIABLES] custom_prior : True
12:53:2 [GLOBAL VARIABLES] resample_threshold : 0.5
12:53:2 [GLOBAL VARIABLES] resample_a : 0.98
12:53:2 [GLOBAL VARIABLES] pgh_factor : 1.0
12:53:2 [GLOBAL VARIABLES] pgh_exponent : 1.0
12:53:2 [GLOBAL VARIABLES] increase_pgh_time : False
12:53:2 [GLOBAL VARIABLES] pickle_qmd_class : False
12:53:2 [GLOBAL VARIABLES] qmd_id : 65
12:53:2 [GLOBAL VARIABLES] host_name : node45-010
12:53:2 [GLOBAL VARIABLES] port_number : 6365
12:53:2 [GLOBAL VARIABLES] results_directory : /panfs/panasas01/phys/bf16951/QMD/ParallelDevelopment/Results/Oct_01/12_39/
12:53:2 [GLOBAL VARIABLES] rq_timeout : 200000
12:53:2 [GLOBAL VARIABLES] cumulative_csv : /panfs/panasas01/phys/bf16951/QMD/ParallelDevelopment/Results/Oct_01/12_39/cumulative.csv
12:53:2 [GLOBAL VARIABLES] data_time_offset : 180
12:53:2 [GLOBAL VARIABLES] data_max_time : 5
12:53:2 [GLOBAL VARIABLES] true_expec_path : /panfs/panasas01/phys/bf16951/QMD/ParallelDevelopment/Results/Oct_01/12_39/true_expec_vals.p
12:53:2 [GLOBAL VARIABLES] plot_probe_file : /panfs/panasas01/phys/bf16951/QMD/ParallelDevelopment/Results/Oct_01/12_39/plot_probes.p
12:53:2 [GLOBAL VARIABLES] special_probe : random
12:53:2 [GLOBAL VARIABLES] latex_mapping_file : /panfs/panasas01/phys/bf16951/QMD/ParallelDevelopment/Results/Oct_01/12_39/LatexMapping.txt
12:53:2 [GLOBAL VARIABLES] reallocate_resources : False
12:53:2 [GLOBAL VARIABLES] param_min : 0.0
12:53:2 [GLOBAL VARIABLES] param_max : 10.0
12:53:2 [GLOBAL VARIABLES] param_mean : 0.5
12:53:2 [GLOBAL VARIABLES] param_sigma : 2.0
12:53:2 [GLOBAL VARIABLES] bayes_time_binning : True
12:53:2 [GLOBAL VARIABLES] bayes_factors_use_all_exp_times : False
12:53:2 [GLOBAL VARIABLES] num_probes : 40
12:53:2 [GLOBAL VARIABLES] probe_noise_level : 0.001
12:53:2 [GLOBAL VARIABLES] updater_from_prior : False
12:53:2 [GLOBAL VARIABLES] plots_directory : /panfs/panasas01/phys/bf16951/QMD/ParallelDevelopment/Results/Oct_01/12_39/plots/
12:53:2 [GLOBAL VARIABLES] long_id : 065
12:53:2 [GLOBAL VARIABLES] results_file : /panfs/panasas01/phys/bf16951/QMD/ParallelDevelopment/Results/Oct_01/12_39/results_065.p
12:53:2 [GLOBAL VARIABLES] class_pickle_file : /panfs/panasas01/phys/bf16951/QMD/ParallelDevelopment/Results/Oct_01/12_39/qmd_class_065.p
12:53:3 [EXP] 
 QMD id 65  on host  node45-010 and port 6365 has seed 1 
 2500  particles for 750 experiments and  750 bayes updates
 Gaussian= True 
 RQ= True RQ log: /panfs/panasas01/phys/bf16951/QMD/ParallelDevelopment/Results/Oct_01/12_39/logs/NV-exp-method-sim__random-phase--probe__QMLA_65.qmd.8794662.log 
 Bayes CSV: /panfs/panasas01/phys/bf16951/QMD/ParallelDevelopment/Results/Oct_01/12_39/cumulative.csv
12:53:3 [EXP] Generators: ['two_qubit_ising_rotation_hyperfine_transverse']
12:53:3 [QMD 65] Probe dict provided to QMD.
12:53:3 [QMD 65] Getting expectation values for simulated model (len 301) 
 Times computed:
 [0.0, 0.02, 0.029999999999999999, 0.050000000000000003, 0.070000000000000007, 0.080000000000000002, 0.10000000000000001, 0.12, 0.13, 0.14999999999999999, 0.17000000000000001, 0.17999999999999999, 0.20000000000000001, 0.22, 0.23000000000000001, 0.25, 0.27000000000000002, 0.28000000000000003, 0.29999999999999999, 0.32000000000000001, 0.33000000000000002, 0.34999999999999998, 0.37, 0.38, 0.40000000000000002, 0.41999999999999998, 0.42999999999999999, 0.45000000000000001, 0.46999999999999997, 0.47999999999999998, 0.5, 0.52000000000000002, 0.53000000000000003, 0.55000000000000004, 0.56999999999999995, 0.57999999999999996, 0.59999999999999998, 0.62, 0.63, 0.65000000000000002, 0.67000000000000004, 0.68000000000000005, 0.69999999999999996, 0.71999999999999997, 0.72999999999999998, 0.75, 0.77000000000000002, 0.78000000000000003, 0.80000000000000004, 0.81999999999999995, 0.82999999999999996, 0.84999999999999998, 0.87, 0.88, 0.90000000000000002, 0.92000000000000004, 0.93000000000000005, 0.94999999999999996, 0.96999999999999997, 0.97999999999999998, 1.0, 1.02, 1.03, 1.05, 1.0700000000000001, 1.0800000000000001, 1.1000000000000001, 1.1200000000000001, 1.1299999999999999, 1.1499999999999999, 1.1699999999999999, 1.1799999999999999, 1.2, 1.22, 1.23, 1.25, 1.27, 1.28, 1.3, 1.3200000000000001, 1.3300000000000001, 1.3500000000000001, 1.3700000000000001, 1.3799999999999999, 1.3999999999999999, 1.4199999999999999, 1.4299999999999999, 1.45, 1.47, 1.48, 1.5, 1.52, 1.53, 1.55, 1.5700000000000001, 1.5800000000000001, 1.6000000000000001, 1.6200000000000001, 1.6299999999999999, 1.6499999999999999, 1.6699999999999999, 1.6799999999999999, 1.7, 1.72, 1.73, 1.75, 1.77, 1.78, 1.8, 1.8200000000000001, 1.8300000000000001, 1.8500000000000001, 1.8700000000000001, 1.8799999999999999, 1.8999999999999999, 1.9199999999999999, 1.9299999999999999, 1.95, 1.97, 1.98, 2.0, 2.02, 2.0299999999999998, 2.0499999999999998, 2.0699999999999998, 2.0800000000000001, 2.1000000000000001, 2.1200000000000001, 2.1299999999999999, 2.1499999999999999, 2.1699999999999999, 2.1800000000000002, 2.2000000000000002, 2.2200000000000002, 2.23, 2.25, 2.27, 2.2799999999999998, 2.2999999999999998, 2.3199999999999998, 2.3300000000000001, 2.3500000000000001, 2.3700000000000001, 2.3799999999999999, 2.3999999999999999, 2.4199999999999999, 2.4300000000000002, 2.4500000000000002, 2.4700000000000002, 2.48, 2.5, 2.52, 2.5299999999999998, 2.5499999999999998, 2.5699999999999998, 2.5800000000000001, 2.6000000000000001, 2.6200000000000001, 2.6299999999999999, 2.6499999999999999, 2.6699999999999999, 2.6800000000000002, 2.7000000000000002, 2.7200000000000002, 2.73, 2.75, 2.77, 2.7799999999999998, 2.7999999999999998, 2.8199999999999998, 2.8300000000000001, 2.8500000000000001, 2.8700000000000001, 2.8799999999999999, 2.8999999999999999, 2.9199999999999999, 2.9300000000000002, 2.9500000000000002, 2.9700000000000002, 2.98, 3.0, 3.02, 3.0299999999999998, 3.0499999999999998, 3.0699999999999998, 3.0800000000000001, 3.1000000000000001, 3.1200000000000001, 3.1299999999999999, 3.1499999999999999, 3.1699999999999999, 3.1800000000000002, 3.2000000000000002, 3.2200000000000002, 3.23, 3.25, 3.27, 3.2799999999999998, 3.2999999999999998, 3.3199999999999998, 3.3300000000000001, 3.3500000000000001, 3.3700000000000001, 3.3799999999999999, 3.3999999999999999, 3.4199999999999999, 3.4300000000000002, 3.4500000000000002, 3.4700000000000002, 3.48, 3.5, 3.52, 3.5299999999999998, 3.5499999999999998, 3.5699999999999998, 3.5800000000000001, 3.6000000000000001, 3.6200000000000001, 3.6299999999999999, 3.6499999999999999, 3.6699999999999999, 3.6800000000000002, 3.7000000000000002, 3.7200000000000002, 3.73, 3.75, 3.77, 3.7799999999999998, 3.7999999999999998, 3.8199999999999998, 3.8300000000000001, 3.8500000000000001, 3.8700000000000001, 3.8799999999999999, 3.8999999999999999, 3.9199999999999999, 3.9300000000000002, 3.9500000000000002, 3.9700000000000002, 3.98, 4.0, 4.0199999999999996, 4.0300000000000002, 4.0499999999999998, 4.0700000000000003, 4.0800000000000001, 4.0999999999999996, 4.1200000000000001, 4.1299999999999999, 4.1500000000000004, 4.1699999999999999, 4.1799999999999997, 4.2000000000000002, 4.2199999999999998, 4.2300000000000004, 4.25, 4.2699999999999996, 4.2800000000000002, 4.2999999999999998, 4.3200000000000003, 4.3300000000000001, 4.3499999999999996, 4.3700000000000001, 4.3799999999999999, 4.4000000000000004, 4.4199999999999999, 4.4299999999999997, 4.4500000000000002, 4.4699999999999998, 4.4800000000000004, 4.5, 4.5199999999999996, 4.5300000000000002, 4.5499999999999998, 4.5700000000000003, 4.5800000000000001, 4.5999999999999996, 4.6200000000000001, 4.6299999999999999, 4.6500000000000004, 4.6699999999999999, 4.6799999999999997, 4.7000000000000002, 4.7199999999999998, 4.7300000000000004, 4.75, 4.7699999999999996, 4.7800000000000002, 4.7999999999999998, 4.8200000000000003, 4.8300000000000001, 4.8499999999999996, 4.8700000000000001, 4.8799999999999999, 4.9000000000000004, 4.9199999999999999, 4.9299999999999997, 4.9500000000000002, 4.9699999999999998, 4.9800000000000004, 5.0]
12:53:3 [QMD 65] Expectation values computed
12:53:3 [QMD 65] generator list after ensuring true generator is first: ['two_qubit_ising_rotation_hyperfine_transverse']
12:53:3 [QMD 65] initialising generator two_qubit_ising_rotation_hyperfine_transverse with models: ['xTi', 'yTi', 'zTi']
12:53:3 [QMD 65] xTi not added yet. List: []
12:53:3 [QMD 65] yTi not added yet. List: ['xTi']
12:53:3 [QMD 65] zTi not added yet. List: ['xTi', 'yTi']
12:53:3 [QMD 65] After initial branches. InitialModelIDs: {'xTi': 0, 'yTi': 1, 'zTi': 2}
12:53:3 [QMD 65] After setting up initial branches, highest branch id: 0 highest model id: 3 initial models: {}
12:53:3 [QMD 65] Retrieving databases from redis
12:53:3 [QMD 65] any job failed db: [b'Status'] Status: b'0'
12:53:3 [QMD 65] Initial op list: ['xTi', 'yTi', 'zTi']
12:53:3 [QMD 65] Specific terms for prior {}
12:53:3 [QMD 65] RunParallel= True
12:53:3 [QMD 65] Saving qmd info db to  StrictRedis<ConnectionPool<Connection<host=node45-010,port=6365,db=1>>>
12:53:3 [QMD 65] Running  QLE  for true operator  xTiPPyTiPPzTiPPzTz  with parameters :  [0.92450565, 6.00664336, 1.65998543, 0.76546868]
12:53:3 [DB] Model  xTi  not previously considered -- adding. ID: 0
12:53:3 [DB] Model  yTi  not previously considered -- adding. ID: 1
12:53:4 [DB] Model  zTi  not previously considered -- adding. ID: 2
12:53:4 [QMD 65] After initiating DB, models: {0: 'xTi', 1: 'yTi', 2: 'zTi'}
12:53:4 [QMD 65] learnModelFromBranchID branch 0 : ['xTi', 'yTi', 'zTi']
12:53:4 [QMD 65] learnModelFromBranchID. Setting active branches on redis for branch 0 to 0
12:53:4 [QMD 65] branch 0 precomputed: []
12:53:4 [QMD 65] Branch  0 has unlearned models: ['yTi', 'zTi', 'xTi']
12:53:4 [QMD 65] Model  yTi being passed to learnModel function
12:53:4 [QMD 65] Model yTi added to queue.
12:53:4 [QMD 65] Model  zTi being passed to learnModel function
12:53:4 [QMD 65] Model zTi added to queue.
12:53:4 [QMD 65] Model  xTi being passed to learnModel function
12:53:4 [QMD 65] Model xTi added to queue.
12:53:4 [QMD 65] learnModelFromBranchID finished, branch 0
12:53:4 [QMD 65] Entering while loop of spawning/comparing.
12:53:14 [QML 2] QML for  zTi
12:53:14 [QML 2] Getting prior for model: zTi Specific terms: {}
12:53:14 [QML 1] QML for  yTi
12:53:14 [QML 1] Getting prior for model: yTi Specific terms: {}
12:53:15 [QML 2] Initialization Ready
12:53:15 [RQ Learn 2.0] Time to unpickle and initialise QML class: 1.142453908920288
12:53:15 [RQ Learn 2.0] Updating model.
12:53:15 [QML 2] Experiment 0
12:53:15 [QML 2] Initial time selected >  0.504165698461
12:53:15 [QML 1] Initialization Ready
12:53:15 [RQ Learn 1.0] Time to unpickle and initialise QML class: 1.0772101879119873
12:53:15 [RQ Learn 1.0] Updating model.
12:53:15 [QML 1] Experiment 0
12:53:15 [QML 1] Initial time selected >  25.542680295
12:53:22 [QML 0] QML for  xTi
12:53:22 [QML 0] Getting prior for model: xTi Specific terms: {}
12:53:23 [QML 0] Initialization Ready
12:53:23 [RQ Learn 0.0] Time to unpickle and initialise QML class: 1.9385595321655273
12:53:23 [RQ Learn 0.0] Updating model.
12:53:23 [QML 0] Experiment 0
12:53:23 [QML 0] Initial time selected >  0.296618379683
12:59:42 [QML 1] Experiment 75
13:1:7 [QML 2] Experiment 75
13:1:13 [QML 0] Experiment 75
13:6:13 [QML 1] Experiment 150
13:7:43 [QML 0] Experiment 150
13:9:22 [QML 2] Experiment 150
13:12:47 [QML 1] Experiment 225
13:14:11 [QML 0] Experiment 225
13:18:16 [QML 2] Experiment 225
13:19:23 [QML 1] Experiment 300
13:20:44 [QML 0] Experiment 300
13:26:5 [QML 1] Experiment 375
13:27:19 [QML 0] Experiment 375
13:27:33 [QML 2] Experiment 300
13:32:31 [QML 1] Experiment 450
13:33:44 [QML 0] Experiment 450
13:37:5 [QML 2] Experiment 375
13:38:56 [QML 1] Experiment 525
13:40:9 [QML 0] Experiment 525
13:45:22 [QML 1] Experiment 600
13:45:36 [QML 2] Experiment 450
13:46:34 [QML 0] Experiment 600
13:51:28 [QML 1] Experiment 675
13:52:43 [QML 0] Experiment 675
13:54:33 [QML 2] Experiment 525
13:57:53 [QML 1] Results for QHL on  yTi
13:57:53 [QML 1] Final time selected > 2.45
13:57:53 [QML 1] Cumulative time.	 Datum: 1.9435360431671143 	 Update: 3873.778894662857
13:57:53 [QML 1] Final Parameters mean and stdev (term  yTi ): [  6.14297893e+00   4.96617945e-06]
13:57:53 [RQ Learn 1.0] Time for update alone: 3877.9583513736725
13:57:53 [RQ Learn 1.0] Redis learned_models_info added to db for model: 1.0
13:57:53 [RQ Learn 1.0] Redis SET learned_models_ids: 1.0 ; set True
13:57:53 [RQ Learn 1.0] Learned. rq time: 3879.4447848796844
13:59:7 [QML 0] Results for QHL on  xTi
13:59:7 [QML 0] Final time selected > 2.45
13:59:7 [QML 0] Cumulative time.	 Datum: 1.9503319263458252 	 Update: 3939.70259642601
13:59:7 [QML 0] Final Parameters mean and stdev (term  xTi ): [  6.54521370e+00   6.41545445e-04]
13:59:7 [RQ Learn 0.0] Time for update alone: 3943.939062833786
13:59:8 [RQ Learn 0.0] Redis learned_models_info added to db for model: 0.0
13:59:8 [RQ Learn 0.0] Redis SET learned_models_ids: 0.0 ; set True
13:59:8 [RQ Learn 0.0] Learned. rq time: 3946.2865467071533
14:3:39 [QML 2] Experiment 600
14:10:42 [QML 2] Experiment 675
14:19:14 [QML 2] Results for QHL on  zTi
14:19:14 [QML 2] Final time selected > 2.45
14:19:14 [QML 2] Cumulative time.	 Datum: 1.9735195636749268 	 Update: 5154.825834035873
14:19:14 [QML 2] Final Parameters mean and stdev (term  zTi ): [ 2.081121   0.0073973]
14:19:14 [RQ Learn 2.0] Time for update alone: 5159.027374505997
14:19:14 [RQ Learn 2.0] Redis learned_models_info added to db for model: 2.0
14:19:14 [RQ Learn 2.0] Redis SET learned_models_ids: 2.0 ; set True
14:19:14 [QMD 65] All models on branch 0 have finished learning.
14:19:14 [RQ Learn 2.0] Learned. rq time: 5160.345279216766
14:19:14[QML:Reduced 0; QMD 65] Updating learned info for model 0
14:19:14[QML:Reduced 0; QMD 65] Updated learned info for model 0
14:19:14[QML:Reduced 1; QMD 65] Updating learned info for model 1
14:19:14[QML:Reduced 1; QMD 65] Updated learned info for model 1
14:19:14[QML:Reduced 2; QMD 65] Updating learned info for model 2
14:19:15[QML:Reduced 2; QMD 65] Updated learned info for model 2
14:19:15 [QMD 65] remoteBayesFromBranchID 0 model id list: [0, 1, 2]
14:19:15 [QMD 65] Computing BF for pair 0,1
14:19:15 [QMD 65] Bayes factor calculation queued. Model IDs 0 1
14:19:15 [QMD 65] Computing BF for pair 0,2
14:19:15 [QMD 65] Bayes factor calculation queued. Model IDs 0 2
14:19:15 [QMD 65] Computing BF for pair 1,2
14:19:15 [QMD 65] Bayes factor calculation queued. Model IDs 1 2
14:19:25[QML:Bayes 0; QMD 65] Name: xTi
14:19:25[QML:Bayes 0; QMD 65] Time to unpickle updater: 0.18326020240783691
14:19:25[QML:Bayes 0; QMD 65] Prior mean: [ 6.5452137]
14:19:25[QML:Bayes 2; QMD 65] Name: zTi
14:19:25[QML:Bayes 2; QMD 65] Time to unpickle updater: 0.09485006332397461
14:19:25[QML:Bayes 2; QMD 65] Prior mean: [ 2.081121]
14:19:25 [RQ Bayes 0/2] Start. Branch 0
14:19:26[QML:Bayes 0; QMD 65] Name: xTi
14:19:26[QML:Bayes 1; QMD 65] Name: yTi
14:19:26[QML:Bayes 1; QMD 65] Time to unpickle updater: 0.09586286544799805
14:19:26[QML:Bayes 1; QMD 65] Prior mean: [ 6.14297893]
14:19:26[QML:Bayes 0; QMD 65] Time to unpickle updater: 0.1887514591217041
14:19:26[QML:Bayes 0; QMD 65] Prior mean: [ 6.5452137]
14:19:26[QML:Bayes 2; QMD 65] Name: zTi
14:19:26[QML:Bayes 2; QMD 65] Time to unpickle updater: 0.09487390518188477
14:19:26[QML:Bayes 2; QMD 65] Prior mean: [ 2.081121]
14:19:26[QML:Bayes 1; QMD 65] Name: yTi
14:19:26 [RQ Bayes 1/2] Start. Branch 0
14:19:26[QML:Bayes 1; QMD 65] Time to unpickle updater: 0.0949854850769043
14:19:26[QML:Bayes 1; QMD 65] Prior mean: [ 6.14297893]
14:19:26 [RQ Bayes 0/1] Start. Branch 0
16:30:44 [RQ Bayes 0/1] BF computed: A:0; B:1; BF:0.0 	Reset remormalisation record: False
16:30:44 [RQ Bayes 0/1] Finished. rq time:  7878.604891777039
16:57:15 [RQ Bayes 0/2] BF computed: A:0; B:2; BF:0.0 	Reset remormalisation record: False
16:57:15 [RQ Bayes 0/2] Finished. rq time:  9471.047707796097
16:59:29 [RQ Bayes 1/2] BF computed: A:1; B:2; BF:59115.94 	Reset remormalisation record: False
16:59:29 [RQ Bayes 1/2] Finished. rq time:  9603.913691520691
16:59:29 [QMD 65] compareModelsWithinBranch 0 active_models_in_branch_old: [0.0, 1.0, 2.0] active_models_in_branch_new: [0, 1, 2]
16:59:29 [QMD 65] [compareModelsWithinBranch 0] Point to 1 (comparison 0/1)
16:59:29 [QMD 65] [compareModelsWithinBranch 0] Point to 2 (comparison 0/2)
16:59:29 [QMD 65] [compareModelsWithinBranch 0] Point to 1 (comparison 1/2)
16:59:29 [QMD 65] Model points for branch 0 {0: 0, 1: 2, 2: 1}
16:59:29 [QMD 65] Champion of branch  0  is  yTi (1)
16:59:29 [QMD 65] Spawning. Growth rule: two_qubit_ising_rotation_hyperfine_transverse. Depth: 1
16:59:29 [QMD 65] After model generation for growth rule two_qubit_ising_rotation_hyperfine_transverse SPAWN STAGE: [None] 
new models: ['xTiPPyTi', 'yTiPPzTi']
16:59:29 [QMD 65] Branch 1 growth rule two_qubit_ising_rotation_hyperfine_transverse has 2 new models ['xTiPPyTi', 'yTiPPzTi']
16:59:29 [DB] Model  xTiPPyTi  not previously considered -- adding. ID: 3
16:59:29 [QMD 65] Model  xTiPPyTi 
	computed already:  False 
	ID: 3
16:59:29 [DB] Model  yTiPPzTi  not previously considered -- adding. ID: 4
16:59:29 [QMD 65] Model  yTiPPzTi 
	computed already:  False 
	ID: 4
16:59:29 [QMD 65] Num models already computed on branch  1 = 0
16:59:29 [QMD 65] Models to add to new branch ( 1 ):  ['xTiPPyTi', 'yTiPPzTi']
16:59:29 [QMD 65] learnModelFromBranchID branch 1 : ['xTiPPyTi', 'yTiPPzTi']
16:59:29 [QMD 65] learnModelFromBranchID. Setting active branches on redis for branch 1 to 0
16:59:29 [QMD 65] branch 1 precomputed: []
16:59:29 [QMD 65] Branch  1 has unlearned models: ['xTiPPyTi', 'yTiPPzTi']
16:59:29 [QMD 65] Model  xTiPPyTi being passed to learnModel function
16:59:29 [QMD 65] Model xTiPPyTi added to queue.
16:59:29 [QMD 65] Model  yTiPPzTi being passed to learnModel function
16:59:29 [QMD 65] Model yTiPPzTi added to queue.
16:59:29 [QMD 65] learnModelFromBranchID finished, branch 1
16:59:41 [QML 4] QML for  yTiPPzTi
16:59:41 [QML 3] QML for  xTiPPyTi
16:59:42 [QML 4] Getting prior for model: yTiPPzTi Specific terms: {}
16:59:42 [QML 3] Getting prior for model: xTiPPyTi Specific terms: {}
16:59:43 [QML 4] Initialization Ready
16:59:43 [RQ Learn 4.0] Time to unpickle and initialise QML class: 1.444309949874878
16:59:43 [RQ Learn 4.0] Updating model.
16:59:43 [QML 4] Experiment 0
16:59:43 [QML 4] Initial time selected >  0.173861201994
16:59:43 [QML 3] Initialization Ready
16:59:43 [RQ Learn 3.0] Time to unpickle and initialise QML class: 1.4465312957763672
16:59:43 [RQ Learn 3.0] Updating model.
16:59:43 [QML 3] Experiment 0
16:59:43 [QML 3] Initial time selected >  0.176374793869
17:6:0 [QML 4] Experiment 75
17:6:14 [QML 3] Experiment 75
17:12:25 [QML 4] Experiment 150
17:12:39 [QML 3] Experiment 150
17:18:51 [QML 4] Experiment 225
17:19:8 [QML 3] Experiment 225
17:25:14 [QML 4] Experiment 300
17:25:39 [QML 3] Experiment 300
17:31:41 [QML 4] Experiment 375
17:32:10 [QML 3] Experiment 375
17:38:8 [QML 4] Experiment 450
17:38:43 [QML 3] Experiment 450
17:44:40 [QML 4] Experiment 525
17:45:18 [QML 3] Experiment 525
17:51:10 [QML 4] Experiment 600
17:51:53 [QML 3] Experiment 600
17:57:23 [QML 4] Experiment 675
17:58:14 [QML 3] Experiment 675
18:3:50 [QML 4] Results for QHL on  yTiPPzTi
18:3:51 [QML 4] Final time selected > 2.45
18:3:51 [QML 4] Cumulative time.	 Datum: 1.9802887439727783 	 Update: 3841.7858169078827
18:3:51 [QML 4] Final Parameters mean and stdev (term  yTi ): [ 5.14548144  0.08390903]
18:3:51 [QML 4] Final Parameters mean and stdev (term  zTi ): [ 3.93299654  0.14052776]
18:3:51 [RQ Learn 4.0] Time for update alone: 3847.721921682358
18:3:51 [RQ Learn 4.0] Redis learned_models_info added to db for model: 4.0
18:3:51 [RQ Learn 4.0] Redis SET learned_models_ids: 4.0 ; set True
18:3:51 [RQ Learn 4.0] Learned. rq time: 3849.6094884872437
18:4:47 [QML 3] Results for QHL on  xTiPPyTi
18:4:47 [QML 3] Final time selected > 2.45
18:4:47 [QML 3] Cumulative time.	 Datum: 1.9980342388153076 	 Update: 3898.5857226848602
18:4:47 [QML 3] Final Parameters mean and stdev (term  xTi ): [ 2.21734672  0.15763869]
18:4:47 [QML 3] Final Parameters mean and stdev (term  yTi ): [ 5.82845114  0.04894285]
18:4:47 [RQ Learn 3.0] Time for update alone: 3904.5446026325226
18:4:48 [RQ Learn 3.0] Redis learned_models_info added to db for model: 3.0
18:4:48 [RQ Learn 3.0] Redis SET learned_models_ids: 3.0 ; set True
18:4:48 [QMD 65] All models on branch 1 have finished learning.
18:4:48 [RQ Learn 3.0] Learned. rq time: 3906.4256207942963
18:4:48[QML:Reduced 3; QMD 65] Updating learned info for model 3
18:4:48[QML:Reduced 3; QMD 65] Updated learned info for model 3
18:4:48[QML:Reduced 4; QMD 65] Updating learned info for model 4
18:4:48[QML:Reduced 4; QMD 65] Updated learned info for model 4
18:4:48 [QMD 65] remoteBayesFromBranchID 1 model id list: [3, 4]
18:4:48 [QMD 65] Computing BF for pair 3,4
18:4:48 [QMD 65] Bayes factor calculation queued. Model IDs 3 4
18:5:1[QML:Bayes 3; QMD 65] Name: xTiPPyTi
18:5:1[QML:Bayes 3; QMD 65] Time to unpickle updater: 0.09533476829528809
18:5:1[QML:Bayes 3; QMD 65] Prior mean: [ 2.21734672  5.82845114]
18:5:1[QML:Bayes 4; QMD 65] Name: yTiPPzTi
18:5:1[QML:Bayes 4; QMD 65] Time to unpickle updater: 0.09416985511779785
18:5:1[QML:Bayes 4; QMD 65] Prior mean: [ 5.14548144  3.93299654]
18:5:1 [RQ Bayes 3/4] Start. Branch 1
20:15:34 [RQ Bayes 3/4] BF computed: A:3; B:4; BF:1270.49 	Reset remormalisation record: False
20:15:34 [RQ Bayes 3/4] Finished. rq time:  7834.012665987015
20:15:34 [QMD 65] compareModelsWithinBranch 1 active_models_in_branch_old: [3.0, 4.0] active_models_in_branch_new: [3, 4]
20:15:34 [QMD 65] [compareModelsWithinBranch 1] Point to 3 (comparison 3/4)
20:15:34 [QMD 65] Model points for branch 1 {3: 1, 4: 0}
20:15:34 [QMD 65] Champion of branch  1  is  xTiPPyTi (3)
20:15:34 [QMD 65] Spawning. Growth rule: two_qubit_ising_rotation_hyperfine_transverse. Depth: 2
20:15:34 [QMD 65] After model generation for growth rule two_qubit_ising_rotation_hyperfine_transverse SPAWN STAGE: [None] 
new models: ['xTiPPyTiPPzTi']
20:15:34 [QMD 65] Branch 2 growth rule two_qubit_ising_rotation_hyperfine_transverse has 1 new models ['xTiPPyTiPPzTi']
20:15:34 [DB] Model  xTiPPyTiPPzTi  not previously considered -- adding. ID: 5
20:15:34 [QMD 65] Model  xTiPPyTiPPzTi 
	computed already:  False 
	ID: 5
20:15:34 [QMD 65] Num models already computed on branch  2 = 0
20:15:34 [QMD 65] Models to add to new branch ( 2 ):  ['xTiPPyTiPPzTi']
20:15:34 [QMD 65] learnModelFromBranchID branch 2 : ['xTiPPyTiPPzTi']
20:15:34 [QMD 65] learnModelFromBranchID. Setting active branches on redis for branch 2 to 0
20:15:34 [QMD 65] branch 2 precomputed: []
20:15:34 [QMD 65] Branch  2 has unlearned models: ['xTiPPyTiPPzTi']
20:15:34 [QMD 65] Model  xTiPPyTiPPzTi being passed to learnModel function
20:15:35 [QMD 65] Model xTiPPyTiPPzTi added to queue.
20:15:35 [QMD 65] learnModelFromBranchID finished, branch 2
20:15:46 [QML 5] QML for  xTiPPyTiPPzTi
20:15:46 [QML 5] Getting prior for model: xTiPPyTiPPzTi Specific terms: {}
20:15:48 [QML 5] Initialization Ready
20:15:48 [RQ Learn 5.0] Time to unpickle and initialise QML class: 1.942704200744629
20:15:48 [RQ Learn 5.0] Updating model.
20:15:48 [QML 5] Experiment 0
20:15:48 [QML 5] Initial time selected >  0.100968419472
20:22:5 [QML 5] Experiment 75
20:28:30 [QML 5] Experiment 150
20:34:50 [QML 5] Experiment 225
20:41:16 [QML 5] Experiment 300
20:47:36 [QML 5] Experiment 375
20:54:4 [QML 5] Experiment 450
21:0:33 [QML 5] Experiment 525
21:6:58 [QML 5] Experiment 600
21:13:12 [QML 5] Experiment 675
21:19:34 [QML 5] Results for QHL on  xTiPPyTiPPzTi
21:19:34 [QML 5] Final time selected > 2.45
21:19:34 [QML 5] Cumulative time.	 Datum: 1.9754047393798828 	 Update: 3819.262256860733
21:19:34 [QML 5] Final Parameters mean and stdev (term  xTi ): [ 0.74617101  0.16630712]
21:19:34 [QML 5] Final Parameters mean and stdev (term  yTi ): [ 5.54519593  0.14000391]
21:19:34 [QML 5] Final Parameters mean and stdev (term  zTi ): [ 3.19852343  0.22843172]
21:19:34 [RQ Learn 5.0] Time for update alone: 3825.8784902095795
21:19:34 [RQ Learn 5.0] Redis learned_models_info added to db for model: 5.0
21:19:34 [RQ Learn 5.0] Redis SET learned_models_ids: 5.0 ; set True
21:19:34 [QMD 65] All models on branch 2 have finished learning.
21:19:34 [RQ Learn 5.0] Learned. rq time: 3828.0215945243835
21:19:34[QML:Reduced 5; QMD 65] Updating learned info for model 5
21:19:34[QML:Reduced 5; QMD 65] Updated learned info for model 5
21:19:34 [QMD 65] remoteBayesFromBranchID 2 model id list: [5]
21:19:34 [QMD 65] compareModelsWithinBranch 2 active_models_in_branch_old: [5.0] active_models_in_branch_new: [5]
21:19:34 [QMD 65] Model points for branch 2 {5: 0}
21:19:34 [QMD 65] Champion of branch  2  is  xTiPPyTiPPzTi (5)
21:19:34 [QMD 65] Spawning. Growth rule: two_qubit_ising_rotation_hyperfine_transverse. Depth: 3
21:19:34 [QMD 65] After model generation for growth rule two_qubit_ising_rotation_hyperfine_transverse SPAWN STAGE: [None] 
new models: ['xTiPPxTxPPyTiPPzTi', 'xTiPPyTiPPzTiPPzTz', 'xTiPPyTiPPyTyPPzTi']
21:19:34 [QMD 65] Branch 3 growth rule two_qubit_ising_rotation_hyperfine_transverse has 3 new models ['xTiPPyTiPPzTiPPzTz', 'xTiPPxTxPPyTiPPzTi', 'xTiPPyTiPPyTyPPzTi']
21:19:34 [DB] Model  xTiPPyTiPPzTiPPzTz  not previously considered -- adding. ID: 6
21:19:34 [QMD 65] Model  xTiPPyTiPPzTiPPzTz 
	computed already:  False 
	ID: 6
21:19:34 [DB] Model  xTiPPxTxPPyTiPPzTi  not previously considered -- adding. ID: 7
21:19:34 [QMD 65] Model  xTiPPxTxPPyTiPPzTi 
	computed already:  False 
	ID: 7
21:19:34 [DB] Model  xTiPPyTiPPyTyPPzTi  not previously considered -- adding. ID: 8
21:19:34 [QMD 65] Model  xTiPPyTiPPyTyPPzTi 
	computed already:  False 
	ID: 8
21:19:34 [QMD 65] Num models already computed on branch  3 = 0
21:19:34 [QMD 65] Models to add to new branch ( 3 ):  ['xTiPPxTxPPyTiPPzTi', 'xTiPPyTiPPzTiPPzTz', 'xTiPPyTiPPyTyPPzTi']
21:19:34 [QMD 65] learnModelFromBranchID branch 3 : ['xTiPPyTiPPzTiPPzTz', 'xTiPPxTxPPyTiPPzTi', 'xTiPPyTiPPyTyPPzTi']
21:19:34 [QMD 65] learnModelFromBranchID. Setting active branches on redis for branch 3 to 0
21:19:34 [QMD 65] branch 3 precomputed: []
21:19:34 [QMD 65] Branch  3 has unlearned models: ['xTiPPyTiPPzTiPPzTz', 'xTiPPxTxPPyTiPPzTi', 'xTiPPyTiPPyTyPPzTi']
21:19:34 [QMD 65] Model  xTiPPyTiPPzTiPPzTz being passed to learnModel function
21:19:34 [QMD 65] Model xTiPPyTiPPzTiPPzTz added to queue.
21:19:34 [QMD 65] Model  xTiPPxTxPPyTiPPzTi being passed to learnModel function
21:19:34 [QMD 65] Model xTiPPxTxPPyTiPPzTi added to queue.
21:19:34 [QMD 65] Model  xTiPPyTiPPyTyPPzTi being passed to learnModel function
21:19:34 [QMD 65] Model xTiPPyTiPPyTyPPzTi added to queue.
21:19:34 [QMD 65] learnModelFromBranchID finished, branch 3
21:19:46 [QML 8] QML for  xTiPPyTiPPyTyPPzTi
21:19:46 [QML 7] QML for  xTiPPxTxPPyTiPPzTi
21:19:46 [QML 6] QML for  xTiPPyTiPPzTiPPzTz
21:19:46 [QML 8] Getting prior for model: xTiPPyTiPPyTyPPzTi Specific terms: {}
21:19:46 [QML 7] Getting prior for model: xTiPPxTxPPyTiPPzTi Specific terms: {}
21:19:46 [QML 6] Getting prior for model: xTiPPyTiPPzTiPPzTz Specific terms: {}
21:19:48 [QML 8] Initialization Ready
21:19:48 [RQ Learn 8.0] Time to unpickle and initialise QML class: 2.0918476581573486
21:19:48 [RQ Learn 8.0] Updating model.
21:19:48 [QML 8] Experiment 0
21:19:48 [QML 8] Initial time selected >  0.0909240830287
21:19:48 [QML 7] Initialization Ready
21:19:48 [RQ Learn 7.0] Time to unpickle and initialise QML class: 2.1066601276397705
21:19:48 [RQ Learn 7.0] Updating model.
21:19:48 [QML 7] Experiment 0
21:19:48 [QML 7] Initial time selected >  0.0955027745914
21:19:48 [QML 6] Initialization Ready
21:19:48 [RQ Learn 6.0] Time to unpickle and initialise QML class: 2.096205234527588
21:19:48 [RQ Learn 6.0] Updating model.
21:19:48 [QML 6] Experiment 0
21:19:48 [QML 6] Initial time selected >  0.112236565848
21:25:36 [QML 8] Experiment 75
21:25:45 [QML 6] Experiment 75
21:26:16 [QML 7] Experiment 75
21:31:27 [QML 8] Experiment 150
21:31:52 [QML 6] Experiment 150
21:37:18 [QML 8] Experiment 225
21:38:8 [QML 6] Experiment 225
21:39:28 [QML 7] Experiment 150
21:43:24 [QML 8] Experiment 300
21:44:21 [QML 6] Experiment 300
21:49:20 [QML 8] Experiment 375
21:50:35 [QML 6] Experiment 375
21:51:45 [QML 7] Experiment 225
21:55:54 [QML 8] Experiment 450
21:57:3 [QML 6] Experiment 450
21:58:22 [QML 7] Experiment 300
22:2:38 [QML 8] Experiment 525
22:3:30 [QML 6] Experiment 525
22:4:55 [QML 7] Experiment 375
22:9:10 [QML 8] Experiment 600
22:10:2 [QML 6] Experiment 600
22:11:26 [QML 7] Experiment 450
22:15:26 [QML 8] Experiment 675
22:16:34 [QML 6] Experiment 675
22:17:57 [QML 7] Experiment 525
22:21:56 [QML 8] Results for QHL on  xTiPPyTiPPyTyPPzTi
22:21:56 [QML 8] Final time selected > 2.45
22:21:56 [QML 8] Cumulative time.	 Datum: 1.967102289199829 	 Update: 3720.683368206024
22:21:56 [QML 8] Final Parameters mean and stdev (term  xTi ): [ 0.67825055  0.60888727]
22:21:56 [QML 8] Final Parameters mean and stdev (term  yTi ): [ 2.61002958  0.66800864]
22:21:56 [QML 8] Final Parameters mean and stdev (term  yTy ): [ 3.26210285  0.63596578]
22:21:56 [QML 8] Final Parameters mean and stdev (term  zTi ): [ 1.35379119  1.42619526]
22:21:56 [RQ Learn 8.0] Time for update alone: 3728.007737159729
22:21:56 [RQ Learn 8.0] Redis learned_models_info added to db for model: 8.0
22:21:56 [RQ Learn 8.0] Redis SET learned_models_ids: 8.0 ; set True
22:21:56 [RQ Learn 8.0] Learned. rq time: 3730.7224283218384
22:23:4 [QML 6] Results for QHL on  xTiPPyTiPPzTiPPzTz
22:23:4 [QML 6] Final time selected > 2.45
22:23:4 [QML 6] Cumulative time.	 Datum: 1.9513113498687744 	 Update: 3789.0530848503113
22:23:4 [QML 6] Final Parameters mean and stdev (term  xTi ): [ 0.9393042   0.49158337]
22:23:4 [QML 6] Final Parameters mean and stdev (term  yTi ): [ 5.9701559   0.10351332]
22:23:4 [QML 6] Final Parameters mean and stdev (term  zTi ): [ 0.88023642  0.32896189]
22:23:4 [QML 6] Final Parameters mean and stdev (term  zTz ): [ 1.43781619  0.3625374 ]
22:23:4 [RQ Learn 6.0] Time for update alone: 3796.531008005142
22:23:5 [RQ Learn 6.0] Redis learned_models_info added to db for model: 6.0
22:23:5 [RQ Learn 6.0] Redis SET learned_models_ids: 6.0 ; set True
22:23:5 [RQ Learn 6.0] Learned. rq time: 3799.2260043621063
22:24:32 [QML 7] Experiment 600
22:30:44 [QML 7] Experiment 675
22:37:36 [QML 7] Results for QHL on  xTiPPxTxPPyTiPPzTi
22:37:36 [QML 7] Final time selected > 2.45
22:37:36 [QML 7] Cumulative time.	 Datum: 2.4026620388031006 	 Update: 4659.0842571258545
22:37:36 [QML 7] Final Parameters mean and stdev (term  xTi ): [ 1.40365988  0.0906825 ]
22:37:36 [QML 7] Final Parameters mean and stdev (term  xTx ): [ 0.84579087  0.07053741]
22:37:36 [QML 7] Final Parameters mean and stdev (term  yTi ): [ 5.75129383  0.06467126]
22:37:36 [QML 7] Final Parameters mean and stdev (term  zTi ): [ 2.21571781  0.16822   ]
22:37:36 [RQ Learn 7.0] Time for update alone: 4668.096426486969
22:37:37 [RQ Learn 7.0] Redis learned_models_info added to db for model: 7.0
22:37:37 [RQ Learn 7.0] Redis SET learned_models_ids: 7.0 ; set True
22:37:37 [QMD 65] All models on branch 3 have finished learning.
22:37:37 [RQ Learn 7.0] Learned. rq time: 4670.834191799164
22:37:37[QML:Reduced 6; QMD 65] Updating learned info for model 6
22:37:37[QML:Reduced 6; QMD 65] Updated learned info for model 6
22:37:37[QML:Reduced 7; QMD 65] Updating learned info for model 7
22:37:37[QML:Reduced 7; QMD 65] Updated learned info for model 7
22:37:37[QML:Reduced 8; QMD 65] Updating learned info for model 8
22:37:37[QML:Reduced 8; QMD 65] Updated learned info for model 8
22:37:37 [QMD 65] remoteBayesFromBranchID 3 model id list: [6, 7, 8]
22:37:37 [QMD 65] Computing BF for pair 6,7
22:37:37 [QMD 65] Bayes factor calculation queued. Model IDs 6 7
22:37:37 [QMD 65] Computing BF for pair 6,8
22:37:37 [QMD 65] Bayes factor calculation queued. Model IDs 6 8
22:37:37 [QMD 65] Computing BF for pair 7,8
22:37:37 [QMD 65] Bayes factor calculation queued. Model IDs 7 8
22:37:49[QML:Bayes 6; QMD 65] Name: xTiPPyTiPPzTiPPzTz
22:37:49[QML:Bayes 7; QMD 65] Name: xTiPPxTxPPyTiPPzTi
22:37:49[QML:Bayes 6; QMD 65] Time to unpickle updater: 0.09530830383300781
22:37:49[QML:Bayes 6; QMD 65] Prior mean: [ 0.9393042   5.9701559   0.88023642  1.43781619]
22:37:49[QML:Bayes 7; QMD 65] Time to unpickle updater: 0.12703180313110352
22:37:49[QML:Bayes 7; QMD 65] Prior mean: [ 1.40365988  0.84579087  5.75129383  2.21571781]
22:37:50[QML:Bayes 7; QMD 65] Name: xTiPPxTxPPyTiPPzTi
22:37:50[QML:Bayes 6; QMD 65] Name: xTiPPyTiPPzTiPPzTz
22:37:50[QML:Bayes 7; QMD 65] Time to unpickle updater: 0.09476613998413086
22:37:50[QML:Bayes 7; QMD 65] Prior mean: [ 1.40365988  0.84579087  5.75129383  2.21571781]
22:37:50 [RQ Bayes 6/7] Start. Branch 3
22:37:50[QML:Bayes 8; QMD 65] Name: xTiPPyTiPPyTyPPzTi
22:37:50[QML:Bayes 6; QMD 65] Time to unpickle updater: 0.09645295143127441
22:37:50[QML:Bayes 6; QMD 65] Prior mean: [ 0.9393042   5.9701559   0.88023642  1.43781619]
22:37:50[QML:Bayes 8; QMD 65] Time to unpickle updater: 0.09473800659179688
22:37:50[QML:Bayes 8; QMD 65] Prior mean: [ 0.67825055  2.61002958  3.26210285  1.35379119]
22:37:50 [RQ Bayes 7/8] Start. Branch 3
22:37:50[QML:Bayes 8; QMD 65] Name: xTiPPyTiPPyTyPPzTi
22:37:50[QML:Bayes 8; QMD 65] Time to unpickle updater: 0.09540104866027832
22:37:50[QML:Bayes 8; QMD 65] Prior mean: [ 0.67825055  2.61002958  3.26210285  1.35379119]
22:37:50 [RQ Bayes 6/8] Start. Branch 3
0:41:34 [RQ Bayes 7/8] BF computed: A:7; B:8; BF:55510773769.37 	Reset remormalisation record: False
0:41:34 [RQ Bayes 7/8] Finished. rq time:  7425.585291385651
0:42:43 [RQ Bayes 6/8] BF computed: A:6; B:8; BF:6.440352395949068e+19 	Reset remormalisation record: False
0:42:43 [RQ Bayes 6/8] Finished. rq time:  7493.419881105423
0:43:27 [RQ Bayes 6/7] BF computed: A:6; B:7; BF:1.2162344250511418e+16 	Reset remormalisation record: False
0:43:27 [RQ Bayes 6/7] Finished. rq time:  7538.673590898514
0:43:27 [QMD 65] compareModelsWithinBranch 3 active_models_in_branch_old: [6.0, 7.0, 8.0] active_models_in_branch_new: [6, 7, 8]
0:43:27 [QMD 65] [compareModelsWithinBranch 3] Point to 6 (comparison 6/7)
0:43:27 [QMD 65] [compareModelsWithinBranch 3] Point to 6 (comparison 6/8)
0:43:27 [QMD 65] [compareModelsWithinBranch 3] Point to 7 (comparison 7/8)
0:43:27 [QMD 65] Model points for branch 3 {6: 2, 7: 1, 8: 0}
0:43:27 [QMD 65] Champion of branch  3  is  xTiPPyTiPPzTiPPzTz (6)
0:43:27 [QMD 65] Spawning. Growth rule: two_qubit_ising_rotation_hyperfine_transverse. Depth: 4
0:43:27 [QMD 65] After model generation for growth rule two_qubit_ising_rotation_hyperfine_transverse SPAWN STAGE: [None] 
new models: ['xTiPPyTiPPyTyPPzTiPPzTz', 'xTiPPxTxPPyTiPPzTiPPzTz']
0:43:27 [QMD 65] Branch 4 growth rule two_qubit_ising_rotation_hyperfine_transverse has 2 new models ['xTiPPyTiPPyTyPPzTiPPzTz', 'xTiPPxTxPPyTiPPzTiPPzTz']
0:43:27 [DB] Model  xTiPPyTiPPyTyPPzTiPPzTz  not previously considered -- adding. ID: 9
0:43:28 [QMD 65] Model  xTiPPyTiPPyTyPPzTiPPzTz 
	computed already:  False 
	ID: 9
0:43:28 [DB] Model  xTiPPxTxPPyTiPPzTiPPzTz  not previously considered -- adding. ID: 10
0:43:28 [QMD 65] Model  xTiPPxTxPPyTiPPzTiPPzTz 
	computed already:  False 
	ID: 10
0:43:28 [QMD 65] Num models already computed on branch  4 = 0
0:43:28 [QMD 65] Models to add to new branch ( 4 ):  ['xTiPPyTiPPyTyPPzTiPPzTz', 'xTiPPxTxPPyTiPPzTiPPzTz']
0:43:28 [QMD 65] learnModelFromBranchID branch 4 : ['xTiPPyTiPPyTyPPzTiPPzTz', 'xTiPPxTxPPyTiPPzTiPPzTz']
0:43:28 [QMD 65] learnModelFromBranchID. Setting active branches on redis for branch 4 to 0
0:43:28 [QMD 65] branch 4 precomputed: []
0:43:28 [QMD 65] Branch  4 has unlearned models: ['xTiPPyTiPPyTyPPzTiPPzTz', 'xTiPPxTxPPyTiPPzTiPPzTz']
0:43:28 [QMD 65] Model  xTiPPyTiPPyTyPPzTiPPzTz being passed to learnModel function
0:43:28 [QMD 65] Model xTiPPyTiPPyTyPPzTiPPzTz added to queue.
0:43:28 [QMD 65] Model  xTiPPxTxPPyTiPPzTiPPzTz being passed to learnModel function
0:43:28 [QMD 65] Model xTiPPxTxPPyTiPPzTiPPzTz added to queue.
0:43:28 [QMD 65] learnModelFromBranchID finished, branch 4
0:43:39 [QML 10] QML for  xTiPPxTxPPyTiPPzTiPPzTz
0:43:39 [QML 9] QML for  xTiPPyTiPPyTyPPzTiPPzTz
0:43:39 [QML 10] Getting prior for model: xTiPPxTxPPyTiPPzTiPPzTz Specific terms: {}
0:43:39 [QML 9] Getting prior for model: xTiPPyTiPPyTyPPzTiPPzTz Specific terms: {}
0:43:41 [QML 10] Initialization Ready
0:43:41 [RQ Learn 10.0] Time to unpickle and initialise QML class: 2.4984898567199707
0:43:41 [RQ Learn 10.0] Updating model.
0:43:41 [QML 10] Experiment 0
0:43:41 [QML 10] Initial time selected >  0.0505539012502
0:43:41 [QML 9] Initialization Ready
0:43:41 [RQ Learn 9.0] Time to unpickle and initialise QML class: 2.5205461978912354
0:43:41 [RQ Learn 9.0] Updating model.
0:43:41 [QML 9] Experiment 0
0:43:41 [QML 9] Initial time selected >  0.108694995857
0:49:31 [QML 10] Experiment 75
0:49:38 [QML 9] Experiment 75
0:55:29 [QML 10] Experiment 150
0:55:48 [QML 9] Experiment 150
1:1:25 [QML 10] Experiment 225
1:1:58 [QML 9] Experiment 225
1:7:40 [QML 10] Experiment 300
1:8:20 [QML 9] Experiment 300
1:13:59 [QML 10] Experiment 375
1:14:45 [QML 9] Experiment 375
1:20:24 [QML 10] Experiment 450
1:21:14 [QML 9] Experiment 450
1:26:49 [QML 10] Experiment 525
1:27:41 [QML 9] Experiment 525
1:33:17 [QML 10] Experiment 600
1:34:12 [QML 9] Experiment 600
1:39:31 [QML 10] Experiment 675
1:40:38 [QML 9] Experiment 675
1:45:59 [QML 10] Results for QHL on  xTiPPxTxPPyTiPPzTiPPzTz
1:45:59 [QML 10] Final time selected > 2.45
1:45:59 [QML 10] Cumulative time.	 Datum: 1.9207170009613037 	 Update: 3729.850632429123
1:45:59 [QML 10] Final Parameters mean and stdev (term  xTi ): [ 1.81480993  0.21830929]
1:45:59 [QML 10] Final Parameters mean and stdev (term  xTx ): [ 0.0805475   0.14034997]
1:45:59 [QML 10] Final Parameters mean and stdev (term  yTi ): [ 5.46243418  0.19348853]
1:45:59 [QML 10] Final Parameters mean and stdev (term  zTi ): [ 4.44169378  0.38408849]
1:45:59 [QML 10] Final Parameters mean and stdev (term  zTz ): [ 1.65874884  0.19513103]
1:45:59 [RQ Learn 10.0] Time for update alone: 3737.8749449253082
1:46:0 [RQ Learn 10.0] Redis learned_models_info added to db for model: 10.0
1:46:0 [RQ Learn 10.0] Redis SET learned_models_ids: 10.0 ; set True
1:46:0 [RQ Learn 10.0] Learned. rq time: 3740.9994423389435
1:47:10 [QML 9] Results for QHL on  xTiPPyTiPPyTyPPzTiPPzTz
1:47:10 [QML 9] Final time selected > 2.45
1:47:10 [QML 9] Cumulative time.	 Datum: 1.919550895690918 	 Update: 3800.9287712574005
1:47:10 [QML 9] Final Parameters mean and stdev (term  xTi ): [ 1.51886795  0.29414302]
1:47:10 [QML 9] Final Parameters mean and stdev (term  yTi ): [ 5.57595939  0.32752624]
1:47:10 [QML 9] Final Parameters mean and stdev (term  yTy ): [ 0.53831646  0.1487324 ]
1:47:10 [QML 9] Final Parameters mean and stdev (term  zTi ): [ 7.42845098  0.50503141]
1:47:10 [QML 9] Final Parameters mean and stdev (term  zTz ): [ 8.99732322  0.58546366]
1:47:10 [RQ Learn 9.0] Time for update alone: 3808.938955783844
1:47:11 [RQ Learn 9.0] Redis learned_models_info added to db for model: 9.0
1:47:11 [RQ Learn 9.0] Redis SET learned_models_ids: 9.0 ; set True
1:47:11 [QMD 65] All models on branch 4 have finished learning.
1:47:11 [RQ Learn 9.0] Learned. rq time: 3812.0844020843506
1:47:11[QML:Reduced 9; QMD 65] Updating learned info for model 9
1:47:11[QML:Reduced 9; QMD 65] Updated learned info for model 9
1:47:11[QML:Reduced 10; QMD 65] Updating learned info for model 10
1:47:11[QML:Reduced 10; QMD 65] Updated learned info for model 10
1:47:11 [QMD 65] remoteBayesFromBranchID 4 model id list: [9, 10]
1:47:11 [QMD 65] Computing BF for pair 9,10
1:47:11 [QMD 65] Bayes factor calculation queued. Model IDs 9 10
1:47:23[QML:Bayes 9; QMD 65] Name: xTiPPyTiPPyTyPPzTiPPzTz
1:47:23[QML:Bayes 9; QMD 65] Time to reconstruct updater: 0.00433802604675293
1:47:23[QML:Bayes 9; QMD 65] Prior mean: [ 1.52148839  5.58256709  0.53542434  7.43428189  8.98907375]
1:47:23[QML:Bayes 10; QMD 65] Name: xTiPPxTxPPyTiPPzTiPPzTz
1:47:23[QML:Bayes 10; QMD 65] Time to reconstruct updater: 0.003601551055908203
1:47:23[QML:Bayes 10; QMD 65] Prior mean: [ 1.81348807  0.0749601   5.46876763  4.43243243  1.66278568]
1:47:23 [RQ Bayes 9/10] Start. Branch 4
3:53:18 [RQ Bayes 9/10] BF computed: A:9; B:10; BF:0.0 	Reset remormalisation record: False
3:53:18 [RQ Bayes 9/10] Finished. rq time:  7555.968176364899
3:53:18 [QMD 65] compareModelsWithinBranch 4 active_models_in_branch_old: [9.0, 10.0] active_models_in_branch_new: [9, 10]
3:53:18 [QMD 65] [compareModelsWithinBranch 4] Point to 10 (comparison 9/10)
3:53:18 [QMD 65] Model points for branch 4 {9: 0, 10: 1}
3:53:18 [QMD 65] Champion of branch  4  is  xTiPPxTxPPyTiPPzTiPPzTz (10)
3:53:18 [QMD 65] Spawning. Growth rule: two_qubit_ising_rotation_hyperfine_transverse. Depth: 5
3:53:18 [QMD 65] After model generation for growth rule two_qubit_ising_rotation_hyperfine_transverse SPAWN STAGE: [None] 
new models: ['xTiPPxTxPPyTiPPyTyPPzTiPPzTz']
3:53:18 [QMD 65] Branch 5 growth rule two_qubit_ising_rotation_hyperfine_transverse has 1 new models ['xTiPPxTxPPyTiPPyTyPPzTiPPzTz']
3:53:18 [DB] Model  xTiPPxTxPPyTiPPyTyPPzTiPPzTz  not previously considered -- adding. ID: 11
3:53:18 [QMD 65] Model  xTiPPxTxPPyTiPPyTyPPzTiPPzTz 
	computed already:  False 
	ID: 11
3:53:18 [QMD 65] Num models already computed on branch  5 = 0
3:53:18 [QMD 65] Models to add to new branch ( 5 ):  ['xTiPPxTxPPyTiPPyTyPPzTiPPzTz']
3:53:18 [QMD 65] learnModelFromBranchID branch 5 : ['xTiPPxTxPPyTiPPyTyPPzTiPPzTz']
3:53:18 [QMD 65] learnModelFromBranchID. Setting active branches on redis for branch 5 to 0
3:53:18 [QMD 65] branch 5 precomputed: []
3:53:18 [QMD 65] Branch  5 has unlearned models: ['xTiPPxTxPPyTiPPyTyPPzTiPPzTz']
3:53:18 [QMD 65] Model  xTiPPxTxPPyTiPPyTyPPzTiPPzTz being passed to learnModel function
3:53:18 [QMD 65] Model xTiPPxTxPPyTiPPyTyPPzTiPPzTz added to queue.
3:53:18 [QMD 65] learnModelFromBranchID finished, branch 5
3:53:31 [QML 11] QML for  xTiPPxTxPPyTiPPyTyPPzTiPPzTz
3:53:32 [QML 11] Getting prior for model: xTiPPxTxPPyTiPPyTyPPzTiPPzTz Specific terms: {}
3:53:34 [QML 11] Initialization Ready
3:53:34 [RQ Learn 11.0] Time to unpickle and initialise QML class: 2.7214436531066895
3:53:34 [RQ Learn 11.0] Updating model.
3:53:34 [QML 11] Experiment 0
3:53:34 [QML 11] Initial time selected >  0.0530601427018
3:59:17 [QML 11] Experiment 75
4:5:0 [QML 11] Experiment 150
4:10:49 [QML 11] Experiment 225
4:16:40 [QML 11] Experiment 300
4:22:25 [QML 11] Experiment 375
4:28:55 [QML 11] Experiment 450
4:35:24 [QML 11] Experiment 525
4:41:49 [QML 11] Experiment 600
4:48:3 [QML 11] Experiment 675
4:54:30 [QML 11] Results for QHL on  xTiPPxTxPPyTiPPyTyPPzTiPPzTz
4:54:30 [QML 11] Final time selected > 2.45
4:54:30 [QML 11] Cumulative time.	 Datum: 1.8887383937835693 	 Update: 3647.234973669052
4:54:30 [QML 11] Final Parameters mean and stdev (term  xTi ): [ 0.7209863  0.6450312]
4:54:30 [QML 11] Final Parameters mean and stdev (term  xTx ): [ 0.19411327  0.53326388]
4:54:30 [QML 11] Final Parameters mean and stdev (term  yTi ): [ 0.98593383  1.25002824]
4:54:30 [QML 11] Final Parameters mean and stdev (term  yTy ): [ 4.70837569  1.2818074 ]
4:54:30 [QML 11] Final Parameters mean and stdev (term  zTi ): [ 2.64243509  0.31085485]
4:54:30 [QML 11] Final Parameters mean and stdev (term  zTz ): [-0.03701314  0.0985536 ]
4:54:30 [RQ Learn 11.0] Time for update alone: 3656.0331490039825
4:54:31 [RQ Learn 11.0] Redis learned_models_info added to db for model: 11.0
4:54:31 [RQ Learn 11.0] Redis SET learned_models_ids: 11.0 ; set True
4:54:31 [QMD 65] All models on branch 5 have finished learning.
4:54:31 [RQ Learn 11.0] Learned. rq time: 3659.4333646297455
4:54:31[QML:Reduced 11; QMD 65] Updating learned info for model 11
4:54:31[QML:Reduced 11; QMD 65] Updated learned info for model 11
4:54:31 [QMD 65] remoteBayesFromBranchID 5 model id list: [11]
4:54:31 [QMD 65] compareModelsWithinBranch 5 active_models_in_branch_old: [11.0] active_models_in_branch_new: [11]
4:54:31 [QMD 65] Model points for branch 5 {11: 0}
4:54:31 [QMD 65] Champion of branch  5  is  xTiPPxTxPPyTiPPyTyPPzTiPPzTz (11)
4:54:31 [QMD 65] Spawning. Growth rule: two_qubit_ising_rotation_hyperfine_transverse. Depth: 6
4:54:31 [QMD 65] After model generation for growth rule two_qubit_ising_rotation_hyperfine_transverse SPAWN STAGE: [None] 
new models: ['xTiPPxTxPPxTzPPyTiPPyTyPPzTiPPzTz', 'xTiPPxTxPPyTiPPyTyPPyTzPPzTiPPzTz', 'xTiPPxTxPPxTyPPyTiPPyTyPPzTiPPzTz']
4:54:31 [QMD 65] Branch 6 growth rule two_qubit_ising_rotation_hyperfine_transverse has 3 new models ['xTiPPxTxPPxTyPPyTiPPyTyPPzTiPPzTz', 'xTiPPxTxPPxTzPPyTiPPyTyPPzTiPPzTz', 'xTiPPxTxPPyTiPPyTyPPyTzPPzTiPPzTz']
4:54:31 [DB] Model  xTiPPxTxPPxTyPPyTiPPyTyPPzTiPPzTz  not previously considered -- adding. ID: 12
4:54:31 [QMD 65] Model  xTiPPxTxPPxTyPPyTiPPyTyPPzTiPPzTz 
	computed already:  False 
	ID: 12
4:54:31 [DB] Model  xTiPPxTxPPxTzPPyTiPPyTyPPzTiPPzTz  not previously considered -- adding. ID: 13
4:54:31 [QMD 65] Model  xTiPPxTxPPxTzPPyTiPPyTyPPzTiPPzTz 
	computed already:  False 
	ID: 13
4:54:31 [DB] Model  xTiPPxTxPPyTiPPyTyPPyTzPPzTiPPzTz  not previously considered -- adding. ID: 14
4:54:31 [QMD 65] Model  xTiPPxTxPPyTiPPyTyPPyTzPPzTiPPzTz 
	computed already:  False 
	ID: 14
4:54:31 [QMD 65] Num models already computed on branch  6 = 0
4:54:31 [QMD 65] Models to add to new branch ( 6 ):  ['xTiPPxTxPPxTzPPyTiPPyTyPPzTiPPzTz', 'xTiPPxTxPPyTiPPyTyPPyTzPPzTiPPzTz', 'xTiPPxTxPPxTyPPyTiPPyTyPPzTiPPzTz']
4:54:31 [QMD 65] learnModelFromBranchID branch 6 : ['xTiPPxTxPPxTyPPyTiPPyTyPPzTiPPzTz', 'xTiPPxTxPPxTzPPyTiPPyTyPPzTiPPzTz', 'xTiPPxTxPPyTiPPyTyPPyTzPPzTiPPzTz']
4:54:31 [QMD 65] learnModelFromBranchID. Setting active branches on redis for branch 6 to 0
4:54:31 [QMD 65] branch 6 precomputed: []
4:54:31 [QMD 65] Branch  6 has unlearned models: ['xTiPPxTxPPxTyPPyTiPPyTyPPzTiPPzTz', 'xTiPPxTxPPxTzPPyTiPPyTyPPzTiPPzTz', 'xTiPPxTxPPyTiPPyTyPPyTzPPzTiPPzTz']
4:54:31 [QMD 65] Model  xTiPPxTxPPxTyPPyTiPPyTyPPzTiPPzTz being passed to learnModel function
4:54:31 [QMD 65] Model xTiPPxTxPPxTyPPyTiPPyTyPPzTiPPzTz added to queue.
4:54:31 [QMD 65] Model  xTiPPxTxPPxTzPPyTiPPyTyPPzTiPPzTz being passed to learnModel function
4:54:31 [QMD 65] Model xTiPPxTxPPxTzPPyTiPPyTyPPzTiPPzTz added to queue.
4:54:31 [QMD 65] Model  xTiPPxTxPPyTiPPyTyPPyTzPPzTiPPzTz being passed to learnModel function
4:54:31 [QMD 65] Model xTiPPxTxPPyTiPPyTyPPyTzPPzTiPPzTz added to queue.
4:54:31 [QMD 65] learnModelFromBranchID finished, branch 6
4:54:42 [QML 12] QML for  xTiPPxTxPPxTyPPyTiPPyTyPPzTiPPzTz
4:54:42 [QML 14] QML for  xTiPPxTxPPyTiPPyTyPPyTzPPzTiPPzTz
4:54:42 [QML 12] Getting prior for model: xTiPPxTxPPxTyPPyTiPPyTyPPzTiPPzTz Specific terms: {}
4:54:42 [QML 14] Getting prior for model: xTiPPxTxPPyTiPPyTyPPyTzPPzTiPPzTz Specific terms: {}
4:54:42 [QML 13] QML for  xTiPPxTxPPxTzPPyTiPPyTyPPzTiPPzTz
4:54:42 [QML 13] Getting prior for model: xTiPPxTxPPxTzPPyTiPPyTyPPzTiPPzTz Specific terms: {}
4:54:45 [QML 14] Initialization Ready
4:54:45 [RQ Learn 14.0] Time to unpickle and initialise QML class: 3.342501401901245
4:54:45 [RQ Learn 14.0] Updating model.
4:54:45 [QML 14] Experiment 0
4:54:45 [QML 14] Initial time selected >  0.0388034745793
4:54:45 [QML 12] Initialization Ready
4:54:45 [RQ Learn 12.0] Time to unpickle and initialise QML class: 3.4372124671936035
4:54:45 [RQ Learn 12.0] Updating model.
4:54:45 [QML 12] Experiment 0
4:54:45 [QML 12] Initial time selected >  0.0376039666337
4:54:46 [QML 13] Initialization Ready
4:54:46 [RQ Learn 13.0] Time to unpickle and initialise QML class: 3.3943002223968506
4:54:46 [RQ Learn 13.0] Updating model.
4:54:46 [QML 13] Experiment 0
4:54:46 [QML 13] Initial time selected >  0.0403243426631
5:0:35 [QML 13] Experiment 75
5:0:35 [QML 12] Experiment 75
5:0:37 [QML 14] Experiment 75
5:6:11 [QML 13] Experiment 150
5:6:18 [QML 12] Experiment 150
5:6:32 [QML 14] Experiment 150
5:11:52 [QML 13] Experiment 225
5:12:7 [QML 12] Experiment 225
5:12:26 [QML 14] Experiment 225
5:17:32 [QML 13] Experiment 300
5:18:1 [QML 12] Experiment 300
5:18:41 [QML 14] Experiment 300
5:23:5 [QML 13] Experiment 375
5:24:5 [QML 12] Experiment 375
5:24:58 [QML 14] Experiment 375
5:29:33 [QML 13] Experiment 450
5:30:34 [QML 12] Experiment 450
5:31:24 [QML 14] Experiment 450
5:36:1 [QML 13] Experiment 525
5:37:3 [QML 12] Experiment 525
5:37:50 [QML 14] Experiment 525
5:42:31 [QML 13] Experiment 600
5:43:33 [QML 12] Experiment 600
5:44:17 [QML 14] Experiment 600
5:48:46 [QML 13] Experiment 675
5:49:54 [QML 12] Experiment 675
5:50:34 [QML 14] Experiment 675
5:55:11 [QML 13] Results for QHL on  xTiPPxTxPPxTzPPyTiPPyTyPPzTiPPzTz
5:55:11 [QML 13] Final time selected > 2.45
5:55:11 [QML 13] Cumulative time.	 Datum: 1.9092772006988525 	 Update: 3615.714729309082
5:55:11 [QML 13] Final Parameters mean and stdev (term  xTi ): [ 0.39170432  0.65438582]
5:55:11 [QML 13] Final Parameters mean and stdev (term  xTx ): [ 7.95330579  2.25285105]
5:55:11 [QML 13] Final Parameters mean and stdev (term  xTz ): [ 9.92394683  3.74245947]
5:55:11 [QML 13] Final Parameters mean and stdev (term  yTi ): [ 2.1142036   1.35110181]
5:55:11 [QML 13] Final Parameters mean and stdev (term  yTy ): [ 0.23612323  1.2482313 ]
5:55:11 [QML 13] Final Parameters mean and stdev (term  zTi ): [-0.21843342  1.17765811]
5:55:11 [QML 13] Final Parameters mean and stdev (term  zTz ): [ 3.21074123  0.95899944]
5:55:11 [RQ Learn 13.0] Time for update alone: 3625.7664651870728
5:55:12 [RQ Learn 13.0] Redis learned_models_info added to db for model: 13.0
5:55:12 [RQ Learn 13.0] Redis SET learned_models_ids: 13.0 ; set True
5:55:12 [RQ Learn 13.0] Learned. rq time: 3629.7587649822235
5:56:21 [QML 12] Results for QHL on  xTiPPxTxPPxTyPPyTiPPyTyPPzTiPPzTz
5:56:21 [QML 12] Final time selected > 2.45
5:56:21 [QML 12] Cumulative time.	 Datum: 1.875091552734375 	 Update: 3686.4785480499268
5:56:21 [QML 12] Final Parameters mean and stdev (term  xTi ): [-0.04296096  0.31530532]
5:56:21 [QML 12] Final Parameters mean and stdev (term  xTx ): [ 9.05043326  0.74230025]
5:56:21 [QML 12] Final Parameters mean and stdev (term  xTy ): [ 9.41886592  0.34807724]
5:56:21 [QML 12] Final Parameters mean and stdev (term  yTi ): [ 2.08224246  0.68183895]
5:56:21 [QML 12] Final Parameters mean and stdev (term  yTy ): [ 2.83739027  0.42180297]
5:56:21 [QML 12] Final Parameters mean and stdev (term  zTi ): [ 4.73022754  0.5304737 ]
5:56:21 [QML 12] Final Parameters mean and stdev (term  zTz ): [ 1.50908272  0.0838113 ]
5:56:21 [RQ Learn 12.0] Time for update alone: 3696.3998594284058
5:56:22 [RQ Learn 12.0] Redis learned_models_info added to db for model: 12.0
5:56:22 [RQ Learn 12.0] Redis SET learned_models_ids: 12.0 ; set True
5:56:22 [RQ Learn 12.0] Learned. rq time: 3700.4169702529907
5:56:59 [QML 14] Results for QHL on  xTiPPxTxPPyTiPPyTyPPyTzPPzTiPPzTz
5:56:59 [QML 14] Final time selected > 2.45
5:56:59 [QML 14] Cumulative time.	 Datum: 1.8709490299224854 	 Update: 3724.260225057602
5:56:59 [QML 14] Final Parameters mean and stdev (term  xTi ): [ 1.24041647  0.20159103]
5:56:59 [QML 14] Final Parameters mean and stdev (term  xTx ): [ 5.48574866  0.28187199]
5:56:59 [QML 14] Final Parameters mean and stdev (term  yTi ): [ 2.60591733  0.19898723]
5:56:59 [QML 14] Final Parameters mean and stdev (term  yTy ): [ 2.23543604  0.27950121]
5:56:59 [QML 14] Final Parameters mean and stdev (term  yTz ): [ 6.50405577  0.10925813]
5:56:59 [QML 14] Final Parameters mean and stdev (term  zTi ): [ 0.17973133  0.25799379]
5:56:59 [QML 14] Final Parameters mean and stdev (term  zTz ): [ 0.9500287   0.14937585]
5:56:59 [RQ Learn 14.0] Time for update alone: 3734.1471707820892
5:57:0 [RQ Learn 14.0] Redis learned_models_info added to db for model: 14.0
5:57:0 [RQ Learn 14.0] Redis SET learned_models_ids: 14.0 ; set True
5:57:0 [QMD 65] All models on branch 6 have finished learning.
5:57:0 [RQ Learn 14.0] Learned. rq time: 3738.0766756534576
5:57:0[QML:Reduced 12; QMD 65] Updating learned info for model 12
5:57:0[QML:Reduced 12; QMD 65] Updated learned info for model 12
5:57:0[QML:Reduced 13; QMD 65] Updating learned info for model 13
5:57:0[QML:Reduced 13; QMD 65] Updated learned info for model 13
5:57:0[QML:Reduced 14; QMD 65] Updating learned info for model 14
5:57:0[QML:Reduced 14; QMD 65] Updated learned info for model 14
5:57:0 [QMD 65] remoteBayesFromBranchID 6 model id list: [12, 13, 14]
5:57:0 [QMD 65] Computing BF for pair 12,13
5:57:0 [QMD 65] Bayes factor calculation queued. Model IDs 12 13
5:57:0 [QMD 65] Computing BF for pair 12,14
5:57:0 [QMD 65] Bayes factor calculation queued. Model IDs 12 14
5:57:0 [QMD 65] Computing BF for pair 13,14
5:57:0 [QMD 65] Bayes factor calculation queued. Model IDs 13 14
5:57:12[QML:Bayes 13; QMD 65] Name: xTiPPxTxPPxTzPPyTiPPyTyPPzTiPPzTz
5:57:12[QML:Bayes 12; QMD 65] Name: xTiPPxTxPPxTyPPyTiPPyTyPPzTiPPzTz
5:57:12[QML:Bayes 12; QMD 65] Name: xTiPPxTxPPxTyPPyTiPPyTyPPzTiPPzTz
5:57:12[QML:Bayes 13; QMD 65] Time to reconstruct updater: 0.005164384841918945
5:57:12[QML:Bayes 13; QMD 65] Prior mean: [ 0.39587113  7.99863615  9.97662656  2.13292081  0.20726966 -0.24489741
  3.22739746]
5:57:12[QML:Bayes 12; QMD 65] Time to reconstruct updater: 0.005068540573120117
5:57:12[QML:Bayes 12; QMD 65] Time to reconstruct updater: 0.005362749099731445
5:57:12[QML:Bayes 12; QMD 65] Prior mean: [-0.04829833  9.06100318  9.4096765   2.08529645  2.82590722  4.72111905
  1.51038294]
5:57:12[QML:Bayes 12; QMD 65] Prior mean: [-0.04514175  9.05249974  9.42416643  2.09242656  2.83628059  4.72337436
  1.50793605]
5:57:13[QML:Bayes 14; QMD 65] Name: xTiPPxTxPPyTiPPyTyPPyTzPPzTiPPzTz
5:57:13[QML:Bayes 14; QMD 65] Time to reconstruct updater: 0.004451751708984375
5:57:13[QML:Bayes 14; QMD 65] Prior mean: [ 1.24389918  5.48394607  2.60349376  2.23280098  6.50509182  0.1834219
  0.95197244]
5:57:13 [RQ Bayes 13/14] Start. Branch 6
5:57:13[QML:Bayes 14; QMD 65] Name: xTiPPxTxPPyTiPPyTyPPyTzPPzTiPPzTz
5:57:13[QML:Bayes 13; QMD 65] Name: xTiPPxTxPPxTzPPyTiPPyTyPPzTiPPzTz
5:57:13[QML:Bayes 14; QMD 65] Time to reconstruct updater: 0.004622697830200195
5:57:13[QML:Bayes 14; QMD 65] Prior mean: [ 1.24221466  5.48720687  2.61087718  2.24206732  6.50216851  0.18650871
  0.94743766]
5:57:13[QML:Bayes 13; QMD 65] Time to reconstruct updater: 0.004411458969116211
5:57:13 [RQ Bayes 12/14] Start. Branch 6
5:57:13[QML:Bayes 13; QMD 65] Prior mean: [ 0.38249195  7.93165473  9.91154619  2.09091541  0.28138237 -0.19682818
  3.18858545]
5:57:13 [RQ Bayes 12/13] Start. Branch 6
8:2:0 [RQ Bayes 13/14] BF computed: A:13; B:14; BF:2.2690132246975805e+17 	Reset remormalisation record: False
8:2:0 [RQ Bayes 13/14] Finished. rq time:  7488.044427394867
8:2:15 [RQ Bayes 12/13] BF computed: A:12; B:13; BF:0.0 	Reset remormalisation record: False
8:2:15 [RQ Bayes 12/13] Finished. rq time:  7503.2778062820435
8:2:15 [RQ Bayes 12/14] BF computed: A:12; B:14; BF:31.03 	Reset remormalisation record: False
8:2:15 [RQ Bayes 12/14] Neither model much better.
8:2:15 [RQ Bayes 12/14] Finished. rq time:  7503.376158475876
8:2:15 [QMD 65] compareModelsWithinBranch 6 active_models_in_branch_old: [12.0, 13.0, 14.0] active_models_in_branch_new: [12, 13, 14]
8:2:15 [QMD 65] [compareModelsWithinBranch 6] Point to 13 (comparison 12/13)
8:2:15 [QMD 65] [compareModelsWithinBranch 6] Point to 12 (comparison 12/14)
8:2:15 [QMD 65] [compareModelsWithinBranch 6] Point to 13 (comparison 13/14)
8:2:15 [QMD 65] Model points for branch 6 {12: 1, 13: 2, 14: 0}
8:2:15 [QMD 65] Champion of branch  6  is  xTiPPxTxPPxTzPPyTiPPyTyPPzTiPPzTz (13)
8:2:15 [QMD 65] Spawning. Growth rule: two_qubit_ising_rotation_hyperfine_transverse. Depth: 7
8:2:15 [QMD 65] After model generation for growth rule two_qubit_ising_rotation_hyperfine_transverse SPAWN STAGE: [None] 
new models: ['xTiPPxTxPPxTzPPyTiPPyTyPPyTzPPzTiPPzTz', 'xTiPPxTxPPxTyPPxTzPPyTiPPyTyPPzTiPPzTz']
8:2:15 [QMD 65] Branch 7 growth rule two_qubit_ising_rotation_hyperfine_transverse has 2 new models ['xTiPPxTxPPxTyPPxTzPPyTiPPyTyPPzTiPPzTz', 'xTiPPxTxPPxTzPPyTiPPyTyPPyTzPPzTiPPzTz']
8:2:15 [DB] Model  xTiPPxTxPPxTyPPxTzPPyTiPPyTyPPzTiPPzTz  not previously considered -- adding. ID: 15
8:2:16 [QMD 65] Model  xTiPPxTxPPxTyPPxTzPPyTiPPyTyPPzTiPPzTz 
	computed already:  False 
	ID: 15
8:2:16 [DB] Model  xTiPPxTxPPxTzPPyTiPPyTyPPyTzPPzTiPPzTz  not previously considered -- adding. ID: 16
8:2:16 [QMD 65] Model  xTiPPxTxPPxTzPPyTiPPyTyPPyTzPPzTiPPzTz 
	computed already:  False 
	ID: 16
8:2:16 [QMD 65] Num models already computed on branch  7 = 0
8:2:16 [QMD 65] Models to add to new branch ( 7 ):  ['xTiPPxTxPPxTzPPyTiPPyTyPPyTzPPzTiPPzTz', 'xTiPPxTxPPxTyPPxTzPPyTiPPyTyPPzTiPPzTz']
8:2:16 [QMD 65] learnModelFromBranchID branch 7 : ['xTiPPxTxPPxTyPPxTzPPyTiPPyTyPPzTiPPzTz', 'xTiPPxTxPPxTzPPyTiPPyTyPPyTzPPzTiPPzTz']
8:2:16 [QMD 65] learnModelFromBranchID. Setting active branches on redis for branch 7 to 0
8:2:16 [QMD 65] branch 7 precomputed: []
8:2:16 [QMD 65] Branch  7 has unlearned models: ['xTiPPxTxPPxTyPPxTzPPyTiPPyTyPPzTiPPzTz', 'xTiPPxTxPPxTzPPyTiPPyTyPPyTzPPzTiPPzTz']
8:2:16 [QMD 65] Model  xTiPPxTxPPxTyPPxTzPPyTiPPyTyPPzTiPPzTz being passed to learnModel function
8:2:16 [QMD 65] Model xTiPPxTxPPxTyPPxTzPPyTiPPyTyPPzTiPPzTz added to queue.
8:2:16 [QMD 65] Model  xTiPPxTxPPxTzPPyTiPPyTyPPyTzPPzTiPPzTz being passed to learnModel function
8:2:16 [QMD 65] Model xTiPPxTxPPxTzPPyTiPPyTyPPyTzPPzTiPPzTz added to queue.
8:2:16 [QMD 65] learnModelFromBranchID finished, branch 7
8:2:29 [QML 16] QML for  xTiPPxTxPPxTzPPyTiPPyTyPPyTzPPzTiPPzTz
8:2:29 [QML 15] QML for  xTiPPxTxPPxTyPPxTzPPyTiPPyTyPPzTiPPzTz
8:2:29 [QML 16] Getting prior for model: xTiPPxTxPPxTzPPyTiPPyTyPPyTzPPzTiPPzTz Specific terms: {}
8:2:29 [QML 15] Getting prior for model: xTiPPxTxPPxTyPPxTzPPyTiPPyTyPPzTiPPzTz Specific terms: {}
8:2:32 [QML 16] Initialization Ready
8:2:32 [RQ Learn 16.0] Time to unpickle and initialise QML class: 3.567440986633301
8:2:32 [RQ Learn 16.0] Updating model.
8:2:32 [QML 16] Experiment 0
8:2:32 [QML 16] Initial time selected >  0.0280719863865
8:2:32 [QML 15] Initialization Ready
8:2:32 [RQ Learn 15.0] Time to unpickle and initialise QML class: 3.5888264179229736
8:2:32 [RQ Learn 15.0] Updating model.
8:2:32 [QML 15] Experiment 0
8:2:32 [QML 15] Initial time selected >  0.0537200236047
8:8:16 [QML 16] Experiment 75
8:8:16 [QML 15] Experiment 75
8:14:8 [QML 16] Experiment 150
8:14:11 [QML 15] Experiment 150
8:19:53 [QML 16] Experiment 225
8:19:59 [QML 15] Experiment 225
