12:47:46 RQ worker 'rq:worker:node34-004.38355' started, version 0.8.1
12:47:46 RQ worker 'rq:worker:node34-004.38358' started, version 0.8.1
12:47:46 RQ worker 'rq:worker:node34-004.38357' started, version 0.8.1
12:47:46 Cleaning registries for queue: 41
12:47:46 RQ worker 'rq:worker:node34-004.38359' started, version 0.8.1
12:47:46 RQ worker 'rq:worker:node34-004.38360' started, version 0.8.1
12:47:46 Cleaning registries for queue: 41
12:47:46 Cleaning registries for queue: 41
12:47:46 Cleaning registries for queue: 41
12:47:46 Cleaning registries for queue: 41
12:47:46 
12:47:46 
12:47:46 
12:47:46 *** Listening on 41...
12:47:46 
12:47:46 
12:47:46 *** Listening on 41...
12:47:46 *** Listening on 41...
12:47:46 *** Listening on 41...
12:47:46 *** Listening on 41...
12:47:46 RQ worker 'rq:worker:node34-004.38356' started, version 0.8.1
12:47:46 Cleaning registries for queue: 41
12:47:46 
12:47:46 *** Listening on 41...
12:47:58 41: RemoteModelLearning.learnModelRemote('zTi', 2.0, branchID=0, growth_generator='two_qubit_ising_rotation_hyperfine_transverse', host_name='node34-004', log_file='/panfs/panasas01/phys/bf16951/QMD/ParallelDevelopment/Results/Oct_01/12_39/logs/NV-exp-method-sim__random-phase--probe__QMLA_41.qmd.8794638.log', port_number=6341, qid=41, remote=True) (a1b7b0fd-5563-4143-a477-5be096500470)
12:47:58 41: RemoteModelLearning.learnModelRemote('yTi', 1.0, branchID=0, growth_generator='two_qubit_ising_rotation_hyperfine_transverse', host_name='node34-004', log_file='/panfs/panasas01/phys/bf16951/QMD/ParallelDevelopment/Results/Oct_01/12_39/logs/NV-exp-method-sim__random-phase--probe__QMLA_41.qmd.8794638.log', port_number=6341, qid=41, remote=True) (7817ae03-bc36-4f57-b08c-0ea4ae1f8641)
12:47:58 41: RemoteModelLearning.learnModelRemote('xTi', 0.0, branchID=0, growth_generator='two_qubit_ising_rotation_hyperfine_transverse', host_name='node34-004', log_file='/panfs/panasas01/phys/bf16951/QMD/ParallelDevelopment/Results/Oct_01/12_39/logs/NV-exp-method-sim__random-phase--probe__QMLA_41.qmd.8794638.log', port_number=6341, qid=41, remote=True) (5e364fe5-4e7f-4f7b-8caf-b22e8f3039d2)
13:14:50 41: Job OK (7817ae03-bc36-4f57-b08c-0ea4ae1f8641)
13:14:50 Result will never expire, clean up result key manually
13:14:50 
13:14:50 *** Listening on 41...
13:15:57 41: Job OK (5e364fe5-4e7f-4f7b-8caf-b22e8f3039d2)
13:15:57 Result will never expire, clean up result key manually
13:15:57 
13:15:57 *** Listening on 41...
13:29:52 41: Job OK (a1b7b0fd-5563-4143-a477-5be096500470)
13:29:52 Result will never expire, clean up result key manually
13:29:52 
13:29:52 *** Listening on 41...
13:29:53 41: RemoteBayesFactor.BayesFactorRemote(bayes_threshold=100, bf_data_folder='/panfs/panasas01/phys/bf16951/QMD/ParallelDevelopment/Results/Oct_01/12_39/BayesFactorsTimeRecords/', branchID=0, host_name='node34-004', interbranch=False, log_file='/panfs/panasas01/phys/bf16951/QMD/ParallelDevelopment/Results/Oct_01/12_39/logs/NV-exp-method-sim__random-phase--probe__QMLA_41.qmd.8794638.log', model_a_id=0, model_b_id=1, num_times_to_use=750, port_number=6341, qid=41, times_record='/panfs/panasas01/phys/bf16951/QMD/ParallelDevelopment/Results/Oct_01/12_39/BayesFactorsTimeRecords/BayesFactorsPairsTimes_041.txt', trueModel='xTiPPyTiPPzTiPPzTz') (3e10a299-d426-403a-a0b6-5b4c9d9d4ce0)
13:29:53 41: RemoteBayesFactor.BayesFactorRemote(bayes_threshold=100, bf_data_folder='/panfs/panasas01/phys/bf16951/QMD/ParallelDevelopment/Results/Oct_01/12_39/BayesFactorsTimeRecords/', branchID=0, host_name='node34-004', interbranch=False, log_file='/panfs/panasas01/phys/bf16951/QMD/ParallelDevelopment/Results/Oct_01/12_39/logs/NV-exp-method-sim__random-phase--probe__QMLA_41.qmd.8794638.log', model_a_id=0, model_b_id=2, num_times_to_use=750, port_number=6341, qid=41, times_record='/panfs/panasas01/phys/bf16951/QMD/ParallelDevelopment/Results/Oct_01/12_39/BayesFactorsTimeRecords/BayesFactorsPairsTimes_041.txt', trueModel='xTiPPyTiPPzTiPPzTz') (0c89066e-9363-4793-8425-a179488ea8a6)
13:29:53 41: RemoteBayesFactor.BayesFactorRemote(bayes_threshold=100, bf_data_folder='/panfs/panasas01/phys/bf16951/QMD/ParallelDevelopment/Results/Oct_01/12_39/BayesFactorsTimeRecords/', branchID=0, host_name='node34-004', interbranch=False, log_file='/panfs/panasas01/phys/bf16951/QMD/ParallelDevelopment/Results/Oct_01/12_39/logs/NV-exp-method-sim__random-phase--probe__QMLA_41.qmd.8794638.log', model_a_id=1, model_b_id=2, num_times_to_use=750, port_number=6341, qid=41, times_record='/panfs/panasas01/phys/bf16951/QMD/ParallelDevelopment/Results/Oct_01/12_39/BayesFactorsTimeRecords/BayesFactorsPairsTimes_041.txt', trueModel='xTiPPyTiPPzTiPPzTz') (694a6518-594f-4a8c-817d-a7d1ea11c6bb)
14:22:13 41: Job OK (3e10a299-d426-403a-a0b6-5b4c9d9d4ce0)
14:22:13 Result will never expire, clean up result key manually
14:22:13 Cleaning registries for queue: 41
14:22:13 
14:22:13 *** Listening on 41...
14:34:12 41: Job OK (694a6518-594f-4a8c-817d-a7d1ea11c6bb)
14:34:12 Result will never expire, clean up result key manually
14:34:12 Cleaning registries for queue: 41
14:34:12 
14:34:12 *** Listening on 41...
14:34:41 41: Job OK (0c89066e-9363-4793-8425-a179488ea8a6)
14:34:41 Result will never expire, clean up result key manually
14:34:41 Cleaning registries for queue: 41
14:34:41 
14:34:41 *** Listening on 41...
14:34:42 41: RemoteModelLearning.learnModelRemote('xTiPPyTi', 3.0, branchID=1, growth_generator='two_qubit_ising_rotation_hyperfine_transverse', host_name='node34-004', log_file='/panfs/panasas01/phys/bf16951/QMD/ParallelDevelopment/Results/Oct_01/12_39/logs/NV-exp-method-sim__random-phase--probe__QMLA_41.qmd.8794638.log', port_number=6341, qid=41, remote=True) (01d34752-6e05-4099-b435-82f594dd52be)
14:34:42 41: RemoteModelLearning.learnModelRemote('yTiPPzTi', 4.0, branchID=1, growth_generator='two_qubit_ising_rotation_hyperfine_transverse', host_name='node34-004', log_file='/panfs/panasas01/phys/bf16951/QMD/ParallelDevelopment/Results/Oct_01/12_39/logs/NV-exp-method-sim__random-phase--probe__QMLA_41.qmd.8794638.log', port_number=6341, qid=41, remote=True) (97474eff-ab81-4431-899c-9423afa36fbc)
15:00:51 41: Job OK (97474eff-ab81-4431-899c-9423afa36fbc)
15:00:51 Result will never expire, clean up result key manually
15:00:51 Cleaning registries for queue: 41
15:00:51 
15:00:51 *** Listening on 41...
15:01:06 41: Job OK (01d34752-6e05-4099-b435-82f594dd52be)
15:01:06 Result will never expire, clean up result key manually
15:01:06 Cleaning registries for queue: 41
15:01:06 
15:01:06 *** Listening on 41...
15:01:06 41: RemoteBayesFactor.BayesFactorRemote(bayes_threshold=100, bf_data_folder='/panfs/panasas01/phys/bf16951/QMD/ParallelDevelopment/Results/Oct_01/12_39/BayesFactorsTimeRecords/', branchID=1, host_name='node34-004', interbranch=False, log_file='/panfs/panasas01/phys/bf16951/QMD/ParallelDevelopment/Results/Oct_01/12_39/logs/NV-exp-method-sim__random-phase--probe__QMLA_41.qmd.8794638.log', model_a_id=3, model_b_id=4, num_times_to_use=750, port_number=6341, qid=41, times_record='/panfs/panasas01/phys/bf16951/QMD/ParallelDevelopment/Results/Oct_01/12_39/BayesFactorsTimeRecords/BayesFactorsPairsTimes_041.txt', trueModel='xTiPPyTiPPzTiPPzTz') (36765dc0-aeb5-4792-954d-a7a4a5442e97)
15:53:45 41: Job OK (36765dc0-aeb5-4792-954d-a7a4a5442e97)
15:53:45 Result will never expire, clean up result key manually
15:53:45 Cleaning registries for queue: 41
15:53:45 
15:53:45 *** Listening on 41...
15:53:45 41: RemoteModelLearning.learnModelRemote('xTiPPyTiPPzTi', 5.0, branchID=2, growth_generator='two_qubit_ising_rotation_hyperfine_transverse', host_name='node34-004', log_file='/panfs/panasas01/phys/bf16951/QMD/ParallelDevelopment/Results/Oct_01/12_39/logs/NV-exp-method-sim__random-phase--probe__QMLA_41.qmd.8794638.log', port_number=6341, qid=41, remote=True) (16b00eb6-c69d-4f86-a54e-48265b3a1e4c)
16:21:32 41: Job OK (16b00eb6-c69d-4f86-a54e-48265b3a1e4c)
16:21:32 Result will never expire, clean up result key manually
16:21:32 Cleaning registries for queue: 41
16:21:32 
16:21:32 *** Listening on 41...
16:21:32 41: RemoteModelLearning.learnModelRemote('xTiPPyTiPPyTyPPzTi', 6.0, branchID=3, growth_generator='two_qubit_ising_rotation_hyperfine_transverse', host_name='node34-004', log_file='/panfs/panasas01/phys/bf16951/QMD/ParallelDevelopment/Results/Oct_01/12_39/logs/NV-exp-method-sim__random-phase--probe__QMLA_41.qmd.8794638.log', port_number=6341, qid=41, remote=True) (cfef9621-b659-4ea1-ba69-d2b2cd2ff823)
16:21:32 41: RemoteModelLearning.learnModelRemote('xTiPPyTiPPzTiPPzTz', 8.0, branchID=3, growth_generator='two_qubit_ising_rotation_hyperfine_transverse', host_name='node34-004', log_file='/panfs/panasas01/phys/bf16951/QMD/ParallelDevelopment/Results/Oct_01/12_39/logs/NV-exp-method-sim__random-phase--probe__QMLA_41.qmd.8794638.log', port_number=6341, qid=41, remote=True) (3383fad6-547d-40ad-9f39-1133c83a462e)
16:21:32 41: RemoteModelLearning.learnModelRemote('xTiPPxTxPPyTiPPzTi', 7.0, branchID=3, growth_generator='two_qubit_ising_rotation_hyperfine_transverse', host_name='node34-004', log_file='/panfs/panasas01/phys/bf16951/QMD/ParallelDevelopment/Results/Oct_01/12_39/logs/NV-exp-method-sim__random-phase--probe__QMLA_41.qmd.8794638.log', port_number=6341, qid=41, remote=True) (32c3bb1e-e6a1-4f10-b07a-7ac1be50d5ae)
16:47:03 41: Job OK (cfef9621-b659-4ea1-ba69-d2b2cd2ff823)
16:47:03 Result will never expire, clean up result key manually
16:47:03 Cleaning registries for queue: 41
16:47:03 
16:47:03 *** Listening on 41...
16:47:08 41: Job OK (3383fad6-547d-40ad-9f39-1133c83a462e)
16:47:08 Result will never expire, clean up result key manually
16:47:08 
16:47:08 *** Listening on 41...
16:48:40 41: Job OK (32c3bb1e-e6a1-4f10-b07a-7ac1be50d5ae)
16:48:40 Result will never expire, clean up result key manually
16:48:40 Cleaning registries for queue: 41
16:48:40 
16:48:40 *** Listening on 41...
16:48:40 41: RemoteBayesFactor.BayesFactorRemote(bayes_threshold=100, bf_data_folder='/panfs/panasas01/phys/bf16951/QMD/ParallelDevelopment/Results/Oct_01/12_39/BayesFactorsTimeRecords/', branchID=3, host_name='node34-004', interbranch=False, log_file='/panfs/panasas01/phys/bf16951/QMD/ParallelDevelopment/Results/Oct_01/12_39/logs/NV-exp-method-sim__random-phase--probe__QMLA_41.qmd.8794638.log', model_a_id=6, model_b_id=8, num_times_to_use=750, port_number=6341, qid=41, times_record='/panfs/panasas01/phys/bf16951/QMD/ParallelDevelopment/Results/Oct_01/12_39/BayesFactorsTimeRecords/BayesFactorsPairsTimes_041.txt', trueModel='xTiPPyTiPPzTiPPzTz') (f81ad750-130a-416d-b405-82c69f3555b6)
16:48:40 41: RemoteBayesFactor.BayesFactorRemote(bayes_threshold=100, bf_data_folder='/panfs/panasas01/phys/bf16951/QMD/ParallelDevelopment/Results/Oct_01/12_39/BayesFactorsTimeRecords/', branchID=3, host_name='node34-004', interbranch=False, log_file='/panfs/panasas01/phys/bf16951/QMD/ParallelDevelopment/Results/Oct_01/12_39/logs/NV-exp-method-sim__random-phase--probe__QMLA_41.qmd.8794638.log', model_a_id=7, model_b_id=8, num_times_to_use=750, port_number=6341, qid=41, times_record='/panfs/panasas01/phys/bf16951/QMD/ParallelDevelopment/Results/Oct_01/12_39/BayesFactorsTimeRecords/BayesFactorsPairsTimes_041.txt', trueModel='xTiPPyTiPPzTiPPzTz') (9e248632-cf0a-4158-bab6-735b8ecd3da6)
16:48:40 41: RemoteBayesFactor.BayesFactorRemote(bayes_threshold=100, bf_data_folder='/panfs/panasas01/phys/bf16951/QMD/ParallelDevelopment/Results/Oct_01/12_39/BayesFactorsTimeRecords/', branchID=3, host_name='node34-004', interbranch=False, log_file='/panfs/panasas01/phys/bf16951/QMD/ParallelDevelopment/Results/Oct_01/12_39/logs/NV-exp-method-sim__random-phase--probe__QMLA_41.qmd.8794638.log', model_a_id=6, model_b_id=7, num_times_to_use=750, port_number=6341, qid=41, times_record='/panfs/panasas01/phys/bf16951/QMD/ParallelDevelopment/Results/Oct_01/12_39/BayesFactorsTimeRecords/BayesFactorsPairsTimes_041.txt', trueModel='xTiPPyTiPPzTiPPzTz') (d5a35959-f391-4bcb-a432-6b0c65f391bf)
17:39:49 41: Job OK (d5a35959-f391-4bcb-a432-6b0c65f391bf)
17:39:49 Result will never expire, clean up result key manually
17:39:49 Cleaning registries for queue: 41
17:39:49 
17:39:49 *** Listening on 41...
17:40:17 41: Job OK (f81ad750-130a-416d-b405-82c69f3555b6)
17:40:17 Result will never expire, clean up result key manually
17:40:17 Cleaning registries for queue: 41
17:40:17 
17:40:17 *** Listening on 41...
17:40:37 41: Job OK (9e248632-cf0a-4158-bab6-735b8ecd3da6)
17:40:37 Result will never expire, clean up result key manually
17:40:37 Cleaning registries for queue: 41
17:40:37 
17:40:37 *** Listening on 41...
17:40:37 41: RemoteModelLearning.learnModelRemote('xTiPPxTxPPyTiPPzTiPPzTz', 9.0, branchID=4, growth_generator='two_qubit_ising_rotation_hyperfine_transverse', host_name='node34-004', log_file='/panfs/panasas01/phys/bf16951/QMD/ParallelDevelopment/Results/Oct_01/12_39/logs/NV-exp-method-sim__random-phase--probe__QMLA_41.qmd.8794638.log', port_number=6341, qid=41, remote=True) (00c04316-cb51-46a6-a8e6-adb91da7547b)
17:40:37 41: RemoteModelLearning.learnModelRemote('xTiPPyTiPPyTyPPzTiPPzTz', 10.0, branchID=4, growth_generator='two_qubit_ising_rotation_hyperfine_transverse', host_name='node34-004', log_file='/panfs/panasas01/phys/bf16951/QMD/ParallelDevelopment/Results/Oct_01/12_39/logs/NV-exp-method-sim__random-phase--probe__QMLA_41.qmd.8794638.log', port_number=6341, qid=41, remote=True) (2c337712-d3f5-4bc3-a412-3b8b4fdaf0f4)
18:05:35 41: Job OK (00c04316-cb51-46a6-a8e6-adb91da7547b)
18:05:35 Result will never expire, clean up result key manually
18:05:35 Cleaning registries for queue: 41
18:05:35 
18:05:35 *** Listening on 41...
18:05:54 41: Job OK (2c337712-d3f5-4bc3-a412-3b8b4fdaf0f4)
18:05:54 Result will never expire, clean up result key manually
18:05:54 Cleaning registries for queue: 41
18:05:54 
18:05:54 *** Listening on 41...
18:05:54 41: RemoteBayesFactor.BayesFactorRemote(bayes_threshold=100, bf_data_folder='/panfs/panasas01/phys/bf16951/QMD/ParallelDevelopment/Results/Oct_01/12_39/BayesFactorsTimeRecords/', branchID=4, host_name='node34-004', interbranch=False, log_file='/panfs/panasas01/phys/bf16951/QMD/ParallelDevelopment/Results/Oct_01/12_39/logs/NV-exp-method-sim__random-phase--probe__QMLA_41.qmd.8794638.log', model_a_id=9, model_b_id=10, num_times_to_use=750, port_number=6341, qid=41, times_record='/panfs/panasas01/phys/bf16951/QMD/ParallelDevelopment/Results/Oct_01/12_39/BayesFactorsTimeRecords/BayesFactorsPairsTimes_041.txt', trueModel='xTiPPyTiPPzTiPPzTz') (a45f9422-0f00-4518-a1dd-c9a678719a63)
18:55:42 41: Job OK (a45f9422-0f00-4518-a1dd-c9a678719a63)
18:55:42 Result will never expire, clean up result key manually
18:55:42 Cleaning registries for queue: 41
18:55:42 
18:55:42 *** Listening on 41...
18:55:42 41: RemoteModelLearning.learnModelRemote('xTiPPxTxPPyTiPPyTyPPzTiPPzTz', 11.0, branchID=5, growth_generator='two_qubit_ising_rotation_hyperfine_transverse', host_name='node34-004', log_file='/panfs/panasas01/phys/bf16951/QMD/ParallelDevelopment/Results/Oct_01/12_39/logs/NV-exp-method-sim__random-phase--probe__QMLA_41.qmd.8794638.log', port_number=6341, qid=41, remote=True) (a0d80374-5a1f-489b-9a50-7030ff884fdc)
19:22:14 41: Job OK (a0d80374-5a1f-489b-9a50-7030ff884fdc)
19:22:14 Result will never expire, clean up result key manually
19:22:14 Cleaning registries for queue: 41
19:22:14 
19:22:14 *** Listening on 41...
19:22:14 41: RemoteModelLearning.learnModelRemote('xTiPPxTxPPxTzPPyTiPPyTyPPzTiPPzTz', 12.0, branchID=6, growth_generator='two_qubit_ising_rotation_hyperfine_transverse', host_name='node34-004', log_file='/panfs/panasas01/phys/bf16951/QMD/ParallelDevelopment/Results/Oct_01/12_39/logs/NV-exp-method-sim__random-phase--probe__QMLA_41.qmd.8794638.log', port_number=6341, qid=41, remote=True) (40a5bd50-9876-44d0-9c63-744eeaa5f71c)
19:22:14 41: RemoteModelLearning.learnModelRemote('xTiPPxTxPPyTiPPyTyPPyTzPPzTiPPzTz', 13.0, branchID=6, growth_generator='two_qubit_ising_rotation_hyperfine_transverse', host_name='node34-004', log_file='/panfs/panasas01/phys/bf16951/QMD/ParallelDevelopment/Results/Oct_01/12_39/logs/NV-exp-method-sim__random-phase--probe__QMLA_41.qmd.8794638.log', port_number=6341, qid=41, remote=True) (0703793e-2b06-4250-b189-28b69bbcc93a)
19:22:14 41: RemoteModelLearning.learnModelRemote('xTiPPxTxPPxTyPPyTiPPyTyPPzTiPPzTz', 14.0, branchID=6, growth_generator='two_qubit_ising_rotation_hyperfine_transverse', host_name='node34-004', log_file='/panfs/panasas01/phys/bf16951/QMD/ParallelDevelopment/Results/Oct_01/12_39/logs/NV-exp-method-sim__random-phase--probe__QMLA_41.qmd.8794638.log', port_number=6341, qid=41, remote=True) (57e225fc-3c71-4a7b-aba3-bed060c9d96a)
19:47:17 41: Job OK (57e225fc-3c71-4a7b-aba3-bed060c9d96a)
19:47:17 Result will never expire, clean up result key manually
19:47:17 Cleaning registries for queue: 41
19:47:17 
19:47:17 *** Listening on 41...
19:47:22 41: Job OK (0703793e-2b06-4250-b189-28b69bbcc93a)
19:47:22 Result will never expire, clean up result key manually
19:47:22 Cleaning registries for queue: 41
19:47:22 
19:47:22 *** Listening on 41...
19:47:36 41: Job OK (40a5bd50-9876-44d0-9c63-744eeaa5f71c)
19:47:36 Result will never expire, clean up result key manually
19:47:36 Cleaning registries for queue: 41
19:47:36 
19:47:36 *** Listening on 41...
19:47:36 41: RemoteBayesFactor.BayesFactorRemote(bayes_threshold=100, bf_data_folder='/panfs/panasas01/phys/bf16951/QMD/ParallelDevelopment/Results/Oct_01/12_39/BayesFactorsTimeRecords/', branchID=6, host_name='node34-004', interbranch=False, log_file='/panfs/panasas01/phys/bf16951/QMD/ParallelDevelopment/Results/Oct_01/12_39/logs/NV-exp-method-sim__random-phase--probe__QMLA_41.qmd.8794638.log', model_a_id=12, model_b_id=13, num_times_to_use=750, port_number=6341, qid=41, times_record='/panfs/panasas01/phys/bf16951/QMD/ParallelDevelopment/Results/Oct_01/12_39/BayesFactorsTimeRecords/BayesFactorsPairsTimes_041.txt', trueModel='xTiPPyTiPPzTiPPzTz') (fa2f7352-6782-4f23-897d-d3d5bf928b89)
19:47:36 41: RemoteBayesFactor.BayesFactorRemote(bayes_threshold=100, bf_data_folder='/panfs/panasas01/phys/bf16951/QMD/ParallelDevelopment/Results/Oct_01/12_39/BayesFactorsTimeRecords/', branchID=6, host_name='node34-004', interbranch=False, log_file='/panfs/panasas01/phys/bf16951/QMD/ParallelDevelopment/Results/Oct_01/12_39/logs/NV-exp-method-sim__random-phase--probe__QMLA_41.qmd.8794638.log', model_a_id=12, model_b_id=14, num_times_to_use=750, port_number=6341, qid=41, times_record='/panfs/panasas01/phys/bf16951/QMD/ParallelDevelopment/Results/Oct_01/12_39/BayesFactorsTimeRecords/BayesFactorsPairsTimes_041.txt', trueModel='xTiPPyTiPPzTiPPzTz') (5dd09331-31f0-43a9-9480-fd89553bf50e)
19:47:36 41: RemoteBayesFactor.BayesFactorRemote(bayes_threshold=100, bf_data_folder='/panfs/panasas01/phys/bf16951/QMD/ParallelDevelopment/Results/Oct_01/12_39/BayesFactorsTimeRecords/', branchID=6, host_name='node34-004', interbranch=False, log_file='/panfs/panasas01/phys/bf16951/QMD/ParallelDevelopment/Results/Oct_01/12_39/logs/NV-exp-method-sim__random-phase--probe__QMLA_41.qmd.8794638.log', model_a_id=13, model_b_id=14, num_times_to_use=750, port_number=6341, qid=41, times_record='/panfs/panasas01/phys/bf16951/QMD/ParallelDevelopment/Results/Oct_01/12_39/BayesFactorsTimeRecords/BayesFactorsPairsTimes_041.txt', trueModel='xTiPPyTiPPzTiPPzTz') (d6de0a64-140a-4e27-81fe-815a53e296b3)
20:36:36 41: Job OK (fa2f7352-6782-4f23-897d-d3d5bf928b89)
20:36:36 Result will never expire, clean up result key manually
20:36:36 Cleaning registries for queue: 41
20:36:36 
20:36:36 *** Listening on 41...
20:38:22 41: Job OK (5dd09331-31f0-43a9-9480-fd89553bf50e)
20:38:22 Result will never expire, clean up result key manually
20:38:22 Cleaning registries for queue: 41
20:38:22 
20:38:22 *** Listening on 41...
20:38:38 41: Job OK (d6de0a64-140a-4e27-81fe-815a53e296b3)
20:38:38 Result will never expire, clean up result key manually
20:38:38 Cleaning registries for queue: 41
20:38:38 
20:38:38 *** Listening on 41...
20:38:38 41: RemoteModelLearning.learnModelRemote('xTiPPxTxPPxTyPPyTiPPyTyPPyTzPPzTiPPzTz', 15.0, branchID=7, growth_generator='two_qubit_ising_rotation_hyperfine_transverse', host_name='node34-004', log_file='/panfs/panasas01/phys/bf16951/QMD/ParallelDevelopment/Results/Oct_01/12_39/logs/NV-exp-method-sim__random-phase--probe__QMLA_41.qmd.8794638.log', port_number=6341, qid=41, remote=True) (956e2bd8-2f03-4274-8cb8-048d6e1efc2a)
20:38:38 41: RemoteModelLearning.learnModelRemote('xTiPPxTxPPxTyPPxTzPPyTiPPyTyPPzTiPPzTz', 16.0, branchID=7, growth_generator='two_qubit_ising_rotation_hyperfine_transverse', host_name='node34-004', log_file='/panfs/panasas01/phys/bf16951/QMD/ParallelDevelopment/Results/Oct_01/12_39/logs/NV-exp-method-sim__random-phase--probe__QMLA_41.qmd.8794638.log', port_number=6341, qid=41, remote=True) (d41be436-4259-43da-b69c-019d8991b80a)
21:04:19 41: Job OK (956e2bd8-2f03-4274-8cb8-048d6e1efc2a)
21:04:19 Result will never expire, clean up result key manually
21:04:19 Cleaning registries for queue: 41
21:04:19 
21:04:19 *** Listening on 41...
21:04:33 41: Job OK (d41be436-4259-43da-b69c-019d8991b80a)
21:04:33 Result will never expire, clean up result key manually
21:04:33 Cleaning registries for queue: 41
21:04:33 
21:04:33 *** Listening on 41...
21:04:33 41: RemoteBayesFactor.BayesFactorRemote(bayes_threshold=100, bf_data_folder='/panfs/panasas01/phys/bf16951/QMD/ParallelDevelopment/Results/Oct_01/12_39/BayesFactorsTimeRecords/', branchID=7, host_name='node34-004', interbranch=False, log_file='/panfs/panasas01/phys/bf16951/QMD/ParallelDevelopment/Results/Oct_01/12_39/logs/NV-exp-method-sim__random-phase--probe__QMLA_41.qmd.8794638.log', model_a_id=15, model_b_id=16, num_times_to_use=750, port_number=6341, qid=41, times_record='/panfs/panasas01/phys/bf16951/QMD/ParallelDevelopment/Results/Oct_01/12_39/BayesFactorsTimeRecords/BayesFactorsPairsTimes_041.txt', trueModel='xTiPPyTiPPzTiPPzTz') (7116fb24-b377-4ec9-a92d-0857f408ec93)
21:51:37 41: Job OK (7116fb24-b377-4ec9-a92d-0857f408ec93)
21:51:37 Result will never expire, clean up result key manually
21:51:37 Cleaning registries for queue: 41
21:51:37 
21:51:37 *** Listening on 41...
21:51:37 41: RemoteModelLearning.learnModelRemote('xTiPPxTxPPxTyPPxTzPPyTiPPyTyPPyTzPPzTiPPzTz', 17.0, branchID=8, growth_generator='two_qubit_ising_rotation_hyperfine_transverse', host_name='node34-004', log_file='/panfs/panasas01/phys/bf16951/QMD/ParallelDevelopment/Results/Oct_01/12_39/logs/NV-exp-method-sim__random-phase--probe__QMLA_41.qmd.8794638.log', port_number=6341, qid=41, remote=True) (32656535-c409-4a13-bf98-e0077db60486)
22:16:30 41: Job OK (32656535-c409-4a13-bf98-e0077db60486)
22:16:30 Result will never expire, clean up result key manually
22:16:30 41: RemoteBayesFactor.BayesFactorRemote(bayes_threshold=100, bf_data_folder='/panfs/panasas01/phys/bf16951/QMD/ParallelDevelopment/Results/Oct_01/12_39/BayesFactorsTimeRecords/', branchID=None, host_name='node34-004', interbranch=True, log_file='/panfs/panasas01/phys/bf16951/QMD/ParallelDevelopment/Results/Oct_01/12_39/logs/NV-exp-method-sim__random-phase--probe__QMLA_41.qmd.8794638.log', model_a_id=5, model_b_id=8, num_times_to_use=750, port_number=6341, qid=41, times_record='/panfs/panasas01/phys/bf16951/QMD/ParallelDevelopment/Results/Oct_01/12_39/BayesFactorsTimeRecords/BayesFactorsPairsTimes_041.txt', trueModel='xTiPPyTiPPzTiPPzTz') (095106ac-80b0-467a-89c9-e8c1b23491a6)
22:16:30 41: RemoteBayesFactor.BayesFactorRemote(bayes_threshold=100, bf_data_folder='/panfs/panasas01/phys/bf16951/QMD/ParallelDevelopment/Results/Oct_01/12_39/BayesFactorsTimeRecords/', branchID=None, host_name='node34-004', interbranch=True, log_file='/panfs/panasas01/phys/bf16951/QMD/ParallelDevelopment/Results/Oct_01/12_39/logs/NV-exp-method-sim__random-phase--probe__QMLA_41.qmd.8794638.log', model_a_id=1, model_b_id=3, num_times_to_use=750, port_number=6341, qid=41, times_record='/panfs/panasas01/phys/bf16951/QMD/ParallelDevelopment/Results/Oct_01/12_39/BayesFactorsTimeRecords/BayesFactorsPairsTimes_041.txt', trueModel='xTiPPyTiPPzTiPPzTz') (13239f92-6c36-48cd-9f79-6603fca964b1)
22:16:30 41: RemoteBayesFactor.BayesFactorRemote(bayes_threshold=100, bf_data_folder='/panfs/panasas01/phys/bf16951/QMD/ParallelDevelopment/Results/Oct_01/12_39/BayesFactorsTimeRecords/', branchID=None, host_name='node34-004', interbranch=True, log_file='/panfs/panasas01/phys/bf16951/QMD/ParallelDevelopment/Results/Oct_01/12_39/logs/NV-exp-method-sim__random-phase--probe__QMLA_41.qmd.8794638.log', model_a_id=8, model_b_id=10, num_times_to_use=750, port_number=6341, qid=41, times_record='/panfs/panasas01/phys/bf16951/QMD/ParallelDevelopment/Results/Oct_01/12_39/BayesFactorsTimeRecords/BayesFactorsPairsTimes_041.txt', trueModel='xTiPPyTiPPzTiPPzTz') (2aee783e-a24a-4c03-9bf9-b316dbad1feb)
22:16:30 Cleaning registries for queue: 41
22:16:30 
22:16:30 *** Listening on 41...
22:16:30 41: RemoteBayesFactor.BayesFactorRemote(bayes_threshold=100, bf_data_folder='/panfs/panasas01/phys/bf16951/QMD/ParallelDevelopment/Results/Oct_01/12_39/BayesFactorsTimeRecords/', branchID=None, host_name='node34-004', interbranch=True, log_file='/panfs/panasas01/phys/bf16951/QMD/ParallelDevelopment/Results/Oct_01/12_39/logs/NV-exp-method-sim__random-phase--probe__QMLA_41.qmd.8794638.log', model_a_id=3, model_b_id=5, num_times_to_use=750, port_number=6341, qid=41, times_record='/panfs/panasas01/phys/bf16951/QMD/ParallelDevelopment/Results/Oct_01/12_39/BayesFactorsTimeRecords/BayesFactorsPairsTimes_041.txt', trueModel='xTiPPyTiPPzTiPPzTz') (a9cabe6a-de0e-4726-8623-0686d77babb6)
22:16:30 41: RemoteBayesFactor.BayesFactorRemote(bayes_threshold=100, bf_data_folder='/panfs/panasas01/phys/bf16951/QMD/ParallelDevelopment/Results/Oct_01/12_39/BayesFactorsTimeRecords/', branchID=None, host_name='node34-004', interbranch=True, log_file='/panfs/panasas01/phys/bf16951/QMD/ParallelDevelopment/Results/Oct_01/12_39/logs/NV-exp-method-sim__random-phase--probe__QMLA_41.qmd.8794638.log', model_a_id=11, model_b_id=14, num_times_to_use=750, port_number=6341, qid=41, times_record='/panfs/panasas01/phys/bf16951/QMD/ParallelDevelopment/Results/Oct_01/12_39/BayesFactorsTimeRecords/BayesFactorsPairsTimes_041.txt', trueModel='xTiPPyTiPPzTiPPzTz') (51fc789a-4270-4311-a36b-9a0722b2345e)
22:16:30 41: RemoteBayesFactor.BayesFactorRemote(bayes_threshold=100, bf_data_folder='/panfs/panasas01/phys/bf16951/QMD/ParallelDevelopment/Results/Oct_01/12_39/BayesFactorsTimeRecords/', branchID=None, host_name='node34-004', interbranch=True, log_file='/panfs/panasas01/phys/bf16951/QMD/ParallelDevelopment/Results/Oct_01/12_39/logs/NV-exp-method-sim__random-phase--probe__QMLA_41.qmd.8794638.log', model_a_id=10, model_b_id=11, num_times_to_use=750, port_number=6341, qid=41, times_record='/panfs/panasas01/phys/bf16951/QMD/ParallelDevelopment/Results/Oct_01/12_39/BayesFactorsTimeRecords/BayesFactorsPairsTimes_041.txt', trueModel='xTiPPyTiPPzTiPPzTz') (58cac38a-7926-45e0-add6-b412f5f1c915)
23:08:18 41: Job OK (51fc789a-4270-4311-a36b-9a0722b2345e)
23:08:18 Result will never expire, clean up result key manually
23:08:18 
23:08:18 *** Listening on 41...
23:08:18 41: RemoteBayesFactor.BayesFactorRemote(bayes_threshold=100, bf_data_folder='/panfs/panasas01/phys/bf16951/QMD/ParallelDevelopment/Results/Oct_01/12_39/BayesFactorsTimeRecords/', branchID=None, host_name='node34-004', interbranch=True, log_file='/panfs/panasas01/phys/bf16951/QMD/ParallelDevelopment/Results/Oct_01/12_39/logs/NV-exp-method-sim__random-phase--probe__QMLA_41.qmd.8794638.log', model_a_id=14, model_b_id=16, num_times_to_use=750, port_number=6341, qid=41, times_record='/panfs/panasas01/phys/bf16951/QMD/ParallelDevelopment/Results/Oct_01/12_39/BayesFactorsTimeRecords/BayesFactorsPairsTimes_041.txt', trueModel='xTiPPyTiPPzTiPPzTz') (32737499-638e-4fb4-8f3a-bf86adec9325)
23:09:10 41: Job OK (2aee783e-a24a-4c03-9bf9-b316dbad1feb)
23:09:10 Result will never expire, clean up result key manually
23:09:10 Cleaning registries for queue: 41
23:09:10 
23:09:10 *** Listening on 41...
23:09:10 41: RemoteBayesFactor.BayesFactorRemote(bayes_threshold=100, bf_data_folder='/panfs/panasas01/phys/bf16951/QMD/ParallelDevelopment/Results/Oct_01/12_39/BayesFactorsTimeRecords/', branchID=None, host_name='node34-004', interbranch=True, log_file='/panfs/panasas01/phys/bf16951/QMD/ParallelDevelopment/Results/Oct_01/12_39/logs/NV-exp-method-sim__random-phase--probe__QMLA_41.qmd.8794638.log', model_a_id=16, model_b_id=17, num_times_to_use=750, port_number=6341, qid=41, times_record='/panfs/panasas01/phys/bf16951/QMD/ParallelDevelopment/Results/Oct_01/12_39/BayesFactorsTimeRecords/BayesFactorsPairsTimes_041.txt', trueModel='xTiPPyTiPPzTiPPzTz') (e06696dc-83a3-43e1-aaca-16dbe1a4a229)
23:09:30 41: Job OK (58cac38a-7926-45e0-add6-b412f5f1c915)
23:09:30 Result will never expire, clean up result key manually
23:09:30 Cleaning registries for queue: 41
23:09:30 
23:09:30 *** Listening on 41...
23:09:53 41: Job OK (095106ac-80b0-467a-89c9-e8c1b23491a6)
23:09:53 Result will never expire, clean up result key manually
23:09:53 Cleaning registries for queue: 41
23:09:53 
23:09:53 *** Listening on 41...
23:10:23 41: Job OK (a9cabe6a-de0e-4726-8623-0686d77babb6)
23:10:23 Result will never expire, clean up result key manually
23:10:24 Cleaning registries for queue: 41
23:10:24 
23:10:24 *** Listening on 41...
23:10:27 41: Job OK (13239f92-6c36-48cd-9f79-6603fca964b1)
23:10:27 Result will never expire, clean up result key manually
23:10:27 Cleaning registries for queue: 41
23:10:27 
23:10:27 *** Listening on 41...
23:57:11 41: Job OK (32737499-638e-4fb4-8f3a-bf86adec9325)
23:57:11 Result will never expire, clean up result key manually
23:57:12 Cleaning registries for queue: 41
23:57:12 
23:57:12 *** Listening on 41...
23:58:30 41: Job OK (e06696dc-83a3-43e1-aaca-16dbe1a4a229)
23:58:30 Result will never expire, clean up result key manually
23:58:30 
23:58:30 *** Listening on 41...
23:58:30 41: RemoteBayesFactor.BayesFactorRemote(bayes_threshold=100, bf_data_folder='/panfs/panasas01/phys/bf16951/QMD/ParallelDevelopment/Results/Oct_01/12_39/BayesFactorsTimeRecords/', branchID=9, host_name='node34-004', interbranch=False, log_file='/panfs/panasas01/phys/bf16951/QMD/ParallelDevelopment/Results/Oct_01/12_39/logs/NV-exp-method-sim__random-phase--probe__QMLA_41.qmd.8794638.log', model_a_id=14.0, model_b_id=3.0, num_times_to_use=750, port_number=6341, qid=41, times_record='/panfs/panasas01/phys/bf16951/QMD/ParallelDevelopment/Results/Oct_01/12_39/BayesFactorsTimeRecords/BayesFactorsPairsTimes_041.txt', trueModel='xTiPPyTiPPzTiPPzTz') (a9e696c0-50b4-4e22-ba6e-9bcbba5b340d)
23:58:30 41: RemoteBayesFactor.BayesFactorRemote(bayes_threshold=100, bf_data_folder='/panfs/panasas01/phys/bf16951/QMD/ParallelDevelopment/Results/Oct_01/12_39/BayesFactorsTimeRecords/', branchID=9, host_name='node34-004', interbranch=False, log_file='/panfs/panasas01/phys/bf16951/QMD/ParallelDevelopment/Results/Oct_01/12_39/logs/NV-exp-method-sim__random-phase--probe__QMLA_41.qmd.8794638.log', model_a_id=14.0, model_b_id=8.0, num_times_to_use=750, port_number=6341, qid=41, times_record='/panfs/panasas01/phys/bf16951/QMD/ParallelDevelopment/Results/Oct_01/12_39/BayesFactorsTimeRecords/BayesFactorsPairsTimes_041.txt', trueModel='xTiPPyTiPPzTiPPzTz') (2984a561-7c94-4b1f-8493-a6773a8495f7)
23:58:30 41: RemoteBayesFactor.BayesFactorRemote(bayes_threshold=100, bf_data_folder='/panfs/panasas01/phys/bf16951/QMD/ParallelDevelopment/Results/Oct_01/12_39/BayesFactorsTimeRecords/', branchID=9, host_name='node34-004', interbranch=False, log_file='/panfs/panasas01/phys/bf16951/QMD/ParallelDevelopment/Results/Oct_01/12_39/logs/NV-exp-method-sim__random-phase--probe__QMLA_41.qmd.8794638.log', model_a_id=3.0, model_b_id=16.0, num_times_to_use=750, port_number=6341, qid=41, times_record='/panfs/panasas01/phys/bf16951/QMD/ParallelDevelopment/Results/Oct_01/12_39/BayesFactorsTimeRecords/BayesFactorsPairsTimes_041.txt', trueModel='xTiPPyTiPPzTiPPzTz') (8604f0f7-898e-471a-ac46-ce6d50ecd369)
23:58:30 41: RemoteBayesFactor.BayesFactorRemote(bayes_threshold=100, bf_data_folder='/panfs/panasas01/phys/bf16951/QMD/ParallelDevelopment/Results/Oct_01/12_39/BayesFactorsTimeRecords/', branchID=9, host_name='node34-004', interbranch=False, log_file='/panfs/panasas01/phys/bf16951/QMD/ParallelDevelopment/Results/Oct_01/12_39/logs/NV-exp-method-sim__random-phase--probe__QMLA_41.qmd.8794638.log', model_a_id=16.0, model_b_id=8.0, num_times_to_use=750, port_number=6341, qid=41, times_record='/panfs/panasas01/phys/bf16951/QMD/ParallelDevelopment/Results/Oct_01/12_39/BayesFactorsTimeRecords/BayesFactorsPairsTimes_041.txt', trueModel='xTiPPyTiPPzTiPPzTz') (ccd70d10-1dd6-4d1e-a008-1fe6fe71e9db)
23:58:30 41: RemoteBayesFactor.BayesFactorRemote(bayes_threshold=100, bf_data_folder='/panfs/panasas01/phys/bf16951/QMD/ParallelDevelopment/Results/Oct_01/12_39/BayesFactorsTimeRecords/', branchID=9, host_name='node34-004', interbranch=False, log_file='/panfs/panasas01/phys/bf16951/QMD/ParallelDevelopment/Results/Oct_01/12_39/logs/NV-exp-method-sim__random-phase--probe__QMLA_41.qmd.8794638.log', model_a_id=3.0, model_b_id=8.0, num_times_to_use=750, port_number=6341, qid=41, times_record='/panfs/panasas01/phys/bf16951/QMD/ParallelDevelopment/Results/Oct_01/12_39/BayesFactorsTimeRecords/BayesFactorsPairsTimes_041.txt', trueModel='xTiPPyTiPPzTiPPzTz') (97c4e2dd-89ad-49ad-ae10-71a6f88e94bd)
00:51:11 41: Job OK (a9e696c0-50b4-4e22-ba6e-9bcbba5b340d)
00:51:11 Result will never expire, clean up result key manually
00:51:11 
00:51:11 *** Listening on 41...
00:51:21 41: Job OK (ccd70d10-1dd6-4d1e-a008-1fe6fe71e9db)
00:51:21 Result will never expire, clean up result key manually
00:51:21 Cleaning registries for queue: 41
00:51:21 
00:51:21 *** Listening on 41...
00:51:25 41: Job OK (2984a561-7c94-4b1f-8493-a6773a8495f7)
00:51:25 Result will never expire, clean up result key manually
00:51:25 Cleaning registries for queue: 41
00:51:25 
00:51:25 *** Listening on 41...
00:51:35 41: Job OK (8604f0f7-898e-471a-ac46-ce6d50ecd369)
00:51:35 Result will never expire, clean up result key manually
00:51:35 Cleaning registries for queue: 41
00:51:35 
00:51:35 *** Listening on 41...
00:51:57 41: Job OK (97c4e2dd-89ad-49ad-ae10-71a6f88e94bd)
00:51:57 Result will never expire, clean up result key manually
00:51:57 Cleaning registries for queue: 41
00:51:57 
00:51:57 *** Listening on 41...
Error 111 connecting to node34-004:6341. Connection refused.
Error 111 connecting to node34-004:6341. Connection refused.
Error 111 connecting to node34-004:6341. Connection refused.
Error 111 connecting to node34-004:6341. Connection refused.
Error 111 connecting to node34-004:6341. Connection refused.
Error 111 connecting to node34-004:6341. Connection refused.
