12:43:49 RQ worker 'rq:worker:node44-022.32143' started, version 0.8.1
12:43:49 RQ worker 'rq:worker:node44-022.32144' started, version 0.8.1
12:43:49 RQ worker 'rq:worker:node44-022.32145' started, version 0.8.1
12:43:49 RQ worker 'rq:worker:node44-022.32146' started, version 0.8.1
12:43:49 RQ worker 'rq:worker:node44-022.32147' started, version 0.8.1
12:43:49 RQ worker 'rq:worker:node44-022.32148' started, version 0.8.1
12:43:49 Cleaning registries for queue: 21
12:43:49 Cleaning registries for queue: 21
12:43:49 Cleaning registries for queue: 21
12:43:49 Cleaning registries for queue: 21
12:43:49 Cleaning registries for queue: 21
12:43:49 Cleaning registries for queue: 21
12:43:49 
12:43:49 
12:43:49 
12:43:49 
12:43:49 
12:43:49 *** Listening on 21...
12:43:49 
12:43:49 *** Listening on 21...
12:43:49 *** Listening on 21...
12:43:49 *** Listening on 21...
12:43:49 *** Listening on 21...
12:43:49 *** Listening on 21...
12:44:01 21: RemoteModelLearning.learnModelRemote('zTi', 2.0, branchID=0, growth_generator='two_qubit_ising_rotation_hyperfine_transverse', host_name='node44-022', log_file='/panfs/panasas01/phys/bf16951/QMD/ParallelDevelopment/Results/Oct_01/12_39/logs/NV-exp-method-sim__random-phase--probe__QMLA_21.qmd.8794618.log', port_number=6321, qid=21, remote=True) (7b760d1b-5ff0-41ad-9e75-6115faf10716)
12:44:01 21: RemoteModelLearning.learnModelRemote('xTi', 0.0, branchID=0, growth_generator='two_qubit_ising_rotation_hyperfine_transverse', host_name='node44-022', log_file='/panfs/panasas01/phys/bf16951/QMD/ParallelDevelopment/Results/Oct_01/12_39/logs/NV-exp-method-sim__random-phase--probe__QMLA_21.qmd.8794618.log', port_number=6321, qid=21, remote=True) (9574a245-6211-4386-8639-65243c4b68c3)
12:44:01 21: RemoteModelLearning.learnModelRemote('yTi', 1.0, branchID=0, growth_generator='two_qubit_ising_rotation_hyperfine_transverse', host_name='node44-022', log_file='/panfs/panasas01/phys/bf16951/QMD/ParallelDevelopment/Results/Oct_01/12_39/logs/NV-exp-method-sim__random-phase--probe__QMLA_21.qmd.8794618.log', port_number=6321, qid=21, remote=True) (9ca075b1-84c6-4665-87de-19052afd4d73)
13:09:34 21: Job OK (9574a245-6211-4386-8639-65243c4b68c3)
13:09:34 Result will never expire, clean up result key manually
13:09:34 
13:09:34 *** Listening on 21...
13:12:26 21: Job OK (9ca075b1-84c6-4665-87de-19052afd4d73)
13:12:26 Result will never expire, clean up result key manually
13:12:26 
13:12:26 *** Listening on 21...
13:21:35 21: Job OK (7b760d1b-5ff0-41ad-9e75-6115faf10716)
13:21:35 Result will never expire, clean up result key manually
13:21:35 
13:21:35 *** Listening on 21...
13:21:35 21: RemoteBayesFactor.BayesFactorRemote(bayes_threshold=100, bf_data_folder='/panfs/panasas01/phys/bf16951/QMD/ParallelDevelopment/Results/Oct_01/12_39/BayesFactorsTimeRecords/', branchID=0, host_name='node44-022', interbranch=False, log_file='/panfs/panasas01/phys/bf16951/QMD/ParallelDevelopment/Results/Oct_01/12_39/logs/NV-exp-method-sim__random-phase--probe__QMLA_21.qmd.8794618.log', model_a_id=0, model_b_id=1, num_times_to_use=750, port_number=6321, qid=21, times_record='/panfs/panasas01/phys/bf16951/QMD/ParallelDevelopment/Results/Oct_01/12_39/BayesFactorsTimeRecords/BayesFactorsPairsTimes_021.txt', trueModel='xTiPPyTiPPzTiPPzTz') (a118f7cb-56a1-4f10-a5fe-581a0928d22d)
13:21:35 21: RemoteBayesFactor.BayesFactorRemote(bayes_threshold=100, bf_data_folder='/panfs/panasas01/phys/bf16951/QMD/ParallelDevelopment/Results/Oct_01/12_39/BayesFactorsTimeRecords/', branchID=0, host_name='node44-022', interbranch=False, log_file='/panfs/panasas01/phys/bf16951/QMD/ParallelDevelopment/Results/Oct_01/12_39/logs/NV-exp-method-sim__random-phase--probe__QMLA_21.qmd.8794618.log', model_a_id=1, model_b_id=2, num_times_to_use=750, port_number=6321, qid=21, times_record='/panfs/panasas01/phys/bf16951/QMD/ParallelDevelopment/Results/Oct_01/12_39/BayesFactorsTimeRecords/BayesFactorsPairsTimes_021.txt', trueModel='xTiPPyTiPPzTiPPzTz') (3e9e07ea-78a1-4e09-a4eb-8918e4fd3324)
13:21:35 21: RemoteBayesFactor.BayesFactorRemote(bayes_threshold=100, bf_data_folder='/panfs/panasas01/phys/bf16951/QMD/ParallelDevelopment/Results/Oct_01/12_39/BayesFactorsTimeRecords/', branchID=0, host_name='node44-022', interbranch=False, log_file='/panfs/panasas01/phys/bf16951/QMD/ParallelDevelopment/Results/Oct_01/12_39/logs/NV-exp-method-sim__random-phase--probe__QMLA_21.qmd.8794618.log', model_a_id=0, model_b_id=2, num_times_to_use=750, port_number=6321, qid=21, times_record='/panfs/panasas01/phys/bf16951/QMD/ParallelDevelopment/Results/Oct_01/12_39/BayesFactorsTimeRecords/BayesFactorsPairsTimes_021.txt', trueModel='xTiPPyTiPPzTiPPzTz') (31eb6229-f289-4019-8d47-ea7054acb47e)
14:13:56 21: Job OK (a118f7cb-56a1-4f10-a5fe-581a0928d22d)
14:13:56 Result will never expire, clean up result key manually
14:13:56 Cleaning registries for queue: 21
14:13:56 
14:13:56 *** Listening on 21...
14:22:16 21: Job OK (31eb6229-f289-4019-8d47-ea7054acb47e)
14:22:16 Result will never expire, clean up result key manually
14:22:16 Cleaning registries for queue: 21
14:22:16 
14:22:16 *** Listening on 21...
14:29:59 21: Job OK (3e9e07ea-78a1-4e09-a4eb-8918e4fd3324)
14:29:59 Result will never expire, clean up result key manually
14:29:59 Cleaning registries for queue: 21
14:29:59 
14:29:59 *** Listening on 21...
14:29:59 21: RemoteModelLearning.learnModelRemote('yTiPPzTi', 4.0, branchID=1, growth_generator='two_qubit_ising_rotation_hyperfine_transverse', host_name='node44-022', log_file='/panfs/panasas01/phys/bf16951/QMD/ParallelDevelopment/Results/Oct_01/12_39/logs/NV-exp-method-sim__random-phase--probe__QMLA_21.qmd.8794618.log', port_number=6321, qid=21, remote=True) (1a5addd5-2001-4874-bda1-82a9939ab006)
14:29:59 21: RemoteModelLearning.learnModelRemote('xTiPPzTi', 3.0, branchID=1, growth_generator='two_qubit_ising_rotation_hyperfine_transverse', host_name='node44-022', log_file='/panfs/panasas01/phys/bf16951/QMD/ParallelDevelopment/Results/Oct_01/12_39/logs/NV-exp-method-sim__random-phase--probe__QMLA_21.qmd.8794618.log', port_number=6321, qid=21, remote=True) (9676ae70-093d-4050-a176-201d1f6fe5e8)
14:55:42 21: Job OK (9676ae70-093d-4050-a176-201d1f6fe5e8)
14:55:42 Result will never expire, clean up result key manually
14:55:42 Cleaning registries for queue: 21
14:55:42 
14:55:42 *** Listening on 21...
14:56:17 21: Job OK (1a5addd5-2001-4874-bda1-82a9939ab006)
14:56:17 Result will never expire, clean up result key manually
14:56:17 
14:56:17 *** Listening on 21...
14:56:17 21: RemoteBayesFactor.BayesFactorRemote(bayes_threshold=100, bf_data_folder='/panfs/panasas01/phys/bf16951/QMD/ParallelDevelopment/Results/Oct_01/12_39/BayesFactorsTimeRecords/', branchID=1, host_name='node44-022', interbranch=False, log_file='/panfs/panasas01/phys/bf16951/QMD/ParallelDevelopment/Results/Oct_01/12_39/logs/NV-exp-method-sim__random-phase--probe__QMLA_21.qmd.8794618.log', model_a_id=3, model_b_id=4, num_times_to_use=750, port_number=6321, qid=21, times_record='/panfs/panasas01/phys/bf16951/QMD/ParallelDevelopment/Results/Oct_01/12_39/BayesFactorsTimeRecords/BayesFactorsPairsTimes_021.txt', trueModel='xTiPPyTiPPzTiPPzTz') (501a24ac-859d-45fa-bfe0-d83f0f1799b7)
15:48:51 21: Job OK (501a24ac-859d-45fa-bfe0-d83f0f1799b7)
15:48:51 Result will never expire, clean up result key manually
15:48:51 Cleaning registries for queue: 21
15:48:51 
15:48:51 *** Listening on 21...
15:48:51 21: RemoteModelLearning.learnModelRemote('xTiPPyTiPPzTi', 5.0, branchID=2, growth_generator='two_qubit_ising_rotation_hyperfine_transverse', host_name='node44-022', log_file='/panfs/panasas01/phys/bf16951/QMD/ParallelDevelopment/Results/Oct_01/12_39/logs/NV-exp-method-sim__random-phase--probe__QMLA_21.qmd.8794618.log', port_number=6321, qid=21, remote=True) (4a713f82-ab54-43b4-aedf-e5842fa39467)
16:15:30 21: Job OK (4a713f82-ab54-43b4-aedf-e5842fa39467)
16:15:30 Result will never expire, clean up result key manually
16:15:30 Cleaning registries for queue: 21
16:15:30 
16:15:30 *** Listening on 21...
16:15:31 21: RemoteModelLearning.learnModelRemote('xTiPPxTxPPyTiPPzTi', 6.0, branchID=3, growth_generator='two_qubit_ising_rotation_hyperfine_transverse', host_name='node44-022', log_file='/panfs/panasas01/phys/bf16951/QMD/ParallelDevelopment/Results/Oct_01/12_39/logs/NV-exp-method-sim__random-phase--probe__QMLA_21.qmd.8794618.log', port_number=6321, qid=21, remote=True) (2303c0e9-e346-4fc6-bf0d-7ff3cfabc1c8)
16:15:31 21: RemoteModelLearning.learnModelRemote('xTiPPyTiPPzTiPPzTz', 7.0, branchID=3, growth_generator='two_qubit_ising_rotation_hyperfine_transverse', host_name='node44-022', log_file='/panfs/panasas01/phys/bf16951/QMD/ParallelDevelopment/Results/Oct_01/12_39/logs/NV-exp-method-sim__random-phase--probe__QMLA_21.qmd.8794618.log', port_number=6321, qid=21, remote=True) (a36f965a-7a78-4f2f-9442-58b5766cd24b)
16:15:31 21: RemoteModelLearning.learnModelRemote('xTiPPyTiPPyTyPPzTi', 8.0, branchID=3, growth_generator='two_qubit_ising_rotation_hyperfine_transverse', host_name='node44-022', log_file='/panfs/panasas01/phys/bf16951/QMD/ParallelDevelopment/Results/Oct_01/12_39/logs/NV-exp-method-sim__random-phase--probe__QMLA_21.qmd.8794618.log', port_number=6321, qid=21, remote=True) (13e1cb65-8414-4360-9e55-4b2876123abf)
16:41:55 21: Job OK (2303c0e9-e346-4fc6-bf0d-7ff3cfabc1c8)
16:41:55 Result will never expire, clean up result key manually
16:41:55 Cleaning registries for queue: 21
16:41:55 
16:41:55 *** Listening on 21...
16:41:57 21: Job OK (13e1cb65-8414-4360-9e55-4b2876123abf)
16:41:57 Result will never expire, clean up result key manually
16:41:57 Cleaning registries for queue: 21
16:41:57 
16:41:57 *** Listening on 21...
16:42:28 21: Job OK (a36f965a-7a78-4f2f-9442-58b5766cd24b)
16:42:28 Result will never expire, clean up result key manually
16:42:29 Cleaning registries for queue: 21
16:42:29 
16:42:29 *** Listening on 21...
16:42:29 21: RemoteBayesFactor.BayesFactorRemote(bayes_threshold=100, bf_data_folder='/panfs/panasas01/phys/bf16951/QMD/ParallelDevelopment/Results/Oct_01/12_39/BayesFactorsTimeRecords/', branchID=3, host_name='node44-022', interbranch=False, log_file='/panfs/panasas01/phys/bf16951/QMD/ParallelDevelopment/Results/Oct_01/12_39/logs/NV-exp-method-sim__random-phase--probe__QMLA_21.qmd.8794618.log', model_a_id=6, model_b_id=7, num_times_to_use=750, port_number=6321, qid=21, times_record='/panfs/panasas01/phys/bf16951/QMD/ParallelDevelopment/Results/Oct_01/12_39/BayesFactorsTimeRecords/BayesFactorsPairsTimes_021.txt', trueModel='xTiPPyTiPPzTiPPzTz') (e1b0f4fb-f345-4586-9f39-6e177b2e9d4d)
16:42:29 21: RemoteBayesFactor.BayesFactorRemote(bayes_threshold=100, bf_data_folder='/panfs/panasas01/phys/bf16951/QMD/ParallelDevelopment/Results/Oct_01/12_39/BayesFactorsTimeRecords/', branchID=3, host_name='node44-022', interbranch=False, log_file='/panfs/panasas01/phys/bf16951/QMD/ParallelDevelopment/Results/Oct_01/12_39/logs/NV-exp-method-sim__random-phase--probe__QMLA_21.qmd.8794618.log', model_a_id=7, model_b_id=8, num_times_to_use=750, port_number=6321, qid=21, times_record='/panfs/panasas01/phys/bf16951/QMD/ParallelDevelopment/Results/Oct_01/12_39/BayesFactorsTimeRecords/BayesFactorsPairsTimes_021.txt', trueModel='xTiPPyTiPPzTiPPzTz') (dfc972d7-b8f7-4a83-b045-2220e177b2c1)
16:42:29 21: RemoteBayesFactor.BayesFactorRemote(bayes_threshold=100, bf_data_folder='/panfs/panasas01/phys/bf16951/QMD/ParallelDevelopment/Results/Oct_01/12_39/BayesFactorsTimeRecords/', branchID=3, host_name='node44-022', interbranch=False, log_file='/panfs/panasas01/phys/bf16951/QMD/ParallelDevelopment/Results/Oct_01/12_39/logs/NV-exp-method-sim__random-phase--probe__QMLA_21.qmd.8794618.log', model_a_id=6, model_b_id=8, num_times_to_use=750, port_number=6321, qid=21, times_record='/panfs/panasas01/phys/bf16951/QMD/ParallelDevelopment/Results/Oct_01/12_39/BayesFactorsTimeRecords/BayesFactorsPairsTimes_021.txt', trueModel='xTiPPyTiPPzTiPPzTz') (794b9c76-3706-47cb-afb3-cb14cac8b187)
17:34:40 21: Job OK (794b9c76-3706-47cb-afb3-cb14cac8b187)
17:34:40 Result will never expire, clean up result key manually
17:34:40 Cleaning registries for queue: 21
17:34:40 
17:34:40 *** Listening on 21...
17:35:36 21: Job OK (e1b0f4fb-f345-4586-9f39-6e177b2e9d4d)
17:35:36 Result will never expire, clean up result key manually
17:35:36 Cleaning registries for queue: 21
17:35:36 
17:35:36 *** Listening on 21...
17:36:09 21: Job OK (dfc972d7-b8f7-4a83-b045-2220e177b2c1)
17:36:09 Result will never expire, clean up result key manually
17:36:09 Cleaning registries for queue: 21
17:36:09 
17:36:09 *** Listening on 21...
17:36:09 21: RemoteModelLearning.learnModelRemote('xTiPPyTiPPyTyPPzTiPPzTz', 9.0, branchID=4, growth_generator='two_qubit_ising_rotation_hyperfine_transverse', host_name='node44-022', log_file='/panfs/panasas01/phys/bf16951/QMD/ParallelDevelopment/Results/Oct_01/12_39/logs/NV-exp-method-sim__random-phase--probe__QMLA_21.qmd.8794618.log', port_number=6321, qid=21, remote=True) (310c5a3c-1c37-4e60-9217-c53c72551740)
17:36:09 21: RemoteModelLearning.learnModelRemote('xTiPPxTxPPyTiPPzTiPPzTz', 10.0, branchID=4, growth_generator='two_qubit_ising_rotation_hyperfine_transverse', host_name='node44-022', log_file='/panfs/panasas01/phys/bf16951/QMD/ParallelDevelopment/Results/Oct_01/12_39/logs/NV-exp-method-sim__random-phase--probe__QMLA_21.qmd.8794618.log', port_number=6321, qid=21, remote=True) (421ea759-d057-4298-bf4f-66a69c71efc2)
18:01:49 21: Job OK (421ea759-d057-4298-bf4f-66a69c71efc2)
18:01:49 Result will never expire, clean up result key manually
18:01:49 
18:01:49 *** Listening on 21...
18:02:34 21: Job OK (310c5a3c-1c37-4e60-9217-c53c72551740)
18:02:34 Result will never expire, clean up result key manually
18:02:34 Cleaning registries for queue: 21
18:02:34 
18:02:34 *** Listening on 21...
18:02:34 21: RemoteBayesFactor.BayesFactorRemote(bayes_threshold=100, bf_data_folder='/panfs/panasas01/phys/bf16951/QMD/ParallelDevelopment/Results/Oct_01/12_39/BayesFactorsTimeRecords/', branchID=4, host_name='node44-022', interbranch=False, log_file='/panfs/panasas01/phys/bf16951/QMD/ParallelDevelopment/Results/Oct_01/12_39/logs/NV-exp-method-sim__random-phase--probe__QMLA_21.qmd.8794618.log', model_a_id=9, model_b_id=10, num_times_to_use=750, port_number=6321, qid=21, times_record='/panfs/panasas01/phys/bf16951/QMD/ParallelDevelopment/Results/Oct_01/12_39/BayesFactorsTimeRecords/BayesFactorsPairsTimes_021.txt', trueModel='xTiPPyTiPPzTiPPzTz') (4276600b-837d-456f-a9c3-8d210c1cfdf6)
18:53:53 21: Job OK (4276600b-837d-456f-a9c3-8d210c1cfdf6)
18:53:53 Result will never expire, clean up result key manually
18:53:53 Cleaning registries for queue: 21
18:53:53 
18:53:53 *** Listening on 21...
18:53:53 21: RemoteModelLearning.learnModelRemote('xTiPPxTxPPyTiPPyTyPPzTiPPzTz', 11.0, branchID=5, growth_generator='two_qubit_ising_rotation_hyperfine_transverse', host_name='node44-022', log_file='/panfs/panasas01/phys/bf16951/QMD/ParallelDevelopment/Results/Oct_01/12_39/logs/NV-exp-method-sim__random-phase--probe__QMLA_21.qmd.8794618.log', port_number=6321, qid=21, remote=True) (5cfdcf6e-7ab5-4bee-8d58-8a508b86b113)
19:20:01 21: Job OK (5cfdcf6e-7ab5-4bee-8d58-8a508b86b113)
19:20:01 Result will never expire, clean up result key manually
19:20:01 Cleaning registries for queue: 21
19:20:01 
19:20:01 *** Listening on 21...
19:20:02 21: RemoteModelLearning.learnModelRemote('xTiPPxTxPPxTyPPyTiPPyTyPPzTiPPzTz', 12.0, branchID=6, growth_generator='two_qubit_ising_rotation_hyperfine_transverse', host_name='node44-022', log_file='/panfs/panasas01/phys/bf16951/QMD/ParallelDevelopment/Results/Oct_01/12_39/logs/NV-exp-method-sim__random-phase--probe__QMLA_21.qmd.8794618.log', port_number=6321, qid=21, remote=True) (53409048-8e05-47c0-b930-5ca6a6dce60f)
19:20:02 21: RemoteModelLearning.learnModelRemote('xTiPPxTxPPyTiPPyTyPPyTzPPzTiPPzTz', 13.0, branchID=6, growth_generator='two_qubit_ising_rotation_hyperfine_transverse', host_name='node44-022', log_file='/panfs/panasas01/phys/bf16951/QMD/ParallelDevelopment/Results/Oct_01/12_39/logs/NV-exp-method-sim__random-phase--probe__QMLA_21.qmd.8794618.log', port_number=6321, qid=21, remote=True) (0153f5d8-4377-43d9-acc6-6dcfd956eb71)
19:20:02 21: RemoteModelLearning.learnModelRemote('xTiPPxTxPPxTzPPyTiPPyTyPPzTiPPzTz', 14.0, branchID=6, growth_generator='two_qubit_ising_rotation_hyperfine_transverse', host_name='node44-022', log_file='/panfs/panasas01/phys/bf16951/QMD/ParallelDevelopment/Results/Oct_01/12_39/logs/NV-exp-method-sim__random-phase--probe__QMLA_21.qmd.8794618.log', port_number=6321, qid=21, remote=True) (6c6a61e2-7af9-460d-a9cf-23fe9cd848a9)
19:46:00 21: Job OK (53409048-8e05-47c0-b930-5ca6a6dce60f)
19:46:00 Result will never expire, clean up result key manually
19:46:00 Cleaning registries for queue: 21
19:46:00 
19:46:00 *** Listening on 21...
19:46:28 21: Job OK (6c6a61e2-7af9-460d-a9cf-23fe9cd848a9)
19:46:28 Result will never expire, clean up result key manually
19:46:28 Cleaning registries for queue: 21
19:46:28 
19:46:28 *** Listening on 21...
19:47:03 21: Job OK (0153f5d8-4377-43d9-acc6-6dcfd956eb71)
19:47:03 Result will never expire, clean up result key manually
19:47:03 
19:47:03 *** Listening on 21...
19:47:03 21: RemoteBayesFactor.BayesFactorRemote(bayes_threshold=100, bf_data_folder='/panfs/panasas01/phys/bf16951/QMD/ParallelDevelopment/Results/Oct_01/12_39/BayesFactorsTimeRecords/', branchID=6, host_name='node44-022', interbranch=False, log_file='/panfs/panasas01/phys/bf16951/QMD/ParallelDevelopment/Results/Oct_01/12_39/logs/NV-exp-method-sim__random-phase--probe__QMLA_21.qmd.8794618.log', model_a_id=12, model_b_id=14, num_times_to_use=750, port_number=6321, qid=21, times_record='/panfs/panasas01/phys/bf16951/QMD/ParallelDevelopment/Results/Oct_01/12_39/BayesFactorsTimeRecords/BayesFactorsPairsTimes_021.txt', trueModel='xTiPPyTiPPzTiPPzTz') (5b8c865f-58fc-4048-b269-c0323b1279bc)
19:47:03 21: RemoteBayesFactor.BayesFactorRemote(bayes_threshold=100, bf_data_folder='/panfs/panasas01/phys/bf16951/QMD/ParallelDevelopment/Results/Oct_01/12_39/BayesFactorsTimeRecords/', branchID=6, host_name='node44-022', interbranch=False, log_file='/panfs/panasas01/phys/bf16951/QMD/ParallelDevelopment/Results/Oct_01/12_39/logs/NV-exp-method-sim__random-phase--probe__QMLA_21.qmd.8794618.log', model_a_id=13, model_b_id=14, num_times_to_use=750, port_number=6321, qid=21, times_record='/panfs/panasas01/phys/bf16951/QMD/ParallelDevelopment/Results/Oct_01/12_39/BayesFactorsTimeRecords/BayesFactorsPairsTimes_021.txt', trueModel='xTiPPyTiPPzTiPPzTz') (26585ed2-bb47-4455-967e-2e6b1ecf8ccd)
19:47:03 21: RemoteBayesFactor.BayesFactorRemote(bayes_threshold=100, bf_data_folder='/panfs/panasas01/phys/bf16951/QMD/ParallelDevelopment/Results/Oct_01/12_39/BayesFactorsTimeRecords/', branchID=6, host_name='node44-022', interbranch=False, log_file='/panfs/panasas01/phys/bf16951/QMD/ParallelDevelopment/Results/Oct_01/12_39/logs/NV-exp-method-sim__random-phase--probe__QMLA_21.qmd.8794618.log', model_a_id=12, model_b_id=13, num_times_to_use=750, port_number=6321, qid=21, times_record='/panfs/panasas01/phys/bf16951/QMD/ParallelDevelopment/Results/Oct_01/12_39/BayesFactorsTimeRecords/BayesFactorsPairsTimes_021.txt', trueModel='xTiPPyTiPPzTiPPzTz') (209f4667-2085-4175-9cde-75f4a3229154)
20:38:54 21: Job OK (5b8c865f-58fc-4048-b269-c0323b1279bc)
20:38:54 Result will never expire, clean up result key manually
20:38:54 Cleaning registries for queue: 21
20:38:54 
20:38:54 *** Listening on 21...
20:39:08 21: Job OK (26585ed2-bb47-4455-967e-2e6b1ecf8ccd)
20:39:08 Result will never expire, clean up result key manually
20:39:08 Cleaning registries for queue: 21
20:39:08 
20:39:08 *** Listening on 21...
20:40:08 21: Job OK (209f4667-2085-4175-9cde-75f4a3229154)
20:40:08 Result will never expire, clean up result key manually
20:40:08 Cleaning registries for queue: 21
20:40:08 
20:40:08 *** Listening on 21...
20:40:08 21: RemoteModelLearning.learnModelRemote('xTiPPxTxPPxTyPPyTiPPyTyPPyTzPPzTiPPzTz', 16.0, branchID=7, growth_generator='two_qubit_ising_rotation_hyperfine_transverse', host_name='node44-022', log_file='/panfs/panasas01/phys/bf16951/QMD/ParallelDevelopment/Results/Oct_01/12_39/logs/NV-exp-method-sim__random-phase--probe__QMLA_21.qmd.8794618.log', port_number=6321, qid=21, remote=True) (b5dda746-de69-4482-b939-9ca177e3d6a7)
20:40:08 21: RemoteModelLearning.learnModelRemote('xTiPPxTxPPxTzPPyTiPPyTyPPyTzPPzTiPPzTz', 15.0, branchID=7, growth_generator='two_qubit_ising_rotation_hyperfine_transverse', host_name='node44-022', log_file='/panfs/panasas01/phys/bf16951/QMD/ParallelDevelopment/Results/Oct_01/12_39/logs/NV-exp-method-sim__random-phase--probe__QMLA_21.qmd.8794618.log', port_number=6321, qid=21, remote=True) (3c1fefb0-35ca-4ad5-b362-f515aeb1f8ea)
21:06:15 21: Job OK (b5dda746-de69-4482-b939-9ca177e3d6a7)
21:06:15 Result will never expire, clean up result key manually
21:06:15 Cleaning registries for queue: 21
21:06:15 
21:06:15 *** Listening on 21...
21:06:34 21: Job OK (3c1fefb0-35ca-4ad5-b362-f515aeb1f8ea)
21:06:34 Result will never expire, clean up result key manually
21:06:34 Cleaning registries for queue: 21
21:06:34 
21:06:34 *** Listening on 21...
21:06:34 21: RemoteBayesFactor.BayesFactorRemote(bayes_threshold=100, bf_data_folder='/panfs/panasas01/phys/bf16951/QMD/ParallelDevelopment/Results/Oct_01/12_39/BayesFactorsTimeRecords/', branchID=7, host_name='node44-022', interbranch=False, log_file='/panfs/panasas01/phys/bf16951/QMD/ParallelDevelopment/Results/Oct_01/12_39/logs/NV-exp-method-sim__random-phase--probe__QMLA_21.qmd.8794618.log', model_a_id=15, model_b_id=16, num_times_to_use=750, port_number=6321, qid=21, times_record='/panfs/panasas01/phys/bf16951/QMD/ParallelDevelopment/Results/Oct_01/12_39/BayesFactorsTimeRecords/BayesFactorsPairsTimes_021.txt', trueModel='xTiPPyTiPPzTiPPzTz') (e4f8a280-8256-412d-a60f-fa4982592072)
21:57:24 21: Job OK (e4f8a280-8256-412d-a60f-fa4982592072)
21:57:24 Result will never expire, clean up result key manually
21:57:24 Cleaning registries for queue: 21
21:57:24 
21:57:24 *** Listening on 21...
21:57:24 21: RemoteModelLearning.learnModelRemote('xTiPPxTxPPxTyPPxTzPPyTiPPyTyPPyTzPPzTiPPzTz', 17.0, branchID=8, growth_generator='two_qubit_ising_rotation_hyperfine_transverse', host_name='node44-022', log_file='/panfs/panasas01/phys/bf16951/QMD/ParallelDevelopment/Results/Oct_01/12_39/logs/NV-exp-method-sim__random-phase--probe__QMLA_21.qmd.8794618.log', port_number=6321, qid=21, remote=True) (4fd76c8c-736b-460b-b025-5b54666a751f)
22:22:52 21: Job OK (4fd76c8c-736b-460b-b025-5b54666a751f)
22:22:52 Result will never expire, clean up result key manually
22:22:52 21: RemoteBayesFactor.BayesFactorRemote(bayes_threshold=100, bf_data_folder='/panfs/panasas01/phys/bf16951/QMD/ParallelDevelopment/Results/Oct_01/12_39/BayesFactorsTimeRecords/', branchID=None, host_name='node44-022', interbranch=True, log_file='/panfs/panasas01/phys/bf16951/QMD/ParallelDevelopment/Results/Oct_01/12_39/logs/NV-exp-method-sim__random-phase--probe__QMLA_21.qmd.8794618.log', model_a_id=2, model_b_id=4, num_times_to_use=750, port_number=6321, qid=21, times_record='/panfs/panasas01/phys/bf16951/QMD/ParallelDevelopment/Results/Oct_01/12_39/BayesFactorsTimeRecords/BayesFactorsPairsTimes_021.txt', trueModel='xTiPPyTiPPzTiPPzTz') (1a44b6df-7e9c-4966-90b0-53b8948a750d)
22:22:52 21: RemoteBayesFactor.BayesFactorRemote(bayes_threshold=100, bf_data_folder='/panfs/panasas01/phys/bf16951/QMD/ParallelDevelopment/Results/Oct_01/12_39/BayesFactorsTimeRecords/', branchID=None, host_name='node44-022', interbranch=True, log_file='/panfs/panasas01/phys/bf16951/QMD/ParallelDevelopment/Results/Oct_01/12_39/logs/NV-exp-method-sim__random-phase--probe__QMLA_21.qmd.8794618.log', model_a_id=5, model_b_id=7, num_times_to_use=750, port_number=6321, qid=21, times_record='/panfs/panasas01/phys/bf16951/QMD/ParallelDevelopment/Results/Oct_01/12_39/BayesFactorsTimeRecords/BayesFactorsPairsTimes_021.txt', trueModel='xTiPPyTiPPzTiPPzTz') (f0b0d76a-d56d-4938-b172-55305abc4fe3)
22:22:52 21: RemoteBayesFactor.BayesFactorRemote(bayes_threshold=100, bf_data_folder='/panfs/panasas01/phys/bf16951/QMD/ParallelDevelopment/Results/Oct_01/12_39/BayesFactorsTimeRecords/', branchID=None, host_name='node44-022', interbranch=True, log_file='/panfs/panasas01/phys/bf16951/QMD/ParallelDevelopment/Results/Oct_01/12_39/logs/NV-exp-method-sim__random-phase--probe__QMLA_21.qmd.8794618.log', model_a_id=7, model_b_id=9, num_times_to_use=750, port_number=6321, qid=21, times_record='/panfs/panasas01/phys/bf16951/QMD/ParallelDevelopment/Results/Oct_01/12_39/BayesFactorsTimeRecords/BayesFactorsPairsTimes_021.txt', trueModel='xTiPPyTiPPzTiPPzTz') (9e91f5b5-2d22-4bef-9290-6a702a00c1bd)
22:22:52 Cleaning registries for queue: 21
22:22:52 21: RemoteBayesFactor.BayesFactorRemote(bayes_threshold=100, bf_data_folder='/panfs/panasas01/phys/bf16951/QMD/ParallelDevelopment/Results/Oct_01/12_39/BayesFactorsTimeRecords/', branchID=None, host_name='node44-022', interbranch=True, log_file='/panfs/panasas01/phys/bf16951/QMD/ParallelDevelopment/Results/Oct_01/12_39/logs/NV-exp-method-sim__random-phase--probe__QMLA_21.qmd.8794618.log', model_a_id=9, model_b_id=11, num_times_to_use=750, port_number=6321, qid=21, times_record='/panfs/panasas01/phys/bf16951/QMD/ParallelDevelopment/Results/Oct_01/12_39/BayesFactorsTimeRecords/BayesFactorsPairsTimes_021.txt', trueModel='xTiPPyTiPPzTiPPzTz') (f61a2759-7e4f-481d-a67d-c252a980f496)
22:22:52 21: RemoteBayesFactor.BayesFactorRemote(bayes_threshold=100, bf_data_folder='/panfs/panasas01/phys/bf16951/QMD/ParallelDevelopment/Results/Oct_01/12_39/BayesFactorsTimeRecords/', branchID=None, host_name='node44-022', interbranch=True, log_file='/panfs/panasas01/phys/bf16951/QMD/ParallelDevelopment/Results/Oct_01/12_39/logs/NV-exp-method-sim__random-phase--probe__QMLA_21.qmd.8794618.log', model_a_id=4, model_b_id=5, num_times_to_use=750, port_number=6321, qid=21, times_record='/panfs/panasas01/phys/bf16951/QMD/ParallelDevelopment/Results/Oct_01/12_39/BayesFactorsTimeRecords/BayesFactorsPairsTimes_021.txt', trueModel='xTiPPyTiPPzTiPPzTz') (2ae8430f-c7d5-4d31-b3fd-8c8e22b95e01)
22:22:52 
22:22:52 *** Listening on 21...
22:22:52 21: RemoteBayesFactor.BayesFactorRemote(bayes_threshold=100, bf_data_folder='/panfs/panasas01/phys/bf16951/QMD/ParallelDevelopment/Results/Oct_01/12_39/BayesFactorsTimeRecords/', branchID=None, host_name='node44-022', interbranch=True, log_file='/panfs/panasas01/phys/bf16951/QMD/ParallelDevelopment/Results/Oct_01/12_39/logs/NV-exp-method-sim__random-phase--probe__QMLA_21.qmd.8794618.log', model_a_id=11, model_b_id=13, num_times_to_use=750, port_number=6321, qid=21, times_record='/panfs/panasas01/phys/bf16951/QMD/ParallelDevelopment/Results/Oct_01/12_39/BayesFactorsTimeRecords/BayesFactorsPairsTimes_021.txt', trueModel='xTiPPyTiPPzTiPPzTz') (cffb74b1-27a2-478c-9912-b7bd9b3a54c7)
23:15:07 21: Job OK (f61a2759-7e4f-481d-a67d-c252a980f496)
23:15:07 Result will never expire, clean up result key manually
23:15:07 Cleaning registries for queue: 21
23:15:07 
23:15:07 *** Listening on 21...
23:15:07 21: RemoteBayesFactor.BayesFactorRemote(bayes_threshold=100, bf_data_folder='/panfs/panasas01/phys/bf16951/QMD/ParallelDevelopment/Results/Oct_01/12_39/BayesFactorsTimeRecords/', branchID=None, host_name='node44-022', interbranch=True, log_file='/panfs/panasas01/phys/bf16951/QMD/ParallelDevelopment/Results/Oct_01/12_39/logs/NV-exp-method-sim__random-phase--probe__QMLA_21.qmd.8794618.log', model_a_id=13, model_b_id=15, num_times_to_use=750, port_number=6321, qid=21, times_record='/panfs/panasas01/phys/bf16951/QMD/ParallelDevelopment/Results/Oct_01/12_39/BayesFactorsTimeRecords/BayesFactorsPairsTimes_021.txt', trueModel='xTiPPyTiPPzTiPPzTz') (3a3cb895-547c-4029-9b64-3aa3d3c92d7b)
23:15:19 21: Job OK (cffb74b1-27a2-478c-9912-b7bd9b3a54c7)
23:15:19 Result will never expire, clean up result key manually
23:15:19 
23:15:19 *** Listening on 21...
23:15:19 21: RemoteBayesFactor.BayesFactorRemote(bayes_threshold=100, bf_data_folder='/panfs/panasas01/phys/bf16951/QMD/ParallelDevelopment/Results/Oct_01/12_39/BayesFactorsTimeRecords/', branchID=None, host_name='node44-022', interbranch=True, log_file='/panfs/panasas01/phys/bf16951/QMD/ParallelDevelopment/Results/Oct_01/12_39/logs/NV-exp-method-sim__random-phase--probe__QMLA_21.qmd.8794618.log', model_a_id=15, model_b_id=17, num_times_to_use=750, port_number=6321, qid=21, times_record='/panfs/panasas01/phys/bf16951/QMD/ParallelDevelopment/Results/Oct_01/12_39/BayesFactorsTimeRecords/BayesFactorsPairsTimes_021.txt', trueModel='xTiPPyTiPPzTiPPzTz') (4e0a342e-301b-48e3-b054-be6701a5f57a)
23:15:35 21: Job OK (9e91f5b5-2d22-4bef-9290-6a702a00c1bd)
23:15:35 Result will never expire, clean up result key manually
23:15:35 Cleaning registries for queue: 21
23:15:35 
23:15:35 *** Listening on 21...
23:16:09 21: Job OK (f0b0d76a-d56d-4938-b172-55305abc4fe3)
23:16:09 Result will never expire, clean up result key manually
23:16:09 Cleaning registries for queue: 21
23:16:09 
23:16:09 *** Listening on 21...
23:16:39 21: Job OK (2ae8430f-c7d5-4d31-b3fd-8c8e22b95e01)
23:16:39 Result will never expire, clean up result key manually
23:16:39 Cleaning registries for queue: 21
23:16:39 
23:16:39 *** Listening on 21...
23:24:28 21: Job OK (1a44b6df-7e9c-4966-90b0-53b8948a750d)
23:24:28 Result will never expire, clean up result key manually
23:24:28 Cleaning registries for queue: 21
23:24:28 
23:24:28 *** Listening on 21...
00:05:49 21: Job OK (4e0a342e-301b-48e3-b054-be6701a5f57a)
00:05:49 Result will never expire, clean up result key manually
00:05:49 Cleaning registries for queue: 21
00:05:49 
00:05:49 *** Listening on 21...
00:06:31 21: Job OK (3a3cb895-547c-4029-9b64-3aa3d3c92d7b)
00:06:31 Result will never expire, clean up result key manually
00:06:31 
00:06:31 *** Listening on 21...
00:06:31 21: RemoteBayesFactor.BayesFactorRemote(bayes_threshold=100, bf_data_folder='/panfs/panasas01/phys/bf16951/QMD/ParallelDevelopment/Results/Oct_01/12_39/BayesFactorsTimeRecords/', branchID=9, host_name='node44-022', interbranch=False, log_file='/panfs/panasas01/phys/bf16951/QMD/ParallelDevelopment/Results/Oct_01/12_39/logs/NV-exp-method-sim__random-phase--probe__QMLA_21.qmd.8794618.log', model_a_id=4.0, model_b_id=11.0, num_times_to_use=750, port_number=6321, qid=21, times_record='/panfs/panasas01/phys/bf16951/QMD/ParallelDevelopment/Results/Oct_01/12_39/BayesFactorsTimeRecords/BayesFactorsPairsTimes_021.txt', trueModel='xTiPPyTiPPzTiPPzTz') (636eb21c-6f44-4374-97aa-d4162e3ec70b)
00:06:31 21: RemoteBayesFactor.BayesFactorRemote(bayes_threshold=100, bf_data_folder='/panfs/panasas01/phys/bf16951/QMD/ParallelDevelopment/Results/Oct_01/12_39/BayesFactorsTimeRecords/', branchID=9, host_name='node44-022', interbranch=False, log_file='/panfs/panasas01/phys/bf16951/QMD/ParallelDevelopment/Results/Oct_01/12_39/logs/NV-exp-method-sim__random-phase--probe__QMLA_21.qmd.8794618.log', model_a_id=4.0, model_b_id=7.0, num_times_to_use=750, port_number=6321, qid=21, times_record='/panfs/panasas01/phys/bf16951/QMD/ParallelDevelopment/Results/Oct_01/12_39/BayesFactorsTimeRecords/BayesFactorsPairsTimes_021.txt', trueModel='xTiPPyTiPPzTiPPzTz') (c6e3441a-eb2e-41d5-af45-99edaa0469c8)
00:06:31 21: RemoteBayesFactor.BayesFactorRemote(bayes_threshold=100, bf_data_folder='/panfs/panasas01/phys/bf16951/QMD/ParallelDevelopment/Results/Oct_01/12_39/BayesFactorsTimeRecords/', branchID=9, host_name='node44-022', interbranch=False, log_file='/panfs/panasas01/phys/bf16951/QMD/ParallelDevelopment/Results/Oct_01/12_39/logs/NV-exp-method-sim__random-phase--probe__QMLA_21.qmd.8794618.log', model_a_id=4.0, model_b_id=15.0, num_times_to_use=750, port_number=6321, qid=21, times_record='/panfs/panasas01/phys/bf16951/QMD/ParallelDevelopment/Results/Oct_01/12_39/BayesFactorsTimeRecords/BayesFactorsPairsTimes_021.txt', trueModel='xTiPPyTiPPzTiPPzTz') (1e03881a-9b07-4615-8c39-fd715b5cc011)
00:06:31 21: RemoteBayesFactor.BayesFactorRemote(bayes_threshold=100, bf_data_folder='/panfs/panasas01/phys/bf16951/QMD/ParallelDevelopment/Results/Oct_01/12_39/BayesFactorsTimeRecords/', branchID=9, host_name='node44-022', interbranch=False, log_file='/panfs/panasas01/phys/bf16951/QMD/ParallelDevelopment/Results/Oct_01/12_39/logs/NV-exp-method-sim__random-phase--probe__QMLA_21.qmd.8794618.log', model_a_id=11.0, model_b_id=7.0, num_times_to_use=750, port_number=6321, qid=21, times_record='/panfs/panasas01/phys/bf16951/QMD/ParallelDevelopment/Results/Oct_01/12_39/BayesFactorsTimeRecords/BayesFactorsPairsTimes_021.txt', trueModel='xTiPPyTiPPzTiPPzTz') (c220fcad-4143-4b40-acf8-c436e4196324)
00:06:31 21: RemoteBayesFactor.BayesFactorRemote(bayes_threshold=100, bf_data_folder='/panfs/panasas01/phys/bf16951/QMD/ParallelDevelopment/Results/Oct_01/12_39/BayesFactorsTimeRecords/', branchID=9, host_name='node44-022', interbranch=False, log_file='/panfs/panasas01/phys/bf16951/QMD/ParallelDevelopment/Results/Oct_01/12_39/logs/NV-exp-method-sim__random-phase--probe__QMLA_21.qmd.8794618.log', model_a_id=11.0, model_b_id=15.0, num_times_to_use=750, port_number=6321, qid=21, times_record='/panfs/panasas01/phys/bf16951/QMD/ParallelDevelopment/Results/Oct_01/12_39/BayesFactorsTimeRecords/BayesFactorsPairsTimes_021.txt', trueModel='xTiPPyTiPPzTiPPzTz') (c7dd99a0-c90f-435b-86ae-432a03748bf0)
00:06:31 21: RemoteBayesFactor.BayesFactorRemote(bayes_threshold=100, bf_data_folder='/panfs/panasas01/phys/bf16951/QMD/ParallelDevelopment/Results/Oct_01/12_39/BayesFactorsTimeRecords/', branchID=9, host_name='node44-022', interbranch=False, log_file='/panfs/panasas01/phys/bf16951/QMD/ParallelDevelopment/Results/Oct_01/12_39/logs/NV-exp-method-sim__random-phase--probe__QMLA_21.qmd.8794618.log', model_a_id=7.0, model_b_id=15.0, num_times_to_use=750, port_number=6321, qid=21, times_record='/panfs/panasas01/phys/bf16951/QMD/ParallelDevelopment/Results/Oct_01/12_39/BayesFactorsTimeRecords/BayesFactorsPairsTimes_021.txt', trueModel='xTiPPyTiPPzTiPPzTz') (614b1bf4-5546-43e2-a48e-83be6bd73e6d)
00:59:27 21: Job OK (c7dd99a0-c90f-435b-86ae-432a03748bf0)
00:59:27 Result will never expire, clean up result key manually
00:59:27 Cleaning registries for queue: 21
00:59:27 
00:59:27 *** Listening on 21...
00:59:36 21: Job OK (c220fcad-4143-4b40-acf8-c436e4196324)
00:59:36 Result will never expire, clean up result key manually
00:59:36 
00:59:36 *** Listening on 21...
00:59:42 21: Job OK (1e03881a-9b07-4615-8c39-fd715b5cc011)
00:59:42 Result will never expire, clean up result key manually
00:59:42 Cleaning registries for queue: 21
00:59:42 
00:59:42 *** Listening on 21...
00:59:54 21: Job OK (636eb21c-6f44-4374-97aa-d4162e3ec70b)
00:59:54 Result will never expire, clean up result key manually
00:59:54 Cleaning registries for queue: 21
00:59:54 
00:59:54 *** Listening on 21...
01:00:10 21: Job OK (614b1bf4-5546-43e2-a48e-83be6bd73e6d)
01:00:10 Result will never expire, clean up result key manually
01:00:10 Cleaning registries for queue: 21
01:00:10 
01:00:10 *** Listening on 21...
01:00:23 21: Job OK (c6e3441a-eb2e-41d5-af45-99edaa0469c8)
01:00:23 Result will never expire, clean up result key manually
01:00:23 Cleaning registries for queue: 21
01:00:23 
01:00:23 *** Listening on 21...
Error 111 connecting to node44-022:6321. Connection refused.
Error 111 connecting to node44-022:6321. Connection refused.
Error 111 connecting to node44-022:6321. Connection refused.
Error 111 connecting to node44-022:6321. Connection refused.
Error 111 connecting to node44-022:6321. Connection refused.
Error 111 connecting to node44-022:6321. Connection refused.
