12:42:41 RQ worker 'rq:worker:node45-021.128563' started, version 0.8.1
12:42:41 RQ worker 'rq:worker:node45-021.128566' started, version 0.8.1
12:42:41 RQ worker 'rq:worker:node45-021.128567' started, version 0.8.1
12:42:41 RQ worker 'rq:worker:node45-021.128565' started, version 0.8.1
12:42:41 RQ worker 'rq:worker:node45-021.128564' started, version 0.8.1
12:42:41 RQ worker 'rq:worker:node45-021.128562' started, version 0.8.1
12:42:41 Cleaning registries for queue: 15
12:42:41 Cleaning registries for queue: 15
12:42:41 Cleaning registries for queue: 15
12:42:41 Cleaning registries for queue: 15
12:42:41 Cleaning registries for queue: 15
12:42:41 Cleaning registries for queue: 15
12:42:41 
12:42:41 
12:42:41 
12:42:41 *** Listening on 15...
12:42:41 
12:42:41 *** Listening on 15...
12:42:41 
12:42:41 *** Listening on 15...
12:42:41 
12:42:41 *** Listening on 15...
12:42:41 *** Listening on 15...
12:42:41 *** Listening on 15...
12:42:52 15: RemoteModelLearning.learnModelRemote('yTi', 1.0, branchID=0, growth_generator='two_qubit_ising_rotation_hyperfine_transverse', host_name='node45-021', log_file='/panfs/panasas01/phys/bf16951/QMD/ParallelDevelopment/Results/Oct_01/12_39/logs/NV-exp-method-sim__random-phase--probe__QMLA_15.qmd.8794612.log', port_number=6315, qid=15, remote=True) (fd3b46f9-5bb7-4550-b676-03da7500cee4)
12:42:52 15: RemoteModelLearning.learnModelRemote('zTi', 2.0, branchID=0, growth_generator='two_qubit_ising_rotation_hyperfine_transverse', host_name='node45-021', log_file='/panfs/panasas01/phys/bf16951/QMD/ParallelDevelopment/Results/Oct_01/12_39/logs/NV-exp-method-sim__random-phase--probe__QMLA_15.qmd.8794612.log', port_number=6315, qid=15, remote=True) (8ffc131d-2f8f-4cc1-9f39-6051353997dc)
12:42:52 15: RemoteModelLearning.learnModelRemote('xTi', 0.0, branchID=0, growth_generator='two_qubit_ising_rotation_hyperfine_transverse', host_name='node45-021', log_file='/panfs/panasas01/phys/bf16951/QMD/ParallelDevelopment/Results/Oct_01/12_39/logs/NV-exp-method-sim__random-phase--probe__QMLA_15.qmd.8794612.log', port_number=6315, qid=15, remote=True) (525c9b43-c67c-4d1c-ad2f-facd5ec77701)
13:09:46 15: Job OK (fd3b46f9-5bb7-4550-b676-03da7500cee4)
13:09:46 Result will never expire, clean up result key manually
13:09:46 
13:09:46 *** Listening on 15...
13:09:59 15: Job OK (525c9b43-c67c-4d1c-ad2f-facd5ec77701)
13:09:59 Result will never expire, clean up result key manually
13:09:59 
13:09:59 *** Listening on 15...
13:20:02 15: Job OK (8ffc131d-2f8f-4cc1-9f39-6051353997dc)
13:20:02 Result will never expire, clean up result key manually
13:20:02 
13:20:02 *** Listening on 15...
13:20:02 15: RemoteBayesFactor.BayesFactorRemote(bayes_threshold=100, bf_data_folder='/panfs/panasas01/phys/bf16951/QMD/ParallelDevelopment/Results/Oct_01/12_39/BayesFactorsTimeRecords/', branchID=0, host_name='node45-021', interbranch=False, log_file='/panfs/panasas01/phys/bf16951/QMD/ParallelDevelopment/Results/Oct_01/12_39/logs/NV-exp-method-sim__random-phase--probe__QMLA_15.qmd.8794612.log', model_a_id=0, model_b_id=2, num_times_to_use=750, port_number=6315, qid=15, times_record='/panfs/panasas01/phys/bf16951/QMD/ParallelDevelopment/Results/Oct_01/12_39/BayesFactorsTimeRecords/BayesFactorsPairsTimes_015.txt', trueModel='xTiPPyTiPPzTiPPzTz') (e1547a76-1bac-4ca3-8526-22d9cc90e156)
13:20:02 15: RemoteBayesFactor.BayesFactorRemote(bayes_threshold=100, bf_data_folder='/panfs/panasas01/phys/bf16951/QMD/ParallelDevelopment/Results/Oct_01/12_39/BayesFactorsTimeRecords/', branchID=0, host_name='node45-021', interbranch=False, log_file='/panfs/panasas01/phys/bf16951/QMD/ParallelDevelopment/Results/Oct_01/12_39/logs/NV-exp-method-sim__random-phase--probe__QMLA_15.qmd.8794612.log', model_a_id=0, model_b_id=1, num_times_to_use=750, port_number=6315, qid=15, times_record='/panfs/panasas01/phys/bf16951/QMD/ParallelDevelopment/Results/Oct_01/12_39/BayesFactorsTimeRecords/BayesFactorsPairsTimes_015.txt', trueModel='xTiPPyTiPPzTiPPzTz') (0bc96cb8-f5e8-4c98-913d-8d18a31a4d39)
13:20:02 15: RemoteBayesFactor.BayesFactorRemote(bayes_threshold=100, bf_data_folder='/panfs/panasas01/phys/bf16951/QMD/ParallelDevelopment/Results/Oct_01/12_39/BayesFactorsTimeRecords/', branchID=0, host_name='node45-021', interbranch=False, log_file='/panfs/panasas01/phys/bf16951/QMD/ParallelDevelopment/Results/Oct_01/12_39/logs/NV-exp-method-sim__random-phase--probe__QMLA_15.qmd.8794612.log', model_a_id=1, model_b_id=2, num_times_to_use=750, port_number=6315, qid=15, times_record='/panfs/panasas01/phys/bf16951/QMD/ParallelDevelopment/Results/Oct_01/12_39/BayesFactorsTimeRecords/BayesFactorsPairsTimes_015.txt', trueModel='xTiPPyTiPPzTiPPzTz') (903d856e-96ee-4f9a-9d3b-ed45503d4f77)
14:13:52 15: Job OK (0bc96cb8-f5e8-4c98-913d-8d18a31a4d39)
14:13:52 Result will never expire, clean up result key manually
14:13:52 Cleaning registries for queue: 15
14:13:52 
14:13:52 *** Listening on 15...
14:22:24 15: Job OK (e1547a76-1bac-4ca3-8526-22d9cc90e156)
14:22:24 Result will never expire, clean up result key manually
14:22:24 Cleaning registries for queue: 15
14:22:24 
14:22:24 *** Listening on 15...
14:28:15 15: Job OK (903d856e-96ee-4f9a-9d3b-ed45503d4f77)
14:28:15 Result will never expire, clean up result key manually
14:28:15 Cleaning registries for queue: 15
14:28:15 
14:28:15 *** Listening on 15...
14:28:15 15: RemoteModelLearning.learnModelRemote('yTiPPzTi', 3.0, branchID=1, growth_generator='two_qubit_ising_rotation_hyperfine_transverse', host_name='node45-021', log_file='/panfs/panasas01/phys/bf16951/QMD/ParallelDevelopment/Results/Oct_01/12_39/logs/NV-exp-method-sim__random-phase--probe__QMLA_15.qmd.8794612.log', port_number=6315, qid=15, remote=True) (724d9644-a315-4864-883f-7bb2b8d79f49)
14:28:15 15: RemoteModelLearning.learnModelRemote('xTiPPyTi', 4.0, branchID=1, growth_generator='two_qubit_ising_rotation_hyperfine_transverse', host_name='node45-021', log_file='/panfs/panasas01/phys/bf16951/QMD/ParallelDevelopment/Results/Oct_01/12_39/logs/NV-exp-method-sim__random-phase--probe__QMLA_15.qmd.8794612.log', port_number=6315, qid=15, remote=True) (953788e1-943e-4e0f-b5d0-cbc50598e53e)
14:54:44 15: Job OK (724d9644-a315-4864-883f-7bb2b8d79f49)
14:54:44 Result will never expire, clean up result key manually
14:54:44 
14:54:44 *** Listening on 15...
14:54:59 15: Job OK (953788e1-943e-4e0f-b5d0-cbc50598e53e)
14:54:59 Result will never expire, clean up result key manually
14:54:59 Cleaning registries for queue: 15
14:54:59 
14:54:59 *** Listening on 15...
14:54:59 15: RemoteBayesFactor.BayesFactorRemote(bayes_threshold=100, bf_data_folder='/panfs/panasas01/phys/bf16951/QMD/ParallelDevelopment/Results/Oct_01/12_39/BayesFactorsTimeRecords/', branchID=1, host_name='node45-021', interbranch=False, log_file='/panfs/panasas01/phys/bf16951/QMD/ParallelDevelopment/Results/Oct_01/12_39/logs/NV-exp-method-sim__random-phase--probe__QMLA_15.qmd.8794612.log', model_a_id=3, model_b_id=4, num_times_to_use=750, port_number=6315, qid=15, times_record='/panfs/panasas01/phys/bf16951/QMD/ParallelDevelopment/Results/Oct_01/12_39/BayesFactorsTimeRecords/BayesFactorsPairsTimes_015.txt', trueModel='xTiPPyTiPPzTiPPzTz') (1bd31659-0a03-4864-bff5-34bf3d74a890)
15:46:21 15: Job OK (1bd31659-0a03-4864-bff5-34bf3d74a890)
15:46:21 Result will never expire, clean up result key manually
15:46:21 Cleaning registries for queue: 15
15:46:21 
15:46:21 *** Listening on 15...
15:46:21 15: RemoteModelLearning.learnModelRemote('xTiPPyTiPPzTi', 5.0, branchID=2, growth_generator='two_qubit_ising_rotation_hyperfine_transverse', host_name='node45-021', log_file='/panfs/panasas01/phys/bf16951/QMD/ParallelDevelopment/Results/Oct_01/12_39/logs/NV-exp-method-sim__random-phase--probe__QMLA_15.qmd.8794612.log', port_number=6315, qid=15, remote=True) (19e288e7-38cc-4fee-8688-88cd418b1122)
16:13:13 15: Job OK (19e288e7-38cc-4fee-8688-88cd418b1122)
16:13:13 Result will never expire, clean up result key manually
16:13:13 Cleaning registries for queue: 15
16:13:13 
16:13:13 *** Listening on 15...
16:13:14 15: RemoteModelLearning.learnModelRemote('xTiPPyTiPPzTiPPzTz', 6.0, branchID=3, growth_generator='two_qubit_ising_rotation_hyperfine_transverse', host_name='node45-021', log_file='/panfs/panasas01/phys/bf16951/QMD/ParallelDevelopment/Results/Oct_01/12_39/logs/NV-exp-method-sim__random-phase--probe__QMLA_15.qmd.8794612.log', port_number=6315, qid=15, remote=True) (480ce499-2816-46a4-9dd1-e139234b19d0)
16:13:14 15: RemoteModelLearning.learnModelRemote('xTiPPxTxPPyTiPPzTi', 7.0, branchID=3, growth_generator='two_qubit_ising_rotation_hyperfine_transverse', host_name='node45-021', log_file='/panfs/panasas01/phys/bf16951/QMD/ParallelDevelopment/Results/Oct_01/12_39/logs/NV-exp-method-sim__random-phase--probe__QMLA_15.qmd.8794612.log', port_number=6315, qid=15, remote=True) (ca0433d6-70e6-4aa8-a052-492d2a4f1b34)
16:13:14 15: RemoteModelLearning.learnModelRemote('xTiPPyTiPPyTyPPzTi', 8.0, branchID=3, growth_generator='two_qubit_ising_rotation_hyperfine_transverse', host_name='node45-021', log_file='/panfs/panasas01/phys/bf16951/QMD/ParallelDevelopment/Results/Oct_01/12_39/logs/NV-exp-method-sim__random-phase--probe__QMLA_15.qmd.8794612.log', port_number=6315, qid=15, remote=True) (475ae209-51f4-42c1-bbca-bcb02d94ae75)
16:38:51 15: Job OK (475ae209-51f4-42c1-bbca-bcb02d94ae75)
16:38:51 Result will never expire, clean up result key manually
16:38:51 
16:38:51 *** Listening on 15...
16:39:22 15: Job OK (ca0433d6-70e6-4aa8-a052-492d2a4f1b34)
16:39:22 Result will never expire, clean up result key manually
16:39:22 Cleaning registries for queue: 15
16:39:22 
16:39:22 *** Listening on 15...
16:39:58 15: Job OK (480ce499-2816-46a4-9dd1-e139234b19d0)
16:39:58 Result will never expire, clean up result key manually
16:39:58 Cleaning registries for queue: 15
16:39:58 
16:39:58 *** Listening on 15...
16:39:58 15: RemoteBayesFactor.BayesFactorRemote(bayes_threshold=100, bf_data_folder='/panfs/panasas01/phys/bf16951/QMD/ParallelDevelopment/Results/Oct_01/12_39/BayesFactorsTimeRecords/', branchID=3, host_name='node45-021', interbranch=False, log_file='/panfs/panasas01/phys/bf16951/QMD/ParallelDevelopment/Results/Oct_01/12_39/logs/NV-exp-method-sim__random-phase--probe__QMLA_15.qmd.8794612.log', model_a_id=7, model_b_id=8, num_times_to_use=750, port_number=6315, qid=15, times_record='/panfs/panasas01/phys/bf16951/QMD/ParallelDevelopment/Results/Oct_01/12_39/BayesFactorsTimeRecords/BayesFactorsPairsTimes_015.txt', trueModel='xTiPPyTiPPzTiPPzTz') (14b5921a-e4d0-4f27-bfdd-f94b102bef65)
16:39:58 15: RemoteBayesFactor.BayesFactorRemote(bayes_threshold=100, bf_data_folder='/panfs/panasas01/phys/bf16951/QMD/ParallelDevelopment/Results/Oct_01/12_39/BayesFactorsTimeRecords/', branchID=3, host_name='node45-021', interbranch=False, log_file='/panfs/panasas01/phys/bf16951/QMD/ParallelDevelopment/Results/Oct_01/12_39/logs/NV-exp-method-sim__random-phase--probe__QMLA_15.qmd.8794612.log', model_a_id=6, model_b_id=7, num_times_to_use=750, port_number=6315, qid=15, times_record='/panfs/panasas01/phys/bf16951/QMD/ParallelDevelopment/Results/Oct_01/12_39/BayesFactorsTimeRecords/BayesFactorsPairsTimes_015.txt', trueModel='xTiPPyTiPPzTiPPzTz') (17e2fd77-4474-4f53-b762-c2c5f8dc05ae)
16:39:58 15: RemoteBayesFactor.BayesFactorRemote(bayes_threshold=100, bf_data_folder='/panfs/panasas01/phys/bf16951/QMD/ParallelDevelopment/Results/Oct_01/12_39/BayesFactorsTimeRecords/', branchID=3, host_name='node45-021', interbranch=False, log_file='/panfs/panasas01/phys/bf16951/QMD/ParallelDevelopment/Results/Oct_01/12_39/logs/NV-exp-method-sim__random-phase--probe__QMLA_15.qmd.8794612.log', model_a_id=6, model_b_id=8, num_times_to_use=750, port_number=6315, qid=15, times_record='/panfs/panasas01/phys/bf16951/QMD/ParallelDevelopment/Results/Oct_01/12_39/BayesFactorsTimeRecords/BayesFactorsPairsTimes_015.txt', trueModel='xTiPPyTiPPzTiPPzTz') (4115947a-7d28-4deb-a7a5-a584b8c47b56)
17:42:34 15: Job OK (14b5921a-e4d0-4f27-bfdd-f94b102bef65)
17:42:34 Result will never expire, clean up result key manually
17:42:34 Cleaning registries for queue: 15
17:42:34 
17:42:34 *** Listening on 15...
17:43:17 15: Job OK (4115947a-7d28-4deb-a7a5-a584b8c47b56)
17:43:17 Result will never expire, clean up result key manually
17:43:17 Cleaning registries for queue: 15
17:43:17 
17:43:17 *** Listening on 15...
17:43:50 15: Job OK (17e2fd77-4474-4f53-b762-c2c5f8dc05ae)
17:43:50 Result will never expire, clean up result key manually
17:43:50 Cleaning registries for queue: 15
17:43:50 
17:43:50 *** Listening on 15...
17:43:50 15: RemoteModelLearning.learnModelRemote('xTiPPxTxPPyTiPPzTiPPzTz', 9.0, branchID=4, growth_generator='two_qubit_ising_rotation_hyperfine_transverse', host_name='node45-021', log_file='/panfs/panasas01/phys/bf16951/QMD/ParallelDevelopment/Results/Oct_01/12_39/logs/NV-exp-method-sim__random-phase--probe__QMLA_15.qmd.8794612.log', port_number=6315, qid=15, remote=True) (578818d6-72a3-4efb-8bd9-8de55ad2407b)
17:43:50 15: RemoteModelLearning.learnModelRemote('xTiPPyTiPPyTyPPzTiPPzTz', 10.0, branchID=4, growth_generator='two_qubit_ising_rotation_hyperfine_transverse', host_name='node45-021', log_file='/panfs/panasas01/phys/bf16951/QMD/ParallelDevelopment/Results/Oct_01/12_39/logs/NV-exp-method-sim__random-phase--probe__QMLA_15.qmd.8794612.log', port_number=6315, qid=15, remote=True) (731012c8-8662-427a-bc66-23ca76106d40)
18:10:54 15: Job OK (731012c8-8662-427a-bc66-23ca76106d40)
18:10:54 Result will never expire, clean up result key manually
18:10:54 Cleaning registries for queue: 15
18:10:54 
18:10:54 *** Listening on 15...
18:12:05 15: Job OK (578818d6-72a3-4efb-8bd9-8de55ad2407b)
18:12:05 Result will never expire, clean up result key manually
18:12:05 Cleaning registries for queue: 15
18:12:05 
18:12:05 *** Listening on 15...
18:12:06 15: RemoteBayesFactor.BayesFactorRemote(bayes_threshold=100, bf_data_folder='/panfs/panasas01/phys/bf16951/QMD/ParallelDevelopment/Results/Oct_01/12_39/BayesFactorsTimeRecords/', branchID=4, host_name='node45-021', interbranch=False, log_file='/panfs/panasas01/phys/bf16951/QMD/ParallelDevelopment/Results/Oct_01/12_39/logs/NV-exp-method-sim__random-phase--probe__QMLA_15.qmd.8794612.log', model_a_id=9, model_b_id=10, num_times_to_use=750, port_number=6315, qid=15, times_record='/panfs/panasas01/phys/bf16951/QMD/ParallelDevelopment/Results/Oct_01/12_39/BayesFactorsTimeRecords/BayesFactorsPairsTimes_015.txt', trueModel='xTiPPyTiPPzTiPPzTz') (5fdc5fef-280a-409f-8ef4-776970ece043)
19:03:28 15: Job OK (5fdc5fef-280a-409f-8ef4-776970ece043)
19:03:28 Result will never expire, clean up result key manually
19:03:28 Cleaning registries for queue: 15
19:03:28 
19:03:28 *** Listening on 15...
19:03:28 15: RemoteModelLearning.learnModelRemote('xTiPPxTxPPyTiPPyTyPPzTiPPzTz', 11.0, branchID=5, growth_generator='two_qubit_ising_rotation_hyperfine_transverse', host_name='node45-021', log_file='/panfs/panasas01/phys/bf16951/QMD/ParallelDevelopment/Results/Oct_01/12_39/logs/NV-exp-method-sim__random-phase--probe__QMLA_15.qmd.8794612.log', port_number=6315, qid=15, remote=True) (ba141861-17fd-47d8-89f7-8b3ceb7b1ef1)
19:29:20 15: Job OK (ba141861-17fd-47d8-89f7-8b3ceb7b1ef1)
19:29:20 Result will never expire, clean up result key manually
19:29:20 Cleaning registries for queue: 15
19:29:20 
19:29:20 *** Listening on 15...
19:29:20 15: RemoteModelLearning.learnModelRemote('xTiPPxTxPPyTiPPyTyPPyTzPPzTiPPzTz', 12.0, branchID=6, growth_generator='two_qubit_ising_rotation_hyperfine_transverse', host_name='node45-021', log_file='/panfs/panasas01/phys/bf16951/QMD/ParallelDevelopment/Results/Oct_01/12_39/logs/NV-exp-method-sim__random-phase--probe__QMLA_15.qmd.8794612.log', port_number=6315, qid=15, remote=True) (2eee777c-b2a5-4afe-8169-dd2eb46617d8)
19:29:20 15: RemoteModelLearning.learnModelRemote('xTiPPxTxPPxTyPPyTiPPyTyPPzTiPPzTz', 13.0, branchID=6, growth_generator='two_qubit_ising_rotation_hyperfine_transverse', host_name='node45-021', log_file='/panfs/panasas01/phys/bf16951/QMD/ParallelDevelopment/Results/Oct_01/12_39/logs/NV-exp-method-sim__random-phase--probe__QMLA_15.qmd.8794612.log', port_number=6315, qid=15, remote=True) (ead9f4b5-b728-4ef4-9fd7-aae4618ef46b)
19:29:20 15: RemoteModelLearning.learnModelRemote('xTiPPxTxPPxTzPPyTiPPyTyPPzTiPPzTz', 14.0, branchID=6, growth_generator='two_qubit_ising_rotation_hyperfine_transverse', host_name='node45-021', log_file='/panfs/panasas01/phys/bf16951/QMD/ParallelDevelopment/Results/Oct_01/12_39/logs/NV-exp-method-sim__random-phase--probe__QMLA_15.qmd.8794612.log', port_number=6315, qid=15, remote=True) (fea3cbfa-69a6-408d-81e1-07d301217b4b)
19:54:21 15: Job OK (2eee777c-b2a5-4afe-8169-dd2eb46617d8)
19:54:21 Result will never expire, clean up result key manually
19:54:21 Cleaning registries for queue: 15
19:54:21 
19:54:21 *** Listening on 15...
19:55:39 15: Job OK (ead9f4b5-b728-4ef4-9fd7-aae4618ef46b)
19:55:39 Result will never expire, clean up result key manually
19:55:39 Cleaning registries for queue: 15
19:55:39 
19:55:39 *** Listening on 15...
19:55:51 15: Job OK (fea3cbfa-69a6-408d-81e1-07d301217b4b)
19:55:51 Result will never expire, clean up result key manually
19:55:51 Cleaning registries for queue: 15
19:55:51 
19:55:51 *** Listening on 15...
19:55:52 15: RemoteBayesFactor.BayesFactorRemote(bayes_threshold=100, bf_data_folder='/panfs/panasas01/phys/bf16951/QMD/ParallelDevelopment/Results/Oct_01/12_39/BayesFactorsTimeRecords/', branchID=6, host_name='node45-021', interbranch=False, log_file='/panfs/panasas01/phys/bf16951/QMD/ParallelDevelopment/Results/Oct_01/12_39/logs/NV-exp-method-sim__random-phase--probe__QMLA_15.qmd.8794612.log', model_a_id=12, model_b_id=14, num_times_to_use=750, port_number=6315, qid=15, times_record='/panfs/panasas01/phys/bf16951/QMD/ParallelDevelopment/Results/Oct_01/12_39/BayesFactorsTimeRecords/BayesFactorsPairsTimes_015.txt', trueModel='xTiPPyTiPPzTiPPzTz') (2ab5db2c-65d9-44d2-8bf1-c149499dac64)
19:55:52 15: RemoteBayesFactor.BayesFactorRemote(bayes_threshold=100, bf_data_folder='/panfs/panasas01/phys/bf16951/QMD/ParallelDevelopment/Results/Oct_01/12_39/BayesFactorsTimeRecords/', branchID=6, host_name='node45-021', interbranch=False, log_file='/panfs/panasas01/phys/bf16951/QMD/ParallelDevelopment/Results/Oct_01/12_39/logs/NV-exp-method-sim__random-phase--probe__QMLA_15.qmd.8794612.log', model_a_id=12, model_b_id=13, num_times_to_use=750, port_number=6315, qid=15, times_record='/panfs/panasas01/phys/bf16951/QMD/ParallelDevelopment/Results/Oct_01/12_39/BayesFactorsTimeRecords/BayesFactorsPairsTimes_015.txt', trueModel='xTiPPyTiPPzTiPPzTz') (aa04864c-1276-4b33-a4a6-a61fa01635d6)
19:55:52 15: RemoteBayesFactor.BayesFactorRemote(bayes_threshold=100, bf_data_folder='/panfs/panasas01/phys/bf16951/QMD/ParallelDevelopment/Results/Oct_01/12_39/BayesFactorsTimeRecords/', branchID=6, host_name='node45-021', interbranch=False, log_file='/panfs/panasas01/phys/bf16951/QMD/ParallelDevelopment/Results/Oct_01/12_39/logs/NV-exp-method-sim__random-phase--probe__QMLA_15.qmd.8794612.log', model_a_id=13, model_b_id=14, num_times_to_use=750, port_number=6315, qid=15, times_record='/panfs/panasas01/phys/bf16951/QMD/ParallelDevelopment/Results/Oct_01/12_39/BayesFactorsTimeRecords/BayesFactorsPairsTimes_015.txt', trueModel='xTiPPyTiPPzTiPPzTz') (dd126eb1-5e46-489e-be0d-1f44a9b0e431)
20:45:59 15: Job OK (2ab5db2c-65d9-44d2-8bf1-c149499dac64)
20:45:59 Result will never expire, clean up result key manually
20:45:59 Cleaning registries for queue: 15
20:45:59 
20:45:59 *** Listening on 15...
20:47:34 15: Job OK (aa04864c-1276-4b33-a4a6-a61fa01635d6)
20:47:34 Result will never expire, clean up result key manually
20:47:34 Cleaning registries for queue: 15
20:47:34 
20:47:34 *** Listening on 15...
20:47:37 15: Job OK (dd126eb1-5e46-489e-be0d-1f44a9b0e431)
20:47:37 Result will never expire, clean up result key manually
20:47:37 Cleaning registries for queue: 15
20:47:37 
20:47:37 *** Listening on 15...
20:47:37 15: RemoteModelLearning.learnModelRemote('xTiPPxTxPPxTyPPxTzPPyTiPPyTyPPzTiPPzTz', 16.0, branchID=7, growth_generator='two_qubit_ising_rotation_hyperfine_transverse', host_name='node45-021', log_file='/panfs/panasas01/phys/bf16951/QMD/ParallelDevelopment/Results/Oct_01/12_39/logs/NV-exp-method-sim__random-phase--probe__QMLA_15.qmd.8794612.log', port_number=6315, qid=15, remote=True) (3fbdceec-038d-4d50-a21d-7eb590eb1843)
20:47:37 15: RemoteModelLearning.learnModelRemote('xTiPPxTxPPxTzPPyTiPPyTyPPyTzPPzTiPPzTz', 15.0, branchID=7, growth_generator='two_qubit_ising_rotation_hyperfine_transverse', host_name='node45-021', log_file='/panfs/panasas01/phys/bf16951/QMD/ParallelDevelopment/Results/Oct_01/12_39/logs/NV-exp-method-sim__random-phase--probe__QMLA_15.qmd.8794612.log', port_number=6315, qid=15, remote=True) (58efca37-22a9-40cb-91ef-6525fafc9661)
21:11:54 15: Job OK (3fbdceec-038d-4d50-a21d-7eb590eb1843)
21:11:54 Result will never expire, clean up result key manually
21:11:54 Cleaning registries for queue: 15
21:11:54 
21:11:54 *** Listening on 15...
21:14:05 15: Job OK (58efca37-22a9-40cb-91ef-6525fafc9661)
21:14:05 Result will never expire, clean up result key manually
21:14:05 Cleaning registries for queue: 15
21:14:05 
21:14:05 *** Listening on 15...
21:14:05 15: RemoteBayesFactor.BayesFactorRemote(bayes_threshold=100, bf_data_folder='/panfs/panasas01/phys/bf16951/QMD/ParallelDevelopment/Results/Oct_01/12_39/BayesFactorsTimeRecords/', branchID=7, host_name='node45-021', interbranch=False, log_file='/panfs/panasas01/phys/bf16951/QMD/ParallelDevelopment/Results/Oct_01/12_39/logs/NV-exp-method-sim__random-phase--probe__QMLA_15.qmd.8794612.log', model_a_id=15, model_b_id=16, num_times_to_use=750, port_number=6315, qid=15, times_record='/panfs/panasas01/phys/bf16951/QMD/ParallelDevelopment/Results/Oct_01/12_39/BayesFactorsTimeRecords/BayesFactorsPairsTimes_015.txt', trueModel='xTiPPyTiPPzTiPPzTz') (26c22460-70a9-4d5a-8f2c-677c8a50b877)
22:04:09 15: Job OK (26c22460-70a9-4d5a-8f2c-677c8a50b877)
22:04:09 Result will never expire, clean up result key manually
22:04:09 Cleaning registries for queue: 15
22:04:09 
22:04:09 *** Listening on 15...
22:04:09 15: RemoteModelLearning.learnModelRemote('xTiPPxTxPPxTyPPxTzPPyTiPPyTyPPyTzPPzTiPPzTz', 17.0, branchID=8, growth_generator='two_qubit_ising_rotation_hyperfine_transverse', host_name='node45-021', log_file='/panfs/panasas01/phys/bf16951/QMD/ParallelDevelopment/Results/Oct_01/12_39/logs/NV-exp-method-sim__random-phase--probe__QMLA_15.qmd.8794612.log', port_number=6315, qid=15, remote=True) (cf47b4b6-b286-4195-b55d-e027656a7718)
22:29:37 15: Job OK (cf47b4b6-b286-4195-b55d-e027656a7718)
22:29:37 Result will never expire, clean up result key manually
22:29:37 15: RemoteBayesFactor.BayesFactorRemote(bayes_threshold=100, bf_data_folder='/panfs/panasas01/phys/bf16951/QMD/ParallelDevelopment/Results/Oct_01/12_39/BayesFactorsTimeRecords/', branchID=None, host_name='node45-021', interbranch=True, log_file='/panfs/panasas01/phys/bf16951/QMD/ParallelDevelopment/Results/Oct_01/12_39/logs/NV-exp-method-sim__random-phase--probe__QMLA_15.qmd.8794612.log', model_a_id=1, model_b_id=4, num_times_to_use=750, port_number=6315, qid=15, times_record='/panfs/panasas01/phys/bf16951/QMD/ParallelDevelopment/Results/Oct_01/12_39/BayesFactorsTimeRecords/BayesFactorsPairsTimes_015.txt', trueModel='xTiPPyTiPPzTiPPzTz') (cb232d7c-627b-401f-8645-f0e9f441dce0)
22:29:37 Cleaning registries for queue: 15
22:29:37 
22:29:37 *** Listening on 15...
22:29:37 15: RemoteBayesFactor.BayesFactorRemote(bayes_threshold=100, bf_data_folder='/panfs/panasas01/phys/bf16951/QMD/ParallelDevelopment/Results/Oct_01/12_39/BayesFactorsTimeRecords/', branchID=None, host_name='node45-021', interbranch=True, log_file='/panfs/panasas01/phys/bf16951/QMD/ParallelDevelopment/Results/Oct_01/12_39/logs/NV-exp-method-sim__random-phase--probe__QMLA_15.qmd.8794612.log', model_a_id=5, model_b_id=6, num_times_to_use=750, port_number=6315, qid=15, times_record='/panfs/panasas01/phys/bf16951/QMD/ParallelDevelopment/Results/Oct_01/12_39/BayesFactorsTimeRecords/BayesFactorsPairsTimes_015.txt', trueModel='xTiPPyTiPPzTiPPzTz') (91ec57c0-cd83-407b-b2c0-b677152a6c4f)
22:29:37 15: RemoteBayesFactor.BayesFactorRemote(bayes_threshold=100, bf_data_folder='/panfs/panasas01/phys/bf16951/QMD/ParallelDevelopment/Results/Oct_01/12_39/BayesFactorsTimeRecords/', branchID=None, host_name='node45-021', interbranch=True, log_file='/panfs/panasas01/phys/bf16951/QMD/ParallelDevelopment/Results/Oct_01/12_39/logs/NV-exp-method-sim__random-phase--probe__QMLA_15.qmd.8794612.log', model_a_id=10, model_b_id=11, num_times_to_use=750, port_number=6315, qid=15, times_record='/panfs/panasas01/phys/bf16951/QMD/ParallelDevelopment/Results/Oct_01/12_39/BayesFactorsTimeRecords/BayesFactorsPairsTimes_015.txt', trueModel='xTiPPyTiPPzTiPPzTz') (57f4f336-c3a4-4887-90be-475af785e293)
22:29:37 15: RemoteBayesFactor.BayesFactorRemote(bayes_threshold=100, bf_data_folder='/panfs/panasas01/phys/bf16951/QMD/ParallelDevelopment/Results/Oct_01/12_39/BayesFactorsTimeRecords/', branchID=None, host_name='node45-021', interbranch=True, log_file='/panfs/panasas01/phys/bf16951/QMD/ParallelDevelopment/Results/Oct_01/12_39/logs/NV-exp-method-sim__random-phase--probe__QMLA_15.qmd.8794612.log', model_a_id=6, model_b_id=10, num_times_to_use=750, port_number=6315, qid=15, times_record='/panfs/panasas01/phys/bf16951/QMD/ParallelDevelopment/Results/Oct_01/12_39/BayesFactorsTimeRecords/BayesFactorsPairsTimes_015.txt', trueModel='xTiPPyTiPPzTiPPzTz') (ab2b4b06-9d1c-427d-a4cb-72af39af43ca)
22:29:37 15: RemoteBayesFactor.BayesFactorRemote(bayes_threshold=100, bf_data_folder='/panfs/panasas01/phys/bf16951/QMD/ParallelDevelopment/Results/Oct_01/12_39/BayesFactorsTimeRecords/', branchID=None, host_name='node45-021', interbranch=True, log_file='/panfs/panasas01/phys/bf16951/QMD/ParallelDevelopment/Results/Oct_01/12_39/logs/NV-exp-method-sim__random-phase--probe__QMLA_15.qmd.8794612.log', model_a_id=11, model_b_id=14, num_times_to_use=750, port_number=6315, qid=15, times_record='/panfs/panasas01/phys/bf16951/QMD/ParallelDevelopment/Results/Oct_01/12_39/BayesFactorsTimeRecords/BayesFactorsPairsTimes_015.txt', trueModel='xTiPPyTiPPzTiPPzTz') (6d69b9d2-2171-42cd-945e-dc9b902fe39b)
22:29:37 15: RemoteBayesFactor.BayesFactorRemote(bayes_threshold=100, bf_data_folder='/panfs/panasas01/phys/bf16951/QMD/ParallelDevelopment/Results/Oct_01/12_39/BayesFactorsTimeRecords/', branchID=None, host_name='node45-021', interbranch=True, log_file='/panfs/panasas01/phys/bf16951/QMD/ParallelDevelopment/Results/Oct_01/12_39/logs/NV-exp-method-sim__random-phase--probe__QMLA_15.qmd.8794612.log', model_a_id=4, model_b_id=5, num_times_to_use=750, port_number=6315, qid=15, times_record='/panfs/panasas01/phys/bf16951/QMD/ParallelDevelopment/Results/Oct_01/12_39/BayesFactorsTimeRecords/BayesFactorsPairsTimes_015.txt', trueModel='xTiPPyTiPPzTiPPzTz') (05410c96-be95-4e8a-8f63-7f694c096bb9)
23:21:36 15: Job OK (6d69b9d2-2171-42cd-945e-dc9b902fe39b)
23:21:36 Result will never expire, clean up result key manually
23:21:36 
23:21:36 *** Listening on 15...
23:21:36 15: RemoteBayesFactor.BayesFactorRemote(bayes_threshold=100, bf_data_folder='/panfs/panasas01/phys/bf16951/QMD/ParallelDevelopment/Results/Oct_01/12_39/BayesFactorsTimeRecords/', branchID=None, host_name='node45-021', interbranch=True, log_file='/panfs/panasas01/phys/bf16951/QMD/ParallelDevelopment/Results/Oct_01/12_39/logs/NV-exp-method-sim__random-phase--probe__QMLA_15.qmd.8794612.log', model_a_id=14, model_b_id=16, num_times_to_use=750, port_number=6315, qid=15, times_record='/panfs/panasas01/phys/bf16951/QMD/ParallelDevelopment/Results/Oct_01/12_39/BayesFactorsTimeRecords/BayesFactorsPairsTimes_015.txt', trueModel='xTiPPyTiPPzTiPPzTz') (11813f44-dd15-43e3-928c-46de25e06d38)
23:22:31 15: Job OK (ab2b4b06-9d1c-427d-a4cb-72af39af43ca)
23:22:31 Result will never expire, clean up result key manually
23:22:31 Cleaning registries for queue: 15
23:22:31 
23:22:31 *** Listening on 15...
23:22:31 15: RemoteBayesFactor.BayesFactorRemote(bayes_threshold=100, bf_data_folder='/panfs/panasas01/phys/bf16951/QMD/ParallelDevelopment/Results/Oct_01/12_39/BayesFactorsTimeRecords/', branchID=None, host_name='node45-021', interbranch=True, log_file='/panfs/panasas01/phys/bf16951/QMD/ParallelDevelopment/Results/Oct_01/12_39/logs/NV-exp-method-sim__random-phase--probe__QMLA_15.qmd.8794612.log', model_a_id=16, model_b_id=17, num_times_to_use=750, port_number=6315, qid=15, times_record='/panfs/panasas01/phys/bf16951/QMD/ParallelDevelopment/Results/Oct_01/12_39/BayesFactorsTimeRecords/BayesFactorsPairsTimes_015.txt', trueModel='xTiPPyTiPPzTiPPzTz') (cf9d0ff4-f266-445d-937a-9fb0ae72f19c)
23:22:33 15: Job OK (57f4f336-c3a4-4887-90be-475af785e293)
23:22:33 Result will never expire, clean up result key manually
23:22:33 Cleaning registries for queue: 15
23:22:33 
23:22:33 *** Listening on 15...
23:23:14 15: Job OK (91ec57c0-cd83-407b-b2c0-b677152a6c4f)
23:23:14 Result will never expire, clean up result key manually
23:23:14 Cleaning registries for queue: 15
23:23:14 
23:23:14 *** Listening on 15...
23:23:44 15: Job OK (05410c96-be95-4e8a-8f63-7f694c096bb9)
23:23:44 Result will never expire, clean up result key manually
23:23:44 Cleaning registries for queue: 15
23:23:44 
23:23:44 *** Listening on 15...
23:24:22 15: Job OK (cb232d7c-627b-401f-8645-f0e9f441dce0)
23:24:22 Result will never expire, clean up result key manually
23:24:22 Cleaning registries for queue: 15
23:24:22 
23:24:22 *** Listening on 15...
00:11:44 15: Job OK (11813f44-dd15-43e3-928c-46de25e06d38)
00:11:44 Result will never expire, clean up result key manually
00:11:44 Cleaning registries for queue: 15
00:11:44 
00:11:44 *** Listening on 15...
00:12:11 15: Job OK (cf9d0ff4-f266-445d-937a-9fb0ae72f19c)
00:12:11 Result will never expire, clean up result key manually
00:12:11 
00:12:11 *** Listening on 15...
00:12:11 15: RemoteBayesFactor.BayesFactorRemote(bayes_threshold=100, bf_data_folder='/panfs/panasas01/phys/bf16951/QMD/ParallelDevelopment/Results/Oct_01/12_39/BayesFactorsTimeRecords/', branchID=9, host_name='node45-021', interbranch=False, log_file='/panfs/panasas01/phys/bf16951/QMD/ParallelDevelopment/Results/Oct_01/12_39/logs/NV-exp-method-sim__random-phase--probe__QMLA_15.qmd.8794612.log', model_a_id=17.0, model_b_id=6.0, num_times_to_use=750, port_number=6315, qid=15, times_record='/panfs/panasas01/phys/bf16951/QMD/ParallelDevelopment/Results/Oct_01/12_39/BayesFactorsTimeRecords/BayesFactorsPairsTimes_015.txt', trueModel='xTiPPyTiPPzTiPPzTz') (65460ae9-cebc-44e3-b3b0-68331e1b7ec4)
00:12:11 15: RemoteBayesFactor.BayesFactorRemote(bayes_threshold=100, bf_data_folder='/panfs/panasas01/phys/bf16951/QMD/ParallelDevelopment/Results/Oct_01/12_39/BayesFactorsTimeRecords/', branchID=9, host_name='node45-021', interbranch=False, log_file='/panfs/panasas01/phys/bf16951/QMD/ParallelDevelopment/Results/Oct_01/12_39/logs/NV-exp-method-sim__random-phase--probe__QMLA_15.qmd.8794612.log', model_a_id=17.0, model_b_id=4.0, num_times_to_use=750, port_number=6315, qid=15, times_record='/panfs/panasas01/phys/bf16951/QMD/ParallelDevelopment/Results/Oct_01/12_39/BayesFactorsTimeRecords/BayesFactorsPairsTimes_015.txt', trueModel='xTiPPyTiPPzTiPPzTz') (d9b876fd-526d-4c58-a4d5-82b5b1ddf212)
00:12:11 15: RemoteBayesFactor.BayesFactorRemote(bayes_threshold=100, bf_data_folder='/panfs/panasas01/phys/bf16951/QMD/ParallelDevelopment/Results/Oct_01/12_39/BayesFactorsTimeRecords/', branchID=9, host_name='node45-021', interbranch=False, log_file='/panfs/panasas01/phys/bf16951/QMD/ParallelDevelopment/Results/Oct_01/12_39/logs/NV-exp-method-sim__random-phase--probe__QMLA_15.qmd.8794612.log', model_a_id=6.0, model_b_id=4.0, num_times_to_use=750, port_number=6315, qid=15, times_record='/panfs/panasas01/phys/bf16951/QMD/ParallelDevelopment/Results/Oct_01/12_39/BayesFactorsTimeRecords/BayesFactorsPairsTimes_015.txt', trueModel='xTiPPyTiPPzTiPPzTz') (4989ab7c-bd75-4838-b9ea-d9a44dafc7bd)
01:03:51 15: Job OK (d9b876fd-526d-4c58-a4d5-82b5b1ddf212)
01:03:51 Result will never expire, clean up result key manually
01:03:51 Cleaning registries for queue: 15
01:03:51 
01:03:51 *** Listening on 15...
01:04:19 15: Job OK (65460ae9-cebc-44e3-b3b0-68331e1b7ec4)
01:04:19 Result will never expire, clean up result key manually
01:04:19 Cleaning registries for queue: 15
01:04:19 
01:04:19 *** Listening on 15...
01:04:48 15: Job OK (4989ab7c-bd75-4838-b9ea-d9a44dafc7bd)
01:04:48 Result will never expire, clean up result key manually
01:04:48 Cleaning registries for queue: 15
01:04:48 
01:04:48 *** Listening on 15...
Error 111 connecting to node45-021:6315. Connection refused.
Error 111 connecting to node45-021:6315. Connection refused.
Error 111 connecting to node45-021:6315. Connection refused.
Error 111 connecting to node45-021:6315. Connection refused.
Error 111 connecting to node45-021:6315. Connection refused.
Error 111 connecting to node45-021:6315. Connection refused.
