12:45:31 RQ worker 'rq:worker:node35-012.31507' started, version 0.8.1
12:45:31 RQ worker 'rq:worker:node35-012.31509' started, version 0.8.1
12:45:31 RQ worker 'rq:worker:node35-012.31510' started, version 0.8.1
12:45:31 RQ worker 'rq:worker:node35-012.31508' started, version 0.8.1
12:45:31 RQ worker 'rq:worker:node35-012.31511' started, version 0.8.1
12:45:31 RQ worker 'rq:worker:node35-012.31512' started, version 0.8.1
12:45:31 Cleaning registries for queue: 30
12:45:31 Cleaning registries for queue: 30
12:45:31 Cleaning registries for queue: 30
12:45:31 Cleaning registries for queue: 30
12:45:31 Cleaning registries for queue: 30
12:45:31 Cleaning registries for queue: 30
12:45:31 
12:45:31 
12:45:31 
12:45:31 
12:45:31 
12:45:31 
12:45:31 *** Listening on 30...
12:45:31 *** Listening on 30...
12:45:31 *** Listening on 30...
12:45:31 *** Listening on 30...
12:45:31 *** Listening on 30...
12:45:31 *** Listening on 30...
12:45:42 30: RemoteModelLearning.learnModelRemote('yTi', 1.0, branchID=0, growth_generator='two_qubit_ising_rotation_hyperfine_transverse', host_name='node35-012', log_file='/panfs/panasas01/phys/bf16951/QMD/ParallelDevelopment/Results/Oct_01/12_39/logs/NV-exp-method-sim__random-phase--probe__QMLA_30.qmd.8794627.log', port_number=6330, qid=30, remote=True) (813bebe1-14c8-4627-94f3-31ee8f53d685)
12:45:42 30: RemoteModelLearning.learnModelRemote('zTi', 2.0, branchID=0, growth_generator='two_qubit_ising_rotation_hyperfine_transverse', host_name='node35-012', log_file='/panfs/panasas01/phys/bf16951/QMD/ParallelDevelopment/Results/Oct_01/12_39/logs/NV-exp-method-sim__random-phase--probe__QMLA_30.qmd.8794627.log', port_number=6330, qid=30, remote=True) (1258bd71-d270-49d9-99cb-32402b56da94)
12:45:42 30: RemoteModelLearning.learnModelRemote('xTi', 0.0, branchID=0, growth_generator='two_qubit_ising_rotation_hyperfine_transverse', host_name='node35-012', log_file='/panfs/panasas01/phys/bf16951/QMD/ParallelDevelopment/Results/Oct_01/12_39/logs/NV-exp-method-sim__random-phase--probe__QMLA_30.qmd.8794627.log', port_number=6330, qid=30, remote=True) (b8c6c191-094b-4f24-bac5-00a9c367d4ef)
13:08:58 30: Job OK (b8c6c191-094b-4f24-bac5-00a9c367d4ef)
13:08:58 Result will never expire, clean up result key manually
13:08:58 
13:08:58 *** Listening on 30...
13:13:01 30: Job OK (813bebe1-14c8-4627-94f3-31ee8f53d685)
13:13:01 Result will never expire, clean up result key manually
13:13:01 
13:13:01 *** Listening on 30...
13:22:01 30: Job OK (1258bd71-d270-49d9-99cb-32402b56da94)
13:22:01 Result will never expire, clean up result key manually
13:22:01 
13:22:01 *** Listening on 30...
13:22:02 30: RemoteBayesFactor.BayesFactorRemote(bayes_threshold=100, bf_data_folder='/panfs/panasas01/phys/bf16951/QMD/ParallelDevelopment/Results/Oct_01/12_39/BayesFactorsTimeRecords/', branchID=0, host_name='node35-012', interbranch=False, log_file='/panfs/panasas01/phys/bf16951/QMD/ParallelDevelopment/Results/Oct_01/12_39/logs/NV-exp-method-sim__random-phase--probe__QMLA_30.qmd.8794627.log', model_a_id=0, model_b_id=1, num_times_to_use=750, port_number=6330, qid=30, times_record='/panfs/panasas01/phys/bf16951/QMD/ParallelDevelopment/Results/Oct_01/12_39/BayesFactorsTimeRecords/BayesFactorsPairsTimes_030.txt', trueModel='xTiPPyTiPPzTiPPzTz') (a2756231-f041-4445-9508-f3363c0ca7eb)
13:22:02 30: RemoteBayesFactor.BayesFactorRemote(bayes_threshold=100, bf_data_folder='/panfs/panasas01/phys/bf16951/QMD/ParallelDevelopment/Results/Oct_01/12_39/BayesFactorsTimeRecords/', branchID=0, host_name='node35-012', interbranch=False, log_file='/panfs/panasas01/phys/bf16951/QMD/ParallelDevelopment/Results/Oct_01/12_39/logs/NV-exp-method-sim__random-phase--probe__QMLA_30.qmd.8794627.log', model_a_id=0, model_b_id=2, num_times_to_use=750, port_number=6330, qid=30, times_record='/panfs/panasas01/phys/bf16951/QMD/ParallelDevelopment/Results/Oct_01/12_39/BayesFactorsTimeRecords/BayesFactorsPairsTimes_030.txt', trueModel='xTiPPyTiPPzTiPPzTz') (1d807104-f472-423a-874e-283038281818)
13:22:02 30: RemoteBayesFactor.BayesFactorRemote(bayes_threshold=100, bf_data_folder='/panfs/panasas01/phys/bf16951/QMD/ParallelDevelopment/Results/Oct_01/12_39/BayesFactorsTimeRecords/', branchID=0, host_name='node35-012', interbranch=False, log_file='/panfs/panasas01/phys/bf16951/QMD/ParallelDevelopment/Results/Oct_01/12_39/logs/NV-exp-method-sim__random-phase--probe__QMLA_30.qmd.8794627.log', model_a_id=1, model_b_id=2, num_times_to_use=750, port_number=6330, qid=30, times_record='/panfs/panasas01/phys/bf16951/QMD/ParallelDevelopment/Results/Oct_01/12_39/BayesFactorsTimeRecords/BayesFactorsPairsTimes_030.txt', trueModel='xTiPPyTiPPzTiPPzTz') (25afee55-884c-4db2-a95e-3a06e8609fc8)
14:12:43 30: Job OK (a2756231-f041-4445-9508-f3363c0ca7eb)
14:12:43 Result will never expire, clean up result key manually
14:12:43 Cleaning registries for queue: 30
14:12:43 
14:12:43 *** Listening on 30...
14:22:32 30: Job OK (1d807104-f472-423a-874e-283038281818)
14:22:32 Result will never expire, clean up result key manually
14:22:32 Cleaning registries for queue: 30
14:22:32 
14:22:32 *** Listening on 30...
14:30:05 30: Job OK (25afee55-884c-4db2-a95e-3a06e8609fc8)
14:30:05 Result will never expire, clean up result key manually
14:30:05 Cleaning registries for queue: 30
14:30:05 
14:30:05 *** Listening on 30...
14:30:05 30: RemoteModelLearning.learnModelRemote('xTiPPzTi', 3.0, branchID=1, growth_generator='two_qubit_ising_rotation_hyperfine_transverse', host_name='node35-012', log_file='/panfs/panasas01/phys/bf16951/QMD/ParallelDevelopment/Results/Oct_01/12_39/logs/NV-exp-method-sim__random-phase--probe__QMLA_30.qmd.8794627.log', port_number=6330, qid=30, remote=True) (9a308ce8-1fb9-4bd5-b7b5-ff96c84b408b)
14:30:05 30: RemoteModelLearning.learnModelRemote('yTiPPzTi', 4.0, branchID=1, growth_generator='two_qubit_ising_rotation_hyperfine_transverse', host_name='node35-012', log_file='/panfs/panasas01/phys/bf16951/QMD/ParallelDevelopment/Results/Oct_01/12_39/logs/NV-exp-method-sim__random-phase--probe__QMLA_30.qmd.8794627.log', port_number=6330, qid=30, remote=True) (2d0a3562-3b88-4a50-bc1e-6619486bee60)
14:55:56 30: Job OK (9a308ce8-1fb9-4bd5-b7b5-ff96c84b408b)
14:55:56 Result will never expire, clean up result key manually
14:55:56 
14:55:56 *** Listening on 30...
14:56:39 30: Job OK (2d0a3562-3b88-4a50-bc1e-6619486bee60)
14:56:39 Result will never expire, clean up result key manually
14:56:39 Cleaning registries for queue: 30
14:56:39 
14:56:39 *** Listening on 30...
14:56:39 30: RemoteBayesFactor.BayesFactorRemote(bayes_threshold=100, bf_data_folder='/panfs/panasas01/phys/bf16951/QMD/ParallelDevelopment/Results/Oct_01/12_39/BayesFactorsTimeRecords/', branchID=1, host_name='node35-012', interbranch=False, log_file='/panfs/panasas01/phys/bf16951/QMD/ParallelDevelopment/Results/Oct_01/12_39/logs/NV-exp-method-sim__random-phase--probe__QMLA_30.qmd.8794627.log', model_a_id=3, model_b_id=4, num_times_to_use=750, port_number=6330, qid=30, times_record='/panfs/panasas01/phys/bf16951/QMD/ParallelDevelopment/Results/Oct_01/12_39/BayesFactorsTimeRecords/BayesFactorsPairsTimes_030.txt', trueModel='xTiPPyTiPPzTiPPzTz') (73caa375-4e0c-4a5d-ad87-87f1894bb917)
15:48:20 30: Job OK (73caa375-4e0c-4a5d-ad87-87f1894bb917)
15:48:20 Result will never expire, clean up result key manually
15:48:20 Cleaning registries for queue: 30
15:48:20 
15:48:20 *** Listening on 30...
15:48:20 30: RemoteModelLearning.learnModelRemote('xTiPPyTiPPzTi', 5.0, branchID=2, growth_generator='two_qubit_ising_rotation_hyperfine_transverse', host_name='node35-012', log_file='/panfs/panasas01/phys/bf16951/QMD/ParallelDevelopment/Results/Oct_01/12_39/logs/NV-exp-method-sim__random-phase--probe__QMLA_30.qmd.8794627.log', port_number=6330, qid=30, remote=True) (6dfefcc6-6a77-4957-8c23-c1543fcb09df)
16:14:27 30: Job OK (6dfefcc6-6a77-4957-8c23-c1543fcb09df)
16:14:27 Result will never expire, clean up result key manually
16:14:27 Cleaning registries for queue: 30
16:14:27 
16:14:27 *** Listening on 30...
16:14:27 30: RemoteModelLearning.learnModelRemote('xTiPPxTxPPyTiPPzTi', 6.0, branchID=3, growth_generator='two_qubit_ising_rotation_hyperfine_transverse', host_name='node35-012', log_file='/panfs/panasas01/phys/bf16951/QMD/ParallelDevelopment/Results/Oct_01/12_39/logs/NV-exp-method-sim__random-phase--probe__QMLA_30.qmd.8794627.log', port_number=6330, qid=30, remote=True) (d595edc3-e3d8-47ff-8bc5-4c701c6a3133)
16:14:27 30: RemoteModelLearning.learnModelRemote('xTiPPyTiPPyTyPPzTi', 7.0, branchID=3, growth_generator='two_qubit_ising_rotation_hyperfine_transverse', host_name='node35-012', log_file='/panfs/panasas01/phys/bf16951/QMD/ParallelDevelopment/Results/Oct_01/12_39/logs/NV-exp-method-sim__random-phase--probe__QMLA_30.qmd.8794627.log', port_number=6330, qid=30, remote=True) (f778e718-d13f-4597-aa5c-d1b6e849847d)
16:14:27 30: RemoteModelLearning.learnModelRemote('xTiPPyTiPPzTiPPzTz', 8.0, branchID=3, growth_generator='two_qubit_ising_rotation_hyperfine_transverse', host_name='node35-012', log_file='/panfs/panasas01/phys/bf16951/QMD/ParallelDevelopment/Results/Oct_01/12_39/logs/NV-exp-method-sim__random-phase--probe__QMLA_30.qmd.8794627.log', port_number=6330, qid=30, remote=True) (5562f93c-5576-459f-8e09-dd1bf2098c9c)
16:39:49 30: Job OK (f778e718-d13f-4597-aa5c-d1b6e849847d)
16:39:49 Result will never expire, clean up result key manually
16:39:49 Cleaning registries for queue: 30
16:39:49 
16:39:49 *** Listening on 30...
16:40:26 30: Job OK (d595edc3-e3d8-47ff-8bc5-4c701c6a3133)
16:40:26 Result will never expire, clean up result key manually
16:40:26 Cleaning registries for queue: 30
16:40:26 
16:40:26 *** Listening on 30...
16:41:06 30: Job OK (5562f93c-5576-459f-8e09-dd1bf2098c9c)
16:41:06 Result will never expire, clean up result key manually
16:41:06 Cleaning registries for queue: 30
16:41:06 
16:41:06 *** Listening on 30...
16:41:07 30: RemoteBayesFactor.BayesFactorRemote(bayes_threshold=100, bf_data_folder='/panfs/panasas01/phys/bf16951/QMD/ParallelDevelopment/Results/Oct_01/12_39/BayesFactorsTimeRecords/', branchID=3, host_name='node35-012', interbranch=False, log_file='/panfs/panasas01/phys/bf16951/QMD/ParallelDevelopment/Results/Oct_01/12_39/logs/NV-exp-method-sim__random-phase--probe__QMLA_30.qmd.8794627.log', model_a_id=7, model_b_id=8, num_times_to_use=750, port_number=6330, qid=30, times_record='/panfs/panasas01/phys/bf16951/QMD/ParallelDevelopment/Results/Oct_01/12_39/BayesFactorsTimeRecords/BayesFactorsPairsTimes_030.txt', trueModel='xTiPPyTiPPzTiPPzTz') (c5c436b9-3690-49cf-97d7-6ef10849ca7b)
16:41:07 30: RemoteBayesFactor.BayesFactorRemote(bayes_threshold=100, bf_data_folder='/panfs/panasas01/phys/bf16951/QMD/ParallelDevelopment/Results/Oct_01/12_39/BayesFactorsTimeRecords/', branchID=3, host_name='node35-012', interbranch=False, log_file='/panfs/panasas01/phys/bf16951/QMD/ParallelDevelopment/Results/Oct_01/12_39/logs/NV-exp-method-sim__random-phase--probe__QMLA_30.qmd.8794627.log', model_a_id=6, model_b_id=7, num_times_to_use=750, port_number=6330, qid=30, times_record='/panfs/panasas01/phys/bf16951/QMD/ParallelDevelopment/Results/Oct_01/12_39/BayesFactorsTimeRecords/BayesFactorsPairsTimes_030.txt', trueModel='xTiPPyTiPPzTiPPzTz') (e07d9a0d-5fd6-4c16-957d-77bf515c9264)
16:41:07 30: RemoteBayesFactor.BayesFactorRemote(bayes_threshold=100, bf_data_folder='/panfs/panasas01/phys/bf16951/QMD/ParallelDevelopment/Results/Oct_01/12_39/BayesFactorsTimeRecords/', branchID=3, host_name='node35-012', interbranch=False, log_file='/panfs/panasas01/phys/bf16951/QMD/ParallelDevelopment/Results/Oct_01/12_39/logs/NV-exp-method-sim__random-phase--probe__QMLA_30.qmd.8794627.log', model_a_id=6, model_b_id=8, num_times_to_use=750, port_number=6330, qid=30, times_record='/panfs/panasas01/phys/bf16951/QMD/ParallelDevelopment/Results/Oct_01/12_39/BayesFactorsTimeRecords/BayesFactorsPairsTimes_030.txt', trueModel='xTiPPyTiPPzTiPPzTz') (3146a2c5-fbb6-438b-a6eb-207175d646fa)
17:32:48 30: Job OK (e07d9a0d-5fd6-4c16-957d-77bf515c9264)
17:32:48 Result will never expire, clean up result key manually
17:32:48 Cleaning registries for queue: 30
17:32:48 
17:32:48 *** Listening on 30...
17:33:35 30: Job OK (3146a2c5-fbb6-438b-a6eb-207175d646fa)
17:33:35 Result will never expire, clean up result key manually
17:33:35 Cleaning registries for queue: 30
17:33:35 
17:33:35 *** Listening on 30...
17:33:54 30: Job OK (c5c436b9-3690-49cf-97d7-6ef10849ca7b)
17:33:54 Result will never expire, clean up result key manually
17:33:54 Cleaning registries for queue: 30
17:33:54 
17:33:54 *** Listening on 30...
17:33:54 30: RemoteModelLearning.learnModelRemote('xTiPPyTiPPyTyPPzTiPPzTz', 9.0, branchID=4, growth_generator='two_qubit_ising_rotation_hyperfine_transverse', host_name='node35-012', log_file='/panfs/panasas01/phys/bf16951/QMD/ParallelDevelopment/Results/Oct_01/12_39/logs/NV-exp-method-sim__random-phase--probe__QMLA_30.qmd.8794627.log', port_number=6330, qid=30, remote=True) (e8a9f8f0-2a75-4ec7-8bb0-5da56400eb29)
17:33:54 30: RemoteModelLearning.learnModelRemote('xTiPPxTxPPyTiPPzTiPPzTz', 10.0, branchID=4, growth_generator='two_qubit_ising_rotation_hyperfine_transverse', host_name='node35-012', log_file='/panfs/panasas01/phys/bf16951/QMD/ParallelDevelopment/Results/Oct_01/12_39/logs/NV-exp-method-sim__random-phase--probe__QMLA_30.qmd.8794627.log', port_number=6330, qid=30, remote=True) (15b52789-79bc-453c-93b0-ae323bfb1dfc)
17:59:22 30: Job OK (e8a9f8f0-2a75-4ec7-8bb0-5da56400eb29)
17:59:22 Result will never expire, clean up result key manually
17:59:22 Cleaning registries for queue: 30
17:59:22 
17:59:22 *** Listening on 30...
17:59:41 30: Job OK (15b52789-79bc-453c-93b0-ae323bfb1dfc)
17:59:41 Result will never expire, clean up result key manually
17:59:41 Cleaning registries for queue: 30
17:59:41 
17:59:41 *** Listening on 30...
17:59:41 30: RemoteBayesFactor.BayesFactorRemote(bayes_threshold=100, bf_data_folder='/panfs/panasas01/phys/bf16951/QMD/ParallelDevelopment/Results/Oct_01/12_39/BayesFactorsTimeRecords/', branchID=4, host_name='node35-012', interbranch=False, log_file='/panfs/panasas01/phys/bf16951/QMD/ParallelDevelopment/Results/Oct_01/12_39/logs/NV-exp-method-sim__random-phase--probe__QMLA_30.qmd.8794627.log', model_a_id=9, model_b_id=10, num_times_to_use=750, port_number=6330, qid=30, times_record='/panfs/panasas01/phys/bf16951/QMD/ParallelDevelopment/Results/Oct_01/12_39/BayesFactorsTimeRecords/BayesFactorsPairsTimes_030.txt', trueModel='xTiPPyTiPPzTiPPzTz') (e825bbe8-d971-4aaa-a432-18df9232b254)
18:50:09 30: Job OK (e825bbe8-d971-4aaa-a432-18df9232b254)
18:50:09 Result will never expire, clean up result key manually
18:50:09 Cleaning registries for queue: 30
18:50:09 
18:50:09 *** Listening on 30...
18:50:09 30: RemoteModelLearning.learnModelRemote('xTiPPxTxPPyTiPPyTyPPzTiPPzTz', 11.0, branchID=5, growth_generator='two_qubit_ising_rotation_hyperfine_transverse', host_name='node35-012', log_file='/panfs/panasas01/phys/bf16951/QMD/ParallelDevelopment/Results/Oct_01/12_39/logs/NV-exp-method-sim__random-phase--probe__QMLA_30.qmd.8794627.log', port_number=6330, qid=30, remote=True) (4c8452eb-4ecd-4148-8bc1-8e019566a14a)
19:15:05 30: Job OK (4c8452eb-4ecd-4148-8bc1-8e019566a14a)
19:15:05 Result will never expire, clean up result key manually
19:15:05 Cleaning registries for queue: 30
19:15:05 
19:15:05 *** Listening on 30...
19:15:05 30: RemoteModelLearning.learnModelRemote('xTiPPxTxPPxTyPPyTiPPyTyPPzTiPPzTz', 12.0, branchID=6, growth_generator='two_qubit_ising_rotation_hyperfine_transverse', host_name='node35-012', log_file='/panfs/panasas01/phys/bf16951/QMD/ParallelDevelopment/Results/Oct_01/12_39/logs/NV-exp-method-sim__random-phase--probe__QMLA_30.qmd.8794627.log', port_number=6330, qid=30, remote=True) (c5aacfcf-ca74-4227-983c-9af5e792e034)
19:15:05 30: RemoteModelLearning.learnModelRemote('xTiPPxTxPPyTiPPyTyPPyTzPPzTiPPzTz', 13.0, branchID=6, growth_generator='two_qubit_ising_rotation_hyperfine_transverse', host_name='node35-012', log_file='/panfs/panasas01/phys/bf16951/QMD/ParallelDevelopment/Results/Oct_01/12_39/logs/NV-exp-method-sim__random-phase--probe__QMLA_30.qmd.8794627.log', port_number=6330, qid=30, remote=True) (f7b30be8-dd9d-492b-ab53-3a5f0306f83c)
19:15:05 30: RemoteModelLearning.learnModelRemote('xTiPPxTxPPxTzPPyTiPPyTyPPzTiPPzTz', 14.0, branchID=6, growth_generator='two_qubit_ising_rotation_hyperfine_transverse', host_name='node35-012', log_file='/panfs/panasas01/phys/bf16951/QMD/ParallelDevelopment/Results/Oct_01/12_39/logs/NV-exp-method-sim__random-phase--probe__QMLA_30.qmd.8794627.log', port_number=6330, qid=30, remote=True) (5766cd05-e6d6-4d41-b419-1550171b1355)
19:40:43 30: Job OK (c5aacfcf-ca74-4227-983c-9af5e792e034)
19:40:43 Result will never expire, clean up result key manually
19:40:43 Cleaning registries for queue: 30
19:40:43 
19:40:43 *** Listening on 30...
19:40:54 30: Job OK (5766cd05-e6d6-4d41-b419-1550171b1355)
19:40:54 Result will never expire, clean up result key manually
19:40:54 Cleaning registries for queue: 30
19:40:54 
19:40:54 *** Listening on 30...
19:41:18 30: Job OK (f7b30be8-dd9d-492b-ab53-3a5f0306f83c)
19:41:18 Result will never expire, clean up result key manually
19:41:18 Cleaning registries for queue: 30
19:41:18 
19:41:18 *** Listening on 30...
19:41:18 30: RemoteBayesFactor.BayesFactorRemote(bayes_threshold=100, bf_data_folder='/panfs/panasas01/phys/bf16951/QMD/ParallelDevelopment/Results/Oct_01/12_39/BayesFactorsTimeRecords/', branchID=6, host_name='node35-012', interbranch=False, log_file='/panfs/panasas01/phys/bf16951/QMD/ParallelDevelopment/Results/Oct_01/12_39/logs/NV-exp-method-sim__random-phase--probe__QMLA_30.qmd.8794627.log', model_a_id=12, model_b_id=14, num_times_to_use=750, port_number=6330, qid=30, times_record='/panfs/panasas01/phys/bf16951/QMD/ParallelDevelopment/Results/Oct_01/12_39/BayesFactorsTimeRecords/BayesFactorsPairsTimes_030.txt', trueModel='xTiPPyTiPPzTiPPzTz') (58f493c4-1921-43d8-86aa-9398b190dbbb)
19:41:18 30: RemoteBayesFactor.BayesFactorRemote(bayes_threshold=100, bf_data_folder='/panfs/panasas01/phys/bf16951/QMD/ParallelDevelopment/Results/Oct_01/12_39/BayesFactorsTimeRecords/', branchID=6, host_name='node35-012', interbranch=False, log_file='/panfs/panasas01/phys/bf16951/QMD/ParallelDevelopment/Results/Oct_01/12_39/logs/NV-exp-method-sim__random-phase--probe__QMLA_30.qmd.8794627.log', model_a_id=12, model_b_id=13, num_times_to_use=750, port_number=6330, qid=30, times_record='/panfs/panasas01/phys/bf16951/QMD/ParallelDevelopment/Results/Oct_01/12_39/BayesFactorsTimeRecords/BayesFactorsPairsTimes_030.txt', trueModel='xTiPPyTiPPzTiPPzTz') (4e6e6e0f-337d-491a-a14e-aa3bec19c670)
19:41:18 30: RemoteBayesFactor.BayesFactorRemote(bayes_threshold=100, bf_data_folder='/panfs/panasas01/phys/bf16951/QMD/ParallelDevelopment/Results/Oct_01/12_39/BayesFactorsTimeRecords/', branchID=6, host_name='node35-012', interbranch=False, log_file='/panfs/panasas01/phys/bf16951/QMD/ParallelDevelopment/Results/Oct_01/12_39/logs/NV-exp-method-sim__random-phase--probe__QMLA_30.qmd.8794627.log', model_a_id=13, model_b_id=14, num_times_to_use=750, port_number=6330, qid=30, times_record='/panfs/panasas01/phys/bf16951/QMD/ParallelDevelopment/Results/Oct_01/12_39/BayesFactorsTimeRecords/BayesFactorsPairsTimes_030.txt', trueModel='xTiPPyTiPPzTiPPzTz') (090fd84f-c73f-4685-ae1e-f291f6be0b6a)
20:31:35 30: Job OK (090fd84f-c73f-4685-ae1e-f291f6be0b6a)
20:31:35 Result will never expire, clean up result key manually
20:31:35 Cleaning registries for queue: 30
20:31:35 
20:31:35 *** Listening on 30...
20:31:42 30: Job OK (58f493c4-1921-43d8-86aa-9398b190dbbb)
20:31:42 Result will never expire, clean up result key manually
20:31:43 Cleaning registries for queue: 30
20:31:43 
20:31:43 *** Listening on 30...
20:31:43 30: Job OK (4e6e6e0f-337d-491a-a14e-aa3bec19c670)
20:31:43 Result will never expire, clean up result key manually
20:31:43 Cleaning registries for queue: 30
20:31:43 
20:31:43 *** Listening on 30...
20:31:44 30: RemoteModelLearning.learnModelRemote('xTiPPxTxPPxTyPPyTiPPyTyPPyTzPPzTiPPzTz', 15.0, branchID=7, growth_generator='two_qubit_ising_rotation_hyperfine_transverse', host_name='node35-012', log_file='/panfs/panasas01/phys/bf16951/QMD/ParallelDevelopment/Results/Oct_01/12_39/logs/NV-exp-method-sim__random-phase--probe__QMLA_30.qmd.8794627.log', port_number=6330, qid=30, remote=True) (631c0ef3-5815-4f5c-9309-d7ebeca5b003)
20:31:44 30: RemoteModelLearning.learnModelRemote('xTiPPxTxPPxTzPPyTiPPyTyPPyTzPPzTiPPzTz', 16.0, branchID=7, growth_generator='two_qubit_ising_rotation_hyperfine_transverse', host_name='node35-012', log_file='/panfs/panasas01/phys/bf16951/QMD/ParallelDevelopment/Results/Oct_01/12_39/logs/NV-exp-method-sim__random-phase--probe__QMLA_30.qmd.8794627.log', port_number=6330, qid=30, remote=True) (ae9c4494-187f-4cbb-8bee-725b5ee1c7b0)
20:56:56 30: Job OK (631c0ef3-5815-4f5c-9309-d7ebeca5b003)
20:56:56 Result will never expire, clean up result key manually
20:56:56 Cleaning registries for queue: 30
20:56:56 
20:56:56 *** Listening on 30...
20:57:05 30: Job OK (ae9c4494-187f-4cbb-8bee-725b5ee1c7b0)
20:57:05 Result will never expire, clean up result key manually
20:57:05 Cleaning registries for queue: 30
20:57:05 
20:57:05 *** Listening on 30...
20:57:05 30: RemoteBayesFactor.BayesFactorRemote(bayes_threshold=100, bf_data_folder='/panfs/panasas01/phys/bf16951/QMD/ParallelDevelopment/Results/Oct_01/12_39/BayesFactorsTimeRecords/', branchID=7, host_name='node35-012', interbranch=False, log_file='/panfs/panasas01/phys/bf16951/QMD/ParallelDevelopment/Results/Oct_01/12_39/logs/NV-exp-method-sim__random-phase--probe__QMLA_30.qmd.8794627.log', model_a_id=15, model_b_id=16, num_times_to_use=750, port_number=6330, qid=30, times_record='/panfs/panasas01/phys/bf16951/QMD/ParallelDevelopment/Results/Oct_01/12_39/BayesFactorsTimeRecords/BayesFactorsPairsTimes_030.txt', trueModel='xTiPPyTiPPzTiPPzTz') (789365cc-ba5f-43ae-8c93-c739741a2eb7)
21:46:54 30: Job OK (789365cc-ba5f-43ae-8c93-c739741a2eb7)
21:46:54 Result will never expire, clean up result key manually
21:46:54 Cleaning registries for queue: 30
21:46:54 
21:46:54 *** Listening on 30...
21:46:54 30: RemoteModelLearning.learnModelRemote('xTiPPxTxPPxTyPPxTzPPyTiPPyTyPPyTzPPzTiPPzTz', 17.0, branchID=8, growth_generator='two_qubit_ising_rotation_hyperfine_transverse', host_name='node35-012', log_file='/panfs/panasas01/phys/bf16951/QMD/ParallelDevelopment/Results/Oct_01/12_39/logs/NV-exp-method-sim__random-phase--probe__QMLA_30.qmd.8794627.log', port_number=6330, qid=30, remote=True) (f294dce5-f1ce-4783-9fde-463ccb4df56f)
22:11:39 30: Job OK (f294dce5-f1ce-4783-9fde-463ccb4df56f)
22:11:39 Result will never expire, clean up result key manually
22:11:39 30: RemoteBayesFactor.BayesFactorRemote(bayes_threshold=100, bf_data_folder='/panfs/panasas01/phys/bf16951/QMD/ParallelDevelopment/Results/Oct_01/12_39/BayesFactorsTimeRecords/', branchID=None, host_name='node35-012', interbranch=True, log_file='/panfs/panasas01/phys/bf16951/QMD/ParallelDevelopment/Results/Oct_01/12_39/logs/NV-exp-method-sim__random-phase--probe__QMLA_30.qmd.8794627.log', model_a_id=2, model_b_id=3, num_times_to_use=750, port_number=6330, qid=30, times_record='/panfs/panasas01/phys/bf16951/QMD/ParallelDevelopment/Results/Oct_01/12_39/BayesFactorsTimeRecords/BayesFactorsPairsTimes_030.txt', trueModel='xTiPPyTiPPzTiPPzTz') (692f762f-b177-43c3-9f10-abebeda2d02c)
22:11:39 30: RemoteBayesFactor.BayesFactorRemote(bayes_threshold=100, bf_data_folder='/panfs/panasas01/phys/bf16951/QMD/ParallelDevelopment/Results/Oct_01/12_39/BayesFactorsTimeRecords/', branchID=None, host_name='node35-012', interbranch=True, log_file='/panfs/panasas01/phys/bf16951/QMD/ParallelDevelopment/Results/Oct_01/12_39/logs/NV-exp-method-sim__random-phase--probe__QMLA_30.qmd.8794627.log', model_a_id=5, model_b_id=8, num_times_to_use=750, port_number=6330, qid=30, times_record='/panfs/panasas01/phys/bf16951/QMD/ParallelDevelopment/Results/Oct_01/12_39/BayesFactorsTimeRecords/BayesFactorsPairsTimes_030.txt', trueModel='xTiPPyTiPPzTiPPzTz') (115641be-ef99-434c-a9e1-23b023fe40aa)
22:11:39 Cleaning registries for queue: 30
22:11:39 
22:11:39 *** Listening on 30...
22:11:39 30: RemoteBayesFactor.BayesFactorRemote(bayes_threshold=100, bf_data_folder='/panfs/panasas01/phys/bf16951/QMD/ParallelDevelopment/Results/Oct_01/12_39/BayesFactorsTimeRecords/', branchID=None, host_name='node35-012', interbranch=True, log_file='/panfs/panasas01/phys/bf16951/QMD/ParallelDevelopment/Results/Oct_01/12_39/logs/NV-exp-method-sim__random-phase--probe__QMLA_30.qmd.8794627.log', model_a_id=11, model_b_id=13, num_times_to_use=750, port_number=6330, qid=30, times_record='/panfs/panasas01/phys/bf16951/QMD/ParallelDevelopment/Results/Oct_01/12_39/BayesFactorsTimeRecords/BayesFactorsPairsTimes_030.txt', trueModel='xTiPPyTiPPzTiPPzTz') (1f5c0e3e-bacd-470f-aaa9-11396b060958)
22:11:39 30: RemoteBayesFactor.BayesFactorRemote(bayes_threshold=100, bf_data_folder='/panfs/panasas01/phys/bf16951/QMD/ParallelDevelopment/Results/Oct_01/12_39/BayesFactorsTimeRecords/', branchID=None, host_name='node35-012', interbranch=True, log_file='/panfs/panasas01/phys/bf16951/QMD/ParallelDevelopment/Results/Oct_01/12_39/logs/NV-exp-method-sim__random-phase--probe__QMLA_30.qmd.8794627.log', model_a_id=3, model_b_id=5, num_times_to_use=750, port_number=6330, qid=30, times_record='/panfs/panasas01/phys/bf16951/QMD/ParallelDevelopment/Results/Oct_01/12_39/BayesFactorsTimeRecords/BayesFactorsPairsTimes_030.txt', trueModel='xTiPPyTiPPzTiPPzTz') (306132e0-9676-4d2d-9434-0923f98d44dc)
22:11:39 30: RemoteBayesFactor.BayesFactorRemote(bayes_threshold=100, bf_data_folder='/panfs/panasas01/phys/bf16951/QMD/ParallelDevelopment/Results/Oct_01/12_39/BayesFactorsTimeRecords/', branchID=None, host_name='node35-012', interbranch=True, log_file='/panfs/panasas01/phys/bf16951/QMD/ParallelDevelopment/Results/Oct_01/12_39/logs/NV-exp-method-sim__random-phase--probe__QMLA_30.qmd.8794627.log', model_a_id=8, model_b_id=9, num_times_to_use=750, port_number=6330, qid=30, times_record='/panfs/panasas01/phys/bf16951/QMD/ParallelDevelopment/Results/Oct_01/12_39/BayesFactorsTimeRecords/BayesFactorsPairsTimes_030.txt', trueModel='xTiPPyTiPPzTiPPzTz') (aa16bf7c-2001-4396-b998-8dd9e009db4a)
22:11:39 30: RemoteBayesFactor.BayesFactorRemote(bayes_threshold=100, bf_data_folder='/panfs/panasas01/phys/bf16951/QMD/ParallelDevelopment/Results/Oct_01/12_39/BayesFactorsTimeRecords/', branchID=None, host_name='node35-012', interbranch=True, log_file='/panfs/panasas01/phys/bf16951/QMD/ParallelDevelopment/Results/Oct_01/12_39/logs/NV-exp-method-sim__random-phase--probe__QMLA_30.qmd.8794627.log', model_a_id=9, model_b_id=11, num_times_to_use=750, port_number=6330, qid=30, times_record='/panfs/panasas01/phys/bf16951/QMD/ParallelDevelopment/Results/Oct_01/12_39/BayesFactorsTimeRecords/BayesFactorsPairsTimes_030.txt', trueModel='xTiPPyTiPPzTiPPzTz') (4b1a1f0f-f63f-4151-88f9-5e6abc5dbfed)
23:02:26 30: Job OK (1f5c0e3e-bacd-470f-aaa9-11396b060958)
23:02:26 Result will never expire, clean up result key manually
23:02:26 
23:02:26 *** Listening on 30...
23:02:26 30: RemoteBayesFactor.BayesFactorRemote(bayes_threshold=100, bf_data_folder='/panfs/panasas01/phys/bf16951/QMD/ParallelDevelopment/Results/Oct_01/12_39/BayesFactorsTimeRecords/', branchID=None, host_name='node35-012', interbranch=True, log_file='/panfs/panasas01/phys/bf16951/QMD/ParallelDevelopment/Results/Oct_01/12_39/logs/NV-exp-method-sim__random-phase--probe__QMLA_30.qmd.8794627.log', model_a_id=13, model_b_id=15, num_times_to_use=750, port_number=6330, qid=30, times_record='/panfs/panasas01/phys/bf16951/QMD/ParallelDevelopment/Results/Oct_01/12_39/BayesFactorsTimeRecords/BayesFactorsPairsTimes_030.txt', trueModel='xTiPPyTiPPzTiPPzTz') (0d303fdc-42a3-4ec1-8cb8-f97c7559029a)
23:03:19 30: Job OK (4b1a1f0f-f63f-4151-88f9-5e6abc5dbfed)
23:03:19 Result will never expire, clean up result key manually
23:03:19 Cleaning registries for queue: 30
23:03:19 
23:03:19 *** Listening on 30...
23:03:19 30: RemoteBayesFactor.BayesFactorRemote(bayes_threshold=100, bf_data_folder='/panfs/panasas01/phys/bf16951/QMD/ParallelDevelopment/Results/Oct_01/12_39/BayesFactorsTimeRecords/', branchID=None, host_name='node35-012', interbranch=True, log_file='/panfs/panasas01/phys/bf16951/QMD/ParallelDevelopment/Results/Oct_01/12_39/logs/NV-exp-method-sim__random-phase--probe__QMLA_30.qmd.8794627.log', model_a_id=15, model_b_id=17, num_times_to_use=750, port_number=6330, qid=30, times_record='/panfs/panasas01/phys/bf16951/QMD/ParallelDevelopment/Results/Oct_01/12_39/BayesFactorsTimeRecords/BayesFactorsPairsTimes_030.txt', trueModel='xTiPPyTiPPzTiPPzTz') (18fc7665-a708-4dc8-bfdc-dae74166dad9)
23:04:09 30: Job OK (aa16bf7c-2001-4396-b998-8dd9e009db4a)
23:04:09 Result will never expire, clean up result key manually
23:04:09 Cleaning registries for queue: 30
23:04:09 
23:04:09 *** Listening on 30...
23:04:28 30: Job OK (115641be-ef99-434c-a9e1-23b023fe40aa)
23:04:28 Result will never expire, clean up result key manually
23:04:28 Cleaning registries for queue: 30
23:04:28 
23:04:28 *** Listening on 30...
23:04:39 30: Job OK (306132e0-9676-4d2d-9434-0923f98d44dc)
23:04:39 Result will never expire, clean up result key manually
23:04:39 Cleaning registries for queue: 30
23:04:39 
23:04:39 *** Listening on 30...
23:11:56 30: Job OK (692f762f-b177-43c3-9f10-abebeda2d02c)
23:11:56 Result will never expire, clean up result key manually
23:11:56 Cleaning registries for queue: 30
23:11:56 
23:11:56 *** Listening on 30...
23:52:36 30: Job OK (0d303fdc-42a3-4ec1-8cb8-f97c7559029a)
23:52:36 Result will never expire, clean up result key manually
23:52:36 Cleaning registries for queue: 30
23:52:36 
23:52:36 *** Listening on 30...
23:54:06 30: Job OK (18fc7665-a708-4dc8-bfdc-dae74166dad9)
23:54:06 Result will never expire, clean up result key manually
23:54:06 
23:54:06 *** Listening on 30...
23:54:06 30: RemoteBayesFactor.BayesFactorRemote(bayes_threshold=100, bf_data_folder='/panfs/panasas01/phys/bf16951/QMD/ParallelDevelopment/Results/Oct_01/12_39/BayesFactorsTimeRecords/', branchID=9, host_name='node35-012', interbranch=False, log_file='/panfs/panasas01/phys/bf16951/QMD/ParallelDevelopment/Results/Oct_01/12_39/logs/NV-exp-method-sim__random-phase--probe__QMLA_30.qmd.8794627.log', model_a_id=11.0, model_b_id=3.0, num_times_to_use=750, port_number=6330, qid=30, times_record='/panfs/panasas01/phys/bf16951/QMD/ParallelDevelopment/Results/Oct_01/12_39/BayesFactorsTimeRecords/BayesFactorsPairsTimes_030.txt', trueModel='xTiPPyTiPPzTiPPzTz') (d1a9753b-d0f3-4e5e-b436-07b096ed3714)
23:54:06 30: RemoteBayesFactor.BayesFactorRemote(bayes_threshold=100, bf_data_folder='/panfs/panasas01/phys/bf16951/QMD/ParallelDevelopment/Results/Oct_01/12_39/BayesFactorsTimeRecords/', branchID=9, host_name='node35-012', interbranch=False, log_file='/panfs/panasas01/phys/bf16951/QMD/ParallelDevelopment/Results/Oct_01/12_39/logs/NV-exp-method-sim__random-phase--probe__QMLA_30.qmd.8794627.log', model_a_id=11.0, model_b_id=8.0, num_times_to_use=750, port_number=6330, qid=30, times_record='/panfs/panasas01/phys/bf16951/QMD/ParallelDevelopment/Results/Oct_01/12_39/BayesFactorsTimeRecords/BayesFactorsPairsTimes_030.txt', trueModel='xTiPPyTiPPzTiPPzTz') (a86be8af-09c9-43d4-a84e-0db7e14e56d8)
23:54:06 30: RemoteBayesFactor.BayesFactorRemote(bayes_threshold=100, bf_data_folder='/panfs/panasas01/phys/bf16951/QMD/ParallelDevelopment/Results/Oct_01/12_39/BayesFactorsTimeRecords/', branchID=9, host_name='node35-012', interbranch=False, log_file='/panfs/panasas01/phys/bf16951/QMD/ParallelDevelopment/Results/Oct_01/12_39/logs/NV-exp-method-sim__random-phase--probe__QMLA_30.qmd.8794627.log', model_a_id=3.0, model_b_id=8.0, num_times_to_use=750, port_number=6330, qid=30, times_record='/panfs/panasas01/phys/bf16951/QMD/ParallelDevelopment/Results/Oct_01/12_39/BayesFactorsTimeRecords/BayesFactorsPairsTimes_030.txt', trueModel='xTiPPyTiPPzTiPPzTz') (ef3235d1-ecb9-4681-ad8e-53a6874de9c1)
00:45:54 30: Job OK (d1a9753b-d0f3-4e5e-b436-07b096ed3714)
00:45:54 Result will never expire, clean up result key manually
00:45:54 Cleaning registries for queue: 30
00:45:54 
00:45:54 *** Listening on 30...
00:46:18 30: Job OK (a86be8af-09c9-43d4-a84e-0db7e14e56d8)
00:46:18 Result will never expire, clean up result key manually
00:46:18 Cleaning registries for queue: 30
00:46:18 
00:46:18 *** Listening on 30...
00:46:35 30: Job OK (ef3235d1-ecb9-4681-ad8e-53a6874de9c1)
00:46:35 Result will never expire, clean up result key manually
00:46:35 
00:46:35 *** Listening on 30...
Error 111 connecting to node35-012:6330. Connection refused.
Error 111 connecting to node35-012:6330. Connection refused.
Error 111 connecting to node35-012:6330. Connection refused.
Error 111 connecting to node35-012:6330. Connection refused.
Error 111 connecting to node35-012:6330. Connection refused.
Error 111 connecting to node35-012:6330. Connection refused.
