12:46:04 RQ worker 'rq:worker:node33-025.114163' started, version 0.8.1
12:46:04 RQ worker 'rq:worker:node33-025.114164' started, version 0.8.1
12:46:04 RQ worker 'rq:worker:node33-025.114165' started, version 0.8.1
12:46:04 RQ worker 'rq:worker:node33-025.114166' started, version 0.8.1
12:46:04 RQ worker 'rq:worker:node33-025.114167' started, version 0.8.1
12:46:04 RQ worker 'rq:worker:node33-025.114162' started, version 0.8.1
12:46:04 Cleaning registries for queue: 32
12:46:04 Cleaning registries for queue: 32
12:46:04 Cleaning registries for queue: 32
12:46:04 Cleaning registries for queue: 32
12:46:04 Cleaning registries for queue: 32
12:46:04 Cleaning registries for queue: 32
12:46:04 
12:46:04 
12:46:04 
12:46:04 
12:46:04 
12:46:04 
12:46:04 *** Listening on 32...
12:46:04 *** Listening on 32...
12:46:04 *** Listening on 32...
12:46:04 *** Listening on 32...
12:46:04 *** Listening on 32...
12:46:04 *** Listening on 32...
12:46:16 32: RemoteModelLearning.learnModelRemote('yTi', 1.0, branchID=0, growth_generator='two_qubit_ising_rotation_hyperfine_transverse', host_name='node33-025', log_file='/panfs/panasas01/phys/bf16951/QMD/ParallelDevelopment/Results/Oct_01/12_39/logs/NV-exp-method-sim__random-phase--probe__QMLA_32.qmd.8794629.log', port_number=6332, qid=32, remote=True) (15c599fd-5290-4e17-af3d-ef2acea19102)
12:46:16 32: RemoteModelLearning.learnModelRemote('xTi', 0.0, branchID=0, growth_generator='two_qubit_ising_rotation_hyperfine_transverse', host_name='node33-025', log_file='/panfs/panasas01/phys/bf16951/QMD/ParallelDevelopment/Results/Oct_01/12_39/logs/NV-exp-method-sim__random-phase--probe__QMLA_32.qmd.8794629.log', port_number=6332, qid=32, remote=True) (0ad78249-adaa-432c-9e14-ee68b43a26e0)
12:46:16 32: RemoteModelLearning.learnModelRemote('zTi', 2.0, branchID=0, growth_generator='two_qubit_ising_rotation_hyperfine_transverse', host_name='node33-025', log_file='/panfs/panasas01/phys/bf16951/QMD/ParallelDevelopment/Results/Oct_01/12_39/logs/NV-exp-method-sim__random-phase--probe__QMLA_32.qmd.8794629.log', port_number=6332, qid=32, remote=True) (1e6dcad6-0666-4167-9299-f2c03b4cbd9a)
13:11:35 32: Job OK (0ad78249-adaa-432c-9e14-ee68b43a26e0)
13:11:35 Result will never expire, clean up result key manually
13:11:35 
13:11:35 *** Listening on 32...
13:16:13 32: Job OK (15c599fd-5290-4e17-af3d-ef2acea19102)
13:16:13 Result will never expire, clean up result key manually
13:16:13 
13:16:13 *** Listening on 32...
13:33:45 32: Job OK (1e6dcad6-0666-4167-9299-f2c03b4cbd9a)
13:33:45 Result will never expire, clean up result key manually
13:33:45 
13:33:45 *** Listening on 32...
13:33:46 32: RemoteBayesFactor.BayesFactorRemote(bayes_threshold=100, bf_data_folder='/panfs/panasas01/phys/bf16951/QMD/ParallelDevelopment/Results/Oct_01/12_39/BayesFactorsTimeRecords/', branchID=0, host_name='node33-025', interbranch=False, log_file='/panfs/panasas01/phys/bf16951/QMD/ParallelDevelopment/Results/Oct_01/12_39/logs/NV-exp-method-sim__random-phase--probe__QMLA_32.qmd.8794629.log', model_a_id=0, model_b_id=1, num_times_to_use=750, port_number=6332, qid=32, times_record='/panfs/panasas01/phys/bf16951/QMD/ParallelDevelopment/Results/Oct_01/12_39/BayesFactorsTimeRecords/BayesFactorsPairsTimes_032.txt', trueModel='xTiPPyTiPPzTiPPzTz') (892b58f9-d2be-4634-a14d-51f1d207db19)
13:33:46 32: RemoteBayesFactor.BayesFactorRemote(bayes_threshold=100, bf_data_folder='/panfs/panasas01/phys/bf16951/QMD/ParallelDevelopment/Results/Oct_01/12_39/BayesFactorsTimeRecords/', branchID=0, host_name='node33-025', interbranch=False, log_file='/panfs/panasas01/phys/bf16951/QMD/ParallelDevelopment/Results/Oct_01/12_39/logs/NV-exp-method-sim__random-phase--probe__QMLA_32.qmd.8794629.log', model_a_id=1, model_b_id=2, num_times_to_use=750, port_number=6332, qid=32, times_record='/panfs/panasas01/phys/bf16951/QMD/ParallelDevelopment/Results/Oct_01/12_39/BayesFactorsTimeRecords/BayesFactorsPairsTimes_032.txt', trueModel='xTiPPyTiPPzTiPPzTz') (f325ad4d-f634-4052-9631-4d42ed9d9683)
13:33:46 32: RemoteBayesFactor.BayesFactorRemote(bayes_threshold=100, bf_data_folder='/panfs/panasas01/phys/bf16951/QMD/ParallelDevelopment/Results/Oct_01/12_39/BayesFactorsTimeRecords/', branchID=0, host_name='node33-025', interbranch=False, log_file='/panfs/panasas01/phys/bf16951/QMD/ParallelDevelopment/Results/Oct_01/12_39/logs/NV-exp-method-sim__random-phase--probe__QMLA_32.qmd.8794629.log', model_a_id=0, model_b_id=2, num_times_to_use=750, port_number=6332, qid=32, times_record='/panfs/panasas01/phys/bf16951/QMD/ParallelDevelopment/Results/Oct_01/12_39/BayesFactorsTimeRecords/BayesFactorsPairsTimes_032.txt', trueModel='xTiPPyTiPPzTiPPzTz') (6fa7b73e-bd4e-4355-82c0-149217b7dc00)
14:55:08 32: Job OK (892b58f9-d2be-4634-a14d-51f1d207db19)
14:55:08 Result will never expire, clean up result key manually
14:55:08 Cleaning registries for queue: 32
14:55:08 
14:55:08 *** Listening on 32...
15:05:14 32: Job OK (6fa7b73e-bd4e-4355-82c0-149217b7dc00)
15:05:14 Result will never expire, clean up result key manually
15:05:14 Cleaning registries for queue: 32
15:05:14 
15:05:14 *** Listening on 32...
15:13:30 32: Job OK (f325ad4d-f634-4052-9631-4d42ed9d9683)
15:13:30 Result will never expire, clean up result key manually
15:13:30 Cleaning registries for queue: 32
15:13:30 
15:13:30 *** Listening on 32...
15:13:30 32: RemoteModelLearning.learnModelRemote('yTiPPzTi', 4.0, branchID=1, growth_generator='two_qubit_ising_rotation_hyperfine_transverse', host_name='node33-025', log_file='/panfs/panasas01/phys/bf16951/QMD/ParallelDevelopment/Results/Oct_01/12_39/logs/NV-exp-method-sim__random-phase--probe__QMLA_32.qmd.8794629.log', port_number=6332, qid=32, remote=True) (d0a58f3a-df7e-4489-bde9-294a45009ccc)
15:13:30 32: RemoteModelLearning.learnModelRemote('xTiPPzTi', 3.0, branchID=1, growth_generator='two_qubit_ising_rotation_hyperfine_transverse', host_name='node33-025', log_file='/panfs/panasas01/phys/bf16951/QMD/ParallelDevelopment/Results/Oct_01/12_39/logs/NV-exp-method-sim__random-phase--probe__QMLA_32.qmd.8794629.log', port_number=6332, qid=32, remote=True) (08f57c6b-8fa2-4305-86bb-1c8b0908eb14)
15:51:29 32: Job OK (08f57c6b-8fa2-4305-86bb-1c8b0908eb14)
15:51:29 Result will never expire, clean up result key manually
15:51:29 Cleaning registries for queue: 32
15:51:29 
15:51:29 *** Listening on 32...
15:53:36 32: Job OK (d0a58f3a-df7e-4489-bde9-294a45009ccc)
15:53:36 Result will never expire, clean up result key manually
15:53:36 Cleaning registries for queue: 32
15:53:36 
15:53:36 *** Listening on 32...
15:53:36 32: RemoteBayesFactor.BayesFactorRemote(bayes_threshold=100, bf_data_folder='/panfs/panasas01/phys/bf16951/QMD/ParallelDevelopment/Results/Oct_01/12_39/BayesFactorsTimeRecords/', branchID=1, host_name='node33-025', interbranch=False, log_file='/panfs/panasas01/phys/bf16951/QMD/ParallelDevelopment/Results/Oct_01/12_39/logs/NV-exp-method-sim__random-phase--probe__QMLA_32.qmd.8794629.log', model_a_id=3, model_b_id=4, num_times_to_use=750, port_number=6332, qid=32, times_record='/panfs/panasas01/phys/bf16951/QMD/ParallelDevelopment/Results/Oct_01/12_39/BayesFactorsTimeRecords/BayesFactorsPairsTimes_032.txt', trueModel='xTiPPyTiPPzTiPPzTz') (4358fee6-7353-43a3-8669-65f04eee7fdf)
16:56:16 32: Job OK (4358fee6-7353-43a3-8669-65f04eee7fdf)
16:56:16 Result will never expire, clean up result key manually
16:56:16 Cleaning registries for queue: 32
16:56:16 
16:56:16 *** Listening on 32...
16:56:16 32: RemoteModelLearning.learnModelRemote('xTiPPyTiPPzTi', 5.0, branchID=2, growth_generator='two_qubit_ising_rotation_hyperfine_transverse', host_name='node33-025', log_file='/panfs/panasas01/phys/bf16951/QMD/ParallelDevelopment/Results/Oct_01/12_39/logs/NV-exp-method-sim__random-phase--probe__QMLA_32.qmd.8794629.log', port_number=6332, qid=32, remote=True) (85a019fe-8bee-46a2-850a-33c29f98608d)
17:39:32 32: Job OK (85a019fe-8bee-46a2-850a-33c29f98608d)
17:39:32 Result will never expire, clean up result key manually
17:39:32 Cleaning registries for queue: 32
17:39:32 
17:39:32 *** Listening on 32...
17:39:33 32: RemoteModelLearning.learnModelRemote('xTiPPyTiPPyTyPPzTi', 6.0, branchID=3, growth_generator='two_qubit_ising_rotation_hyperfine_transverse', host_name='node33-025', log_file='/panfs/panasas01/phys/bf16951/QMD/ParallelDevelopment/Results/Oct_01/12_39/logs/NV-exp-method-sim__random-phase--probe__QMLA_32.qmd.8794629.log', port_number=6332, qid=32, remote=True) (0620ea70-02a3-4af6-ba5c-5e2a7d00ad8a)
17:39:33 32: RemoteModelLearning.learnModelRemote('xTiPPyTiPPzTiPPzTz', 7.0, branchID=3, growth_generator='two_qubit_ising_rotation_hyperfine_transverse', host_name='node33-025', log_file='/panfs/panasas01/phys/bf16951/QMD/ParallelDevelopment/Results/Oct_01/12_39/logs/NV-exp-method-sim__random-phase--probe__QMLA_32.qmd.8794629.log', port_number=6332, qid=32, remote=True) (1577e348-0606-48eb-a5a0-74160d6d9249)
17:39:33 32: RemoteModelLearning.learnModelRemote('xTiPPxTxPPyTiPPzTi', 8.0, branchID=3, growth_generator='two_qubit_ising_rotation_hyperfine_transverse', host_name='node33-025', log_file='/panfs/panasas01/phys/bf16951/QMD/ParallelDevelopment/Results/Oct_01/12_39/logs/NV-exp-method-sim__random-phase--probe__QMLA_32.qmd.8794629.log', port_number=6332, qid=32, remote=True) (34ce119f-626d-4fa1-90d8-a278e5127d84)
18:06:30 32: Job OK (34ce119f-626d-4fa1-90d8-a278e5127d84)
18:06:30 Result will never expire, clean up result key manually
18:06:30 Cleaning registries for queue: 32
18:06:30 
18:06:30 *** Listening on 32...
18:07:21 32: Job OK (0620ea70-02a3-4af6-ba5c-5e2a7d00ad8a)
18:07:21 Result will never expire, clean up result key manually
18:07:21 Cleaning registries for queue: 32
18:07:21 
18:07:21 *** Listening on 32...
18:08:38 32: Job OK (1577e348-0606-48eb-a5a0-74160d6d9249)
18:08:38 Result will never expire, clean up result key manually
18:08:38 Cleaning registries for queue: 32
18:08:38 
18:08:38 *** Listening on 32...
18:08:39 32: RemoteBayesFactor.BayesFactorRemote(bayes_threshold=100, bf_data_folder='/panfs/panasas01/phys/bf16951/QMD/ParallelDevelopment/Results/Oct_01/12_39/BayesFactorsTimeRecords/', branchID=3, host_name='node33-025', interbranch=False, log_file='/panfs/panasas01/phys/bf16951/QMD/ParallelDevelopment/Results/Oct_01/12_39/logs/NV-exp-method-sim__random-phase--probe__QMLA_32.qmd.8794629.log', model_a_id=6, model_b_id=7, num_times_to_use=750, port_number=6332, qid=32, times_record='/panfs/panasas01/phys/bf16951/QMD/ParallelDevelopment/Results/Oct_01/12_39/BayesFactorsTimeRecords/BayesFactorsPairsTimes_032.txt', trueModel='xTiPPyTiPPzTiPPzTz') (2d64d24e-3e41-4da5-a316-60bbd6874213)
18:08:39 32: RemoteBayesFactor.BayesFactorRemote(bayes_threshold=100, bf_data_folder='/panfs/panasas01/phys/bf16951/QMD/ParallelDevelopment/Results/Oct_01/12_39/BayesFactorsTimeRecords/', branchID=3, host_name='node33-025', interbranch=False, log_file='/panfs/panasas01/phys/bf16951/QMD/ParallelDevelopment/Results/Oct_01/12_39/logs/NV-exp-method-sim__random-phase--probe__QMLA_32.qmd.8794629.log', model_a_id=6, model_b_id=8, num_times_to_use=750, port_number=6332, qid=32, times_record='/panfs/panasas01/phys/bf16951/QMD/ParallelDevelopment/Results/Oct_01/12_39/BayesFactorsTimeRecords/BayesFactorsPairsTimes_032.txt', trueModel='xTiPPyTiPPzTiPPzTz') (4876adea-f7a1-4139-80db-7ebe96d23236)
18:08:39 32: RemoteBayesFactor.BayesFactorRemote(bayes_threshold=100, bf_data_folder='/panfs/panasas01/phys/bf16951/QMD/ParallelDevelopment/Results/Oct_01/12_39/BayesFactorsTimeRecords/', branchID=3, host_name='node33-025', interbranch=False, log_file='/panfs/panasas01/phys/bf16951/QMD/ParallelDevelopment/Results/Oct_01/12_39/logs/NV-exp-method-sim__random-phase--probe__QMLA_32.qmd.8794629.log', model_a_id=7, model_b_id=8, num_times_to_use=750, port_number=6332, qid=32, times_record='/panfs/panasas01/phys/bf16951/QMD/ParallelDevelopment/Results/Oct_01/12_39/BayesFactorsTimeRecords/BayesFactorsPairsTimes_032.txt', trueModel='xTiPPyTiPPzTiPPzTz') (4368091e-1578-45be-b6a0-cb05f0530c63)
19:17:59 32: Job OK (4368091e-1578-45be-b6a0-cb05f0530c63)
19:17:59 Result will never expire, clean up result key manually
19:17:59 Cleaning registries for queue: 32
19:17:59 
19:17:59 *** Listening on 32...
19:18:40 32: Job OK (4876adea-f7a1-4139-80db-7ebe96d23236)
19:18:40 Result will never expire, clean up result key manually
19:18:40 Cleaning registries for queue: 32
19:18:40 
19:18:40 *** Listening on 32...
19:18:41 32: Job OK (2d64d24e-3e41-4da5-a316-60bbd6874213)
19:18:41 Result will never expire, clean up result key manually
19:18:41 Cleaning registries for queue: 32
19:18:41 
19:18:41 *** Listening on 32...
19:18:41 32: RemoteModelLearning.learnModelRemote('xTiPPyTiPPyTyPPzTiPPzTz', 10.0, branchID=4, growth_generator='two_qubit_ising_rotation_hyperfine_transverse', host_name='node33-025', log_file='/panfs/panasas01/phys/bf16951/QMD/ParallelDevelopment/Results/Oct_01/12_39/logs/NV-exp-method-sim__random-phase--probe__QMLA_32.qmd.8794629.log', port_number=6332, qid=32, remote=True) (8bda60d0-be69-40d5-9d2b-e6412be08ae0)
19:18:41 32: RemoteModelLearning.learnModelRemote('xTiPPxTxPPyTiPPzTiPPzTz', 9.0, branchID=4, growth_generator='two_qubit_ising_rotation_hyperfine_transverse', host_name='node33-025', log_file='/panfs/panasas01/phys/bf16951/QMD/ParallelDevelopment/Results/Oct_01/12_39/logs/NV-exp-method-sim__random-phase--probe__QMLA_32.qmd.8794629.log', port_number=6332, qid=32, remote=True) (4663c955-ae4a-4d43-a9c2-8f3073f17752)
19:47:35 32: Job OK (8bda60d0-be69-40d5-9d2b-e6412be08ae0)
19:47:35 Result will never expire, clean up result key manually
19:47:35 Cleaning registries for queue: 32
19:47:35 
19:47:35 *** Listening on 32...
19:47:38 32: Job OK (4663c955-ae4a-4d43-a9c2-8f3073f17752)
19:47:38 Result will never expire, clean up result key manually
19:47:38 Cleaning registries for queue: 32
19:47:38 
19:47:38 *** Listening on 32...
19:47:38 32: RemoteBayesFactor.BayesFactorRemote(bayes_threshold=100, bf_data_folder='/panfs/panasas01/phys/bf16951/QMD/ParallelDevelopment/Results/Oct_01/12_39/BayesFactorsTimeRecords/', branchID=4, host_name='node33-025', interbranch=False, log_file='/panfs/panasas01/phys/bf16951/QMD/ParallelDevelopment/Results/Oct_01/12_39/logs/NV-exp-method-sim__random-phase--probe__QMLA_32.qmd.8794629.log', model_a_id=9, model_b_id=10, num_times_to_use=750, port_number=6332, qid=32, times_record='/panfs/panasas01/phys/bf16951/QMD/ParallelDevelopment/Results/Oct_01/12_39/BayesFactorsTimeRecords/BayesFactorsPairsTimes_032.txt', trueModel='xTiPPyTiPPzTiPPzTz') (7a9d6b14-65e9-4992-bd91-8f6aa3ee1ac6)
21:00:24 32: Job OK (7a9d6b14-65e9-4992-bd91-8f6aa3ee1ac6)
21:00:24 Result will never expire, clean up result key manually
21:00:24 Cleaning registries for queue: 32
21:00:24 
21:00:24 *** Listening on 32...
21:00:24 32: RemoteModelLearning.learnModelRemote('xTiPPxTxPPyTiPPyTyPPzTiPPzTz', 11.0, branchID=5, growth_generator='two_qubit_ising_rotation_hyperfine_transverse', host_name='node33-025', log_file='/panfs/panasas01/phys/bf16951/QMD/ParallelDevelopment/Results/Oct_01/12_39/logs/NV-exp-method-sim__random-phase--probe__QMLA_32.qmd.8794629.log', port_number=6332, qid=32, remote=True) (ed11a4ee-58b7-42eb-99e7-9c66560b3d7c)
21:30:44 32: Job OK (ed11a4ee-58b7-42eb-99e7-9c66560b3d7c)
21:30:44 Result will never expire, clean up result key manually
21:30:44 Cleaning registries for queue: 32
21:30:44 
21:30:44 *** Listening on 32...
21:30:44 32: RemoteModelLearning.learnModelRemote('xTiPPxTxPPxTzPPyTiPPyTyPPzTiPPzTz', 12.0, branchID=6, growth_generator='two_qubit_ising_rotation_hyperfine_transverse', host_name='node33-025', log_file='/panfs/panasas01/phys/bf16951/QMD/ParallelDevelopment/Results/Oct_01/12_39/logs/NV-exp-method-sim__random-phase--probe__QMLA_32.qmd.8794629.log', port_number=6332, qid=32, remote=True) (61c5491d-dfe3-4fb8-aa6f-e357a3c787e1)
21:30:44 32: RemoteModelLearning.learnModelRemote('xTiPPxTxPPyTiPPyTyPPyTzPPzTiPPzTz', 13.0, branchID=6, growth_generator='two_qubit_ising_rotation_hyperfine_transverse', host_name='node33-025', log_file='/panfs/panasas01/phys/bf16951/QMD/ParallelDevelopment/Results/Oct_01/12_39/logs/NV-exp-method-sim__random-phase--probe__QMLA_32.qmd.8794629.log', port_number=6332, qid=32, remote=True) (c52d5ed1-c995-486f-9cdc-778d598c21aa)
21:30:44 32: RemoteModelLearning.learnModelRemote('xTiPPxTxPPxTyPPyTiPPyTyPPzTiPPzTz', 14.0, branchID=6, growth_generator='two_qubit_ising_rotation_hyperfine_transverse', host_name='node33-025', log_file='/panfs/panasas01/phys/bf16951/QMD/ParallelDevelopment/Results/Oct_01/12_39/logs/NV-exp-method-sim__random-phase--probe__QMLA_32.qmd.8794629.log', port_number=6332, qid=32, remote=True) (4c68bfd1-c2e1-4ef1-98ee-b6939f816323)
22:06:39 32: Job OK (c52d5ed1-c995-486f-9cdc-778d598c21aa)
22:06:39 Result will never expire, clean up result key manually
22:06:39 Cleaning registries for queue: 32
22:06:39 
22:06:39 *** Listening on 32...
22:11:44 32: Job OK (61c5491d-dfe3-4fb8-aa6f-e357a3c787e1)
22:11:44 Result will never expire, clean up result key manually
22:11:44 Cleaning registries for queue: 32
22:11:44 
22:11:44 *** Listening on 32...
22:13:18 32: Job OK (4c68bfd1-c2e1-4ef1-98ee-b6939f816323)
22:13:18 Result will never expire, clean up result key manually
22:13:18 Cleaning registries for queue: 32
22:13:18 
22:13:18 *** Listening on 32...
22:13:18 32: RemoteBayesFactor.BayesFactorRemote(bayes_threshold=100, bf_data_folder='/panfs/panasas01/phys/bf16951/QMD/ParallelDevelopment/Results/Oct_01/12_39/BayesFactorsTimeRecords/', branchID=6, host_name='node33-025', interbranch=False, log_file='/panfs/panasas01/phys/bf16951/QMD/ParallelDevelopment/Results/Oct_01/12_39/logs/NV-exp-method-sim__random-phase--probe__QMLA_32.qmd.8794629.log', model_a_id=12, model_b_id=13, num_times_to_use=750, port_number=6332, qid=32, times_record='/panfs/panasas01/phys/bf16951/QMD/ParallelDevelopment/Results/Oct_01/12_39/BayesFactorsTimeRecords/BayesFactorsPairsTimes_032.txt', trueModel='xTiPPyTiPPzTiPPzTz') (a53947ad-ebb4-4b0f-9513-7636479bdad7)
22:13:18 32: RemoteBayesFactor.BayesFactorRemote(bayes_threshold=100, bf_data_folder='/panfs/panasas01/phys/bf16951/QMD/ParallelDevelopment/Results/Oct_01/12_39/BayesFactorsTimeRecords/', branchID=6, host_name='node33-025', interbranch=False, log_file='/panfs/panasas01/phys/bf16951/QMD/ParallelDevelopment/Results/Oct_01/12_39/logs/NV-exp-method-sim__random-phase--probe__QMLA_32.qmd.8794629.log', model_a_id=12, model_b_id=14, num_times_to_use=750, port_number=6332, qid=32, times_record='/panfs/panasas01/phys/bf16951/QMD/ParallelDevelopment/Results/Oct_01/12_39/BayesFactorsTimeRecords/BayesFactorsPairsTimes_032.txt', trueModel='xTiPPyTiPPzTiPPzTz') (2707c6e5-d9be-4a81-a2f4-28e61a4b08b0)
22:13:18 32: RemoteBayesFactor.BayesFactorRemote(bayes_threshold=100, bf_data_folder='/panfs/panasas01/phys/bf16951/QMD/ParallelDevelopment/Results/Oct_01/12_39/BayesFactorsTimeRecords/', branchID=6, host_name='node33-025', interbranch=False, log_file='/panfs/panasas01/phys/bf16951/QMD/ParallelDevelopment/Results/Oct_01/12_39/logs/NV-exp-method-sim__random-phase--probe__QMLA_32.qmd.8794629.log', model_a_id=13, model_b_id=14, num_times_to_use=750, port_number=6332, qid=32, times_record='/panfs/panasas01/phys/bf16951/QMD/ParallelDevelopment/Results/Oct_01/12_39/BayesFactorsTimeRecords/BayesFactorsPairsTimes_032.txt', trueModel='xTiPPyTiPPzTiPPzTz') (afe5faa4-03c3-4a33-84ae-e671640cec1a)
23:14:58 32: Job OK (a53947ad-ebb4-4b0f-9513-7636479bdad7)
23:14:58 Result will never expire, clean up result key manually
23:14:58 Cleaning registries for queue: 32
23:14:58 
23:14:58 *** Listening on 32...
23:15:05 32: Job OK (2707c6e5-d9be-4a81-a2f4-28e61a4b08b0)
23:15:05 Result will never expire, clean up result key manually
23:15:05 Cleaning registries for queue: 32
23:15:05 
23:15:05 *** Listening on 32...
23:22:20 32: Job OK (afe5faa4-03c3-4a33-84ae-e671640cec1a)
23:22:20 Result will never expire, clean up result key manually
23:22:20 Cleaning registries for queue: 32
23:22:20 
23:22:20 *** Listening on 32...
23:22:20 32: RemoteModelLearning.learnModelRemote('xTiPPxTxPPxTzPPyTiPPyTyPPyTzPPzTiPPzTz', 15.0, branchID=7, growth_generator='two_qubit_ising_rotation_hyperfine_transverse', host_name='node33-025', log_file='/panfs/panasas01/phys/bf16951/QMD/ParallelDevelopment/Results/Oct_01/12_39/logs/NV-exp-method-sim__random-phase--probe__QMLA_32.qmd.8794629.log', port_number=6332, qid=32, remote=True) (5b6bb8a1-bc12-4597-889a-e35e2585e6df)
23:22:20 32: RemoteModelLearning.learnModelRemote('xTiPPxTxPPxTyPPyTiPPyTyPPyTzPPzTiPPzTz', 16.0, branchID=7, growth_generator='two_qubit_ising_rotation_hyperfine_transverse', host_name='node33-025', log_file='/panfs/panasas01/phys/bf16951/QMD/ParallelDevelopment/Results/Oct_01/12_39/logs/NV-exp-method-sim__random-phase--probe__QMLA_32.qmd.8794629.log', port_number=6332, qid=32, remote=True) (7c6b8942-f4ab-4a73-b7d5-66e3e224a514)
23:57:10 32: Job OK (5b6bb8a1-bc12-4597-889a-e35e2585e6df)
23:57:10 Result will never expire, clean up result key manually
23:57:10 Cleaning registries for queue: 32
23:57:10 
23:57:10 *** Listening on 32...
00:00:32 32: Job OK (7c6b8942-f4ab-4a73-b7d5-66e3e224a514)
00:00:32 Result will never expire, clean up result key manually
00:00:32 Cleaning registries for queue: 32
00:00:32 
00:00:32 *** Listening on 32...
00:00:33 32: RemoteBayesFactor.BayesFactorRemote(bayes_threshold=100, bf_data_folder='/panfs/panasas01/phys/bf16951/QMD/ParallelDevelopment/Results/Oct_01/12_39/BayesFactorsTimeRecords/', branchID=7, host_name='node33-025', interbranch=False, log_file='/panfs/panasas01/phys/bf16951/QMD/ParallelDevelopment/Results/Oct_01/12_39/logs/NV-exp-method-sim__random-phase--probe__QMLA_32.qmd.8794629.log', model_a_id=15, model_b_id=16, num_times_to_use=750, port_number=6332, qid=32, times_record='/panfs/panasas01/phys/bf16951/QMD/ParallelDevelopment/Results/Oct_01/12_39/BayesFactorsTimeRecords/BayesFactorsPairsTimes_032.txt', trueModel='xTiPPyTiPPzTiPPzTz') (99f71910-81f0-43b6-9a8a-3cf2c072e12f)
01:36:13 32: Job OK (99f71910-81f0-43b6-9a8a-3cf2c072e12f)
01:36:13 Result will never expire, clean up result key manually
01:36:13 Cleaning registries for queue: 32
01:36:13 
01:36:13 *** Listening on 32...
01:36:13 32: RemoteModelLearning.learnModelRemote('xTiPPxTxPPxTyPPxTzPPyTiPPyTyPPyTzPPzTiPPzTz', 17.0, branchID=8, growth_generator='two_qubit_ising_rotation_hyperfine_transverse', host_name='node33-025', log_file='/panfs/panasas01/phys/bf16951/QMD/ParallelDevelopment/Results/Oct_01/12_39/logs/NV-exp-method-sim__random-phase--probe__QMLA_32.qmd.8794629.log', port_number=6332, qid=32, remote=True) (ec215d72-6bfe-4176-ba66-d476fa7e697c)
02:24:41 32: Job OK (ec215d72-6bfe-4176-ba66-d476fa7e697c)
02:24:41 Result will never expire, clean up result key manually
02:24:41 Cleaning registries for queue: 32
02:24:41 
02:24:41 *** Listening on 32...
02:24:41 32: RemoteBayesFactor.BayesFactorRemote(bayes_threshold=100, bf_data_folder='/panfs/panasas01/phys/bf16951/QMD/ParallelDevelopment/Results/Oct_01/12_39/BayesFactorsTimeRecords/', branchID=None, host_name='node33-025', interbranch=True, log_file='/panfs/panasas01/phys/bf16951/QMD/ParallelDevelopment/Results/Oct_01/12_39/logs/NV-exp-method-sim__random-phase--probe__QMLA_32.qmd.8794629.log', model_a_id=2, model_b_id=3, num_times_to_use=750, port_number=6332, qid=32, times_record='/panfs/panasas01/phys/bf16951/QMD/ParallelDevelopment/Results/Oct_01/12_39/BayesFactorsTimeRecords/BayesFactorsPairsTimes_032.txt', trueModel='xTiPPyTiPPzTiPPzTz') (a1cb1aa2-b8ed-4f7d-a9eb-462a3949b98d)
02:24:41 32: RemoteBayesFactor.BayesFactorRemote(bayes_threshold=100, bf_data_folder='/panfs/panasas01/phys/bf16951/QMD/ParallelDevelopment/Results/Oct_01/12_39/BayesFactorsTimeRecords/', branchID=None, host_name='node33-025', interbranch=True, log_file='/panfs/panasas01/phys/bf16951/QMD/ParallelDevelopment/Results/Oct_01/12_39/logs/NV-exp-method-sim__random-phase--probe__QMLA_32.qmd.8794629.log', model_a_id=5, model_b_id=7, num_times_to_use=750, port_number=6332, qid=32, times_record='/panfs/panasas01/phys/bf16951/QMD/ParallelDevelopment/Results/Oct_01/12_39/BayesFactorsTimeRecords/BayesFactorsPairsTimes_032.txt', trueModel='xTiPPyTiPPzTiPPzTz') (afe44af3-7a8e-43c7-85be-f57af9681abe)
02:24:41 32: RemoteBayesFactor.BayesFactorRemote(bayes_threshold=100, bf_data_folder='/panfs/panasas01/phys/bf16951/QMD/ParallelDevelopment/Results/Oct_01/12_39/BayesFactorsTimeRecords/', branchID=None, host_name='node33-025', interbranch=True, log_file='/panfs/panasas01/phys/bf16951/QMD/ParallelDevelopment/Results/Oct_01/12_39/logs/NV-exp-method-sim__random-phase--probe__QMLA_32.qmd.8794629.log', model_a_id=7, model_b_id=10, num_times_to_use=750, port_number=6332, qid=32, times_record='/panfs/panasas01/phys/bf16951/QMD/ParallelDevelopment/Results/Oct_01/12_39/BayesFactorsTimeRecords/BayesFactorsPairsTimes_032.txt', trueModel='xTiPPyTiPPzTiPPzTz') (4ad9651a-d081-4e75-9a66-1d93238edd6e)
02:24:41 32: RemoteBayesFactor.BayesFactorRemote(bayes_threshold=100, bf_data_folder='/panfs/panasas01/phys/bf16951/QMD/ParallelDevelopment/Results/Oct_01/12_39/BayesFactorsTimeRecords/', branchID=None, host_name='node33-025', interbranch=True, log_file='/panfs/panasas01/phys/bf16951/QMD/ParallelDevelopment/Results/Oct_01/12_39/logs/NV-exp-method-sim__random-phase--probe__QMLA_32.qmd.8794629.log', model_a_id=3, model_b_id=5, num_times_to_use=750, port_number=6332, qid=32, times_record='/panfs/panasas01/phys/bf16951/QMD/ParallelDevelopment/Results/Oct_01/12_39/BayesFactorsTimeRecords/BayesFactorsPairsTimes_032.txt', trueModel='xTiPPyTiPPzTiPPzTz') (fb205466-35ee-418f-a615-011134cd3188)
02:24:41 32: RemoteBayesFactor.BayesFactorRemote(bayes_threshold=100, bf_data_folder='/panfs/panasas01/phys/bf16951/QMD/ParallelDevelopment/Results/Oct_01/12_39/BayesFactorsTimeRecords/', branchID=None, host_name='node33-025', interbranch=True, log_file='/panfs/panasas01/phys/bf16951/QMD/ParallelDevelopment/Results/Oct_01/12_39/logs/NV-exp-method-sim__random-phase--probe__QMLA_32.qmd.8794629.log', model_a_id=11, model_b_id=13, num_times_to_use=750, port_number=6332, qid=32, times_record='/panfs/panasas01/phys/bf16951/QMD/ParallelDevelopment/Results/Oct_01/12_39/BayesFactorsTimeRecords/BayesFactorsPairsTimes_032.txt', trueModel='xTiPPyTiPPzTiPPzTz') (57fe2850-6461-4a1d-b8a9-9b615a6338d6)
02:24:41 32: RemoteBayesFactor.BayesFactorRemote(bayes_threshold=100, bf_data_folder='/panfs/panasas01/phys/bf16951/QMD/ParallelDevelopment/Results/Oct_01/12_39/BayesFactorsTimeRecords/', branchID=None, host_name='node33-025', interbranch=True, log_file='/panfs/panasas01/phys/bf16951/QMD/ParallelDevelopment/Results/Oct_01/12_39/logs/NV-exp-method-sim__random-phase--probe__QMLA_32.qmd.8794629.log', model_a_id=10, model_b_id=11, num_times_to_use=750, port_number=6332, qid=32, times_record='/panfs/panasas01/phys/bf16951/QMD/ParallelDevelopment/Results/Oct_01/12_39/BayesFactorsTimeRecords/BayesFactorsPairsTimes_032.txt', trueModel='xTiPPyTiPPzTiPPzTz') (38e0f452-5f7e-4ec0-aa79-09a380d67c12)
03:44:38 32: Job OK (38e0f452-5f7e-4ec0-aa79-09a380d67c12)
03:44:38 Result will never expire, clean up result key manually
03:44:38 Cleaning registries for queue: 32
03:44:38 
03:44:38 *** Listening on 32...
03:44:38 32: RemoteBayesFactor.BayesFactorRemote(bayes_threshold=100, bf_data_folder='/panfs/panasas01/phys/bf16951/QMD/ParallelDevelopment/Results/Oct_01/12_39/BayesFactorsTimeRecords/', branchID=None, host_name='node33-025', interbranch=True, log_file='/panfs/panasas01/phys/bf16951/QMD/ParallelDevelopment/Results/Oct_01/12_39/logs/NV-exp-method-sim__random-phase--probe__QMLA_32.qmd.8794629.log', model_a_id=13, model_b_id=15, num_times_to_use=750, port_number=6332, qid=32, times_record='/panfs/panasas01/phys/bf16951/QMD/ParallelDevelopment/Results/Oct_01/12_39/BayesFactorsTimeRecords/BayesFactorsPairsTimes_032.txt', trueModel='xTiPPyTiPPzTiPPzTz') (a24fb0ce-8ba9-412f-80fa-0d9578cc139d)
03:44:38 32: Job OK (4ad9651a-d081-4e75-9a66-1d93238edd6e)
03:44:38 Result will never expire, clean up result key manually
03:44:38 Cleaning registries for queue: 32
03:44:38 
03:44:38 *** Listening on 32...
03:44:38 32: RemoteBayesFactor.BayesFactorRemote(bayes_threshold=100, bf_data_folder='/panfs/panasas01/phys/bf16951/QMD/ParallelDevelopment/Results/Oct_01/12_39/BayesFactorsTimeRecords/', branchID=None, host_name='node33-025', interbranch=True, log_file='/panfs/panasas01/phys/bf16951/QMD/ParallelDevelopment/Results/Oct_01/12_39/logs/NV-exp-method-sim__random-phase--probe__QMLA_32.qmd.8794629.log', model_a_id=15, model_b_id=17, num_times_to_use=750, port_number=6332, qid=32, times_record='/panfs/panasas01/phys/bf16951/QMD/ParallelDevelopment/Results/Oct_01/12_39/BayesFactorsTimeRecords/BayesFactorsPairsTimes_032.txt', trueModel='xTiPPyTiPPzTiPPzTz') (bb3c8718-f139-42e3-bc2f-c943147cdfb2)
03:44:55 32: Job OK (57fe2850-6461-4a1d-b8a9-9b615a6338d6)
03:44:55 Result will never expire, clean up result key manually
03:44:55 Cleaning registries for queue: 32
03:44:55 
03:44:55 *** Listening on 32...
03:45:30 32: Job OK (afe44af3-7a8e-43c7-85be-f57af9681abe)
03:45:30 Result will never expire, clean up result key manually
03:45:30 Cleaning registries for queue: 32
03:45:30 
03:45:30 *** Listening on 32...
03:46:04 32: Job OK (fb205466-35ee-418f-a615-011134cd3188)
03:46:04 Result will never expire, clean up result key manually
03:46:04 Cleaning registries for queue: 32
03:46:04 
03:46:04 *** Listening on 32...
03:57:52 32: Job OK (a1cb1aa2-b8ed-4f7d-a9eb-462a3949b98d)
03:57:52 Result will never expire, clean up result key manually
03:57:52 Cleaning registries for queue: 32
03:57:52 
03:57:52 *** Listening on 32...
04:37:47 32: Job OK (bb3c8718-f139-42e3-bc2f-c943147cdfb2)
04:37:47 Result will never expire, clean up result key manually
04:37:47 
04:37:47 *** Listening on 32...
04:37:52 32: Job OK (a24fb0ce-8ba9-412f-80fa-0d9578cc139d)
04:37:52 Result will never expire, clean up result key manually
04:37:52 
04:37:52 *** Listening on 32...
04:37:52 32: RemoteBayesFactor.BayesFactorRemote(bayes_threshold=100, bf_data_folder='/panfs/panasas01/phys/bf16951/QMD/ParallelDevelopment/Results/Oct_01/12_39/BayesFactorsTimeRecords/', branchID=9, host_name='node33-025', interbranch=False, log_file='/panfs/panasas01/phys/bf16951/QMD/ParallelDevelopment/Results/Oct_01/12_39/logs/NV-exp-method-sim__random-phase--probe__QMLA_32.qmd.8794629.log', model_a_id=3.0, model_b_id=15.0, num_times_to_use=750, port_number=6332, qid=32, times_record='/panfs/panasas01/phys/bf16951/QMD/ParallelDevelopment/Results/Oct_01/12_39/BayesFactorsTimeRecords/BayesFactorsPairsTimes_032.txt', trueModel='xTiPPyTiPPzTiPPzTz') (3cdb4539-34da-482d-b4ab-6dc8b86c2ef2)
04:37:52 32: RemoteBayesFactor.BayesFactorRemote(bayes_threshold=100, bf_data_folder='/panfs/panasas01/phys/bf16951/QMD/ParallelDevelopment/Results/Oct_01/12_39/BayesFactorsTimeRecords/', branchID=9, host_name='node33-025', interbranch=False, log_file='/panfs/panasas01/phys/bf16951/QMD/ParallelDevelopment/Results/Oct_01/12_39/logs/NV-exp-method-sim__random-phase--probe__QMLA_32.qmd.8794629.log', model_a_id=15.0, model_b_id=10.0, num_times_to_use=750, port_number=6332, qid=32, times_record='/panfs/panasas01/phys/bf16951/QMD/ParallelDevelopment/Results/Oct_01/12_39/BayesFactorsTimeRecords/BayesFactorsPairsTimes_032.txt', trueModel='xTiPPyTiPPzTiPPzTz') (10eea6fc-3454-484c-ac8e-0d054eddae20)
04:37:52 32: RemoteBayesFactor.BayesFactorRemote(bayes_threshold=100, bf_data_folder='/panfs/panasas01/phys/bf16951/QMD/ParallelDevelopment/Results/Oct_01/12_39/BayesFactorsTimeRecords/', branchID=9, host_name='node33-025', interbranch=False, log_file='/panfs/panasas01/phys/bf16951/QMD/ParallelDevelopment/Results/Oct_01/12_39/logs/NV-exp-method-sim__random-phase--probe__QMLA_32.qmd.8794629.log', model_a_id=3.0, model_b_id=10.0, num_times_to_use=750, port_number=6332, qid=32, times_record='/panfs/panasas01/phys/bf16951/QMD/ParallelDevelopment/Results/Oct_01/12_39/BayesFactorsTimeRecords/BayesFactorsPairsTimes_032.txt', trueModel='xTiPPyTiPPzTiPPzTz') (f675434b-4892-4f97-b98d-a84ba697afa1)
06:07:47 32: Job OK (10eea6fc-3454-484c-ac8e-0d054eddae20)
06:07:47 Result will never expire, clean up result key manually
06:07:47 Cleaning registries for queue: 32
06:07:47 
06:07:47 *** Listening on 32...
06:07:48 32: Job OK (3cdb4539-34da-482d-b4ab-6dc8b86c2ef2)
06:07:48 Result will never expire, clean up result key manually
06:07:48 Cleaning registries for queue: 32
06:07:48 
06:07:48 *** Listening on 32...
06:08:02 32: Job OK (f675434b-4892-4f97-b98d-a84ba697afa1)
06:08:02 Result will never expire, clean up result key manually
06:08:02 Cleaning registries for queue: 32
06:08:02 
06:08:02 *** Listening on 32...
06:08:03 32: RemoteBayesFactor.BayesFactorRemote(bayes_threshold=100, bf_data_folder='/panfs/panasas01/phys/bf16951/QMD/ParallelDevelopment/Results/Oct_01/12_39/BayesFactorsTimeRecords/', branchID=None, host_name='node33-025', interbranch=True, log_file='/panfs/panasas01/phys/bf16951/QMD/ParallelDevelopment/Results/Oct_01/12_39/logs/NV-exp-method-sim__random-phase--probe__QMLA_32.qmd.8794629.log', model_a_id=10, model_b_id=18, num_times_to_use=750, port_number=6332, qid=32, times_record='/panfs/panasas01/phys/bf16951/QMD/ParallelDevelopment/Results/Oct_01/12_39/BayesFactorsTimeRecords/BayesFactorsPairsTimes_032.txt', trueModel='xTiPPyTiPPzTiPPzTz') (a794e666-8037-46d4-903b-04f17ef2c0da)
07:24:07 32: Job OK (a794e666-8037-46d4-903b-04f17ef2c0da)
07:24:07 Result will never expire, clean up result key manually
07:24:07 Cleaning registries for queue: 32
07:24:07 
07:24:07 *** Listening on 32...
Error 111 connecting to node33-025:6332. Connection refused.
Error 111 connecting to node33-025:6332. Connection refused.
Error 111 connecting to node33-025:6332. Connection refused.
Error 111 connecting to node33-025:6332. Connection refused.
Error 111 connecting to node33-025:6332. Connection refused.
Error 111 connecting to node33-025:6332. Connection refused.
