In RUN script:  -agr ising_predetermined -agr heisenberg_xyz_predetermined -agr hopping_predetermined12:51:23 [GLOBAL VARIABLES] use_experimental_data : False
12:51:23 [GLOBAL VARIABLES] growth_generation_rule : two_qubit_ising_rotation_hyperfine_transverse
12:51:23 [GLOBAL VARIABLES] log_file : /panfs/panasas01/phys/bf16951/QMD/ParallelDevelopment/Results/Oct_01/12_39/logs/NV-exp-method-sim__random-phase--probe__QMLA_58.qmd.8794655.log
12:51:23 [GLOBAL VARIABLES] growth_class : <NVCentreExperimentGrowthRules.nv_centre_spin_experimental_method object at 0x2aaae0572e80>
12:51:23 [GLOBAL VARIABLES] measurement_type : n_qubit_hahn_evolution
12:51:23 [GLOBAL VARIABLES] dataset : NVB_rescale_dataset.p
12:51:23 [GLOBAL VARIABLES] alternative_growth_rules : []
12:51:23 [GLOBAL VARIABLES] multiQHL : False
12:51:23 [GLOBAL VARIABLES] models_for_qhl : []
12:51:23 [GLOBAL VARIABLES] prior_pickle_file : /panfs/panasas01/phys/bf16951/QMD/ParallelDevelopment/Results/Oct_01/12_39/prior.p
12:51:23 [GLOBAL VARIABLES] true_params_pickle_file : /panfs/panasas01/phys/bf16951/QMD/ParallelDevelopment/Results/Oct_01/12_39/true_params.p
12:51:23 [GLOBAL VARIABLES] true_operator : xTiPPyTiPPzTiPPzTz
12:51:23 [GLOBAL VARIABLES] true_op_name : xTiPPyTiPPzTiPPzTz
12:51:23 [GLOBAL VARIABLES] true_operator_class : <DataBase.operator object at 0x2aaae0572b00>
12:51:23 [GLOBAL VARIABLES] true_op_list : [array([[ 0.+0.j,  0.+0.j,  1.+0.j,  0.+0.j],
       [ 0.+0.j,  0.+0.j,  0.+0.j,  1.+0.j],
       [ 1.+0.j,  0.+0.j,  0.+0.j,  0.+0.j],
       [ 0.+0.j,  1.+0.j,  0.+0.j,  0.+0.j]]), array([[ 0.+0.j,  0.+0.j,  0.-1.j,  0.+0.j],
       [ 0.+0.j,  0.+0.j,  0.+0.j,  0.-1.j],
       [ 0.+1.j,  0.+0.j,  0.+0.j,  0.+0.j],
       [ 0.+0.j,  0.+1.j,  0.+0.j,  0.+0.j]]), array([[ 1.+0.j,  0.+0.j,  0.+0.j,  0.+0.j],
       [ 0.+0.j,  1.+0.j,  0.+0.j,  0.+0.j],
       [ 0.+0.j,  0.+0.j, -1.+0.j, -0.+0.j],
       [ 0.+0.j,  0.+0.j, -0.+0.j, -1.+0.j]]), array([[ 1.+0.j,  0.+0.j,  0.+0.j,  0.+0.j],
       [ 0.+0.j, -1.+0.j,  0.+0.j, -0.+0.j],
       [ 0.+0.j,  0.+0.j, -1.+0.j, -0.+0.j],
       [ 0.+0.j, -0.+0.j, -0.+0.j,  1.-0.j]])]
12:51:23 [GLOBAL VARIABLES] true_params : [0.92450565, 6.00664336, 1.65998543, 0.76546868]
12:51:23 [GLOBAL VARIABLES] true_params_dict : {'xTi': 0.92450565, 'yTi': 6.00664336, 'zTi': 1.65998543, 'zTz': 0.76546868}
12:51:23 [GLOBAL VARIABLES] true_params_list : [0.92450565, 6.00664336, 1.65998543, 0.76546868]
12:51:23 [GLOBAL VARIABLES] true_hamiltonian : [[ 2.42545411+0.j          0.00000000+0.j          0.92450565-6.00664336j
   0.00000000+0.j        ]
 [ 0.00000000+0.j          0.89451675+0.j          0.00000000+0.j
   0.92450565-6.00664336j]
 [ 0.92450565+6.00664336j  0.00000000+0.j         -2.42545411+0.j
   0.00000000+0.j        ]
 [ 0.00000000+0.j          0.92450565+6.00664336j  0.00000000+0.j
  -0.89451675+0.j        ]]
12:51:23 [GLOBAL VARIABLES] qhl_test : False
12:51:23 [GLOBAL VARIABLES] further_qhl : False
12:51:23 [GLOBAL VARIABLES] do_iqle : False
12:51:23 [GLOBAL VARIABLES] do_qle : True
12:51:23 [GLOBAL VARIABLES] use_rq : True
12:51:23 [GLOBAL VARIABLES] num_runs : 1
12:51:23 [GLOBAL VARIABLES] num_tests : 1
12:51:23 [GLOBAL VARIABLES] num_qubits : 2
12:51:23 [GLOBAL VARIABLES] num_parameters : 2
12:51:23 [GLOBAL VARIABLES] num_experiments : 750
12:51:23 [GLOBAL VARIABLES] num_particles : 2500
12:51:23 [GLOBAL VARIABLES] num_times_bayes : 750
12:51:23 [GLOBAL VARIABLES] bayes_lower : 1
12:51:23 [GLOBAL VARIABLES] bayes_upper : 100
12:51:23 [GLOBAL VARIABLES] save_plots : False
12:51:23 [GLOBAL VARIABLES] store_particles_weights : False
12:51:23 [GLOBAL VARIABLES] gaussian : True
12:51:23 [GLOBAL VARIABLES] custom_prior : True
12:51:23 [GLOBAL VARIABLES] resample_threshold : 0.5
12:51:23 [GLOBAL VARIABLES] resample_a : 0.98
12:51:23 [GLOBAL VARIABLES] pgh_factor : 1.0
12:51:23 [GLOBAL VARIABLES] pgh_exponent : 1.0
12:51:23 [GLOBAL VARIABLES] increase_pgh_time : False
12:51:23 [GLOBAL VARIABLES] pickle_qmd_class : False
12:51:23 [GLOBAL VARIABLES] qmd_id : 58
12:51:23 [GLOBAL VARIABLES] host_name : node44-006
12:51:23 [GLOBAL VARIABLES] port_number : 6358
12:51:23 [GLOBAL VARIABLES] results_directory : /panfs/panasas01/phys/bf16951/QMD/ParallelDevelopment/Results/Oct_01/12_39/
12:51:23 [GLOBAL VARIABLES] rq_timeout : 200000
12:51:23 [GLOBAL VARIABLES] cumulative_csv : /panfs/panasas01/phys/bf16951/QMD/ParallelDevelopment/Results/Oct_01/12_39/cumulative.csv
12:51:23 [GLOBAL VARIABLES] data_time_offset : 180
12:51:23 [GLOBAL VARIABLES] data_max_time : 5
12:51:23 [GLOBAL VARIABLES] true_expec_path : /panfs/panasas01/phys/bf16951/QMD/ParallelDevelopment/Results/Oct_01/12_39/true_expec_vals.p
12:51:23 [GLOBAL VARIABLES] plot_probe_file : /panfs/panasas01/phys/bf16951/QMD/ParallelDevelopment/Results/Oct_01/12_39/plot_probes.p
12:51:23 [GLOBAL VARIABLES] special_probe : random
12:51:23 [GLOBAL VARIABLES] latex_mapping_file : /panfs/panasas01/phys/bf16951/QMD/ParallelDevelopment/Results/Oct_01/12_39/LatexMapping.txt
12:51:23 [GLOBAL VARIABLES] reallocate_resources : False
12:51:23 [GLOBAL VARIABLES] param_min : 0.0
12:51:23 [GLOBAL VARIABLES] param_max : 10.0
12:51:23 [GLOBAL VARIABLES] param_mean : 0.5
12:51:23 [GLOBAL VARIABLES] param_sigma : 2.0
12:51:23 [GLOBAL VARIABLES] bayes_time_binning : True
12:51:23 [GLOBAL VARIABLES] bayes_factors_use_all_exp_times : False
12:51:23 [GLOBAL VARIABLES] num_probes : 40
12:51:23 [GLOBAL VARIABLES] probe_noise_level : 0.001
12:51:23 [GLOBAL VARIABLES] updater_from_prior : False
12:51:23 [GLOBAL VARIABLES] plots_directory : /panfs/panasas01/phys/bf16951/QMD/ParallelDevelopment/Results/Oct_01/12_39/plots/
12:51:23 [GLOBAL VARIABLES] long_id : 058
12:51:23 [GLOBAL VARIABLES] results_file : /panfs/panasas01/phys/bf16951/QMD/ParallelDevelopment/Results/Oct_01/12_39/results_058.p
12:51:23 [GLOBAL VARIABLES] class_pickle_file : /panfs/panasas01/phys/bf16951/QMD/ParallelDevelopment/Results/Oct_01/12_39/qmd_class_058.p
12:51:24 [EXP] 
 QMD id 58  on host  node44-006 and port 6358 has seed 1 
 2500  particles for 750 experiments and  750 bayes updates
 Gaussian= True 
 RQ= True RQ log: /panfs/panasas01/phys/bf16951/QMD/ParallelDevelopment/Results/Oct_01/12_39/logs/NV-exp-method-sim__random-phase--probe__QMLA_58.qmd.8794655.log 
 Bayes CSV: /panfs/panasas01/phys/bf16951/QMD/ParallelDevelopment/Results/Oct_01/12_39/cumulative.csv
12:51:24 [EXP] Generators: ['two_qubit_ising_rotation_hyperfine_transverse']
12:51:24 [QMD 58] Probe dict provided to QMD.
12:51:24 [QMD 58] Getting expectation values for simulated model (len 301) 
 Times computed:
 [0.0, 0.02, 0.029999999999999999, 0.050000000000000003, 0.070000000000000007, 0.080000000000000002, 0.10000000000000001, 0.12, 0.13, 0.14999999999999999, 0.17000000000000001, 0.17999999999999999, 0.20000000000000001, 0.22, 0.23000000000000001, 0.25, 0.27000000000000002, 0.28000000000000003, 0.29999999999999999, 0.32000000000000001, 0.33000000000000002, 0.34999999999999998, 0.37, 0.38, 0.40000000000000002, 0.41999999999999998, 0.42999999999999999, 0.45000000000000001, 0.46999999999999997, 0.47999999999999998, 0.5, 0.52000000000000002, 0.53000000000000003, 0.55000000000000004, 0.56999999999999995, 0.57999999999999996, 0.59999999999999998, 0.62, 0.63, 0.65000000000000002, 0.67000000000000004, 0.68000000000000005, 0.69999999999999996, 0.71999999999999997, 0.72999999999999998, 0.75, 0.77000000000000002, 0.78000000000000003, 0.80000000000000004, 0.81999999999999995, 0.82999999999999996, 0.84999999999999998, 0.87, 0.88, 0.90000000000000002, 0.92000000000000004, 0.93000000000000005, 0.94999999999999996, 0.96999999999999997, 0.97999999999999998, 1.0, 1.02, 1.03, 1.05, 1.0700000000000001, 1.0800000000000001, 1.1000000000000001, 1.1200000000000001, 1.1299999999999999, 1.1499999999999999, 1.1699999999999999, 1.1799999999999999, 1.2, 1.22, 1.23, 1.25, 1.27, 1.28, 1.3, 1.3200000000000001, 1.3300000000000001, 1.3500000000000001, 1.3700000000000001, 1.3799999999999999, 1.3999999999999999, 1.4199999999999999, 1.4299999999999999, 1.45, 1.47, 1.48, 1.5, 1.52, 1.53, 1.55, 1.5700000000000001, 1.5800000000000001, 1.6000000000000001, 1.6200000000000001, 1.6299999999999999, 1.6499999999999999, 1.6699999999999999, 1.6799999999999999, 1.7, 1.72, 1.73, 1.75, 1.77, 1.78, 1.8, 1.8200000000000001, 1.8300000000000001, 1.8500000000000001, 1.8700000000000001, 1.8799999999999999, 1.8999999999999999, 1.9199999999999999, 1.9299999999999999, 1.95, 1.97, 1.98, 2.0, 2.02, 2.0299999999999998, 2.0499999999999998, 2.0699999999999998, 2.0800000000000001, 2.1000000000000001, 2.1200000000000001, 2.1299999999999999, 2.1499999999999999, 2.1699999999999999, 2.1800000000000002, 2.2000000000000002, 2.2200000000000002, 2.23, 2.25, 2.27, 2.2799999999999998, 2.2999999999999998, 2.3199999999999998, 2.3300000000000001, 2.3500000000000001, 2.3700000000000001, 2.3799999999999999, 2.3999999999999999, 2.4199999999999999, 2.4300000000000002, 2.4500000000000002, 2.4700000000000002, 2.48, 2.5, 2.52, 2.5299999999999998, 2.5499999999999998, 2.5699999999999998, 2.5800000000000001, 2.6000000000000001, 2.6200000000000001, 2.6299999999999999, 2.6499999999999999, 2.6699999999999999, 2.6800000000000002, 2.7000000000000002, 2.7200000000000002, 2.73, 2.75, 2.77, 2.7799999999999998, 2.7999999999999998, 2.8199999999999998, 2.8300000000000001, 2.8500000000000001, 2.8700000000000001, 2.8799999999999999, 2.8999999999999999, 2.9199999999999999, 2.9300000000000002, 2.9500000000000002, 2.9700000000000002, 2.98, 3.0, 3.02, 3.0299999999999998, 3.0499999999999998, 3.0699999999999998, 3.0800000000000001, 3.1000000000000001, 3.1200000000000001, 3.1299999999999999, 3.1499999999999999, 3.1699999999999999, 3.1800000000000002, 3.2000000000000002, 3.2200000000000002, 3.23, 3.25, 3.27, 3.2799999999999998, 3.2999999999999998, 3.3199999999999998, 3.3300000000000001, 3.3500000000000001, 3.3700000000000001, 3.3799999999999999, 3.3999999999999999, 3.4199999999999999, 3.4300000000000002, 3.4500000000000002, 3.4700000000000002, 3.48, 3.5, 3.52, 3.5299999999999998, 3.5499999999999998, 3.5699999999999998, 3.5800000000000001, 3.6000000000000001, 3.6200000000000001, 3.6299999999999999, 3.6499999999999999, 3.6699999999999999, 3.6800000000000002, 3.7000000000000002, 3.7200000000000002, 3.73, 3.75, 3.77, 3.7799999999999998, 3.7999999999999998, 3.8199999999999998, 3.8300000000000001, 3.8500000000000001, 3.8700000000000001, 3.8799999999999999, 3.8999999999999999, 3.9199999999999999, 3.9300000000000002, 3.9500000000000002, 3.9700000000000002, 3.98, 4.0, 4.0199999999999996, 4.0300000000000002, 4.0499999999999998, 4.0700000000000003, 4.0800000000000001, 4.0999999999999996, 4.1200000000000001, 4.1299999999999999, 4.1500000000000004, 4.1699999999999999, 4.1799999999999997, 4.2000000000000002, 4.2199999999999998, 4.2300000000000004, 4.25, 4.2699999999999996, 4.2800000000000002, 4.2999999999999998, 4.3200000000000003, 4.3300000000000001, 4.3499999999999996, 4.3700000000000001, 4.3799999999999999, 4.4000000000000004, 4.4199999999999999, 4.4299999999999997, 4.4500000000000002, 4.4699999999999998, 4.4800000000000004, 4.5, 4.5199999999999996, 4.5300000000000002, 4.5499999999999998, 4.5700000000000003, 4.5800000000000001, 4.5999999999999996, 4.6200000000000001, 4.6299999999999999, 4.6500000000000004, 4.6699999999999999, 4.6799999999999997, 4.7000000000000002, 4.7199999999999998, 4.7300000000000004, 4.75, 4.7699999999999996, 4.7800000000000002, 4.7999999999999998, 4.8200000000000003, 4.8300000000000001, 4.8499999999999996, 4.8700000000000001, 4.8799999999999999, 4.9000000000000004, 4.9199999999999999, 4.9299999999999997, 4.9500000000000002, 4.9699999999999998, 4.9800000000000004, 5.0]
12:51:25 [QMD 58] Expectation values computed
12:51:25 [QMD 58] generator list after ensuring true generator is first: ['two_qubit_ising_rotation_hyperfine_transverse']
12:51:25 [QMD 58] initialising generator two_qubit_ising_rotation_hyperfine_transverse with models: ['xTi', 'yTi', 'zTi']
12:51:25 [QMD 58] xTi not added yet. List: []
12:51:25 [QMD 58] yTi not added yet. List: ['xTi']
12:51:25 [QMD 58] zTi not added yet. List: ['xTi', 'yTi']
12:51:25 [QMD 58] After initial branches. InitialModelIDs: {'xTi': 0, 'yTi': 1, 'zTi': 2}
12:51:25 [QMD 58] After setting up initial branches, highest branch id: 0 highest model id: 3 initial models: {}
12:51:25 [QMD 58] Retrieving databases from redis
12:51:25 [QMD 58] any job failed db: [b'Status'] Status: b'0'
12:51:25 [QMD 58] Initial op list: ['xTi', 'yTi', 'zTi']
12:51:25 [QMD 58] Specific terms for prior {}
12:51:25 [QMD 58] RunParallel= True
12:51:25 [QMD 58] Saving qmd info db to  StrictRedis<ConnectionPool<Connection<host=node44-006,port=6358,db=1>>>
12:51:25 [QMD 58] Running  QLE  for true operator  xTiPPyTiPPzTiPPzTz  with parameters :  [0.92450565, 6.00664336, 1.65998543, 0.76546868]
12:51:25 [DB] Model  xTi  not previously considered -- adding. ID: 0
12:51:25 [DB] Model  yTi  not previously considered -- adding. ID: 1
12:51:25 [DB] Model  zTi  not previously considered -- adding. ID: 2
12:51:25 [QMD 58] After initiating DB, models: {0: 'xTi', 1: 'yTi', 2: 'zTi'}
12:51:25 [QMD 58] learnModelFromBranchID branch 0 : ['xTi', 'yTi', 'zTi']
12:51:25 [QMD 58] learnModelFromBranchID. Setting active branches on redis for branch 0 to 0
12:51:25 [QMD 58] branch 0 precomputed: []
12:51:25 [QMD 58] Branch  0 has unlearned models: ['xTi', 'zTi', 'yTi']
12:51:25 [QMD 58] Model  xTi being passed to learnModel function
12:51:25 [QMD 58] Model xTi added to queue.
12:51:25 [QMD 58] Model  zTi being passed to learnModel function
12:51:25 [QMD 58] Model zTi added to queue.
12:51:25 [QMD 58] Model  yTi being passed to learnModel function
12:51:25 [QMD 58] Model yTi added to queue.
12:51:25 [QMD 58] learnModelFromBranchID finished, branch 0
12:51:25 [QMD 58] Entering while loop of spawning/comparing.
12:51:35 [QML 2] QML for  zTi
12:51:35 [QML 1] QML for  yTi
12:51:35 [QML 0] QML for  xTi
12:51:35 [QML 2] Getting prior for model: zTi Specific terms: {}
12:51:35 [QML 1] Getting prior for model: yTi Specific terms: {}
12:51:35 [QML 0] Getting prior for model: xTi Specific terms: {}
12:51:36 [QML 2] Initialization Ready
12:51:36 [RQ Learn 2.0] Time to unpickle and initialise QML class: 1.1339218616485596
12:51:36 [RQ Learn 2.0] Updating model.
12:51:36 [QML 2] Experiment 0
12:51:36 [QML 2] Initial time selected >  4.80609303279
12:51:36 [QML 1] Initialization Ready
12:51:36 [RQ Learn 1.0] Time to unpickle and initialise QML class: 1.116095781326294
12:51:36 [RQ Learn 1.0] Updating model.
12:51:36 [QML 1] Experiment 0
12:51:36 [QML 1] Initial time selected >  0.189002015147
12:51:36 [QML 0] Initialization Ready
12:51:36 [RQ Learn 0.0] Time to unpickle and initialise QML class: 1.1045117378234863
12:51:36 [RQ Learn 0.0] Updating model.
12:51:36 [QML 0] Experiment 0
12:51:36 [QML 0] Initial time selected >  0.204811147825
13:0:7 [QML 0] Experiment 75
13:0:34 [QML 1] Experiment 75
13:1:47 [QML 2] Experiment 75
13:6:48 [QML 0] Experiment 150
13:10:5 [QML 2] Experiment 150
13:11:53 [QML 1] Experiment 150
13:14:24 [QML 0] Experiment 225
13:21:45 [QML 0] Experiment 300
13:22:20 [QML 1] Experiment 225
13:22:26 [QML 2] Experiment 225
13:30:47 [QML 1] Experiment 300
13:32:1 [QML 0] Experiment 375
13:37:0 [QML 2] Experiment 300
13:38:25 [QML 1] Experiment 375
13:40:40 [QML 0] Experiment 450
13:47:39 [QML 1] Experiment 450
13:47:55 [QML 0] Experiment 525
13:49:21 [QML 2] Experiment 375
13:54:6 [QML 0] Experiment 600
13:57:56 [QML 1] Experiment 525
13:59:45 [QML 0] Experiment 675
14:0:24 [QML 2] Experiment 450
14:4:49 [QML 1] Experiment 600
14:5:17 [QML 0] Results for QHL on  xTi
14:5:17 [QML 0] Final time selected > 2.45
14:5:17 [QML 0] Cumulative time.	 Datum: 2.547013998031616 	 Update: 4415.356663942337
14:5:17 [QML 0] Final Parameters mean and stdev (term  xTi ): [  2.52901930e-09   4.69465947e-09]
14:5:17 [RQ Learn 0.0] Time for update alone: 4420.999374628067
14:5:18 [RQ Learn 0.0] Redis learned_models_info added to db for model: 0.0
14:5:18 [RQ Learn 0.0] Redis SET learned_models_ids: 0.0 ; set True
14:5:18 [RQ Learn 0.0] Learned. rq time: 4422.528236150742
14:9:34 [QML 2] Experiment 525
14:11:19 [QML 1] Experiment 675
14:18:7 [QML 1] Results for QHL on  yTi
14:18:7 [QML 1] Final time selected > 2.45
14:18:7 [QML 1] Cumulative time.	 Datum: 2.5955705642700195 	 Update: 5185.279090642929
14:18:7 [QML 1] Final Parameters mean and stdev (term  yTi ): [  6.14286055e+00   1.74795130e-06]
14:18:7 [RQ Learn 1.0] Time for update alone: 5190.939181089401
14:18:8 [RQ Learn 1.0] Redis learned_models_info added to db for model: 1.0
14:18:8 [RQ Learn 1.0] Redis SET learned_models_ids: 1.0 ; set True
14:18:8 [RQ Learn 1.0] Learned. rq time: 5192.457629919052
14:18:58 [QML 2] Experiment 600
14:26:18 [QML 2] Experiment 675
14:35:9 [QML 2] Results for QHL on  zTi
14:35:9 [QML 2] Final time selected > 2.45
14:35:9 [QML 2] Cumulative time.	 Datum: 2.3034892082214355 	 Update: 6207.581276655197
14:35:9 [QML 2] Final Parameters mean and stdev (term  zTi ): [  2.15885764e+00   1.68038326e-03]
14:35:9 [RQ Learn 2.0] Time for update alone: 6212.710891962051
14:35:9 [RQ Learn 2.0] Redis learned_models_info added to db for model: 2.0
14:35:9 [RQ Learn 2.0] Redis SET learned_models_ids: 2.0 ; set True
14:35:9 [QMD 58] All models on branch 0 have finished learning.
14:35:9 [RQ Learn 2.0] Learned. rq time: 6214.257905244827
14:35:9[QML:Reduced 0; QMD 58] Updating learned info for model 0
14:35:10[QML:Reduced 0; QMD 58] Updated learned info for model 0
14:35:10[QML:Reduced 1; QMD 58] Updating learned info for model 1
14:35:10[QML:Reduced 1; QMD 58] Updated learned info for model 1
14:35:10[QML:Reduced 2; QMD 58] Updating learned info for model 2
14:35:10[QML:Reduced 2; QMD 58] Updated learned info for model 2
14:35:10 [QMD 58] remoteBayesFromBranchID 0 model id list: [0, 1, 2]
14:35:10 [QMD 58] Computing BF for pair 0,1
14:35:10 [QMD 58] Bayes factor calculation queued. Model IDs 0 1
14:35:10 [QMD 58] Computing BF for pair 0,2
14:35:10 [QMD 58] Bayes factor calculation queued. Model IDs 0 2
14:35:10 [QMD 58] Computing BF for pair 1,2
14:35:10 [QMD 58] Bayes factor calculation queued. Model IDs 1 2
14:35:22[QML:Bayes 0; QMD 58] Name: xTi
14:35:22[QML:Bayes 1; QMD 58] Name: yTi
14:35:22[QML:Bayes 0; QMD 58] Name: xTi
14:35:22[QML:Bayes 1; QMD 58] Time to unpickle updater: 0.09594845771789551
14:35:22[QML:Bayes 0; QMD 58] Time to unpickle updater: 0.09594607353210449
14:35:22[QML:Bayes 1; QMD 58] Prior mean: [ 6.14286055]
14:35:22[QML:Bayes 0; QMD 58] Prior mean: [  2.52901930e-09]
14:35:22[QML:Bayes 0; QMD 58] Time to unpickle updater: 0.15504956245422363
14:35:22[QML:Bayes 0; QMD 58] Prior mean: [  2.52901930e-09]
14:35:23[QML:Bayes 1; QMD 58] Name: yTi
14:35:23[QML:Bayes 2; QMD 58] Name: zTi
14:35:23[QML:Bayes 2; QMD 58] Name: zTi
14:35:23[QML:Bayes 1; QMD 58] Time to unpickle updater: 0.09499716758728027
14:35:23[QML:Bayes 1; QMD 58] Prior mean: [ 6.14286055]
14:35:23 [RQ Bayes 0/1] Start. Branch 0
14:35:23[QML:Bayes 2; QMD 58] Time to unpickle updater: 0.0946495532989502
14:35:23[QML:Bayes 2; QMD 58] Prior mean: [ 2.15885764]
14:35:23 [RQ Bayes 1/2] Start. Branch 0
14:35:23[QML:Bayes 2; QMD 58] Time to unpickle updater: 0.09633064270019531
14:35:23[QML:Bayes 2; QMD 58] Prior mean: [ 2.15885764]
14:35:23 [RQ Bayes 0/2] Start. Branch 0
15:59:39 [Evo (QML 1)] [QLE] Negative probability :                         	 	 probability =  -3.57927682249e-06
15:59:40 [Evo (QML 1)] [QLE] Negative probability :                         	 	 probability =  -3.39994985721e-07
15:59:41 [Evo (QML 1)] [QLE] Negative probability :                         	 	 probability =  -3.91557299917e-08
16:0:21 [Evo (QML 1)] [QLE] Negative probability :                         	 	 probability =  -3.21598586206e-07
16:2:33 [Evo (QML 1)] [QLE] Negative probability :                         	 	 probability =  -1.30307450386e-06
16:3:11 [Evo (QML 1)] [QLE] Negative probability :                         	 	 probability =  -1.05778852633e-06
16:3:25 [Evo (QML 1)] [QLE] Negative probability :                         	 	 probability =  -1.81487416206e-08
16:4:17 [Evo (QML 1)] [QLE] Negative probability :                         	 	 probability =  -1.33683179193e-07
16:5:36 [Evo (QML 1)] [QLE] Negative probability :                         	 	 probability =  -8.3283053165e-07
16:6:10 [Evo (QML 1)] [QLE] Negative probability :                         	 	 probability =  -1.29738901511e-06
16:6:18 [Evo (QML 1)] [QLE] Negative probability :                         	 	 probability =  -1.2010136885e-07
16:40:12 [RQ Bayes 0/1] BF computed: A:0; B:1; BF:0.0 	Reset remormalisation record: False
16:40:12 [RQ Bayes 0/1] Finished. rq time:  7490.558793544769
17:21:16 [RQ Bayes 0/2] BF computed: A:0; B:2; BF:0.0 	Reset remormalisation record: False
17:21:16 [RQ Bayes 0/2] Finished. rq time:  9954.287813425064
17:28:42 [RQ Bayes 1/2] BF computed: A:1; B:2; BF:0.0 	Reset remormalisation record: False
17:28:43 [RQ Bayes 1/2] Finished. rq time:  10401.00756907463
17:28:43 [QMD 58] compareModelsWithinBranch 0 active_models_in_branch_old: [0.0, 1.0, 2.0] active_models_in_branch_new: [0, 1, 2]
17:28:43 [QMD 58] [compareModelsWithinBranch 0] Point to 1 (comparison 0/1)
17:28:43 [QMD 58] [compareModelsWithinBranch 0] Point to 2 (comparison 0/2)
17:28:43 [QMD 58] [compareModelsWithinBranch 0] Point to 2 (comparison 1/2)
17:28:43 [QMD 58] Model points for branch 0 {0: 0, 1: 1, 2: 2}
17:28:43 [QMD 58] Champion of branch  0  is  zTi (2)
17:28:43 [QMD 58] Spawning. Growth rule: two_qubit_ising_rotation_hyperfine_transverse. Depth: 1
17:28:43 [QMD 58] After model generation for growth rule two_qubit_ising_rotation_hyperfine_transverse SPAWN STAGE: [None] 
new models: ['xTiPPzTi', 'yTiPPzTi']
17:28:43 [QMD 58] Branch 1 growth rule two_qubit_ising_rotation_hyperfine_transverse has 2 new models ['xTiPPzTi', 'yTiPPzTi']
17:28:43 [DB] Model  xTiPPzTi  not previously considered -- adding. ID: 3
17:28:43 [QMD 58] Model  xTiPPzTi 
	computed already:  False 
	ID: 3
17:28:43 [DB] Model  yTiPPzTi  not previously considered -- adding. ID: 4
17:28:43 [QMD 58] Model  yTiPPzTi 
	computed already:  False 
	ID: 4
17:28:43 [QMD 58] Num models already computed on branch  1 = 0
17:28:43 [QMD 58] Models to add to new branch ( 1 ):  ['xTiPPzTi', 'yTiPPzTi']
17:28:43 [QMD 58] learnModelFromBranchID branch 1 : ['xTiPPzTi', 'yTiPPzTi']
17:28:43 [QMD 58] learnModelFromBranchID. Setting active branches on redis for branch 1 to 0
17:28:43 [QMD 58] branch 1 precomputed: []
17:28:43 [QMD 58] Branch  1 has unlearned models: ['xTiPPzTi', 'yTiPPzTi']
17:28:43 [QMD 58] Model  xTiPPzTi being passed to learnModel function
17:28:43 [QMD 58] Model xTiPPzTi added to queue.
17:28:43 [QMD 58] Model  yTiPPzTi being passed to learnModel function
17:28:43 [QMD 58] Model yTiPPzTi added to queue.
17:28:43 [QMD 58] learnModelFromBranchID finished, branch 1
17:28:55 [QML 4] QML for  yTiPPzTi
17:28:55 [QML 3] QML for  xTiPPzTi
17:28:55 [QML 4] Getting prior for model: yTiPPzTi Specific terms: {}
17:28:55 [QML 3] Getting prior for model: xTiPPzTi Specific terms: {}
17:28:56 [QML 3] Initialization Ready
17:28:56 [RQ Learn 3.0] Time to unpickle and initialise QML class: 1.451899528503418
17:28:56 [RQ Learn 3.0] Updating model.
17:28:56 [QML 3] Experiment 0
17:28:56 [QML 4] Initialization Ready
17:28:56 [RQ Learn 4.0] Time to unpickle and initialise QML class: 1.4560203552246094
17:28:56 [QML 3] Initial time selected >  0.255049496144
17:28:56 [RQ Learn 4.0] Updating model.
17:28:56 [QML 4] Experiment 0
17:28:56 [QML 4] Initial time selected >  0.197268395076
17:35:22 [QML 3] Experiment 75
17:35:33 [QML 4] Experiment 75
17:41:56 [QML 3] Experiment 150
17:42:18 [QML 4] Experiment 150
17:48:41 [QML 3] Experiment 225
17:49:2 [QML 4] Experiment 225
17:55:31 [QML 3] Experiment 300
17:55:46 [QML 4] Experiment 300
18:2:22 [QML 3] Experiment 375
18:2:32 [QML 4] Experiment 375
18:9:5 [QML 3] Experiment 450
18:9:19 [QML 4] Experiment 450
18:15:57 [QML 3] Experiment 525
18:16:16 [QML 4] Experiment 525
18:23:3 [QML 3] Experiment 600
18:23:22 [QML 4] Experiment 600
18:29:10 [QML 3] Experiment 675
18:29:57 [QML 4] Experiment 675
18:36:5 [QML 3] Results for QHL on  xTiPPzTi
18:36:5 [QML 3] Final time selected > 2.45
18:36:5 [QML 3] Cumulative time.	 Datum: 2.0933585166931152 	 Update: 4022.663449048996
18:36:5 [QML 3] Final Parameters mean and stdev (term  xTi ): [ 0.62020502  0.02537931]
18:36:5 [QML 3] Final Parameters mean and stdev (term  zTi ): [ 1.95455253  0.0077747 ]
18:36:5 [RQ Learn 3.0] Time for update alone: 4028.9157989025116
18:36:6 [RQ Learn 3.0] Redis learned_models_info added to db for model: 3.0
18:36:6 [RQ Learn 3.0] Redis SET learned_models_ids: 3.0 ; set True
18:36:6 [RQ Learn 3.0] Learned. rq time: 4030.826298236847
18:36:59 [QML 4] Results for QHL on  yTiPPzTi
18:36:59 [QML 4] Final time selected > 2.45
18:36:59 [QML 4] Cumulative time.	 Datum: 2.0909178256988525 	 Update: 4076.276911020279
18:36:59 [QML 4] Final Parameters mean and stdev (term  yTi ): [ 5.26257848  0.05867398]
18:36:59 [QML 4] Final Parameters mean and stdev (term  zTi ): [ 3.49769353  0.10003426]
18:36:59 [RQ Learn 4.0] Time for update alone: 4082.511528491974
18:36:59 [RQ Learn 4.0] Redis learned_models_info added to db for model: 4.0
18:36:59 [RQ Learn 4.0] Redis SET learned_models_ids: 4.0 ; set True
18:36:59 [QMD 58] All models on branch 1 have finished learning.
18:36:59 [RQ Learn 4.0] Learned. rq time: 4084.4222905635834
18:36:59[QML:Reduced 3; QMD 58] Updating learned info for model 3
18:37:0[QML:Reduced 3; QMD 58] Updated learned info for model 3
18:37:0[QML:Reduced 4; QMD 58] Updating learned info for model 4
18:37:0[QML:Reduced 4; QMD 58] Updated learned info for model 4
18:37:0 [QMD 58] remoteBayesFromBranchID 1 model id list: [3, 4]
18:37:0 [QMD 58] Computing BF for pair 3,4
18:37:0 [QMD 58] Bayes factor calculation queued. Model IDs 3 4
18:37:12[QML:Bayes 3; QMD 58] Name: xTiPPzTi
18:37:12[QML:Bayes 3; QMD 58] Time to unpickle updater: 0.09557652473449707
18:37:12[QML:Bayes 3; QMD 58] Prior mean: [ 0.62020502  1.95455253]
18:37:12[QML:Bayes 4; QMD 58] Name: yTiPPzTi
18:37:12[QML:Bayes 4; QMD 58] Time to unpickle updater: 0.09461641311645508
18:37:12[QML:Bayes 4; QMD 58] Prior mean: [ 5.26257848  3.49769353]
18:37:12 [RQ Bayes 3/4] Start. Branch 1
20:50:24 [RQ Bayes 3/4] BF computed: A:3; B:4; BF:0.0 	Reset remormalisation record: False
20:50:24 [RQ Bayes 3/4] Finished. rq time:  7992.854932785034
20:50:24 [QMD 58] compareModelsWithinBranch 1 active_models_in_branch_old: [3.0, 4.0] active_models_in_branch_new: [3, 4]
20:50:24 [QMD 58] [compareModelsWithinBranch 1] Point to 4 (comparison 3/4)
20:50:24 [QMD 58] Model points for branch 1 {3: 0, 4: 1}
20:50:24 [QMD 58] Champion of branch  1  is  yTiPPzTi (4)
20:50:24 [QMD 58] Spawning. Growth rule: two_qubit_ising_rotation_hyperfine_transverse. Depth: 2
20:50:24 [QMD 58] After model generation for growth rule two_qubit_ising_rotation_hyperfine_transverse SPAWN STAGE: [None] 
new models: ['xTiPPyTiPPzTi']
20:50:24 [QMD 58] Branch 2 growth rule two_qubit_ising_rotation_hyperfine_transverse has 1 new models ['xTiPPyTiPPzTi']
20:50:24 [DB] Model  xTiPPyTiPPzTi  not previously considered -- adding. ID: 5
20:50:25 [QMD 58] Model  xTiPPyTiPPzTi 
	computed already:  False 
	ID: 5
20:50:25 [QMD 58] Num models already computed on branch  2 = 0
20:50:25 [QMD 58] Models to add to new branch ( 2 ):  ['xTiPPyTiPPzTi']
20:50:25 [QMD 58] learnModelFromBranchID branch 2 : ['xTiPPyTiPPzTi']
20:50:25 [QMD 58] learnModelFromBranchID. Setting active branches on redis for branch 2 to 0
20:50:25 [QMD 58] branch 2 precomputed: []
20:50:25 [QMD 58] Branch  2 has unlearned models: ['xTiPPyTiPPzTi']
20:50:25 [QMD 58] Model  xTiPPyTiPPzTi being passed to learnModel function
20:50:25 [QMD 58] Model xTiPPyTiPPzTi added to queue.
20:50:25 [QMD 58] learnModelFromBranchID finished, branch 2
20:50:37 [QML 5] QML for  xTiPPyTiPPzTi
20:50:37 [QML 5] Getting prior for model: xTiPPyTiPPzTi Specific terms: {}
20:50:38 [QML 5] Initialization Ready
20:50:38 [RQ Learn 5.0] Time to unpickle and initialise QML class: 1.946375846862793
20:50:38 [RQ Learn 5.0] Updating model.
20:50:38 [QML 5] Experiment 0
20:50:38 [QML 5] Initial time selected >  0.0567503767238
20:57:10 [QML 5] Experiment 75
21:3:56 [QML 5] Experiment 150
21:10:48 [QML 5] Experiment 225
21:17:37 [QML 5] Experiment 300
21:24:25 [QML 5] Experiment 375
21:31:12 [QML 5] Experiment 450
21:38:2 [QML 5] Experiment 525
21:44:51 [QML 5] Experiment 600
21:51:24 [QML 5] Experiment 675
21:58:12 [QML 5] Results for QHL on  xTiPPyTiPPzTi
21:58:12 [QML 5] Final time selected > 2.45
21:58:12 [QML 5] Cumulative time.	 Datum: 2.0528459548950195 	 Update: 4047.0104417800903
21:58:12 [QML 5] Final Parameters mean and stdev (term  xTi ): [ 2.69549903  0.0690172 ]
21:58:12 [QML 5] Final Parameters mean and stdev (term  yTi ): [ 5.5713272   0.05026253]
21:58:12 [QML 5] Final Parameters mean and stdev (term  zTi ): [ 1.56555884  0.07079137]
21:58:12 [RQ Learn 5.0] Time for update alone: 4053.984843969345
21:58:13 [RQ Learn 5.0] Redis learned_models_info added to db for model: 5.0
21:58:13 [RQ Learn 5.0] Redis SET learned_models_ids: 5.0 ; set True
21:58:13 [QMD 58] All models on branch 2 have finished learning.
21:58:13 [RQ Learn 5.0] Learned. rq time: 4056.4077775478363
21:58:13[QML:Reduced 5; QMD 58] Updating learned info for model 5
21:58:13[QML:Reduced 5; QMD 58] Updated learned info for model 5
21:58:13 [QMD 58] remoteBayesFromBranchID 2 model id list: [5]
21:58:13 [QMD 58] compareModelsWithinBranch 2 active_models_in_branch_old: [5.0] active_models_in_branch_new: [5]
21:58:13 [QMD 58] Model points for branch 2 {5: 0}
21:58:13 [QMD 58] Champion of branch  2  is  xTiPPyTiPPzTi (5)
21:58:13 [QMD 58] Spawning. Growth rule: two_qubit_ising_rotation_hyperfine_transverse. Depth: 3
21:58:13 [QMD 58] After model generation for growth rule two_qubit_ising_rotation_hyperfine_transverse SPAWN STAGE: [None] 
new models: ['xTiPPyTiPPzTiPPzTz', 'xTiPPxTxPPyTiPPzTi', 'xTiPPyTiPPyTyPPzTi']
21:58:13 [QMD 58] Branch 3 growth rule two_qubit_ising_rotation_hyperfine_transverse has 3 new models ['xTiPPxTxPPyTiPPzTi', 'xTiPPyTiPPyTyPPzTi', 'xTiPPyTiPPzTiPPzTz']
21:58:13 [DB] Model  xTiPPxTxPPyTiPPzTi  not previously considered -- adding. ID: 6
21:58:13 [QMD 58] Model  xTiPPxTxPPyTiPPzTi 
	computed already:  False 
	ID: 6
21:58:13 [DB] Model  xTiPPyTiPPyTyPPzTi  not previously considered -- adding. ID: 7
21:58:13 [QMD 58] Model  xTiPPyTiPPyTyPPzTi 
	computed already:  False 
	ID: 7
21:58:13 [DB] Model  xTiPPyTiPPzTiPPzTz  not previously considered -- adding. ID: 8
21:58:14 [QMD 58] Model  xTiPPyTiPPzTiPPzTz 
	computed already:  False 
	ID: 8
21:58:14 [QMD 58] Num models already computed on branch  3 = 0
21:58:14 [QMD 58] Models to add to new branch ( 3 ):  ['xTiPPyTiPPzTiPPzTz', 'xTiPPxTxPPyTiPPzTi', 'xTiPPyTiPPyTyPPzTi']
21:58:14 [QMD 58] learnModelFromBranchID branch 3 : ['xTiPPxTxPPyTiPPzTi', 'xTiPPyTiPPyTyPPzTi', 'xTiPPyTiPPzTiPPzTz']
21:58:14 [QMD 58] learnModelFromBranchID. Setting active branches on redis for branch 3 to 0
21:58:14 [QMD 58] branch 3 precomputed: []
21:58:14 [QMD 58] Branch  3 has unlearned models: ['xTiPPxTxPPyTiPPzTi', 'xTiPPyTiPPyTyPPzTi', 'xTiPPyTiPPzTiPPzTz']
21:58:14 [QMD 58] Model  xTiPPxTxPPyTiPPzTi being passed to learnModel function
21:58:14 [QMD 58] Model xTiPPxTxPPyTiPPzTi added to queue.
21:58:14 [QMD 58] Model  xTiPPyTiPPyTyPPzTi being passed to learnModel function
21:58:14 [QMD 58] Model xTiPPyTiPPyTyPPzTi added to queue.
21:58:14 [QMD 58] Model  xTiPPyTiPPzTiPPzTz being passed to learnModel function
21:58:14 [QMD 58] Model xTiPPyTiPPzTiPPzTz added to queue.
21:58:14 [QMD 58] learnModelFromBranchID finished, branch 3
21:58:27 [QML 8] QML for  xTiPPyTiPPzTiPPzTz
21:58:27 [QML 7] QML for  xTiPPyTiPPyTyPPzTi
21:58:27 [QML 6] QML for  xTiPPxTxPPyTiPPzTi
21:58:27 [QML 8] Getting prior for model: xTiPPyTiPPzTiPPzTz Specific terms: {}
21:58:27 [QML 7] Getting prior for model: xTiPPyTiPPyTyPPzTi Specific terms: {}
21:58:27 [QML 6] Getting prior for model: xTiPPxTxPPyTiPPzTi Specific terms: {}
21:58:29 [QML 8] Initialization Ready
21:58:29 [RQ Learn 8.0] Time to unpickle and initialise QML class: 2.1148386001586914
21:58:29 [RQ Learn 8.0] Updating model.
21:58:29 [QML 8] Experiment 0
21:58:29 [QML 8] Initial time selected >  0.0857739425863
21:58:29 [QML 6] Initialization Ready
21:58:29 [RQ Learn 6.0] Time to unpickle and initialise QML class: 2.124103546142578
21:58:29 [RQ Learn 6.0] Updating model.
21:58:29 [QML 6] Experiment 0
21:58:29 [QML 6] Initial time selected >  0.148557854609
21:58:29 [QML 7] Initialization Ready
21:58:29 [RQ Learn 7.0] Time to unpickle and initialise QML class: 2.14017653465271
21:58:29 [RQ Learn 7.0] Updating model.
21:58:29 [QML 7] Experiment 0
21:58:29 [QML 7] Initial time selected >  0.122433162921
22:4:37 [QML 7] Experiment 75
22:4:48 [QML 8] Experiment 75
22:4:50 [QML 6] Experiment 75
22:10:42 [QML 7] Experiment 150
22:11:12 [QML 8] Experiment 150
22:11:21 [QML 6] Experiment 150
22:16:43 [QML 7] Experiment 225
22:17:45 [QML 8] Experiment 225
22:17:56 [QML 6] Experiment 225
22:22:47 [QML 7] Experiment 300
22:24:20 [QML 8] Experiment 300
22:24:34 [QML 6] Experiment 300
22:28:53 [QML 7] Experiment 375
22:30:56 [QML 8] Experiment 375
22:31:13 [QML 6] Experiment 375
22:35:41 [QML 7] Experiment 450
22:37:44 [QML 8] Experiment 450
22:37:58 [QML 6] Experiment 450
22:42:31 [QML 7] Experiment 525
22:44:36 [QML 8] Experiment 525
22:44:48 [QML 6] Experiment 525
22:49:18 [QML 7] Experiment 600
22:51:25 [QML 8] Experiment 600
22:51:34 [QML 6] Experiment 600
22:55:50 [QML 7] Experiment 675
22:58:1 [QML 8] Experiment 675
22:58:6 [QML 6] Experiment 675
23:2:38 [QML 7] Results for QHL on  xTiPPyTiPPyTyPPzTi
23:2:38 [QML 7] Final time selected > 2.45
23:2:38 [QML 7] Cumulative time.	 Datum: 1.989469289779663 	 Update: 3841.716928958893
23:2:38 [QML 7] Final Parameters mean and stdev (term  xTi ): [ 0.25120291  0.34966938]
23:2:38 [QML 7] Final Parameters mean and stdev (term  yTi ): [ 4.13745439  1.72107557]
23:2:38 [QML 7] Final Parameters mean and stdev (term  yTy ): [ 1.60745354  1.73705746]
23:2:38 [QML 7] Final Parameters mean and stdev (term  zTi ): [ 2.33995254  0.33931542]
23:2:38 [RQ Learn 7.0] Time for update alone: 3849.2517890930176
23:2:39 [RQ Learn 7.0] Redis learned_models_info added to db for model: 7.0
23:2:39 [RQ Learn 7.0] Redis SET learned_models_ids: 7.0 ; set True
23:2:39 [RQ Learn 7.0] Learned. rq time: 3852.0252878665924
23:4:51 [QML 8] Results for QHL on  xTiPPyTiPPzTiPPzTz
23:4:51 [QML 8] Final time selected > 2.45
23:4:51 [QML 8] Cumulative time.	 Datum: 2.024538278579712 	 Update: 3974.5294675827026
23:4:51 [QML 8] Final Parameters mean and stdev (term  xTi ): [ 0.58407259  0.52602718]
23:4:51 [QML 8] Final Parameters mean and stdev (term  yTi ): [ 6.11029755  0.04988408]
23:4:51 [QML 8] Final Parameters mean and stdev (term  zTi ): [ 0.57461453  0.88774494]
23:4:51 [QML 8] Final Parameters mean and stdev (term  zTz ): [-0.66139343  0.96565656]
23:4:51 [RQ Learn 8.0] Time for update alone: 3982.093279361725
23:4:51 [RQ Learn 8.0] Redis learned_models_info added to db for model: 8.0
23:4:51 [RQ Learn 8.0] Redis SET learned_models_ids: 8.0 ; set True
23:4:51 [RQ Learn 8.0] Learned. rq time: 3984.8304035663605
23:4:53 [QML 6] Results for QHL on  xTiPPxTxPPyTiPPzTi
23:4:53 [QML 6] Final time selected > 2.45
23:4:53 [QML 6] Cumulative time.	 Datum: 2.042196035385132 	 Update: 3976.8497109413147
23:4:53 [QML 6] Final Parameters mean and stdev (term  xTi ): [ 1.09539356  0.11443488]
23:4:53 [QML 6] Final Parameters mean and stdev (term  xTx ): [ 1.28951541  0.18999358]
23:4:53 [QML 6] Final Parameters mean and stdev (term  yTi ): [ 5.54377531  0.16307411]
23:4:53 [QML 6] Final Parameters mean and stdev (term  zTi ): [ 2.51595494  0.3566336 ]
23:4:53 [RQ Learn 6.0] Time for update alone: 3984.4123389720917
23:4:54 [RQ Learn 6.0] Redis learned_models_info added to db for model: 6.0
23:4:54 [RQ Learn 6.0] Redis SET learned_models_ids: 6.0 ; set True
23:4:54 [QMD 58] All models on branch 3 have finished learning.
23:4:54 [RQ Learn 6.0] Learned. rq time: 3987.1604301929474
23:4:54[QML:Reduced 6; QMD 58] Updating learned info for model 6
23:4:54[QML:Reduced 6; QMD 58] Updated learned info for model 6
23:4:54[QML:Reduced 7; QMD 58] Updating learned info for model 7
23:4:54[QML:Reduced 7; QMD 58] Updated learned info for model 7
23:4:54[QML:Reduced 8; QMD 58] Updating learned info for model 8
23:4:54[QML:Reduced 8; QMD 58] Updated learned info for model 8
23:4:54 [QMD 58] remoteBayesFromBranchID 3 model id list: [6, 7, 8]
23:4:54 [QMD 58] Computing BF for pair 6,7
23:4:54 [QMD 58] Bayes factor calculation queued. Model IDs 6 7
23:4:54 [QMD 58] Computing BF for pair 6,8
23:4:54 [QMD 58] Bayes factor calculation queued. Model IDs 6 8
23:4:54 [QMD 58] Computing BF for pair 7,8
23:4:54 [QMD 58] Bayes factor calculation queued. Model IDs 7 8
23:5:7[QML:Bayes 6; QMD 58] Name: xTiPPxTxPPyTiPPzTi
23:5:7[QML:Bayes 7; QMD 58] Name: xTiPPyTiPPyTyPPzTi
23:5:7[QML:Bayes 6; QMD 58] Name: xTiPPxTxPPyTiPPzTi
23:5:7[QML:Bayes 6; QMD 58] Time to reconstruct updater: 0.0038940906524658203
23:5:7[QML:Bayes 6; QMD 58] Prior mean: [ 1.09474883  1.28590363  5.54686106  2.51124727]
23:5:7[QML:Bayes 7; QMD 58] Time to reconstruct updater: 0.003915309906005859
23:5:7[QML:Bayes 6; QMD 58] Time to reconstruct updater: 0.0038919448852539062
23:5:7[QML:Bayes 6; QMD 58] Prior mean: [ 1.09510585  1.28604491  5.54665644  2.51009688]
23:5:7[QML:Bayes 7; QMD 58] Prior mean: [ 0.24519737  4.11650191  1.62735326  2.33893472]
23:5:7[QML:Bayes 8; QMD 58] Name: xTiPPyTiPPzTiPPzTz
23:5:7[QML:Bayes 8; QMD 58] Time to reconstruct updater: 0.0030968189239501953
23:5:7[QML:Bayes 8; QMD 58] Prior mean: [ 0.57318408  6.11114949  0.57433871 -0.66659299]
23:5:7 [RQ Bayes 6/8] Start. Branch 3
23:5:7[QML:Bayes 7; QMD 58] Name: xTiPPyTiPPyTyPPzTi
23:5:7[QML:Bayes 8; QMD 58] Name: xTiPPyTiPPzTiPPzTz
23:5:7[QML:Bayes 7; QMD 58] Time to reconstruct updater: 0.0031163692474365234
23:5:7[QML:Bayes 8; QMD 58] Time to reconstruct updater: 0.0030303001403808594
23:5:7[QML:Bayes 7; QMD 58] Prior mean: [ 0.24901852  4.1385866   1.60839528  2.33081116]
23:5:7[QML:Bayes 8; QMD 58] Prior mean: [ 0.60164926  6.10810768  0.58429278 -0.62715378]
23:5:7 [RQ Bayes 6/7] Start. Branch 3
23:5:7 [RQ Bayes 7/8] Start. Branch 3
1:16:23 [RQ Bayes 7/8] BF computed: A:7; B:8; BF:0.0 	Reset remormalisation record: False
1:16:23 [RQ Bayes 7/8] Finished. rq time:  7876.260908842087
1:17:26 [RQ Bayes 6/7] BF computed: A:6; B:7; BF:2691710.6 	Reset remormalisation record: False
1:17:26 [RQ Bayes 6/7] Finished. rq time:  7939.624556541443
1:19:33 [RQ Bayes 6/8] BF computed: A:6; B:8; BF:0.0 	Reset remormalisation record: False
1:19:33 [RQ Bayes 6/8] Finished. rq time:  8066.499861717224
1:19:33 [QMD 58] compareModelsWithinBranch 3 active_models_in_branch_old: [6.0, 7.0, 8.0] active_models_in_branch_new: [6, 7, 8]
1:19:33 [QMD 58] [compareModelsWithinBranch 3] Point to 6 (comparison 6/7)
1:19:33 [QMD 58] [compareModelsWithinBranch 3] Point to 8 (comparison 6/8)
1:19:33 [QMD 58] [compareModelsWithinBranch 3] Point to 8 (comparison 7/8)
1:19:33 [QMD 58] Model points for branch 3 {6: 1, 7: 0, 8: 2}
1:19:33 [QMD 58] Champion of branch  3  is  xTiPPyTiPPzTiPPzTz (8)
1:19:33 [QMD 58] Spawning. Growth rule: two_qubit_ising_rotation_hyperfine_transverse. Depth: 4
1:19:33 [QMD 58] After model generation for growth rule two_qubit_ising_rotation_hyperfine_transverse SPAWN STAGE: [None] 
new models: ['xTiPPxTxPPyTiPPzTiPPzTz', 'xTiPPyTiPPyTyPPzTiPPzTz']
1:19:33 [QMD 58] Branch 4 growth rule two_qubit_ising_rotation_hyperfine_transverse has 2 new models ['xTiPPxTxPPyTiPPzTiPPzTz', 'xTiPPyTiPPyTyPPzTiPPzTz']
1:19:33 [DB] Model  xTiPPxTxPPyTiPPzTiPPzTz  not previously considered -- adding. ID: 9
1:19:33 [QMD 58] Model  xTiPPxTxPPyTiPPzTiPPzTz 
	computed already:  False 
	ID: 9
1:19:33 [DB] Model  xTiPPyTiPPyTyPPzTiPPzTz  not previously considered -- adding. ID: 10
1:19:33 [QMD 58] Model  xTiPPyTiPPyTyPPzTiPPzTz 
	computed already:  False 
	ID: 10
1:19:33 [QMD 58] Num models already computed on branch  4 = 0
1:19:33 [QMD 58] Models to add to new branch ( 4 ):  ['xTiPPxTxPPyTiPPzTiPPzTz', 'xTiPPyTiPPyTyPPzTiPPzTz']
1:19:33 [QMD 58] learnModelFromBranchID branch 4 : ['xTiPPxTxPPyTiPPzTiPPzTz', 'xTiPPyTiPPyTyPPzTiPPzTz']
1:19:33 [QMD 58] learnModelFromBranchID. Setting active branches on redis for branch 4 to 0
1:19:33 [QMD 58] branch 4 precomputed: []
1:19:33 [QMD 58] Branch  4 has unlearned models: ['xTiPPxTxPPyTiPPzTiPPzTz', 'xTiPPyTiPPyTyPPzTiPPzTz']
1:19:33 [QMD 58] Model  xTiPPxTxPPyTiPPzTiPPzTz being passed to learnModel function
1:19:33 [QMD 58] Model xTiPPxTxPPyTiPPzTiPPzTz added to queue.
1:19:33 [QMD 58] Model  xTiPPyTiPPyTyPPzTiPPzTz being passed to learnModel function
1:19:33 [QMD 58] Model xTiPPyTiPPyTyPPzTiPPzTz added to queue.
1:19:33 [QMD 58] learnModelFromBranchID finished, branch 4
1:19:45 [QML 9] QML for  xTiPPxTxPPyTiPPzTiPPzTz
1:19:45 [QML 10] QML for  xTiPPyTiPPyTyPPzTiPPzTz
1:19:45 [QML 9] Getting prior for model: xTiPPxTxPPyTiPPzTiPPzTz Specific terms: {}
1:19:45 [QML 10] Getting prior for model: xTiPPyTiPPyTyPPzTiPPzTz Specific terms: {}
1:19:47 [QML 10] Initialization Ready
1:19:47 [RQ Learn 10.0] Time to unpickle and initialise QML class: 2.5507891178131104
1:19:47 [RQ Learn 10.0] Updating model.
1:19:47 [QML 9] Initialization Ready
1:19:47 [RQ Learn 9.0] Time to unpickle and initialise QML class: 2.5553994178771973
1:19:47 [QML 10] Experiment 0
1:19:47 [RQ Learn 9.0] Updating model.
1:19:47 [QML 9] Experiment 0
1:19:47 [QML 10] Initial time selected >  0.0580848870932
1:19:47 [QML 9] Initial time selected >  0.173844412617
1:25:49 [QML 9] Experiment 75
1:25:52 [QML 10] Experiment 75
1:31:52 [QML 9] Experiment 150
1:31:55 [QML 10] Experiment 150
1:37:56 [QML 9] Experiment 225
1:37:58 [QML 10] Experiment 225
1:44:3 [QML 10] Experiment 300
1:44:13 [QML 9] Experiment 300
1:50:13 [QML 10] Experiment 375
1:50:33 [QML 9] Experiment 375
1:57:2 [QML 10] Experiment 450
1:57:22 [QML 9] Experiment 450
2:3:56 [QML 10] Experiment 525
2:4:20 [QML 9] Experiment 525
2:10:42 [QML 10] Experiment 600
2:11:12 [QML 9] Experiment 600
2:17:11 [QML 10] Experiment 675
2:18:14 [QML 9] Experiment 675
2:23:56 [QML 10] Results for QHL on  xTiPPyTiPPyTyPPzTiPPzTz
2:23:56 [QML 10] Final time selected > 2.45
2:23:56 [QML 10] Cumulative time.	 Datum: 1.9871015548706055 	 Update: 3840.291639328003
2:23:56 [QML 10] Final Parameters mean and stdev (term  xTi ): [ 0.81955509  0.46235821]
2:23:56 [QML 10] Final Parameters mean and stdev (term  yTi ): [ 0.08017794  0.1027958 ]
2:23:56 [QML 10] Final Parameters mean and stdev (term  yTy ): [ 5.95196854  0.12389758]
2:23:56 [QML 10] Final Parameters mean and stdev (term  zTi ): [ 1.6857975   0.50158739]
2:23:56 [QML 10] Final Parameters mean and stdev (term  zTz ): [ 0.10174678  0.02458792]
2:23:56 [RQ Learn 10.0] Time for update alone: 3848.64412689209
2:23:57 [RQ Learn 10.0] Redis learned_models_info added to db for model: 10.0
2:23:57 [RQ Learn 10.0] Redis SET learned_models_ids: 10.0 ; set True
2:23:57 [RQ Learn 10.0] Learned. rq time: 3851.8243157863617
2:25:10 [QML 9] Results for QHL on  xTiPPxTxPPyTiPPzTiPPzTz
2:25:10 [QML 9] Final time selected > 2.45
2:25:10 [QML 9] Cumulative time.	 Datum: 2.077590227127075 	 Update: 3913.830593585968
2:25:10 [QML 9] Final Parameters mean and stdev (term  xTi ): [ 0.41449314  0.58230141]
2:25:10 [QML 9] Final Parameters mean and stdev (term  xTx ): [ 0.35987619  0.4773117 ]
2:25:10 [QML 9] Final Parameters mean and stdev (term  yTi ): [ 6.08282586  0.05553178]
2:25:10 [QML 9] Final Parameters mean and stdev (term  zTi ): [ 0.39199086  0.79597243]
2:25:10 [QML 9] Final Parameters mean and stdev (term  zTz ): [-0.00736475  0.8359826 ]
2:25:10 [RQ Learn 9.0] Time for update alone: 3922.419944524765
2:25:10 [RQ Learn 9.0] Redis learned_models_info added to db for model: 9.0
2:25:10 [RQ Learn 9.0] Redis SET learned_models_ids: 9.0 ; set True
2:25:10 [QMD 58] All models on branch 4 have finished learning.
2:25:10 [RQ Learn 9.0] Learned. rq time: 3925.6330392360687
2:25:10[QML:Reduced 9; QMD 58] Updating learned info for model 9
2:25:11[QML:Reduced 9; QMD 58] Updated learned info for model 9
2:25:11[QML:Reduced 10; QMD 58] Updating learned info for model 10
2:25:11[QML:Reduced 10; QMD 58] Updated learned info for model 10
2:25:11 [QMD 58] remoteBayesFromBranchID 4 model id list: [9, 10]
2:25:11 [QMD 58] Computing BF for pair 9,10
2:25:11 [QMD 58] Bayes factor calculation queued. Model IDs 9 10
2:25:24[QML:Bayes 9; QMD 58] Name: xTiPPxTxPPyTiPPzTiPPzTz
2:25:24[QML:Bayes 9; QMD 58] Time to reconstruct updater: 0.0043487548828125
2:25:24[QML:Bayes 9; QMD 58] Prior mean: [ 0.4164237   0.37739424  6.08362036  0.41045554 -0.02285466]
2:25:24[QML:Bayes 10; QMD 58] Name: xTiPPyTiPPyTyPPzTiPPzTz
2:25:24[QML:Bayes 10; QMD 58] Time to reconstruct updater: 0.003543853759765625
2:25:24[QML:Bayes 10; QMD 58] Prior mean: [ 0.81536652  0.08044946  5.95339978  1.68932315  0.10167349]
2:25:24 [RQ Bayes 9/10] Start. Branch 4
4:35:12 [RQ Bayes 9/10] BF computed: A:9; B:10; BF:386336256267568.06 	Reset remormalisation record: False
4:35:12 [RQ Bayes 9/10] Finished. rq time:  7788.695229768753
4:35:12 [QMD 58] compareModelsWithinBranch 4 active_models_in_branch_old: [9.0, 10.0] active_models_in_branch_new: [9, 10]
4:35:12 [QMD 58] [compareModelsWithinBranch 4] Point to 9 (comparison 9/10)
4:35:12 [QMD 58] Model points for branch 4 {9: 1, 10: 0}
4:35:12 [QMD 58] Champion of branch  4  is  xTiPPxTxPPyTiPPzTiPPzTz (9)
4:35:12 [QMD 58] Spawning. Growth rule: two_qubit_ising_rotation_hyperfine_transverse. Depth: 5
4:35:12 [QMD 58] After model generation for growth rule two_qubit_ising_rotation_hyperfine_transverse SPAWN STAGE: [None] 
new models: ['xTiPPxTxPPyTiPPyTyPPzTiPPzTz']
4:35:12 [QMD 58] Branch 5 growth rule two_qubit_ising_rotation_hyperfine_transverse has 1 new models ['xTiPPxTxPPyTiPPyTyPPzTiPPzTz']
4:35:12 [DB] Model  xTiPPxTxPPyTiPPyTyPPzTiPPzTz  not previously considered -- adding. ID: 11
4:35:12 [QMD 58] Model  xTiPPxTxPPyTiPPyTyPPzTiPPzTz 
	computed already:  False 
	ID: 11
4:35:12 [QMD 58] Num models already computed on branch  5 = 0
4:35:12 [QMD 58] Models to add to new branch ( 5 ):  ['xTiPPxTxPPyTiPPyTyPPzTiPPzTz']
4:35:12 [QMD 58] learnModelFromBranchID branch 5 : ['xTiPPxTxPPyTiPPyTyPPzTiPPzTz']
4:35:12 [QMD 58] learnModelFromBranchID. Setting active branches on redis for branch 5 to 0
4:35:12 [QMD 58] branch 5 precomputed: []
4:35:12 [QMD 58] Branch  5 has unlearned models: ['xTiPPxTxPPyTiPPyTyPPzTiPPzTz']
4:35:12 [QMD 58] Model  xTiPPxTxPPyTiPPyTyPPzTiPPzTz being passed to learnModel function
4:35:12 [QMD 58] Model xTiPPxTxPPyTiPPyTyPPzTiPPzTz added to queue.
4:35:12 [QMD 58] learnModelFromBranchID finished, branch 5
4:35:24 [QML 11] QML for  xTiPPxTxPPyTiPPyTyPPzTiPPzTz
4:35:25 [QML 11] Getting prior for model: xTiPPxTxPPyTiPPyTyPPzTiPPzTz Specific terms: {}
4:35:27 [QML 11] Initialization Ready
4:35:27 [RQ Learn 11.0] Time to unpickle and initialise QML class: 2.638629674911499
4:35:27 [RQ Learn 11.0] Updating model.
4:35:27 [QML 11] Experiment 0
4:35:27 [QML 11] Initial time selected >  0.0453260005994
4:41:39 [QML 11] Experiment 75
4:47:44 [QML 11] Experiment 150
4:53:47 [QML 11] Experiment 225
4:59:50 [QML 11] Experiment 300
5:5:50 [QML 11] Experiment 375
5:12:37 [QML 11] Experiment 450
5:19:26 [QML 11] Experiment 525
5:26:19 [QML 11] Experiment 600
5:32:56 [QML 11] Experiment 675
5:39:43 [QML 11] Results for QHL on  xTiPPxTxPPyTiPPyTyPPzTiPPzTz
5:39:43 [QML 11] Final time selected > 2.45
5:39:43 [QML 11] Cumulative time.	 Datum: 1.9912869930267334 	 Update: 3847.229750394821
5:39:43 [QML 11] Final Parameters mean and stdev (term  xTi ): [ 1.34133003  0.3052116 ]
5:39:43 [QML 11] Final Parameters mean and stdev (term  xTx ): [ 0.67307753  0.63060641]
5:39:43 [QML 11] Final Parameters mean and stdev (term  yTi ): [ 4.11728692  0.90137398]
5:39:43 [QML 11] Final Parameters mean and stdev (term  yTy ): [ 1.78370861  0.87260617]
5:39:43 [QML 11] Final Parameters mean and stdev (term  zTi ): [ 1.50209145  0.44218785]
5:39:43 [QML 11] Final Parameters mean and stdev (term  zTz ): [ 0.68472182  0.31732868]
5:39:43 [RQ Learn 11.0] Time for update alone: 3856.5225410461426
5:39:44 [RQ Learn 11.0] Redis learned_models_info added to db for model: 11.0
5:39:44 [RQ Learn 11.0] Redis SET learned_models_ids: 11.0 ; set True
5:39:44 [QMD 58] All models on branch 5 have finished learning.
5:39:44 [RQ Learn 11.0] Learned. rq time: 3859.831290245056
5:39:44[QML:Reduced 11; QMD 58] Updating learned info for model 11
5:39:44[QML:Reduced 11; QMD 58] Updated learned info for model 11
5:39:44 [QMD 58] remoteBayesFromBranchID 5 model id list: [11]
5:39:44 [QMD 58] compareModelsWithinBranch 5 active_models_in_branch_old: [11.0] active_models_in_branch_new: [11]
5:39:44 [QMD 58] Model points for branch 5 {11: 0}
5:39:44 [QMD 58] Champion of branch  5  is  xTiPPxTxPPyTiPPyTyPPzTiPPzTz (11)
5:39:44 [QMD 58] Spawning. Growth rule: two_qubit_ising_rotation_hyperfine_transverse. Depth: 6
5:39:44 [QMD 58] After model generation for growth rule two_qubit_ising_rotation_hyperfine_transverse SPAWN STAGE: [None] 
new models: ['xTiPPxTxPPyTiPPyTyPPyTzPPzTiPPzTz', 'xTiPPxTxPPxTzPPyTiPPyTyPPzTiPPzTz', 'xTiPPxTxPPxTyPPyTiPPyTyPPzTiPPzTz']
5:39:44 [QMD 58] Branch 6 growth rule two_qubit_ising_rotation_hyperfine_transverse has 3 new models ['xTiPPxTxPPxTyPPyTiPPyTyPPzTiPPzTz', 'xTiPPxTxPPxTzPPyTiPPyTyPPzTiPPzTz', 'xTiPPxTxPPyTiPPyTyPPyTzPPzTiPPzTz']
5:39:44 [DB] Model  xTiPPxTxPPxTyPPyTiPPyTyPPzTiPPzTz  not previously considered -- adding. ID: 12
5:39:45 [QMD 58] Model  xTiPPxTxPPxTyPPyTiPPyTyPPzTiPPzTz 
	computed already:  False 
	ID: 12
5:39:45 [DB] Model  xTiPPxTxPPxTzPPyTiPPyTyPPzTiPPzTz  not previously considered -- adding. ID: 13
5:39:45 [QMD 58] Model  xTiPPxTxPPxTzPPyTiPPyTyPPzTiPPzTz 
	computed already:  False 
	ID: 13
5:39:45 [DB] Model  xTiPPxTxPPyTiPPyTyPPyTzPPzTiPPzTz  not previously considered -- adding. ID: 14
5:39:45 [QMD 58] Model  xTiPPxTxPPyTiPPyTyPPyTzPPzTiPPzTz 
	computed already:  False 
	ID: 14
5:39:45 [QMD 58] Num models already computed on branch  6 = 0
5:39:45 [QMD 58] Models to add to new branch ( 6 ):  ['xTiPPxTxPPyTiPPyTyPPyTzPPzTiPPzTz', 'xTiPPxTxPPxTzPPyTiPPyTyPPzTiPPzTz', 'xTiPPxTxPPxTyPPyTiPPyTyPPzTiPPzTz']
5:39:45 [QMD 58] learnModelFromBranchID branch 6 : ['xTiPPxTxPPxTyPPyTiPPyTyPPzTiPPzTz', 'xTiPPxTxPPxTzPPyTiPPyTyPPzTiPPzTz', 'xTiPPxTxPPyTiPPyTyPPyTzPPzTiPPzTz']
5:39:45 [QMD 58] learnModelFromBranchID. Setting active branches on redis for branch 6 to 0
5:39:45 [QMD 58] branch 6 precomputed: []
5:39:45 [QMD 58] Branch  6 has unlearned models: ['xTiPPxTxPPxTyPPyTiPPyTyPPzTiPPzTz', 'xTiPPxTxPPxTzPPyTiPPyTyPPzTiPPzTz', 'xTiPPxTxPPyTiPPyTyPPyTzPPzTiPPzTz']
5:39:45 [QMD 58] Model  xTiPPxTxPPxTyPPyTiPPyTyPPzTiPPzTz being passed to learnModel function
5:39:45 [QMD 58] Model xTiPPxTxPPxTyPPyTiPPyTyPPzTiPPzTz added to queue.
5:39:45 [QMD 58] Model  xTiPPxTxPPxTzPPyTiPPyTyPPzTiPPzTz being passed to learnModel function
5:39:45 [QMD 58] Model xTiPPxTxPPxTzPPyTiPPyTyPPzTiPPzTz added to queue.
5:39:45 [QMD 58] Model  xTiPPxTxPPyTiPPyTyPPyTzPPzTiPPzTz being passed to learnModel function
5:39:45 [QMD 58] Model xTiPPxTxPPyTiPPyTyPPyTzPPzTiPPzTz added to queue.
5:39:45 [QMD 58] learnModelFromBranchID finished, branch 6
5:39:57 [QML 13] QML for  xTiPPxTxPPxTzPPyTiPPyTyPPzTiPPzTz
5:39:57 [QML 12] QML for  xTiPPxTxPPxTyPPyTiPPyTyPPzTiPPzTz
5:39:57 [QML 14] QML for  xTiPPxTxPPyTiPPyTyPPyTzPPzTiPPzTz
5:39:57 [QML 13] Getting prior for model: xTiPPxTxPPxTzPPyTiPPyTyPPzTiPPzTz Specific terms: {}
5:39:57 [QML 12] Getting prior for model: xTiPPxTxPPxTyPPyTiPPyTyPPzTiPPzTz Specific terms: {}
5:39:57 [QML 14] Getting prior for model: xTiPPxTxPPyTiPPyTyPPyTzPPzTiPPzTz Specific terms: {}
5:40:0 [QML 14] Initialization Ready
5:40:0 [RQ Learn 14.0] Time to unpickle and initialise QML class: 3.323625326156616
5:40:0 [RQ Learn 14.0] Updating model.
5:40:0 [QML 14] Experiment 0
5:40:0 [QML 14] Initial time selected >  0.0366692311732
5:40:0 [QML 12] Initialization Ready
5:40:0 [RQ Learn 12.0] Time to unpickle and initialise QML class: 3.3315627574920654
5:40:0 [RQ Learn 12.0] Updating model.
5:40:0 [QML 12] Experiment 0
5:40:0 [QML 12] Initial time selected >  0.0357585454502
5:40:0 [QML 13] Initialization Ready
5:40:0 [RQ Learn 13.0] Time to unpickle and initialise QML class: 3.406576156616211
5:40:0 [RQ Learn 13.0] Updating model.
5:40:0 [QML 13] Experiment 0
5:40:0 [QML 13] Initial time selected >  0.0361954329489
5:45:55 [QML 12] Experiment 75
5:46:2 [QML 13] Experiment 75
5:46:6 [QML 14] Experiment 75
5:51:50 [QML 12] Experiment 150
5:52:4 [QML 13] Experiment 150
5:52:16 [QML 14] Experiment 150
5:57:50 [QML 12] Experiment 225
5:58:7 [QML 13] Experiment 225
5:58:34 [QML 14] Experiment 225
6:4:6 [QML 12] Experiment 300
6:4:19 [QML 13] Experiment 300
6:5:10 [QML 14] Experiment 300
6:10:28 [QML 13] Experiment 375
6:10:41 [QML 12] Experiment 375
6:11:49 [QML 14] Experiment 375
6:17:18 [QML 13] Experiment 450
6:17:29 [QML 12] Experiment 450
6:18:36 [QML 14] Experiment 450
6:24:8 [QML 13] Experiment 525
6:24:18 [QML 12] Experiment 525
6:25:24 [QML 14] Experiment 525
6:30:59 [QML 13] Experiment 600
6:31:7 [QML 12] Experiment 600
6:32:15 [QML 14] Experiment 600
6:37:41 [QML 13] Experiment 675
6:37:48 [QML 12] Experiment 675
6:38:54 [QML 14] Experiment 675
6:44:31 [QML 13] Results for QHL on  xTiPPxTxPPxTzPPyTiPPyTyPPzTiPPzTz
6:44:31 [QML 13] Final time selected > 2.45
6:44:31 [QML 13] Cumulative time.	 Datum: 1.9861724376678467 	 Update: 3861.0381367206573
6:44:31 [QML 13] Final Parameters mean and stdev (term  xTi ): [ 4.66049922  0.84640713]
6:44:31 [QML 13] Final Parameters mean and stdev (term  xTx ): [ 3.56502494  1.38381366]
6:44:31 [QML 13] Final Parameters mean and stdev (term  xTz ): [ 6.02506476  0.95425778]
6:44:31 [QML 13] Final Parameters mean and stdev (term  yTi ): [ 6.48155667  0.57877579]
6:44:31 [QML 13] Final Parameters mean and stdev (term  yTy ): [-2.80524646  1.20532852]
6:44:31 [QML 13] Final Parameters mean and stdev (term  zTi ): [ 3.09604976  0.53675205]
6:44:31 [QML 13] Final Parameters mean and stdev (term  zTz ): [ 4.34676004  0.7263713 ]
6:44:31 [RQ Learn 13.0] Time for update alone: 3871.5335495471954
6:44:32 [RQ Learn 13.0] Redis learned_models_info added to db for model: 13.0
6:44:32 [RQ Learn 13.0] Redis SET learned_models_ids: 13.0 ; set True
6:44:32 [RQ Learn 13.0] Learned. rq time: 3875.533226966858
6:44:35 [QML 12] Results for QHL on  xTiPPxTxPPxTyPPyTiPPyTyPPzTiPPzTz
6:44:35 [QML 12] Final time selected > 2.45
6:44:35 [QML 12] Cumulative time.	 Datum: 1.9791913032531738 	 Update: 3864.342413663864
6:44:35 [QML 12] Final Parameters mean and stdev (term  xTi ): [ 1.33392307  0.37814963]
6:44:35 [QML 12] Final Parameters mean and stdev (term  xTx ): [ 10.19855298   0.72336057]
6:44:35 [QML 12] Final Parameters mean and stdev (term  xTy ): [ 6.00346294  0.54699919]
6:44:35 [QML 12] Final Parameters mean and stdev (term  yTi ): [ 3.20659747  0.70378789]
6:44:35 [QML 12] Final Parameters mean and stdev (term  yTy ): [ 7.31943903  0.34123101]
6:44:35 [QML 12] Final Parameters mean and stdev (term  zTi ): [ 1.75647872  0.32419125]
6:44:35 [QML 12] Final Parameters mean and stdev (term  zTz ): [-0.05693579  0.07870579]
6:44:35 [RQ Learn 12.0] Time for update alone: 3874.7939715385437
6:44:35 [RQ Learn 12.0] Redis learned_models_info added to db for model: 12.0
6:44:35 [RQ Learn 12.0] Redis SET learned_models_ids: 12.0 ; set True
6:44:35 [RQ Learn 12.0] Learned. rq time: 3878.7190704345703
6:45:42 [QML 14] Results for QHL on  xTiPPxTxPPyTiPPyTyPPyTzPPzTiPPzTz
6:45:42 [QML 14] Final time selected > 2.45
6:45:43 [QML 14] Cumulative time.	 Datum: 2.040376901626587 	 Update: 3932.121753692627
6:45:43 [QML 14] Final Parameters mean and stdev (term  xTi ): [ 0.48993991  0.2140994 ]
6:45:43 [QML 14] Final Parameters mean and stdev (term  xTx ): [ 5.9531937   0.09858234]
6:45:43 [QML 14] Final Parameters mean and stdev (term  yTi ): [ 2.4874465   0.16337862]
6:45:43 [QML 14] Final Parameters mean and stdev (term  yTy ): [ 1.25303101  0.06702391]
6:45:43 [QML 14] Final Parameters mean and stdev (term  yTz ): [ 6.7764102   0.03280475]
6:45:43 [QML 14] Final Parameters mean and stdev (term  zTi ): [ 0.09259231  0.14596595]
6:45:43 [QML 14] Final Parameters mean and stdev (term  zTz ): [ 1.84047437  0.11778125]
6:45:43 [RQ Learn 14.0] Time for update alone: 3942.7348136901855
6:45:43 [RQ Learn 14.0] Redis learned_models_info added to db for model: 14.0
6:45:43 [RQ Learn 14.0] Redis SET learned_models_ids: 14.0 ; set True
6:45:43 [QMD 58] All models on branch 6 have finished learning.
6:45:43 [RQ Learn 14.0] Learned. rq time: 3946.6716029644012
6:45:43[QML:Reduced 12; QMD 58] Updating learned info for model 12
6:45:43[QML:Reduced 12; QMD 58] Updated learned info for model 12
6:45:43[QML:Reduced 13; QMD 58] Updating learned info for model 13
6:45:44[QML:Reduced 13; QMD 58] Updated learned info for model 13
6:45:44[QML:Reduced 14; QMD 58] Updating learned info for model 14
6:45:44[QML:Reduced 14; QMD 58] Updated learned info for model 14
6:45:44 [QMD 58] remoteBayesFromBranchID 6 model id list: [12, 13, 14]
6:45:44 [QMD 58] Computing BF for pair 12,13
6:45:44 [QMD 58] Bayes factor calculation queued. Model IDs 12 13
6:45:44 [QMD 58] Computing BF for pair 12,14
6:45:44 [QMD 58] Bayes factor calculation queued. Model IDs 12 14
6:45:44 [QMD 58] Computing BF for pair 13,14
6:45:44 [QMD 58] Bayes factor calculation queued. Model IDs 13 14
6:45:56[QML:Bayes 12; QMD 58] Name: xTiPPxTxPPxTyPPyTiPPyTyPPzTiPPzTz
6:45:56[QML:Bayes 12; QMD 58] Name: xTiPPxTxPPxTyPPyTiPPyTyPPzTiPPzTz
6:45:56[QML:Bayes 12; QMD 58] Time to reconstruct updater: 0.00523686408996582
6:45:56[QML:Bayes 12; QMD 58] Prior mean: [  1.34733744  10.21534418   5.99818186   3.18135137   7.32264021
   1.75397761  -0.05989244]
6:45:56[QML:Bayes 12; QMD 58] Time to reconstruct updater: 0.006189823150634766
6:45:56[QML:Bayes 12; QMD 58] Prior mean: [  1.33812403  10.20449897   5.99965378   3.21164282   7.31179232
   1.76105398  -0.05599688]
6:45:56[QML:Bayes 13; QMD 58] Name: xTiPPxTxPPxTzPPyTiPPyTyPPzTiPPzTz
6:45:56[QML:Bayes 14; QMD 58] Name: xTiPPxTxPPyTiPPyTyPPyTzPPzTiPPzTz
6:45:56[QML:Bayes 13; QMD 58] Time to reconstruct updater: 0.004536867141723633
6:45:56[QML:Bayes 13; QMD 58] Prior mean: [ 4.66941816  3.58866801  6.03350097  6.48258473 -2.82828111  3.09468811
  4.35793985]
6:45:56[QML:Bayes 14; QMD 58] Time to reconstruct updater: 0.004456520080566406
6:45:56 [RQ Bayes 12/13] Start. Branch 6
6:45:56[QML:Bayes 14; QMD 58] Prior mean: [ 0.49041272  5.95151086  2.49015541  1.25179785  6.77703922  0.09659651
  1.84241296]
6:45:56 [RQ Bayes 12/14] Start. Branch 6
6:45:56[QML:Bayes 13; QMD 58] Name: xTiPPxTxPPxTzPPyTiPPyTyPPzTiPPzTz
6:45:56[QML:Bayes 13; QMD 58] Time to reconstruct updater: 0.005379676818847656
6:45:56[QML:Bayes 13; QMD 58] Prior mean: [ 4.6858496   3.5416701   6.0069701   6.47608483 -2.77067258  3.11394383
  4.34126345]
6:45:57[QML:Bayes 14; QMD 58] Name: xTiPPxTxPPyTiPPyTyPPyTzPPzTiPPzTz
6:45:57[QML:Bayes 14; QMD 58] Time to reconstruct updater: 0.004563570022583008
6:45:57[QML:Bayes 14; QMD 58] Prior mean: [ 0.48446753  5.95183508  2.49203282  1.25315787  6.77661925  0.09433839
  1.84115638]
6:45:57 [RQ Bayes 13/14] Start. Branch 6
