12:41:32 RQ worker 'rq:worker:node34-039.73029' started, version 0.8.1
12:41:32 RQ worker 'rq:worker:node34-039.73030' started, version 0.8.1
12:41:32 RQ worker 'rq:worker:node34-039.73033' started, version 0.8.1
12:41:32 RQ worker 'rq:worker:node34-039.73034' started, version 0.8.1
12:41:32 RQ worker 'rq:worker:node34-039.73031' started, version 0.8.1
12:41:32 RQ worker 'rq:worker:node34-039.73032' started, version 0.8.1
12:41:32 Cleaning registries for queue: 9
12:41:32 Cleaning registries for queue: 9
12:41:32 Cleaning registries for queue: 9
12:41:32 Cleaning registries for queue: 9
12:41:32 Cleaning registries for queue: 9
12:41:32 Cleaning registries for queue: 9
12:41:32 
12:41:32 
12:41:32 
12:41:32 
12:41:32 
12:41:32 *** Listening on 9...
12:41:32 
12:41:32 *** Listening on 9...
12:41:32 *** Listening on 9...
12:41:32 *** Listening on 9...
12:41:32 *** Listening on 9...
12:41:32 *** Listening on 9...
12:41:45 9: RemoteModelLearning.learnModelRemote('xTi', 0.0, branchID=0, growth_generator='two_qubit_ising_rotation_hyperfine_transverse', host_name='node34-039', log_file='/panfs/panasas01/phys/bf16951/QMD/ParallelDevelopment/Results/Oct_01/12_39/logs/NV-exp-method-sim__random-phase--probe__QMLA_9.qmd.8794606.log', port_number=6309, qid=9, remote=True) (c40980c9-d4f2-4fc1-a51d-064d4b576d8f)
12:41:45 9: RemoteModelLearning.learnModelRemote('yTi', 1.0, branchID=0, growth_generator='two_qubit_ising_rotation_hyperfine_transverse', host_name='node34-039', log_file='/panfs/panasas01/phys/bf16951/QMD/ParallelDevelopment/Results/Oct_01/12_39/logs/NV-exp-method-sim__random-phase--probe__QMLA_9.qmd.8794606.log', port_number=6309, qid=9, remote=True) (03d520bd-ed97-45b7-8946-1934bbe737c2)
12:41:45 9: RemoteModelLearning.learnModelRemote('zTi', 2.0, branchID=0, growth_generator='two_qubit_ising_rotation_hyperfine_transverse', host_name='node34-039', log_file='/panfs/panasas01/phys/bf16951/QMD/ParallelDevelopment/Results/Oct_01/12_39/logs/NV-exp-method-sim__random-phase--probe__QMLA_9.qmd.8794606.log', port_number=6309, qid=9, remote=True) (6dab9879-9e71-4aa6-bef7-44bca08e9931)
13:06:15 9: Job OK (c40980c9-d4f2-4fc1-a51d-064d4b576d8f)
13:06:15 Result will never expire, clean up result key manually
13:06:15 
13:06:15 *** Listening on 9...
13:09:04 9: Job OK (03d520bd-ed97-45b7-8946-1934bbe737c2)
13:09:04 Result will never expire, clean up result key manually
13:09:04 
13:09:04 *** Listening on 9...
13:19:38 9: Job OK (6dab9879-9e71-4aa6-bef7-44bca08e9931)
13:19:38 Result will never expire, clean up result key manually
13:19:38 
13:19:38 *** Listening on 9...
13:19:38 9: RemoteBayesFactor.BayesFactorRemote(bayes_threshold=100, bf_data_folder='/panfs/panasas01/phys/bf16951/QMD/ParallelDevelopment/Results/Oct_01/12_39/BayesFactorsTimeRecords/', branchID=0, host_name='node34-039', interbranch=False, log_file='/panfs/panasas01/phys/bf16951/QMD/ParallelDevelopment/Results/Oct_01/12_39/logs/NV-exp-method-sim__random-phase--probe__QMLA_9.qmd.8794606.log', model_a_id=0, model_b_id=1, num_times_to_use=750, port_number=6309, qid=9, times_record='/panfs/panasas01/phys/bf16951/QMD/ParallelDevelopment/Results/Oct_01/12_39/BayesFactorsTimeRecords/BayesFactorsPairsTimes_009.txt', trueModel='xTiPPyTiPPzTiPPzTz') (ae525a4d-e16a-4803-8e40-1d38dc96ff8b)
13:19:38 9: RemoteBayesFactor.BayesFactorRemote(bayes_threshold=100, bf_data_folder='/panfs/panasas01/phys/bf16951/QMD/ParallelDevelopment/Results/Oct_01/12_39/BayesFactorsTimeRecords/', branchID=0, host_name='node34-039', interbranch=False, log_file='/panfs/panasas01/phys/bf16951/QMD/ParallelDevelopment/Results/Oct_01/12_39/logs/NV-exp-method-sim__random-phase--probe__QMLA_9.qmd.8794606.log', model_a_id=1, model_b_id=2, num_times_to_use=750, port_number=6309, qid=9, times_record='/panfs/panasas01/phys/bf16951/QMD/ParallelDevelopment/Results/Oct_01/12_39/BayesFactorsTimeRecords/BayesFactorsPairsTimes_009.txt', trueModel='xTiPPyTiPPzTiPPzTz') (f83462cc-880a-466c-984f-b60621c499e1)
13:19:38 9: RemoteBayesFactor.BayesFactorRemote(bayes_threshold=100, bf_data_folder='/panfs/panasas01/phys/bf16951/QMD/ParallelDevelopment/Results/Oct_01/12_39/BayesFactorsTimeRecords/', branchID=0, host_name='node34-039', interbranch=False, log_file='/panfs/panasas01/phys/bf16951/QMD/ParallelDevelopment/Results/Oct_01/12_39/logs/NV-exp-method-sim__random-phase--probe__QMLA_9.qmd.8794606.log', model_a_id=0, model_b_id=2, num_times_to_use=750, port_number=6309, qid=9, times_record='/panfs/panasas01/phys/bf16951/QMD/ParallelDevelopment/Results/Oct_01/12_39/BayesFactorsTimeRecords/BayesFactorsPairsTimes_009.txt', trueModel='xTiPPyTiPPzTiPPzTz') (25a4fa5b-3204-4fa0-9ab5-66fec272e4ea)
14:51:15 9: Job OK (ae525a4d-e16a-4803-8e40-1d38dc96ff8b)
14:51:15 Result will never expire, clean up result key manually
14:51:15 Cleaning registries for queue: 9
14:51:15 
14:51:15 *** Listening on 9...
15:13:28 9: Job OK (25a4fa5b-3204-4fa0-9ab5-66fec272e4ea)
15:13:28 Result will never expire, clean up result key manually
15:13:28 Cleaning registries for queue: 9
15:13:28 
15:13:28 *** Listening on 9...
15:19:30 9: Job OK (f83462cc-880a-466c-984f-b60621c499e1)
15:19:30 Result will never expire, clean up result key manually
15:19:31 Cleaning registries for queue: 9
15:19:31 
15:19:31 *** Listening on 9...
15:19:31 9: RemoteModelLearning.learnModelRemote('yTiPPzTi', 3.0, branchID=1, growth_generator='two_qubit_ising_rotation_hyperfine_transverse', host_name='node34-039', log_file='/panfs/panasas01/phys/bf16951/QMD/ParallelDevelopment/Results/Oct_01/12_39/logs/NV-exp-method-sim__random-phase--probe__QMLA_9.qmd.8794606.log', port_number=6309, qid=9, remote=True) (d21ca619-6115-4037-80f7-907d4d2209b9)
15:19:31 9: RemoteModelLearning.learnModelRemote('xTiPPyTi', 4.0, branchID=1, growth_generator='two_qubit_ising_rotation_hyperfine_transverse', host_name='node34-039', log_file='/panfs/panasas01/phys/bf16951/QMD/ParallelDevelopment/Results/Oct_01/12_39/logs/NV-exp-method-sim__random-phase--probe__QMLA_9.qmd.8794606.log', port_number=6309, qid=9, remote=True) (7f28373f-5bb1-4edb-8c70-4edf236d6e12)
15:47:26 9: Job OK (d21ca619-6115-4037-80f7-907d4d2209b9)
15:47:26 Result will never expire, clean up result key manually
15:47:26 Cleaning registries for queue: 9
15:47:26 
15:47:26 *** Listening on 9...
15:48:50 9: Job OK (7f28373f-5bb1-4edb-8c70-4edf236d6e12)
15:48:50 Result will never expire, clean up result key manually
15:48:50 
15:48:50 *** Listening on 9...
15:48:51 9: RemoteBayesFactor.BayesFactorRemote(bayes_threshold=100, bf_data_folder='/panfs/panasas01/phys/bf16951/QMD/ParallelDevelopment/Results/Oct_01/12_39/BayesFactorsTimeRecords/', branchID=1, host_name='node34-039', interbranch=False, log_file='/panfs/panasas01/phys/bf16951/QMD/ParallelDevelopment/Results/Oct_01/12_39/logs/NV-exp-method-sim__random-phase--probe__QMLA_9.qmd.8794606.log', model_a_id=3, model_b_id=4, num_times_to_use=750, port_number=6309, qid=9, times_record='/panfs/panasas01/phys/bf16951/QMD/ParallelDevelopment/Results/Oct_01/12_39/BayesFactorsTimeRecords/BayesFactorsPairsTimes_009.txt', trueModel='xTiPPyTiPPzTiPPzTz') (db67848e-619c-4ef0-9bb5-eb29b5e17dea)
16:41:16 9: Job OK (db67848e-619c-4ef0-9bb5-eb29b5e17dea)
16:41:16 Result will never expire, clean up result key manually
16:41:16 Cleaning registries for queue: 9
16:41:16 
16:41:16 *** Listening on 9...
16:41:16 9: RemoteModelLearning.learnModelRemote('xTiPPyTiPPzTi', 5.0, branchID=2, growth_generator='two_qubit_ising_rotation_hyperfine_transverse', host_name='node34-039', log_file='/panfs/panasas01/phys/bf16951/QMD/ParallelDevelopment/Results/Oct_01/12_39/logs/NV-exp-method-sim__random-phase--probe__QMLA_9.qmd.8794606.log', port_number=6309, qid=9, remote=True) (6897ca38-f73c-4bbe-86f3-5c9ee093e49f)
17:06:08 9: Job OK (6897ca38-f73c-4bbe-86f3-5c9ee093e49f)
17:06:08 Result will never expire, clean up result key manually
17:06:08 Cleaning registries for queue: 9
17:06:08 
17:06:08 *** Listening on 9...
17:06:08 9: RemoteModelLearning.learnModelRemote('xTiPPyTiPPzTiPPzTz', 6.0, branchID=3, growth_generator='two_qubit_ising_rotation_hyperfine_transverse', host_name='node34-039', log_file='/panfs/panasas01/phys/bf16951/QMD/ParallelDevelopment/Results/Oct_01/12_39/logs/NV-exp-method-sim__random-phase--probe__QMLA_9.qmd.8794606.log', port_number=6309, qid=9, remote=True) (573410bd-a32f-48c2-b748-1f9563606819)
17:06:08 9: RemoteModelLearning.learnModelRemote('xTiPPxTxPPyTiPPzTi', 7.0, branchID=3, growth_generator='two_qubit_ising_rotation_hyperfine_transverse', host_name='node34-039', log_file='/panfs/panasas01/phys/bf16951/QMD/ParallelDevelopment/Results/Oct_01/12_39/logs/NV-exp-method-sim__random-phase--probe__QMLA_9.qmd.8794606.log', port_number=6309, qid=9, remote=True) (f8792521-15c8-4069-bfe8-63194f88ddb7)
17:06:08 9: RemoteModelLearning.learnModelRemote('xTiPPyTiPPyTyPPzTi', 8.0, branchID=3, growth_generator='two_qubit_ising_rotation_hyperfine_transverse', host_name='node34-039', log_file='/panfs/panasas01/phys/bf16951/QMD/ParallelDevelopment/Results/Oct_01/12_39/logs/NV-exp-method-sim__random-phase--probe__QMLA_9.qmd.8794606.log', port_number=6309, qid=9, remote=True) (4690c47a-a2d0-4982-9762-b2abc5f1bcf6)
17:31:22 9: Job OK (573410bd-a32f-48c2-b748-1f9563606819)
17:31:22 Result will never expire, clean up result key manually
17:31:22 Cleaning registries for queue: 9
17:31:22 
17:31:22 *** Listening on 9...
17:32:10 9: Job OK (f8792521-15c8-4069-bfe8-63194f88ddb7)
17:32:10 Result will never expire, clean up result key manually
17:32:10 Cleaning registries for queue: 9
17:32:10 
17:32:10 *** Listening on 9...
17:34:42 9: Job OK (4690c47a-a2d0-4982-9762-b2abc5f1bcf6)
17:34:42 Result will never expire, clean up result key manually
17:34:42 Cleaning registries for queue: 9
17:34:42 
17:34:42 *** Listening on 9...
17:34:42 9: RemoteBayesFactor.BayesFactorRemote(bayes_threshold=100, bf_data_folder='/panfs/panasas01/phys/bf16951/QMD/ParallelDevelopment/Results/Oct_01/12_39/BayesFactorsTimeRecords/', branchID=3, host_name='node34-039', interbranch=False, log_file='/panfs/panasas01/phys/bf16951/QMD/ParallelDevelopment/Results/Oct_01/12_39/logs/NV-exp-method-sim__random-phase--probe__QMLA_9.qmd.8794606.log', model_a_id=7, model_b_id=8, num_times_to_use=750, port_number=6309, qid=9, times_record='/panfs/panasas01/phys/bf16951/QMD/ParallelDevelopment/Results/Oct_01/12_39/BayesFactorsTimeRecords/BayesFactorsPairsTimes_009.txt', trueModel='xTiPPyTiPPzTiPPzTz') (15e5a685-79d3-47c9-8ed5-35207df188bc)
17:34:42 9: RemoteBayesFactor.BayesFactorRemote(bayes_threshold=100, bf_data_folder='/panfs/panasas01/phys/bf16951/QMD/ParallelDevelopment/Results/Oct_01/12_39/BayesFactorsTimeRecords/', branchID=3, host_name='node34-039', interbranch=False, log_file='/panfs/panasas01/phys/bf16951/QMD/ParallelDevelopment/Results/Oct_01/12_39/logs/NV-exp-method-sim__random-phase--probe__QMLA_9.qmd.8794606.log', model_a_id=6, model_b_id=7, num_times_to_use=750, port_number=6309, qid=9, times_record='/panfs/panasas01/phys/bf16951/QMD/ParallelDevelopment/Results/Oct_01/12_39/BayesFactorsTimeRecords/BayesFactorsPairsTimes_009.txt', trueModel='xTiPPyTiPPzTiPPzTz') (adea46b3-f039-4f38-b701-68915c0a7d4b)
17:34:42 9: RemoteBayesFactor.BayesFactorRemote(bayes_threshold=100, bf_data_folder='/panfs/panasas01/phys/bf16951/QMD/ParallelDevelopment/Results/Oct_01/12_39/BayesFactorsTimeRecords/', branchID=3, host_name='node34-039', interbranch=False, log_file='/panfs/panasas01/phys/bf16951/QMD/ParallelDevelopment/Results/Oct_01/12_39/logs/NV-exp-method-sim__random-phase--probe__QMLA_9.qmd.8794606.log', model_a_id=6, model_b_id=8, num_times_to_use=750, port_number=6309, qid=9, times_record='/panfs/panasas01/phys/bf16951/QMD/ParallelDevelopment/Results/Oct_01/12_39/BayesFactorsTimeRecords/BayesFactorsPairsTimes_009.txt', trueModel='xTiPPyTiPPzTiPPzTz') (d93f31aa-360f-4e8c-91bf-fb24f5809feb)
18:26:19 9: Job OK (15e5a685-79d3-47c9-8ed5-35207df188bc)
18:26:19 Result will never expire, clean up result key manually
18:26:19 Cleaning registries for queue: 9
18:26:19 
18:26:19 *** Listening on 9...
18:26:54 9: Job OK (d93f31aa-360f-4e8c-91bf-fb24f5809feb)
18:26:54 Result will never expire, clean up result key manually
18:26:54 Cleaning registries for queue: 9
18:26:54 
18:26:54 *** Listening on 9...
18:37:35 9: Job OK (adea46b3-f039-4f38-b701-68915c0a7d4b)
18:37:35 Result will never expire, clean up result key manually
18:37:35 Cleaning registries for queue: 9
18:37:35 
18:37:35 *** Listening on 9...
18:37:35 9: RemoteModelLearning.learnModelRemote('xTiPPxTxPPyTiPPzTiPPzTz', 9.0, branchID=4, growth_generator='two_qubit_ising_rotation_hyperfine_transverse', host_name='node34-039', log_file='/panfs/panasas01/phys/bf16951/QMD/ParallelDevelopment/Results/Oct_01/12_39/logs/NV-exp-method-sim__random-phase--probe__QMLA_9.qmd.8794606.log', port_number=6309, qid=9, remote=True) (9bed0ab1-b474-4125-9653-721f99937236)
18:37:35 9: RemoteModelLearning.learnModelRemote('xTiPPyTiPPyTyPPzTiPPzTz', 10.0, branchID=4, growth_generator='two_qubit_ising_rotation_hyperfine_transverse', host_name='node34-039', log_file='/panfs/panasas01/phys/bf16951/QMD/ParallelDevelopment/Results/Oct_01/12_39/logs/NV-exp-method-sim__random-phase--probe__QMLA_9.qmd.8794606.log', port_number=6309, qid=9, remote=True) (b6d26107-8460-49f4-85a7-464d7b2a9cc4)
19:02:45 9: Job OK (b6d26107-8460-49f4-85a7-464d7b2a9cc4)
19:02:45 Result will never expire, clean up result key manually
19:02:45 
19:02:45 *** Listening on 9...
19:03:23 9: Job OK (9bed0ab1-b474-4125-9653-721f99937236)
19:03:23 Result will never expire, clean up result key manually
19:03:23 Cleaning registries for queue: 9
19:03:23 
19:03:23 *** Listening on 9...
19:03:23 9: RemoteBayesFactor.BayesFactorRemote(bayes_threshold=100, bf_data_folder='/panfs/panasas01/phys/bf16951/QMD/ParallelDevelopment/Results/Oct_01/12_39/BayesFactorsTimeRecords/', branchID=4, host_name='node34-039', interbranch=False, log_file='/panfs/panasas01/phys/bf16951/QMD/ParallelDevelopment/Results/Oct_01/12_39/logs/NV-exp-method-sim__random-phase--probe__QMLA_9.qmd.8794606.log', model_a_id=9, model_b_id=10, num_times_to_use=750, port_number=6309, qid=9, times_record='/panfs/panasas01/phys/bf16951/QMD/ParallelDevelopment/Results/Oct_01/12_39/BayesFactorsTimeRecords/BayesFactorsPairsTimes_009.txt', trueModel='xTiPPyTiPPzTiPPzTz') (defaca07-6926-481d-998b-a6c7ced6d687)
19:54:14 9: Job OK (defaca07-6926-481d-998b-a6c7ced6d687)
19:54:14 Result will never expire, clean up result key manually
19:54:14 Cleaning registries for queue: 9
19:54:14 
19:54:14 *** Listening on 9...
19:54:14 9: RemoteModelLearning.learnModelRemote('xTiPPxTxPPyTiPPyTyPPzTiPPzTz', 11.0, branchID=5, growth_generator='two_qubit_ising_rotation_hyperfine_transverse', host_name='node34-039', log_file='/panfs/panasas01/phys/bf16951/QMD/ParallelDevelopment/Results/Oct_01/12_39/logs/NV-exp-method-sim__random-phase--probe__QMLA_9.qmd.8794606.log', port_number=6309, qid=9, remote=True) (bfcee2a8-4f41-448a-acd0-25e4e6cf1fa4)
20:20:15 9: Job OK (bfcee2a8-4f41-448a-acd0-25e4e6cf1fa4)
20:20:15 Result will never expire, clean up result key manually
20:20:15 Cleaning registries for queue: 9
20:20:15 
20:20:15 *** Listening on 9...
20:20:15 9: RemoteModelLearning.learnModelRemote('xTiPPxTxPPxTyPPyTiPPyTyPPzTiPPzTz', 12.0, branchID=6, growth_generator='two_qubit_ising_rotation_hyperfine_transverse', host_name='node34-039', log_file='/panfs/panasas01/phys/bf16951/QMD/ParallelDevelopment/Results/Oct_01/12_39/logs/NV-exp-method-sim__random-phase--probe__QMLA_9.qmd.8794606.log', port_number=6309, qid=9, remote=True) (d7b14dd1-612e-4141-aafb-0e32a9793456)
20:20:15 9: RemoteModelLearning.learnModelRemote('xTiPPxTxPPxTzPPyTiPPyTyPPzTiPPzTz', 13.0, branchID=6, growth_generator='two_qubit_ising_rotation_hyperfine_transverse', host_name='node34-039', log_file='/panfs/panasas01/phys/bf16951/QMD/ParallelDevelopment/Results/Oct_01/12_39/logs/NV-exp-method-sim__random-phase--probe__QMLA_9.qmd.8794606.log', port_number=6309, qid=9, remote=True) (aa10f9e8-598e-4ed6-b603-1aad12f1ca80)
20:20:15 9: RemoteModelLearning.learnModelRemote('xTiPPxTxPPyTiPPyTyPPyTzPPzTiPPzTz', 14.0, branchID=6, growth_generator='two_qubit_ising_rotation_hyperfine_transverse', host_name='node34-039', log_file='/panfs/panasas01/phys/bf16951/QMD/ParallelDevelopment/Results/Oct_01/12_39/logs/NV-exp-method-sim__random-phase--probe__QMLA_9.qmd.8794606.log', port_number=6309, qid=9, remote=True) (f6e270bc-2068-4c8a-8bda-bc79ad7b7eae)
20:45:16 9: Job OK (f6e270bc-2068-4c8a-8bda-bc79ad7b7eae)
20:45:16 Result will never expire, clean up result key manually
20:45:16 Cleaning registries for queue: 9
20:45:16 
20:45:16 *** Listening on 9...
20:45:30 9: Job OK (aa10f9e8-598e-4ed6-b603-1aad12f1ca80)
20:45:30 Result will never expire, clean up result key manually
20:45:30 Cleaning registries for queue: 9
20:45:30 
20:45:30 *** Listening on 9...
20:45:35 9: Job OK (d7b14dd1-612e-4141-aafb-0e32a9793456)
20:45:35 Result will never expire, clean up result key manually
20:45:35 Cleaning registries for queue: 9
20:45:35 
20:45:35 *** Listening on 9...
20:45:35 9: RemoteBayesFactor.BayesFactorRemote(bayes_threshold=100, bf_data_folder='/panfs/panasas01/phys/bf16951/QMD/ParallelDevelopment/Results/Oct_01/12_39/BayesFactorsTimeRecords/', branchID=6, host_name='node34-039', interbranch=False, log_file='/panfs/panasas01/phys/bf16951/QMD/ParallelDevelopment/Results/Oct_01/12_39/logs/NV-exp-method-sim__random-phase--probe__QMLA_9.qmd.8794606.log', model_a_id=12, model_b_id=13, num_times_to_use=750, port_number=6309, qid=9, times_record='/panfs/panasas01/phys/bf16951/QMD/ParallelDevelopment/Results/Oct_01/12_39/BayesFactorsTimeRecords/BayesFactorsPairsTimes_009.txt', trueModel='xTiPPyTiPPzTiPPzTz') (9e3f11d0-c2d8-462d-9cad-5f92cf8768f3)
20:45:35 9: RemoteBayesFactor.BayesFactorRemote(bayes_threshold=100, bf_data_folder='/panfs/panasas01/phys/bf16951/QMD/ParallelDevelopment/Results/Oct_01/12_39/BayesFactorsTimeRecords/', branchID=6, host_name='node34-039', interbranch=False, log_file='/panfs/panasas01/phys/bf16951/QMD/ParallelDevelopment/Results/Oct_01/12_39/logs/NV-exp-method-sim__random-phase--probe__QMLA_9.qmd.8794606.log', model_a_id=12, model_b_id=14, num_times_to_use=750, port_number=6309, qid=9, times_record='/panfs/panasas01/phys/bf16951/QMD/ParallelDevelopment/Results/Oct_01/12_39/BayesFactorsTimeRecords/BayesFactorsPairsTimes_009.txt', trueModel='xTiPPyTiPPzTiPPzTz') (0a129276-974e-42c2-82e6-a6fd3ccdda6b)
20:45:35 9: RemoteBayesFactor.BayesFactorRemote(bayes_threshold=100, bf_data_folder='/panfs/panasas01/phys/bf16951/QMD/ParallelDevelopment/Results/Oct_01/12_39/BayesFactorsTimeRecords/', branchID=6, host_name='node34-039', interbranch=False, log_file='/panfs/panasas01/phys/bf16951/QMD/ParallelDevelopment/Results/Oct_01/12_39/logs/NV-exp-method-sim__random-phase--probe__QMLA_9.qmd.8794606.log', model_a_id=13, model_b_id=14, num_times_to_use=750, port_number=6309, qid=9, times_record='/panfs/panasas01/phys/bf16951/QMD/ParallelDevelopment/Results/Oct_01/12_39/BayesFactorsTimeRecords/BayesFactorsPairsTimes_009.txt', trueModel='xTiPPyTiPPzTiPPzTz') (9f5296f6-e37b-4845-a8b6-0f423b678046)
21:35:18 9: Job OK (9f5296f6-e37b-4845-a8b6-0f423b678046)
21:35:18 Result will never expire, clean up result key manually
21:35:18 Cleaning registries for queue: 9
21:35:18 
21:35:18 *** Listening on 9...
21:35:46 9: Job OK (0a129276-974e-42c2-82e6-a6fd3ccdda6b)
21:35:46 Result will never expire, clean up result key manually
21:35:46 Cleaning registries for queue: 9
21:35:46 
21:35:46 *** Listening on 9...
21:36:35 9: Job OK (9e3f11d0-c2d8-462d-9cad-5f92cf8768f3)
21:36:35 Result will never expire, clean up result key manually
21:36:35 Cleaning registries for queue: 9
21:36:35 
21:36:35 *** Listening on 9...
21:36:35 9: RemoteModelLearning.learnModelRemote('xTiPPxTxPPxTyPPyTiPPyTyPPyTzPPzTiPPzTz', 15.0, branchID=7, growth_generator='two_qubit_ising_rotation_hyperfine_transverse', host_name='node34-039', log_file='/panfs/panasas01/phys/bf16951/QMD/ParallelDevelopment/Results/Oct_01/12_39/logs/NV-exp-method-sim__random-phase--probe__QMLA_9.qmd.8794606.log', port_number=6309, qid=9, remote=True) (f4efddc3-c84c-4148-85fe-18fb0feda2e1)
21:36:35 9: RemoteModelLearning.learnModelRemote('xTiPPxTxPPxTzPPyTiPPyTyPPyTzPPzTiPPzTz', 16.0, branchID=7, growth_generator='two_qubit_ising_rotation_hyperfine_transverse', host_name='node34-039', log_file='/panfs/panasas01/phys/bf16951/QMD/ParallelDevelopment/Results/Oct_01/12_39/logs/NV-exp-method-sim__random-phase--probe__QMLA_9.qmd.8794606.log', port_number=6309, qid=9, remote=True) (f15dbf29-79f8-4c0a-8205-fe0947c6a6b3)
22:01:52 9: Job OK (f4efddc3-c84c-4148-85fe-18fb0feda2e1)
22:01:52 Result will never expire, clean up result key manually
22:01:52 Cleaning registries for queue: 9
22:01:52 
22:01:52 *** Listening on 9...
22:01:54 9: Job OK (f15dbf29-79f8-4c0a-8205-fe0947c6a6b3)
22:01:54 Result will never expire, clean up result key manually
22:01:54 Cleaning registries for queue: 9
22:01:54 
22:01:54 *** Listening on 9...
22:01:54 9: RemoteBayesFactor.BayesFactorRemote(bayes_threshold=100, bf_data_folder='/panfs/panasas01/phys/bf16951/QMD/ParallelDevelopment/Results/Oct_01/12_39/BayesFactorsTimeRecords/', branchID=7, host_name='node34-039', interbranch=False, log_file='/panfs/panasas01/phys/bf16951/QMD/ParallelDevelopment/Results/Oct_01/12_39/logs/NV-exp-method-sim__random-phase--probe__QMLA_9.qmd.8794606.log', model_a_id=15, model_b_id=16, num_times_to_use=750, port_number=6309, qid=9, times_record='/panfs/panasas01/phys/bf16951/QMD/ParallelDevelopment/Results/Oct_01/12_39/BayesFactorsTimeRecords/BayesFactorsPairsTimes_009.txt', trueModel='xTiPPyTiPPzTiPPzTz') (53c2086f-8683-494f-bd18-837bc5c61c91)
22:50:16 9: Job OK (53c2086f-8683-494f-bd18-837bc5c61c91)
22:50:16 Result will never expire, clean up result key manually
22:50:16 Cleaning registries for queue: 9
22:50:16 
22:50:16 *** Listening on 9...
22:50:16 9: RemoteModelLearning.learnModelRemote('xTiPPxTxPPxTyPPxTzPPyTiPPyTyPPyTzPPzTiPPzTz', 17.0, branchID=8, growth_generator='two_qubit_ising_rotation_hyperfine_transverse', host_name='node34-039', log_file='/panfs/panasas01/phys/bf16951/QMD/ParallelDevelopment/Results/Oct_01/12_39/logs/NV-exp-method-sim__random-phase--probe__QMLA_9.qmd.8794606.log', port_number=6309, qid=9, remote=True) (e0afb8d7-6108-4b59-a4b3-654de9a5f0ea)
23:15:00 9: Job OK (e0afb8d7-6108-4b59-a4b3-654de9a5f0ea)
23:15:00 Result will never expire, clean up result key manually
23:15:00 9: RemoteBayesFactor.BayesFactorRemote(bayes_threshold=100, bf_data_folder='/panfs/panasas01/phys/bf16951/QMD/ParallelDevelopment/Results/Oct_01/12_39/BayesFactorsTimeRecords/', branchID=None, host_name='node34-039', interbranch=True, log_file='/panfs/panasas01/phys/bf16951/QMD/ParallelDevelopment/Results/Oct_01/12_39/logs/NV-exp-method-sim__random-phase--probe__QMLA_9.qmd.8794606.log', model_a_id=1, model_b_id=4, num_times_to_use=750, port_number=6309, qid=9, times_record='/panfs/panasas01/phys/bf16951/QMD/ParallelDevelopment/Results/Oct_01/12_39/BayesFactorsTimeRecords/BayesFactorsPairsTimes_009.txt', trueModel='xTiPPyTiPPzTiPPzTz') (42a7568e-7378-4773-9b71-f632882184b5)
23:15:00 9: RemoteBayesFactor.BayesFactorRemote(bayes_threshold=100, bf_data_folder='/panfs/panasas01/phys/bf16951/QMD/ParallelDevelopment/Results/Oct_01/12_39/BayesFactorsTimeRecords/', branchID=None, host_name='node34-039', interbranch=True, log_file='/panfs/panasas01/phys/bf16951/QMD/ParallelDevelopment/Results/Oct_01/12_39/logs/NV-exp-method-sim__random-phase--probe__QMLA_9.qmd.8794606.log', model_a_id=4, model_b_id=5, num_times_to_use=750, port_number=6309, qid=9, times_record='/panfs/panasas01/phys/bf16951/QMD/ParallelDevelopment/Results/Oct_01/12_39/BayesFactorsTimeRecords/BayesFactorsPairsTimes_009.txt', trueModel='xTiPPyTiPPzTiPPzTz') (3d6f2d18-f4e2-496a-9893-b262d102360f)
23:15:00 Cleaning registries for queue: 9
23:15:00 9: RemoteBayesFactor.BayesFactorRemote(bayes_threshold=100, bf_data_folder='/panfs/panasas01/phys/bf16951/QMD/ParallelDevelopment/Results/Oct_01/12_39/BayesFactorsTimeRecords/', branchID=None, host_name='node34-039', interbranch=True, log_file='/panfs/panasas01/phys/bf16951/QMD/ParallelDevelopment/Results/Oct_01/12_39/logs/NV-exp-method-sim__random-phase--probe__QMLA_9.qmd.8794606.log', model_a_id=5, model_b_id=6, num_times_to_use=750, port_number=6309, qid=9, times_record='/panfs/panasas01/phys/bf16951/QMD/ParallelDevelopment/Results/Oct_01/12_39/BayesFactorsTimeRecords/BayesFactorsPairsTimes_009.txt', trueModel='xTiPPyTiPPzTiPPzTz') (79086dcf-42ff-4b16-891a-ec3a359697ab)
23:15:00 
23:15:00 *** Listening on 9...
23:15:00 9: RemoteBayesFactor.BayesFactorRemote(bayes_threshold=100, bf_data_folder='/panfs/panasas01/phys/bf16951/QMD/ParallelDevelopment/Results/Oct_01/12_39/BayesFactorsTimeRecords/', branchID=None, host_name='node34-039', interbranch=True, log_file='/panfs/panasas01/phys/bf16951/QMD/ParallelDevelopment/Results/Oct_01/12_39/logs/NV-exp-method-sim__random-phase--probe__QMLA_9.qmd.8794606.log', model_a_id=6, model_b_id=10, num_times_to_use=750, port_number=6309, qid=9, times_record='/panfs/panasas01/phys/bf16951/QMD/ParallelDevelopment/Results/Oct_01/12_39/BayesFactorsTimeRecords/BayesFactorsPairsTimes_009.txt', trueModel='xTiPPyTiPPzTiPPzTz') (dbfaa508-3bdd-4ca3-b8c2-5b4a4f4d1ff7)
23:15:00 9: RemoteBayesFactor.BayesFactorRemote(bayes_threshold=100, bf_data_folder='/panfs/panasas01/phys/bf16951/QMD/ParallelDevelopment/Results/Oct_01/12_39/BayesFactorsTimeRecords/', branchID=None, host_name='node34-039', interbranch=True, log_file='/panfs/panasas01/phys/bf16951/QMD/ParallelDevelopment/Results/Oct_01/12_39/logs/NV-exp-method-sim__random-phase--probe__QMLA_9.qmd.8794606.log', model_a_id=10, model_b_id=11, num_times_to_use=750, port_number=6309, qid=9, times_record='/panfs/panasas01/phys/bf16951/QMD/ParallelDevelopment/Results/Oct_01/12_39/BayesFactorsTimeRecords/BayesFactorsPairsTimes_009.txt', trueModel='xTiPPyTiPPzTiPPzTz') (248baa2d-4142-45ab-9c20-8739043f49ff)
23:15:00 9: RemoteBayesFactor.BayesFactorRemote(bayes_threshold=100, bf_data_folder='/panfs/panasas01/phys/bf16951/QMD/ParallelDevelopment/Results/Oct_01/12_39/BayesFactorsTimeRecords/', branchID=None, host_name='node34-039', interbranch=True, log_file='/panfs/panasas01/phys/bf16951/QMD/ParallelDevelopment/Results/Oct_01/12_39/logs/NV-exp-method-sim__random-phase--probe__QMLA_9.qmd.8794606.log', model_a_id=11, model_b_id=14, num_times_to_use=750, port_number=6309, qid=9, times_record='/panfs/panasas01/phys/bf16951/QMD/ParallelDevelopment/Results/Oct_01/12_39/BayesFactorsTimeRecords/BayesFactorsPairsTimes_009.txt', trueModel='xTiPPyTiPPzTiPPzTz') (4476be95-9763-4483-b4e1-aa30ddf32785)
00:05:15 9: Job OK (4476be95-9763-4483-b4e1-aa30ddf32785)
00:05:15 Result will never expire, clean up result key manually
00:05:15 
00:05:15 *** Listening on 9...
00:05:15 9: RemoteBayesFactor.BayesFactorRemote(bayes_threshold=100, bf_data_folder='/panfs/panasas01/phys/bf16951/QMD/ParallelDevelopment/Results/Oct_01/12_39/BayesFactorsTimeRecords/', branchID=None, host_name='node34-039', interbranch=True, log_file='/panfs/panasas01/phys/bf16951/QMD/ParallelDevelopment/Results/Oct_01/12_39/logs/NV-exp-method-sim__random-phase--probe__QMLA_9.qmd.8794606.log', model_a_id=14, model_b_id=15, num_times_to_use=750, port_number=6309, qid=9, times_record='/panfs/panasas01/phys/bf16951/QMD/ParallelDevelopment/Results/Oct_01/12_39/BayesFactorsTimeRecords/BayesFactorsPairsTimes_009.txt', trueModel='xTiPPyTiPPzTiPPzTz') (833f9ad5-aec1-4a27-97f2-08695c851075)
00:05:40 9: Job OK (248baa2d-4142-45ab-9c20-8739043f49ff)
00:05:40 Result will never expire, clean up result key manually
00:05:40 Cleaning registries for queue: 9
00:05:40 
00:05:40 *** Listening on 9...
00:05:40 9: RemoteBayesFactor.BayesFactorRemote(bayes_threshold=100, bf_data_folder='/panfs/panasas01/phys/bf16951/QMD/ParallelDevelopment/Results/Oct_01/12_39/BayesFactorsTimeRecords/', branchID=None, host_name='node34-039', interbranch=True, log_file='/panfs/panasas01/phys/bf16951/QMD/ParallelDevelopment/Results/Oct_01/12_39/logs/NV-exp-method-sim__random-phase--probe__QMLA_9.qmd.8794606.log', model_a_id=15, model_b_id=17, num_times_to_use=750, port_number=6309, qid=9, times_record='/panfs/panasas01/phys/bf16951/QMD/ParallelDevelopment/Results/Oct_01/12_39/BayesFactorsTimeRecords/BayesFactorsPairsTimes_009.txt', trueModel='xTiPPyTiPPzTiPPzTz') (c2d2dfac-5ba1-42b0-b621-6ee1796ebc3d)
00:06:10 9: Job OK (dbfaa508-3bdd-4ca3-b8c2-5b4a4f4d1ff7)
00:06:10 Result will never expire, clean up result key manually
00:06:10 Cleaning registries for queue: 9
00:06:10 
00:06:10 *** Listening on 9...
00:07:36 9: Job OK (79086dcf-42ff-4b16-891a-ec3a359697ab)
00:07:36 Result will never expire, clean up result key manually
00:07:36 Cleaning registries for queue: 9
00:07:36 
00:07:36 *** Listening on 9...
00:07:58 9: Job OK (3d6f2d18-f4e2-496a-9893-b262d102360f)
00:07:58 Result will never expire, clean up result key manually
00:07:58 Cleaning registries for queue: 9
00:07:58 
00:07:58 *** Listening on 9...
00:08:12 9: Job OK (42a7568e-7378-4773-9b71-f632882184b5)
00:08:12 Result will never expire, clean up result key manually
00:08:12 Cleaning registries for queue: 9
00:08:12 
00:08:12 *** Listening on 9...
00:55:00 9: Job OK (833f9ad5-aec1-4a27-97f2-08695c851075)
00:55:00 Result will never expire, clean up result key manually
00:55:00 Cleaning registries for queue: 9
00:55:00 
00:55:00 *** Listening on 9...
00:55:07 9: Job OK (c2d2dfac-5ba1-42b0-b621-6ee1796ebc3d)
00:55:07 Result will never expire, clean up result key manually
00:55:07 
00:55:07 *** Listening on 9...
00:55:07 9: RemoteBayesFactor.BayesFactorRemote(bayes_threshold=100, bf_data_folder='/panfs/panasas01/phys/bf16951/QMD/ParallelDevelopment/Results/Oct_01/12_39/BayesFactorsTimeRecords/', branchID=9, host_name='node34-039', interbranch=False, log_file='/panfs/panasas01/phys/bf16951/QMD/ParallelDevelopment/Results/Oct_01/12_39/logs/NV-exp-method-sim__random-phase--probe__QMLA_9.qmd.8794606.log', model_a_id=14.0, model_b_id=4.0, num_times_to_use=750, port_number=6309, qid=9, times_record='/panfs/panasas01/phys/bf16951/QMD/ParallelDevelopment/Results/Oct_01/12_39/BayesFactorsTimeRecords/BayesFactorsPairsTimes_009.txt', trueModel='xTiPPyTiPPzTiPPzTz') (86305348-677f-44ef-b1f1-dd396fbb41ef)
00:55:07 9: RemoteBayesFactor.BayesFactorRemote(bayes_threshold=100, bf_data_folder='/panfs/panasas01/phys/bf16951/QMD/ParallelDevelopment/Results/Oct_01/12_39/BayesFactorsTimeRecords/', branchID=9, host_name='node34-039', interbranch=False, log_file='/panfs/panasas01/phys/bf16951/QMD/ParallelDevelopment/Results/Oct_01/12_39/logs/NV-exp-method-sim__random-phase--probe__QMLA_9.qmd.8794606.log', model_a_id=4.0, model_b_id=10.0, num_times_to_use=750, port_number=6309, qid=9, times_record='/panfs/panasas01/phys/bf16951/QMD/ParallelDevelopment/Results/Oct_01/12_39/BayesFactorsTimeRecords/BayesFactorsPairsTimes_009.txt', trueModel='xTiPPyTiPPzTiPPzTz') (5ca92f23-a366-40fa-b72f-f09d316ae4a5)
00:55:07 9: RemoteBayesFactor.BayesFactorRemote(bayes_threshold=100, bf_data_folder='/panfs/panasas01/phys/bf16951/QMD/ParallelDevelopment/Results/Oct_01/12_39/BayesFactorsTimeRecords/', branchID=9, host_name='node34-039', interbranch=False, log_file='/panfs/panasas01/phys/bf16951/QMD/ParallelDevelopment/Results/Oct_01/12_39/logs/NV-exp-method-sim__random-phase--probe__QMLA_9.qmd.8794606.log', model_a_id=14.0, model_b_id=10.0, num_times_to_use=750, port_number=6309, qid=9, times_record='/panfs/panasas01/phys/bf16951/QMD/ParallelDevelopment/Results/Oct_01/12_39/BayesFactorsTimeRecords/BayesFactorsPairsTimes_009.txt', trueModel='xTiPPyTiPPzTiPPzTz') (02c25a09-08b8-4bc0-9455-c809cb50ec70)
01:45:05 9: Job OK (02c25a09-08b8-4bc0-9455-c809cb50ec70)
01:45:05 Result will never expire, clean up result key manually
01:45:05 Cleaning registries for queue: 9
01:45:05 
01:45:05 *** Listening on 9...
01:46:36 9: Job OK (86305348-677f-44ef-b1f1-dd396fbb41ef)
01:46:36 Result will never expire, clean up result key manually
01:46:36 Cleaning registries for queue: 9
01:46:36 
01:46:36 *** Listening on 9...
01:47:15 9: Job OK (5ca92f23-a366-40fa-b72f-f09d316ae4a5)
01:47:15 Result will never expire, clean up result key manually
01:47:15 Cleaning registries for queue: 9
01:47:15 
01:47:15 *** Listening on 9...
01:47:15 9: RemoteBayesFactor.BayesFactorRemote(bayes_threshold=100, bf_data_folder='/panfs/panasas01/phys/bf16951/QMD/ParallelDevelopment/Results/Oct_01/12_39/BayesFactorsTimeRecords/', branchID=None, host_name='node34-039', interbranch=True, log_file='/panfs/panasas01/phys/bf16951/QMD/ParallelDevelopment/Results/Oct_01/12_39/logs/NV-exp-method-sim__random-phase--probe__QMLA_9.qmd.8794606.log', model_a_id=14, model_b_id=18, num_times_to_use=750, port_number=6309, qid=9, times_record='/panfs/panasas01/phys/bf16951/QMD/ParallelDevelopment/Results/Oct_01/12_39/BayesFactorsTimeRecords/BayesFactorsPairsTimes_009.txt', trueModel='xTiPPyTiPPzTiPPzTz') (655a41f2-5753-4cf4-94f2-35f65da86854)
02:36:10 9: Job OK (655a41f2-5753-4cf4-94f2-35f65da86854)
02:36:10 Result will never expire, clean up result key manually
02:36:10 Cleaning registries for queue: 9
02:36:10 
02:36:10 *** Listening on 9...
Error 111 connecting to node34-039:6309. Connection refused.
Error 111 connecting to node34-039:6309. Connection refused.
Error 111 connecting to node34-039:6309. Connection refused.
Error 111 connecting to node34-039:6309. Connection refused.
Error 111 connecting to node34-039:6309. Connection refused.
Error 111 connecting to node34-039:6309. Connection refused.
