12:48:53 RQ worker 'rq:worker:node34-027.57719' started, version 0.8.1
12:48:53 RQ worker 'rq:worker:node34-027.57723' started, version 0.8.1
12:48:53 RQ worker 'rq:worker:node34-027.57724' started, version 0.8.1
12:48:53 RQ worker 'rq:worker:node34-027.57720' started, version 0.8.1
12:48:53 RQ worker 'rq:worker:node34-027.57721' started, version 0.8.1
12:48:53 RQ worker 'rq:worker:node34-027.57722' started, version 0.8.1
12:48:53 Cleaning registries for queue: 48
12:48:53 Cleaning registries for queue: 48
12:48:53 Cleaning registries for queue: 48
12:48:53 Cleaning registries for queue: 48
12:48:53 Cleaning registries for queue: 48
12:48:53 Cleaning registries for queue: 48
12:48:53 
12:48:53 
12:48:53 
12:48:53 
12:48:53 
12:48:53 
12:48:53 *** Listening on 48...
12:48:53 *** Listening on 48...
12:48:53 *** Listening on 48...
12:48:53 *** Listening on 48...
12:48:53 *** Listening on 48...
12:48:53 *** Listening on 48...
12:49:05 48: RemoteModelLearning.learnModelRemote('yTi', 1.0, branchID=0, growth_generator='two_qubit_ising_rotation_hyperfine_transverse', host_name='node34-027', log_file='/panfs/panasas01/phys/bf16951/QMD/ParallelDevelopment/Results/Oct_01/12_39/logs/NV-exp-method-sim__random-phase--probe__QMLA_48.qmd.8794645.log', port_number=6348, qid=48, remote=True) (aaa26b74-f2ed-4e08-8d94-7a293545374c)
12:49:05 48: RemoteModelLearning.learnModelRemote('zTi', 2.0, branchID=0, growth_generator='two_qubit_ising_rotation_hyperfine_transverse', host_name='node34-027', log_file='/panfs/panasas01/phys/bf16951/QMD/ParallelDevelopment/Results/Oct_01/12_39/logs/NV-exp-method-sim__random-phase--probe__QMLA_48.qmd.8794645.log', port_number=6348, qid=48, remote=True) (8c836a5c-a81e-4858-9a89-c4a3115639fe)
12:49:05 48: RemoteModelLearning.learnModelRemote('xTi', 0.0, branchID=0, growth_generator='two_qubit_ising_rotation_hyperfine_transverse', host_name='node34-027', log_file='/panfs/panasas01/phys/bf16951/QMD/ParallelDevelopment/Results/Oct_01/12_39/logs/NV-exp-method-sim__random-phase--probe__QMLA_48.qmd.8794645.log', port_number=6348, qid=48, remote=True) (34f08be0-ac6b-42cc-8722-09182321965f)
13:12:01 48: Job OK (34f08be0-ac6b-42cc-8722-09182321965f)
13:12:01 Result will never expire, clean up result key manually
13:12:01 
13:12:01 *** Listening on 48...
/cm/shared/languages/Anaconda3-5.0.1-PHYS015202/lib/python3.6/site-packages/qinfer/utils.py:268: ApproximationWarning: Numerical error in covariance estimation causing positive semidefinite violation.
  warnings.warn('Numerical error in covariance estimation causing positive semidefinite violation.', ApproximationWarning)
./QML.py:666: RuntimeWarning: invalid value encountered in sqrt
  np.diag(self.Updater.est_covariance_mtx())
./QML.py:812: RuntimeWarning: invalid value encountered in sqrt
  np.sqrt(cov_mat[iterator][iterator])
13:15:47 48: Job OK (aaa26b74-f2ed-4e08-8d94-7a293545374c)
13:15:47 Result will never expire, clean up result key manually
13:15:47 
13:15:47 *** Listening on 48...
13:23:34 48: Job OK (8c836a5c-a81e-4858-9a89-c4a3115639fe)
13:23:34 Result will never expire, clean up result key manually
13:23:34 
13:23:34 *** Listening on 48...
13:23:35 48: RemoteBayesFactor.BayesFactorRemote(bayes_threshold=100, bf_data_folder='/panfs/panasas01/phys/bf16951/QMD/ParallelDevelopment/Results/Oct_01/12_39/BayesFactorsTimeRecords/', branchID=0, host_name='node34-027', interbranch=False, log_file='/panfs/panasas01/phys/bf16951/QMD/ParallelDevelopment/Results/Oct_01/12_39/logs/NV-exp-method-sim__random-phase--probe__QMLA_48.qmd.8794645.log', model_a_id=0, model_b_id=1, num_times_to_use=750, port_number=6348, qid=48, times_record='/panfs/panasas01/phys/bf16951/QMD/ParallelDevelopment/Results/Oct_01/12_39/BayesFactorsTimeRecords/BayesFactorsPairsTimes_048.txt', trueModel='xTiPPyTiPPzTiPPzTz') (869498ec-8a17-4eb7-978a-f29657f416c1)
13:23:35 48: RemoteBayesFactor.BayesFactorRemote(bayes_threshold=100, bf_data_folder='/panfs/panasas01/phys/bf16951/QMD/ParallelDevelopment/Results/Oct_01/12_39/BayesFactorsTimeRecords/', branchID=0, host_name='node34-027', interbranch=False, log_file='/panfs/panasas01/phys/bf16951/QMD/ParallelDevelopment/Results/Oct_01/12_39/logs/NV-exp-method-sim__random-phase--probe__QMLA_48.qmd.8794645.log', model_a_id=0, model_b_id=2, num_times_to_use=750, port_number=6348, qid=48, times_record='/panfs/panasas01/phys/bf16951/QMD/ParallelDevelopment/Results/Oct_01/12_39/BayesFactorsTimeRecords/BayesFactorsPairsTimes_048.txt', trueModel='xTiPPyTiPPzTiPPzTz') (e7cc64db-3bc1-4141-bcad-fd125ff73d49)
13:23:35 48: RemoteBayesFactor.BayesFactorRemote(bayes_threshold=100, bf_data_folder='/panfs/panasas01/phys/bf16951/QMD/ParallelDevelopment/Results/Oct_01/12_39/BayesFactorsTimeRecords/', branchID=0, host_name='node34-027', interbranch=False, log_file='/panfs/panasas01/phys/bf16951/QMD/ParallelDevelopment/Results/Oct_01/12_39/logs/NV-exp-method-sim__random-phase--probe__QMLA_48.qmd.8794645.log', model_a_id=1, model_b_id=2, num_times_to_use=750, port_number=6348, qid=48, times_record='/panfs/panasas01/phys/bf16951/QMD/ParallelDevelopment/Results/Oct_01/12_39/BayesFactorsTimeRecords/BayesFactorsPairsTimes_048.txt', trueModel='xTiPPyTiPPzTiPPzTz') (e3052fae-753f-430b-9419-b0fe468aa6fa)
14:12:08 48: Job OK (869498ec-8a17-4eb7-978a-f29657f416c1)
14:12:08 Result will never expire, clean up result key manually
14:12:08 Cleaning registries for queue: 48
14:12:08 
14:12:08 *** Listening on 48...
14:25:26 48: Job OK (e7cc64db-3bc1-4141-bcad-fd125ff73d49)
14:25:26 Result will never expire, clean up result key manually
14:25:26 Cleaning registries for queue: 48
14:25:26 
14:25:26 *** Listening on 48...
14:30:45 48: Job OK (e3052fae-753f-430b-9419-b0fe468aa6fa)
14:30:45 Result will never expire, clean up result key manually
14:30:45 Cleaning registries for queue: 48
14:30:45 
14:30:45 *** Listening on 48...
14:30:45 48: RemoteModelLearning.learnModelRemote('xTiPPzTi', 4.0, branchID=1, growth_generator='two_qubit_ising_rotation_hyperfine_transverse', host_name='node34-027', log_file='/panfs/panasas01/phys/bf16951/QMD/ParallelDevelopment/Results/Oct_01/12_39/logs/NV-exp-method-sim__random-phase--probe__QMLA_48.qmd.8794645.log', port_number=6348, qid=48, remote=True) (7dcc9d31-5583-4388-86d5-fcde125cba07)
14:30:45 48: RemoteModelLearning.learnModelRemote('yTiPPzTi', 3.0, branchID=1, growth_generator='two_qubit_ising_rotation_hyperfine_transverse', host_name='node34-027', log_file='/panfs/panasas01/phys/bf16951/QMD/ParallelDevelopment/Results/Oct_01/12_39/logs/NV-exp-method-sim__random-phase--probe__QMLA_48.qmd.8794645.log', port_number=6348, qid=48, remote=True) (76617673-e524-4bea-98c0-07d3e1d5f947)
14:56:01 48: Job OK (7dcc9d31-5583-4388-86d5-fcde125cba07)
14:56:01 Result will never expire, clean up result key manually
14:56:01 
14:56:01 *** Listening on 48...
14:56:46 48: Job OK (76617673-e524-4bea-98c0-07d3e1d5f947)
14:56:46 Result will never expire, clean up result key manually
14:56:46 Cleaning registries for queue: 48
14:56:46 
14:56:46 *** Listening on 48...
14:56:46 48: RemoteBayesFactor.BayesFactorRemote(bayes_threshold=100, bf_data_folder='/panfs/panasas01/phys/bf16951/QMD/ParallelDevelopment/Results/Oct_01/12_39/BayesFactorsTimeRecords/', branchID=1, host_name='node34-027', interbranch=False, log_file='/panfs/panasas01/phys/bf16951/QMD/ParallelDevelopment/Results/Oct_01/12_39/logs/NV-exp-method-sim__random-phase--probe__QMLA_48.qmd.8794645.log', model_a_id=3, model_b_id=4, num_times_to_use=750, port_number=6348, qid=48, times_record='/panfs/panasas01/phys/bf16951/QMD/ParallelDevelopment/Results/Oct_01/12_39/BayesFactorsTimeRecords/BayesFactorsPairsTimes_048.txt', trueModel='xTiPPyTiPPzTiPPzTz') (b6b775d0-6556-4c61-a703-1c729ff99e08)
15:46:52 48: Job OK (b6b775d0-6556-4c61-a703-1c729ff99e08)
15:46:52 Result will never expire, clean up result key manually
15:46:52 Cleaning registries for queue: 48
15:46:52 
15:46:52 *** Listening on 48...
15:46:53 48: RemoteModelLearning.learnModelRemote('xTiPPyTiPPzTi', 5.0, branchID=2, growth_generator='two_qubit_ising_rotation_hyperfine_transverse', host_name='node34-027', log_file='/panfs/panasas01/phys/bf16951/QMD/ParallelDevelopment/Results/Oct_01/12_39/logs/NV-exp-method-sim__random-phase--probe__QMLA_48.qmd.8794645.log', port_number=6348, qid=48, remote=True) (1bec7cc2-bca6-4cba-9d60-28d81d2449dd)
16:12:25 48: Job OK (1bec7cc2-bca6-4cba-9d60-28d81d2449dd)
16:12:25 Result will never expire, clean up result key manually
16:12:25 Cleaning registries for queue: 48
16:12:25 
16:12:25 *** Listening on 48...
16:12:26 48: RemoteModelLearning.learnModelRemote('xTiPPxTxPPyTiPPzTi', 8.0, branchID=3, growth_generator='two_qubit_ising_rotation_hyperfine_transverse', host_name='node34-027', log_file='/panfs/panasas01/phys/bf16951/QMD/ParallelDevelopment/Results/Oct_01/12_39/logs/NV-exp-method-sim__random-phase--probe__QMLA_48.qmd.8794645.log', port_number=6348, qid=48, remote=True) (d1a7f4ba-dfb8-443c-8c11-ed85f14688b1)
16:12:26 48: RemoteModelLearning.learnModelRemote('xTiPPyTiPPzTiPPzTz', 6.0, branchID=3, growth_generator='two_qubit_ising_rotation_hyperfine_transverse', host_name='node34-027', log_file='/panfs/panasas01/phys/bf16951/QMD/ParallelDevelopment/Results/Oct_01/12_39/logs/NV-exp-method-sim__random-phase--probe__QMLA_48.qmd.8794645.log', port_number=6348, qid=48, remote=True) (780447d2-6b0e-41c2-853c-1ee49b363e8e)
16:12:26 48: RemoteModelLearning.learnModelRemote('xTiPPyTiPPyTyPPzTi', 7.0, branchID=3, growth_generator='two_qubit_ising_rotation_hyperfine_transverse', host_name='node34-027', log_file='/panfs/panasas01/phys/bf16951/QMD/ParallelDevelopment/Results/Oct_01/12_39/logs/NV-exp-method-sim__random-phase--probe__QMLA_48.qmd.8794645.log', port_number=6348, qid=48, remote=True) (a47bc4b8-981e-4585-a238-46aed2608b9f)
16:38:23 48: Job OK (a47bc4b8-981e-4585-a238-46aed2608b9f)
16:38:23 Result will never expire, clean up result key manually
16:38:23 Cleaning registries for queue: 48
16:38:23 
16:38:23 *** Listening on 48...
16:38:47 48: Job OK (d1a7f4ba-dfb8-443c-8c11-ed85f14688b1)
16:38:47 Result will never expire, clean up result key manually
16:38:47 Cleaning registries for queue: 48
16:38:47 
16:38:47 *** Listening on 48...
16:38:57 48: Job OK (780447d2-6b0e-41c2-853c-1ee49b363e8e)
16:38:57 Result will never expire, clean up result key manually
16:38:57 Cleaning registries for queue: 48
16:38:57 
16:38:57 *** Listening on 48...
16:38:57 48: RemoteBayesFactor.BayesFactorRemote(bayes_threshold=100, bf_data_folder='/panfs/panasas01/phys/bf16951/QMD/ParallelDevelopment/Results/Oct_01/12_39/BayesFactorsTimeRecords/', branchID=3, host_name='node34-027', interbranch=False, log_file='/panfs/panasas01/phys/bf16951/QMD/ParallelDevelopment/Results/Oct_01/12_39/logs/NV-exp-method-sim__random-phase--probe__QMLA_48.qmd.8794645.log', model_a_id=6, model_b_id=7, num_times_to_use=750, port_number=6348, qid=48, times_record='/panfs/panasas01/phys/bf16951/QMD/ParallelDevelopment/Results/Oct_01/12_39/BayesFactorsTimeRecords/BayesFactorsPairsTimes_048.txt', trueModel='xTiPPyTiPPzTiPPzTz') (b59cc5df-b0d7-49d3-bec3-7248340a46be)
16:38:57 48: RemoteBayesFactor.BayesFactorRemote(bayes_threshold=100, bf_data_folder='/panfs/panasas01/phys/bf16951/QMD/ParallelDevelopment/Results/Oct_01/12_39/BayesFactorsTimeRecords/', branchID=3, host_name='node34-027', interbranch=False, log_file='/panfs/panasas01/phys/bf16951/QMD/ParallelDevelopment/Results/Oct_01/12_39/logs/NV-exp-method-sim__random-phase--probe__QMLA_48.qmd.8794645.log', model_a_id=6, model_b_id=8, num_times_to_use=750, port_number=6348, qid=48, times_record='/panfs/panasas01/phys/bf16951/QMD/ParallelDevelopment/Results/Oct_01/12_39/BayesFactorsTimeRecords/BayesFactorsPairsTimes_048.txt', trueModel='xTiPPyTiPPzTiPPzTz') (83206fc3-df67-4f97-ae1d-d8362c733442)
16:38:57 48: RemoteBayesFactor.BayesFactorRemote(bayes_threshold=100, bf_data_folder='/panfs/panasas01/phys/bf16951/QMD/ParallelDevelopment/Results/Oct_01/12_39/BayesFactorsTimeRecords/', branchID=3, host_name='node34-027', interbranch=False, log_file='/panfs/panasas01/phys/bf16951/QMD/ParallelDevelopment/Results/Oct_01/12_39/logs/NV-exp-method-sim__random-phase--probe__QMLA_48.qmd.8794645.log', model_a_id=7, model_b_id=8, num_times_to_use=750, port_number=6348, qid=48, times_record='/panfs/panasas01/phys/bf16951/QMD/ParallelDevelopment/Results/Oct_01/12_39/BayesFactorsTimeRecords/BayesFactorsPairsTimes_048.txt', trueModel='xTiPPyTiPPzTiPPzTz') (11770354-c59c-4dcf-8a7e-901fc1accc3d)
17:30:36 48: Job OK (b59cc5df-b0d7-49d3-bec3-7248340a46be)
17:30:36 Result will never expire, clean up result key manually
17:30:36 Cleaning registries for queue: 48
17:30:36 
17:30:36 *** Listening on 48...
17:30:55 48: Job OK (83206fc3-df67-4f97-ae1d-d8362c733442)
17:30:55 Result will never expire, clean up result key manually
17:30:55 Cleaning registries for queue: 48
17:30:55 
17:30:55 *** Listening on 48...
17:31:06 48: Job OK (11770354-c59c-4dcf-8a7e-901fc1accc3d)
17:31:06 Result will never expire, clean up result key manually
17:31:06 Cleaning registries for queue: 48
17:31:06 
17:31:06 *** Listening on 48...
17:31:06 48: RemoteModelLearning.learnModelRemote('xTiPPyTiPPyTyPPzTiPPzTz', 9.0, branchID=4, growth_generator='two_qubit_ising_rotation_hyperfine_transverse', host_name='node34-027', log_file='/panfs/panasas01/phys/bf16951/QMD/ParallelDevelopment/Results/Oct_01/12_39/logs/NV-exp-method-sim__random-phase--probe__QMLA_48.qmd.8794645.log', port_number=6348, qid=48, remote=True) (e7f5802f-45e9-4b6c-a746-0bcd3d430724)
17:31:06 48: RemoteModelLearning.learnModelRemote('xTiPPxTxPPyTiPPzTiPPzTz', 10.0, branchID=4, growth_generator='two_qubit_ising_rotation_hyperfine_transverse', host_name='node34-027', log_file='/panfs/panasas01/phys/bf16951/QMD/ParallelDevelopment/Results/Oct_01/12_39/logs/NV-exp-method-sim__random-phase--probe__QMLA_48.qmd.8794645.log', port_number=6348, qid=48, remote=True) (1cf0b3e5-bb09-47dd-84de-7b90c0d98fc1)
17:56:29 48: Job OK (e7f5802f-45e9-4b6c-a746-0bcd3d430724)
17:56:29 Result will never expire, clean up result key manually
17:56:29 Cleaning registries for queue: 48
17:56:29 
17:56:29 *** Listening on 48...
17:56:29 48: Job OK (1cf0b3e5-bb09-47dd-84de-7b90c0d98fc1)
17:56:29 Result will never expire, clean up result key manually
17:56:29 Cleaning registries for queue: 48
17:56:29 
17:56:29 *** Listening on 48...
17:56:30 48: RemoteBayesFactor.BayesFactorRemote(bayes_threshold=100, bf_data_folder='/panfs/panasas01/phys/bf16951/QMD/ParallelDevelopment/Results/Oct_01/12_39/BayesFactorsTimeRecords/', branchID=4, host_name='node34-027', interbranch=False, log_file='/panfs/panasas01/phys/bf16951/QMD/ParallelDevelopment/Results/Oct_01/12_39/logs/NV-exp-method-sim__random-phase--probe__QMLA_48.qmd.8794645.log', model_a_id=9, model_b_id=10, num_times_to_use=750, port_number=6348, qid=48, times_record='/panfs/panasas01/phys/bf16951/QMD/ParallelDevelopment/Results/Oct_01/12_39/BayesFactorsTimeRecords/BayesFactorsPairsTimes_048.txt', trueModel='xTiPPyTiPPzTiPPzTz') (41f089cc-ae23-45c5-9d23-cf9345a679a1)
18:45:40 48: Job OK (41f089cc-ae23-45c5-9d23-cf9345a679a1)
18:45:40 Result will never expire, clean up result key manually
18:45:40 Cleaning registries for queue: 48
18:45:40 
18:45:40 *** Listening on 48...
18:45:40 48: RemoteModelLearning.learnModelRemote('xTiPPxTxPPyTiPPyTyPPzTiPPzTz', 11.0, branchID=5, growth_generator='two_qubit_ising_rotation_hyperfine_transverse', host_name='node34-027', log_file='/panfs/panasas01/phys/bf16951/QMD/ParallelDevelopment/Results/Oct_01/12_39/logs/NV-exp-method-sim__random-phase--probe__QMLA_48.qmd.8794645.log', port_number=6348, qid=48, remote=True) (f7104440-7ae3-4d87-b978-f6a0b0868cc8)
19:10:06 48: Job OK (f7104440-7ae3-4d87-b978-f6a0b0868cc8)
19:10:06 Result will never expire, clean up result key manually
19:10:06 Cleaning registries for queue: 48
19:10:06 
19:10:06 *** Listening on 48...
19:10:07 48: RemoteModelLearning.learnModelRemote('xTiPPxTxPPxTyPPyTiPPyTyPPzTiPPzTz', 13.0, branchID=6, growth_generator='two_qubit_ising_rotation_hyperfine_transverse', host_name='node34-027', log_file='/panfs/panasas01/phys/bf16951/QMD/ParallelDevelopment/Results/Oct_01/12_39/logs/NV-exp-method-sim__random-phase--probe__QMLA_48.qmd.8794645.log', port_number=6348, qid=48, remote=True) (4b650e6a-4e2f-4032-93a5-bd0ad7813e2b)
19:10:07 48: RemoteModelLearning.learnModelRemote('xTiPPxTxPPxTzPPyTiPPyTyPPzTiPPzTz', 12.0, branchID=6, growth_generator='two_qubit_ising_rotation_hyperfine_transverse', host_name='node34-027', log_file='/panfs/panasas01/phys/bf16951/QMD/ParallelDevelopment/Results/Oct_01/12_39/logs/NV-exp-method-sim__random-phase--probe__QMLA_48.qmd.8794645.log', port_number=6348, qid=48, remote=True) (b67bb366-aad2-484a-b2a9-1f52d1618e78)
19:10:07 48: RemoteModelLearning.learnModelRemote('xTiPPxTxPPyTiPPyTyPPyTzPPzTiPPzTz', 14.0, branchID=6, growth_generator='two_qubit_ising_rotation_hyperfine_transverse', host_name='node34-027', log_file='/panfs/panasas01/phys/bf16951/QMD/ParallelDevelopment/Results/Oct_01/12_39/logs/NV-exp-method-sim__random-phase--probe__QMLA_48.qmd.8794645.log', port_number=6348, qid=48, remote=True) (dcf5d2d7-9b9b-4879-8c1d-35de3b928dfa)
19:34:23 48: Job OK (dcf5d2d7-9b9b-4879-8c1d-35de3b928dfa)
19:34:23 Result will never expire, clean up result key manually
19:34:23 Cleaning registries for queue: 48
19:34:23 
19:34:23 *** Listening on 48...
19:35:59 48: Job OK (b67bb366-aad2-484a-b2a9-1f52d1618e78)
19:35:59 Result will never expire, clean up result key manually
19:35:59 Cleaning registries for queue: 48
19:35:59 
19:35:59 *** Listening on 48...
19:36:28 48: Job OK (4b650e6a-4e2f-4032-93a5-bd0ad7813e2b)
19:36:28 Result will never expire, clean up result key manually
19:36:28 Cleaning registries for queue: 48
19:36:28 
19:36:28 *** Listening on 48...
19:36:28 48: RemoteBayesFactor.BayesFactorRemote(bayes_threshold=100, bf_data_folder='/panfs/panasas01/phys/bf16951/QMD/ParallelDevelopment/Results/Oct_01/12_39/BayesFactorsTimeRecords/', branchID=6, host_name='node34-027', interbranch=False, log_file='/panfs/panasas01/phys/bf16951/QMD/ParallelDevelopment/Results/Oct_01/12_39/logs/NV-exp-method-sim__random-phase--probe__QMLA_48.qmd.8794645.log', model_a_id=12, model_b_id=13, num_times_to_use=750, port_number=6348, qid=48, times_record='/panfs/panasas01/phys/bf16951/QMD/ParallelDevelopment/Results/Oct_01/12_39/BayesFactorsTimeRecords/BayesFactorsPairsTimes_048.txt', trueModel='xTiPPyTiPPzTiPPzTz') (0a753ce0-1b4f-49cb-b5ae-c72d009ac299)
19:36:28 48: RemoteBayesFactor.BayesFactorRemote(bayes_threshold=100, bf_data_folder='/panfs/panasas01/phys/bf16951/QMD/ParallelDevelopment/Results/Oct_01/12_39/BayesFactorsTimeRecords/', branchID=6, host_name='node34-027', interbranch=False, log_file='/panfs/panasas01/phys/bf16951/QMD/ParallelDevelopment/Results/Oct_01/12_39/logs/NV-exp-method-sim__random-phase--probe__QMLA_48.qmd.8794645.log', model_a_id=12, model_b_id=14, num_times_to_use=750, port_number=6348, qid=48, times_record='/panfs/panasas01/phys/bf16951/QMD/ParallelDevelopment/Results/Oct_01/12_39/BayesFactorsTimeRecords/BayesFactorsPairsTimes_048.txt', trueModel='xTiPPyTiPPzTiPPzTz') (c3c65c44-5f9b-4502-a5e7-9d186900d6bc)
19:36:28 48: RemoteBayesFactor.BayesFactorRemote(bayes_threshold=100, bf_data_folder='/panfs/panasas01/phys/bf16951/QMD/ParallelDevelopment/Results/Oct_01/12_39/BayesFactorsTimeRecords/', branchID=6, host_name='node34-027', interbranch=False, log_file='/panfs/panasas01/phys/bf16951/QMD/ParallelDevelopment/Results/Oct_01/12_39/logs/NV-exp-method-sim__random-phase--probe__QMLA_48.qmd.8794645.log', model_a_id=13, model_b_id=14, num_times_to_use=750, port_number=6348, qid=48, times_record='/panfs/panasas01/phys/bf16951/QMD/ParallelDevelopment/Results/Oct_01/12_39/BayesFactorsTimeRecords/BayesFactorsPairsTimes_048.txt', trueModel='xTiPPyTiPPzTiPPzTz') (2203d92d-e33e-4a36-b1a5-593b42019998)
20:26:36 48: Job OK (c3c65c44-5f9b-4502-a5e7-9d186900d6bc)
20:26:36 Result will never expire, clean up result key manually
20:26:36 Cleaning registries for queue: 48
20:26:36 
20:26:36 *** Listening on 48...
20:26:42 48: Job OK (0a753ce0-1b4f-49cb-b5ae-c72d009ac299)
20:26:42 Result will never expire, clean up result key manually
20:26:42 Cleaning registries for queue: 48
20:26:42 
20:26:42 *** Listening on 48...
20:26:44 48: Job OK (2203d92d-e33e-4a36-b1a5-593b42019998)
20:26:44 Result will never expire, clean up result key manually
20:26:44 Cleaning registries for queue: 48
20:26:44 
20:26:44 *** Listening on 48...
20:26:44 48: RemoteModelLearning.learnModelRemote('xTiPPxTxPPxTyPPxTzPPyTiPPyTyPPzTiPPzTz', 16.0, branchID=7, growth_generator='two_qubit_ising_rotation_hyperfine_transverse', host_name='node34-027', log_file='/panfs/panasas01/phys/bf16951/QMD/ParallelDevelopment/Results/Oct_01/12_39/logs/NV-exp-method-sim__random-phase--probe__QMLA_48.qmd.8794645.log', port_number=6348, qid=48, remote=True) (7c4ccc47-6892-4bb7-9144-f98faf05574a)
20:26:44 48: RemoteModelLearning.learnModelRemote('xTiPPxTxPPxTyPPyTiPPyTyPPyTzPPzTiPPzTz', 15.0, branchID=7, growth_generator='two_qubit_ising_rotation_hyperfine_transverse', host_name='node34-027', log_file='/panfs/panasas01/phys/bf16951/QMD/ParallelDevelopment/Results/Oct_01/12_39/logs/NV-exp-method-sim__random-phase--probe__QMLA_48.qmd.8794645.log', port_number=6348, qid=48, remote=True) (10328a88-a62d-484a-b17d-a9dc10cc8bc0)
20:51:28 48: Job OK (7c4ccc47-6892-4bb7-9144-f98faf05574a)
20:51:28 Result will never expire, clean up result key manually
20:51:28 Cleaning registries for queue: 48
20:51:28 
20:51:28 *** Listening on 48...
20:51:52 48: Job OK (10328a88-a62d-484a-b17d-a9dc10cc8bc0)
20:51:52 Result will never expire, clean up result key manually
20:51:52 Cleaning registries for queue: 48
20:51:52 
20:51:52 *** Listening on 48...
20:51:52 48: RemoteBayesFactor.BayesFactorRemote(bayes_threshold=100, bf_data_folder='/panfs/panasas01/phys/bf16951/QMD/ParallelDevelopment/Results/Oct_01/12_39/BayesFactorsTimeRecords/', branchID=7, host_name='node34-027', interbranch=False, log_file='/panfs/panasas01/phys/bf16951/QMD/ParallelDevelopment/Results/Oct_01/12_39/logs/NV-exp-method-sim__random-phase--probe__QMLA_48.qmd.8794645.log', model_a_id=15, model_b_id=16, num_times_to_use=750, port_number=6348, qid=48, times_record='/panfs/panasas01/phys/bf16951/QMD/ParallelDevelopment/Results/Oct_01/12_39/BayesFactorsTimeRecords/BayesFactorsPairsTimes_048.txt', trueModel='xTiPPyTiPPzTiPPzTz') (f470c838-b7d2-43bc-b0f7-b98347cd3fa1)
21:40:24 48: Job OK (f470c838-b7d2-43bc-b0f7-b98347cd3fa1)
21:40:24 Result will never expire, clean up result key manually
21:40:24 Cleaning registries for queue: 48
21:40:24 
21:40:24 *** Listening on 48...
21:40:24 48: RemoteModelLearning.learnModelRemote('xTiPPxTxPPxTyPPxTzPPyTiPPyTyPPyTzPPzTiPPzTz', 17.0, branchID=8, growth_generator='two_qubit_ising_rotation_hyperfine_transverse', host_name='node34-027', log_file='/panfs/panasas01/phys/bf16951/QMD/ParallelDevelopment/Results/Oct_01/12_39/logs/NV-exp-method-sim__random-phase--probe__QMLA_48.qmd.8794645.log', port_number=6348, qid=48, remote=True) (dc05b7f0-d02b-4d77-9cc5-7dd11f7ccbae)
22:05:26 48: Job OK (dc05b7f0-d02b-4d77-9cc5-7dd11f7ccbae)
22:05:26 Result will never expire, clean up result key manually
22:05:26 48: RemoteBayesFactor.BayesFactorRemote(bayes_threshold=100, bf_data_folder='/panfs/panasas01/phys/bf16951/QMD/ParallelDevelopment/Results/Oct_01/12_39/BayesFactorsTimeRecords/', branchID=None, host_name='node34-027', interbranch=True, log_file='/panfs/panasas01/phys/bf16951/QMD/ParallelDevelopment/Results/Oct_01/12_39/logs/NV-exp-method-sim__random-phase--probe__QMLA_48.qmd.8794645.log', model_a_id=2, model_b_id=4, num_times_to_use=750, port_number=6348, qid=48, times_record='/panfs/panasas01/phys/bf16951/QMD/ParallelDevelopment/Results/Oct_01/12_39/BayesFactorsTimeRecords/BayesFactorsPairsTimes_048.txt', trueModel='xTiPPyTiPPzTiPPzTz') (4a07f41e-86e4-42e9-9e3b-ba83b062a6bf)
22:05:26 48: RemoteBayesFactor.BayesFactorRemote(bayes_threshold=100, bf_data_folder='/panfs/panasas01/phys/bf16951/QMD/ParallelDevelopment/Results/Oct_01/12_39/BayesFactorsTimeRecords/', branchID=None, host_name='node34-027', interbranch=True, log_file='/panfs/panasas01/phys/bf16951/QMD/ParallelDevelopment/Results/Oct_01/12_39/logs/NV-exp-method-sim__random-phase--probe__QMLA_48.qmd.8794645.log', model_a_id=4, model_b_id=5, num_times_to_use=750, port_number=6348, qid=48, times_record='/panfs/panasas01/phys/bf16951/QMD/ParallelDevelopment/Results/Oct_01/12_39/BayesFactorsTimeRecords/BayesFactorsPairsTimes_048.txt', trueModel='xTiPPyTiPPzTiPPzTz') (c448171d-0a53-4d76-9a66-76e1b1ff63c4)
22:05:26 48: RemoteBayesFactor.BayesFactorRemote(bayes_threshold=100, bf_data_folder='/panfs/panasas01/phys/bf16951/QMD/ParallelDevelopment/Results/Oct_01/12_39/BayesFactorsTimeRecords/', branchID=None, host_name='node34-027', interbranch=True, log_file='/panfs/panasas01/phys/bf16951/QMD/ParallelDevelopment/Results/Oct_01/12_39/logs/NV-exp-method-sim__random-phase--probe__QMLA_48.qmd.8794645.log', model_a_id=5, model_b_id=6, num_times_to_use=750, port_number=6348, qid=48, times_record='/panfs/panasas01/phys/bf16951/QMD/ParallelDevelopment/Results/Oct_01/12_39/BayesFactorsTimeRecords/BayesFactorsPairsTimes_048.txt', trueModel='xTiPPyTiPPzTiPPzTz') (2338504a-01a1-4de7-a953-5ec72017514c)
22:05:26 48: RemoteBayesFactor.BayesFactorRemote(bayes_threshold=100, bf_data_folder='/panfs/panasas01/phys/bf16951/QMD/ParallelDevelopment/Results/Oct_01/12_39/BayesFactorsTimeRecords/', branchID=None, host_name='node34-027', interbranch=True, log_file='/panfs/panasas01/phys/bf16951/QMD/ParallelDevelopment/Results/Oct_01/12_39/logs/NV-exp-method-sim__random-phase--probe__QMLA_48.qmd.8794645.log', model_a_id=6, model_b_id=10, num_times_to_use=750, port_number=6348, qid=48, times_record='/panfs/panasas01/phys/bf16951/QMD/ParallelDevelopment/Results/Oct_01/12_39/BayesFactorsTimeRecords/BayesFactorsPairsTimes_048.txt', trueModel='xTiPPyTiPPzTiPPzTz') (0ef8fc91-6b71-4287-8c73-df52ad56f427)
22:05:26 Cleaning registries for queue: 48
22:05:26 
22:05:26 *** Listening on 48...
22:05:26 48: RemoteBayesFactor.BayesFactorRemote(bayes_threshold=100, bf_data_folder='/panfs/panasas01/phys/bf16951/QMD/ParallelDevelopment/Results/Oct_01/12_39/BayesFactorsTimeRecords/', branchID=None, host_name='node34-027', interbranch=True, log_file='/panfs/panasas01/phys/bf16951/QMD/ParallelDevelopment/Results/Oct_01/12_39/logs/NV-exp-method-sim__random-phase--probe__QMLA_48.qmd.8794645.log', model_a_id=10, model_b_id=11, num_times_to_use=750, port_number=6348, qid=48, times_record='/panfs/panasas01/phys/bf16951/QMD/ParallelDevelopment/Results/Oct_01/12_39/BayesFactorsTimeRecords/BayesFactorsPairsTimes_048.txt', trueModel='xTiPPyTiPPzTiPPzTz') (ff5f326f-2d28-4e3b-9b92-efe0f3b7ee24)
22:05:26 48: RemoteBayesFactor.BayesFactorRemote(bayes_threshold=100, bf_data_folder='/panfs/panasas01/phys/bf16951/QMD/ParallelDevelopment/Results/Oct_01/12_39/BayesFactorsTimeRecords/', branchID=None, host_name='node34-027', interbranch=True, log_file='/panfs/panasas01/phys/bf16951/QMD/ParallelDevelopment/Results/Oct_01/12_39/logs/NV-exp-method-sim__random-phase--probe__QMLA_48.qmd.8794645.log', model_a_id=11, model_b_id=13, num_times_to_use=750, port_number=6348, qid=48, times_record='/panfs/panasas01/phys/bf16951/QMD/ParallelDevelopment/Results/Oct_01/12_39/BayesFactorsTimeRecords/BayesFactorsPairsTimes_048.txt', trueModel='xTiPPyTiPPzTiPPzTz') (65990b35-b97f-4262-837c-a28fbe1bd054)
22:57:20 48: Job OK (ff5f326f-2d28-4e3b-9b92-efe0f3b7ee24)
22:57:20 Result will never expire, clean up result key manually
22:57:20 Cleaning registries for queue: 48
22:57:20 
22:57:20 *** Listening on 48...
22:57:20 48: RemoteBayesFactor.BayesFactorRemote(bayes_threshold=100, bf_data_folder='/panfs/panasas01/phys/bf16951/QMD/ParallelDevelopment/Results/Oct_01/12_39/BayesFactorsTimeRecords/', branchID=None, host_name='node34-027', interbranch=True, log_file='/panfs/panasas01/phys/bf16951/QMD/ParallelDevelopment/Results/Oct_01/12_39/logs/NV-exp-method-sim__random-phase--probe__QMLA_48.qmd.8794645.log', model_a_id=13, model_b_id=16, num_times_to_use=750, port_number=6348, qid=48, times_record='/panfs/panasas01/phys/bf16951/QMD/ParallelDevelopment/Results/Oct_01/12_39/BayesFactorsTimeRecords/BayesFactorsPairsTimes_048.txt', trueModel='xTiPPyTiPPzTiPPzTz') (2843753a-bf3f-4cc5-99f6-7753f2157481)
22:57:35 48: Job OK (0ef8fc91-6b71-4287-8c73-df52ad56f427)
22:57:35 Result will never expire, clean up result key manually
22:57:35 Cleaning registries for queue: 48
22:57:35 
22:57:35 *** Listening on 48...
22:57:35 48: RemoteBayesFactor.BayesFactorRemote(bayes_threshold=100, bf_data_folder='/panfs/panasas01/phys/bf16951/QMD/ParallelDevelopment/Results/Oct_01/12_39/BayesFactorsTimeRecords/', branchID=None, host_name='node34-027', interbranch=True, log_file='/panfs/panasas01/phys/bf16951/QMD/ParallelDevelopment/Results/Oct_01/12_39/logs/NV-exp-method-sim__random-phase--probe__QMLA_48.qmd.8794645.log', model_a_id=16, model_b_id=17, num_times_to_use=750, port_number=6348, qid=48, times_record='/panfs/panasas01/phys/bf16951/QMD/ParallelDevelopment/Results/Oct_01/12_39/BayesFactorsTimeRecords/BayesFactorsPairsTimes_048.txt', trueModel='xTiPPyTiPPzTiPPzTz') (cbec3dd5-e002-48ad-9695-00dd82cfcc18)
22:57:58 48: Job OK (c448171d-0a53-4d76-9a66-76e1b1ff63c4)
22:57:58 Result will never expire, clean up result key manually
22:57:58 Cleaning registries for queue: 48
22:57:58 
22:57:58 *** Listening on 48...
22:58:24 48: Job OK (65990b35-b97f-4262-837c-a28fbe1bd054)
22:58:24 Result will never expire, clean up result key manually
22:58:24 
22:58:24 *** Listening on 48...
22:59:03 48: Job OK (2338504a-01a1-4de7-a953-5ec72017514c)
22:59:03 Result will never expire, clean up result key manually
22:59:03 Cleaning registries for queue: 48
22:59:03 
22:59:03 *** Listening on 48...
23:05:54 48: Job OK (4a07f41e-86e4-42e9-9e3b-ba83b062a6bf)
23:05:54 Result will never expire, clean up result key manually
23:05:54 Cleaning registries for queue: 48
23:05:54 
23:05:54 *** Listening on 48...
23:46:36 48: Job OK (cbec3dd5-e002-48ad-9695-00dd82cfcc18)
23:46:36 Result will never expire, clean up result key manually
23:46:36 
23:46:36 *** Listening on 48...
23:47:52 48: Job OK (2843753a-bf3f-4cc5-99f6-7753f2157481)
23:47:52 Result will never expire, clean up result key manually
23:47:52 
23:47:52 *** Listening on 48...
23:47:52 48: RemoteBayesFactor.BayesFactorRemote(bayes_threshold=100, bf_data_folder='/panfs/panasas01/phys/bf16951/QMD/ParallelDevelopment/Results/Oct_01/12_39/BayesFactorsTimeRecords/', branchID=9, host_name='node34-027', interbranch=False, log_file='/panfs/panasas01/phys/bf16951/QMD/ParallelDevelopment/Results/Oct_01/12_39/logs/NV-exp-method-sim__random-phase--probe__QMLA_48.qmd.8794645.log', model_a_id=4.0, model_b_id=6.0, num_times_to_use=750, port_number=6348, qid=48, times_record='/panfs/panasas01/phys/bf16951/QMD/ParallelDevelopment/Results/Oct_01/12_39/BayesFactorsTimeRecords/BayesFactorsPairsTimes_048.txt', trueModel='xTiPPyTiPPzTiPPzTz') (5bc10a3d-d416-4016-84ed-ec910b30c5e4)
23:47:52 48: RemoteBayesFactor.BayesFactorRemote(bayes_threshold=100, bf_data_folder='/panfs/panasas01/phys/bf16951/QMD/ParallelDevelopment/Results/Oct_01/12_39/BayesFactorsTimeRecords/', branchID=9, host_name='node34-027', interbranch=False, log_file='/panfs/panasas01/phys/bf16951/QMD/ParallelDevelopment/Results/Oct_01/12_39/logs/NV-exp-method-sim__random-phase--probe__QMLA_48.qmd.8794645.log', model_a_id=6.0, model_b_id=16.0, num_times_to_use=750, port_number=6348, qid=48, times_record='/panfs/panasas01/phys/bf16951/QMD/ParallelDevelopment/Results/Oct_01/12_39/BayesFactorsTimeRecords/BayesFactorsPairsTimes_048.txt', trueModel='xTiPPyTiPPzTiPPzTz') (345e34fb-b525-42d6-a051-d4c6a1d425d1)
23:47:52 48: RemoteBayesFactor.BayesFactorRemote(bayes_threshold=100, bf_data_folder='/panfs/panasas01/phys/bf16951/QMD/ParallelDevelopment/Results/Oct_01/12_39/BayesFactorsTimeRecords/', branchID=9, host_name='node34-027', interbranch=False, log_file='/panfs/panasas01/phys/bf16951/QMD/ParallelDevelopment/Results/Oct_01/12_39/logs/NV-exp-method-sim__random-phase--probe__QMLA_48.qmd.8794645.log', model_a_id=13.0, model_b_id=4.0, num_times_to_use=750, port_number=6348, qid=48, times_record='/panfs/panasas01/phys/bf16951/QMD/ParallelDevelopment/Results/Oct_01/12_39/BayesFactorsTimeRecords/BayesFactorsPairsTimes_048.txt', trueModel='xTiPPyTiPPzTiPPzTz') (47422262-7dd4-4608-999b-97fc08b2f799)
23:47:52 48: RemoteBayesFactor.BayesFactorRemote(bayes_threshold=100, bf_data_folder='/panfs/panasas01/phys/bf16951/QMD/ParallelDevelopment/Results/Oct_01/12_39/BayesFactorsTimeRecords/', branchID=9, host_name='node34-027', interbranch=False, log_file='/panfs/panasas01/phys/bf16951/QMD/ParallelDevelopment/Results/Oct_01/12_39/logs/NV-exp-method-sim__random-phase--probe__QMLA_48.qmd.8794645.log', model_a_id=13.0, model_b_id=6.0, num_times_to_use=750, port_number=6348, qid=48, times_record='/panfs/panasas01/phys/bf16951/QMD/ParallelDevelopment/Results/Oct_01/12_39/BayesFactorsTimeRecords/BayesFactorsPairsTimes_048.txt', trueModel='xTiPPyTiPPzTiPPzTz') (21326e04-f430-46c2-9fab-ac558963adcd)
23:47:52 48: RemoteBayesFactor.BayesFactorRemote(bayes_threshold=100, bf_data_folder='/panfs/panasas01/phys/bf16951/QMD/ParallelDevelopment/Results/Oct_01/12_39/BayesFactorsTimeRecords/', branchID=9, host_name='node34-027', interbranch=False, log_file='/panfs/panasas01/phys/bf16951/QMD/ParallelDevelopment/Results/Oct_01/12_39/logs/NV-exp-method-sim__random-phase--probe__QMLA_48.qmd.8794645.log', model_a_id=4.0, model_b_id=16.0, num_times_to_use=750, port_number=6348, qid=48, times_record='/panfs/panasas01/phys/bf16951/QMD/ParallelDevelopment/Results/Oct_01/12_39/BayesFactorsTimeRecords/BayesFactorsPairsTimes_048.txt', trueModel='xTiPPyTiPPzTiPPzTz') (87e5a3db-2a06-4d4c-8384-6ce0ac4f4fdd)
00:40:31 48: Job OK (87e5a3db-2a06-4d4c-8384-6ce0ac4f4fdd)
00:40:31 Result will never expire, clean up result key manually
00:40:31 Cleaning registries for queue: 48
00:40:31 
00:40:31 *** Listening on 48...
00:40:50 48: Job OK (47422262-7dd4-4608-999b-97fc08b2f799)
00:40:50 Result will never expire, clean up result key manually
00:40:50 Cleaning registries for queue: 48
00:40:50 
00:40:50 *** Listening on 48...
00:41:31 48: Job OK (5bc10a3d-d416-4016-84ed-ec910b30c5e4)
00:41:31 Result will never expire, clean up result key manually
00:41:31 Cleaning registries for queue: 48
00:41:31 
00:41:31 *** Listening on 48...
00:41:48 48: Job OK (345e34fb-b525-42d6-a051-d4c6a1d425d1)
00:41:48 Result will never expire, clean up result key manually
00:41:48 Cleaning registries for queue: 48
00:41:48 
00:41:48 *** Listening on 48...
00:42:28 48: Job OK (21326e04-f430-46c2-9fab-ac558963adcd)
00:42:28 Result will never expire, clean up result key manually
00:42:28 Cleaning registries for queue: 48
00:42:28 
00:42:28 *** Listening on 48...
Error 111 connecting to node34-027:6348. Connection refused.
Error 111 connecting to node34-027:6348. Connection refused.
Error 111 connecting to node34-027:6348. Connection refused.
Error 111 connecting to node34-027:6348. Connection refused.
Error 111 connecting to node34-027:6348. Connection refused.
Error 111 connecting to node34-027:6348. Connection refused.
