12:40:59 RQ worker 'rq:worker:node34-018.101889' started, version 0.8.1
12:40:59 RQ worker 'rq:worker:node34-018.101890' started, version 0.8.1
12:40:59 RQ worker 'rq:worker:node34-018.101891' started, version 0.8.1
12:40:59 RQ worker 'rq:worker:node34-018.101894' started, version 0.8.1
12:40:59 RQ worker 'rq:worker:node34-018.101892' started, version 0.8.1
12:40:59 Cleaning registries for queue: 5
12:40:59 Cleaning registries for queue: 5
12:40:59 Cleaning registries for queue: 5
12:40:59 Cleaning registries for queue: 5
12:40:59 Cleaning registries for queue: 5
12:40:59 
12:40:59 
12:40:59 
12:40:59 
12:40:59 
12:40:59 *** Listening on 5...
12:40:59 *** Listening on 5...
12:40:59 *** Listening on 5...
12:40:59 *** Listening on 5...
12:40:59 RQ worker 'rq:worker:node34-018.101893' started, version 0.8.1
12:40:59 *** Listening on 5...
12:40:59 Cleaning registries for queue: 5
12:40:59 
12:40:59 *** Listening on 5...
12:41:11 5: RemoteModelLearning.learnModelRemote('yTi', 1.0, branchID=0, growth_generator='two_qubit_ising_rotation_hyperfine_transverse', host_name='node34-018', log_file='/panfs/panasas01/phys/bf16951/QMD/ParallelDevelopment/Results/Oct_01/12_39/logs/NV-exp-method-sim__random-phase--probe__QMLA_5.qmd.8794602.log', port_number=6305, qid=5, remote=True) (8823bd3a-f769-4135-ab94-988e85a4975c)
12:41:11 5: RemoteModelLearning.learnModelRemote('zTi', 2.0, branchID=0, growth_generator='two_qubit_ising_rotation_hyperfine_transverse', host_name='node34-018', log_file='/panfs/panasas01/phys/bf16951/QMD/ParallelDevelopment/Results/Oct_01/12_39/logs/NV-exp-method-sim__random-phase--probe__QMLA_5.qmd.8794602.log', port_number=6305, qid=5, remote=True) (9de0f99a-24f5-4a34-abe1-7cb311f866a5)
12:41:11 5: RemoteModelLearning.learnModelRemote('xTi', 0.0, branchID=0, growth_generator='two_qubit_ising_rotation_hyperfine_transverse', host_name='node34-018', log_file='/panfs/panasas01/phys/bf16951/QMD/ParallelDevelopment/Results/Oct_01/12_39/logs/NV-exp-method-sim__random-phase--probe__QMLA_5.qmd.8794602.log', port_number=6305, qid=5, remote=True) (826e4810-8bb7-4ef6-8ee5-36b34602b5d1)
13:07:21 5: Job OK (826e4810-8bb7-4ef6-8ee5-36b34602b5d1)
13:07:21 Result will never expire, clean up result key manually
13:07:21 
13:07:21 *** Listening on 5...
13:07:49 5: Job OK (8823bd3a-f769-4135-ab94-988e85a4975c)
13:07:49 Result will never expire, clean up result key manually
13:07:49 
13:07:49 *** Listening on 5...
13:12:09 5: Job OK (9de0f99a-24f5-4a34-abe1-7cb311f866a5)
13:12:09 Result will never expire, clean up result key manually
13:12:09 
13:12:09 *** Listening on 5...
13:12:09 5: RemoteBayesFactor.BayesFactorRemote(bayes_threshold=100, bf_data_folder='/panfs/panasas01/phys/bf16951/QMD/ParallelDevelopment/Results/Oct_01/12_39/BayesFactorsTimeRecords/', branchID=0, host_name='node34-018', interbranch=False, log_file='/panfs/panasas01/phys/bf16951/QMD/ParallelDevelopment/Results/Oct_01/12_39/logs/NV-exp-method-sim__random-phase--probe__QMLA_5.qmd.8794602.log', model_a_id=0, model_b_id=1, num_times_to_use=750, port_number=6305, qid=5, times_record='/panfs/panasas01/phys/bf16951/QMD/ParallelDevelopment/Results/Oct_01/12_39/BayesFactorsTimeRecords/BayesFactorsPairsTimes_005.txt', trueModel='xTiPPyTiPPzTiPPzTz') (cb6d42dc-4e4a-4d2c-afe3-768ed8aa3c7e)
13:12:09 5: RemoteBayesFactor.BayesFactorRemote(bayes_threshold=100, bf_data_folder='/panfs/panasas01/phys/bf16951/QMD/ParallelDevelopment/Results/Oct_01/12_39/BayesFactorsTimeRecords/', branchID=0, host_name='node34-018', interbranch=False, log_file='/panfs/panasas01/phys/bf16951/QMD/ParallelDevelopment/Results/Oct_01/12_39/logs/NV-exp-method-sim__random-phase--probe__QMLA_5.qmd.8794602.log', model_a_id=0, model_b_id=2, num_times_to_use=750, port_number=6305, qid=5, times_record='/panfs/panasas01/phys/bf16951/QMD/ParallelDevelopment/Results/Oct_01/12_39/BayesFactorsTimeRecords/BayesFactorsPairsTimes_005.txt', trueModel='xTiPPyTiPPzTiPPzTz') (9a630fc8-ad2a-4e4f-85ce-7e2e3fe2f50c)
13:12:09 5: RemoteBayesFactor.BayesFactorRemote(bayes_threshold=100, bf_data_folder='/panfs/panasas01/phys/bf16951/QMD/ParallelDevelopment/Results/Oct_01/12_39/BayesFactorsTimeRecords/', branchID=0, host_name='node34-018', interbranch=False, log_file='/panfs/panasas01/phys/bf16951/QMD/ParallelDevelopment/Results/Oct_01/12_39/logs/NV-exp-method-sim__random-phase--probe__QMLA_5.qmd.8794602.log', model_a_id=1, model_b_id=2, num_times_to_use=750, port_number=6305, qid=5, times_record='/panfs/panasas01/phys/bf16951/QMD/ParallelDevelopment/Results/Oct_01/12_39/BayesFactorsTimeRecords/BayesFactorsPairsTimes_005.txt', trueModel='xTiPPyTiPPzTiPPzTz') (2fdf2f90-5fdd-47d7-bb2f-fd5581bba355)
14:03:44 5: Job OK (cb6d42dc-4e4a-4d2c-afe3-768ed8aa3c7e)
14:03:44 Result will never expire, clean up result key manually
14:03:44 Cleaning registries for queue: 5
14:03:44 
14:03:44 *** Listening on 5...
14:13:01 5: Job OK (9a630fc8-ad2a-4e4f-85ce-7e2e3fe2f50c)
14:13:01 Result will never expire, clean up result key manually
14:13:01 Cleaning registries for queue: 5
14:13:01 
14:13:01 *** Listening on 5...
14:19:49 5: Job OK (2fdf2f90-5fdd-47d7-bb2f-fd5581bba355)
14:19:49 Result will never expire, clean up result key manually
14:19:49 Cleaning registries for queue: 5
14:19:49 
14:19:49 *** Listening on 5...
14:19:49 5: RemoteModelLearning.learnModelRemote('yTiPPzTi', 3.0, branchID=1, growth_generator='two_qubit_ising_rotation_hyperfine_transverse', host_name='node34-018', log_file='/panfs/panasas01/phys/bf16951/QMD/ParallelDevelopment/Results/Oct_01/12_39/logs/NV-exp-method-sim__random-phase--probe__QMLA_5.qmd.8794602.log', port_number=6305, qid=5, remote=True) (a06a64d1-fe75-4157-a9d6-a50dab9cb335)
14:19:49 5: RemoteModelLearning.learnModelRemote('xTiPPzTi', 4.0, branchID=1, growth_generator='two_qubit_ising_rotation_hyperfine_transverse', host_name='node34-018', log_file='/panfs/panasas01/phys/bf16951/QMD/ParallelDevelopment/Results/Oct_01/12_39/logs/NV-exp-method-sim__random-phase--probe__QMLA_5.qmd.8794602.log', port_number=6305, qid=5, remote=True) (2b4be26d-37fb-48d5-8527-083fd088dbf8)
14:46:38 5: Job OK (2b4be26d-37fb-48d5-8527-083fd088dbf8)
14:46:38 Result will never expire, clean up result key manually
14:46:38 Cleaning registries for queue: 5
14:46:38 
14:46:38 *** Listening on 5...
14:47:21 5: Job OK (a06a64d1-fe75-4157-a9d6-a50dab9cb335)
14:47:21 Result will never expire, clean up result key manually
14:47:21 
14:47:21 *** Listening on 5...
14:47:22 5: RemoteBayesFactor.BayesFactorRemote(bayes_threshold=100, bf_data_folder='/panfs/panasas01/phys/bf16951/QMD/ParallelDevelopment/Results/Oct_01/12_39/BayesFactorsTimeRecords/', branchID=1, host_name='node34-018', interbranch=False, log_file='/panfs/panasas01/phys/bf16951/QMD/ParallelDevelopment/Results/Oct_01/12_39/logs/NV-exp-method-sim__random-phase--probe__QMLA_5.qmd.8794602.log', model_a_id=3, model_b_id=4, num_times_to_use=750, port_number=6305, qid=5, times_record='/panfs/panasas01/phys/bf16951/QMD/ParallelDevelopment/Results/Oct_01/12_39/BayesFactorsTimeRecords/BayesFactorsPairsTimes_005.txt', trueModel='xTiPPyTiPPzTiPPzTz') (a0084a5d-0c4e-491a-a68f-abd9434d7882)
15:38:45 5: Job OK (a0084a5d-0c4e-491a-a68f-abd9434d7882)
15:38:45 Result will never expire, clean up result key manually
15:38:45 Cleaning registries for queue: 5
15:38:45 
15:38:45 *** Listening on 5...
15:38:45 5: RemoteModelLearning.learnModelRemote('xTiPPyTiPPzTi', 5.0, branchID=2, growth_generator='two_qubit_ising_rotation_hyperfine_transverse', host_name='node34-018', log_file='/panfs/panasas01/phys/bf16951/QMD/ParallelDevelopment/Results/Oct_01/12_39/logs/NV-exp-method-sim__random-phase--probe__QMLA_5.qmd.8794602.log', port_number=6305, qid=5, remote=True) (667a2284-5f38-4db0-bf90-fbc6336abfd6)
16:05:41 5: Job OK (667a2284-5f38-4db0-bf90-fbc6336abfd6)
16:05:41 Result will never expire, clean up result key manually
16:05:41 Cleaning registries for queue: 5
16:05:41 
16:05:41 *** Listening on 5...
16:05:41 5: RemoteModelLearning.learnModelRemote('xTiPPyTiPPzTiPPzTz', 6.0, branchID=3, growth_generator='two_qubit_ising_rotation_hyperfine_transverse', host_name='node34-018', log_file='/panfs/panasas01/phys/bf16951/QMD/ParallelDevelopment/Results/Oct_01/12_39/logs/NV-exp-method-sim__random-phase--probe__QMLA_5.qmd.8794602.log', port_number=6305, qid=5, remote=True) (bfa40b65-ab5e-409f-91d7-b3c6a368a8b2)
16:05:41 5: RemoteModelLearning.learnModelRemote('xTiPPyTiPPyTyPPzTi', 8.0, branchID=3, growth_generator='two_qubit_ising_rotation_hyperfine_transverse', host_name='node34-018', log_file='/panfs/panasas01/phys/bf16951/QMD/ParallelDevelopment/Results/Oct_01/12_39/logs/NV-exp-method-sim__random-phase--probe__QMLA_5.qmd.8794602.log', port_number=6305, qid=5, remote=True) (edbd8b61-ae02-445d-9c82-7ada173e0cd7)
16:05:41 5: RemoteModelLearning.learnModelRemote('xTiPPxTxPPyTiPPzTi', 7.0, branchID=3, growth_generator='two_qubit_ising_rotation_hyperfine_transverse', host_name='node34-018', log_file='/panfs/panasas01/phys/bf16951/QMD/ParallelDevelopment/Results/Oct_01/12_39/logs/NV-exp-method-sim__random-phase--probe__QMLA_5.qmd.8794602.log', port_number=6305, qid=5, remote=True) (bb167182-443d-4e2c-9d0f-fe2bd5b4d6c7)
16:31:39 5: Job OK (edbd8b61-ae02-445d-9c82-7ada173e0cd7)
16:31:39 Result will never expire, clean up result key manually
16:31:39 
16:31:39 *** Listening on 5...
16:32:01 5: Job OK (bfa40b65-ab5e-409f-91d7-b3c6a368a8b2)
16:32:01 Result will never expire, clean up result key manually
16:32:01 Cleaning registries for queue: 5
16:32:01 
16:32:01 *** Listening on 5...
16:32:38 5: Job OK (bb167182-443d-4e2c-9d0f-fe2bd5b4d6c7)
16:32:38 Result will never expire, clean up result key manually
16:32:38 Cleaning registries for queue: 5
16:32:38 
16:32:38 *** Listening on 5...
16:32:39 5: RemoteBayesFactor.BayesFactorRemote(bayes_threshold=100, bf_data_folder='/panfs/panasas01/phys/bf16951/QMD/ParallelDevelopment/Results/Oct_01/12_39/BayesFactorsTimeRecords/', branchID=3, host_name='node34-018', interbranch=False, log_file='/panfs/panasas01/phys/bf16951/QMD/ParallelDevelopment/Results/Oct_01/12_39/logs/NV-exp-method-sim__random-phase--probe__QMLA_5.qmd.8794602.log', model_a_id=6, model_b_id=8, num_times_to_use=750, port_number=6305, qid=5, times_record='/panfs/panasas01/phys/bf16951/QMD/ParallelDevelopment/Results/Oct_01/12_39/BayesFactorsTimeRecords/BayesFactorsPairsTimes_005.txt', trueModel='xTiPPyTiPPzTiPPzTz') (cba9e558-6c23-41ba-8ede-ab2be7bea9d7)
16:32:39 5: RemoteBayesFactor.BayesFactorRemote(bayes_threshold=100, bf_data_folder='/panfs/panasas01/phys/bf16951/QMD/ParallelDevelopment/Results/Oct_01/12_39/BayesFactorsTimeRecords/', branchID=3, host_name='node34-018', interbranch=False, log_file='/panfs/panasas01/phys/bf16951/QMD/ParallelDevelopment/Results/Oct_01/12_39/logs/NV-exp-method-sim__random-phase--probe__QMLA_5.qmd.8794602.log', model_a_id=6, model_b_id=7, num_times_to_use=750, port_number=6305, qid=5, times_record='/panfs/panasas01/phys/bf16951/QMD/ParallelDevelopment/Results/Oct_01/12_39/BayesFactorsTimeRecords/BayesFactorsPairsTimes_005.txt', trueModel='xTiPPyTiPPzTiPPzTz') (876fb37d-50c6-4c73-9e49-7044e9aa88c3)
16:32:39 5: RemoteBayesFactor.BayesFactorRemote(bayes_threshold=100, bf_data_folder='/panfs/panasas01/phys/bf16951/QMD/ParallelDevelopment/Results/Oct_01/12_39/BayesFactorsTimeRecords/', branchID=3, host_name='node34-018', interbranch=False, log_file='/panfs/panasas01/phys/bf16951/QMD/ParallelDevelopment/Results/Oct_01/12_39/logs/NV-exp-method-sim__random-phase--probe__QMLA_5.qmd.8794602.log', model_a_id=7, model_b_id=8, num_times_to_use=750, port_number=6305, qid=5, times_record='/panfs/panasas01/phys/bf16951/QMD/ParallelDevelopment/Results/Oct_01/12_39/BayesFactorsTimeRecords/BayesFactorsPairsTimes_005.txt', trueModel='xTiPPyTiPPzTiPPzTz') (a3a3946e-e73e-41e2-8e78-91cad86cfb93)
17:27:01 5: Job OK (cba9e558-6c23-41ba-8ede-ab2be7bea9d7)
17:27:01 Result will never expire, clean up result key manually
17:27:01 Cleaning registries for queue: 5
17:27:01 
17:27:01 *** Listening on 5...
17:27:05 5: Job OK (876fb37d-50c6-4c73-9e49-7044e9aa88c3)
17:27:05 Result will never expire, clean up result key manually
17:27:05 Cleaning registries for queue: 5
17:27:05 
17:27:05 *** Listening on 5...
17:28:04 5: Job OK (a3a3946e-e73e-41e2-8e78-91cad86cfb93)
17:28:04 Result will never expire, clean up result key manually
17:28:04 Cleaning registries for queue: 5
17:28:04 
17:28:04 *** Listening on 5...
17:28:04 5: RemoteModelLearning.learnModelRemote('xTiPPxTxPPyTiPPzTiPPzTz', 9.0, branchID=4, growth_generator='two_qubit_ising_rotation_hyperfine_transverse', host_name='node34-018', log_file='/panfs/panasas01/phys/bf16951/QMD/ParallelDevelopment/Results/Oct_01/12_39/logs/NV-exp-method-sim__random-phase--probe__QMLA_5.qmd.8794602.log', port_number=6305, qid=5, remote=True) (0dbcf949-dcd4-42e5-afa6-b1370d2ec8cb)
17:28:04 5: RemoteModelLearning.learnModelRemote('xTiPPyTiPPyTyPPzTiPPzTz', 10.0, branchID=4, growth_generator='two_qubit_ising_rotation_hyperfine_transverse', host_name='node34-018', log_file='/panfs/panasas01/phys/bf16951/QMD/ParallelDevelopment/Results/Oct_01/12_39/logs/NV-exp-method-sim__random-phase--probe__QMLA_5.qmd.8794602.log', port_number=6305, qid=5, remote=True) (b46f85d4-5861-43b8-a8f2-f3bf71b165b9)
17:55:17 5: Job OK (0dbcf949-dcd4-42e5-afa6-b1370d2ec8cb)
17:55:17 Result will never expire, clean up result key manually
17:55:17 Cleaning registries for queue: 5
17:55:17 
17:55:17 *** Listening on 5...
17:55:38 5: Job OK (b46f85d4-5861-43b8-a8f2-f3bf71b165b9)
17:55:38 Result will never expire, clean up result key manually
17:55:38 Cleaning registries for queue: 5
17:55:38 
17:55:38 *** Listening on 5...
17:55:38 5: RemoteBayesFactor.BayesFactorRemote(bayes_threshold=100, bf_data_folder='/panfs/panasas01/phys/bf16951/QMD/ParallelDevelopment/Results/Oct_01/12_39/BayesFactorsTimeRecords/', branchID=4, host_name='node34-018', interbranch=False, log_file='/panfs/panasas01/phys/bf16951/QMD/ParallelDevelopment/Results/Oct_01/12_39/logs/NV-exp-method-sim__random-phase--probe__QMLA_5.qmd.8794602.log', model_a_id=9, model_b_id=10, num_times_to_use=750, port_number=6305, qid=5, times_record='/panfs/panasas01/phys/bf16951/QMD/ParallelDevelopment/Results/Oct_01/12_39/BayesFactorsTimeRecords/BayesFactorsPairsTimes_005.txt', trueModel='xTiPPyTiPPzTiPPzTz') (09b46573-5d09-4f60-bc1f-65c7375b505b)
18:50:23 5: Job OK (09b46573-5d09-4f60-bc1f-65c7375b505b)
18:50:23 Result will never expire, clean up result key manually
18:50:23 Cleaning registries for queue: 5
18:50:23 
18:50:23 *** Listening on 5...
18:50:23 5: RemoteModelLearning.learnModelRemote('xTiPPxTxPPyTiPPyTyPPzTiPPzTz', 11.0, branchID=5, growth_generator='two_qubit_ising_rotation_hyperfine_transverse', host_name='node34-018', log_file='/panfs/panasas01/phys/bf16951/QMD/ParallelDevelopment/Results/Oct_01/12_39/logs/NV-exp-method-sim__random-phase--probe__QMLA_5.qmd.8794602.log', port_number=6305, qid=5, remote=True) (d3bb42f5-519b-46f5-aa4d-89bf41ee70eb)
19:18:17 5: Job OK (d3bb42f5-519b-46f5-aa4d-89bf41ee70eb)
19:18:17 Result will never expire, clean up result key manually
19:18:17 Cleaning registries for queue: 5
19:18:17 
19:18:17 *** Listening on 5...
19:18:18 5: RemoteModelLearning.learnModelRemote('xTiPPxTxPPxTyPPyTiPPyTyPPzTiPPzTz', 12.0, branchID=6, growth_generator='two_qubit_ising_rotation_hyperfine_transverse', host_name='node34-018', log_file='/panfs/panasas01/phys/bf16951/QMD/ParallelDevelopment/Results/Oct_01/12_39/logs/NV-exp-method-sim__random-phase--probe__QMLA_5.qmd.8794602.log', port_number=6305, qid=5, remote=True) (0539ca3c-2217-453f-829c-6055c9e205a2)
19:18:18 5: RemoteModelLearning.learnModelRemote('xTiPPxTxPPyTiPPyTyPPyTzPPzTiPPzTz', 14.0, branchID=6, growth_generator='two_qubit_ising_rotation_hyperfine_transverse', host_name='node34-018', log_file='/panfs/panasas01/phys/bf16951/QMD/ParallelDevelopment/Results/Oct_01/12_39/logs/NV-exp-method-sim__random-phase--probe__QMLA_5.qmd.8794602.log', port_number=6305, qid=5, remote=True) (d085f083-9728-42cb-9219-47743450e1d2)
19:18:18 5: RemoteModelLearning.learnModelRemote('xTiPPxTxPPxTzPPyTiPPyTyPPzTiPPzTz', 13.0, branchID=6, growth_generator='two_qubit_ising_rotation_hyperfine_transverse', host_name='node34-018', log_file='/panfs/panasas01/phys/bf16951/QMD/ParallelDevelopment/Results/Oct_01/12_39/logs/NV-exp-method-sim__random-phase--probe__QMLA_5.qmd.8794602.log', port_number=6305, qid=5, remote=True) (d97b44a7-2f49-42db-a7ab-541c0b13caae)
19:47:08 5: Job OK (0539ca3c-2217-453f-829c-6055c9e205a2)
19:47:08 Result will never expire, clean up result key manually
19:47:08 Cleaning registries for queue: 5
19:47:08 
19:47:08 *** Listening on 5...
19:47:13 5: Job OK (d97b44a7-2f49-42db-a7ab-541c0b13caae)
19:47:13 Result will never expire, clean up result key manually
19:47:13 Cleaning registries for queue: 5
19:47:13 
19:47:13 *** Listening on 5...
19:47:42 5: Job OK (d085f083-9728-42cb-9219-47743450e1d2)
19:47:42 Result will never expire, clean up result key manually
19:47:42 
19:47:42 *** Listening on 5...
19:47:42 5: RemoteBayesFactor.BayesFactorRemote(bayes_threshold=100, bf_data_folder='/panfs/panasas01/phys/bf16951/QMD/ParallelDevelopment/Results/Oct_01/12_39/BayesFactorsTimeRecords/', branchID=6, host_name='node34-018', interbranch=False, log_file='/panfs/panasas01/phys/bf16951/QMD/ParallelDevelopment/Results/Oct_01/12_39/logs/NV-exp-method-sim__random-phase--probe__QMLA_5.qmd.8794602.log', model_a_id=12, model_b_id=13, num_times_to_use=750, port_number=6305, qid=5, times_record='/panfs/panasas01/phys/bf16951/QMD/ParallelDevelopment/Results/Oct_01/12_39/BayesFactorsTimeRecords/BayesFactorsPairsTimes_005.txt', trueModel='xTiPPyTiPPzTiPPzTz') (7adcd51f-7b7b-4fe8-8d66-b1e6173f2ab0)
19:47:42 5: RemoteBayesFactor.BayesFactorRemote(bayes_threshold=100, bf_data_folder='/panfs/panasas01/phys/bf16951/QMD/ParallelDevelopment/Results/Oct_01/12_39/BayesFactorsTimeRecords/', branchID=6, host_name='node34-018', interbranch=False, log_file='/panfs/panasas01/phys/bf16951/QMD/ParallelDevelopment/Results/Oct_01/12_39/logs/NV-exp-method-sim__random-phase--probe__QMLA_5.qmd.8794602.log', model_a_id=13, model_b_id=14, num_times_to_use=750, port_number=6305, qid=5, times_record='/panfs/panasas01/phys/bf16951/QMD/ParallelDevelopment/Results/Oct_01/12_39/BayesFactorsTimeRecords/BayesFactorsPairsTimes_005.txt', trueModel='xTiPPyTiPPzTiPPzTz') (ec3afd85-251e-4fb8-8940-91452cd191f4)
19:47:42 5: RemoteBayesFactor.BayesFactorRemote(bayes_threshold=100, bf_data_folder='/panfs/panasas01/phys/bf16951/QMD/ParallelDevelopment/Results/Oct_01/12_39/BayesFactorsTimeRecords/', branchID=6, host_name='node34-018', interbranch=False, log_file='/panfs/panasas01/phys/bf16951/QMD/ParallelDevelopment/Results/Oct_01/12_39/logs/NV-exp-method-sim__random-phase--probe__QMLA_5.qmd.8794602.log', model_a_id=12, model_b_id=14, num_times_to_use=750, port_number=6305, qid=5, times_record='/panfs/panasas01/phys/bf16951/QMD/ParallelDevelopment/Results/Oct_01/12_39/BayesFactorsTimeRecords/BayesFactorsPairsTimes_005.txt', trueModel='xTiPPyTiPPzTiPPzTz') (d2bb7cf4-b9cf-4b96-8e85-b212231fc967)
20:44:00 5: Job OK (ec3afd85-251e-4fb8-8940-91452cd191f4)
20:44:00 Result will never expire, clean up result key manually
20:44:00 Cleaning registries for queue: 5
20:44:00 
20:44:00 *** Listening on 5...
20:44:45 5: Job OK (d2bb7cf4-b9cf-4b96-8e85-b212231fc967)
20:44:45 Result will never expire, clean up result key manually
20:44:45 Cleaning registries for queue: 5
20:44:45 
20:44:45 *** Listening on 5...
20:44:48 5: Job OK (7adcd51f-7b7b-4fe8-8d66-b1e6173f2ab0)
20:44:48 Result will never expire, clean up result key manually
20:44:48 Cleaning registries for queue: 5
20:44:48 
20:44:48 *** Listening on 5...
20:44:48 5: RemoteModelLearning.learnModelRemote('xTiPPxTxPPxTyPPyTiPPyTyPPyTzPPzTiPPzTz', 16.0, branchID=7, growth_generator='two_qubit_ising_rotation_hyperfine_transverse', host_name='node34-018', log_file='/panfs/panasas01/phys/bf16951/QMD/ParallelDevelopment/Results/Oct_01/12_39/logs/NV-exp-method-sim__random-phase--probe__QMLA_5.qmd.8794602.log', port_number=6305, qid=5, remote=True) (15a4f831-0a17-4366-b963-af93fe34d016)
20:44:48 5: RemoteModelLearning.learnModelRemote('xTiPPxTxPPxTzPPyTiPPyTyPPyTzPPzTiPPzTz', 15.0, branchID=7, growth_generator='two_qubit_ising_rotation_hyperfine_transverse', host_name='node34-018', log_file='/panfs/panasas01/phys/bf16951/QMD/ParallelDevelopment/Results/Oct_01/12_39/logs/NV-exp-method-sim__random-phase--probe__QMLA_5.qmd.8794602.log', port_number=6305, qid=5, remote=True) (84671de5-cc73-4606-a204-791f53dbb8b3)
21:12:46 5: Job OK (84671de5-cc73-4606-a204-791f53dbb8b3)
21:12:46 Result will never expire, clean up result key manually
21:12:46 Cleaning registries for queue: 5
21:12:46 
21:12:46 *** Listening on 5...
21:13:09 5: Job OK (15a4f831-0a17-4366-b963-af93fe34d016)
21:13:09 Result will never expire, clean up result key manually
21:13:09 Cleaning registries for queue: 5
21:13:09 
21:13:09 *** Listening on 5...
21:13:10 5: RemoteBayesFactor.BayesFactorRemote(bayes_threshold=100, bf_data_folder='/panfs/panasas01/phys/bf16951/QMD/ParallelDevelopment/Results/Oct_01/12_39/BayesFactorsTimeRecords/', branchID=7, host_name='node34-018', interbranch=False, log_file='/panfs/panasas01/phys/bf16951/QMD/ParallelDevelopment/Results/Oct_01/12_39/logs/NV-exp-method-sim__random-phase--probe__QMLA_5.qmd.8794602.log', model_a_id=15, model_b_id=16, num_times_to_use=750, port_number=6305, qid=5, times_record='/panfs/panasas01/phys/bf16951/QMD/ParallelDevelopment/Results/Oct_01/12_39/BayesFactorsTimeRecords/BayesFactorsPairsTimes_005.txt', trueModel='xTiPPyTiPPzTiPPzTz') (bd5be1d7-4df3-40b1-ae6c-89436a9307c0)
22:08:23 5: Job OK (bd5be1d7-4df3-40b1-ae6c-89436a9307c0)
22:08:23 Result will never expire, clean up result key manually
22:08:23 Cleaning registries for queue: 5
22:08:23 
22:08:23 *** Listening on 5...
22:08:23 5: RemoteModelLearning.learnModelRemote('xTiPPxTxPPxTyPPxTzPPyTiPPyTyPPyTzPPzTiPPzTz', 17.0, branchID=8, growth_generator='two_qubit_ising_rotation_hyperfine_transverse', host_name='node34-018', log_file='/panfs/panasas01/phys/bf16951/QMD/ParallelDevelopment/Results/Oct_01/12_39/logs/NV-exp-method-sim__random-phase--probe__QMLA_5.qmd.8794602.log', port_number=6305, qid=5, remote=True) (59106f63-588f-4544-84c9-953ad2e822c3)
22:36:03 5: Job OK (59106f63-588f-4544-84c9-953ad2e822c3)
22:36:03 Result will never expire, clean up result key manually
22:36:03 Cleaning registries for queue: 5
22:36:03 
22:36:03 *** Listening on 5...
22:36:03 5: RemoteBayesFactor.BayesFactorRemote(bayes_threshold=100, bf_data_folder='/panfs/panasas01/phys/bf16951/QMD/ParallelDevelopment/Results/Oct_01/12_39/BayesFactorsTimeRecords/', branchID=None, host_name='node34-018', interbranch=True, log_file='/panfs/panasas01/phys/bf16951/QMD/ParallelDevelopment/Results/Oct_01/12_39/logs/NV-exp-method-sim__random-phase--probe__QMLA_5.qmd.8794602.log', model_a_id=4, model_b_id=5, num_times_to_use=750, port_number=6305, qid=5, times_record='/panfs/panasas01/phys/bf16951/QMD/ParallelDevelopment/Results/Oct_01/12_39/BayesFactorsTimeRecords/BayesFactorsPairsTimes_005.txt', trueModel='xTiPPyTiPPzTiPPzTz') (2ed4c1a7-1bc0-4fda-8c03-9668928ff605)
22:36:03 5: RemoteBayesFactor.BayesFactorRemote(bayes_threshold=100, bf_data_folder='/panfs/panasas01/phys/bf16951/QMD/ParallelDevelopment/Results/Oct_01/12_39/BayesFactorsTimeRecords/', branchID=None, host_name='node34-018', interbranch=True, log_file='/panfs/panasas01/phys/bf16951/QMD/ParallelDevelopment/Results/Oct_01/12_39/logs/NV-exp-method-sim__random-phase--probe__QMLA_5.qmd.8794602.log', model_a_id=5, model_b_id=6, num_times_to_use=750, port_number=6305, qid=5, times_record='/panfs/panasas01/phys/bf16951/QMD/ParallelDevelopment/Results/Oct_01/12_39/BayesFactorsTimeRecords/BayesFactorsPairsTimes_005.txt', trueModel='xTiPPyTiPPzTiPPzTz') (9cdbf14b-4c3b-4baa-973f-6bd407011941)
22:36:03 5: RemoteBayesFactor.BayesFactorRemote(bayes_threshold=100, bf_data_folder='/panfs/panasas01/phys/bf16951/QMD/ParallelDevelopment/Results/Oct_01/12_39/BayesFactorsTimeRecords/', branchID=None, host_name='node34-018', interbranch=True, log_file='/panfs/panasas01/phys/bf16951/QMD/ParallelDevelopment/Results/Oct_01/12_39/logs/NV-exp-method-sim__random-phase--probe__QMLA_5.qmd.8794602.log', model_a_id=2, model_b_id=4, num_times_to_use=750, port_number=6305, qid=5, times_record='/panfs/panasas01/phys/bf16951/QMD/ParallelDevelopment/Results/Oct_01/12_39/BayesFactorsTimeRecords/BayesFactorsPairsTimes_005.txt', trueModel='xTiPPyTiPPzTiPPzTz') (a2312b63-3772-471c-8c0c-dea8d5cbb22c)
22:36:03 5: RemoteBayesFactor.BayesFactorRemote(bayes_threshold=100, bf_data_folder='/panfs/panasas01/phys/bf16951/QMD/ParallelDevelopment/Results/Oct_01/12_39/BayesFactorsTimeRecords/', branchID=None, host_name='node34-018', interbranch=True, log_file='/panfs/panasas01/phys/bf16951/QMD/ParallelDevelopment/Results/Oct_01/12_39/logs/NV-exp-method-sim__random-phase--probe__QMLA_5.qmd.8794602.log', model_a_id=10, model_b_id=11, num_times_to_use=750, port_number=6305, qid=5, times_record='/panfs/panasas01/phys/bf16951/QMD/ParallelDevelopment/Results/Oct_01/12_39/BayesFactorsTimeRecords/BayesFactorsPairsTimes_005.txt', trueModel='xTiPPyTiPPzTiPPzTz') (abe0f5fc-444d-42a7-ac02-ac3de79ba58f)
22:36:03 5: RemoteBayesFactor.BayesFactorRemote(bayes_threshold=100, bf_data_folder='/panfs/panasas01/phys/bf16951/QMD/ParallelDevelopment/Results/Oct_01/12_39/BayesFactorsTimeRecords/', branchID=None, host_name='node34-018', interbranch=True, log_file='/panfs/panasas01/phys/bf16951/QMD/ParallelDevelopment/Results/Oct_01/12_39/logs/NV-exp-method-sim__random-phase--probe__QMLA_5.qmd.8794602.log', model_a_id=6, model_b_id=10, num_times_to_use=750, port_number=6305, qid=5, times_record='/panfs/panasas01/phys/bf16951/QMD/ParallelDevelopment/Results/Oct_01/12_39/BayesFactorsTimeRecords/BayesFactorsPairsTimes_005.txt', trueModel='xTiPPyTiPPzTiPPzTz') (492f6d5d-845c-4e3b-8f17-1348ab2d811f)
22:36:03 5: RemoteBayesFactor.BayesFactorRemote(bayes_threshold=100, bf_data_folder='/panfs/panasas01/phys/bf16951/QMD/ParallelDevelopment/Results/Oct_01/12_39/BayesFactorsTimeRecords/', branchID=None, host_name='node34-018', interbranch=True, log_file='/panfs/panasas01/phys/bf16951/QMD/ParallelDevelopment/Results/Oct_01/12_39/logs/NV-exp-method-sim__random-phase--probe__QMLA_5.qmd.8794602.log', model_a_id=11, model_b_id=14, num_times_to_use=750, port_number=6305, qid=5, times_record='/panfs/panasas01/phys/bf16951/QMD/ParallelDevelopment/Results/Oct_01/12_39/BayesFactorsTimeRecords/BayesFactorsPairsTimes_005.txt', trueModel='xTiPPyTiPPzTiPPzTz') (5c55363b-2077-4179-b60b-bc0b4bd0d818)
23:32:05 5: Job OK (abe0f5fc-444d-42a7-ac02-ac3de79ba58f)
23:32:05 Result will never expire, clean up result key manually
23:32:05 Cleaning registries for queue: 5
23:32:05 
23:32:05 *** Listening on 5...
23:32:05 5: RemoteBayesFactor.BayesFactorRemote(bayes_threshold=100, bf_data_folder='/panfs/panasas01/phys/bf16951/QMD/ParallelDevelopment/Results/Oct_01/12_39/BayesFactorsTimeRecords/', branchID=None, host_name='node34-018', interbranch=True, log_file='/panfs/panasas01/phys/bf16951/QMD/ParallelDevelopment/Results/Oct_01/12_39/logs/NV-exp-method-sim__random-phase--probe__QMLA_5.qmd.8794602.log', model_a_id=14, model_b_id=16, num_times_to_use=750, port_number=6305, qid=5, times_record='/panfs/panasas01/phys/bf16951/QMD/ParallelDevelopment/Results/Oct_01/12_39/BayesFactorsTimeRecords/BayesFactorsPairsTimes_005.txt', trueModel='xTiPPyTiPPzTiPPzTz') (020ef9dc-d4d4-4fd5-b227-d902e2e340c5)
23:32:25 5: Job OK (5c55363b-2077-4179-b60b-bc0b4bd0d818)
23:32:25 Result will never expire, clean up result key manually
23:32:25 
23:32:25 *** Listening on 5...
23:32:25 5: RemoteBayesFactor.BayesFactorRemote(bayes_threshold=100, bf_data_folder='/panfs/panasas01/phys/bf16951/QMD/ParallelDevelopment/Results/Oct_01/12_39/BayesFactorsTimeRecords/', branchID=None, host_name='node34-018', interbranch=True, log_file='/panfs/panasas01/phys/bf16951/QMD/ParallelDevelopment/Results/Oct_01/12_39/logs/NV-exp-method-sim__random-phase--probe__QMLA_5.qmd.8794602.log', model_a_id=16, model_b_id=17, num_times_to_use=750, port_number=6305, qid=5, times_record='/panfs/panasas01/phys/bf16951/QMD/ParallelDevelopment/Results/Oct_01/12_39/BayesFactorsTimeRecords/BayesFactorsPairsTimes_005.txt', trueModel='xTiPPyTiPPzTiPPzTz') (dedea128-6ab5-4e2f-a79b-efbc4a0f5cd4)
23:32:44 5: Job OK (492f6d5d-845c-4e3b-8f17-1348ab2d811f)
23:32:44 Result will never expire, clean up result key manually
23:32:44 Cleaning registries for queue: 5
23:32:44 
23:32:44 *** Listening on 5...
23:33:23 5: Job OK (9cdbf14b-4c3b-4baa-973f-6bd407011941)
23:33:23 Result will never expire, clean up result key manually
23:33:23 Cleaning registries for queue: 5
23:33:23 
23:33:23 *** Listening on 5...
23:33:31 5: Job OK (2ed4c1a7-1bc0-4fda-8c03-9668928ff605)
23:33:31 Result will never expire, clean up result key manually
23:33:31 Cleaning registries for queue: 5
23:33:32 
23:33:32 *** Listening on 5...
23:41:06 5: Job OK (a2312b63-3772-471c-8c0c-dea8d5cbb22c)
23:41:06 Result will never expire, clean up result key manually
23:41:06 Cleaning registries for queue: 5
23:41:06 
23:41:06 *** Listening on 5...
00:23:07 5: Job OK (020ef9dc-d4d4-4fd5-b227-d902e2e340c5)
00:23:07 Result will never expire, clean up result key manually
00:23:07 
00:23:07 *** Listening on 5...
00:24:23 5: Job OK (dedea128-6ab5-4e2f-a79b-efbc4a0f5cd4)
00:24:23 Result will never expire, clean up result key manually
00:24:23 Cleaning registries for queue: 5
00:24:23 
00:24:23 *** Listening on 5...
00:24:23 5: RemoteBayesFactor.BayesFactorRemote(bayes_threshold=100, bf_data_folder='/panfs/panasas01/phys/bf16951/QMD/ParallelDevelopment/Results/Oct_01/12_39/BayesFactorsTimeRecords/', branchID=9, host_name='node34-018', interbranch=False, log_file='/panfs/panasas01/phys/bf16951/QMD/ParallelDevelopment/Results/Oct_01/12_39/logs/NV-exp-method-sim__random-phase--probe__QMLA_5.qmd.8794602.log', model_a_id=4.0, model_b_id=16.0, num_times_to_use=750, port_number=6305, qid=5, times_record='/panfs/panasas01/phys/bf16951/QMD/ParallelDevelopment/Results/Oct_01/12_39/BayesFactorsTimeRecords/BayesFactorsPairsTimes_005.txt', trueModel='xTiPPyTiPPzTiPPzTz') (f2b3f253-dc53-4a07-b927-d393de1b4595)
00:24:23 5: RemoteBayesFactor.BayesFactorRemote(bayes_threshold=100, bf_data_folder='/panfs/panasas01/phys/bf16951/QMD/ParallelDevelopment/Results/Oct_01/12_39/BayesFactorsTimeRecords/', branchID=9, host_name='node34-018', interbranch=False, log_file='/panfs/panasas01/phys/bf16951/QMD/ParallelDevelopment/Results/Oct_01/12_39/logs/NV-exp-method-sim__random-phase--probe__QMLA_5.qmd.8794602.log', model_a_id=4.0, model_b_id=14.0, num_times_to_use=750, port_number=6305, qid=5, times_record='/panfs/panasas01/phys/bf16951/QMD/ParallelDevelopment/Results/Oct_01/12_39/BayesFactorsTimeRecords/BayesFactorsPairsTimes_005.txt', trueModel='xTiPPyTiPPzTiPPzTz') (3f183350-70a4-4173-a07e-fbeb6ffc0ee5)
00:24:23 5: RemoteBayesFactor.BayesFactorRemote(bayes_threshold=100, bf_data_folder='/panfs/panasas01/phys/bf16951/QMD/ParallelDevelopment/Results/Oct_01/12_39/BayesFactorsTimeRecords/', branchID=9, host_name='node34-018', interbranch=False, log_file='/panfs/panasas01/phys/bf16951/QMD/ParallelDevelopment/Results/Oct_01/12_39/logs/NV-exp-method-sim__random-phase--probe__QMLA_5.qmd.8794602.log', model_a_id=10.0, model_b_id=16.0, num_times_to_use=750, port_number=6305, qid=5, times_record='/panfs/panasas01/phys/bf16951/QMD/ParallelDevelopment/Results/Oct_01/12_39/BayesFactorsTimeRecords/BayesFactorsPairsTimes_005.txt', trueModel='xTiPPyTiPPzTiPPzTz') (92673aed-70f7-470b-b696-fc5bbac559d1)
00:24:23 5: RemoteBayesFactor.BayesFactorRemote(bayes_threshold=100, bf_data_folder='/panfs/panasas01/phys/bf16951/QMD/ParallelDevelopment/Results/Oct_01/12_39/BayesFactorsTimeRecords/', branchID=9, host_name='node34-018', interbranch=False, log_file='/panfs/panasas01/phys/bf16951/QMD/ParallelDevelopment/Results/Oct_01/12_39/logs/NV-exp-method-sim__random-phase--probe__QMLA_5.qmd.8794602.log', model_a_id=4.0, model_b_id=10.0, num_times_to_use=750, port_number=6305, qid=5, times_record='/panfs/panasas01/phys/bf16951/QMD/ParallelDevelopment/Results/Oct_01/12_39/BayesFactorsTimeRecords/BayesFactorsPairsTimes_005.txt', trueModel='xTiPPyTiPPzTiPPzTz') (bd4788ad-0fc9-4ad9-a35b-0d8e9ce10368)
00:24:23 5: RemoteBayesFactor.BayesFactorRemote(bayes_threshold=100, bf_data_folder='/panfs/panasas01/phys/bf16951/QMD/ParallelDevelopment/Results/Oct_01/12_39/BayesFactorsTimeRecords/', branchID=9, host_name='node34-018', interbranch=False, log_file='/panfs/panasas01/phys/bf16951/QMD/ParallelDevelopment/Results/Oct_01/12_39/logs/NV-exp-method-sim__random-phase--probe__QMLA_5.qmd.8794602.log', model_a_id=10.0, model_b_id=14.0, num_times_to_use=750, port_number=6305, qid=5, times_record='/panfs/panasas01/phys/bf16951/QMD/ParallelDevelopment/Results/Oct_01/12_39/BayesFactorsTimeRecords/BayesFactorsPairsTimes_005.txt', trueModel='xTiPPyTiPPzTiPPzTz') (5bf4ee3e-c549-40e1-a2d1-6b033301e398)
01:18:54 5: Job OK (bd4788ad-0fc9-4ad9-a35b-0d8e9ce10368)
01:18:54 Result will never expire, clean up result key manually
01:18:54 Cleaning registries for queue: 5
01:18:54 
01:18:54 *** Listening on 5...
01:25:00 5: Job OK (f2b3f253-dc53-4a07-b927-d393de1b4595)
01:25:00 Result will never expire, clean up result key manually
01:25:00 Cleaning registries for queue: 5
01:25:00 
01:25:00 *** Listening on 5...
01:25:02 5: Job OK (92673aed-70f7-470b-b696-fc5bbac559d1)
01:25:02 Result will never expire, clean up result key manually
01:25:02 Cleaning registries for queue: 5
01:25:02 
01:25:02 *** Listening on 5...
01:26:05 5: Job OK (3f183350-70a4-4173-a07e-fbeb6ffc0ee5)
01:26:05 Result will never expire, clean up result key manually
01:26:05 Cleaning registries for queue: 5
01:26:05 
01:26:05 *** Listening on 5...
01:26:44 5: Job OK (5bf4ee3e-c549-40e1-a2d1-6b033301e398)
01:26:44 Result will never expire, clean up result key manually
01:26:44 Cleaning registries for queue: 5
01:26:44 
01:26:44 *** Listening on 5...
01:26:45 5: RemoteBayesFactor.BayesFactorRemote(bayes_threshold=100, bf_data_folder='/panfs/panasas01/phys/bf16951/QMD/ParallelDevelopment/Results/Oct_01/12_39/BayesFactorsTimeRecords/', branchID=None, host_name='node34-018', interbranch=True, log_file='/panfs/panasas01/phys/bf16951/QMD/ParallelDevelopment/Results/Oct_01/12_39/logs/NV-exp-method-sim__random-phase--probe__QMLA_5.qmd.8794602.log', model_a_id=10, model_b_id=18, num_times_to_use=750, port_number=6305, qid=5, times_record='/panfs/panasas01/phys/bf16951/QMD/ParallelDevelopment/Results/Oct_01/12_39/BayesFactorsTimeRecords/BayesFactorsPairsTimes_005.txt', trueModel='xTiPPyTiPPzTiPPzTz') (7e4d11b9-9dae-4cdf-ab9b-d15d8246937a)
02:18:46 5: Job OK (7e4d11b9-9dae-4cdf-ab9b-d15d8246937a)
02:18:46 Result will never expire, clean up result key manually
02:18:46 Cleaning registries for queue: 5
02:18:46 
02:18:46 *** Listening on 5...
Error 111 connecting to node34-018:6305. Connection refused.
Error 111 connecting to node34-018:6305. Connection refused.
Error 111 connecting to node34-018:6305. Connection refused.
Error 111 connecting to node34-018:6305. Connection refused.
Error 111 connecting to node34-018:6305. Connection refused.
Error 111 connecting to node34-018:6305. Connection refused.
