12:43:15 RQ worker 'rq:worker:node34-002.104076' started, version 0.8.1
12:43:15 RQ worker 'rq:worker:node34-002.104079' started, version 0.8.1
12:43:15 RQ worker 'rq:worker:node34-002.104080' started, version 0.8.1
12:43:15 RQ worker 'rq:worker:node34-002.104081' started, version 0.8.1
12:43:15 RQ worker 'rq:worker:node34-002.104078' started, version 0.8.1
12:43:15 Cleaning registries for queue: 17
12:43:15 Cleaning registries for queue: 17
12:43:15 Cleaning registries for queue: 17
12:43:15 Cleaning registries for queue: 17
12:43:15 Cleaning registries for queue: 17
12:43:15 
12:43:15 
12:43:15 
12:43:15 
12:43:15 
12:43:15 *** Listening on 17...
12:43:15 RQ worker 'rq:worker:node34-002.104077' started, version 0.8.1
12:43:15 *** Listening on 17...
12:43:15 *** Listening on 17...
12:43:15 *** Listening on 17...
12:43:15 *** Listening on 17...
12:43:15 Cleaning registries for queue: 17
12:43:15 
12:43:15 *** Listening on 17...
12:43:26 17: RemoteModelLearning.learnModelRemote('xTi', 0.0, branchID=0, growth_generator='two_qubit_ising_rotation_hyperfine_transverse', host_name='node34-002', log_file='/panfs/panasas01/phys/bf16951/QMD/ParallelDevelopment/Results/Oct_01/12_39/logs/NV-exp-method-sim__random-phase--probe__QMLA_17.qmd.8794614.log', port_number=6317, qid=17, remote=True) (355c9d45-c06d-4497-a93c-1e0558361692)
12:43:26 17: RemoteModelLearning.learnModelRemote('yTi', 1.0, branchID=0, growth_generator='two_qubit_ising_rotation_hyperfine_transverse', host_name='node34-002', log_file='/panfs/panasas01/phys/bf16951/QMD/ParallelDevelopment/Results/Oct_01/12_39/logs/NV-exp-method-sim__random-phase--probe__QMLA_17.qmd.8794614.log', port_number=6317, qid=17, remote=True) (f4339e7a-c797-4f24-abb3-dd78cc43d313)
12:43:26 17: RemoteModelLearning.learnModelRemote('zTi', 2.0, branchID=0, growth_generator='two_qubit_ising_rotation_hyperfine_transverse', host_name='node34-002', log_file='/panfs/panasas01/phys/bf16951/QMD/ParallelDevelopment/Results/Oct_01/12_39/logs/NV-exp-method-sim__random-phase--probe__QMLA_17.qmd.8794614.log', port_number=6317, qid=17, remote=True) (48b28a96-36b3-4c5d-8076-f38d93795308)
13:07:57 17: Job OK (355c9d45-c06d-4497-a93c-1e0558361692)
13:07:57 Result will never expire, clean up result key manually
13:07:57 
13:07:57 *** Listening on 17...
13:10:41 17: Job OK (f4339e7a-c797-4f24-abb3-dd78cc43d313)
13:10:41 Result will never expire, clean up result key manually
13:10:41 
13:10:41 *** Listening on 17...
13:20:08 17: Job OK (48b28a96-36b3-4c5d-8076-f38d93795308)
13:20:08 Result will never expire, clean up result key manually
13:20:08 
13:20:08 *** Listening on 17...
13:20:09 17: RemoteBayesFactor.BayesFactorRemote(bayes_threshold=100, bf_data_folder='/panfs/panasas01/phys/bf16951/QMD/ParallelDevelopment/Results/Oct_01/12_39/BayesFactorsTimeRecords/', branchID=0, host_name='node34-002', interbranch=False, log_file='/panfs/panasas01/phys/bf16951/QMD/ParallelDevelopment/Results/Oct_01/12_39/logs/NV-exp-method-sim__random-phase--probe__QMLA_17.qmd.8794614.log', model_a_id=0, model_b_id=1, num_times_to_use=750, port_number=6317, qid=17, times_record='/panfs/panasas01/phys/bf16951/QMD/ParallelDevelopment/Results/Oct_01/12_39/BayesFactorsTimeRecords/BayesFactorsPairsTimes_017.txt', trueModel='xTiPPyTiPPzTiPPzTz') (1d56897e-8dec-4c15-aebe-7a399186d395)
13:20:09 17: RemoteBayesFactor.BayesFactorRemote(bayes_threshold=100, bf_data_folder='/panfs/panasas01/phys/bf16951/QMD/ParallelDevelopment/Results/Oct_01/12_39/BayesFactorsTimeRecords/', branchID=0, host_name='node34-002', interbranch=False, log_file='/panfs/panasas01/phys/bf16951/QMD/ParallelDevelopment/Results/Oct_01/12_39/logs/NV-exp-method-sim__random-phase--probe__QMLA_17.qmd.8794614.log', model_a_id=1, model_b_id=2, num_times_to_use=750, port_number=6317, qid=17, times_record='/panfs/panasas01/phys/bf16951/QMD/ParallelDevelopment/Results/Oct_01/12_39/BayesFactorsTimeRecords/BayesFactorsPairsTimes_017.txt', trueModel='xTiPPyTiPPzTiPPzTz') (45ec7bdb-c67d-40e3-bcf0-849471c6278c)
13:20:09 17: RemoteBayesFactor.BayesFactorRemote(bayes_threshold=100, bf_data_folder='/panfs/panasas01/phys/bf16951/QMD/ParallelDevelopment/Results/Oct_01/12_39/BayesFactorsTimeRecords/', branchID=0, host_name='node34-002', interbranch=False, log_file='/panfs/panasas01/phys/bf16951/QMD/ParallelDevelopment/Results/Oct_01/12_39/logs/NV-exp-method-sim__random-phase--probe__QMLA_17.qmd.8794614.log', model_a_id=0, model_b_id=2, num_times_to_use=750, port_number=6317, qid=17, times_record='/panfs/panasas01/phys/bf16951/QMD/ParallelDevelopment/Results/Oct_01/12_39/BayesFactorsTimeRecords/BayesFactorsPairsTimes_017.txt', trueModel='xTiPPyTiPPzTiPPzTz') (447ffab8-f8fc-44b3-9a17-09eb83b20dd8)
14:12:15 17: Job OK (1d56897e-8dec-4c15-aebe-7a399186d395)
14:12:15 Result will never expire, clean up result key manually
14:12:15 Cleaning registries for queue: 17
14:12:15 
14:12:15 *** Listening on 17...
14:19:54 17: Job OK (447ffab8-f8fc-44b3-9a17-09eb83b20dd8)
14:19:54 Result will never expire, clean up result key manually
14:19:54 Cleaning registries for queue: 17
14:19:54 
14:19:54 *** Listening on 17...
14:28:52 17: Job OK (45ec7bdb-c67d-40e3-bcf0-849471c6278c)
14:28:52 Result will never expire, clean up result key manually
14:28:52 Cleaning registries for queue: 17
14:28:52 
14:28:52 *** Listening on 17...
14:28:52 17: RemoteModelLearning.learnModelRemote('xTiPPzTi', 3.0, branchID=1, growth_generator='two_qubit_ising_rotation_hyperfine_transverse', host_name='node34-002', log_file='/panfs/panasas01/phys/bf16951/QMD/ParallelDevelopment/Results/Oct_01/12_39/logs/NV-exp-method-sim__random-phase--probe__QMLA_17.qmd.8794614.log', port_number=6317, qid=17, remote=True) (2c64412b-e8ca-4abe-80ed-328907713f85)
14:28:52 17: RemoteModelLearning.learnModelRemote('yTiPPzTi', 4.0, branchID=1, growth_generator='two_qubit_ising_rotation_hyperfine_transverse', host_name='node34-002', log_file='/panfs/panasas01/phys/bf16951/QMD/ParallelDevelopment/Results/Oct_01/12_39/logs/NV-exp-method-sim__random-phase--probe__QMLA_17.qmd.8794614.log', port_number=6317, qid=17, remote=True) (b89f2569-53b3-4cd4-ae17-529cdf47c8d8)
14:55:39 17: Job OK (2c64412b-e8ca-4abe-80ed-328907713f85)
14:55:39 Result will never expire, clean up result key manually
14:55:39 
14:55:39 *** Listening on 17...
14:56:05 17: Job OK (b89f2569-53b3-4cd4-ae17-529cdf47c8d8)
14:56:05 Result will never expire, clean up result key manually
14:56:05 Cleaning registries for queue: 17
14:56:05 
14:56:05 *** Listening on 17...
14:56:05 17: RemoteBayesFactor.BayesFactorRemote(bayes_threshold=100, bf_data_folder='/panfs/panasas01/phys/bf16951/QMD/ParallelDevelopment/Results/Oct_01/12_39/BayesFactorsTimeRecords/', branchID=1, host_name='node34-002', interbranch=False, log_file='/panfs/panasas01/phys/bf16951/QMD/ParallelDevelopment/Results/Oct_01/12_39/logs/NV-exp-method-sim__random-phase--probe__QMLA_17.qmd.8794614.log', model_a_id=3, model_b_id=4, num_times_to_use=750, port_number=6317, qid=17, times_record='/panfs/panasas01/phys/bf16951/QMD/ParallelDevelopment/Results/Oct_01/12_39/BayesFactorsTimeRecords/BayesFactorsPairsTimes_017.txt', trueModel='xTiPPyTiPPzTiPPzTz') (b090cdd8-0ae2-494d-9eff-fa2f0c8dcebc)
15:47:49 17: Job OK (b090cdd8-0ae2-494d-9eff-fa2f0c8dcebc)
15:47:49 Result will never expire, clean up result key manually
15:47:49 Cleaning registries for queue: 17
15:47:49 
15:47:49 *** Listening on 17...
15:47:49 17: RemoteModelLearning.learnModelRemote('xTiPPyTiPPzTi', 5.0, branchID=2, growth_generator='two_qubit_ising_rotation_hyperfine_transverse', host_name='node34-002', log_file='/panfs/panasas01/phys/bf16951/QMD/ParallelDevelopment/Results/Oct_01/12_39/logs/NV-exp-method-sim__random-phase--probe__QMLA_17.qmd.8794614.log', port_number=6317, qid=17, remote=True) (aab8a849-cdd9-4ace-8312-e2f98ca06cb1)
16:17:32 17: Job OK (aab8a849-cdd9-4ace-8312-e2f98ca06cb1)
16:17:32 Result will never expire, clean up result key manually
16:17:32 Cleaning registries for queue: 17
16:17:32 
16:17:32 *** Listening on 17...
16:17:32 17: RemoteModelLearning.learnModelRemote('xTiPPxTxPPyTiPPzTi', 6.0, branchID=3, growth_generator='two_qubit_ising_rotation_hyperfine_transverse', host_name='node34-002', log_file='/panfs/panasas01/phys/bf16951/QMD/ParallelDevelopment/Results/Oct_01/12_39/logs/NV-exp-method-sim__random-phase--probe__QMLA_17.qmd.8794614.log', port_number=6317, qid=17, remote=True) (91df5a67-f82b-48a2-af79-70339466e41b)
16:17:32 17: RemoteModelLearning.learnModelRemote('xTiPPyTiPPzTiPPzTz', 7.0, branchID=3, growth_generator='two_qubit_ising_rotation_hyperfine_transverse', host_name='node34-002', log_file='/panfs/panasas01/phys/bf16951/QMD/ParallelDevelopment/Results/Oct_01/12_39/logs/NV-exp-method-sim__random-phase--probe__QMLA_17.qmd.8794614.log', port_number=6317, qid=17, remote=True) (fb32ca5e-42b3-45da-9e02-e6a0c53638ea)
16:17:32 17: RemoteModelLearning.learnModelRemote('xTiPPyTiPPyTyPPzTi', 8.0, branchID=3, growth_generator='two_qubit_ising_rotation_hyperfine_transverse', host_name='node34-002', log_file='/panfs/panasas01/phys/bf16951/QMD/ParallelDevelopment/Results/Oct_01/12_39/logs/NV-exp-method-sim__random-phase--probe__QMLA_17.qmd.8794614.log', port_number=6317, qid=17, remote=True) (d19f6b60-8866-42c2-a43b-0c43d94b9190)
16:43:36 17: Job OK (d19f6b60-8866-42c2-a43b-0c43d94b9190)
16:43:36 Result will never expire, clean up result key manually
16:43:36 Cleaning registries for queue: 17
16:43:36 
16:43:36 *** Listening on 17...
16:45:42 17: Job OK (91df5a67-f82b-48a2-af79-70339466e41b)
16:45:42 Result will never expire, clean up result key manually
16:45:42 
16:45:42 *** Listening on 17...
16:45:47 17: Job OK (fb32ca5e-42b3-45da-9e02-e6a0c53638ea)
16:45:47 Result will never expire, clean up result key manually
16:45:47 Cleaning registries for queue: 17
16:45:47 
16:45:47 *** Listening on 17...
16:45:47 17: RemoteBayesFactor.BayesFactorRemote(bayes_threshold=100, bf_data_folder='/panfs/panasas01/phys/bf16951/QMD/ParallelDevelopment/Results/Oct_01/12_39/BayesFactorsTimeRecords/', branchID=3, host_name='node34-002', interbranch=False, log_file='/panfs/panasas01/phys/bf16951/QMD/ParallelDevelopment/Results/Oct_01/12_39/logs/NV-exp-method-sim__random-phase--probe__QMLA_17.qmd.8794614.log', model_a_id=6, model_b_id=7, num_times_to_use=750, port_number=6317, qid=17, times_record='/panfs/panasas01/phys/bf16951/QMD/ParallelDevelopment/Results/Oct_01/12_39/BayesFactorsTimeRecords/BayesFactorsPairsTimes_017.txt', trueModel='xTiPPyTiPPzTiPPzTz') (572f2cbc-14fa-48de-b586-9f8c25f30db2)
16:45:47 17: RemoteBayesFactor.BayesFactorRemote(bayes_threshold=100, bf_data_folder='/panfs/panasas01/phys/bf16951/QMD/ParallelDevelopment/Results/Oct_01/12_39/BayesFactorsTimeRecords/', branchID=3, host_name='node34-002', interbranch=False, log_file='/panfs/panasas01/phys/bf16951/QMD/ParallelDevelopment/Results/Oct_01/12_39/logs/NV-exp-method-sim__random-phase--probe__QMLA_17.qmd.8794614.log', model_a_id=6, model_b_id=8, num_times_to_use=750, port_number=6317, qid=17, times_record='/panfs/panasas01/phys/bf16951/QMD/ParallelDevelopment/Results/Oct_01/12_39/BayesFactorsTimeRecords/BayesFactorsPairsTimes_017.txt', trueModel='xTiPPyTiPPzTiPPzTz') (4644ad48-ec67-47c9-b95f-938a461720a6)
16:45:47 17: RemoteBayesFactor.BayesFactorRemote(bayes_threshold=100, bf_data_folder='/panfs/panasas01/phys/bf16951/QMD/ParallelDevelopment/Results/Oct_01/12_39/BayesFactorsTimeRecords/', branchID=3, host_name='node34-002', interbranch=False, log_file='/panfs/panasas01/phys/bf16951/QMD/ParallelDevelopment/Results/Oct_01/12_39/logs/NV-exp-method-sim__random-phase--probe__QMLA_17.qmd.8794614.log', model_a_id=7, model_b_id=8, num_times_to_use=750, port_number=6317, qid=17, times_record='/panfs/panasas01/phys/bf16951/QMD/ParallelDevelopment/Results/Oct_01/12_39/BayesFactorsTimeRecords/BayesFactorsPairsTimes_017.txt', trueModel='xTiPPyTiPPzTiPPzTz') (698d5c4f-30f6-4725-81b1-efbf72509252)
17:38:12 17: Job OK (4644ad48-ec67-47c9-b95f-938a461720a6)
17:38:12 Result will never expire, clean up result key manually
17:38:12 Cleaning registries for queue: 17
17:38:12 
17:38:12 *** Listening on 17...
17:38:27 17: Job OK (698d5c4f-30f6-4725-81b1-efbf72509252)
17:38:27 Result will never expire, clean up result key manually
17:38:27 
17:38:27 *** Listening on 17...
17:38:52 17: Job OK (572f2cbc-14fa-48de-b586-9f8c25f30db2)
17:38:52 Result will never expire, clean up result key manually
17:38:52 Cleaning registries for queue: 17
17:38:52 
17:38:52 *** Listening on 17...
17:38:52 17: RemoteModelLearning.learnModelRemote('xTiPPyTiPPyTyPPzTiPPzTz', 9.0, branchID=4, growth_generator='two_qubit_ising_rotation_hyperfine_transverse', host_name='node34-002', log_file='/panfs/panasas01/phys/bf16951/QMD/ParallelDevelopment/Results/Oct_01/12_39/logs/NV-exp-method-sim__random-phase--probe__QMLA_17.qmd.8794614.log', port_number=6317, qid=17, remote=True) (d5ffef86-f2e1-4d49-8815-951558f3bc3c)
17:38:52 17: RemoteModelLearning.learnModelRemote('xTiPPxTxPPyTiPPzTiPPzTz', 10.0, branchID=4, growth_generator='two_qubit_ising_rotation_hyperfine_transverse', host_name='node34-002', log_file='/panfs/panasas01/phys/bf16951/QMD/ParallelDevelopment/Results/Oct_01/12_39/logs/NV-exp-method-sim__random-phase--probe__QMLA_17.qmd.8794614.log', port_number=6317, qid=17, remote=True) (31373420-4a52-4114-8948-23147078abdd)
18:03:42 17: Job OK (d5ffef86-f2e1-4d49-8815-951558f3bc3c)
18:03:42 Result will never expire, clean up result key manually
18:03:42 Cleaning registries for queue: 17
18:03:42 
18:03:42 *** Listening on 17...
18:03:49 17: Job OK (31373420-4a52-4114-8948-23147078abdd)
18:03:49 Result will never expire, clean up result key manually
18:03:49 Cleaning registries for queue: 17
18:03:49 
18:03:49 *** Listening on 17...
18:03:49 17: RemoteBayesFactor.BayesFactorRemote(bayes_threshold=100, bf_data_folder='/panfs/panasas01/phys/bf16951/QMD/ParallelDevelopment/Results/Oct_01/12_39/BayesFactorsTimeRecords/', branchID=4, host_name='node34-002', interbranch=False, log_file='/panfs/panasas01/phys/bf16951/QMD/ParallelDevelopment/Results/Oct_01/12_39/logs/NV-exp-method-sim__random-phase--probe__QMLA_17.qmd.8794614.log', model_a_id=9, model_b_id=10, num_times_to_use=750, port_number=6317, qid=17, times_record='/panfs/panasas01/phys/bf16951/QMD/ParallelDevelopment/Results/Oct_01/12_39/BayesFactorsTimeRecords/BayesFactorsPairsTimes_017.txt', trueModel='xTiPPyTiPPzTiPPzTz') (ef09154e-5f53-4172-b613-2d13b191ded1)
18:53:17 17: Job OK (ef09154e-5f53-4172-b613-2d13b191ded1)
18:53:17 Result will never expire, clean up result key manually
18:53:17 Cleaning registries for queue: 17
18:53:17 
18:53:17 *** Listening on 17...
18:53:17 17: RemoteModelLearning.learnModelRemote('xTiPPxTxPPyTiPPyTyPPzTiPPzTz', 11.0, branchID=5, growth_generator='two_qubit_ising_rotation_hyperfine_transverse', host_name='node34-002', log_file='/panfs/panasas01/phys/bf16951/QMD/ParallelDevelopment/Results/Oct_01/12_39/logs/NV-exp-method-sim__random-phase--probe__QMLA_17.qmd.8794614.log', port_number=6317, qid=17, remote=True) (2c72977c-e1f9-4d08-9fab-d415f7ca098d)
19:19:17 17: Job OK (2c72977c-e1f9-4d08-9fab-d415f7ca098d)
19:19:17 Result will never expire, clean up result key manually
19:19:17 Cleaning registries for queue: 17
19:19:17 
19:19:17 *** Listening on 17...
19:19:18 17: RemoteModelLearning.learnModelRemote('xTiPPxTxPPyTiPPyTyPPyTzPPzTiPPzTz', 12.0, branchID=6, growth_generator='two_qubit_ising_rotation_hyperfine_transverse', host_name='node34-002', log_file='/panfs/panasas01/phys/bf16951/QMD/ParallelDevelopment/Results/Oct_01/12_39/logs/NV-exp-method-sim__random-phase--probe__QMLA_17.qmd.8794614.log', port_number=6317, qid=17, remote=True) (255a1d2b-1468-45a8-8526-a8c500864d7e)
19:19:18 17: RemoteModelLearning.learnModelRemote('xTiPPxTxPPxTzPPyTiPPyTyPPzTiPPzTz', 13.0, branchID=6, growth_generator='two_qubit_ising_rotation_hyperfine_transverse', host_name='node34-002', log_file='/panfs/panasas01/phys/bf16951/QMD/ParallelDevelopment/Results/Oct_01/12_39/logs/NV-exp-method-sim__random-phase--probe__QMLA_17.qmd.8794614.log', port_number=6317, qid=17, remote=True) (21010254-5c81-47d7-b3e8-43f4358a0835)
19:19:18 17: RemoteModelLearning.learnModelRemote('xTiPPxTxPPxTyPPyTiPPyTyPPzTiPPzTz', 14.0, branchID=6, growth_generator='two_qubit_ising_rotation_hyperfine_transverse', host_name='node34-002', log_file='/panfs/panasas01/phys/bf16951/QMD/ParallelDevelopment/Results/Oct_01/12_39/logs/NV-exp-method-sim__random-phase--probe__QMLA_17.qmd.8794614.log', port_number=6317, qid=17, remote=True) (1cfb3d8b-0b25-4dc0-afe6-212a839c77c8)
19:45:25 17: Job OK (1cfb3d8b-0b25-4dc0-afe6-212a839c77c8)
19:45:25 Result will never expire, clean up result key manually
19:45:25 Cleaning registries for queue: 17
19:45:25 
19:45:25 *** Listening on 17...
19:45:37 17: Job OK (255a1d2b-1468-45a8-8526-a8c500864d7e)
19:45:37 Result will never expire, clean up result key manually
19:45:37 Cleaning registries for queue: 17
19:45:37 
19:45:37 *** Listening on 17...
19:45:59 17: Job OK (21010254-5c81-47d7-b3e8-43f4358a0835)
19:45:59 Result will never expire, clean up result key manually
19:45:59 Cleaning registries for queue: 17
19:45:59 
19:45:59 *** Listening on 17...
19:46:00 17: RemoteBayesFactor.BayesFactorRemote(bayes_threshold=100, bf_data_folder='/panfs/panasas01/phys/bf16951/QMD/ParallelDevelopment/Results/Oct_01/12_39/BayesFactorsTimeRecords/', branchID=6, host_name='node34-002', interbranch=False, log_file='/panfs/panasas01/phys/bf16951/QMD/ParallelDevelopment/Results/Oct_01/12_39/logs/NV-exp-method-sim__random-phase--probe__QMLA_17.qmd.8794614.log', model_a_id=12, model_b_id=13, num_times_to_use=750, port_number=6317, qid=17, times_record='/panfs/panasas01/phys/bf16951/QMD/ParallelDevelopment/Results/Oct_01/12_39/BayesFactorsTimeRecords/BayesFactorsPairsTimes_017.txt', trueModel='xTiPPyTiPPzTiPPzTz') (b88eb258-81fe-49c3-98e6-1d107cacfea6)
19:46:00 17: RemoteBayesFactor.BayesFactorRemote(bayes_threshold=100, bf_data_folder='/panfs/panasas01/phys/bf16951/QMD/ParallelDevelopment/Results/Oct_01/12_39/BayesFactorsTimeRecords/', branchID=6, host_name='node34-002', interbranch=False, log_file='/panfs/panasas01/phys/bf16951/QMD/ParallelDevelopment/Results/Oct_01/12_39/logs/NV-exp-method-sim__random-phase--probe__QMLA_17.qmd.8794614.log', model_a_id=12, model_b_id=14, num_times_to_use=750, port_number=6317, qid=17, times_record='/panfs/panasas01/phys/bf16951/QMD/ParallelDevelopment/Results/Oct_01/12_39/BayesFactorsTimeRecords/BayesFactorsPairsTimes_017.txt', trueModel='xTiPPyTiPPzTiPPzTz') (8a9104d6-c20c-422e-81cc-0c582dbb8679)
19:46:00 17: RemoteBayesFactor.BayesFactorRemote(bayes_threshold=100, bf_data_folder='/panfs/panasas01/phys/bf16951/QMD/ParallelDevelopment/Results/Oct_01/12_39/BayesFactorsTimeRecords/', branchID=6, host_name='node34-002', interbranch=False, log_file='/panfs/panasas01/phys/bf16951/QMD/ParallelDevelopment/Results/Oct_01/12_39/logs/NV-exp-method-sim__random-phase--probe__QMLA_17.qmd.8794614.log', model_a_id=13, model_b_id=14, num_times_to_use=750, port_number=6317, qid=17, times_record='/panfs/panasas01/phys/bf16951/QMD/ParallelDevelopment/Results/Oct_01/12_39/BayesFactorsTimeRecords/BayesFactorsPairsTimes_017.txt', trueModel='xTiPPyTiPPzTiPPzTz') (039c0987-4cd5-485f-8c82-224d81aa89bf)
20:36:31 17: Job OK (b88eb258-81fe-49c3-98e6-1d107cacfea6)
20:36:31 Result will never expire, clean up result key manually
20:36:31 Cleaning registries for queue: 17
20:36:31 
20:36:31 *** Listening on 17...
20:36:44 17: Job OK (8a9104d6-c20c-422e-81cc-0c582dbb8679)
20:36:44 Result will never expire, clean up result key manually
20:36:44 Cleaning registries for queue: 17
20:36:44 
20:36:44 *** Listening on 17...
20:36:56 17: Job OK (039c0987-4cd5-485f-8c82-224d81aa89bf)
20:36:56 Result will never expire, clean up result key manually
20:36:56 
20:36:56 *** Listening on 17...
20:36:56 17: RemoteModelLearning.learnModelRemote('xTiPPxTxPPxTzPPyTiPPyTyPPyTzPPzTiPPzTz', 15.0, branchID=7, growth_generator='two_qubit_ising_rotation_hyperfine_transverse', host_name='node34-002', log_file='/panfs/panasas01/phys/bf16951/QMD/ParallelDevelopment/Results/Oct_01/12_39/logs/NV-exp-method-sim__random-phase--probe__QMLA_17.qmd.8794614.log', port_number=6317, qid=17, remote=True) (75b0c4ca-6f18-4390-8d60-ffa287ef8bdd)
20:36:56 17: RemoteModelLearning.learnModelRemote('xTiPPxTxPPxTyPPyTiPPyTyPPyTzPPzTiPPzTz', 16.0, branchID=7, growth_generator='two_qubit_ising_rotation_hyperfine_transverse', host_name='node34-002', log_file='/panfs/panasas01/phys/bf16951/QMD/ParallelDevelopment/Results/Oct_01/12_39/logs/NV-exp-method-sim__random-phase--probe__QMLA_17.qmd.8794614.log', port_number=6317, qid=17, remote=True) (93bf6b1a-3b8e-48d7-9835-a2896c566c0e)
21:01:56 17: Job OK (93bf6b1a-3b8e-48d7-9835-a2896c566c0e)
21:01:56 Result will never expire, clean up result key manually
21:01:56 Cleaning registries for queue: 17
21:01:56 
21:01:56 *** Listening on 17...
21:05:25 17: Job OK (75b0c4ca-6f18-4390-8d60-ffa287ef8bdd)
21:05:25 Result will never expire, clean up result key manually
21:05:25 Cleaning registries for queue: 17
21:05:25 
21:05:25 *** Listening on 17...
21:05:25 17: RemoteBayesFactor.BayesFactorRemote(bayes_threshold=100, bf_data_folder='/panfs/panasas01/phys/bf16951/QMD/ParallelDevelopment/Results/Oct_01/12_39/BayesFactorsTimeRecords/', branchID=7, host_name='node34-002', interbranch=False, log_file='/panfs/panasas01/phys/bf16951/QMD/ParallelDevelopment/Results/Oct_01/12_39/logs/NV-exp-method-sim__random-phase--probe__QMLA_17.qmd.8794614.log', model_a_id=15, model_b_id=16, num_times_to_use=750, port_number=6317, qid=17, times_record='/panfs/panasas01/phys/bf16951/QMD/ParallelDevelopment/Results/Oct_01/12_39/BayesFactorsTimeRecords/BayesFactorsPairsTimes_017.txt', trueModel='xTiPPyTiPPzTiPPzTz') (78e51b6a-8a28-4baa-855c-26c89fc9d5a7)
21:52:10 17: Job OK (78e51b6a-8a28-4baa-855c-26c89fc9d5a7)
21:52:10 Result will never expire, clean up result key manually
21:52:10 Cleaning registries for queue: 17
21:52:10 
21:52:10 *** Listening on 17...
21:52:10 17: RemoteModelLearning.learnModelRemote('xTiPPxTxPPxTyPPxTzPPyTiPPyTyPPyTzPPzTiPPzTz', 17.0, branchID=8, growth_generator='two_qubit_ising_rotation_hyperfine_transverse', host_name='node34-002', log_file='/panfs/panasas01/phys/bf16951/QMD/ParallelDevelopment/Results/Oct_01/12_39/logs/NV-exp-method-sim__random-phase--probe__QMLA_17.qmd.8794614.log', port_number=6317, qid=17, remote=True) (8ab2c142-9787-4687-9f72-3b71db5db57d)
22:26:24 17: Job OK (8ab2c142-9787-4687-9f72-3b71db5db57d)
22:26:24 Result will never expire, clean up result key manually
22:26:24 Cleaning registries for queue: 17
22:26:24 
22:26:24 *** Listening on 17...
22:26:24 17: RemoteBayesFactor.BayesFactorRemote(bayes_threshold=100, bf_data_folder='/panfs/panasas01/phys/bf16951/QMD/ParallelDevelopment/Results/Oct_01/12_39/BayesFactorsTimeRecords/', branchID=None, host_name='node34-002', interbranch=True, log_file='/panfs/panasas01/phys/bf16951/QMD/ParallelDevelopment/Results/Oct_01/12_39/logs/NV-exp-method-sim__random-phase--probe__QMLA_17.qmd.8794614.log', model_a_id=2, model_b_id=3, num_times_to_use=750, port_number=6317, qid=17, times_record='/panfs/panasas01/phys/bf16951/QMD/ParallelDevelopment/Results/Oct_01/12_39/BayesFactorsTimeRecords/BayesFactorsPairsTimes_017.txt', trueModel='xTiPPyTiPPzTiPPzTz') (201b1338-8830-48f4-b639-936c77802a01)
22:26:24 17: RemoteBayesFactor.BayesFactorRemote(bayes_threshold=100, bf_data_folder='/panfs/panasas01/phys/bf16951/QMD/ParallelDevelopment/Results/Oct_01/12_39/BayesFactorsTimeRecords/', branchID=None, host_name='node34-002', interbranch=True, log_file='/panfs/panasas01/phys/bf16951/QMD/ParallelDevelopment/Results/Oct_01/12_39/logs/NV-exp-method-sim__random-phase--probe__QMLA_17.qmd.8794614.log', model_a_id=3, model_b_id=5, num_times_to_use=750, port_number=6317, qid=17, times_record='/panfs/panasas01/phys/bf16951/QMD/ParallelDevelopment/Results/Oct_01/12_39/BayesFactorsTimeRecords/BayesFactorsPairsTimes_017.txt', trueModel='xTiPPyTiPPzTiPPzTz') (e0c0b1bf-2163-4c06-bc80-c7e7c1c3191d)
22:26:24 17: RemoteBayesFactor.BayesFactorRemote(bayes_threshold=100, bf_data_folder='/panfs/panasas01/phys/bf16951/QMD/ParallelDevelopment/Results/Oct_01/12_39/BayesFactorsTimeRecords/', branchID=None, host_name='node34-002', interbranch=True, log_file='/panfs/panasas01/phys/bf16951/QMD/ParallelDevelopment/Results/Oct_01/12_39/logs/NV-exp-method-sim__random-phase--probe__QMLA_17.qmd.8794614.log', model_a_id=5, model_b_id=7, num_times_to_use=750, port_number=6317, qid=17, times_record='/panfs/panasas01/phys/bf16951/QMD/ParallelDevelopment/Results/Oct_01/12_39/BayesFactorsTimeRecords/BayesFactorsPairsTimes_017.txt', trueModel='xTiPPyTiPPzTiPPzTz') (5c535f62-eeef-4c34-9075-234aebd111eb)
22:26:24 17: RemoteBayesFactor.BayesFactorRemote(bayes_threshold=100, bf_data_folder='/panfs/panasas01/phys/bf16951/QMD/ParallelDevelopment/Results/Oct_01/12_39/BayesFactorsTimeRecords/', branchID=None, host_name='node34-002', interbranch=True, log_file='/panfs/panasas01/phys/bf16951/QMD/ParallelDevelopment/Results/Oct_01/12_39/logs/NV-exp-method-sim__random-phase--probe__QMLA_17.qmd.8794614.log', model_a_id=7, model_b_id=9, num_times_to_use=750, port_number=6317, qid=17, times_record='/panfs/panasas01/phys/bf16951/QMD/ParallelDevelopment/Results/Oct_01/12_39/BayesFactorsTimeRecords/BayesFactorsPairsTimes_017.txt', trueModel='xTiPPyTiPPzTiPPzTz') (6405163f-8d4b-4bc2-a021-e767959e819b)
22:26:24 17: RemoteBayesFactor.BayesFactorRemote(bayes_threshold=100, bf_data_folder='/panfs/panasas01/phys/bf16951/QMD/ParallelDevelopment/Results/Oct_01/12_39/BayesFactorsTimeRecords/', branchID=None, host_name='node34-002', interbranch=True, log_file='/panfs/panasas01/phys/bf16951/QMD/ParallelDevelopment/Results/Oct_01/12_39/logs/NV-exp-method-sim__random-phase--probe__QMLA_17.qmd.8794614.log', model_a_id=9, model_b_id=11, num_times_to_use=750, port_number=6317, qid=17, times_record='/panfs/panasas01/phys/bf16951/QMD/ParallelDevelopment/Results/Oct_01/12_39/BayesFactorsTimeRecords/BayesFactorsPairsTimes_017.txt', trueModel='xTiPPyTiPPzTiPPzTz') (8e023f36-6b81-4aa3-8cd6-c1bc729e1a19)
22:26:24 17: RemoteBayesFactor.BayesFactorRemote(bayes_threshold=100, bf_data_folder='/panfs/panasas01/phys/bf16951/QMD/ParallelDevelopment/Results/Oct_01/12_39/BayesFactorsTimeRecords/', branchID=None, host_name='node34-002', interbranch=True, log_file='/panfs/panasas01/phys/bf16951/QMD/ParallelDevelopment/Results/Oct_01/12_39/logs/NV-exp-method-sim__random-phase--probe__QMLA_17.qmd.8794614.log', model_a_id=11, model_b_id=12, num_times_to_use=750, port_number=6317, qid=17, times_record='/panfs/panasas01/phys/bf16951/QMD/ParallelDevelopment/Results/Oct_01/12_39/BayesFactorsTimeRecords/BayesFactorsPairsTimes_017.txt', trueModel='xTiPPyTiPPzTiPPzTz') (78626a65-bd5b-4aa6-83a8-7b7d62de9147)
23:17:41 17: Job OK (8e023f36-6b81-4aa3-8cd6-c1bc729e1a19)
23:17:41 Result will never expire, clean up result key manually
23:17:41 Cleaning registries for queue: 17
23:17:41 
23:17:41 *** Listening on 17...
23:17:41 17: RemoteBayesFactor.BayesFactorRemote(bayes_threshold=100, bf_data_folder='/panfs/panasas01/phys/bf16951/QMD/ParallelDevelopment/Results/Oct_01/12_39/BayesFactorsTimeRecords/', branchID=None, host_name='node34-002', interbranch=True, log_file='/panfs/panasas01/phys/bf16951/QMD/ParallelDevelopment/Results/Oct_01/12_39/logs/NV-exp-method-sim__random-phase--probe__QMLA_17.qmd.8794614.log', model_a_id=12, model_b_id=16, num_times_to_use=750, port_number=6317, qid=17, times_record='/panfs/panasas01/phys/bf16951/QMD/ParallelDevelopment/Results/Oct_01/12_39/BayesFactorsTimeRecords/BayesFactorsPairsTimes_017.txt', trueModel='xTiPPyTiPPzTiPPzTz') (89daf479-a9f3-4c9d-99de-91c286450e3d)
23:18:51 17: Job OK (6405163f-8d4b-4bc2-a021-e767959e819b)
23:18:51 Result will never expire, clean up result key manually
23:18:51 Cleaning registries for queue: 17
23:18:51 
23:18:51 *** Listening on 17...
23:18:51 17: RemoteBayesFactor.BayesFactorRemote(bayes_threshold=100, bf_data_folder='/panfs/panasas01/phys/bf16951/QMD/ParallelDevelopment/Results/Oct_01/12_39/BayesFactorsTimeRecords/', branchID=None, host_name='node34-002', interbranch=True, log_file='/panfs/panasas01/phys/bf16951/QMD/ParallelDevelopment/Results/Oct_01/12_39/logs/NV-exp-method-sim__random-phase--probe__QMLA_17.qmd.8794614.log', model_a_id=16, model_b_id=17, num_times_to_use=750, port_number=6317, qid=17, times_record='/panfs/panasas01/phys/bf16951/QMD/ParallelDevelopment/Results/Oct_01/12_39/BayesFactorsTimeRecords/BayesFactorsPairsTimes_017.txt', trueModel='xTiPPyTiPPzTiPPzTz') (2f739566-49ad-4ee5-8aea-ea6a6685c6fe)
23:19:07 17: Job OK (e0c0b1bf-2163-4c06-bc80-c7e7c1c3191d)
23:19:07 Result will never expire, clean up result key manually
23:19:07 Cleaning registries for queue: 17
23:19:07 
23:19:07 *** Listening on 17...
23:19:29 17: Job OK (5c535f62-eeef-4c34-9075-234aebd111eb)
23:19:29 Result will never expire, clean up result key manually
23:19:29 Cleaning registries for queue: 17
23:19:29 
23:19:29 *** Listening on 17...
23:20:04 17: Job OK (78626a65-bd5b-4aa6-83a8-7b7d62de9147)
23:20:04 Result will never expire, clean up result key manually
23:20:04 
23:20:04 *** Listening on 17...
23:30:05 17: Job OK (201b1338-8830-48f4-b639-936c77802a01)
23:30:05 Result will never expire, clean up result key manually
23:30:05 Cleaning registries for queue: 17
23:30:05 
23:30:05 *** Listening on 17...
00:08:22 17: Job OK (89daf479-a9f3-4c9d-99de-91c286450e3d)
00:08:22 Result will never expire, clean up result key manually
00:08:22 
00:08:22 *** Listening on 17...
00:10:15 17: Job OK (2f739566-49ad-4ee5-8aea-ea6a6685c6fe)
00:10:15 Result will never expire, clean up result key manually
00:10:15 
00:10:15 *** Listening on 17...
00:10:15 17: RemoteBayesFactor.BayesFactorRemote(bayes_threshold=100, bf_data_folder='/panfs/panasas01/phys/bf16951/QMD/ParallelDevelopment/Results/Oct_01/12_39/BayesFactorsTimeRecords/', branchID=9, host_name='node34-002', interbranch=False, log_file='/panfs/panasas01/phys/bf16951/QMD/ParallelDevelopment/Results/Oct_01/12_39/logs/NV-exp-method-sim__random-phase--probe__QMLA_17.qmd.8794614.log', model_a_id=7.0, model_b_id=17.0, num_times_to_use=750, port_number=6317, qid=17, times_record='/panfs/panasas01/phys/bf16951/QMD/ParallelDevelopment/Results/Oct_01/12_39/BayesFactorsTimeRecords/BayesFactorsPairsTimes_017.txt', trueModel='xTiPPyTiPPzTiPPzTz') (117b96e9-8992-482c-af2e-9cec957b9e64)
00:10:15 17: RemoteBayesFactor.BayesFactorRemote(bayes_threshold=100, bf_data_folder='/panfs/panasas01/phys/bf16951/QMD/ParallelDevelopment/Results/Oct_01/12_39/BayesFactorsTimeRecords/', branchID=9, host_name='node34-002', interbranch=False, log_file='/panfs/panasas01/phys/bf16951/QMD/ParallelDevelopment/Results/Oct_01/12_39/logs/NV-exp-method-sim__random-phase--probe__QMLA_17.qmd.8794614.log', model_a_id=7.0, model_b_id=12.0, num_times_to_use=750, port_number=6317, qid=17, times_record='/panfs/panasas01/phys/bf16951/QMD/ParallelDevelopment/Results/Oct_01/12_39/BayesFactorsTimeRecords/BayesFactorsPairsTimes_017.txt', trueModel='xTiPPyTiPPzTiPPzTz') (158319d9-107c-4893-82cd-5d0102ca3410)
00:10:15 17: RemoteBayesFactor.BayesFactorRemote(bayes_threshold=100, bf_data_folder='/panfs/panasas01/phys/bf16951/QMD/ParallelDevelopment/Results/Oct_01/12_39/BayesFactorsTimeRecords/', branchID=9, host_name='node34-002', interbranch=False, log_file='/panfs/panasas01/phys/bf16951/QMD/ParallelDevelopment/Results/Oct_01/12_39/logs/NV-exp-method-sim__random-phase--probe__QMLA_17.qmd.8794614.log', model_a_id=17.0, model_b_id=3.0, num_times_to_use=750, port_number=6317, qid=17, times_record='/panfs/panasas01/phys/bf16951/QMD/ParallelDevelopment/Results/Oct_01/12_39/BayesFactorsTimeRecords/BayesFactorsPairsTimes_017.txt', trueModel='xTiPPyTiPPzTiPPzTz') (0dfbb0bf-7f9e-43cd-b1ee-4bf956fc7ba2)
00:10:15 17: RemoteBayesFactor.BayesFactorRemote(bayes_threshold=100, bf_data_folder='/panfs/panasas01/phys/bf16951/QMD/ParallelDevelopment/Results/Oct_01/12_39/BayesFactorsTimeRecords/', branchID=9, host_name='node34-002', interbranch=False, log_file='/panfs/panasas01/phys/bf16951/QMD/ParallelDevelopment/Results/Oct_01/12_39/logs/NV-exp-method-sim__random-phase--probe__QMLA_17.qmd.8794614.log', model_a_id=7.0, model_b_id=3.0, num_times_to_use=750, port_number=6317, qid=17, times_record='/panfs/panasas01/phys/bf16951/QMD/ParallelDevelopment/Results/Oct_01/12_39/BayesFactorsTimeRecords/BayesFactorsPairsTimes_017.txt', trueModel='xTiPPyTiPPzTiPPzTz') (13d20241-bf49-42f2-9e5e-17193b3232a1)
00:10:15 17: RemoteBayesFactor.BayesFactorRemote(bayes_threshold=100, bf_data_folder='/panfs/panasas01/phys/bf16951/QMD/ParallelDevelopment/Results/Oct_01/12_39/BayesFactorsTimeRecords/', branchID=9, host_name='node34-002', interbranch=False, log_file='/panfs/panasas01/phys/bf16951/QMD/ParallelDevelopment/Results/Oct_01/12_39/logs/NV-exp-method-sim__random-phase--probe__QMLA_17.qmd.8794614.log', model_a_id=3.0, model_b_id=12.0, num_times_to_use=750, port_number=6317, qid=17, times_record='/panfs/panasas01/phys/bf16951/QMD/ParallelDevelopment/Results/Oct_01/12_39/BayesFactorsTimeRecords/BayesFactorsPairsTimes_017.txt', trueModel='xTiPPyTiPPzTiPPzTz') (93bcf5cb-d2ab-4b8e-aac8-ef57e7ca9ae2)
00:10:15 17: RemoteBayesFactor.BayesFactorRemote(bayes_threshold=100, bf_data_folder='/panfs/panasas01/phys/bf16951/QMD/ParallelDevelopment/Results/Oct_01/12_39/BayesFactorsTimeRecords/', branchID=9, host_name='node34-002', interbranch=False, log_file='/panfs/panasas01/phys/bf16951/QMD/ParallelDevelopment/Results/Oct_01/12_39/logs/NV-exp-method-sim__random-phase--probe__QMLA_17.qmd.8794614.log', model_a_id=17.0, model_b_id=12.0, num_times_to_use=750, port_number=6317, qid=17, times_record='/panfs/panasas01/phys/bf16951/QMD/ParallelDevelopment/Results/Oct_01/12_39/BayesFactorsTimeRecords/BayesFactorsPairsTimes_017.txt', trueModel='xTiPPyTiPPzTiPPzTz') (d517f44b-45ef-4612-9152-e56e95e444b3)
01:02:23 17: Job OK (0dfbb0bf-7f9e-43cd-b1ee-4bf956fc7ba2)
01:02:23 Result will never expire, clean up result key manually
01:02:23 Cleaning registries for queue: 17
01:02:23 
01:02:23 *** Listening on 17...
01:03:08 17: Job OK (d517f44b-45ef-4612-9152-e56e95e444b3)
01:03:08 Result will never expire, clean up result key manually
01:03:08 Cleaning registries for queue: 17
01:03:08 
01:03:08 *** Listening on 17...
01:03:20 17: Job OK (93bcf5cb-d2ab-4b8e-aac8-ef57e7ca9ae2)
01:03:20 Result will never expire, clean up result key manually
01:03:20 Cleaning registries for queue: 17
01:03:20 
01:03:20 *** Listening on 17...
01:03:43 17: Job OK (158319d9-107c-4893-82cd-5d0102ca3410)
01:03:43 Result will never expire, clean up result key manually
01:03:43 Cleaning registries for queue: 17
01:03:43 
01:03:43 *** Listening on 17...
01:03:47 17: Job OK (117b96e9-8992-482c-af2e-9cec957b9e64)
01:03:47 Result will never expire, clean up result key manually
01:03:47 Cleaning registries for queue: 17
01:03:47 
01:03:47 *** Listening on 17...
01:04:13 17: Job OK (13d20241-bf49-42f2-9e5e-17193b3232a1)
01:04:13 Result will never expire, clean up result key manually
01:04:13 Cleaning registries for queue: 17
01:04:13 
01:04:13 *** Listening on 17...
Error 111 connecting to node34-002:6317. Connection refused.
Error 111 connecting to node34-002:6317. Connection refused.
Error 111 connecting to node34-002:6317. Connection refused.
Error 111 connecting to node34-002:6317. Connection refused.
Error 111 connecting to node34-002:6317. Connection refused.
Error 111 connecting to node34-002:6317. Connection refused.
