12:57:47 RQ worker 'rq:worker:node33-030.4024' started, version 0.8.1
12:57:47 RQ worker 'rq:worker:node33-030.4025' started, version 0.8.1
12:57:47 RQ worker 'rq:worker:node33-030.4027' started, version 0.8.1
12:57:47 RQ worker 'rq:worker:node33-030.4028' started, version 0.8.1
12:57:47 RQ worker 'rq:worker:node33-030.4033' started, version 0.8.1
12:57:47 Cleaning registries for queue: 88
12:57:47 Cleaning registries for queue: 88
12:57:47 Cleaning registries for queue: 88
12:57:47 Cleaning registries for queue: 88
12:57:47 Cleaning registries for queue: 88
12:57:47 
12:57:47 
12:57:47 *** Listening on 88...
12:57:47 *** Listening on 88...
12:57:47 
12:57:47 
12:57:47 *** Listening on 88...
12:57:47 *** Listening on 88...
12:57:47 
12:57:47 *** Listening on 88...
12:57:47 RQ worker 'rq:worker:node33-030.4026' started, version 0.8.1
12:57:47 Cleaning registries for queue: 88
12:57:47 
12:57:47 *** Listening on 88...
12:57:59 88: RemoteModelLearning.learnModelRemote('yTi', 1.0, branchID=0, growth_generator='two_qubit_ising_rotation_hyperfine_transverse', host_name='node33-030', log_file='/panfs/panasas01/phys/bf16951/QMD/ParallelDevelopment/Results/Oct_01/12_39/logs/NV-exp-method-sim__random-phase--probe__QMLA_88.qmd.8794685.log', port_number=6388, qid=88, remote=True) (8372dbf9-6294-43c8-9d8b-8682409e6892)
12:57:59 88: RemoteModelLearning.learnModelRemote('xTi', 0.0, branchID=0, growth_generator='two_qubit_ising_rotation_hyperfine_transverse', host_name='node33-030', log_file='/panfs/panasas01/phys/bf16951/QMD/ParallelDevelopment/Results/Oct_01/12_39/logs/NV-exp-method-sim__random-phase--probe__QMLA_88.qmd.8794685.log', port_number=6388, qid=88, remote=True) (a9ddc11f-587b-4a5c-a495-4084e264cad0)
12:57:59 88: RemoteModelLearning.learnModelRemote('zTi', 2.0, branchID=0, growth_generator='two_qubit_ising_rotation_hyperfine_transverse', host_name='node33-030', log_file='/panfs/panasas01/phys/bf16951/QMD/ParallelDevelopment/Results/Oct_01/12_39/logs/NV-exp-method-sim__random-phase--probe__QMLA_88.qmd.8794685.log', port_number=6388, qid=88, remote=True) (291b11ef-25db-4baf-a263-3c34100ba47b)
13:20:47 88: Job OK (a9ddc11f-587b-4a5c-a495-4084e264cad0)
13:20:47 Result will never expire, clean up result key manually
13:20:47 
13:20:47 *** Listening on 88...
13:24:22 88: Job OK (8372dbf9-6294-43c8-9d8b-8682409e6892)
13:24:22 Result will never expire, clean up result key manually
13:24:22 
13:24:22 *** Listening on 88...
13:33:56 88: Job OK (291b11ef-25db-4baf-a263-3c34100ba47b)
13:33:56 Result will never expire, clean up result key manually
13:33:56 
13:33:56 *** Listening on 88...
13:33:56 88: RemoteBayesFactor.BayesFactorRemote(bayes_threshold=100, bf_data_folder='/panfs/panasas01/phys/bf16951/QMD/ParallelDevelopment/Results/Oct_01/12_39/BayesFactorsTimeRecords/', branchID=0, host_name='node33-030', interbranch=False, log_file='/panfs/panasas01/phys/bf16951/QMD/ParallelDevelopment/Results/Oct_01/12_39/logs/NV-exp-method-sim__random-phase--probe__QMLA_88.qmd.8794685.log', model_a_id=0, model_b_id=1, num_times_to_use=750, port_number=6388, qid=88, times_record='/panfs/panasas01/phys/bf16951/QMD/ParallelDevelopment/Results/Oct_01/12_39/BayesFactorsTimeRecords/BayesFactorsPairsTimes_088.txt', trueModel='xTiPPyTiPPzTiPPzTz') (6b7b92da-f93a-4de8-99e1-b5f05752b177)
13:33:56 88: RemoteBayesFactor.BayesFactorRemote(bayes_threshold=100, bf_data_folder='/panfs/panasas01/phys/bf16951/QMD/ParallelDevelopment/Results/Oct_01/12_39/BayesFactorsTimeRecords/', branchID=0, host_name='node33-030', interbranch=False, log_file='/panfs/panasas01/phys/bf16951/QMD/ParallelDevelopment/Results/Oct_01/12_39/logs/NV-exp-method-sim__random-phase--probe__QMLA_88.qmd.8794685.log', model_a_id=0, model_b_id=2, num_times_to_use=750, port_number=6388, qid=88, times_record='/panfs/panasas01/phys/bf16951/QMD/ParallelDevelopment/Results/Oct_01/12_39/BayesFactorsTimeRecords/BayesFactorsPairsTimes_088.txt', trueModel='xTiPPyTiPPzTiPPzTz') (46199190-d041-436d-a9cb-7853a9d6ce9f)
13:33:56 88: RemoteBayesFactor.BayesFactorRemote(bayes_threshold=100, bf_data_folder='/panfs/panasas01/phys/bf16951/QMD/ParallelDevelopment/Results/Oct_01/12_39/BayesFactorsTimeRecords/', branchID=0, host_name='node33-030', interbranch=False, log_file='/panfs/panasas01/phys/bf16951/QMD/ParallelDevelopment/Results/Oct_01/12_39/logs/NV-exp-method-sim__random-phase--probe__QMLA_88.qmd.8794685.log', model_a_id=1, model_b_id=2, num_times_to_use=750, port_number=6388, qid=88, times_record='/panfs/panasas01/phys/bf16951/QMD/ParallelDevelopment/Results/Oct_01/12_39/BayesFactorsTimeRecords/BayesFactorsPairsTimes_088.txt', trueModel='xTiPPyTiPPzTiPPzTz') (1545ec40-fe56-4c9d-bb43-a247f42671a8)
14:23:24 88: Job OK (6b7b92da-f93a-4de8-99e1-b5f05752b177)
14:23:24 Result will never expire, clean up result key manually
14:23:24 Cleaning registries for queue: 88
14:23:24 
14:23:24 *** Listening on 88...
14:37:10 88: Job OK (46199190-d041-436d-a9cb-7853a9d6ce9f)
14:37:10 Result will never expire, clean up result key manually
14:37:10 Cleaning registries for queue: 88
14:37:10 
14:37:10 *** Listening on 88...
14:41:18 88: Job OK (1545ec40-fe56-4c9d-bb43-a247f42671a8)
14:41:18 Result will never expire, clean up result key manually
14:41:18 Cleaning registries for queue: 88
14:41:18 
14:41:18 *** Listening on 88...
14:41:18 88: RemoteModelLearning.learnModelRemote('yTiPPzTi', 3.0, branchID=1, growth_generator='two_qubit_ising_rotation_hyperfine_transverse', host_name='node33-030', log_file='/panfs/panasas01/phys/bf16951/QMD/ParallelDevelopment/Results/Oct_01/12_39/logs/NV-exp-method-sim__random-phase--probe__QMLA_88.qmd.8794685.log', port_number=6388, qid=88, remote=True) (fa211550-82c9-4e15-8379-c4eb02ae1531)
14:41:18 88: RemoteModelLearning.learnModelRemote('xTiPPzTi', 4.0, branchID=1, growth_generator='two_qubit_ising_rotation_hyperfine_transverse', host_name='node33-030', log_file='/panfs/panasas01/phys/bf16951/QMD/ParallelDevelopment/Results/Oct_01/12_39/logs/NV-exp-method-sim__random-phase--probe__QMLA_88.qmd.8794685.log', port_number=6388, qid=88, remote=True) (5eed5665-e99b-40fb-8e7e-b707098afb3d)
15:05:49 88: Job OK (5eed5665-e99b-40fb-8e7e-b707098afb3d)
15:05:49 Result will never expire, clean up result key manually
15:05:49 
15:05:49 *** Listening on 88...
15:07:37 88: Job OK (fa211550-82c9-4e15-8379-c4eb02ae1531)
15:07:37 Result will never expire, clean up result key manually
15:07:37 
15:07:37 *** Listening on 88...
15:07:37 88: RemoteBayesFactor.BayesFactorRemote(bayes_threshold=100, bf_data_folder='/panfs/panasas01/phys/bf16951/QMD/ParallelDevelopment/Results/Oct_01/12_39/BayesFactorsTimeRecords/', branchID=1, host_name='node33-030', interbranch=False, log_file='/panfs/panasas01/phys/bf16951/QMD/ParallelDevelopment/Results/Oct_01/12_39/logs/NV-exp-method-sim__random-phase--probe__QMLA_88.qmd.8794685.log', model_a_id=3, model_b_id=4, num_times_to_use=750, port_number=6388, qid=88, times_record='/panfs/panasas01/phys/bf16951/QMD/ParallelDevelopment/Results/Oct_01/12_39/BayesFactorsTimeRecords/BayesFactorsPairsTimes_088.txt', trueModel='xTiPPyTiPPzTiPPzTz') (0002ad84-8cac-449b-aa58-8dd294353b80)
15:58:05 88: Job OK (0002ad84-8cac-449b-aa58-8dd294353b80)
15:58:05 Result will never expire, clean up result key manually
15:58:05 Cleaning registries for queue: 88
15:58:05 
15:58:05 *** Listening on 88...
15:58:05 88: RemoteModelLearning.learnModelRemote('xTiPPyTiPPzTi', 5.0, branchID=2, growth_generator='two_qubit_ising_rotation_hyperfine_transverse', host_name='node33-030', log_file='/panfs/panasas01/phys/bf16951/QMD/ParallelDevelopment/Results/Oct_01/12_39/logs/NV-exp-method-sim__random-phase--probe__QMLA_88.qmd.8794685.log', port_number=6388, qid=88, remote=True) (9858a886-91f7-4ab5-8f71-2df41791325d)
16:24:25 88: Job OK (9858a886-91f7-4ab5-8f71-2df41791325d)
16:24:25 Result will never expire, clean up result key manually
16:24:25 Cleaning registries for queue: 88
16:24:25 
16:24:25 *** Listening on 88...
16:24:25 88: RemoteModelLearning.learnModelRemote('xTiPPyTiPPzTiPPzTz', 6.0, branchID=3, growth_generator='two_qubit_ising_rotation_hyperfine_transverse', host_name='node33-030', log_file='/panfs/panasas01/phys/bf16951/QMD/ParallelDevelopment/Results/Oct_01/12_39/logs/NV-exp-method-sim__random-phase--probe__QMLA_88.qmd.8794685.log', port_number=6388, qid=88, remote=True) (79c74a70-c48b-4563-b3c4-3afe7788b198)
16:24:25 88: RemoteModelLearning.learnModelRemote('xTiPPxTxPPyTiPPzTi', 7.0, branchID=3, growth_generator='two_qubit_ising_rotation_hyperfine_transverse', host_name='node33-030', log_file='/panfs/panasas01/phys/bf16951/QMD/ParallelDevelopment/Results/Oct_01/12_39/logs/NV-exp-method-sim__random-phase--probe__QMLA_88.qmd.8794685.log', port_number=6388, qid=88, remote=True) (3e0dfd39-7555-473e-827f-779194d7fd3b)
16:24:25 88: RemoteModelLearning.learnModelRemote('xTiPPyTiPPyTyPPzTi', 8.0, branchID=3, growth_generator='two_qubit_ising_rotation_hyperfine_transverse', host_name='node33-030', log_file='/panfs/panasas01/phys/bf16951/QMD/ParallelDevelopment/Results/Oct_01/12_39/logs/NV-exp-method-sim__random-phase--probe__QMLA_88.qmd.8794685.log', port_number=6388, qid=88, remote=True) (2c947f7e-f7ec-41a3-a4f7-4331323f55f0)
16:49:49 88: Job OK (3e0dfd39-7555-473e-827f-779194d7fd3b)
16:49:49 Result will never expire, clean up result key manually
16:49:49 Cleaning registries for queue: 88
16:49:49 
16:49:49 *** Listening on 88...
16:50:15 88: Job OK (79c74a70-c48b-4563-b3c4-3afe7788b198)
16:50:15 Result will never expire, clean up result key manually
16:50:15 Cleaning registries for queue: 88
16:50:15 
16:50:15 *** Listening on 88...
16:50:43 88: Job OK (2c947f7e-f7ec-41a3-a4f7-4331323f55f0)
16:50:43 Result will never expire, clean up result key manually
16:50:43 Cleaning registries for queue: 88
16:50:43 
16:50:43 *** Listening on 88...
16:50:44 88: RemoteBayesFactor.BayesFactorRemote(bayes_threshold=100, bf_data_folder='/panfs/panasas01/phys/bf16951/QMD/ParallelDevelopment/Results/Oct_01/12_39/BayesFactorsTimeRecords/', branchID=3, host_name='node33-030', interbranch=False, log_file='/panfs/panasas01/phys/bf16951/QMD/ParallelDevelopment/Results/Oct_01/12_39/logs/NV-exp-method-sim__random-phase--probe__QMLA_88.qmd.8794685.log', model_a_id=6, model_b_id=8, num_times_to_use=750, port_number=6388, qid=88, times_record='/panfs/panasas01/phys/bf16951/QMD/ParallelDevelopment/Results/Oct_01/12_39/BayesFactorsTimeRecords/BayesFactorsPairsTimes_088.txt', trueModel='xTiPPyTiPPzTiPPzTz') (b06dbf66-ddca-4014-bec1-fe7d26889be6)
16:50:44 88: RemoteBayesFactor.BayesFactorRemote(bayes_threshold=100, bf_data_folder='/panfs/panasas01/phys/bf16951/QMD/ParallelDevelopment/Results/Oct_01/12_39/BayesFactorsTimeRecords/', branchID=3, host_name='node33-030', interbranch=False, log_file='/panfs/panasas01/phys/bf16951/QMD/ParallelDevelopment/Results/Oct_01/12_39/logs/NV-exp-method-sim__random-phase--probe__QMLA_88.qmd.8794685.log', model_a_id=6, model_b_id=7, num_times_to_use=750, port_number=6388, qid=88, times_record='/panfs/panasas01/phys/bf16951/QMD/ParallelDevelopment/Results/Oct_01/12_39/BayesFactorsTimeRecords/BayesFactorsPairsTimes_088.txt', trueModel='xTiPPyTiPPzTiPPzTz') (9c151b42-4c7a-48ed-8461-8c229952e819)
16:50:44 88: RemoteBayesFactor.BayesFactorRemote(bayes_threshold=100, bf_data_folder='/panfs/panasas01/phys/bf16951/QMD/ParallelDevelopment/Results/Oct_01/12_39/BayesFactorsTimeRecords/', branchID=3, host_name='node33-030', interbranch=False, log_file='/panfs/panasas01/phys/bf16951/QMD/ParallelDevelopment/Results/Oct_01/12_39/logs/NV-exp-method-sim__random-phase--probe__QMLA_88.qmd.8794685.log', model_a_id=7, model_b_id=8, num_times_to_use=750, port_number=6388, qid=88, times_record='/panfs/panasas01/phys/bf16951/QMD/ParallelDevelopment/Results/Oct_01/12_39/BayesFactorsTimeRecords/BayesFactorsPairsTimes_088.txt', trueModel='xTiPPyTiPPzTiPPzTz') (5b191568-aa47-4ba8-95f3-d4e6ff6b1664)
17:41:39 88: Job OK (9c151b42-4c7a-48ed-8461-8c229952e819)
17:41:39 Result will never expire, clean up result key manually
17:41:39 Cleaning registries for queue: 88
17:41:39 
17:41:39 *** Listening on 88...
17:42:07 88: Job OK (b06dbf66-ddca-4014-bec1-fe7d26889be6)
17:42:07 Result will never expire, clean up result key manually
17:42:07 Cleaning registries for queue: 88
17:42:07 
17:42:07 *** Listening on 88...
17:42:29 88: Job OK (5b191568-aa47-4ba8-95f3-d4e6ff6b1664)
17:42:29 Result will never expire, clean up result key manually
17:42:29 Cleaning registries for queue: 88
17:42:29 
17:42:29 *** Listening on 88...
17:42:29 88: RemoteModelLearning.learnModelRemote('xTiPPyTiPPyTyPPzTiPPzTz', 10.0, branchID=4, growth_generator='two_qubit_ising_rotation_hyperfine_transverse', host_name='node33-030', log_file='/panfs/panasas01/phys/bf16951/QMD/ParallelDevelopment/Results/Oct_01/12_39/logs/NV-exp-method-sim__random-phase--probe__QMLA_88.qmd.8794685.log', port_number=6388, qid=88, remote=True) (4dded4ba-2156-4809-9eaa-4fcb9b603127)
17:42:29 88: RemoteModelLearning.learnModelRemote('xTiPPxTxPPyTiPPzTiPPzTz', 9.0, branchID=4, growth_generator='two_qubit_ising_rotation_hyperfine_transverse', host_name='node33-030', log_file='/panfs/panasas01/phys/bf16951/QMD/ParallelDevelopment/Results/Oct_01/12_39/logs/NV-exp-method-sim__random-phase--probe__QMLA_88.qmd.8794685.log', port_number=6388, qid=88, remote=True) (627de505-74fb-4774-97e7-cf7758086cde)
18:07:20 88: Job OK (4dded4ba-2156-4809-9eaa-4fcb9b603127)
18:07:20 Result will never expire, clean up result key manually
18:07:20 Cleaning registries for queue: 88
18:07:20 
18:07:20 *** Listening on 88...
18:07:56 88: Job OK (627de505-74fb-4774-97e7-cf7758086cde)
18:07:56 Result will never expire, clean up result key manually
18:07:56 Cleaning registries for queue: 88
18:07:56 
18:07:56 *** Listening on 88...
18:07:56 88: RemoteBayesFactor.BayesFactorRemote(bayes_threshold=100, bf_data_folder='/panfs/panasas01/phys/bf16951/QMD/ParallelDevelopment/Results/Oct_01/12_39/BayesFactorsTimeRecords/', branchID=4, host_name='node33-030', interbranch=False, log_file='/panfs/panasas01/phys/bf16951/QMD/ParallelDevelopment/Results/Oct_01/12_39/logs/NV-exp-method-sim__random-phase--probe__QMLA_88.qmd.8794685.log', model_a_id=9, model_b_id=10, num_times_to_use=750, port_number=6388, qid=88, times_record='/panfs/panasas01/phys/bf16951/QMD/ParallelDevelopment/Results/Oct_01/12_39/BayesFactorsTimeRecords/BayesFactorsPairsTimes_088.txt', trueModel='xTiPPyTiPPzTiPPzTz') (f7bc84c4-64ca-4b51-bf43-5b0c67290895)
18:58:33 88: Job OK (f7bc84c4-64ca-4b51-bf43-5b0c67290895)
18:58:33 Result will never expire, clean up result key manually
18:58:33 Cleaning registries for queue: 88
18:58:33 
18:58:33 *** Listening on 88...
18:58:33 88: RemoteModelLearning.learnModelRemote('xTiPPxTxPPyTiPPyTyPPzTiPPzTz', 11.0, branchID=5, growth_generator='two_qubit_ising_rotation_hyperfine_transverse', host_name='node33-030', log_file='/panfs/panasas01/phys/bf16951/QMD/ParallelDevelopment/Results/Oct_01/12_39/logs/NV-exp-method-sim__random-phase--probe__QMLA_88.qmd.8794685.log', port_number=6388, qid=88, remote=True) (9cccd675-9f56-4558-aca0-b9cccfe73f5d)
19:23:53 88: Job OK (9cccd675-9f56-4558-aca0-b9cccfe73f5d)
19:23:53 Result will never expire, clean up result key manually
19:23:53 Cleaning registries for queue: 88
19:23:53 
19:23:53 *** Listening on 88...
19:23:53 88: RemoteModelLearning.learnModelRemote('xTiPPxTxPPyTiPPyTyPPyTzPPzTiPPzTz', 12.0, branchID=6, growth_generator='two_qubit_ising_rotation_hyperfine_transverse', host_name='node33-030', log_file='/panfs/panasas01/phys/bf16951/QMD/ParallelDevelopment/Results/Oct_01/12_39/logs/NV-exp-method-sim__random-phase--probe__QMLA_88.qmd.8794685.log', port_number=6388, qid=88, remote=True) (d3d1cbee-33a6-4bfc-aa23-71311bd5af45)
19:23:53 88: RemoteModelLearning.learnModelRemote('xTiPPxTxPPxTyPPyTiPPyTyPPzTiPPzTz', 13.0, branchID=6, growth_generator='two_qubit_ising_rotation_hyperfine_transverse', host_name='node33-030', log_file='/panfs/panasas01/phys/bf16951/QMD/ParallelDevelopment/Results/Oct_01/12_39/logs/NV-exp-method-sim__random-phase--probe__QMLA_88.qmd.8794685.log', port_number=6388, qid=88, remote=True) (7a5cfa18-7eb8-4bab-9167-cc64bca51752)
19:23:53 88: RemoteModelLearning.learnModelRemote('xTiPPxTxPPxTzPPyTiPPyTyPPzTiPPzTz', 14.0, branchID=6, growth_generator='two_qubit_ising_rotation_hyperfine_transverse', host_name='node33-030', log_file='/panfs/panasas01/phys/bf16951/QMD/ParallelDevelopment/Results/Oct_01/12_39/logs/NV-exp-method-sim__random-phase--probe__QMLA_88.qmd.8794685.log', port_number=6388, qid=88, remote=True) (4779a329-220c-4aac-8a4c-5675125a9c76)
19:49:39 88: Job OK (7a5cfa18-7eb8-4bab-9167-cc64bca51752)
19:49:39 Result will never expire, clean up result key manually
19:49:39 Cleaning registries for queue: 88
19:49:39 
19:49:39 *** Listening on 88...
19:49:44 88: Job OK (d3d1cbee-33a6-4bfc-aa23-71311bd5af45)
19:49:44 Result will never expire, clean up result key manually
19:49:44 Cleaning registries for queue: 88
19:49:44 
19:49:44 *** Listening on 88...
19:49:55 88: Job OK (4779a329-220c-4aac-8a4c-5675125a9c76)
19:49:55 Result will never expire, clean up result key manually
19:49:55 Cleaning registries for queue: 88
19:49:55 
19:49:55 *** Listening on 88...
19:49:56 88: RemoteBayesFactor.BayesFactorRemote(bayes_threshold=100, bf_data_folder='/panfs/panasas01/phys/bf16951/QMD/ParallelDevelopment/Results/Oct_01/12_39/BayesFactorsTimeRecords/', branchID=6, host_name='node33-030', interbranch=False, log_file='/panfs/panasas01/phys/bf16951/QMD/ParallelDevelopment/Results/Oct_01/12_39/logs/NV-exp-method-sim__random-phase--probe__QMLA_88.qmd.8794685.log', model_a_id=12, model_b_id=13, num_times_to_use=750, port_number=6388, qid=88, times_record='/panfs/panasas01/phys/bf16951/QMD/ParallelDevelopment/Results/Oct_01/12_39/BayesFactorsTimeRecords/BayesFactorsPairsTimes_088.txt', trueModel='xTiPPyTiPPzTiPPzTz') (7026b031-7426-47ce-901b-8980de7f4def)
19:49:56 88: RemoteBayesFactor.BayesFactorRemote(bayes_threshold=100, bf_data_folder='/panfs/panasas01/phys/bf16951/QMD/ParallelDevelopment/Results/Oct_01/12_39/BayesFactorsTimeRecords/', branchID=6, host_name='node33-030', interbranch=False, log_file='/panfs/panasas01/phys/bf16951/QMD/ParallelDevelopment/Results/Oct_01/12_39/logs/NV-exp-method-sim__random-phase--probe__QMLA_88.qmd.8794685.log', model_a_id=12, model_b_id=14, num_times_to_use=750, port_number=6388, qid=88, times_record='/panfs/panasas01/phys/bf16951/QMD/ParallelDevelopment/Results/Oct_01/12_39/BayesFactorsTimeRecords/BayesFactorsPairsTimes_088.txt', trueModel='xTiPPyTiPPzTiPPzTz') (8764d929-6365-4661-94e5-caa9cb48189c)
19:49:56 88: RemoteBayesFactor.BayesFactorRemote(bayes_threshold=100, bf_data_folder='/panfs/panasas01/phys/bf16951/QMD/ParallelDevelopment/Results/Oct_01/12_39/BayesFactorsTimeRecords/', branchID=6, host_name='node33-030', interbranch=False, log_file='/panfs/panasas01/phys/bf16951/QMD/ParallelDevelopment/Results/Oct_01/12_39/logs/NV-exp-method-sim__random-phase--probe__QMLA_88.qmd.8794685.log', model_a_id=13, model_b_id=14, num_times_to_use=750, port_number=6388, qid=88, times_record='/panfs/panasas01/phys/bf16951/QMD/ParallelDevelopment/Results/Oct_01/12_39/BayesFactorsTimeRecords/BayesFactorsPairsTimes_088.txt', trueModel='xTiPPyTiPPzTiPPzTz') (3935017d-cbe2-4d31-9cbb-679148603773)
20:39:36 88: Job OK (7026b031-7426-47ce-901b-8980de7f4def)
20:39:36 Result will never expire, clean up result key manually
20:39:36 Cleaning registries for queue: 88
20:39:36 
20:39:36 *** Listening on 88...
20:40:12 88: Job OK (3935017d-cbe2-4d31-9cbb-679148603773)
20:40:12 Result will never expire, clean up result key manually
20:40:12 Cleaning registries for queue: 88
20:40:12 
20:40:12 *** Listening on 88...
20:40:43 88: Job OK (8764d929-6365-4661-94e5-caa9cb48189c)
20:40:43 Result will never expire, clean up result key manually
20:40:43 Cleaning registries for queue: 88
20:40:43 
20:40:43 *** Listening on 88...
20:40:43 88: RemoteModelLearning.learnModelRemote('xTiPPxTxPPxTyPPyTiPPyTyPPyTzPPzTiPPzTz', 16.0, branchID=7, growth_generator='two_qubit_ising_rotation_hyperfine_transverse', host_name='node33-030', log_file='/panfs/panasas01/phys/bf16951/QMD/ParallelDevelopment/Results/Oct_01/12_39/logs/NV-exp-method-sim__random-phase--probe__QMLA_88.qmd.8794685.log', port_number=6388, qid=88, remote=True) (71b42f67-6614-467a-bd8c-6c29656149b9)
20:40:43 88: RemoteModelLearning.learnModelRemote('xTiPPxTxPPxTzPPyTiPPyTyPPyTzPPzTiPPzTz', 15.0, branchID=7, growth_generator='two_qubit_ising_rotation_hyperfine_transverse', host_name='node33-030', log_file='/panfs/panasas01/phys/bf16951/QMD/ParallelDevelopment/Results/Oct_01/12_39/logs/NV-exp-method-sim__random-phase--probe__QMLA_88.qmd.8794685.log', port_number=6388, qid=88, remote=True) (e647615f-7cf9-40db-bb28-17086106b5ba)
21:05:33 88: Job OK (e647615f-7cf9-40db-bb28-17086106b5ba)
21:05:33 Result will never expire, clean up result key manually
21:05:33 Cleaning registries for queue: 88
21:05:33 
21:05:33 *** Listening on 88...
21:05:44 88: Job OK (71b42f67-6614-467a-bd8c-6c29656149b9)
21:05:44 Result will never expire, clean up result key manually
21:05:44 Cleaning registries for queue: 88
21:05:44 
21:05:44 *** Listening on 88...
21:05:45 88: RemoteBayesFactor.BayesFactorRemote(bayes_threshold=100, bf_data_folder='/panfs/panasas01/phys/bf16951/QMD/ParallelDevelopment/Results/Oct_01/12_39/BayesFactorsTimeRecords/', branchID=7, host_name='node33-030', interbranch=False, log_file='/panfs/panasas01/phys/bf16951/QMD/ParallelDevelopment/Results/Oct_01/12_39/logs/NV-exp-method-sim__random-phase--probe__QMLA_88.qmd.8794685.log', model_a_id=15, model_b_id=16, num_times_to_use=750, port_number=6388, qid=88, times_record='/panfs/panasas01/phys/bf16951/QMD/ParallelDevelopment/Results/Oct_01/12_39/BayesFactorsTimeRecords/BayesFactorsPairsTimes_088.txt', trueModel='xTiPPyTiPPzTiPPzTz') (2ae421e1-b588-4937-b9a7-58a2bfb1b98e)
21:56:49 88: Job OK (2ae421e1-b588-4937-b9a7-58a2bfb1b98e)
21:56:49 Result will never expire, clean up result key manually
21:56:49 Cleaning registries for queue: 88
21:56:49 
21:56:49 *** Listening on 88...
21:56:49 88: RemoteModelLearning.learnModelRemote('xTiPPxTxPPxTyPPxTzPPyTiPPyTyPPyTzPPzTiPPzTz', 17.0, branchID=8, growth_generator='two_qubit_ising_rotation_hyperfine_transverse', host_name='node33-030', log_file='/panfs/panasas01/phys/bf16951/QMD/ParallelDevelopment/Results/Oct_01/12_39/logs/NV-exp-method-sim__random-phase--probe__QMLA_88.qmd.8794685.log', port_number=6388, qid=88, remote=True) (17bd0263-c3d5-4163-b21b-3daa1837c81e)
22:21:45 88: Job OK (17bd0263-c3d5-4163-b21b-3daa1837c81e)
22:21:45 Result will never expire, clean up result key manually
22:21:45 88: RemoteBayesFactor.BayesFactorRemote(bayes_threshold=100, bf_data_folder='/panfs/panasas01/phys/bf16951/QMD/ParallelDevelopment/Results/Oct_01/12_39/BayesFactorsTimeRecords/', branchID=None, host_name='node33-030', interbranch=True, log_file='/panfs/panasas01/phys/bf16951/QMD/ParallelDevelopment/Results/Oct_01/12_39/logs/NV-exp-method-sim__random-phase--probe__QMLA_88.qmd.8794685.log', model_a_id=2, model_b_id=4, num_times_to_use=750, port_number=6388, qid=88, times_record='/panfs/panasas01/phys/bf16951/QMD/ParallelDevelopment/Results/Oct_01/12_39/BayesFactorsTimeRecords/BayesFactorsPairsTimes_088.txt', trueModel='xTiPPyTiPPzTiPPzTz') (131389f1-caec-4370-a8d2-9697f9d277d2)
22:21:45 88: RemoteBayesFactor.BayesFactorRemote(bayes_threshold=100, bf_data_folder='/panfs/panasas01/phys/bf16951/QMD/ParallelDevelopment/Results/Oct_01/12_39/BayesFactorsTimeRecords/', branchID=None, host_name='node33-030', interbranch=True, log_file='/panfs/panasas01/phys/bf16951/QMD/ParallelDevelopment/Results/Oct_01/12_39/logs/NV-exp-method-sim__random-phase--probe__QMLA_88.qmd.8794685.log', model_a_id=4, model_b_id=5, num_times_to_use=750, port_number=6388, qid=88, times_record='/panfs/panasas01/phys/bf16951/QMD/ParallelDevelopment/Results/Oct_01/12_39/BayesFactorsTimeRecords/BayesFactorsPairsTimes_088.txt', trueModel='xTiPPyTiPPzTiPPzTz') (c0f469fd-7d37-4928-a648-864beeea52d8)
22:21:45 88: RemoteBayesFactor.BayesFactorRemote(bayes_threshold=100, bf_data_folder='/panfs/panasas01/phys/bf16951/QMD/ParallelDevelopment/Results/Oct_01/12_39/BayesFactorsTimeRecords/', branchID=None, host_name='node33-030', interbranch=True, log_file='/panfs/panasas01/phys/bf16951/QMD/ParallelDevelopment/Results/Oct_01/12_39/logs/NV-exp-method-sim__random-phase--probe__QMLA_88.qmd.8794685.log', model_a_id=6, model_b_id=10, num_times_to_use=750, port_number=6388, qid=88, times_record='/panfs/panasas01/phys/bf16951/QMD/ParallelDevelopment/Results/Oct_01/12_39/BayesFactorsTimeRecords/BayesFactorsPairsTimes_088.txt', trueModel='xTiPPyTiPPzTiPPzTz') (d3e85711-48d6-4d7f-91e1-dc7800ae21bc)
22:21:45 88: RemoteBayesFactor.BayesFactorRemote(bayes_threshold=100, bf_data_folder='/panfs/panasas01/phys/bf16951/QMD/ParallelDevelopment/Results/Oct_01/12_39/BayesFactorsTimeRecords/', branchID=None, host_name='node33-030', interbranch=True, log_file='/panfs/panasas01/phys/bf16951/QMD/ParallelDevelopment/Results/Oct_01/12_39/logs/NV-exp-method-sim__random-phase--probe__QMLA_88.qmd.8794685.log', model_a_id=10, model_b_id=11, num_times_to_use=750, port_number=6388, qid=88, times_record='/panfs/panasas01/phys/bf16951/QMD/ParallelDevelopment/Results/Oct_01/12_39/BayesFactorsTimeRecords/BayesFactorsPairsTimes_088.txt', trueModel='xTiPPyTiPPzTiPPzTz') (996558a9-d547-407a-b9e9-5a0b1fd1655c)
22:21:45 88: RemoteBayesFactor.BayesFactorRemote(bayes_threshold=100, bf_data_folder='/panfs/panasas01/phys/bf16951/QMD/ParallelDevelopment/Results/Oct_01/12_39/BayesFactorsTimeRecords/', branchID=None, host_name='node33-030', interbranch=True, log_file='/panfs/panasas01/phys/bf16951/QMD/ParallelDevelopment/Results/Oct_01/12_39/logs/NV-exp-method-sim__random-phase--probe__QMLA_88.qmd.8794685.log', model_a_id=5, model_b_id=6, num_times_to_use=750, port_number=6388, qid=88, times_record='/panfs/panasas01/phys/bf16951/QMD/ParallelDevelopment/Results/Oct_01/12_39/BayesFactorsTimeRecords/BayesFactorsPairsTimes_088.txt', trueModel='xTiPPyTiPPzTiPPzTz') (eb5efdf4-a470-43fe-b58c-6a86074d9c91)
22:21:45 Cleaning registries for queue: 88
22:21:45 
22:21:45 *** Listening on 88...
22:21:45 88: RemoteBayesFactor.BayesFactorRemote(bayes_threshold=100, bf_data_folder='/panfs/panasas01/phys/bf16951/QMD/ParallelDevelopment/Results/Oct_01/12_39/BayesFactorsTimeRecords/', branchID=None, host_name='node33-030', interbranch=True, log_file='/panfs/panasas01/phys/bf16951/QMD/ParallelDevelopment/Results/Oct_01/12_39/logs/NV-exp-method-sim__random-phase--probe__QMLA_88.qmd.8794685.log', model_a_id=11, model_b_id=12, num_times_to_use=750, port_number=6388, qid=88, times_record='/panfs/panasas01/phys/bf16951/QMD/ParallelDevelopment/Results/Oct_01/12_39/BayesFactorsTimeRecords/BayesFactorsPairsTimes_088.txt', trueModel='xTiPPyTiPPzTiPPzTz') (e98a262e-0335-420a-b3ca-b4c26f0d8d2e)
23:13:15 88: Job OK (996558a9-d547-407a-b9e9-5a0b1fd1655c)
23:13:15 Result will never expire, clean up result key manually
23:13:15 Cleaning registries for queue: 88
23:13:15 
23:13:15 *** Listening on 88...
23:13:15 88: RemoteBayesFactor.BayesFactorRemote(bayes_threshold=100, bf_data_folder='/panfs/panasas01/phys/bf16951/QMD/ParallelDevelopment/Results/Oct_01/12_39/BayesFactorsTimeRecords/', branchID=None, host_name='node33-030', interbranch=True, log_file='/panfs/panasas01/phys/bf16951/QMD/ParallelDevelopment/Results/Oct_01/12_39/logs/NV-exp-method-sim__random-phase--probe__QMLA_88.qmd.8794685.log', model_a_id=12, model_b_id=16, num_times_to_use=750, port_number=6388, qid=88, times_record='/panfs/panasas01/phys/bf16951/QMD/ParallelDevelopment/Results/Oct_01/12_39/BayesFactorsTimeRecords/BayesFactorsPairsTimes_088.txt', trueModel='xTiPPyTiPPzTiPPzTz') (371e10c6-e383-48ec-a40a-543ce0c4a1c4)
23:13:30 88: Job OK (c0f469fd-7d37-4928-a648-864beeea52d8)
23:13:30 Result will never expire, clean up result key manually
23:13:30 Cleaning registries for queue: 88
23:13:30 
23:13:30 *** Listening on 88...
23:13:30 88: RemoteBayesFactor.BayesFactorRemote(bayes_threshold=100, bf_data_folder='/panfs/panasas01/phys/bf16951/QMD/ParallelDevelopment/Results/Oct_01/12_39/BayesFactorsTimeRecords/', branchID=None, host_name='node33-030', interbranch=True, log_file='/panfs/panasas01/phys/bf16951/QMD/ParallelDevelopment/Results/Oct_01/12_39/logs/NV-exp-method-sim__random-phase--probe__QMLA_88.qmd.8794685.log', model_a_id=16, model_b_id=17, num_times_to_use=750, port_number=6388, qid=88, times_record='/panfs/panasas01/phys/bf16951/QMD/ParallelDevelopment/Results/Oct_01/12_39/BayesFactorsTimeRecords/BayesFactorsPairsTimes_088.txt', trueModel='xTiPPyTiPPzTiPPzTz') (418eabf5-d1c4-47cf-b274-b916e9c4d834)
23:13:35 88: Job OK (e98a262e-0335-420a-b3ca-b4c26f0d8d2e)
23:13:35 Result will never expire, clean up result key manually
23:13:35 
23:13:35 *** Listening on 88...
23:13:57 88: Job OK (d3e85711-48d6-4d7f-91e1-dc7800ae21bc)
23:13:57 Result will never expire, clean up result key manually
23:13:57 Cleaning registries for queue: 88
23:13:57 
23:13:57 *** Listening on 88...
23:20:27 88: Job OK (131389f1-caec-4370-a8d2-9697f9d277d2)
23:20:27 Result will never expire, clean up result key manually
23:20:27 Cleaning registries for queue: 88
23:20:27 
23:20:27 *** Listening on 88...
23:24:26 88: Job OK (eb5efdf4-a470-43fe-b58c-6a86074d9c91)
23:24:26 Result will never expire, clean up result key manually
23:24:26 Cleaning registries for queue: 88
23:24:26 
23:24:26 *** Listening on 88...
00:02:21 88: Job OK (371e10c6-e383-48ec-a40a-543ce0c4a1c4)
00:02:21 Result will never expire, clean up result key manually
00:02:21 
00:02:21 *** Listening on 88...
00:03:56 88: Job OK (418eabf5-d1c4-47cf-b274-b916e9c4d834)
00:03:56 Result will never expire, clean up result key manually
00:03:56 
00:03:56 *** Listening on 88...
00:03:56 88: RemoteBayesFactor.BayesFactorRemote(bayes_threshold=100, bf_data_folder='/panfs/panasas01/phys/bf16951/QMD/ParallelDevelopment/Results/Oct_01/12_39/BayesFactorsTimeRecords/', branchID=9, host_name='node33-030', interbranch=False, log_file='/panfs/panasas01/phys/bf16951/QMD/ParallelDevelopment/Results/Oct_01/12_39/logs/NV-exp-method-sim__random-phase--probe__QMLA_88.qmd.8794685.log', model_a_id=10.0, model_b_id=16.0, num_times_to_use=750, port_number=6388, qid=88, times_record='/panfs/panasas01/phys/bf16951/QMD/ParallelDevelopment/Results/Oct_01/12_39/BayesFactorsTimeRecords/BayesFactorsPairsTimes_088.txt', trueModel='xTiPPyTiPPzTiPPzTz') (c00aa52e-a7b4-45ca-a171-bf9da14acec8)
00:53:22 88: Job OK (c00aa52e-a7b4-45ca-a171-bf9da14acec8)
00:53:22 Result will never expire, clean up result key manually
00:53:22 Cleaning registries for queue: 88
00:53:22 
00:53:22 *** Listening on 88...
00:53:23 88: RemoteBayesFactor.BayesFactorRemote(bayes_threshold=100, bf_data_folder='/panfs/panasas01/phys/bf16951/QMD/ParallelDevelopment/Results/Oct_01/12_39/BayesFactorsTimeRecords/', branchID=None, host_name='node33-030', interbranch=True, log_file='/panfs/panasas01/phys/bf16951/QMD/ParallelDevelopment/Results/Oct_01/12_39/logs/NV-exp-method-sim__random-phase--probe__QMLA_88.qmd.8794685.log', model_a_id=10, model_b_id=18, num_times_to_use=750, port_number=6388, qid=88, times_record='/panfs/panasas01/phys/bf16951/QMD/ParallelDevelopment/Results/Oct_01/12_39/BayesFactorsTimeRecords/BayesFactorsPairsTimes_088.txt', trueModel='xTiPPyTiPPzTiPPzTz') (91844ee9-af76-4f8f-8075-92d8660a2f89)
01:44:48 88: Job OK (91844ee9-af76-4f8f-8075-92d8660a2f89)
01:44:48 Result will never expire, clean up result key manually
01:44:48 Cleaning registries for queue: 88
01:44:48 
01:44:48 *** Listening on 88...
Error 111 connecting to node33-030:6388. Connection refused.
Error 111 connecting to node33-030:6388. Connection refused.
Error 111 connecting to node33-030:6388. Connection refused.
Error 111 connecting to node33-030:6388. Connection refused.
Error 111 connecting to node33-030:6388. Connection refused.
Error 111 connecting to node33-030:6388. Connection refused.
