12:40:25 RQ worker 'rq:worker:node33-024.42445' started, version 0.8.1
12:40:25 Cleaning registries for queue: 3
12:40:25 RQ worker 'rq:worker:node33-024.42441' started, version 0.8.1
12:40:25 RQ worker 'rq:worker:node33-024.42442' started, version 0.8.1
12:40:25 RQ worker 'rq:worker:node33-024.42443' started, version 0.8.1
12:40:25 RQ worker 'rq:worker:node33-024.42444' started, version 0.8.1
12:40:25 Cleaning registries for queue: 3
12:40:25 Cleaning registries for queue: 3
12:40:25 Cleaning registries for queue: 3
12:40:25 Cleaning registries for queue: 3
12:40:25 
12:40:25 *** Listening on 3...
12:40:25 
12:40:25 
12:40:25 RQ worker 'rq:worker:node33-024.42446' started, version 0.8.1
12:40:25 
12:40:25 
12:40:25 *** Listening on 3...
12:40:25 *** Listening on 3...
12:40:25 *** Listening on 3...
12:40:25 *** Listening on 3...
12:40:25 Cleaning registries for queue: 3
12:40:25 
12:40:25 *** Listening on 3...
12:40:38 3: RemoteModelLearning.learnModelRemote('zTi', 2.0, branchID=0, growth_generator='two_qubit_ising_rotation_hyperfine_transverse', host_name='node33-024', log_file='/panfs/panasas01/phys/bf16951/QMD/ParallelDevelopment/Results/Oct_01/12_39/logs/NV-exp-method-sim__random-phase--probe__QMLA_3.qmd.8794600.log', port_number=6303, qid=3, remote=True) (c4c9312a-503c-4b35-bf08-f9a9eadd220b)
12:40:38 3: RemoteModelLearning.learnModelRemote('yTi', 1.0, branchID=0, growth_generator='two_qubit_ising_rotation_hyperfine_transverse', host_name='node33-024', log_file='/panfs/panasas01/phys/bf16951/QMD/ParallelDevelopment/Results/Oct_01/12_39/logs/NV-exp-method-sim__random-phase--probe__QMLA_3.qmd.8794600.log', port_number=6303, qid=3, remote=True) (48f7159d-1a8a-40db-8ade-bd02d90f91b8)
12:40:38 3: RemoteModelLearning.learnModelRemote('xTi', 0.0, branchID=0, growth_generator='two_qubit_ising_rotation_hyperfine_transverse', host_name='node33-024', log_file='/panfs/panasas01/phys/bf16951/QMD/ParallelDevelopment/Results/Oct_01/12_39/logs/NV-exp-method-sim__random-phase--probe__QMLA_3.qmd.8794600.log', port_number=6303, qid=3, remote=True) (f2c59ed2-d01f-4bf8-a567-7cd3043f7e04)
13:03:51 3: Job OK (f2c59ed2-d01f-4bf8-a567-7cd3043f7e04)
13:03:51 Result will never expire, clean up result key manually
13:03:51 
13:03:51 *** Listening on 3...
13:07:45 3: Job OK (48f7159d-1a8a-40db-8ade-bd02d90f91b8)
13:07:45 Result will never expire, clean up result key manually
13:07:45 
13:07:45 *** Listening on 3...
13:17:46 3: Job OK (c4c9312a-503c-4b35-bf08-f9a9eadd220b)
13:17:46 Result will never expire, clean up result key manually
13:17:46 
13:17:46 *** Listening on 3...
13:17:46 3: RemoteBayesFactor.BayesFactorRemote(bayes_threshold=100, bf_data_folder='/panfs/panasas01/phys/bf16951/QMD/ParallelDevelopment/Results/Oct_01/12_39/BayesFactorsTimeRecords/', branchID=0, host_name='node33-024', interbranch=False, log_file='/panfs/panasas01/phys/bf16951/QMD/ParallelDevelopment/Results/Oct_01/12_39/logs/NV-exp-method-sim__random-phase--probe__QMLA_3.qmd.8794600.log', model_a_id=0, model_b_id=2, num_times_to_use=750, port_number=6303, qid=3, times_record='/panfs/panasas01/phys/bf16951/QMD/ParallelDevelopment/Results/Oct_01/12_39/BayesFactorsTimeRecords/BayesFactorsPairsTimes_003.txt', trueModel='xTiPPyTiPPzTiPPzTz') (99ba6314-a994-4856-b890-59ff9ad2faf0)
13:17:46 3: RemoteBayesFactor.BayesFactorRemote(bayes_threshold=100, bf_data_folder='/panfs/panasas01/phys/bf16951/QMD/ParallelDevelopment/Results/Oct_01/12_39/BayesFactorsTimeRecords/', branchID=0, host_name='node33-024', interbranch=False, log_file='/panfs/panasas01/phys/bf16951/QMD/ParallelDevelopment/Results/Oct_01/12_39/logs/NV-exp-method-sim__random-phase--probe__QMLA_3.qmd.8794600.log', model_a_id=0, model_b_id=1, num_times_to_use=750, port_number=6303, qid=3, times_record='/panfs/panasas01/phys/bf16951/QMD/ParallelDevelopment/Results/Oct_01/12_39/BayesFactorsTimeRecords/BayesFactorsPairsTimes_003.txt', trueModel='xTiPPyTiPPzTiPPzTz') (91329261-8625-4366-bff0-8e0f326ae072)
13:17:46 3: RemoteBayesFactor.BayesFactorRemote(bayes_threshold=100, bf_data_folder='/panfs/panasas01/phys/bf16951/QMD/ParallelDevelopment/Results/Oct_01/12_39/BayesFactorsTimeRecords/', branchID=0, host_name='node33-024', interbranch=False, log_file='/panfs/panasas01/phys/bf16951/QMD/ParallelDevelopment/Results/Oct_01/12_39/logs/NV-exp-method-sim__random-phase--probe__QMLA_3.qmd.8794600.log', model_a_id=1, model_b_id=2, num_times_to_use=750, port_number=6303, qid=3, times_record='/panfs/panasas01/phys/bf16951/QMD/ParallelDevelopment/Results/Oct_01/12_39/BayesFactorsTimeRecords/BayesFactorsPairsTimes_003.txt', trueModel='xTiPPyTiPPzTiPPzTz') (5c3d6532-69b0-4e74-9c1a-ca535e80b8d4)
14:08:30 3: Job OK (91329261-8625-4366-bff0-8e0f326ae072)
14:08:30 Result will never expire, clean up result key manually
14:08:30 Cleaning registries for queue: 3
14:08:30 
14:08:30 *** Listening on 3...
14:22:12 3: Job OK (99ba6314-a994-4856-b890-59ff9ad2faf0)
14:22:12 Result will never expire, clean up result key manually
14:22:12 Cleaning registries for queue: 3
14:22:12 
14:22:12 *** Listening on 3...
14:26:24 3: Job OK (5c3d6532-69b0-4e74-9c1a-ca535e80b8d4)
14:26:24 Result will never expire, clean up result key manually
14:26:24 Cleaning registries for queue: 3
14:26:24 
14:26:24 *** Listening on 3...
14:26:24 3: RemoteModelLearning.learnModelRemote('xTiPPzTi', 4.0, branchID=1, growth_generator='two_qubit_ising_rotation_hyperfine_transverse', host_name='node33-024', log_file='/panfs/panasas01/phys/bf16951/QMD/ParallelDevelopment/Results/Oct_01/12_39/logs/NV-exp-method-sim__random-phase--probe__QMLA_3.qmd.8794600.log', port_number=6303, qid=3, remote=True) (a3b516a7-ef38-4a77-9ec9-10d2e72c695d)
14:26:24 3: RemoteModelLearning.learnModelRemote('yTiPPzTi', 3.0, branchID=1, growth_generator='two_qubit_ising_rotation_hyperfine_transverse', host_name='node33-024', log_file='/panfs/panasas01/phys/bf16951/QMD/ParallelDevelopment/Results/Oct_01/12_39/logs/NV-exp-method-sim__random-phase--probe__QMLA_3.qmd.8794600.log', port_number=6303, qid=3, remote=True) (42d7ab74-f364-4861-bc1d-9a7ca18d6a03)
15:03:32 3: Job OK (42d7ab74-f364-4861-bc1d-9a7ca18d6a03)
15:03:32 Result will never expire, clean up result key manually
15:03:32 
15:03:32 *** Listening on 3...
15:03:52 3: Job OK (a3b516a7-ef38-4a77-9ec9-10d2e72c695d)
15:03:52 Result will never expire, clean up result key manually
15:03:52 
15:03:52 *** Listening on 3...
15:03:52 3: RemoteBayesFactor.BayesFactorRemote(bayes_threshold=100, bf_data_folder='/panfs/panasas01/phys/bf16951/QMD/ParallelDevelopment/Results/Oct_01/12_39/BayesFactorsTimeRecords/', branchID=1, host_name='node33-024', interbranch=False, log_file='/panfs/panasas01/phys/bf16951/QMD/ParallelDevelopment/Results/Oct_01/12_39/logs/NV-exp-method-sim__random-phase--probe__QMLA_3.qmd.8794600.log', model_a_id=3, model_b_id=4, num_times_to_use=750, port_number=6303, qid=3, times_record='/panfs/panasas01/phys/bf16951/QMD/ParallelDevelopment/Results/Oct_01/12_39/BayesFactorsTimeRecords/BayesFactorsPairsTimes_003.txt', trueModel='xTiPPyTiPPzTiPPzTz') (ea9f3b66-c3fc-47d2-8fa5-5181f5547c85)
16:00:41 3: Job OK (ea9f3b66-c3fc-47d2-8fa5-5181f5547c85)
16:00:41 Result will never expire, clean up result key manually
16:00:41 Cleaning registries for queue: 3
16:00:41 
16:00:41 *** Listening on 3...
16:00:41 3: RemoteModelLearning.learnModelRemote('xTiPPyTiPPzTi', 5.0, branchID=2, growth_generator='two_qubit_ising_rotation_hyperfine_transverse', host_name='node33-024', log_file='/panfs/panasas01/phys/bf16951/QMD/ParallelDevelopment/Results/Oct_01/12_39/logs/NV-exp-method-sim__random-phase--probe__QMLA_3.qmd.8794600.log', port_number=6303, qid=3, remote=True) (0832fc33-f08a-43a4-9df7-641b93cbc460)
16:28:01 3: Job OK (0832fc33-f08a-43a4-9df7-641b93cbc460)
16:28:01 Result will never expire, clean up result key manually
16:28:01 Cleaning registries for queue: 3
16:28:01 
16:28:01 *** Listening on 3...
16:28:02 3: RemoteModelLearning.learnModelRemote('xTiPPyTiPPzTiPPzTz', 7.0, branchID=3, growth_generator='two_qubit_ising_rotation_hyperfine_transverse', host_name='node33-024', log_file='/panfs/panasas01/phys/bf16951/QMD/ParallelDevelopment/Results/Oct_01/12_39/logs/NV-exp-method-sim__random-phase--probe__QMLA_3.qmd.8794600.log', port_number=6303, qid=3, remote=True) (8aff81a1-071e-4091-95a7-9783f5c76efd)
16:28:02 3: RemoteModelLearning.learnModelRemote('xTiPPxTxPPyTiPPzTi', 6.0, branchID=3, growth_generator='two_qubit_ising_rotation_hyperfine_transverse', host_name='node33-024', log_file='/panfs/panasas01/phys/bf16951/QMD/ParallelDevelopment/Results/Oct_01/12_39/logs/NV-exp-method-sim__random-phase--probe__QMLA_3.qmd.8794600.log', port_number=6303, qid=3, remote=True) (5d4e0f9e-34ff-47b5-9604-ea839a41c22a)
16:28:02 3: RemoteModelLearning.learnModelRemote('xTiPPyTiPPyTyPPzTi', 8.0, branchID=3, growth_generator='two_qubit_ising_rotation_hyperfine_transverse', host_name='node33-024', log_file='/panfs/panasas01/phys/bf16951/QMD/ParallelDevelopment/Results/Oct_01/12_39/logs/NV-exp-method-sim__random-phase--probe__QMLA_3.qmd.8794600.log', port_number=6303, qid=3, remote=True) (073ff8de-2675-46a8-b57c-b74440108b61)
16:54:07 3: Job OK (073ff8de-2675-46a8-b57c-b74440108b61)
16:54:07 Result will never expire, clean up result key manually
16:54:07 
16:54:07 *** Listening on 3...
16:54:22 3: Job OK (8aff81a1-071e-4091-95a7-9783f5c76efd)
16:54:22 Result will never expire, clean up result key manually
16:54:22 Cleaning registries for queue: 3
16:54:22 
16:54:22 *** Listening on 3...
16:54:57 3: Job OK (5d4e0f9e-34ff-47b5-9604-ea839a41c22a)
16:54:57 Result will never expire, clean up result key manually
16:54:57 Cleaning registries for queue: 3
16:54:57 
16:54:57 *** Listening on 3...
16:54:57 3: RemoteBayesFactor.BayesFactorRemote(bayes_threshold=100, bf_data_folder='/panfs/panasas01/phys/bf16951/QMD/ParallelDevelopment/Results/Oct_01/12_39/BayesFactorsTimeRecords/', branchID=3, host_name='node33-024', interbranch=False, log_file='/panfs/panasas01/phys/bf16951/QMD/ParallelDevelopment/Results/Oct_01/12_39/logs/NV-exp-method-sim__random-phase--probe__QMLA_3.qmd.8794600.log', model_a_id=6, model_b_id=8, num_times_to_use=750, port_number=6303, qid=3, times_record='/panfs/panasas01/phys/bf16951/QMD/ParallelDevelopment/Results/Oct_01/12_39/BayesFactorsTimeRecords/BayesFactorsPairsTimes_003.txt', trueModel='xTiPPyTiPPzTiPPzTz') (7024e3d0-85ad-4e62-b62c-bace7bd810d8)
16:54:57 3: RemoteBayesFactor.BayesFactorRemote(bayes_threshold=100, bf_data_folder='/panfs/panasas01/phys/bf16951/QMD/ParallelDevelopment/Results/Oct_01/12_39/BayesFactorsTimeRecords/', branchID=3, host_name='node33-024', interbranch=False, log_file='/panfs/panasas01/phys/bf16951/QMD/ParallelDevelopment/Results/Oct_01/12_39/logs/NV-exp-method-sim__random-phase--probe__QMLA_3.qmd.8794600.log', model_a_id=7, model_b_id=8, num_times_to_use=750, port_number=6303, qid=3, times_record='/panfs/panasas01/phys/bf16951/QMD/ParallelDevelopment/Results/Oct_01/12_39/BayesFactorsTimeRecords/BayesFactorsPairsTimes_003.txt', trueModel='xTiPPyTiPPzTiPPzTz') (0714d3ea-cdca-40bc-89d7-0f3cd01df5af)
16:54:57 3: RemoteBayesFactor.BayesFactorRemote(bayes_threshold=100, bf_data_folder='/panfs/panasas01/phys/bf16951/QMD/ParallelDevelopment/Results/Oct_01/12_39/BayesFactorsTimeRecords/', branchID=3, host_name='node33-024', interbranch=False, log_file='/panfs/panasas01/phys/bf16951/QMD/ParallelDevelopment/Results/Oct_01/12_39/logs/NV-exp-method-sim__random-phase--probe__QMLA_3.qmd.8794600.log', model_a_id=6, model_b_id=7, num_times_to_use=750, port_number=6303, qid=3, times_record='/panfs/panasas01/phys/bf16951/QMD/ParallelDevelopment/Results/Oct_01/12_39/BayesFactorsTimeRecords/BayesFactorsPairsTimes_003.txt', trueModel='xTiPPyTiPPzTiPPzTz') (310f1f15-e2c6-432e-9b40-0beaee3491a0)
17:45:51 3: Job OK (0714d3ea-cdca-40bc-89d7-0f3cd01df5af)
17:45:51 Result will never expire, clean up result key manually
17:45:51 Cleaning registries for queue: 3
17:45:51 
17:45:51 *** Listening on 3...
17:48:37 3: Job OK (7024e3d0-85ad-4e62-b62c-bace7bd810d8)
17:48:37 Result will never expire, clean up result key manually
17:48:37 Cleaning registries for queue: 3
17:48:37 
17:48:37 *** Listening on 3...
17:49:22 3: Job OK (310f1f15-e2c6-432e-9b40-0beaee3491a0)
17:49:22 Result will never expire, clean up result key manually
17:49:22 Cleaning registries for queue: 3
17:49:22 
17:49:22 *** Listening on 3...
17:49:22 3: RemoteModelLearning.learnModelRemote('xTiPPyTiPPyTyPPzTiPPzTz', 9.0, branchID=4, growth_generator='two_qubit_ising_rotation_hyperfine_transverse', host_name='node33-024', log_file='/panfs/panasas01/phys/bf16951/QMD/ParallelDevelopment/Results/Oct_01/12_39/logs/NV-exp-method-sim__random-phase--probe__QMLA_3.qmd.8794600.log', port_number=6303, qid=3, remote=True) (40ef1783-c6e0-4e7c-8918-11554f2180bc)
17:49:22 3: RemoteModelLearning.learnModelRemote('xTiPPxTxPPyTiPPzTiPPzTz', 10.0, branchID=4, growth_generator='two_qubit_ising_rotation_hyperfine_transverse', host_name='node33-024', log_file='/panfs/panasas01/phys/bf16951/QMD/ParallelDevelopment/Results/Oct_01/12_39/logs/NV-exp-method-sim__random-phase--probe__QMLA_3.qmd.8794600.log', port_number=6303, qid=3, remote=True) (69fb4f29-3951-4944-bd07-4c0939a127b7)
18:15:47 3: Job OK (69fb4f29-3951-4944-bd07-4c0939a127b7)
18:15:47 Result will never expire, clean up result key manually
18:15:47 Cleaning registries for queue: 3
18:15:47 
18:15:47 *** Listening on 3...
18:16:20 3: Job OK (40ef1783-c6e0-4e7c-8918-11554f2180bc)
18:16:20 Result will never expire, clean up result key manually
18:16:21 
18:16:21 *** Listening on 3...
18:16:21 3: RemoteBayesFactor.BayesFactorRemote(bayes_threshold=100, bf_data_folder='/panfs/panasas01/phys/bf16951/QMD/ParallelDevelopment/Results/Oct_01/12_39/BayesFactorsTimeRecords/', branchID=4, host_name='node33-024', interbranch=False, log_file='/panfs/panasas01/phys/bf16951/QMD/ParallelDevelopment/Results/Oct_01/12_39/logs/NV-exp-method-sim__random-phase--probe__QMLA_3.qmd.8794600.log', model_a_id=9, model_b_id=10, num_times_to_use=750, port_number=6303, qid=3, times_record='/panfs/panasas01/phys/bf16951/QMD/ParallelDevelopment/Results/Oct_01/12_39/BayesFactorsTimeRecords/BayesFactorsPairsTimes_003.txt', trueModel='xTiPPyTiPPzTiPPzTz') (56ca0020-efe8-46d7-bdb1-3d4f03dde52c)
19:16:48 3: Job OK (56ca0020-efe8-46d7-bdb1-3d4f03dde52c)
19:16:48 Result will never expire, clean up result key manually
19:16:48 Cleaning registries for queue: 3
19:16:48 
19:16:48 *** Listening on 3...
19:16:49 3: RemoteModelLearning.learnModelRemote('xTiPPxTxPPyTiPPyTyPPzTiPPzTz', 11.0, branchID=5, growth_generator='two_qubit_ising_rotation_hyperfine_transverse', host_name='node33-024', log_file='/panfs/panasas01/phys/bf16951/QMD/ParallelDevelopment/Results/Oct_01/12_39/logs/NV-exp-method-sim__random-phase--probe__QMLA_3.qmd.8794600.log', port_number=6303, qid=3, remote=True) (9763d79b-044b-4b52-995a-1714ba486367)
19:41:49 3: Job OK (9763d79b-044b-4b52-995a-1714ba486367)
19:41:49 Result will never expire, clean up result key manually
19:41:49 Cleaning registries for queue: 3
19:41:49 
19:41:49 *** Listening on 3...
19:41:50 3: RemoteModelLearning.learnModelRemote('xTiPPxTxPPxTyPPyTiPPyTyPPzTiPPzTz', 12.0, branchID=6, growth_generator='two_qubit_ising_rotation_hyperfine_transverse', host_name='node33-024', log_file='/panfs/panasas01/phys/bf16951/QMD/ParallelDevelopment/Results/Oct_01/12_39/logs/NV-exp-method-sim__random-phase--probe__QMLA_3.qmd.8794600.log', port_number=6303, qid=3, remote=True) (2befbc1f-5a3a-4827-8a62-191e70e904e4)
19:41:50 3: RemoteModelLearning.learnModelRemote('xTiPPxTxPPyTiPPyTyPPyTzPPzTiPPzTz', 13.0, branchID=6, growth_generator='two_qubit_ising_rotation_hyperfine_transverse', host_name='node33-024', log_file='/panfs/panasas01/phys/bf16951/QMD/ParallelDevelopment/Results/Oct_01/12_39/logs/NV-exp-method-sim__random-phase--probe__QMLA_3.qmd.8794600.log', port_number=6303, qid=3, remote=True) (73f9cd7c-d31f-40a4-9bee-5d06a0886e2d)
19:41:50 3: RemoteModelLearning.learnModelRemote('xTiPPxTxPPxTzPPyTiPPyTyPPzTiPPzTz', 14.0, branchID=6, growth_generator='two_qubit_ising_rotation_hyperfine_transverse', host_name='node33-024', log_file='/panfs/panasas01/phys/bf16951/QMD/ParallelDevelopment/Results/Oct_01/12_39/logs/NV-exp-method-sim__random-phase--probe__QMLA_3.qmd.8794600.log', port_number=6303, qid=3, remote=True) (7c76d3d2-1286-47b7-9fe7-e50956134d11)
20:07:11 3: Job OK (2befbc1f-5a3a-4827-8a62-191e70e904e4)
20:07:11 Result will never expire, clean up result key manually
20:07:11 Cleaning registries for queue: 3
20:07:11 
20:07:11 *** Listening on 3...
20:07:29 3: Job OK (7c76d3d2-1286-47b7-9fe7-e50956134d11)
20:07:29 Result will never expire, clean up result key manually
20:07:29 Cleaning registries for queue: 3
20:07:29 
20:07:29 *** Listening on 3...
20:07:30 3: Job OK (73f9cd7c-d31f-40a4-9bee-5d06a0886e2d)
20:07:30 Result will never expire, clean up result key manually
20:07:30 Cleaning registries for queue: 3
20:07:30 
20:07:30 *** Listening on 3...
20:07:30 3: RemoteBayesFactor.BayesFactorRemote(bayes_threshold=100, bf_data_folder='/panfs/panasas01/phys/bf16951/QMD/ParallelDevelopment/Results/Oct_01/12_39/BayesFactorsTimeRecords/', branchID=6, host_name='node33-024', interbranch=False, log_file='/panfs/panasas01/phys/bf16951/QMD/ParallelDevelopment/Results/Oct_01/12_39/logs/NV-exp-method-sim__random-phase--probe__QMLA_3.qmd.8794600.log', model_a_id=12, model_b_id=13, num_times_to_use=750, port_number=6303, qid=3, times_record='/panfs/panasas01/phys/bf16951/QMD/ParallelDevelopment/Results/Oct_01/12_39/BayesFactorsTimeRecords/BayesFactorsPairsTimes_003.txt', trueModel='xTiPPyTiPPzTiPPzTz') (2532d7b3-069c-4c28-9b65-bbad6c5f558c)
20:07:30 3: RemoteBayesFactor.BayesFactorRemote(bayes_threshold=100, bf_data_folder='/panfs/panasas01/phys/bf16951/QMD/ParallelDevelopment/Results/Oct_01/12_39/BayesFactorsTimeRecords/', branchID=6, host_name='node33-024', interbranch=False, log_file='/panfs/panasas01/phys/bf16951/QMD/ParallelDevelopment/Results/Oct_01/12_39/logs/NV-exp-method-sim__random-phase--probe__QMLA_3.qmd.8794600.log', model_a_id=13, model_b_id=14, num_times_to_use=750, port_number=6303, qid=3, times_record='/panfs/panasas01/phys/bf16951/QMD/ParallelDevelopment/Results/Oct_01/12_39/BayesFactorsTimeRecords/BayesFactorsPairsTimes_003.txt', trueModel='xTiPPyTiPPzTiPPzTz') (233113e3-fec7-4084-9af6-37644a4594b6)
20:07:30 3: RemoteBayesFactor.BayesFactorRemote(bayes_threshold=100, bf_data_folder='/panfs/panasas01/phys/bf16951/QMD/ParallelDevelopment/Results/Oct_01/12_39/BayesFactorsTimeRecords/', branchID=6, host_name='node33-024', interbranch=False, log_file='/panfs/panasas01/phys/bf16951/QMD/ParallelDevelopment/Results/Oct_01/12_39/logs/NV-exp-method-sim__random-phase--probe__QMLA_3.qmd.8794600.log', model_a_id=12, model_b_id=14, num_times_to_use=750, port_number=6303, qid=3, times_record='/panfs/panasas01/phys/bf16951/QMD/ParallelDevelopment/Results/Oct_01/12_39/BayesFactorsTimeRecords/BayesFactorsPairsTimes_003.txt', trueModel='xTiPPyTiPPzTiPPzTz') (67cd41ef-675e-4749-808a-5a6ffb64637a)
20:58:02 3: Job OK (233113e3-fec7-4084-9af6-37644a4594b6)
20:58:02 Result will never expire, clean up result key manually
20:58:02 Cleaning registries for queue: 3
20:58:02 
20:58:02 *** Listening on 3...
21:00:10 3: Job OK (67cd41ef-675e-4749-808a-5a6ffb64637a)
21:00:10 Result will never expire, clean up result key manually
21:00:10 Cleaning registries for queue: 3
21:00:10 
21:00:10 *** Listening on 3...
21:01:15 3: Job OK (2532d7b3-069c-4c28-9b65-bbad6c5f558c)
21:01:15 Result will never expire, clean up result key manually
21:01:15 3: RemoteBayesFactor.BayesFactorRemote(bayes_threshold=1, bf_data_folder='/panfs/panasas01/phys/bf16951/QMD/ParallelDevelopment/Results/Oct_01/12_39/BayesFactorsTimeRecords/', branchID=None, host_name='node33-024', interbranch=True, log_file='/panfs/panasas01/phys/bf16951/QMD/ParallelDevelopment/Results/Oct_01/12_39/logs/NV-exp-method-sim__random-phase--probe__QMLA_3.qmd.8794600.log', model_a_id=12, model_b_id=14, num_times_to_use=750, port_number=6303, qid=3, times_record='/panfs/panasas01/phys/bf16951/QMD/ParallelDevelopment/Results/Oct_01/12_39/BayesFactorsTimeRecords/BayesFactorsPairsTimes_003.txt', trueModel='xTiPPyTiPPzTiPPzTz') (cc62c3b9-b89b-4a86-919c-ff59076de1cb)
21:01:15 3: RemoteBayesFactor.BayesFactorRemote(bayes_threshold=1, bf_data_folder='/panfs/panasas01/phys/bf16951/QMD/ParallelDevelopment/Results/Oct_01/12_39/BayesFactorsTimeRecords/', branchID=None, host_name='node33-024', interbranch=True, log_file='/panfs/panasas01/phys/bf16951/QMD/ParallelDevelopment/Results/Oct_01/12_39/logs/NV-exp-method-sim__random-phase--probe__QMLA_3.qmd.8794600.log', model_a_id=12, model_b_id=13, num_times_to_use=750, port_number=6303, qid=3, times_record='/panfs/panasas01/phys/bf16951/QMD/ParallelDevelopment/Results/Oct_01/12_39/BayesFactorsTimeRecords/BayesFactorsPairsTimes_003.txt', trueModel='xTiPPyTiPPzTiPPzTz') (3e78e4a0-dffd-4d3e-939e-d88e1b450fda)
21:01:15 3: RemoteBayesFactor.BayesFactorRemote(bayes_threshold=1, bf_data_folder='/panfs/panasas01/phys/bf16951/QMD/ParallelDevelopment/Results/Oct_01/12_39/BayesFactorsTimeRecords/', branchID=None, host_name='node33-024', interbranch=True, log_file='/panfs/panasas01/phys/bf16951/QMD/ParallelDevelopment/Results/Oct_01/12_39/logs/NV-exp-method-sim__random-phase--probe__QMLA_3.qmd.8794600.log', model_a_id=13, model_b_id=14, num_times_to_use=750, port_number=6303, qid=3, times_record='/panfs/panasas01/phys/bf16951/QMD/ParallelDevelopment/Results/Oct_01/12_39/BayesFactorsTimeRecords/BayesFactorsPairsTimes_003.txt', trueModel='xTiPPyTiPPzTiPPzTz') (461c9caf-3bc7-43a9-aceb-220f685f89e5)
21:01:15 Cleaning registries for queue: 3
21:01:15 
21:01:15 *** Listening on 3...
22:05:13 3: Job OK (3e78e4a0-dffd-4d3e-939e-d88e1b450fda)
22:05:13 Result will never expire, clean up result key manually
22:05:13 Cleaning registries for queue: 3
22:05:13 
22:05:13 *** Listening on 3...
22:05:36 3: Job OK (461c9caf-3bc7-43a9-aceb-220f685f89e5)
22:05:36 Result will never expire, clean up result key manually
22:05:36 Cleaning registries for queue: 3
22:05:36 
22:05:36 *** Listening on 3...
22:07:03 3: Job OK (cc62c3b9-b89b-4a86-919c-ff59076de1cb)
22:07:03 Result will never expire, clean up result key manually
22:07:03 Cleaning registries for queue: 3
22:07:03 
22:07:03 *** Listening on 3...
22:07:03 3: RemoteModelLearning.learnModelRemote('xTiPPxTxPPxTyPPyTiPPyTyPPyTzPPzTiPPzTz', 15.0, branchID=7, growth_generator='two_qubit_ising_rotation_hyperfine_transverse', host_name='node33-024', log_file='/panfs/panasas01/phys/bf16951/QMD/ParallelDevelopment/Results/Oct_01/12_39/logs/NV-exp-method-sim__random-phase--probe__QMLA_3.qmd.8794600.log', port_number=6303, qid=3, remote=True) (ea4e5c0d-5fbc-4b68-8d3a-bcf62b3334fd)
22:07:03 3: RemoteModelLearning.learnModelRemote('xTiPPxTxPPxTyPPxTzPPyTiPPyTyPPzTiPPzTz', 16.0, branchID=7, growth_generator='two_qubit_ising_rotation_hyperfine_transverse', host_name='node33-024', log_file='/panfs/panasas01/phys/bf16951/QMD/ParallelDevelopment/Results/Oct_01/12_39/logs/NV-exp-method-sim__random-phase--probe__QMLA_3.qmd.8794600.log', port_number=6303, qid=3, remote=True) (62f6f150-d172-49b8-ad87-eea2ad7e24f0)
22:32:15 3: Job OK (62f6f150-d172-49b8-ad87-eea2ad7e24f0)
22:32:15 Result will never expire, clean up result key manually
22:32:15 Cleaning registries for queue: 3
22:32:15 
22:32:15 *** Listening on 3...
22:34:32 3: Job OK (ea4e5c0d-5fbc-4b68-8d3a-bcf62b3334fd)
22:34:32 Result will never expire, clean up result key manually
22:34:32 Cleaning registries for queue: 3
22:34:32 
22:34:32 *** Listening on 3...
22:34:33 3: RemoteBayesFactor.BayesFactorRemote(bayes_threshold=100, bf_data_folder='/panfs/panasas01/phys/bf16951/QMD/ParallelDevelopment/Results/Oct_01/12_39/BayesFactorsTimeRecords/', branchID=7, host_name='node33-024', interbranch=False, log_file='/panfs/panasas01/phys/bf16951/QMD/ParallelDevelopment/Results/Oct_01/12_39/logs/NV-exp-method-sim__random-phase--probe__QMLA_3.qmd.8794600.log', model_a_id=15, model_b_id=16, num_times_to_use=750, port_number=6303, qid=3, times_record='/panfs/panasas01/phys/bf16951/QMD/ParallelDevelopment/Results/Oct_01/12_39/BayesFactorsTimeRecords/BayesFactorsPairsTimes_003.txt', trueModel='xTiPPyTiPPzTiPPzTz') (9d49b952-f487-4b89-a71c-ae8036a7c16f)
23:39:09 3: Job OK (9d49b952-f487-4b89-a71c-ae8036a7c16f)
23:39:09 Result will never expire, clean up result key manually
23:39:09 Cleaning registries for queue: 3
23:39:09 
23:39:09 *** Listening on 3...
23:39:09 3: RemoteModelLearning.learnModelRemote('xTiPPxTxPPxTyPPxTzPPyTiPPyTyPPyTzPPzTiPPzTz', 17.0, branchID=8, growth_generator='two_qubit_ising_rotation_hyperfine_transverse', host_name='node33-024', log_file='/panfs/panasas01/phys/bf16951/QMD/ParallelDevelopment/Results/Oct_01/12_39/logs/NV-exp-method-sim__random-phase--probe__QMLA_3.qmd.8794600.log', port_number=6303, qid=3, remote=True) (1afedb1f-b2c4-4654-9039-b7b6414074b3)
00:08:47 3: Job OK (1afedb1f-b2c4-4654-9039-b7b6414074b3)
00:08:47 Result will never expire, clean up result key manually
00:08:47 Cleaning registries for queue: 3
00:08:47 
00:08:47 *** Listening on 3...
00:08:47 3: RemoteBayesFactor.BayesFactorRemote(bayes_threshold=100, bf_data_folder='/panfs/panasas01/phys/bf16951/QMD/ParallelDevelopment/Results/Oct_01/12_39/BayesFactorsTimeRecords/', branchID=None, host_name='node33-024', interbranch=True, log_file='/panfs/panasas01/phys/bf16951/QMD/ParallelDevelopment/Results/Oct_01/12_39/logs/NV-exp-method-sim__random-phase--probe__QMLA_3.qmd.8794600.log', model_a_id=2, model_b_id=4, num_times_to_use=750, port_number=6303, qid=3, times_record='/panfs/panasas01/phys/bf16951/QMD/ParallelDevelopment/Results/Oct_01/12_39/BayesFactorsTimeRecords/BayesFactorsPairsTimes_003.txt', trueModel='xTiPPyTiPPzTiPPzTz') (7a1e29a1-a13c-4fdd-a086-5c6e779c5ce4)
00:08:47 3: RemoteBayesFactor.BayesFactorRemote(bayes_threshold=100, bf_data_folder='/panfs/panasas01/phys/bf16951/QMD/ParallelDevelopment/Results/Oct_01/12_39/BayesFactorsTimeRecords/', branchID=None, host_name='node33-024', interbranch=True, log_file='/panfs/panasas01/phys/bf16951/QMD/ParallelDevelopment/Results/Oct_01/12_39/logs/NV-exp-method-sim__random-phase--probe__QMLA_3.qmd.8794600.log', model_a_id=4, model_b_id=5, num_times_to_use=750, port_number=6303, qid=3, times_record='/panfs/panasas01/phys/bf16951/QMD/ParallelDevelopment/Results/Oct_01/12_39/BayesFactorsTimeRecords/BayesFactorsPairsTimes_003.txt', trueModel='xTiPPyTiPPzTiPPzTz') (e52e6533-207e-41b4-9ba0-d28ba2dd7584)
00:08:47 3: RemoteBayesFactor.BayesFactorRemote(bayes_threshold=100, bf_data_folder='/panfs/panasas01/phys/bf16951/QMD/ParallelDevelopment/Results/Oct_01/12_39/BayesFactorsTimeRecords/', branchID=None, host_name='node33-024', interbranch=True, log_file='/panfs/panasas01/phys/bf16951/QMD/ParallelDevelopment/Results/Oct_01/12_39/logs/NV-exp-method-sim__random-phase--probe__QMLA_3.qmd.8794600.log', model_a_id=5, model_b_id=7, num_times_to_use=750, port_number=6303, qid=3, times_record='/panfs/panasas01/phys/bf16951/QMD/ParallelDevelopment/Results/Oct_01/12_39/BayesFactorsTimeRecords/BayesFactorsPairsTimes_003.txt', trueModel='xTiPPyTiPPzTiPPzTz') (a1a5f873-9904-4f4b-aa7e-177d68e99d10)
00:08:47 3: RemoteBayesFactor.BayesFactorRemote(bayes_threshold=100, bf_data_folder='/panfs/panasas01/phys/bf16951/QMD/ParallelDevelopment/Results/Oct_01/12_39/BayesFactorsTimeRecords/', branchID=None, host_name='node33-024', interbranch=True, log_file='/panfs/panasas01/phys/bf16951/QMD/ParallelDevelopment/Results/Oct_01/12_39/logs/NV-exp-method-sim__random-phase--probe__QMLA_3.qmd.8794600.log', model_a_id=7, model_b_id=10, num_times_to_use=750, port_number=6303, qid=3, times_record='/panfs/panasas01/phys/bf16951/QMD/ParallelDevelopment/Results/Oct_01/12_39/BayesFactorsTimeRecords/BayesFactorsPairsTimes_003.txt', trueModel='xTiPPyTiPPzTiPPzTz') (0ce03b5c-c15e-42c3-8246-f1d8540a320c)
00:08:47 3: RemoteBayesFactor.BayesFactorRemote(bayes_threshold=100, bf_data_folder='/panfs/panasas01/phys/bf16951/QMD/ParallelDevelopment/Results/Oct_01/12_39/BayesFactorsTimeRecords/', branchID=None, host_name='node33-024', interbranch=True, log_file='/panfs/panasas01/phys/bf16951/QMD/ParallelDevelopment/Results/Oct_01/12_39/logs/NV-exp-method-sim__random-phase--probe__QMLA_3.qmd.8794600.log', model_a_id=10, model_b_id=11, num_times_to_use=750, port_number=6303, qid=3, times_record='/panfs/panasas01/phys/bf16951/QMD/ParallelDevelopment/Results/Oct_01/12_39/BayesFactorsTimeRecords/BayesFactorsPairsTimes_003.txt', trueModel='xTiPPyTiPPzTiPPzTz') (2814530c-cbf8-42e9-bd7f-a09839b87d52)
00:08:47 3: RemoteBayesFactor.BayesFactorRemote(bayes_threshold=100, bf_data_folder='/panfs/panasas01/phys/bf16951/QMD/ParallelDevelopment/Results/Oct_01/12_39/BayesFactorsTimeRecords/', branchID=None, host_name='node33-024', interbranch=True, log_file='/panfs/panasas01/phys/bf16951/QMD/ParallelDevelopment/Results/Oct_01/12_39/logs/NV-exp-method-sim__random-phase--probe__QMLA_3.qmd.8794600.log', model_a_id=11, model_b_id=13, num_times_to_use=750, port_number=6303, qid=3, times_record='/panfs/panasas01/phys/bf16951/QMD/ParallelDevelopment/Results/Oct_01/12_39/BayesFactorsTimeRecords/BayesFactorsPairsTimes_003.txt', trueModel='xTiPPyTiPPzTiPPzTz') (441d889a-f2de-418f-9b8e-ee5a275da8a7)
01:02:51 3: Job OK (2814530c-cbf8-42e9-bd7f-a09839b87d52)
01:02:51 Result will never expire, clean up result key manually
01:02:51 Cleaning registries for queue: 3
01:02:51 
01:02:51 *** Listening on 3...
01:02:51 3: RemoteBayesFactor.BayesFactorRemote(bayes_threshold=100, bf_data_folder='/panfs/panasas01/phys/bf16951/QMD/ParallelDevelopment/Results/Oct_01/12_39/BayesFactorsTimeRecords/', branchID=None, host_name='node33-024', interbranch=True, log_file='/panfs/panasas01/phys/bf16951/QMD/ParallelDevelopment/Results/Oct_01/12_39/logs/NV-exp-method-sim__random-phase--probe__QMLA_3.qmd.8794600.log', model_a_id=13, model_b_id=15, num_times_to_use=750, port_number=6303, qid=3, times_record='/panfs/panasas01/phys/bf16951/QMD/ParallelDevelopment/Results/Oct_01/12_39/BayesFactorsTimeRecords/BayesFactorsPairsTimes_003.txt', trueModel='xTiPPyTiPPzTiPPzTz') (545ec037-237d-49b0-99e3-663990f76b6e)
01:03:05 3: Job OK (441d889a-f2de-418f-9b8e-ee5a275da8a7)
01:03:05 Result will never expire, clean up result key manually
01:03:05 
01:03:05 *** Listening on 3...
01:03:05 3: RemoteBayesFactor.BayesFactorRemote(bayes_threshold=100, bf_data_folder='/panfs/panasas01/phys/bf16951/QMD/ParallelDevelopment/Results/Oct_01/12_39/BayesFactorsTimeRecords/', branchID=None, host_name='node33-024', interbranch=True, log_file='/panfs/panasas01/phys/bf16951/QMD/ParallelDevelopment/Results/Oct_01/12_39/logs/NV-exp-method-sim__random-phase--probe__QMLA_3.qmd.8794600.log', model_a_id=15, model_b_id=17, num_times_to_use=750, port_number=6303, qid=3, times_record='/panfs/panasas01/phys/bf16951/QMD/ParallelDevelopment/Results/Oct_01/12_39/BayesFactorsTimeRecords/BayesFactorsPairsTimes_003.txt', trueModel='xTiPPyTiPPzTiPPzTz') (fa49b39e-00bb-4144-bd3c-121218acac8b)
01:04:08 3: Job OK (a1a5f873-9904-4f4b-aa7e-177d68e99d10)
01:04:08 Result will never expire, clean up result key manually
01:04:08 Cleaning registries for queue: 3
01:04:08 
01:04:08 *** Listening on 3...
01:04:23 3: Job OK (0ce03b5c-c15e-42c3-8246-f1d8540a320c)
01:04:23 Result will never expire, clean up result key manually
01:04:23 Cleaning registries for queue: 3
01:04:23 
01:04:23 *** Listening on 3...
01:05:14 3: Job OK (e52e6533-207e-41b4-9ba0-d28ba2dd7584)
01:05:14 Result will never expire, clean up result key manually
01:05:14 Cleaning registries for queue: 3
01:05:14 
01:05:14 *** Listening on 3...
01:13:40 3: Job OK (7a1e29a1-a13c-4fdd-a086-5c6e779c5ce4)
01:13:40 Result will never expire, clean up result key manually
01:13:40 Cleaning registries for queue: 3
01:13:40 
01:13:40 *** Listening on 3...
01:51:54 3: Job OK (fa49b39e-00bb-4144-bd3c-121218acac8b)
01:51:54 Result will never expire, clean up result key manually
01:51:54 Cleaning registries for queue: 3
01:51:54 
01:51:54 *** Listening on 3...
02:04:14 3: Job OK (545ec037-237d-49b0-99e3-663990f76b6e)
02:04:14 Result will never expire, clean up result key manually
02:04:14 Cleaning registries for queue: 3
02:04:14 
02:04:14 *** Listening on 3...
02:04:14 3: RemoteBayesFactor.BayesFactorRemote(bayes_threshold=100, bf_data_folder='/panfs/panasas01/phys/bf16951/QMD/ParallelDevelopment/Results/Oct_01/12_39/BayesFactorsTimeRecords/', branchID=9, host_name='node33-024', interbranch=False, log_file='/panfs/panasas01/phys/bf16951/QMD/ParallelDevelopment/Results/Oct_01/12_39/logs/NV-exp-method-sim__random-phase--probe__QMLA_3.qmd.8794600.log', model_a_id=13.0, model_b_id=7.0, num_times_to_use=750, port_number=6303, qid=3, times_record='/panfs/panasas01/phys/bf16951/QMD/ParallelDevelopment/Results/Oct_01/12_39/BayesFactorsTimeRecords/BayesFactorsPairsTimes_003.txt', trueModel='xTiPPyTiPPzTiPPzTz') (1c599ea9-05d2-4526-8dc8-0f8b78e7a5d2)
02:04:14 3: RemoteBayesFactor.BayesFactorRemote(bayes_threshold=100, bf_data_folder='/panfs/panasas01/phys/bf16951/QMD/ParallelDevelopment/Results/Oct_01/12_39/BayesFactorsTimeRecords/', branchID=9, host_name='node33-024', interbranch=False, log_file='/panfs/panasas01/phys/bf16951/QMD/ParallelDevelopment/Results/Oct_01/12_39/logs/NV-exp-method-sim__random-phase--probe__QMLA_3.qmd.8794600.log', model_a_id=13.0, model_b_id=4.0, num_times_to_use=750, port_number=6303, qid=3, times_record='/panfs/panasas01/phys/bf16951/QMD/ParallelDevelopment/Results/Oct_01/12_39/BayesFactorsTimeRecords/BayesFactorsPairsTimes_003.txt', trueModel='xTiPPyTiPPzTiPPzTz') (257bf6e4-0dca-4451-8cb9-7b0637f3449c)
02:04:14 3: RemoteBayesFactor.BayesFactorRemote(bayes_threshold=100, bf_data_folder='/panfs/panasas01/phys/bf16951/QMD/ParallelDevelopment/Results/Oct_01/12_39/BayesFactorsTimeRecords/', branchID=9, host_name='node33-024', interbranch=False, log_file='/panfs/panasas01/phys/bf16951/QMD/ParallelDevelopment/Results/Oct_01/12_39/logs/NV-exp-method-sim__random-phase--probe__QMLA_3.qmd.8794600.log', model_a_id=15.0, model_b_id=7.0, num_times_to_use=750, port_number=6303, qid=3, times_record='/panfs/panasas01/phys/bf16951/QMD/ParallelDevelopment/Results/Oct_01/12_39/BayesFactorsTimeRecords/BayesFactorsPairsTimes_003.txt', trueModel='xTiPPyTiPPzTiPPzTz') (2e3202ff-dd82-4e5f-a99e-934fc09e4236)
02:04:14 3: RemoteBayesFactor.BayesFactorRemote(bayes_threshold=100, bf_data_folder='/panfs/panasas01/phys/bf16951/QMD/ParallelDevelopment/Results/Oct_01/12_39/BayesFactorsTimeRecords/', branchID=9, host_name='node33-024', interbranch=False, log_file='/panfs/panasas01/phys/bf16951/QMD/ParallelDevelopment/Results/Oct_01/12_39/logs/NV-exp-method-sim__random-phase--probe__QMLA_3.qmd.8794600.log', model_a_id=15.0, model_b_id=4.0, num_times_to_use=750, port_number=6303, qid=3, times_record='/panfs/panasas01/phys/bf16951/QMD/ParallelDevelopment/Results/Oct_01/12_39/BayesFactorsTimeRecords/BayesFactorsPairsTimes_003.txt', trueModel='xTiPPyTiPPzTiPPzTz') (fa0da016-8cde-4d7b-9166-141b134685f5)
02:04:14 3: RemoteBayesFactor.BayesFactorRemote(bayes_threshold=100, bf_data_folder='/panfs/panasas01/phys/bf16951/QMD/ParallelDevelopment/Results/Oct_01/12_39/BayesFactorsTimeRecords/', branchID=9, host_name='node33-024', interbranch=False, log_file='/panfs/panasas01/phys/bf16951/QMD/ParallelDevelopment/Results/Oct_01/12_39/logs/NV-exp-method-sim__random-phase--probe__QMLA_3.qmd.8794600.log', model_a_id=7.0, model_b_id=4.0, num_times_to_use=750, port_number=6303, qid=3, times_record='/panfs/panasas01/phys/bf16951/QMD/ParallelDevelopment/Results/Oct_01/12_39/BayesFactorsTimeRecords/BayesFactorsPairsTimes_003.txt', trueModel='xTiPPyTiPPzTiPPzTz') (1be28056-5f27-4c31-92c7-b8580fbdd9e7)
02:56:54 3: Job OK (1c599ea9-05d2-4526-8dc8-0f8b78e7a5d2)
02:56:54 Result will never expire, clean up result key manually
02:56:54 Cleaning registries for queue: 3
02:56:54 
02:56:54 *** Listening on 3...
02:56:58 3: Job OK (fa0da016-8cde-4d7b-9166-141b134685f5)
02:56:58 Result will never expire, clean up result key manually
02:56:58 Cleaning registries for queue: 3
02:56:58 
02:56:58 *** Listening on 3...
02:57:09 3: Job OK (257bf6e4-0dca-4451-8cb9-7b0637f3449c)
02:57:09 Result will never expire, clean up result key manually
02:57:09 Cleaning registries for queue: 3
02:57:09 
02:57:09 *** Listening on 3...
02:57:31 3: Job OK (2e3202ff-dd82-4e5f-a99e-934fc09e4236)
02:57:31 Result will never expire, clean up result key manually
02:57:31 Cleaning registries for queue: 3
02:57:31 
02:57:31 *** Listening on 3...
03:04:49 3: Job OK (1be28056-5f27-4c31-92c7-b8580fbdd9e7)
03:04:49 Result will never expire, clean up result key manually
03:04:49 Cleaning registries for queue: 3
03:04:49 
03:04:49 *** Listening on 3...
Error 111 connecting to node33-024:6303. Connection refused.
Error 111 connecting to node33-024:6303. Connection refused.
Error 111 connecting to node33-024:6303. Connection refused.
Error 111 connecting to node33-024:6303. Connection refused.
Error 111 connecting to node33-024:6303. Connection refused.
Error 111 connecting to node33-024:6303. Connection refused.
